Building DAG of jobs...
Using shell: /bin/bash
Provided cores: 1 (use --cores to define parallelism)
Rules claiming more threads will be scaled down.
Job counts:
	count	jobs
	1	all
	1	test
	2
Select jobs to execute...

[Sun May  2 13:52:30 2021]
rule test:
    input: /datater/wu/data/MSSPE-basic/enterovirus/kmer13/evaluation/allOligo_after2.tsv, /datater/wu/data/MSSPE-basic/enterovirus/kmer13/intermediate/aceID-taxID-species.tsv
    output: /datater/wu/data/MSSPE-basic/enterovirus/kmer13/evaluation/allKmerCount.sorted.calculated.filtered.allOligo.set.coverage
    jobid: 1
    wildcards: sample=enterovirus

[Sun May  2 13:52:32 2021]
Finished job 1.
1 of 2 steps (50%) done
Select jobs to execute...

[Sun May  2 13:52:32 2021]
localrule all:
    input: /datater/wu/data/MSSPE-basic/enterovirus/kmer13/evaluation/allKmerCount.sorted.calculated.filtered.allOligo.set.coverage
    jobid: 0

[Sun May  2 13:52:32 2021]
Finished job 0.
2 of 2 steps (100%) done
Complete log: /datater/wu/MSSPE/scripts/.snakemake/log/2021-05-02T135230.116600.snakemake.log
