Building DAG of jobs...
Using shell: /bin/bash
Provided cores: 12
Rules claiming more threads will be scaled down.
Job counts:
	count	jobs
	1	all
	1	test2
	2
Select jobs to execute...

[Sat May  1 23:00:20 2021]
rule test2:
    input: /datater/wu/data/MSSPE-basic/enterovirus/kmer15/allKmerCount.sorted.calculated.filtered.allOligo.set, /datater/wu/data/MSSPE-basic/enterovirus/kmer15/intermediate/aceID-taxID-species.tsv
    output: /datater/wu/data/MSSPE-basic/enterovirus/kmer15/evaluation/allKmerCount.sorted.calculated.filtered.allOligo.set.coverage
    jobid: 1

[Sat May  1 23:00:23 2021]
Finished job 1.
1 of 2 steps (50%) done
Select jobs to execute...

[Sat May  1 23:00:23 2021]
localrule all:
    input: /datater/wu/data/MSSPE-basic/enterovirus/kmer15/evaluation/allKmerCount.sorted.calculated.filtered.allOligo.set.coverage
    jobid: 0

[Sat May  1 23:00:23 2021]
Finished job 0.
2 of 2 steps (100%) done
Complete log: /datater/wu/MSSPE/scripts/.snakemake/log/2021-05-01T230020.177730.snakemake.log
