Building DAG of jobs...
Using shell: /bin/bash
Provided cores: 12
Rules claiming more threads will be scaled down.
Job counts:
	count	jobs
	1	all
	1	test1
	1	test2
	3
Select jobs to execute...

[Sat May  1 22:59:04 2021]
rule test1:
    input: /datater/wu/data/MSSPE-basic/enterovirus/kmer15/allKmerCount.sorted.calculated.filtered.txt
    output: /datater/wu/data/MSSPE-basic/enterovirus/kmer15/allKmerCount.sorted.calculated.filtered.allOligo.set
    jobid: 2

[Sat May  1 22:59:07 2021]
Finished job 2.
1 of 3 steps (33%) done
Select jobs to execute...

[Sat May  1 22:59:07 2021]
rule test2:
    input: /datater/wu/data/MSSPE-basic/enterovirus/kmer15/allKmerCount.sorted.calculated.filtered.allOligo.set, /datater/wu/data/MSSPE-basic/enterovirus/kmer15/intermediate/aceID-taxID-species.tsv
    output: /datater/wu/data/MSSPE-basic/enterovirus/kmer15/evaluation/allKmerCount.sorted.calculated.filtered.allOligo.set.coverage
    jobid: 1

Shutting down, this might take some time.
Exiting because a job execution failed. Look above for error message
Complete log: /datater/wu/MSSPE/scripts/.snakemake/log/2021-05-01T225903.772968.snakemake.log
