Building DAG of jobs...
File path //datater/wu/data/MSSPE-basic/enterovirus/kmer13/evaluation/allKmerCount.sorted.calculated.filtered.allOligo.set.coverage contains double '/'. This is likely unintended. It can also lead to inconsistent results of the file-matching approach used by Snakemake.
File path //datater/wu/data/MSSPE-basic/enterovirus/kmer13/evaluation/allKmerCount.sorted.calculated.filtered.allOligo.set.coverage contains double '/'. This is likely unintended. It can also lead to inconsistent results of the file-matching approach used by Snakemake.
Using shell: /bin/bash
Provided cores: 12
Rules claiming more threads will be scaled down.
Job counts:
	count	jobs
	1	all
	1	test1
	1	test2
	3
Select jobs to execute...

[Sat May  1 22:52:44 2021]
rule test1:
    input: /datater/wu/data/MSSPE-basic/enterovirus/kmer13/allKmerCount.sorted.calculated.filtered.txt
    output: /datater/wu/data/MSSPE-basic/enterovirus/kmer13/allKmerCount.sorted.calculated.filtered.allOligo.set
    jobid: 2
    wildcards: sample=enterovirus

[Sat May  1 22:52:47 2021]
Finished job 2.
1 of 3 steps (33%) done
Select jobs to execute...

[Sat May  1 22:52:47 2021]
rule test2:
    input: /datater/wu/data/MSSPE-basic/enterovirus/kmer13/allKmerCount.sorted.calculated.filtered.allOligo.set, /datater/wu/data/MSSPE-basic/enterovirus/kmer13/intermediate/aceID-taxID-species.tsv
    output: //datater/wu/data/MSSPE-basic/enterovirus/kmer13/evaluation/allKmerCount.sorted.calculated.filtered.allOligo.set.coverage
    jobid: 1
    wildcards: sample=enterovirus

[Sat May  1 22:52:49 2021]
Finished job 1.
2 of 3 steps (67%) done
Select jobs to execute...

[Sat May  1 22:52:49 2021]
localrule all:
    input: //datater/wu/data/MSSPE-basic/enterovirus/kmer13/evaluation/allKmerCount.sorted.calculated.filtered.allOligo.set.coverage
    jobid: 0

[Sat May  1 22:52:49 2021]
Finished job 0.
3 of 3 steps (100%) done
Complete log: /datater/wu/MSSPE/scripts/.snakemake/log/2021-05-01T225244.375668.snakemake.log
