Building DAG of jobs...
Using shell: /bin/bash
Provided cores: 24
Rules claiming more threads will be scaled down.
Conda environments: ignored
Job counts:
	count	jobs
	1	all
	2	checkHeterodimer
	2	evaluation2
	2	evaluation3
	1	getKmerPosition1
	2	getKmerPosition3
	2	getKmerPosition4
	1	specific3
	1	specific4
	14
Select jobs to execute...

[Wed Apr 28 15:34:12 2021]
rule getKmerPosition3:
    input: /datater/wu/data/MSSPE-variant/coronavirus/kmer15/intermediate/allKmerCount.sorted.calculated.filtered.spec.fasta, /datater/wu/data/MSSPE-variant/coronavirus/coronavirus0.99.msa.DB.1.ebwt, /datater/wu/data/MSSPE-variant/coronavirus/coronavirus0.99.msa.DB.2.ebwt, /datater/wu/data/MSSPE-variant/coronavirus/coronavirus0.99.msa.DB.3.ebwt, /datater/wu/data/MSSPE-variant/coronavirus/coronavirus0.99.msa.DB.4.ebwt, /datater/wu/data/MSSPE-variant/coronavirus/coronavirus0.99.msa.DB.rev.1.ebwt, /datater/wu/data/MSSPE-variant/coronavirus/coronavirus0.99.msa.DB.rev.2.ebwt
    output: /datater/wu/data/MSSPE-variant/coronavirus/kmer15/intermediate/allKmerCount.sorted.calculated.filtered.spec.bowtie
    jobid: 29
    wildcards: sample=coronavirus


[Wed Apr 28 15:34:12 2021]
rule specific3:
    input: /datater/wu/data/MSSPE-variant/enterovirus/kmer15/intermediate/allKmerCount.sorted.calculated.filtered.fasta, /datater/wu/data/RefSeqProkaryota/RefSeqProkaryota.DB.1.ebwt, /datater/wu/data/RefSeqProkaryota/RefSeqProkaryota.DB.2.ebwt, /datater/wu/data/RefSeqProkaryota/RefSeqProkaryota.DB.3.ebwt, /datater/wu/data/RefSeqProkaryota/RefSeqProkaryota.DB.4.ebwt, /datater/wu/data/RefSeqProkaryota/RefSeqProkaryota.DB.rev.1.ebwt, /datater/wu/data/RefSeqProkaryota/RefSeqProkaryota.DB.rev.2.ebwt
    output: /datater/wu/data/MSSPE-variant/enterovirus/kmer15/intermediate/allKmerCount.sorted.calculated.filtered.bowtie
    jobid: 16
    wildcards: sample=enterovirus

[Wed Apr 28 15:34:12 2021]
Finished job 16.
1 of 14 steps (7%) done
Select jobs to execute...

[Wed Apr 28 15:34:13 2021]
rule specific4:
    input: /datater/wu/data/MSSPE-variant/enterovirus/kmer15/intermediate/allKmerCount.sorted.calculated.filtered.bowtie, /datater/wu/data/MSSPE-variant/enterovirus/kmer15/allKmerCount.sorted.calculated.filtered.txt
    output: /datater/wu/data/MSSPE-variant/enterovirus/kmer15/allKmerCount.sorted.calculated.filtered.spec.txt
    jobid: 18
    wildcards: sample=enterovirus

[Wed Apr 28 15:34:16 2021]
Finished job 29.
2 of 14 steps (14%) done
Select jobs to execute...

[Wed Apr 28 15:34:16 2021]
rule getKmerPosition4:
    input: /datater/wu/data/MSSPE-variant/coronavirus/kmer15/intermediate/allKmerCount.sorted.calculated.filtered.spec.bowtie, /datater/wu/data/MSSPE-variant/coronavirus/kmer15/allKmerCount.sorted.calculated.filtered.spec.txt
    output: /datater/wu/data/MSSPE-variant/coronavirus/kmer15/intermediate/allKmerCount.sorted.calculated.filtered.spec.position
    jobid: 31
    wildcards: sample=coronavirus

[Wed Apr 28 15:34:24 2021]
Finished job 18.
3 of 14 steps (21%) done
Select jobs to execute...

[Wed Apr 28 15:34:24 2021]
rule getKmerPosition1:
    input: /datater/wu/data/MSSPE-variant/enterovirus/kmer15/allKmerCount.sorted.calculated.filtered.spec.txt
    output: /datater/wu/data/MSSPE-variant/enterovirus/kmer15/intermediate/allKmerCount.sorted.calculated.filtered.spec.fasta
    jobid: 24
    wildcards: sample=enterovirus

[Wed Apr 28 15:34:30 2021]
Finished job 24.
4 of 14 steps (29%) done
Select jobs to execute...

[Wed Apr 28 15:34:30 2021]
rule getKmerPosition3:
    input: /datater/wu/data/MSSPE-variant/enterovirus/kmer15/intermediate/allKmerCount.sorted.calculated.filtered.spec.fasta, /datater/wu/data/MSSPE-variant/enterovirus/enterovirus0.99.msa.DB.1.ebwt, /datater/wu/data/MSSPE-variant/enterovirus/enterovirus0.99.msa.DB.2.ebwt, /datater/wu/data/MSSPE-variant/enterovirus/enterovirus0.99.msa.DB.3.ebwt, /datater/wu/data/MSSPE-variant/enterovirus/enterovirus0.99.msa.DB.4.ebwt, /datater/wu/data/MSSPE-variant/enterovirus/enterovirus0.99.msa.DB.rev.1.ebwt, /datater/wu/data/MSSPE-variant/enterovirus/enterovirus0.99.msa.DB.rev.2.ebwt
    output: /datater/wu/data/MSSPE-variant/enterovirus/kmer15/intermediate/allKmerCount.sorted.calculated.filtered.spec.bowtie
    jobid: 28
    wildcards: sample=enterovirus

[Wed Apr 28 15:34:32 2021]
Finished job 28.
5 of 14 steps (36%) done
Select jobs to execute...

[Wed Apr 28 15:34:32 2021]
rule getKmerPosition4:
    input: /datater/wu/data/MSSPE-variant/enterovirus/kmer15/intermediate/allKmerCount.sorted.calculated.filtered.spec.bowtie, /datater/wu/data/MSSPE-variant/enterovirus/kmer15/allKmerCount.sorted.calculated.filtered.spec.txt
    output: /datater/wu/data/MSSPE-variant/enterovirus/kmer15/intermediate/allKmerCount.sorted.calculated.filtered.spec.position
    jobid: 30
    wildcards: sample=enterovirus

[Wed Apr 28 15:34:43 2021]
Finished job 31.
6 of 14 steps (43%) done
Select jobs to execute...

[Wed Apr 28 15:34:43 2021]
rule checkHeterodimer:
    input: /datater/wu/data/MSSPE-variant/coronavirus/coronavirus0.99.msa, /datater/wu/data/MSSPE-variant/coronavirus/kmer15/intermediate/allKmerCount.sorted.calculated.filtered.spec.position
    output: /datater/wu/data/MSSPE-variant/coronavirus/kmer15/allOligo.set
    jobid: 33
    wildcards: sample=coronavirus

[Wed Apr 28 15:34:51 2021]
Finished job 33.
7 of 14 steps (50%) done
Select jobs to execute...

[Wed Apr 28 15:34:51 2021]
rule evaluation3:
    input: /datater/wu/data/MSSPE-variant/coronavirus/kmer15/allOligo.set
    output: /datater/wu/data/MSSPE-variant/coronavirus/kmer15/evaluation/allOligo_after3.tsv
    jobid: 39
    wildcards: sample=coronavirus


[Wed Apr 28 15:34:51 2021]
rule evaluation2:
    input: /datater/wu/data/MSSPE-variant/coronavirus/kmer15/allOligo.set, /datater/wu/data/MSSPE-variant/coronavirus/kmer15/intermediate/aceID-taxID-species.tsv, /datater/wu/data/MSSPE-variant/coronavirus/kmer15/intermediate/allKmerCount.sorted.calculated.filtered.spec.bowtie
    output: /datater/wu/data/MSSPE-variant/coronavirus/kmer15/evaluation/allOligo.set.coverage
    jobid: 37
    wildcards: sample=coronavirus

[Wed Apr 28 15:34:51 2021]
Finished job 39.
8 of 14 steps (57%) done
[Wed Apr 28 15:34:55 2021]
Finished job 30.
9 of 14 steps (64%) done
Select jobs to execute...

[Wed Apr 28 15:34:55 2021]
rule checkHeterodimer:
    input: /datater/wu/data/MSSPE-variant/enterovirus/enterovirus0.99.msa, /datater/wu/data/MSSPE-variant/enterovirus/kmer15/intermediate/allKmerCount.sorted.calculated.filtered.spec.position
    output: /datater/wu/data/MSSPE-variant/enterovirus/kmer15/allOligo.set
    jobid: 32
    wildcards: sample=enterovirus

[Wed Apr 28 15:34:58 2021]
Finished job 32.
10 of 14 steps (71%) done
Select jobs to execute...

[Wed Apr 28 15:34:58 2021]
rule evaluation3:
    input: /datater/wu/data/MSSPE-variant/enterovirus/kmer15/allOligo.set
    output: /datater/wu/data/MSSPE-variant/enterovirus/kmer15/evaluation/allOligo_after3.tsv
    jobid: 38
    wildcards: sample=enterovirus


[Wed Apr 28 15:34:58 2021]
rule evaluation2:
    input: /datater/wu/data/MSSPE-variant/enterovirus/kmer15/allOligo.set, /datater/wu/data/MSSPE-variant/enterovirus/kmer15/intermediate/aceID-taxID-species.tsv, /datater/wu/data/MSSPE-variant/enterovirus/kmer15/intermediate/allKmerCount.sorted.calculated.filtered.spec.bowtie
    output: /datater/wu/data/MSSPE-variant/enterovirus/kmer15/evaluation/allOligo.set.coverage
    jobid: 36
    wildcards: sample=enterovirus

[Wed Apr 28 15:34:58 2021]
Finished job 38.
11 of 14 steps (79%) done
[Wed Apr 28 15:35:09 2021]
Finished job 36.
12 of 14 steps (86%) done
[Wed Apr 28 15:35:11 2021]
Finished job 37.
13 of 14 steps (93%) done
Select jobs to execute...

[Wed Apr 28 15:35:11 2021]
localrule all:
    input: /datater/wu/data/MSSPE-variant/enterovirus/enterovirus.uniq, /datater/wu/data/MSSPE-variant/coronavirus/coronavirus.uniq, /datater/wu/data/MSSPE-variant/enterovirus/kmer15/intermediate/allKmerCount.jf, /datater/wu/data/MSSPE-variant/coronavirus/kmer15/intermediate/allKmerCount.jf, /datater/wu/data/MSSPE-variant/enterovirus/kmer15/intermediate/allKmerCount.txt, /datater/wu/data/MSSPE-variant/coronavirus/kmer15/intermediate/allKmerCount.txt, /datater/wu/data/MSSPE-variant/enterovirus/kmer15/intermediate/allKmerCount.sorted.txt, /datater/wu/data/MSSPE-variant/coronavirus/kmer15/intermediate/allKmerCount.sorted.txt, /datater/wu/data/MSSPE-variant/enterovirus/kmer15/allKmerCount.sorted.calculated.txt, /datater/wu/data/MSSPE-variant/coronavirus/kmer15/allKmerCount.sorted.calculated.txt, /datater/wu/data/MSSPE-variant/enterovirus/kmer15/allKmerCount.sorted.calculated.filtered.txt, /datater/wu/data/MSSPE-variant/coronavirus/kmer15/allKmerCount.sorted.calculated.filtered.txt, /datater/wu/data/MSSPE-variant/enterovirus/kmer15/intermediate/allKmerCount.sorted.calculated.filtered.fasta, /datater/wu/data/MSSPE-variant/coronavirus/kmer15/intermediate/allKmerCount.sorted.calculated.filtered.fasta, /datater/wu/data/RefSeqProkaryota/RefSeqProkaryota.DB.1.ebwt, /datater/wu/data/RefSeqProkaryota/RefSeqProkaryota.DB.2.ebwt, /datater/wu/data/RefSeqProkaryota/RefSeqProkaryota.DB.3.ebwt, /datater/wu/data/RefSeqProkaryota/RefSeqProkaryota.DB.4.ebwt, /datater/wu/data/RefSeqProkaryota/RefSeqProkaryota.DB.rev.1.ebwt, /datater/wu/data/RefSeqProkaryota/RefSeqProkaryota.DB.rev.2.ebwt, /datater/wu/data/MSSPE-variant/enterovirus/kmer15/intermediate/allKmerCount.sorted.calculated.filtered.bowtie, /datater/wu/data/MSSPE-variant/coronavirus/kmer15/intermediate/allKmerCount.sorted.calculated.filtered.bowtie, /datater/wu/data/MSSPE-variant/enterovirus/kmer15/allKmerCount.sorted.calculated.filtered.spec.txt, /datater/wu/data/MSSPE-variant/coronavirus/kmer15/allKmerCount.sorted.calculated.filtered.spec.txt, /datater/wu/data/MSSPE-variant/enterovirus/enterovirus0.99.uniq, /datater/wu/data/MSSPE-variant/coronavirus/coronavirus0.99.uniq, /datater/wu/data/MSSPE-variant/enterovirus/enterovirus0.99.msa, /datater/wu/data/MSSPE-variant/coronavirus/coronavirus0.99.msa, /datater/wu/data/MSSPE-variant/enterovirus/kmer15/intermediate/allKmerCount.sorted.calculated.filtered.spec.fasta, /datater/wu/data/MSSPE-variant/coronavirus/kmer15/intermediate/allKmerCount.sorted.calculated.filtered.spec.fasta, /datater/wu/data/MSSPE-variant/enterovirus/enterovirus0.99.msa.DB.1.ebwt, /datater/wu/data/MSSPE-variant/enterovirus/enterovirus0.99.msa.DB.2.ebwt, /datater/wu/data/MSSPE-variant/enterovirus/enterovirus0.99.msa.DB.3.ebwt, /datater/wu/data/MSSPE-variant/enterovirus/enterovirus0.99.msa.DB.4.ebwt, /datater/wu/data/MSSPE-variant/enterovirus/enterovirus0.99.msa.DB.rev.1.ebwt, /datater/wu/data/MSSPE-variant/enterovirus/enterovirus0.99.msa.DB.rev.2.ebwt, /datater/wu/data/MSSPE-variant/coronavirus/coronavirus0.99.msa.DB.1.ebwt, /datater/wu/data/MSSPE-variant/coronavirus/coronavirus0.99.msa.DB.2.ebwt, /datater/wu/data/MSSPE-variant/coronavirus/coronavirus0.99.msa.DB.3.ebwt, /datater/wu/data/MSSPE-variant/coronavirus/coronavirus0.99.msa.DB.4.ebwt, /datater/wu/data/MSSPE-variant/coronavirus/coronavirus0.99.msa.DB.rev.1.ebwt, /datater/wu/data/MSSPE-variant/coronavirus/coronavirus0.99.msa.DB.rev.2.ebwt, /datater/wu/data/MSSPE-variant/enterovirus/kmer15/intermediate/allKmerCount.sorted.calculated.filtered.spec.bowtie, /datater/wu/data/MSSPE-variant/coronavirus/kmer15/intermediate/allKmerCount.sorted.calculated.filtered.spec.bowtie, /datater/wu/data/MSSPE-variant/enterovirus/kmer15/intermediate/allKmerCount.sorted.calculated.filtered.spec.position, /datater/wu/data/MSSPE-variant/coronavirus/kmer15/intermediate/allKmerCount.sorted.calculated.filtered.spec.position, /datater/wu/data/MSSPE-variant/enterovirus/kmer15/allOligo.set, /datater/wu/data/MSSPE-variant/coronavirus/kmer15/allOligo.set, /datater/wu/data/MSSPE-variant/enterovirus/kmer15/intermediate/aceID-taxID-species.tsv, /datater/wu/data/MSSPE-variant/coronavirus/kmer15/intermediate/aceID-taxID-species.tsv, /datater/wu/data/MSSPE-variant/enterovirus/kmer15/evaluation/allOligo.set.coverage, /datater/wu/data/MSSPE-variant/coronavirus/kmer15/evaluation/allOligo.set.coverage, /datater/wu/data/MSSPE-variant/enterovirus/kmer15/evaluation/allOligo_after3.tsv, /datater/wu/data/MSSPE-variant/coronavirus/kmer15/evaluation/allOligo_after3.tsv
    jobid: 0

[Wed Apr 28 15:35:11 2021]
Finished job 0.
14 of 14 steps (100%) done
Complete log: /datater/wu/MSSPE/.snakemake/log/2021-04-28T153411.549867.snakemake.log
