Building DAG of jobs...
Using shell: /bin/bash
Provided cores: 12
Rules claiming more threads will be scaled down.
Conda environments: ignored
Job counts:
	count	jobs
	1	MSA
	1	all
	1	checkHeterodimer
	1	clustering
	1	countAllKmer1
	1	countAllKmer2
	1	evaluation1
	1	evaluation2
	1	evaluation3
	1	filtering1
	1	filtering2
	1	getKmerPosition1
	1	getKmerPosition2
	1	getKmerPosition3
	1	getKmerPosition4
	1	removeDuplicateSeq
	1	sortAllKmer
	1	specific1
	1	specific3
	1	specific4
	20
Select jobs to execute...

[Sat May  1 23:11:21 2021]
rule removeDuplicateSeq:
    input: /datater/wu/data/enterovirusCurated.fasta
    output: /datater/wu/data/MSSPE-variant/enterovirusCurated/enterovirusCurated.uniq
    jobid: 1
    wildcards: sample=enterovirusCurated

[Sat May  1 23:11:21 2021]
Finished job 1.
1 of 20 steps (5%) done
Select jobs to execute...

[Sat May  1 23:11:21 2021]
rule clustering:
    input: /datater/wu/data/MSSPE-variant/enterovirusCurated/enterovirusCurated.uniq
    output: /datater/wu/data/MSSPE-variant/enterovirusCurated/enterovirusCurated0.99.uniq
    jobid: 11
    wildcards: sample=enterovirusCurated


[Sat May  1 23:11:21 2021]
rule countAllKmer1:
    input: /datater/wu/data/MSSPE-variant/enterovirusCurated/enterovirusCurated.uniq
    output: /datater/wu/data/MSSPE-variant/enterovirusCurated/kmer13/intermediate/allKmerCount.int.kmc_pre, /datater/wu/data/MSSPE-variant/enterovirusCurated/kmer13/intermediate/allKmerCount.int.kmc_suf
    jobid: 2
    wildcards: sample=enterovirusCurated


[Sat May  1 23:11:21 2021]
rule evaluation1:
    input: /datater/wu/data/MSSPE-variant/enterovirusCurated/enterovirusCurated.uniq, /datater/wu/data/ncbiTaxonomy/nucl_gb.accession2taxid, /datater/wu/data/ncbiTaxonomy/ncbi_lineages_2021-04-23.csv
    output: /datater/wu/data/MSSPE-variant/enterovirusCurated/kmer13/intermediate/aceID-taxID-species.tsv
    jobid: 18
    wildcards: sample=enterovirusCurated

[Sat May  1 23:11:24 2021]
Finished job 11.
2 of 20 steps (10%) done
Select jobs to execute...

[Sat May  1 23:11:24 2021]
rule MSA:
    input: /datater/wu/data/MSSPE-variant/enterovirusCurated/enterovirusCurated0.99.uniq
    output: /datater/wu/data/MSSPE-variant/enterovirusCurated/enterovirusCurated0.99.msa
    log: /datater/wu/data/MSSPE-variant/enterovirusCurated/log/mafft.log
    jobid: 12
    wildcards: sample=enterovirusCurated

[Sat May  1 23:11:48 2021]
Finished job 2.
3 of 20 steps (15%) done
Select jobs to execute...

[Sat May  1 23:11:48 2021]
rule countAllKmer2:
    input: /datater/wu/data/MSSPE-variant/enterovirusCurated/kmer13/intermediate/allKmerCount.int.kmc_pre, /datater/wu/data/MSSPE-variant/enterovirusCurated/kmer13/intermediate/allKmerCount.int.kmc_suf
    output: /datater/wu/data/MSSPE-variant/enterovirusCurated/kmer13/intermediate/allKmerCount.txt
    jobid: 3
    wildcards: sample=enterovirusCurated

[Sat May  1 23:11:49 2021]
Finished job 3.
4 of 20 steps (20%) done
Select jobs to execute...

[Sat May  1 23:11:49 2021]
rule sortAllKmer:
    input: /datater/wu/data/MSSPE-variant/enterovirusCurated/kmer13/intermediate/allKmerCount.txt
    output: /datater/wu/data/MSSPE-variant/enterovirusCurated/kmer13/intermediate/allKmerCount.sorted.txt
    jobid: 4
    wildcards: sample=enterovirusCurated

[Sat May  1 23:11:50 2021]
Finished job 4.
5 of 20 steps (25%) done
Select jobs to execute...

[Sat May  1 23:11:50 2021]
rule filtering1:
    input: /datater/wu/data/MSSPE-variant/enterovirusCurated/kmer13/intermediate/allKmerCount.sorted.txt
    output: /datater/wu/data/MSSPE-variant/enterovirusCurated/kmer13/allKmerCount.sorted.calculated.txt
    jobid: 5
    wildcards: sample=enterovirusCurated

Terminating processes on user request, this might take some time.
[Sat May  1 23:12:18 2021]
Error in rule MSA:
    jobid: 12
    output: /datater/wu/data/MSSPE-variant/enterovirusCurated/enterovirusCurated0.99.msa
    log: /datater/wu/data/MSSPE-variant/enterovirusCurated/log/mafft.log (check log file(s) for error message)
    shell:
        mafft --auto         --thread 12         --op 1.53         --ep 0.123         --bl 62         --jtt 62         --tm 62                           --inputorder                                    /datater/wu/data/MSSPE-variant/enterovirusCurated/enterovirusCurated0.99.uniq > /datater/wu/data/MSSPE-variant/enterovirusCurated/enterovirusCurated0.99.msa         2> /datater/wu/data/MSSPE-variant/enterovirusCurated/log/mafft.log
        (one of the commands exited with non-zero exit code; note that snakemake uses bash strict mode!)

Removing output files of failed job MSA since they might be corrupted:
/datater/wu/data/MSSPE-variant/enterovirusCurated/enterovirusCurated0.99.msa
Removing output files of failed job filtering1 since they might be corrupted:
/datater/wu/data/MSSPE-variant/enterovirusCurated/kmer13/allKmerCount.sorted.calculated.txt
Removing output files of failed job evaluation1 since they might be corrupted:
/datater/wu/data/MSSPE-variant/enterovirusCurated/kmer13/intermediate/aceID-taxID-species.tsv
Complete log: /datater/wu/MSSPE/.snakemake/log/2021-05-01T231121.341726.snakemake.log
