Building DAG of jobs...
Updating job merge_all_kmers.
Updating job merge_all_kmers.
Updating job merge_all_kmers.
Updating job merge_all_kmers.
Updating job merge_all_kmers.
Updating job merge_all_kmers.
Updating job merge_all_kmers.
Updating job merge_all_kmers.
Updating job merge_all_kmers.
Updating job merge_all_kmers.
Updating job merge_all_kmers.
Updating job merge_all_kmers.
Updating job merge_all_kmers.
Updating job merge_all_kmers.
Updating job merge_all_kmers.
Updating job merge_all_kmers.
Updating job merge_all_kmers.
Updating job merge_all_kmers.
Updating job merge_all_kmers.
Updating job merge_all_kmers.
Updating job merge_all_kmers.
Updating job merge_all_kmers.
Updating job merge_all_kmers.
Updating job merge_all_kmers.
Updating job merge_all_kmers.
Updating job merge_all_kmers.
Updating job merge_all_kmers.
Updating job merge_all_kmers.
Updating job merge_all_kmers.
Updating job merge_all_kmers.
Updating job merge_all_kmers.
Updating job merge_all_kmers.
Updating job merge_all_kmers.
Updating job merge_all_kmers.
Updating job merge_all_kmers.
Updating job merge_all_kmers.
Updating job merge_all_kmers.
Updating job merge_all_kmers.
Updating job merge_all_kmers.
Updating job merge_all_kmers.
Updating job merge_all_kmers.
Updating job merge_all_kmers.
Updating job merge_all_kmers.
Using shell: /bin/bash
Provided cores: 12
Rules claiming more threads will be scaled down.
Conda environments: ignored
Job counts:
	count	jobs
	1	all
	1	hairpin_mfeprimer
	2
Select jobs to execute...

[Mon Mar  8 14:02:16 2021]
rule hairpin_mfeprimer:
    input: /datater/wu/data/zika/primer3_Tm/all_oligo.fasta
    output: /datater/wu/data/zika/mfeprimer/hairpin_out
    jobid: 270
    wildcards: sample=zika

[Mon Mar  8 14:02:16 2021]
Error in rule hairpin_mfeprimer:
    jobid: 270
    output: /datater/wu/data/zika/mfeprimer/hairpin_out
    shell:
        mkdir /datater/wu/data/zika/mfeprimerlib/mfeprimer-3.2.1-linux-amd64 hairpin -i /datater/wu/data/zika/primer3_Tm/all_oligo.fasta -o hairpin_outcp hairpin_ou /datater/wu/data/zika/mfeprimer
        (one of the commands exited with non-zero exit code; note that snakemake uses bash strict mode!)

Shutting down, this might take some time.
Exiting because a job execution failed. Look above for error message
Complete log: /datater/wu/stage_m2/.snakemake/log/2021-03-08T140214.437837.snakemake.log
