Building DAG of jobs...
Updating job aggregate.
Using shell: /bin/bash
Provided cores: 12
Rules claiming more threads will be scaled down.
Conda environments: ignored
Job counts:
	count	jobs
	1	aggregate
	1	all
	2
Select jobs to execute...

[Sat Mar 27 13:04:51 2021]
rule aggregate:
    input: /datater/wu/data/zika/dsk/reverse3263-3764.out, /datater/wu/data/zika/dsk/reverse10542-10780.out, /datater/wu/data/zika/dsk/reverse1506-2007.out, /datater/wu/data/zika/dsk/reverse10040-10541.out, /datater/wu/data/zika/dsk/reverse2259-2760.out, /datater/wu/data/zika/dsk/reverse3514-4015.out, /datater/wu/data/zika/dsk/reverse1255-1756.out, /datater/wu/data/zika/dsk/reverse3012-3513.out, /datater/wu/data/zika/dsk/reverse7028-7529.out, /datater/wu/data/zika/dsk/reverse8785-9286.out, /datater/wu/data/zika/dsk/reverse5271-5772.out, /datater/wu/data/zika/dsk/reverse4769-5270.out, /datater/wu/data/zika/dsk/reverse8032-8533.out, /datater/wu/data/zika/dsk/reverse9789-10290.out, /datater/wu/data/zika/dsk/reverse502-1003.out, /datater/wu/data/zika/dsk/reverse9538-10039.out, /datater/wu/data/zika/dsk/reverse8534-9035.out, /datater/wu/data/zika/dsk/reverse1757-2258.out, /datater/wu/data/zika/dsk/reverse9036-9537.out, /datater/wu/data/zika/dsk/reverse6526-7027.out, /datater/wu/data/zika/dsk/reverse5522-6023.out, /datater/wu/data/zika/dsk/reverse5773-6274.out, /datater/wu/data/zika/dsk/reverse1004-1505.out, /datater/wu/data/zika/dsk/reverse4267-4768.out, /datater/wu/data/zika/dsk/reverse0-501.out, /datater/wu/data/zika/dsk/reverse3765-4266.out, /datater/wu/data/zika/dsk/reverse10291-10792.out, /datater/wu/data/zika/dsk/reverse8283-8784.out, /datater/wu/data/zika/dsk/reverse9287-9788.out, /datater/wu/data/zika/dsk/reverse6777-7278.out, /datater/wu/data/zika/dsk/reverse5020-5521.out, /datater/wu/data/zika/dsk/reverse251-752.out, /datater/wu/data/zika/dsk/reverse6275-6776.out, /datater/wu/data/zika/dsk/reverse6024-6525.out, /datater/wu/data/zika/dsk/reverse2008-2509.out, /datater/wu/data/zika/dsk/reverse7781-8282.out, /datater/wu/data/zika/dsk/reverse7530-8031.out, /datater/wu/data/zika/dsk/reverse753-1254.out, /datater/wu/data/zika/dsk/reverse4518-5019.out, /datater/wu/data/zika/dsk/reverse2761-3262.out, /datater/wu/data/zika/dsk/reverse7279-7780.out, /datater/wu/data/zika/dsk/reverse4016-4517.out, /datater/wu/data/zika/dsk/reverse2510-3011.out
    output: /datater/wu/data/zika/dsk/test.txt
    jobid: 1
    wildcards: sample=zika

[Sat Mar 27 13:04:51 2021]
Finished job 1.
1 of 2 steps (50%) done
Select jobs to execute...

[Sat Mar 27 13:04:51 2021]
localrule all:
    input: /datater/wu/data/zika/dsk/test.txt
    jobid: 0

[Sat Mar 27 13:04:51 2021]
Finished job 0.
2 of 2 steps (100%) done
Complete log: /datater/wu/stage_m2/.snakemake/log/2021-03-27T130450.647008.snakemake.log
