Building DAG of jobs...
Updating job aggregate_allReverseOligo.
Using shell: /bin/bash
Provided cores: 12
Rules claiming more threads will be scaled down.
Conda environments: ignored
Job counts:
	count	jobs
	6	after_LCfiltering
	1	aggregate_allReverseOligo
	1	all
	1	reverse_filtering
	6	reverse_linguistic_complexity
	15
Select jobs to execute...

[Thu Mar 25 14:49:34 2021]
rule reverse_linguistic_complexity:
    input: /datater/wu/data/zika/filtering/reverse7530-8031.fasta
    output: /datater/wu/data/zika/filtering/reverse7530-8031.LC.fasta
    jobid: 260
    wildcards: sample=zika, seg=7530-8031


[Thu Mar 25 14:49:34 2021]
rule reverse_linguistic_complexity:
    input: /datater/wu/data/zika/filtering/reverse1255-1756.fasta
    output: /datater/wu/data/zika/filtering/reverse1255-1756.LC.fasta
    jobid: 50
    wildcards: sample=zika, seg=1255-1756


[Thu Mar 25 14:49:34 2021]
rule reverse_linguistic_complexity:
    input: /datater/wu/data/zika/filtering/reverse3012-3513.fasta
    output: /datater/wu/data/zika/filtering/reverse3012-3513.LC.fasta
    jobid: 57
    wildcards: sample=zika, seg=3012-3513


[Thu Mar 25 14:49:34 2021]
rule reverse_linguistic_complexity:
    input: /datater/wu/data/zika/filtering/reverse4769-5270.fasta
    output: /datater/wu/data/zika/filtering/reverse4769-5270.LC.fasta
    jobid: 85
    wildcards: sample=zika, seg=4769-5270


[Thu Mar 25 14:49:34 2021]
rule reverse_linguistic_complexity:
    input: /datater/wu/data/zika/filtering/reverse10040-10541.fasta
    output: /datater/wu/data/zika/filtering/reverse10040-10541.LC.fasta
    jobid: 29
    wildcards: sample=zika, seg=10040-10541


[Thu Mar 25 14:49:34 2021]
rule reverse_linguistic_complexity:
    input: /datater/wu/data/zika/filtering/reverse3765-4266.fasta
    output: /datater/wu/data/zika/filtering/reverse3765-4266.LC.fasta
    jobid: 183
    wildcards: sample=zika, seg=3765-4266

[Thu Mar 25 14:49:34 2021]
Finished job 85.
1 of 15 steps (7%) done
Select jobs to execute...
[Thu Mar 25 14:49:34 2021]
Finished job 183.
2 of 15 steps (13%) done
[Thu Mar 25 14:49:34 2021]
Finished job 50.
3 of 15 steps (20%) done

[Thu Mar 25 14:49:34 2021]
rule after_LCfiltering:
    input: /datater/wu/data/zika/filtering/reverse4769-5270.LC.fasta
    output: /datater/wu/data/zika/filtering/reverse4769-5270.LC.calculated2
    jobid: 84
    wildcards: sample=zika, seg=4769-5270

Select jobs to execute...
[Thu Mar 25 14:49:34 2021]
Finished job 29.
4 of 15 steps (27%) done
[Thu Mar 25 14:49:34 2021]
Finished job 260.
5 of 15 steps (33%) done

[Thu Mar 25 14:49:34 2021]
rule after_LCfiltering:
    input: /datater/wu/data/zika/filtering/reverse3765-4266.LC.fasta
    output: /datater/wu/data/zika/filtering/reverse3765-4266.LC.calculated2
    jobid: 182
    wildcards: sample=zika, seg=3765-4266

[Thu Mar 25 14:49:34 2021]
rule after_LCfiltering:
    input: /datater/wu/data/zika/filtering/reverse1255-1756.LC.fasta
    output: /datater/wu/data/zika/filtering/reverse1255-1756.LC.calculated2
    jobid: 49
    wildcards: sample=zika, seg=1255-1756

Select jobs to execute...
[Thu Mar 25 14:49:34 2021]
Finished job 57.
6 of 15 steps (40%) done

[Thu Mar 25 14:49:34 2021]
rule after_LCfiltering:
    input: /datater/wu/data/zika/filtering/reverse10040-10541.LC.fasta
    output: /datater/wu/data/zika/filtering/reverse10040-10541.LC.calculated2
    jobid: 28
    wildcards: sample=zika, seg=10040-10541

[Thu Mar 25 14:49:34 2021]
rule after_LCfiltering:
    input: /datater/wu/data/zika/filtering/reverse7530-8031.LC.fasta
    output: /datater/wu/data/zika/filtering/reverse7530-8031.LC.calculated2
    jobid: 259
    wildcards: sample=zika, seg=7530-8031

Select jobs to execute...

[Thu Mar 25 14:49:34 2021]
rule after_LCfiltering:
    input: /datater/wu/data/zika/filtering/reverse3012-3513.LC.fasta
    output: /datater/wu/data/zika/filtering/reverse3012-3513.LC.calculated2
    jobid: 56
    wildcards: sample=zika, seg=3012-3513

[Thu Mar 25 14:49:35 2021]
Finished job 84.
7 of 15 steps (47%) done
[Thu Mar 25 14:49:35 2021]
Finished job 49.
8 of 15 steps (53%) done
[Thu Mar 25 14:49:35 2021]
Finished job 259.
9 of 15 steps (60%) done
[Thu Mar 25 14:49:35 2021]
Finished job 182.
10 of 15 steps (67%) done
[Thu Mar 25 14:49:35 2021]
Finished job 28.
11 of 15 steps (73%) done
[Thu Mar 25 14:49:35 2021]
Finished job 56.
12 of 15 steps (80%) done
Select jobs to execute...

[Thu Mar 25 14:49:35 2021]
rule aggregate_allReverseOligo:
    input: /datater/wu/data/zika/filtering/reverse3263-3764.LC.calculated2, /datater/wu/data/zika/filtering/reverse10542-10780.LC.calculated2, /datater/wu/data/zika/filtering/reverse1506-2007.LC.calculated2, /datater/wu/data/zika/filtering/reverse10040-10541.LC.calculated2, /datater/wu/data/zika/filtering/reverse2259-2760.LC.calculated2, /datater/wu/data/zika/filtering/reverse3514-4015.LC.calculated2, /datater/wu/data/zika/filtering/reverse1255-1756.LC.calculated2, /datater/wu/data/zika/filtering/reverse3012-3513.LC.calculated2, /datater/wu/data/zika/filtering/reverse7028-7529.LC.calculated2, /datater/wu/data/zika/filtering/reverse8785-9286.LC.calculated2, /datater/wu/data/zika/filtering/reverse5271-5772.LC.calculated2, /datater/wu/data/zika/filtering/reverse4769-5270.LC.calculated2, /datater/wu/data/zika/filtering/reverse8032-8533.LC.calculated2, /datater/wu/data/zika/filtering/reverse9789-10290.LC.calculated2, /datater/wu/data/zika/filtering/reverse502-1003.LC.calculated2, /datater/wu/data/zika/filtering/reverse9538-10039.LC.calculated2, /datater/wu/data/zika/filtering/reverse8534-9035.LC.calculated2, /datater/wu/data/zika/filtering/reverse1757-2258.LC.calculated2, /datater/wu/data/zika/filtering/reverse9036-9537.LC.calculated2, /datater/wu/data/zika/filtering/reverse6526-7027.LC.calculated2, /datater/wu/data/zika/filtering/reverse5522-6023.LC.calculated2, /datater/wu/data/zika/filtering/reverse5773-6274.LC.calculated2, /datater/wu/data/zika/filtering/reverse1004-1505.LC.calculated2, /datater/wu/data/zika/filtering/reverse4267-4768.LC.calculated2, /datater/wu/data/zika/filtering/reverse0-501.LC.calculated2, /datater/wu/data/zika/filtering/reverse3765-4266.LC.calculated2, /datater/wu/data/zika/filtering/reverse10291-10792.LC.calculated2, /datater/wu/data/zika/filtering/reverse8283-8784.LC.calculated2, /datater/wu/data/zika/filtering/reverse9287-9788.LC.calculated2, /datater/wu/data/zika/filtering/reverse6777-7278.LC.calculated2, /datater/wu/data/zika/filtering/reverse5020-5521.LC.calculated2, /datater/wu/data/zika/filtering/reverse251-752.LC.calculated2, /datater/wu/data/zika/filtering/reverse6275-6776.LC.calculated2, /datater/wu/data/zika/filtering/reverse6024-6525.LC.calculated2, /datater/wu/data/zika/filtering/reverse2008-2509.LC.calculated2, /datater/wu/data/zika/filtering/reverse7781-8282.LC.calculated2, /datater/wu/data/zika/filtering/reverse7530-8031.LC.calculated2, /datater/wu/data/zika/filtering/reverse753-1254.LC.calculated2, /datater/wu/data/zika/filtering/reverse4518-5019.LC.calculated2, /datater/wu/data/zika/filtering/reverse2761-3262.LC.calculated2, /datater/wu/data/zika/filtering/reverse7279-7780.LC.calculated2, /datater/wu/data/zika/filtering/reverse4016-4517.LC.calculated2, /datater/wu/data/zika/filtering/reverse2510-3011.LC.calculated2
    output: /datater/wu/data/zika/filtering/allOligos_reverse.calculated2
    jobid: 2
    wildcards: sample=zika

[Thu Mar 25 14:49:36 2021]
Finished job 2.
13 of 15 steps (87%) done
Select jobs to execute...

[Thu Mar 25 14:49:36 2021]
rule reverse_filtering:
    input: /datater/wu/data/zika/filtering/allOligos_reverse.calculated2
    output: /datater/wu/data/zika/filtering/allOligos_reverse.filtered
    jobid: 1
    wildcards: sample=zika

[Thu Mar 25 14:49:37 2021]
Finished job 1.
14 of 15 steps (93%) done
Select jobs to execute...

[Thu Mar 25 14:49:37 2021]
localrule all:
    input: /datater/wu/data/zika/filtering/allOligos_reverse.filtered
    jobid: 0

[Thu Mar 25 14:49:37 2021]
Finished job 0.
15 of 15 steps (100%) done
Complete log: /datater/wu/stage_m2/.snakemake/log/2021-03-25T144933.311005.snakemake.log
