Building DAG of jobs...
Updating job aggregate_allReverseOligo.
Using shell: /bin/bash
Provided cores: 12
Rules claiming more threads will be scaled down.
Conda environments: ignored
Job counts:
	count	jobs
	1	all
	20	blastn_short
	21
Select jobs to execute...

[Thu Mar 25 16:53:41 2021]
rule blastn_short:
    input: /datater/wu/data/enterovirus/checkSpecifity/reverse8124_filtered.fasta
    output: /datater/wu/data/enterovirus/checkSpecifity/reverse8124_filtered.blatn.out
    jobid: 299
    wildcards: sample=enterovirus, seg=8124


[Thu Mar 25 16:53:41 2021]
rule blastn_short:
    input: /datater/wu/data/enterovirus/checkSpecifity/reverse4822_filtered.fasta
    output: /datater/wu/data/enterovirus/checkSpecifity/reverse4822_filtered.blatn.out
    jobid: 279
    wildcards: sample=enterovirus, seg=4822


[Thu Mar 25 16:53:41 2021]
rule blastn_short:
    input: /datater/wu/data/enterovirus/checkSpecifity/reverse4060_filtered.fasta
    output: /datater/wu/data/enterovirus/checkSpecifity/reverse4060_filtered.blatn.out
    jobid: 289
    wildcards: sample=enterovirus, seg=4060


[Thu Mar 25 16:53:41 2021]
rule blastn_short:
    input: /datater/wu/data/enterovirus/checkSpecifity/reverse6092_filtered.fasta
    output: /datater/wu/data/enterovirus/checkSpecifity/reverse6092_filtered.blatn.out
    jobid: 309
    wildcards: sample=enterovirus, seg=6092


[Thu Mar 25 16:53:41 2021]
rule blastn_short:
    input: /datater/wu/data/enterovirus/checkSpecifity/reverse5584_filtered.fasta
    output: /datater/wu/data/enterovirus/checkSpecifity/reverse5584_filtered.blatn.out
    jobid: 319
    wildcards: sample=enterovirus, seg=5584


[Thu Mar 25 16:53:41 2021]
rule blastn_short:
    input: /datater/wu/data/enterovirus/checkSpecifity/reverse7362_filtered.fasta
    output: /datater/wu/data/enterovirus/checkSpecifity/reverse7362_filtered.blatn.out
    jobid: 285
    wildcards: sample=enterovirus, seg=7362


[Thu Mar 25 16:53:41 2021]
rule blastn_short:
    input: /datater/wu/data/enterovirus/checkSpecifity/reverse8632_filtered.fasta
    output: /datater/wu/data/enterovirus/checkSpecifity/reverse8632_filtered.blatn.out
    jobid: 325
    wildcards: sample=enterovirus, seg=8632


[Thu Mar 25 16:53:41 2021]
rule blastn_short:
    input: /datater/wu/data/enterovirus/checkSpecifity/reverse504_filtered.fasta
    output: /datater/wu/data/enterovirus/checkSpecifity/reverse504_filtered.blatn.out
    jobid: 333
    wildcards: sample=enterovirus, seg=504


[Thu Mar 25 16:53:41 2021]
rule blastn_short:
    input: /datater/wu/data/enterovirus/checkSpecifity/reverse3806_filtered.fasta
    output: /datater/wu/data/enterovirus/checkSpecifity/reverse3806_filtered.blatn.out
    jobid: 273
    wildcards: sample=enterovirus, seg=3806


[Thu Mar 25 16:53:41 2021]
rule blastn_short:
    input: /datater/wu/data/enterovirus/checkSpecifity/reverse5838_filtered.fasta
    output: /datater/wu/data/enterovirus/checkSpecifity/reverse5838_filtered.blatn.out
    jobid: 297
    wildcards: sample=enterovirus, seg=5838


[Thu Mar 25 16:53:41 2021]
rule blastn_short:
    input: /datater/wu/data/enterovirus/checkSpecifity/reverse4314_filtered.fasta
    output: /datater/wu/data/enterovirus/checkSpecifity/reverse4314_filtered.blatn.out
    jobid: 287
    wildcards: sample=enterovirus, seg=4314


[Thu Mar 25 16:53:41 2021]
rule blastn_short:
    input: /datater/wu/data/enterovirus/checkSpecifity/reverse7870_filtered.fasta
    output: /datater/wu/data/enterovirus/checkSpecifity/reverse7870_filtered.blatn.out
    jobid: 317
    wildcards: sample=enterovirus, seg=7870

[Thu Mar 25 20:36:59 2021]
Finished job 325.
1 of 21 steps (5%) done
Select jobs to execute...

[Thu Mar 25 20:37:00 2021]
rule blastn_short:
    input: /datater/wu/data/enterovirus/checkSpecifity/reverse1520_filtered.fasta
    output: /datater/wu/data/enterovirus/checkSpecifity/reverse1520_filtered.blatn.out
    jobid: 327
    wildcards: sample=enterovirus, seg=1520

[Fri Mar 26 01:03:10 2021]
Finished job 297.
2 of 21 steps (10%) done
Select jobs to execute...

[Fri Mar 26 01:03:10 2021]
rule blastn_short:
    input: /datater/wu/data/enterovirus/checkSpecifity/reverse2790_filtered.fasta
    output: /datater/wu/data/enterovirus/checkSpecifity/reverse2790_filtered.blatn.out
    jobid: 331
    wildcards: sample=enterovirus, seg=2790

[Fri Mar 26 01:04:44 2021]
Error in rule blastn_short:
    jobid: 279
    output: /datater/wu/data/enterovirus/checkSpecifity/reverse4822_filtered.blatn.out
    shell:
        blastn -task blastn-short         -db refseq_genomes -remote         -query /datater/wu/data/enterovirus/checkSpecifity/reverse4822_filtered.fasta         -out /datater/wu/data/enterovirus/checkSpecifity/reverse4822_filtered.blatn.out         -outfmt '6 qacc sacc stitle pident length mismatch gapopen sstart send evalue'
        (one of the commands exited with non-zero exit code; note that snakemake uses bash strict mode!)

Removing output files of failed job blastn_short since they might be corrupted:
/datater/wu/data/enterovirus/checkSpecifity/reverse4822_filtered.blatn.out
[Fri Mar 26 01:04:44 2021]
Error in rule blastn_short:
    jobid: 273
    output: /datater/wu/data/enterovirus/checkSpecifity/reverse3806_filtered.blatn.out
    shell:
        blastn -task blastn-short         -db refseq_genomes -remote         -query /datater/wu/data/enterovirus/checkSpecifity/reverse3806_filtered.fasta         -out /datater/wu/data/enterovirus/checkSpecifity/reverse3806_filtered.blatn.out         -outfmt '6 qacc sacc stitle pident length mismatch gapopen sstart send evalue'
        (one of the commands exited with non-zero exit code; note that snakemake uses bash strict mode!)

Removing output files of failed job blastn_short since they might be corrupted:
/datater/wu/data/enterovirus/checkSpecifity/reverse3806_filtered.blatn.out
[Fri Mar 26 01:04:44 2021]
Error in rule blastn_short:
    jobid: 285
    output: /datater/wu/data/enterovirus/checkSpecifity/reverse7362_filtered.blatn.out
    shell:
        blastn -task blastn-short         -db refseq_genomes -remote         -query /datater/wu/data/enterovirus/checkSpecifity/reverse7362_filtered.fasta         -out /datater/wu/data/enterovirus/checkSpecifity/reverse7362_filtered.blatn.out         -outfmt '6 qacc sacc stitle pident length mismatch gapopen sstart send evalue'
        (one of the commands exited with non-zero exit code; note that snakemake uses bash strict mode!)

Removing output files of failed job blastn_short since they might be corrupted:
/datater/wu/data/enterovirus/checkSpecifity/reverse7362_filtered.blatn.out
[Fri Mar 26 01:04:46 2021]
Error in rule blastn_short:
    jobid: 331
    output: /datater/wu/data/enterovirus/checkSpecifity/reverse2790_filtered.blatn.out
    shell:
        blastn -task blastn-short         -db refseq_genomes -remote         -query /datater/wu/data/enterovirus/checkSpecifity/reverse2790_filtered.fasta         -out /datater/wu/data/enterovirus/checkSpecifity/reverse2790_filtered.blatn.out         -outfmt '6 qacc sacc stitle pident length mismatch gapopen sstart send evalue'
        (one of the commands exited with non-zero exit code; note that snakemake uses bash strict mode!)

Removing output files of failed job blastn_short since they might be corrupted:
/datater/wu/data/enterovirus/checkSpecifity/reverse2790_filtered.blatn.out
[Fri Mar 26 01:05:54 2021]
Error in rule blastn_short:
    jobid: 327
    output: /datater/wu/data/enterovirus/checkSpecifity/reverse1520_filtered.blatn.out
    shell:
        blastn -task blastn-short         -db refseq_genomes -remote         -query /datater/wu/data/enterovirus/checkSpecifity/reverse1520_filtered.fasta         -out /datater/wu/data/enterovirus/checkSpecifity/reverse1520_filtered.blatn.out         -outfmt '6 qacc sacc stitle pident length mismatch gapopen sstart send evalue'
        (one of the commands exited with non-zero exit code; note that snakemake uses bash strict mode!)

Removing output files of failed job blastn_short since they might be corrupted:
/datater/wu/data/enterovirus/checkSpecifity/reverse1520_filtered.blatn.out
[Fri Mar 26 01:08:11 2021]
Finished job 333.
3 of 21 steps (14%) done
[Fri Mar 26 02:28:25 2021]
Finished job 289.
4 of 21 steps (19%) done
[Fri Mar 26 03:15:13 2021]
Finished job 287.
5 of 21 steps (24%) done
[Fri Mar 26 07:00:48 2021]
Finished job 319.
6 of 21 steps (29%) done
[Fri Mar 26 07:27:24 2021]
Finished job 299.
7 of 21 steps (33%) done
[Fri Mar 26 08:32:37 2021]
Finished job 309.
8 of 21 steps (38%) done
[Fri Mar 26 12:23:22 2021]
Finished job 317.
9 of 21 steps (43%) done
Shutting down, this might take some time.
Exiting because a job execution failed. Look above for error message
Complete log: /datater/wu/stage_m2/.snakemake/log/2021-03-25T165341.016348.snakemake.log
