Building DAG of jobs...
Using shell: /bin/bash
Provided cores: 12
Rules claiming more threads will be scaled down.
Conda environments: ignored
Job counts:
	count	jobs
	43	TmCalculate_CG
	1	all
	44
Select jobs to execute...

[Tue Mar  9 16:49:21 2021]
rule TmCalculate_CG:
    input: /datater/wu/data/zika/dsk/forward_4267-4768.kCountSorted
    output: /datater/wu/data/zika/primer3_Tm/forward_4267-4768.Tm
    jobid: 102
    wildcards: sample=zika, seg=4267-4768

[Tue Mar  9 16:49:21 2021]
rule TmCalculate_CG:
    input: /datater/wu/data/zika/dsk/forward_9287-9788.kCountSorted
    output: /datater/wu/data/zika/primer3_Tm/forward_9287-9788.Tm
    jobid: 114
    wildcards: sample=zika, seg=9287-9788

[Tue Mar  9 16:49:21 2021]
rule TmCalculate_CG:
    input: /datater/wu/data/zika/dsk/forward_3263-3764.kCountSorted
    output: /datater/wu/data/zika/primer3_Tm/forward_3263-3764.Tm
    jobid: 138
    wildcards: sample=zika, seg=3263-3764

[Tue Mar  9 16:49:21 2021]
rule TmCalculate_CG:
    input: /datater/wu/data/zika/dsk/forward_5020-5521.kCountSorted
    output: /datater/wu/data/zika/primer3_Tm/forward_5020-5521.Tm
    jobid: 150
    wildcards: sample=zika, seg=5020-5521

[Tue Mar  9 16:49:21 2021]
rule TmCalculate_CG:
    input: /datater/wu/data/zika/dsk/forward_1506-2007.kCountSorted
    output: /datater/wu/data/zika/primer3_Tm/forward_1506-2007.Tm
    jobid: 162
    wildcards: sample=zika, seg=1506-2007

[Tue Mar  9 16:49:21 2021]
rule TmCalculate_CG:
    input: /datater/wu/data/zika/dsk/forward_9036-9537.kCountSorted
    output: /datater/wu/data/zika/primer3_Tm/forward_9036-9537.Tm
    jobid: 18
    wildcards: sample=zika, seg=9036-9537

[Tue Mar  9 16:49:21 2021]
rule TmCalculate_CG:
    input: /datater/wu/data/zika/dsk/forward_7530-8031.kCountSorted
    output: /datater/wu/data/zika/primer3_Tm/forward_7530-8031.Tm
    jobid: 30
    wildcards: sample=zika, seg=7530-8031

[Tue Mar  9 16:49:21 2021]
rule TmCalculate_CG:
    input: /datater/wu/data/zika/dsk/forward_3514-4015.kCountSorted
    output: /datater/wu/data/zika/primer3_Tm/forward_3514-4015.Tm
    jobid: 42
    wildcards: sample=zika, seg=3514-4015

[Tue Mar  9 16:49:21 2021]
rule TmCalculate_CG:
    input: /datater/wu/data/zika/dsk/forward_7028-7529.kCountSorted
    output: /datater/wu/data/zika/primer3_Tm/forward_7028-7529.Tm
    jobid: 54
    wildcards: sample=zika, seg=7028-7529

[Tue Mar  9 16:49:21 2021]
rule TmCalculate_CG:
    input: /datater/wu/data/zika/dsk/forward_4518-5019.kCountSorted
    output: /datater/wu/data/zika/primer3_Tm/forward_4518-5019.Tm
    jobid: 130
    wildcards: sample=zika, seg=4518-5019

[Tue Mar  9 16:49:21 2021]
rule TmCalculate_CG:
    input: /datater/wu/data/zika/dsk/forward_5773-6274.kCountSorted
    output: /datater/wu/data/zika/primer3_Tm/forward_5773-6274.Tm
    jobid: 82
    wildcards: sample=zika, seg=5773-6274

[Tue Mar  9 16:49:21 2021]
rule TmCalculate_CG:
    input: /datater/wu/data/zika/dsk/forward_4016-4517.kCountSorted
    output: /datater/wu/data/zika/primer3_Tm/forward_4016-4517.Tm
    jobid: 146
    wildcards: sample=zika, seg=4016-4517

[Tue Mar  9 16:49:22 2021]
Finished job 102.
1 of 44 steps (2%) done
Select jobs to execute...

[Tue Mar  9 16:49:22 2021]
rule TmCalculate_CG:
    input: /datater/wu/data/zika/dsk/forward_8283-8784.kCountSorted
    output: /datater/wu/data/zika/primer3_Tm/forward_8283-8784.Tm
    jobid: 122
    wildcards: sample=zika, seg=8283-8784

[Tue Mar  9 16:49:22 2021]
Finished job 138.
2 of 44 steps (5%) done
Select jobs to execute...
[Tue Mar  9 16:49:22 2021]
Finished job 162.
3 of 44 steps (7%) done
[Tue Mar  9 16:49:22 2021]
Finished job 150.
4 of 44 steps (9%) done

[Tue Mar  9 16:49:22 2021]
rule TmCalculate_CG:
    input: /datater/wu/data/zika/dsk/forward_8534-9035.kCountSorted
    output: /datater/wu/data/zika/primer3_Tm/forward_8534-9035.Tm
    jobid: 170
    wildcards: sample=zika, seg=8534-9035

Select jobs to execute...

[Tue Mar  9 16:49:22 2021]
rule TmCalculate_CG:
    input: /datater/wu/data/zika/dsk/forward_502-1003.kCountSorted
    output: /datater/wu/data/zika/primer3_Tm/forward_502-1003.Tm
    jobid: 158
    wildcards: sample=zika, seg=502-1003

[Tue Mar  9 16:49:22 2021]
rule TmCalculate_CG:
    input: /datater/wu/data/zika/dsk/forward_4769-5270.kCountSorted
    output: /datater/wu/data/zika/primer3_Tm/forward_4769-5270.Tm
    jobid: 70
    wildcards: sample=zika, seg=4769-5270

Select jobs to execute...
[Tue Mar  9 16:49:22 2021]
Finished job 82.
5 of 44 steps (11%) done
[Tue Mar  9 16:49:22 2021]
Finished job 114.
6 of 44 steps (14%) done
Select jobs to execute...

[Tue Mar  9 16:49:22 2021]
rule TmCalculate_CG:
    input: /datater/wu/data/zika/dsk/forward_3012-3513.kCountSorted
    output: /datater/wu/data/zika/primer3_Tm/forward_3012-3513.Tm
    jobid: 134
    wildcards: sample=zika, seg=3012-3513

[Tue Mar  9 16:49:22 2021]
rule TmCalculate_CG:
    input: /datater/wu/data/zika/dsk/forward_5522-6023.kCountSorted
    output: /datater/wu/data/zika/primer3_Tm/forward_5522-6023.Tm
    jobid: 46
    wildcards: sample=zika, seg=5522-6023

Select jobs to execute...
[Tue Mar  9 16:49:22 2021]
Finished job 30.
7 of 44 steps (16%) done
[Tue Mar  9 16:49:22 2021]
Finished job 54.
8 of 44 steps (18%) done
Select jobs to execute...
[Tue Mar  9 16:49:22 2021]
Finished job 146.
9 of 44 steps (20%) done

[Tue Mar  9 16:49:22 2021]
rule TmCalculate_CG:
    input: /datater/wu/data/zika/dsk/forward_10040-10541.kCountSorted
    output: /datater/wu/data/zika/primer3_Tm/forward_10040-10541.Tm
    jobid: 26
    wildcards: sample=zika, seg=10040-10541

[Tue Mar  9 16:49:22 2021]
rule TmCalculate_CG:
    input: /datater/wu/data/zika/dsk/forward_6024-6525.kCountSorted
    output: /datater/wu/data/zika/primer3_Tm/forward_6024-6525.Tm
    jobid: 94
    wildcards: sample=zika, seg=6024-6525

Select jobs to execute...
[Tue Mar  9 16:49:22 2021]
Finished job 42.
10 of 44 steps (23%) done

[Tue Mar  9 16:49:22 2021]
rule TmCalculate_CG:
    input: /datater/wu/data/zika/dsk/forward_753-1254.kCountSorted
    output: /datater/wu/data/zika/primer3_Tm/forward_753-1254.Tm
    jobid: 38
    wildcards: sample=zika, seg=753-1254

Select jobs to execute...
[Tue Mar  9 16:49:22 2021]
Finished job 130.
11 of 44 steps (25%) done

[Tue Mar  9 16:49:22 2021]
rule TmCalculate_CG:
    input: /datater/wu/data/zika/dsk/forward_9789-10290.kCountSorted
    output: /datater/wu/data/zika/primer3_Tm/forward_9789-10290.Tm
    jobid: 50
    wildcards: sample=zika, seg=9789-10290

Select jobs to execute...
[Tue Mar  9 16:49:22 2021]
Finished job 18.
12 of 44 steps (27%) done

[Tue Mar  9 16:49:22 2021]
rule TmCalculate_CG:
    input: /datater/wu/data/zika/dsk/forward_8785-9286.kCountSorted
    output: /datater/wu/data/zika/primer3_Tm/forward_8785-9286.Tm
    jobid: 62
    wildcards: sample=zika, seg=8785-9286

Select jobs to execute...

[Tue Mar  9 16:49:22 2021]
rule TmCalculate_CG:
    input: /datater/wu/data/zika/dsk/forward_1004-1505.kCountSorted
    output: /datater/wu/data/zika/primer3_Tm/forward_1004-1505.Tm
    jobid: 86
    wildcards: sample=zika, seg=1004-1505

Select jobs to execute...
[Tue Mar  9 16:49:22 2021]
Finished job 70.
13 of 44 steps (30%) done
Select jobs to execute...
[Tue Mar  9 16:49:22 2021]
Finished job 158.
14 of 44 steps (32%) done

[Tue Mar  9 16:49:22 2021]
rule TmCalculate_CG:
    input: /datater/wu/data/zika/dsk/forward_10542-10780.kCountSorted
    output: /datater/wu/data/zika/primer3_Tm/forward_10542-10780.Tm
    jobid: 98
    wildcards: sample=zika, seg=10542-10780

Select jobs to execute...
[Tue Mar  9 16:49:22 2021]
Finished job 122.
15 of 44 steps (34%) done

[Tue Mar  9 16:49:22 2021]
rule TmCalculate_CG:
    input: /datater/wu/data/zika/dsk/forward_251-752.kCountSorted
    output: /datater/wu/data/zika/primer3_Tm/forward_251-752.Tm
    jobid: 126
    wildcards: sample=zika, seg=251-752

Select jobs to execute...

[Tue Mar  9 16:49:22 2021]
rule TmCalculate_CG:
    input: /datater/wu/data/zika/dsk/forward_6275-6776.kCountSorted
    output: /datater/wu/data/zika/primer3_Tm/forward_6275-6776.Tm
    jobid: 106
    wildcards: sample=zika, seg=6275-6776

[Tue Mar  9 16:49:23 2021]
Finished job 170.
16 of 44 steps (36%) done
Select jobs to execute...

[Tue Mar  9 16:49:23 2021]
rule TmCalculate_CG:
    input: /datater/wu/data/zika/dsk/forward_3765-4266.kCountSorted
    output: /datater/wu/data/zika/primer3_Tm/forward_3765-4266.Tm
    jobid: 118
    wildcards: sample=zika, seg=3765-4266

[Tue Mar  9 16:49:23 2021]
Finished job 46.
17 of 44 steps (39%) done
Select jobs to execute...

[Tue Mar  9 16:49:23 2021]
rule TmCalculate_CG:
    input: /datater/wu/data/zika/dsk/forward_1757-2258.kCountSorted
    output: /datater/wu/data/zika/primer3_Tm/forward_1757-2258.Tm
    jobid: 90
    wildcards: sample=zika, seg=1757-2258

[Tue Mar  9 16:49:23 2021]
Finished job 134.
18 of 44 steps (41%) done
Select jobs to execute...

[Tue Mar  9 16:49:23 2021]
rule TmCalculate_CG:
    input: /datater/wu/data/zika/dsk/forward_10291-10792.kCountSorted
    output: /datater/wu/data/zika/primer3_Tm/forward_10291-10792.Tm
    jobid: 166
    wildcards: sample=zika, seg=10291-10792

[Tue Mar  9 16:49:23 2021]
Finished job 94.
19 of 44 steps (43%) done
[Tue Mar  9 16:49:23 2021]
Finished job 26.
20 of 44 steps (45%) done
Select jobs to execute...

[Tue Mar  9 16:49:23 2021]
rule TmCalculate_CG:
    input: /datater/wu/data/zika/dsk/forward_0-501.kCountSorted
    output: /datater/wu/data/zika/primer3_Tm/forward_0-501.Tm
    jobid: 178
    wildcards: sample=zika, seg=0-501

[Tue Mar  9 16:49:23 2021]
rule TmCalculate_CG:
    input: /datater/wu/data/zika/dsk/forward_5271-5772.kCountSorted
    output: /datater/wu/data/zika/primer3_Tm/forward_5271-5772.Tm
    jobid: 142
    wildcards: sample=zika, seg=5271-5772

Select jobs to execute...
[Tue Mar  9 16:49:23 2021]
Finished job 38.
21 of 44 steps (48%) done
Select jobs to execute...
[Tue Mar  9 16:49:23 2021]
Finished job 50.
22 of 44 steps (50%) done

[Tue Mar  9 16:49:23 2021]
rule TmCalculate_CG:
    input: /datater/wu/data/zika/dsk/forward_7781-8282.kCountSorted
    output: /datater/wu/data/zika/primer3_Tm/forward_7781-8282.Tm
    jobid: 74
    wildcards: sample=zika, seg=7781-8282

Select jobs to execute...

[Tue Mar  9 16:49:23 2021]
rule TmCalculate_CG:
    input: /datater/wu/data/zika/dsk/forward_1255-1756.kCountSorted
    output: /datater/wu/data/zika/primer3_Tm/forward_1255-1756.Tm
    jobid: 110
    wildcards: sample=zika, seg=1255-1756

[Tue Mar  9 16:49:23 2021]
Finished job 86.
23 of 44 steps (52%) done
Select jobs to execute...

[Tue Mar  9 16:49:23 2021]
rule TmCalculate_CG:
    input: /datater/wu/data/zika/dsk/forward_9538-10039.kCountSorted
    output: /datater/wu/data/zika/primer3_Tm/forward_9538-10039.Tm
    jobid: 14
    wildcards: sample=zika, seg=9538-10039

[Tue Mar  9 16:49:23 2021]
Finished job 62.
24 of 44 steps (55%) done
Select jobs to execute...

[Tue Mar  9 16:49:23 2021]
rule TmCalculate_CG:
    input: /datater/wu/data/zika/dsk/forward_2259-2760.kCountSorted
    output: /datater/wu/data/zika/primer3_Tm/forward_2259-2760.Tm
    jobid: 174
    wildcards: sample=zika, seg=2259-2760

[Tue Mar  9 16:49:23 2021]
Finished job 98.
25 of 44 steps (57%) done
Select jobs to execute...

[Tue Mar  9 16:49:23 2021]
rule TmCalculate_CG:
    input: /datater/wu/data/zika/dsk/forward_2008-2509.kCountSorted
    output: /datater/wu/data/zika/primer3_Tm/forward_2008-2509.Tm
    jobid: 78
    wildcards: sample=zika, seg=2008-2509

[Tue Mar  9 16:49:23 2021]
Finished job 126.
26 of 44 steps (59%) done
Select jobs to execute...

[Tue Mar  9 16:49:23 2021]
rule TmCalculate_CG:
    input: /datater/wu/data/zika/dsk/forward_6526-7027.kCountSorted
    output: /datater/wu/data/zika/primer3_Tm/forward_6526-7027.Tm
    jobid: 66
    wildcards: sample=zika, seg=6526-7027

[Tue Mar  9 16:49:23 2021]
Finished job 118.
27 of 44 steps (61%) done
Select jobs to execute...

[Tue Mar  9 16:49:23 2021]
rule TmCalculate_CG:
    input: /datater/wu/data/zika/dsk/forward_2510-3011.kCountSorted
    output: /datater/wu/data/zika/primer3_Tm/forward_2510-3011.Tm
    jobid: 22
    wildcards: sample=zika, seg=2510-3011

[Tue Mar  9 16:49:23 2021]
Finished job 90.
28 of 44 steps (64%) done
Select jobs to execute...

[Tue Mar  9 16:49:23 2021]
rule TmCalculate_CG:
    input: /datater/wu/data/zika/dsk/forward_8032-8533.kCountSorted
    output: /datater/wu/data/zika/primer3_Tm/forward_8032-8533.Tm
    jobid: 10
    wildcards: sample=zika, seg=8032-8533

[Tue Mar  9 16:49:23 2021]
Finished job 166.
29 of 44 steps (66%) done
Select jobs to execute...
[Tue Mar  9 16:49:23 2021]
Finished job 106.
30 of 44 steps (68%) done

[Tue Mar  9 16:49:23 2021]
rule TmCalculate_CG:
    input: /datater/wu/data/zika/dsk/forward_2761-3262.kCountSorted
    output: /datater/wu/data/zika/primer3_Tm/forward_2761-3262.Tm
    jobid: 34
    wildcards: sample=zika, seg=2761-3262

Select jobs to execute...

[Tue Mar  9 16:49:23 2021]
rule TmCalculate_CG:
    input: /datater/wu/data/zika/dsk/forward_6777-7278.kCountSorted
    output: /datater/wu/data/zika/primer3_Tm/forward_6777-7278.Tm
    jobid: 154
    wildcards: sample=zika, seg=6777-7278

[Tue Mar  9 16:49:24 2021]
Finished job 142.
31 of 44 steps (70%) done
Select jobs to execute...

[Tue Mar  9 16:49:24 2021]
rule TmCalculate_CG:
    input: /datater/wu/data/zika/dsk/forward_7279-7780.kCountSorted
    output: /datater/wu/data/zika/primer3_Tm/forward_7279-7780.Tm
    jobid: 58
    wildcards: sample=zika, seg=7279-7780

[Tue Mar  9 16:49:24 2021]
Finished job 178.
32 of 44 steps (73%) done
[Tue Mar  9 16:49:24 2021]
Finished job 110.
33 of 44 steps (75%) done
[Tue Mar  9 16:49:24 2021]
Finished job 74.
34 of 44 steps (77%) done
[Tue Mar  9 16:49:24 2021]
Finished job 174.
35 of 44 steps (80%) done
[Tue Mar  9 16:49:24 2021]
Finished job 14.
36 of 44 steps (82%) done
[Tue Mar  9 16:49:24 2021]
Finished job 78.
37 of 44 steps (84%) done
[Tue Mar  9 16:49:24 2021]
Finished job 22.
38 of 44 steps (86%) done
[Tue Mar  9 16:49:24 2021]
Finished job 10.
39 of 44 steps (89%) done
[Tue Mar  9 16:49:24 2021]
Finished job 34.
40 of 44 steps (91%) done
[Tue Mar  9 16:49:24 2021]
Finished job 66.
41 of 44 steps (93%) done
[Tue Mar  9 16:49:24 2021]
Finished job 154.
42 of 44 steps (95%) done
[Tue Mar  9 16:49:24 2021]
Finished job 58.
43 of 44 steps (98%) done
Select jobs to execute...

[Tue Mar  9 16:49:24 2021]
localrule all:
    input: /datater/wu/data/zika/primer3_Tm/forward_8032-8533.Tm, /datater/wu/data/zika/primer3_Tm/forward_9538-10039.Tm, /datater/wu/data/zika/primer3_Tm/forward_9036-9537.Tm, /datater/wu/data/zika/primer3_Tm/forward_2510-3011.Tm, /datater/wu/data/zika/primer3_Tm/forward_10040-10541.Tm, /datater/wu/data/zika/primer3_Tm/forward_7530-8031.Tm, /datater/wu/data/zika/primer3_Tm/forward_2761-3262.Tm, /datater/wu/data/zika/primer3_Tm/forward_753-1254.Tm, /datater/wu/data/zika/primer3_Tm/forward_3514-4015.Tm, /datater/wu/data/zika/primer3_Tm/forward_5522-6023.Tm, /datater/wu/data/zika/primer3_Tm/forward_9789-10290.Tm, /datater/wu/data/zika/primer3_Tm/forward_7028-7529.Tm, /datater/wu/data/zika/primer3_Tm/forward_7279-7780.Tm, /datater/wu/data/zika/primer3_Tm/forward_8785-9286.Tm, /datater/wu/data/zika/primer3_Tm/forward_6526-7027.Tm, /datater/wu/data/zika/primer3_Tm/forward_4769-5270.Tm, /datater/wu/data/zika/primer3_Tm/forward_7781-8282.Tm, /datater/wu/data/zika/primer3_Tm/forward_2008-2509.Tm, /datater/wu/data/zika/primer3_Tm/forward_5773-6274.Tm, /datater/wu/data/zika/primer3_Tm/forward_1004-1505.Tm, /datater/wu/data/zika/primer3_Tm/forward_1757-2258.Tm, /datater/wu/data/zika/primer3_Tm/forward_6024-6525.Tm, /datater/wu/data/zika/primer3_Tm/forward_10542-10780.Tm, /datater/wu/data/zika/primer3_Tm/forward_4267-4768.Tm, /datater/wu/data/zika/primer3_Tm/forward_6275-6776.Tm, /datater/wu/data/zika/primer3_Tm/forward_1255-1756.Tm, /datater/wu/data/zika/primer3_Tm/forward_9287-9788.Tm, /datater/wu/data/zika/primer3_Tm/forward_3765-4266.Tm, /datater/wu/data/zika/primer3_Tm/forward_8283-8784.Tm, /datater/wu/data/zika/primer3_Tm/forward_251-752.Tm, /datater/wu/data/zika/primer3_Tm/forward_4518-5019.Tm, /datater/wu/data/zika/primer3_Tm/forward_3012-3513.Tm, /datater/wu/data/zika/primer3_Tm/forward_3263-3764.Tm, /datater/wu/data/zika/primer3_Tm/forward_5271-5772.Tm, /datater/wu/data/zika/primer3_Tm/forward_4016-4517.Tm, /datater/wu/data/zika/primer3_Tm/forward_5020-5521.Tm, /datater/wu/data/zika/primer3_Tm/forward_6777-7278.Tm, /datater/wu/data/zika/primer3_Tm/forward_502-1003.Tm, /datater/wu/data/zika/primer3_Tm/forward_1506-2007.Tm, /datater/wu/data/zika/primer3_Tm/forward_10291-10792.Tm, /datater/wu/data/zika/primer3_Tm/forward_8534-9035.Tm, /datater/wu/data/zika/primer3_Tm/forward_2259-2760.Tm, /datater/wu/data/zika/primer3_Tm/forward_0-501.Tm
    jobid: 0

[Tue Mar  9 16:49:24 2021]
Finished job 0.
44 of 44 steps (100%) done
Complete log: /datater/wu/stage_m2/.snakemake/log/2021-03-09T164920.791211.snakemake.log
