Building DAG of jobs...
Updating job aggregate_allReverseOligo.
Using shell: /bin/bash
Provided cores: 12
Rules claiming more threads will be scaled down.
Conda environments: ignored
Job counts:
	count	jobs
	1	all
	33	blastn_short
	34
Select jobs to execute...

[Sun Mar 28 10:35:46 2021]
rule blastn_short:
    input: /datater/wu/data/enterovirus/checkSpecifity/reverse8378_filtered.fasta
    output: /datater/wu/data/enterovirus/checkSpecifity/reverse8378_filtered.blastn.out
    jobid: 321
    wildcards: sample=enterovirus, seg=8378


[Sun Mar 28 10:35:46 2021]
rule blastn_short:
    input: /datater/wu/data/enterovirus/checkSpecifity/reverse7616_filtered.fasta
    output: /datater/wu/data/enterovirus/checkSpecifity/reverse7616_filtered.blastn.out
    jobid: 301
    wildcards: sample=enterovirus, seg=7616


[Sun Mar 28 10:35:46 2021]
rule blastn_short:
    input: /datater/wu/data/enterovirus/checkSpecifity/reverse3044_filtered.fasta
    output: /datater/wu/data/enterovirus/checkSpecifity/reverse3044_filtered.blastn.out
    jobid: 283
    wildcards: sample=enterovirus, seg=3044


[Sun Mar 28 10:35:46 2021]
rule blastn_short:
    input: /datater/wu/data/enterovirus/checkSpecifity/reverse2536_filtered.fasta
    output: /datater/wu/data/enterovirus/checkSpecifity/reverse2536_filtered.blastn.out
    jobid: 293
    wildcards: sample=enterovirus, seg=2536


[Sun Mar 28 10:35:46 2021]
rule blastn_short:
    input: /datater/wu/data/enterovirus/checkSpecifity/reverse7108_filtered.fasta
    output: /datater/wu/data/enterovirus/checkSpecifity/reverse7108_filtered.blastn.out
    jobid: 311
    wildcards: sample=enterovirus, seg=7108


[Sun Mar 28 10:35:46 2021]
rule blastn_short:
    input: /datater/wu/data/enterovirus/checkSpecifity/reverse3552_filtered.fasta
    output: /datater/wu/data/enterovirus/checkSpecifity/reverse3552_filtered.blastn.out
    jobid: 331
    wildcards: sample=enterovirus, seg=3552


[Sun Mar 28 10:35:46 2021]
rule blastn_short:
    input: /datater/wu/data/enterovirus/checkSpecifity/reverse1266_filtered.fasta
    output: /datater/wu/data/enterovirus/checkSpecifity/reverse1266_filtered.blastn.out
    jobid: 277
    wildcards: sample=enterovirus, seg=1266


[Sun Mar 28 10:35:46 2021]
rule blastn_short:
    input: /datater/wu/data/enterovirus/checkSpecifity/reverse8632_filtered.fasta
    output: /datater/wu/data/enterovirus/checkSpecifity/reverse8632_filtered.blastn.out
    jobid: 287
    wildcards: sample=enterovirus, seg=8632


[Sun Mar 28 10:35:46 2021]
rule blastn_short:
    input: /datater/wu/data/enterovirus/checkSpecifity/reverse7870_filtered.fasta
    output: /datater/wu/data/enterovirus/checkSpecifity/reverse7870_filtered.blastn.out
    jobid: 297
    wildcards: sample=enterovirus, seg=7870


[Sun Mar 28 10:35:46 2021]
rule blastn_short:
    input: /datater/wu/data/enterovirus/checkSpecifity/reverse1012_filtered.fasta
    output: /datater/wu/data/enterovirus/checkSpecifity/reverse1012_filtered.blastn.out
    jobid: 307
    wildcards: sample=enterovirus, seg=1012


[Sun Mar 28 10:35:46 2021]
rule blastn_short:
    input: /datater/wu/data/enterovirus/checkSpecifity/reverse4568_filtered.fasta
    output: /datater/wu/data/enterovirus/checkSpecifity/reverse4568_filtered.blastn.out
    jobid: 327
    wildcards: sample=enterovirus, seg=4568


[Sun Mar 28 10:35:46 2021]
rule blastn_short:
    input: /datater/wu/data/enterovirus/checkSpecifity/reverse758_filtered.fasta
    output: /datater/wu/data/enterovirus/checkSpecifity/reverse758_filtered.blastn.out
    jobid: 317
    wildcards: sample=enterovirus, seg=758

[Sun Mar 28 12:12:29 2021]
Finished job 311.
1 of 34 steps (3%) done
Select jobs to execute...

[Sun Mar 28 12:12:29 2021]
rule blastn_short:
    input: /datater/wu/data/enterovirus/checkSpecifity/reverse8124_filtered.fasta
    output: /datater/wu/data/enterovirus/checkSpecifity/reverse8124_filtered.blastn.out
    jobid: 333
    wildcards: sample=enterovirus, seg=8124

Terminating processes on user request, this might take some time.
[Sun Mar 28 12:32:17 2021]
Error in rule blastn_short:
[Sun Mar 28 12:32:17 2021]
    jobid: 287
[Sun Mar 28 12:32:17 2021]
[Sun Mar 28 12:32:17 2021]
[Sun Mar 28 12:32:17 2021]
Error in rule blastn_short:
[Sun Mar 28 12:32:17 2021]
    output: /datater/wu/data/enterovirus/checkSpecifity/reverse8632_filtered.blastn.out
[Sun Mar 28 12:32:17 2021]
Error in rule blastn_short:
Error in rule blastn_short:
[Sun Mar 28 12:32:17 2021]
[Sun Mar 28 12:32:17 2021]
[Sun Mar 28 12:32:17 2021]
Error in rule blastn_short:
    jobid: 317
Error in rule blastn_short:
[Sun Mar 28 12:32:17 2021]
    shell:
        blastn -task blastn-short         -db refseq_representative_genomes -remote         -word_size 5         -max_target_seqs 5         -query /datater/wu/data/enterovirus/checkSpecifity/reverse8632_filtered.fasta         -out /datater/wu/data/enterovirus/checkSpecifity/reverse8632_filtered.blastn.out         -outfmt '6 qacc sacc stitle pident length mismatch gapopen sstart send evalue'
        (one of the commands exited with non-zero exit code; note that snakemake uses bash strict mode!)
Error in rule blastn_short:
    jobid: 293
[Sun Mar 28 12:32:17 2021]
    jobid: 283
Error in rule blastn_short:
Error in rule blastn_short:
Error in rule blastn_short:
    jobid: 331
    output: /datater/wu/data/enterovirus/checkSpecifity/reverse758_filtered.blastn.out
    jobid: 277
Error in rule blastn_short:

    jobid: 327
    output: /datater/wu/data/enterovirus/checkSpecifity/reverse2536_filtered.blastn.out
Error in rule blastn_short:
    output: /datater/wu/data/enterovirus/checkSpecifity/reverse3044_filtered.blastn.out
    jobid: 297
    jobid: 321
    jobid: 301
    output: /datater/wu/data/enterovirus/checkSpecifity/reverse3552_filtered.blastn.out
    shell:
        blastn -task blastn-short         -db refseq_representative_genomes -remote         -word_size 5         -max_target_seqs 5         -query /datater/wu/data/enterovirus/checkSpecifity/reverse758_filtered.fasta         -out /datater/wu/data/enterovirus/checkSpecifity/reverse758_filtered.blastn.out         -outfmt '6 qacc sacc stitle pident length mismatch gapopen sstart send evalue'
        (one of the commands exited with non-zero exit code; note that snakemake uses bash strict mode!)
    output: /datater/wu/data/enterovirus/checkSpecifity/reverse1266_filtered.blastn.out
    jobid: 333
Removing output files of failed job blastn_short since they might be corrupted:
/datater/wu/data/enterovirus/checkSpecifity/reverse8632_filtered.blastn.out
    output: /datater/wu/data/enterovirus/checkSpecifity/reverse4568_filtered.blastn.out
    shell:
        blastn -task blastn-short         -db refseq_representative_genomes -remote         -word_size 5         -max_target_seqs 5         -query /datater/wu/data/enterovirus/checkSpecifity/reverse2536_filtered.fasta         -out /datater/wu/data/enterovirus/checkSpecifity/reverse2536_filtered.blastn.out         -outfmt '6 qacc sacc stitle pident length mismatch gapopen sstart send evalue'
        (one of the commands exited with non-zero exit code; note that snakemake uses bash strict mode!)
    jobid: 307
    shell:
        blastn -task blastn-short         -db refseq_representative_genomes -remote         -word_size 5         -max_target_seqs 5         -query /datater/wu/data/enterovirus/checkSpecifity/reverse3044_filtered.fasta         -out /datater/wu/data/enterovirus/checkSpecifity/reverse3044_filtered.blastn.out         -outfmt '6 qacc sacc stitle pident length mismatch gapopen sstart send evalue'
        (one of the commands exited with non-zero exit code; note that snakemake uses bash strict mode!)
    output: /datater/wu/data/enterovirus/checkSpecifity/reverse7870_filtered.blastn.out
    output: /datater/wu/data/enterovirus/checkSpecifity/reverse8378_filtered.blastn.out
    output: /datater/wu/data/enterovirus/checkSpecifity/reverse7616_filtered.blastn.out
    shell:
        blastn -task blastn-short         -db refseq_representative_genomes -remote         -word_size 5         -max_target_seqs 5         -query /datater/wu/data/enterovirus/checkSpecifity/reverse3552_filtered.fasta         -out /datater/wu/data/enterovirus/checkSpecifity/reverse3552_filtered.blastn.out         -outfmt '6 qacc sacc stitle pident length mismatch gapopen sstart send evalue'
        (one of the commands exited with non-zero exit code; note that snakemake uses bash strict mode!)

    shell:
        blastn -task blastn-short         -db refseq_representative_genomes -remote         -word_size 5         -max_target_seqs 5         -query /datater/wu/data/enterovirus/checkSpecifity/reverse1266_filtered.fasta         -out /datater/wu/data/enterovirus/checkSpecifity/reverse1266_filtered.blastn.out         -outfmt '6 qacc sacc stitle pident length mismatch gapopen sstart send evalue'
        (one of the commands exited with non-zero exit code; note that snakemake uses bash strict mode!)
    output: /datater/wu/data/enterovirus/checkSpecifity/reverse8124_filtered.blastn.out
    shell:
        blastn -task blastn-short         -db refseq_representative_genomes -remote         -word_size 5         -max_target_seqs 5         -query /datater/wu/data/enterovirus/checkSpecifity/reverse4568_filtered.fasta         -out /datater/wu/data/enterovirus/checkSpecifity/reverse4568_filtered.blastn.out         -outfmt '6 qacc sacc stitle pident length mismatch gapopen sstart send evalue'
        (one of the commands exited with non-zero exit code; note that snakemake uses bash strict mode!)

    output: /datater/wu/data/enterovirus/checkSpecifity/reverse1012_filtered.blastn.out

    shell:
        blastn -task blastn-short         -db refseq_representative_genomes -remote         -word_size 5         -max_target_seqs 5         -query /datater/wu/data/enterovirus/checkSpecifity/reverse7870_filtered.fasta         -out /datater/wu/data/enterovirus/checkSpecifity/reverse7870_filtered.blastn.out         -outfmt '6 qacc sacc stitle pident length mismatch gapopen sstart send evalue'
        (one of the commands exited with non-zero exit code; note that snakemake uses bash strict mode!)
    shell:
        blastn -task blastn-short         -db refseq_representative_genomes -remote         -word_size 5         -max_target_seqs 5         -query /datater/wu/data/enterovirus/checkSpecifity/reverse8378_filtered.fasta         -out /datater/wu/data/enterovirus/checkSpecifity/reverse8378_filtered.blastn.out         -outfmt '6 qacc sacc stitle pident length mismatch gapopen sstart send evalue'
        (one of the commands exited with non-zero exit code; note that snakemake uses bash strict mode!)
    shell:
        blastn -task blastn-short         -db refseq_representative_genomes -remote         -word_size 5         -max_target_seqs 5         -query /datater/wu/data/enterovirus/checkSpecifity/reverse7616_filtered.fasta         -out /datater/wu/data/enterovirus/checkSpecifity/reverse7616_filtered.blastn.out         -outfmt '6 qacc sacc stitle pident length mismatch gapopen sstart send evalue'
        (one of the commands exited with non-zero exit code; note that snakemake uses bash strict mode!)

Removing output files of failed job blastn_short since they might be corrupted:
/datater/wu/data/enterovirus/checkSpecifity/reverse758_filtered.blastn.out

    shell:
        blastn -task blastn-short         -db refseq_representative_genomes -remote         -word_size 5         -max_target_seqs 5         -query /datater/wu/data/enterovirus/checkSpecifity/reverse8124_filtered.fasta         -out /datater/wu/data/enterovirus/checkSpecifity/reverse8124_filtered.blastn.out         -outfmt '6 qacc sacc stitle pident length mismatch gapopen sstart send evalue'
        (one of the commands exited with non-zero exit code; note that snakemake uses bash strict mode!)

    shell:
        blastn -task blastn-short         -db refseq_representative_genomes -remote         -word_size 5         -max_target_seqs 5         -query /datater/wu/data/enterovirus/checkSpecifity/reverse1012_filtered.fasta         -out /datater/wu/data/enterovirus/checkSpecifity/reverse1012_filtered.blastn.out         -outfmt '6 qacc sacc stitle pident length mismatch gapopen sstart send evalue'
        (one of the commands exited with non-zero exit code; note that snakemake uses bash strict mode!)




Removing output files of failed job blastn_short since they might be corrupted:
/datater/wu/data/enterovirus/checkSpecifity/reverse2536_filtered.blastn.out

Removing output files of failed job blastn_short since they might be corrupted:
/datater/wu/data/enterovirus/checkSpecifity/reverse3044_filtered.blastn.out
Removing output files of failed job blastn_short since they might be corrupted:
/datater/wu/data/enterovirus/checkSpecifity/reverse3552_filtered.blastn.out
Removing output files of failed job blastn_short since they might be corrupted:
/datater/wu/data/enterovirus/checkSpecifity/reverse1266_filtered.blastn.out
Removing output files of failed job blastn_short since they might be corrupted:
/datater/wu/data/enterovirus/checkSpecifity/reverse4568_filtered.blastn.out
Removing output files of failed job blastn_short since they might be corrupted:
/datater/wu/data/enterovirus/checkSpecifity/reverse7870_filtered.blastn.out
Removing output files of failed job blastn_short since they might be corrupted:
/datater/wu/data/enterovirus/checkSpecifity/reverse8378_filtered.blastn.out
Removing output files of failed job blastn_short since they might be corrupted:
/datater/wu/data/enterovirus/checkSpecifity/reverse7616_filtered.blastn.out
Removing output files of failed job blastn_short since they might be corrupted:
/datater/wu/data/enterovirus/checkSpecifity/reverse8124_filtered.blastn.out
Removing output files of failed job blastn_short since they might be corrupted:
/datater/wu/data/enterovirus/checkSpecifity/reverse1012_filtered.blastn.out
Complete log: /datater/wu/stage_m2/.snakemake/log/2021-03-28T103545.783425.snakemake.log
