Building DAG of jobs...
Updating job merge_all_kmers.
Updating job merge_all_kmers.
Updating job merge_all_kmers.
Updating job merge_all_kmers.
Updating job merge_all_kmers.
Updating job merge_all_kmers.
Updating job merge_all_kmers.
Updating job merge_all_kmers.
Updating job merge_all_kmers.
Updating job merge_all_kmers.
Updating job merge_all_kmers.
Updating job merge_all_kmers.
Updating job merge_all_kmers.
Updating job merge_all_kmers.
Updating job merge_all_kmers.
Updating job merge_all_kmers.
Updating job merge_all_kmers.
Updating job merge_all_kmers.
Updating job merge_all_kmers.
Updating job merge_all_kmers.
Updating job merge_all_kmers.
Updating job merge_all_kmers.
Updating job merge_all_kmers.
Updating job merge_all_kmers.
Updating job merge_all_kmers.
Updating job merge_all_kmers.
Updating job merge_all_kmers.
Updating job merge_all_kmers.
Updating job merge_all_kmers.
Updating job merge_all_kmers.
Updating job merge_all_kmers.
Updating job merge_all_kmers.
Updating job merge_all_kmers.
Updating job merge_all_kmers.
Updating job merge_all_kmers.
Updating job merge_all_kmers.
Updating job merge_all_kmers.
Updating job merge_all_kmers.
Updating job merge_all_kmers.
Updating job merge_all_kmers.
Updating job merge_all_kmers.
Updating job merge_all_kmers.
Updating job merge_all_kmers.
Using shell: /bin/bash
Provided cores: 12
Rules claiming more threads will be scaled down.
Conda environments: ignored
Job counts:
	count	jobs
	1	all
	1	merge_all_kmers
	2
Select jobs to execute...

[Fri Mar  5 13:59:32 2021]
rule merge_all_kmers:
    input: /datater/wu/data/filtering/zika/forward/753-1254_dsk.tsv, /datater/wu/data/filtering/zika/forward/2008-2509_dsk.tsv, /datater/wu/data/filtering/zika/forward/9287-9788_dsk.tsv, /datater/wu/data/filtering/zika/forward/4016-4517_dsk.tsv, /datater/wu/data/filtering/zika/forward/8534-9035_dsk.tsv, /datater/wu/data/filtering/zika/forward/1506-2007_dsk.tsv, /datater/wu/data/filtering/zika/forward/2761-3262_dsk.tsv, /datater/wu/data/filtering/zika/forward/8283-8784_dsk.tsv, /datater/wu/data/filtering/zika/forward/4769-5270_dsk.tsv, /datater/wu/data/filtering/zika/forward/10542-10780_dsk.tsv, /datater/wu/data/filtering/zika/forward/8032-8533_dsk.tsv, /datater/wu/data/filtering/zika/forward/1004-1505_dsk.tsv, /datater/wu/data/filtering/zika/forward/3263-3764_dsk.tsv, /datater/wu/data/filtering/zika/forward/502-1003_dsk.tsv, /datater/wu/data/filtering/zika/forward/4267-4768_dsk.tsv, /datater/wu/data/filtering/zika/forward/5271-5772_dsk.tsv, /datater/wu/data/filtering/zika/forward/2510-3011_dsk.tsv, /datater/wu/data/filtering/zika/forward/5773-6274_dsk.tsv, /datater/wu/data/filtering/zika/forward/9538-10039_dsk.tsv, /datater/wu/data/filtering/zika/forward/6275-6776_dsk.tsv, /datater/wu/data/filtering/zika/forward/10291-10792_dsk.tsv, /datater/wu/data/filtering/zika/forward/7781-8282_dsk.tsv, /datater/wu/data/filtering/zika/forward/6526-7027_dsk.tsv, /datater/wu/data/filtering/zika/forward/3765-4266_dsk.tsv, /datater/wu/data/filtering/zika/forward/1757-2258_dsk.tsv, /datater/wu/data/filtering/zika/forward/7530-8031_dsk.tsv, /datater/wu/data/filtering/zika/forward/1255-1756_dsk.tsv, /datater/wu/data/filtering/zika/forward/8785-9286_dsk.tsv, /datater/wu/data/filtering/zika/forward/5020-5521_dsk.tsv, /datater/wu/data/filtering/zika/forward/7028-7529_dsk.tsv, /datater/wu/data/filtering/zika/forward/7279-7780_dsk.tsv, /datater/wu/data/filtering/zika/forward/9789-10290_dsk.tsv, /datater/wu/data/filtering/zika/forward/3514-4015_dsk.tsv, /datater/wu/data/filtering/zika/forward/4518-5019_dsk.tsv, /datater/wu/data/filtering/zika/forward/0-501_dsk.tsv, /datater/wu/data/filtering/zika/forward/6024-6525_dsk.tsv, /datater/wu/data/filtering/zika/forward/5522-6023_dsk.tsv, /datater/wu/data/filtering/zika/forward/9036-9537_dsk.tsv, /datater/wu/data/filtering/zika/forward/2259-2760_dsk.tsv, /datater/wu/data/filtering/zika/forward/3012-3513_dsk.tsv, /datater/wu/data/filtering/zika/forward/6777-7278_dsk.tsv, /datater/wu/data/filtering/zika/forward/251-752_dsk.tsv, /datater/wu/data/filtering/zika/forward/10040-10541_dsk.tsv
    output: /datater/wu/data/filtering/zika/forward/all_oligo.tsv
    jobid: 9
    wildcards: sample=zika

Shutting down, this might take some time.
Exiting because a job execution failed. Look above for error message
Complete log: /datater/wu/stage_m2/.snakemake/log/2021-03-05T135930.118448.snakemake.log
