Building DAG of jobs...
Using shell: /bin/bash
Provided cores: 12
Rules claiming more threads will be scaled down.
Conda environments: ignored
Job counts:
	count	jobs
	1	all
	1	dskForward
	1	dskForwardOutput
	1	dskForwardOutputSort
	1	filterOut_forward
	1	forward_TmCalculate
	1	merge_all_kmers
	1	splitFiles
	8
Select jobs to execute...

[Mon Mar  8 11:25:18 2021]
rule splitFiles:
    input: /datater/wu/data/msa/zika.msa.fasta
    output: /datater/wu/data/zika/split_forward/{*}.fasta (dynamic)
    jobid: 3
    wildcards: sample=zika

Subsequent jobs will be added dynamically depending on the output of this job

[Mon Mar  8 11:25:18 2021]
rule merge_all_kmers:
    output: /datater/wu/data/zika/primer3_Tm/all_forward.tsv
    jobid: 9
    wildcards: sample=zika

Dynamically updating jobs
[Mon Mar  8 11:25:19 2021]
Finished job 3.
1 of 217 steps (0.46%) done
Select jobs to execute...

[Mon Mar  8 11:25:19 2021]
rule dskForward:
    input: /datater/wu/data/zika/split_forward/5773-6274.fasta
    output: /datater/wu/data/zika/dsk/forward_5773-6274.h5
    jobid: 23
    wildcards: sample=zika, seg=5773-6274


[Mon Mar  8 11:25:19 2021]
rule dskForward:
    input: /datater/wu/data/zika/split_forward/0-501.fasta
    output: /datater/wu/data/zika/dsk/forward_0-501.h5
    jobid: 29
    wildcards: sample=zika, seg=0-501


[Mon Mar  8 11:25:19 2021]
rule dskForward:
    input: /datater/wu/data/zika/split_forward/4518-5019.fasta
    output: /datater/wu/data/zika/dsk/forward_4518-5019.h5
    jobid: 44
    wildcards: sample=zika, seg=4518-5019


[Mon Mar  8 11:25:19 2021]
rule dskForward:
    input: /datater/wu/data/zika/split_forward/10542-10780.fasta
    output: /datater/wu/data/zika/dsk/forward_10542-10780.h5
    jobid: 37
    wildcards: sample=zika, seg=10542-10780


[Mon Mar  8 11:25:19 2021]
rule dskForward:
    input: /datater/wu/data/zika/split_forward/5522-6023.fasta
    output: /datater/wu/data/zika/dsk/forward_5522-6023.h5
    jobid: 52
    wildcards: sample=zika, seg=5522-6023


[Mon Mar  8 11:25:19 2021]
rule dskForward:
    input: /datater/wu/data/zika/split_forward/8534-9035.fasta
    output: /datater/wu/data/zika/dsk/forward_8534-9035.h5
    jobid: 14
    wildcards: sample=zika, seg=8534-9035


[Mon Mar  8 11:25:19 2021]
rule dskForward:
    input: /datater/wu/data/zika/split_forward/10291-10792.fasta
    output: /datater/wu/data/zika/dsk/forward_10291-10792.h5
    jobid: 13
    wildcards: sample=zika, seg=10291-10792


[Mon Mar  8 11:25:19 2021]
rule dskForward:
    input: /datater/wu/data/zika/split_forward/753-1254.fasta
    output: /datater/wu/data/zika/dsk/forward_753-1254.h5
    jobid: 36
    wildcards: sample=zika, seg=753-1254


[Mon Mar  8 11:25:19 2021]
rule dskForward:
    input: /datater/wu/data/zika/split_forward/6777-7278.fasta
    output: /datater/wu/data/zika/dsk/forward_6777-7278.h5
    jobid: 51
    wildcards: sample=zika, seg=6777-7278


[Mon Mar  8 11:25:19 2021]
rule dskForward:
    input: /datater/wu/data/zika/split_forward/4267-4768.fasta
    output: /datater/wu/data/zika/dsk/forward_4267-4768.h5
    jobid: 43
    wildcards: sample=zika, seg=4267-4768


[Mon Mar  8 11:25:19 2021]
rule dskForward:
    input: /datater/wu/data/zika/split_forward/3012-3513.fasta
    output: /datater/wu/data/zika/dsk/forward_3012-3513.h5
    jobid: 21
    wildcards: sample=zika, seg=3012-3513

[Mon Mar  8 11:25:22 2021]
Finished job 14.
2 of 217 steps (0.92%) done
Select jobs to execute...
[Mon Mar  8 11:25:22 2021]
Finished job 13.
3 of 217 steps (1%) done

[Mon Mar  8 11:25:22 2021]
rule dskForward:
    input: /datater/wu/data/zika/split_forward/2761-3262.fasta
    output: /datater/wu/data/zika/dsk/forward_2761-3262.h5
    jobid: 35
    wildcards: sample=zika, seg=2761-3262

[Mon Mar  8 11:25:22 2021]
Finished job 43.
4 of 217 steps (2%) done
Select jobs to execute...
[Mon Mar  8 11:25:22 2021]
Finished job 51.
5 of 217 steps (2%) done
[Mon Mar  8 11:25:22 2021]
Finished job 36.
6 of 217 steps (3%) done
[Mon Mar  8 11:25:22 2021]
Finished job 37.
7 of 217 steps (3%) done

[Mon Mar  8 11:25:22 2021]
rule dskForward:
    input: /datater/wu/data/zika/split_forward/1757-2258.fasta
    output: /datater/wu/data/zika/dsk/forward_1757-2258.h5
    jobid: 45
    wildcards: sample=zika, seg=1757-2258


[Mon Mar  8 11:25:22 2021]
rule dskForward:
    input: /datater/wu/data/zika/split_forward/6024-6525.fasta
    output: /datater/wu/data/zika/dsk/forward_6024-6525.h5
    jobid: 50
    wildcards: sample=zika, seg=6024-6525

[Mon Mar  8 11:25:22 2021]
Finished job 44.
8 of 217 steps (4%) done
Select jobs to execute...
[Mon Mar  8 11:25:22 2021]
Finished job 23.
9 of 217 steps (4%) done

[Mon Mar  8 11:25:22 2021]
rule dskForward:
    input: /datater/wu/data/zika/split_forward/3765-4266.fasta
    output: /datater/wu/data/zika/dsk/forward_3765-4266.h5
    jobid: 22
    wildcards: sample=zika, seg=3765-4266


[Mon Mar  8 11:25:22 2021]
rule dskForward:
    input: /datater/wu/data/zika/split_forward/4016-4517.fasta
    output: /datater/wu/data/zika/dsk/forward_4016-4517.h5
    jobid: 20
    wildcards: sample=zika, seg=4016-4517


[Mon Mar  8 11:25:22 2021]
rule dskForward:
    input: /datater/wu/data/zika/split_forward/251-752.fasta
    output: /datater/wu/data/zika/dsk/forward_251-752.h5
    jobid: 42
    wildcards: sample=zika, seg=251-752


[Mon Mar  8 11:25:22 2021]
rule dskForward:
    input: /datater/wu/data/zika/split_forward/502-1003.fasta
    output: /datater/wu/data/zika/dsk/forward_502-1003.h5
    jobid: 12
    wildcards: sample=zika, seg=502-1003

Select jobs to execute...
[Mon Mar  8 11:25:22 2021]
Finished job 21.
10 of 217 steps (5%) done
[Mon Mar  8 11:25:22 2021]
Finished job 29.
11 of 217 steps (5%) done

[Mon Mar  8 11:25:22 2021]
rule dskForward:
    input: /datater/wu/data/zika/split_forward/7781-8282.fasta
    output: /datater/wu/data/zika/dsk/forward_7781-8282.h5
    jobid: 30
    wildcards: sample=zika, seg=7781-8282


[Mon Mar  8 11:25:22 2021]
rule dskForwardOutput:
    input: /datater/wu/data/zika/dsk/forward_753-1254.h5
    output: /datater/wu/data/zika/dsk/forward_753-1254.kCount
    jobid: 79
    wildcards: sample=zika, seg=753-1254

Select jobs to execute...
[Mon Mar  8 11:25:22 2021]
Finished job 79.
12 of 217 steps (6%) done

[Mon Mar  8 11:25:22 2021]
rule dskForwardOutput:
    input: /datater/wu/data/zika/dsk/forward_6777-7278.h5
    output: /datater/wu/data/zika/dsk/forward_6777-7278.kCount
    jobid: 94
    wildcards: sample=zika, seg=6777-7278

Select jobs to execute...
[Mon Mar  8 11:25:22 2021]
Finished job 94.
13 of 217 steps (6%) done
[Mon Mar  8 11:25:22 2021]
Finished job 52.
14 of 217 steps (6%) done

[Mon Mar  8 11:25:22 2021]
rule dskForwardOutput:
    input: /datater/wu/data/zika/dsk/forward_4267-4768.h5
    output: /datater/wu/data/zika/dsk/forward_4267-4768.kCount
    jobid: 86
    wildcards: sample=zika, seg=4267-4768

Select jobs to execute...
[Mon Mar  8 11:25:22 2021]
Finished job 86.
15 of 217 steps (7%) done

[Mon Mar  8 11:25:22 2021]
rule dskForwardOutput:
    input: /datater/wu/data/zika/dsk/forward_5773-6274.h5
    output: /datater/wu/data/zika/dsk/forward_5773-6274.kCount
    jobid: 66
    wildcards: sample=zika, seg=5773-6274


[Mon Mar  8 11:25:22 2021]
rule dskForward:
    input: /datater/wu/data/zika/split_forward/2259-2760.fasta
    output: /datater/wu/data/zika/dsk/forward_2259-2760.h5
    jobid: 27
    wildcards: sample=zika, seg=2259-2760

Select jobs to execute...
[Mon Mar  8 11:25:22 2021]
Finished job 66.
16 of 217 steps (7%) done

[Mon Mar  8 11:25:22 2021]
rule dskForward:
    input: /datater/wu/data/zika/split_forward/3514-4015.fasta
    output: /datater/wu/data/zika/dsk/forward_3514-4015.h5
    jobid: 19
    wildcards: sample=zika, seg=3514-4015

Select jobs to execute...

[Mon Mar  8 11:25:22 2021]
rule dskForwardOutput:
    input: /datater/wu/data/zika/dsk/forward_10291-10792.h5
    output: /datater/wu/data/zika/dsk/forward_10291-10792.kCount
    jobid: 56
    wildcards: sample=zika, seg=10291-10792

Select jobs to execute...
Select jobs to execute...
Select jobs to execute...
Select jobs to execute...
Select jobs to execute...
Select jobs to execute...
[Mon Mar  8 11:25:22 2021]
Finished job 56.
17 of 217 steps (8%) done
Select jobs to execute...

[Mon Mar  8 11:25:22 2021]
rule dskForward:
    input: /datater/wu/data/zika/split_forward/7028-7529.fasta
    output: /datater/wu/data/zika/dsk/forward_7028-7529.h5
    jobid: 49
    wildcards: sample=zika, seg=7028-7529

[Mon Mar  8 11:25:24 2021]
Finished job 45.
18 of 217 steps (8%) done
Select jobs to execute...

[Mon Mar  8 11:25:24 2021]
rule dskForwardOutput:
    input: /datater/wu/data/zika/dsk/forward_3012-3513.h5
    output: /datater/wu/data/zika/dsk/forward_3012-3513.kCount
    jobid: 64
    wildcards: sample=zika, seg=3012-3513

[Mon Mar  8 11:25:24 2021]
Finished job 64.
19 of 217 steps (9%) done
Select jobs to execute...

[Mon Mar  8 11:25:24 2021]
rule dskForward:
    input: /datater/wu/data/zika/split_forward/5271-5772.fasta
    output: /datater/wu/data/zika/dsk/forward_5271-5772.h5
    jobid: 34
    wildcards: sample=zika, seg=5271-5772

[Mon Mar  8 11:25:24 2021]
Finished job 50.
20 of 217 steps (9%) done
Select jobs to execute...
[Mon Mar  8 11:25:24 2021]
Finished job 35.
21 of 217 steps (10%) done

[Mon Mar  8 11:25:24 2021]
rule dskForward:
    input: /datater/wu/data/zika/split_forward/5020-5521.fasta
    output: /datater/wu/data/zika/dsk/forward_5020-5521.h5
    jobid: 41
    wildcards: sample=zika, seg=5020-5521

Select jobs to execute...
[Mon Mar  8 11:25:24 2021]
Finished job 22.
22 of 217 steps (10%) done

[Mon Mar  8 11:25:24 2021]
rule dskForward:
    input: /datater/wu/data/zika/split_forward/8283-8784.fasta
    output: /datater/wu/data/zika/dsk/forward_8283-8784.h5
    jobid: 26
    wildcards: sample=zika, seg=8283-8784

Select jobs to execute...
[Mon Mar  8 11:25:24 2021]
Finished job 12.
23 of 217 steps (11%) done
[Mon Mar  8 11:25:24 2021]
Finished job 27.
24 of 217 steps (11%) done

[Mon Mar  8 11:25:24 2021]
rule dskForwardOutputSort:
    input: /datater/wu/data/zika/dsk/forward_5773-6274.kCount
    output: /datater/wu/data/zika/dsk/forward_5773-6274.kCountSorted
    jobid: 109
    wildcards: sample=zika, seg=5773-6274

Select jobs to execute...

[Mon Mar  8 11:25:24 2021]
rule dskForwardOutput:
    input: /datater/wu/data/zika/dsk/forward_4518-5019.h5
    output: /datater/wu/data/zika/dsk/forward_4518-5019.kCount
    jobid: 87
    wildcards: sample=zika, seg=4518-5019


[Mon Mar  8 11:25:24 2021]
[Mon Mar  8 11:25:24 2021]
rule dskForwardOutput:
    input: /datater/wu/data/zika/dsk/forward_1757-2258.h5
    output: /datater/wu/data/zika/dsk/forward_1757-2258.kCount
    jobid: 88
    wildcards: sample=zika, seg=1757-2258
Finished job 19.

25 of 217 steps (12%) done
Select jobs to execute...
[Mon Mar  8 11:25:24 2021]
Finished job 87.
26 of 217 steps (12%) done
[Mon Mar  8 11:25:24 2021]
Finished job 30.
27 of 217 steps (12%) done
[Mon Mar  8 11:25:24 2021]
Finished job 20.
28 of 217 steps (13%) done
[Mon Mar  8 11:25:24 2021]
Finished job 88.
29 of 217 steps (13%) done

[Mon Mar  8 11:25:24 2021]
rule dskForwardOutputSort:
    input: /datater/wu/data/zika/dsk/forward_753-1254.kCount
    output: /datater/wu/data/zika/dsk/forward_753-1254.kCountSorted
    jobid: 122
    wildcards: sample=zika, seg=753-1254

Select jobs to execute...
[Mon Mar  8 11:25:24 2021]
Finished job 42.
30 of 217 steps (14%) done

[Mon Mar  8 11:25:24 2021]
rule dskForwardOutput:
    input: /datater/wu/data/zika/dsk/forward_0-501.h5
    output: /datater/wu/data/zika/dsk/forward_0-501.kCount
    jobid: 72
    wildcards: sample=zika, seg=0-501


[Mon Mar  8 11:25:24 2021]
rule dskForwardOutputSort:
    input: /datater/wu/data/zika/dsk/forward_1757-2258.kCount
    output: /datater/wu/data/zika/dsk/forward_1757-2258.kCountSorted
    jobid: 131
    wildcards: sample=zika, seg=1757-2258

[Mon Mar  8 11:25:24 2021]
rule dskForwardOutput:
    input: /datater/wu/data/zika/dsk/forward_8534-9035.h5
    output: /datater/wu/data/zika/dsk/forward_8534-9035.kCount
    jobid: 57
    wildcards: sample=zika, seg=8534-9035


[Mon Mar  8 11:25:24 2021]
rule dskForward:
    input: /datater/wu/data/zika/split_forward/2510-3011.fasta
    output: /datater/wu/data/zika/dsk/forward_2510-3011.h5
    jobid: 28
    wildcards: sample=zika, seg=2510-3011


[Mon Mar  8 11:25:24 2021]
rule dskForwardOutputSort:
    input: /datater/wu/data/zika/dsk/forward_4518-5019.kCount
    output: /datater/wu/data/zika/dsk/forward_4518-5019.kCountSorted
    jobid: 130
    wildcards: sample=zika, seg=4518-5019

[Mon Mar  8 11:25:24 2021]
Finished job 72.
31 of 217 steps (14%) done
Select jobs to execute...
[Mon Mar  8 11:25:24 2021]
Finished job 57.
32 of 217 steps (15%) done

[Mon Mar  8 11:25:24 2021]
rule dskForward:
    input: /datater/wu/data/zika/split_forward/6275-6776.fasta
    output: /datater/wu/data/zika/dsk/forward_6275-6776.h5
    jobid: 48
    wildcards: sample=zika, seg=6275-6776

Select jobs to execute...

[Mon Mar  8 11:25:24 2021]
rule dskForward:
    input: /datater/wu/data/zika/split_forward/4769-5270.fasta
    output: /datater/wu/data/zika/dsk/forward_4769-5270.h5
    jobid: 33
    wildcards: sample=zika, seg=4769-5270

Select jobs to execute...
Select jobs to execute...
Select jobs to execute...
Select jobs to execute...
Select jobs to execute...
[Mon Mar  8 11:25:24 2021]
Finished job 49.
33 of 217 steps (15%) done
Select jobs to execute...

[Mon Mar  8 11:25:24 2021]
rule dskForwardOutputSort:
    input: /datater/wu/data/zika/dsk/forward_8534-9035.kCount
    output: /datater/wu/data/zika/dsk/forward_8534-9035.kCountSorted
    jobid: 100
    wildcards: sample=zika, seg=8534-9035

[Mon Mar  8 11:25:25 2021]
Finished job 109.
34 of 217 steps (16%) done
Select jobs to execute...

[Mon Mar  8 11:25:25 2021]
rule dskForwardOutputSort:
    input: /datater/wu/data/zika/dsk/forward_6777-7278.kCount
    output: /datater/wu/data/zika/dsk/forward_6777-7278.kCountSorted
    jobid: 137
    wildcards: sample=zika, seg=6777-7278

[Mon Mar  8 11:25:25 2021]
Finished job 122.
35 of 217 steps (16%) done
Select jobs to execute...
[Mon Mar  8 11:25:25 2021]
Finished job 131.
36 of 217 steps (17%) done

[Mon Mar  8 11:25:25 2021]
rule dskForwardOutput:
    input: /datater/wu/data/zika/dsk/forward_6024-6525.h5
    output: /datater/wu/data/zika/dsk/forward_6024-6525.kCount
    jobid: 93
    wildcards: sample=zika, seg=6024-6525

Select jobs to execute...
[Mon Mar  8 11:25:25 2021]
Finished job 93.
37 of 217 steps (17%) done

[Mon Mar  8 11:25:25 2021]
rule dskForward:
    input: /datater/wu/data/zika/split_forward/1004-1505.fasta
    output: /datater/wu/data/zika/dsk/forward_1004-1505.h5
    jobid: 18
    wildcards: sample=zika, seg=1004-1505

Select jobs to execute...
[Mon Mar  8 11:25:25 2021]
Finished job 130.
38 of 217 steps (18%) done

[Mon Mar  8 11:25:25 2021]
rule dskForwardOutput:
    input: /datater/wu/data/zika/dsk/forward_2761-3262.h5
    output: /datater/wu/data/zika/dsk/forward_2761-3262.kCount
    jobid: 78
    wildcards: sample=zika, seg=2761-3262

Select jobs to execute...
[Mon Mar  8 11:25:25 2021]
Finished job 78.
39 of 217 steps (18%) done

[Mon Mar  8 11:25:25 2021]
rule dskForwardOutput:
    input: /datater/wu/data/zika/dsk/forward_4016-4517.h5
    output: /datater/wu/data/zika/dsk/forward_4016-4517.kCount
    jobid: 63
    wildcards: sample=zika, seg=4016-4517

Select jobs to execute...
[Mon Mar  8 11:25:25 2021]
Finished job 63.
40 of 217 steps (18%) done

[Mon Mar  8 11:25:25 2021]
rule forward_TmCalculate:
    input: /datater/wu/data/zika/dsk/forward_5773-6274.kCountSorted
    output: /datater/wu/data/zika/primer3_Tm/forward_5773-6274.Tm
    jobid: 152
    wildcards: sample=zika, seg=5773-6274

Select jobs to execute...

[Mon Mar  8 11:25:25 2021]
rule forward_TmCalculate:
    input: /datater/wu/data/zika/dsk/forward_1757-2258.kCountSorted
    output: /datater/wu/data/zika/primer3_Tm/forward_1757-2258.Tm
    jobid: 174
    wildcards: sample=zika, seg=1757-2258

[Mon Mar  8 11:25:25 2021]
Finished job 100.
41 of 217 steps (19%) done
Select jobs to execute...

[Mon Mar  8 11:25:25 2021]
rule dskForwardOutput:
    input: /datater/wu/data/zika/dsk/forward_3514-4015.h5
    output: /datater/wu/data/zika/dsk/forward_3514-4015.kCount
    jobid: 62
    wildcards: sample=zika, seg=3514-4015

[Mon Mar  8 11:25:25 2021]
Finished job 62.
42 of 217 steps (19%) done
Select jobs to execute...

[Mon Mar  8 11:25:25 2021]
rule dskForwardOutputSort:
    input: /datater/wu/data/zika/dsk/forward_0-501.kCount
    output: /datater/wu/data/zika/dsk/forward_0-501.kCountSorted
    jobid: 115
    wildcards: sample=zika, seg=0-501

[Mon Mar  8 11:25:26 2021]
Finished job 137.
43 of 217 steps (20%) done
Select jobs to execute...

[Mon Mar  8 11:25:26 2021]
rule dskForwardOutput:
    input: /datater/wu/data/zika/dsk/forward_251-752.h5
    output: /datater/wu/data/zika/dsk/forward_251-752.kCount
    jobid: 85
    wildcards: sample=zika, seg=251-752

[Mon Mar  8 11:25:26 2021]
Finished job 85.
44 of 217 steps (20%) done
Select jobs to execute...

[Mon Mar  8 11:25:26 2021]
rule dskForwardOutput:
    input: /datater/wu/data/zika/dsk/forward_502-1003.h5
    output: /datater/wu/data/zika/dsk/forward_502-1003.kCount
    jobid: 55
    wildcards: sample=zika, seg=502-1003

[Mon Mar  8 11:25:26 2021]
Finished job 55.
45 of 217 steps (21%) done
Select jobs to execute...
[Mon Mar  8 11:25:26 2021]
Finished job 152.
46 of 217 steps (21%) done

[Mon Mar  8 11:25:26 2021]
rule dskForwardOutputSort:
    input: /datater/wu/data/zika/dsk/forward_4267-4768.kCount
    output: /datater/wu/data/zika/dsk/forward_4267-4768.kCountSorted
    jobid: 129
    wildcards: sample=zika, seg=4267-4768

Select jobs to execute...

[Mon Mar  8 11:25:26 2021]
rule dskForward:
    input: /datater/wu/data/zika/split_forward/1506-2007.fasta
    output: /datater/wu/data/zika/dsk/forward_1506-2007.h5
    jobid: 40
    wildcards: sample=zika, seg=1506-2007

[Mon Mar  8 11:25:26 2021]
Finished job 174.
47 of 217 steps (22%) done
Select jobs to execute...

[Mon Mar  8 11:25:26 2021]
checkpoint filterOut_forward:
    input: /datater/wu/data/zika/primer3_Tm/forward_5773-6274.Tm
    output: /datater/wu/data/zika/primer3_Tm/forward_5773-6274.TmFilterered
    jobid: 195
    wildcards: sample=zika, seg=5773-6274
Downstream jobs will be updated after completion.

[Mon Mar  8 11:25:26 2021]
Finished job 115.
48 of 217 steps (22%) done
Select jobs to execute...

[Mon Mar  8 11:25:26 2021]
rule dskForwardOutputSort:
    input: /datater/wu/data/zika/dsk/forward_2761-3262.kCount
    output: /datater/wu/data/zika/dsk/forward_2761-3262.kCountSorted
    jobid: 121
    wildcards: sample=zika, seg=2761-3262

[Mon Mar  8 11:25:26 2021]
Finished job 34.
49 of 217 steps (23%) done
Select jobs to execute...

[Mon Mar  8 11:25:26 2021]
rule dskForwardOutput:
    input: /datater/wu/data/zika/dsk/forward_5271-5772.h5
    output: /datater/wu/data/zika/dsk/forward_5271-5772.kCount
    jobid: 77
    wildcards: sample=zika, seg=5271-5772

[Mon Mar  8 11:25:26 2021]
Finished job 77.
50 of 217 steps (23%) done
Select jobs to execute...
[Mon Mar  8 11:25:26 2021]
Finished job 41.
51 of 217 steps (24%) done

[Mon Mar  8 11:25:26 2021]
rule dskForwardOutput:
    input: /datater/wu/data/zika/dsk/forward_3765-4266.h5
    output: /datater/wu/data/zika/dsk/forward_3765-4266.kCount
    jobid: 65
    wildcards: sample=zika, seg=3765-4266

Select jobs to execute...
[Mon Mar  8 11:25:26 2021]
Finished job 65.
52 of 217 steps (24%) done

[Mon Mar  8 11:25:26 2021]
rule dskForward:
    input: /datater/wu/data/zika/split_forward/8785-9286.fasta
    output: /datater/wu/data/zika/dsk/forward_8785-9286.h5
    jobid: 25
    wildcards: sample=zika, seg=8785-9286

Select jobs to execute...

[Mon Mar  8 11:25:26 2021]
rule dskForwardOutputSort:
    input: /datater/wu/data/zika/dsk/forward_3765-4266.kCount
    output: /datater/wu/data/zika/dsk/forward_3765-4266.kCountSorted
    jobid: 108
    wildcards: sample=zika, seg=3765-4266

[Mon Mar  8 11:25:26 2021]
Finished job 26.
53 of 217 steps (24%) done
Select jobs to execute...

[Mon Mar  8 11:25:26 2021]
rule dskForwardOutput:
    input: /datater/wu/data/zika/dsk/forward_2259-2760.h5
    output: /datater/wu/data/zika/dsk/forward_2259-2760.kCount
    jobid: 70
    wildcards: sample=zika, seg=2259-2760

[Mon Mar  8 11:25:26 2021]
Finished job 70.
54 of 217 steps (25%) done
Select jobs to execute...
[Mon Mar  8 11:25:26 2021]
Finished job 28.
55 of 217 steps (25%) done

[Mon Mar  8 11:25:26 2021]
rule dskForwardOutputSort:
    input: /datater/wu/data/zika/dsk/forward_2259-2760.kCount
    output: /datater/wu/data/zika/dsk/forward_2259-2760.kCountSorted
    jobid: 113
    wildcards: sample=zika, seg=2259-2760

Select jobs to execute...
[Mon Mar  8 11:25:27 2021]
Finished job 48.
56 of 217 steps (26%) done

[Mon Mar  8 11:25:27 2021]
rule dskForwardOutput:
    input: /datater/wu/data/zika/dsk/forward_2510-3011.h5
    output: /datater/wu/data/zika/dsk/forward_2510-3011.kCount
    jobid: 71
    wildcards: sample=zika, seg=2510-3011

Select jobs to execute...
[Mon Mar  8 11:25:27 2021]
Finished job 71.
57 of 217 steps (26%) done

[Mon Mar  8 11:25:27 2021]
rule dskForwardOutput:
    input: /datater/wu/data/zika/dsk/forward_6275-6776.h5
    output: /datater/wu/data/zika/dsk/forward_6275-6776.kCount
    jobid: 91
    wildcards: sample=zika, seg=6275-6776

Select jobs to execute...

[Mon Mar  8 11:25:27 2021]
rule dskForwardOutputSort:
    input: /datater/wu/data/zika/dsk/forward_2510-3011.kCount
    output: /datater/wu/data/zika/dsk/forward_2510-3011.kCountSorted
    jobid: 114
    wildcards: sample=zika, seg=2510-3011

[Mon Mar  8 11:25:27 2021]
Finished job 129.
58 of 217 steps (27%) done
[Mon Mar  8 11:25:27 2021]
Finished job 91.
59 of 217 steps (27%) done
Select jobs to execute...
[Mon Mar  8 11:25:27 2021]
Finished job 33.
60 of 217 steps (28%) done

[Mon Mar  8 11:25:27 2021]
rule dskForward:
    input: /datater/wu/data/zika/split_forward/3263-3764.fasta
    output: /datater/wu/data/zika/dsk/forward_3263-3764.h5
    jobid: 15
    wildcards: sample=zika, seg=3263-3764


[Mon Mar  8 11:25:27 2021]
rule dskForwardOutput:
    input: /datater/wu/data/zika/dsk/forward_5522-6023.h5
    output: /datater/wu/data/zika/dsk/forward_5522-6023.kCount
    jobid: 95
    wildcards: sample=zika, seg=5522-6023

Select jobs to execute...
[Mon Mar  8 11:25:27 2021]
Finished job 95.
61 of 217 steps (28%) done

[Mon Mar  8 11:25:27 2021]
rule dskForwardOutputSort:
    input: /datater/wu/data/zika/dsk/forward_3012-3513.kCount
    output: /datater/wu/data/zika/dsk/forward_3012-3513.kCountSorted
    jobid: 107
    wildcards: sample=zika, seg=3012-3513

Select jobs to execute...

[Mon Mar  8 11:25:27 2021]
rule dskForwardOutputSort:
    input: /datater/wu/data/zika/dsk/forward_5522-6023.kCount
    output: /datater/wu/data/zika/dsk/forward_5522-6023.kCountSorted
    jobid: 138
    wildcards: sample=zika, seg=5522-6023

Select jobs to execute...
[Mon Mar  8 11:25:27 2021]
Finished job 121.
62 of 217 steps (29%) done
Select jobs to execute...

[Mon Mar  8 11:25:27 2021]
rule dskForwardOutput:
    input: /datater/wu/data/zika/dsk/forward_10542-10780.h5
    output: /datater/wu/data/zika/dsk/forward_10542-10780.kCount
    jobid: 80
    wildcards: sample=zika, seg=10542-10780

[Mon Mar  8 11:25:27 2021]
Finished job 80.
63 of 217 steps (29%) done
Select jobs to execute...

[Mon Mar  8 11:25:27 2021]
rule dskForwardOutputSort:
    input: /datater/wu/data/zika/dsk/forward_10542-10780.kCount
    output: /datater/wu/data/zika/dsk/forward_10542-10780.kCountSorted
    jobid: 123
    wildcards: sample=zika, seg=10542-10780

[Mon Mar  8 11:25:27 2021]
Finished job 108.
64 of 217 steps (29%) done
Select jobs to execute...

[Mon Mar  8 11:25:27 2021]
rule dskForward:
    input: /datater/wu/data/zika/split_forward/10040-10541.fasta
    output: /datater/wu/data/zika/dsk/forward_10040-10541.h5
    jobid: 47
    wildcards: sample=zika, seg=10040-10541

Updating job all.
[Mon Mar  8 11:25:27 2021]
Finished job 195.
65 of 217 steps (30%) done
Select jobs to execute...

[Mon Mar  8 11:25:27 2021]
rule dskForward:
    input: /datater/wu/data/zika/split_forward/7279-7780.fasta
    output: /datater/wu/data/zika/dsk/forward_7279-7780.h5
    jobid: 31
    wildcards: sample=zika, seg=7279-7780

[Mon Mar  8 11:25:27 2021]
Finished job 18.
66 of 217 steps (30%) done
Select jobs to execute...
[Mon Mar  8 11:25:27 2021]
Finished job 114.
67 of 217 steps (31%) done

[Mon Mar  8 11:25:27 2021]
rule forward_TmCalculate:
    input: /datater/wu/data/zika/dsk/forward_4267-4768.kCountSorted
    output: /datater/wu/data/zika/primer3_Tm/forward_4267-4768.Tm
    jobid: 172
    wildcards: sample=zika, seg=4267-4768

Select jobs to execute...
[Mon Mar  8 11:25:27 2021]
Finished job 113.
68 of 217 steps (31%) done

[Mon Mar  8 11:25:27 2021]
rule dskForward:
    input: /datater/wu/data/zika/split_forward/9036-9537.fasta
    output: /datater/wu/data/zika/dsk/forward_9036-9537.h5
    jobid: 46
    wildcards: sample=zika, seg=9036-9537

Select jobs to execute...
[Mon Mar  8 11:25:28 2021]
Finished job 138.
69 of 217 steps (32%) done

[Mon Mar  8 11:25:28 2021]
rule dskForwardOutputSort:
    input: /datater/wu/data/zika/dsk/forward_5271-5772.kCount
    output: /datater/wu/data/zika/dsk/forward_5271-5772.kCountSorted
    jobid: 120
    wildcards: sample=zika, seg=5271-5772

Select jobs to execute...

[Mon Mar  8 11:25:28 2021]
rule forward_TmCalculate:
    input: /datater/wu/data/zika/dsk/forward_6777-7278.kCountSorted
    output: /datater/wu/data/zika/primer3_Tm/forward_6777-7278.Tm
    jobid: 180
    wildcards: sample=zika, seg=6777-7278

[Mon Mar  8 11:25:28 2021]
Finished job 107.
70 of 217 steps (32%) done
Select jobs to execute...

[Mon Mar  8 11:25:28 2021]
rule dskForwardOutputSort:
    input: /datater/wu/data/zika/dsk/forward_502-1003.kCount
    output: /datater/wu/data/zika/dsk/forward_502-1003.kCountSorted
    jobid: 98
    wildcards: sample=zika, seg=502-1003

[Mon Mar  8 11:25:28 2021]
Finished job 123.
71 of 217 steps (33%) done
Select jobs to execute...

[Mon Mar  8 11:25:28 2021]
rule dskForward:
    input: /datater/wu/data/zika/split_forward/9789-10290.fasta
    output: /datater/wu/data/zika/dsk/forward_9789-10290.h5
    jobid: 16
    wildcards: sample=zika, seg=9789-10290

[Mon Mar  8 11:25:28 2021]
Finished job 40.
72 of 217 steps (33%) done
[Mon Mar  8 11:25:28 2021]
Finished job 172.
73 of 217 steps (34%) done
Select jobs to execute...

[Mon Mar  8 11:25:28 2021]
rule dskForwardOutput:
    input: /datater/wu/data/zika/dsk/forward_7028-7529.h5
    output: /datater/wu/data/zika/dsk/forward_7028-7529.kCount
    jobid: 92
    wildcards: sample=zika, seg=7028-7529


[Mon Mar  8 11:25:28 2021]
rule forward_TmCalculate:
    input: /datater/wu/data/zika/dsk/forward_5522-6023.kCountSorted
    output: /datater/wu/data/zika/primer3_Tm/forward_5522-6023.Tm
    jobid: 181
    wildcards: sample=zika, seg=5522-6023

Select jobs to execute...
[Mon Mar  8 11:25:28 2021]
Finished job 92.
74 of 217 steps (34%) done
Select jobs to execute...
[Mon Mar  8 11:25:28 2021]
Finished job 120.
75 of 217 steps (35%) done

[Mon Mar  8 11:25:28 2021]
rule dskForwardOutputSort:
    input: /datater/wu/data/zika/dsk/forward_7028-7529.kCount
    output: /datater/wu/data/zika/dsk/forward_7028-7529.kCountSorted
    jobid: 135
    wildcards: sample=zika, seg=7028-7529

Select jobs to execute...
[Mon Mar  8 11:25:28 2021]
Finished job 180.
76 of 217 steps (35%) done

[Mon Mar  8 11:25:28 2021]
rule dskForward:
    input: /datater/wu/data/zika/split_forward/7530-8031.fasta
    output: /datater/wu/data/zika/dsk/forward_7530-8031.h5
    jobid: 38
    wildcards: sample=zika, seg=7530-8031

Select jobs to execute...
[Mon Mar  8 11:25:28 2021]
Finished job 98.
77 of 217 steps (35%) done

[Mon Mar  8 11:25:28 2021]
checkpoint filterOut_forward:
    input: /datater/wu/data/zika/primer3_Tm/forward_1757-2258.Tm
    output: /datater/wu/data/zika/primer3_Tm/forward_1757-2258.TmFilterered
    jobid: 217
    wildcards: sample=zika, seg=1757-2258
Downstream jobs will be updated after completion.

Select jobs to execute...

[Mon Mar  8 11:25:28 2021]
rule dskForwardOutput:
    input: /datater/wu/data/zika/dsk/forward_1506-2007.h5
    output: /datater/wu/data/zika/dsk/forward_1506-2007.kCount
    jobid: 83
    wildcards: sample=zika, seg=1506-2007

[Mon Mar  8 11:25:28 2021]
Finished job 83.
78 of 217 steps (36%) done
Select jobs to execute...

[Mon Mar  8 11:25:28 2021]
rule forward_TmCalculate:
    input: /datater/wu/data/zika/dsk/forward_3012-3513.kCountSorted
    output: /datater/wu/data/zika/primer3_Tm/forward_3012-3513.Tm
    jobid: 150
    wildcards: sample=zika, seg=3012-3513

[Mon Mar  8 11:25:29 2021]
Finished job 25.
79 of 217 steps (36%) done
Select jobs to execute...

[Mon Mar  8 11:25:29 2021]
rule dskForwardOutputSort:
    input: /datater/wu/data/zika/dsk/forward_4016-4517.kCount
    output: /datater/wu/data/zika/dsk/forward_4016-4517.kCountSorted
    jobid: 106
    wildcards: sample=zika, seg=4016-4517

[Mon Mar  8 11:25:29 2021]
Finished job 15.
80 of 217 steps (37%) done
Select jobs to execute...

[Mon Mar  8 11:25:29 2021]
rule forward_TmCalculate:
    input: /datater/wu/data/zika/dsk/forward_2510-3011.kCountSorted
    output: /datater/wu/data/zika/primer3_Tm/forward_2510-3011.Tm
    jobid: 157
    wildcards: sample=zika, seg=2510-3011

[Mon Mar  8 11:25:29 2021]
Finished job 135.
81 of 217 steps (37%) done
Select jobs to execute...

[Mon Mar  8 11:25:29 2021]
rule forward_TmCalculate:
    input: /datater/wu/data/zika/dsk/forward_753-1254.kCountSorted
    output: /datater/wu/data/zika/primer3_Tm/forward_753-1254.Tm
    jobid: 165
    wildcards: sample=zika, seg=753-1254

[Mon Mar  8 11:25:29 2021]
Finished job 181.
82 of 217 steps (38%) done
Select jobs to execute...

[Mon Mar  8 11:25:29 2021]
rule dskForwardOutput:
    input: /datater/wu/data/zika/dsk/forward_1004-1505.h5
    output: /datater/wu/data/zika/dsk/forward_1004-1505.kCount
    jobid: 61
    wildcards: sample=zika, seg=1004-1505

[Mon Mar  8 11:25:29 2021]
Finished job 61.
83 of 217 steps (38%) done
Select jobs to execute...
[Mon Mar  8 11:25:29 2021]
Finished job 47.
84 of 217 steps (39%) done

[Mon Mar  8 11:25:29 2021]
rule dskForwardOutput:
    input: /datater/wu/data/zika/dsk/forward_8785-9286.h5
    output: /datater/wu/data/zika/dsk/forward_8785-9286.kCount
    jobid: 68
    wildcards: sample=zika, seg=8785-9286

Select jobs to execute...
[Mon Mar  8 11:25:29 2021]
Finished job 68.
85 of 217 steps (39%) done

[Mon Mar  8 11:25:29 2021]
rule dskForwardOutput:
    input: /datater/wu/data/zika/dsk/forward_4769-5270.h5
    output: /datater/wu/data/zika/dsk/forward_4769-5270.kCount
    jobid: 76
    wildcards: sample=zika, seg=4769-5270

Select jobs to execute...
[Mon Mar  8 11:25:29 2021]
Finished job 76.
86 of 217 steps (40%) done

[Mon Mar  8 11:25:29 2021]
rule dskForwardOutputSort:
    input: /datater/wu/data/zika/dsk/forward_10291-10792.kCount
    output: /datater/wu/data/zika/dsk/forward_10291-10792.kCountSorted
    jobid: 99
    wildcards: sample=zika, seg=10291-10792

Select jobs to execute...
[Mon Mar  8 11:25:29 2021]
Finished job 150.
87 of 217 steps (40%) done

[Mon Mar  8 11:25:29 2021]
rule forward_TmCalculate:
    input: /datater/wu/data/zika/dsk/forward_0-501.kCountSorted
    output: /datater/wu/data/zika/primer3_Tm/forward_0-501.Tm
    jobid: 158
    wildcards: sample=zika, seg=0-501

Select jobs to execute...

[Mon Mar  8 11:25:29 2021]
rule forward_TmCalculate:
    input: /datater/wu/data/zika/dsk/forward_10542-10780.kCountSorted
    output: /datater/wu/data/zika/primer3_Tm/forward_10542-10780.Tm
    jobid: 166
    wildcards: sample=zika, seg=10542-10780

Updating job all.
[Mon Mar  8 11:25:30 2021]
Finished job 217.
88 of 217 steps (41%) done
Select jobs to execute...

[Mon Mar  8 11:25:30 2021]
rule dskForward:
    input: /datater/wu/data/zika/split_forward/9287-9788.fasta
    output: /datater/wu/data/zika/dsk/forward_9287-9788.h5
    jobid: 54
    wildcards: sample=zika, seg=9287-9788

[Mon Mar  8 11:25:30 2021]
Finished job 106.
89 of 217 steps (41%) done
Select jobs to execute...
[Mon Mar  8 11:25:30 2021]
Finished job 31.
90 of 217 steps (41%) done

[Mon Mar  8 11:25:30 2021]
rule dskForwardOutput:
    input: /datater/wu/data/zika/dsk/forward_8283-8784.h5
    output: /datater/wu/data/zika/dsk/forward_8283-8784.kCount
    jobid: 69
    wildcards: sample=zika, seg=8283-8784

Select jobs to execute...
[Mon Mar  8 11:25:30 2021]
Finished job 69.
91 of 217 steps (42%) done

[Mon Mar  8 11:25:30 2021]
rule dskForwardOutputSort:
    input: /datater/wu/data/zika/dsk/forward_251-752.kCount
    output: /datater/wu/data/zika/dsk/forward_251-752.kCountSorted
    jobid: 128
    wildcards: sample=zika, seg=251-752

Select jobs to execute...

[Mon Mar  8 11:25:30 2021]
rule dskForward:
    input: /datater/wu/data/zika/split_forward/8032-8533.fasta
    output: /datater/wu/data/zika/dsk/forward_8032-8533.h5
    jobid: 53
    wildcards: sample=zika, seg=8032-8533

[Mon Mar  8 11:25:30 2021]
Finished job 157.
92 of 217 steps (42%) done
Select jobs to execute...

[Mon Mar  8 11:25:30 2021]
rule forward_TmCalculate:
    input: /datater/wu/data/zika/dsk/forward_4518-5019.kCountSorted
    output: /datater/wu/data/zika/primer3_Tm/forward_4518-5019.Tm
    jobid: 173
    wildcards: sample=zika, seg=4518-5019

[Mon Mar  8 11:25:30 2021]
Finished job 46.
93 of 217 steps (43%) done
Select jobs to execute...

[Mon Mar  8 11:25:30 2021]
rule dskForwardOutput:
    input: /datater/wu/data/zika/dsk/forward_5020-5521.h5
    output: /datater/wu/data/zika/dsk/forward_5020-5521.kCount
    jobid: 84
    wildcards: sample=zika, seg=5020-5521

[Mon Mar  8 11:25:30 2021]
Finished job 84.
94 of 217 steps (43%) done
Select jobs to execute...

[Mon Mar  8 11:25:30 2021]
rule dskForwardOutputSort:
    input: /datater/wu/data/zika/dsk/forward_8283-8784.kCount
    output: /datater/wu/data/zika/dsk/forward_8283-8784.kCountSorted
    jobid: 112
    wildcards: sample=zika, seg=8283-8784

[Mon Mar  8 11:25:30 2021]
Finished job 165.
95 of 217 steps (44%) done
Select jobs to execute...

[Mon Mar  8 11:25:30 2021]
rule dskForward:
    input: /datater/wu/data/zika/split_forward/6526-7027.fasta
    output: /datater/wu/data/zika/dsk/forward_6526-7027.h5
    jobid: 39
    wildcards: sample=zika, seg=6526-7027

[Mon Mar  8 11:25:30 2021]
Finished job 16.
96 of 217 steps (44%) done
Select jobs to execute...
[Mon Mar  8 11:25:30 2021]
Finished job 99.
97 of 217 steps (45%) done

[Mon Mar  8 11:25:30 2021]
rule dskForward:
    input: /datater/wu/data/zika/split_forward/1255-1756.fasta
    output: /datater/wu/data/zika/dsk/forward_1255-1756.h5
    jobid: 32
    wildcards: sample=zika, seg=1255-1756

Select jobs to execute...

[Mon Mar  8 11:25:30 2021]
rule forward_TmCalculate:
    input: /datater/wu/data/zika/dsk/forward_10291-10792.kCountSorted
    output: /datater/wu/data/zika/primer3_Tm/forward_10291-10792.Tm
    jobid: 142
    wildcards: sample=zika, seg=10291-10792

[Mon Mar  8 11:25:30 2021]
Finished job 158.
98 of 217 steps (45%) done
Select jobs to execute...

[Mon Mar  8 11:25:30 2021]
rule dskForwardOutputSort:
    input: /datater/wu/data/zika/dsk/forward_6024-6525.kCount
    output: /datater/wu/data/zika/dsk/forward_6024-6525.kCountSorted
    jobid: 136
    wildcards: sample=zika, seg=6024-6525

[Mon Mar  8 11:25:30 2021]
Finished job 166.
99 of 217 steps (46%) done
Select jobs to execute...

[Mon Mar  8 11:25:30 2021]
rule forward_TmCalculate:
    input: /datater/wu/data/zika/dsk/forward_3765-4266.kCountSorted
    output: /datater/wu/data/zika/primer3_Tm/forward_3765-4266.Tm
    jobid: 151
    wildcards: sample=zika, seg=3765-4266

[Mon Mar  8 11:25:31 2021]
Finished job 128.
100 of 217 steps (46%) done
Select jobs to execute...

[Mon Mar  8 11:25:31 2021]
rule dskForward:
    input: /datater/wu/data/zika/split_forward/9538-10039.fasta
    output: /datater/wu/data/zika/dsk/forward_9538-10039.h5
    jobid: 24
    wildcards: sample=zika, seg=9538-10039

[Mon Mar  8 11:25:31 2021]
Finished job 173.
101 of 217 steps (47%) done
Select jobs to execute...

[Mon Mar  8 11:25:31 2021]
rule forward_TmCalculate:
    input: /datater/wu/data/zika/dsk/forward_8534-9035.kCountSorted
    output: /datater/wu/data/zika/primer3_Tm/forward_8534-9035.Tm
    jobid: 143
    wildcards: sample=zika, seg=8534-9035

[Mon Mar  8 11:25:31 2021]
Finished job 38.
102 of 217 steps (47%) done
Select jobs to execute...

[Mon Mar  8 11:25:31 2021]
rule forward_TmCalculate:
    input: /datater/wu/data/zika/dsk/forward_2259-2760.kCountSorted
    output: /datater/wu/data/zika/primer3_Tm/forward_2259-2760.Tm
    jobid: 156
    wildcards: sample=zika, seg=2259-2760

[Mon Mar  8 11:25:31 2021]
Finished job 112.
103 of 217 steps (47%) done
Select jobs to execute...

[Mon Mar  8 11:25:31 2021]
rule dskForward:
    input: /datater/wu/data/zika/split_forward/2008-2509.fasta
    output: /datater/wu/data/zika/dsk/forward_2008-2509.h5
    jobid: 17
    wildcards: sample=zika, seg=2008-2509

[Mon Mar  8 11:25:31 2021]
Finished job 142.
104 of 217 steps (48%) done
Select jobs to execute...
[Mon Mar  8 11:25:31 2021]
Finished job 136.
105 of 217 steps (48%) done

[Mon Mar  8 11:25:31 2021]
rule dskForwardOutputSort:
    input: /datater/wu/data/zika/dsk/forward_1004-1505.kCount
    output: /datater/wu/data/zika/dsk/forward_1004-1505.kCountSorted
    jobid: 104
    wildcards: sample=zika, seg=1004-1505

Select jobs to execute...

[Mon Mar  8 11:25:31 2021]
rule dskForwardOutputSort:
    input: /datater/wu/data/zika/dsk/forward_8785-9286.kCount
    output: /datater/wu/data/zika/dsk/forward_8785-9286.kCountSorted
    jobid: 111
    wildcards: sample=zika, seg=8785-9286

[Mon Mar  8 11:25:31 2021]
Finished job 151.
106 of 217 steps (49%) done
Select jobs to execute...

[Mon Mar  8 11:25:31 2021]
rule dskForwardOutput:
    input: /datater/wu/data/zika/dsk/forward_7279-7780.h5
    output: /datater/wu/data/zika/dsk/forward_7279-7780.kCount
    jobid: 74
    wildcards: sample=zika, seg=7279-7780

[Mon Mar  8 11:25:31 2021]
Finished job 74.
107 of 217 steps (49%) done
Select jobs to execute...

[Mon Mar  8 11:25:31 2021]
rule forward_TmCalculate:
    input: /datater/wu/data/zika/dsk/forward_5271-5772.kCountSorted
    output: /datater/wu/data/zika/primer3_Tm/forward_5271-5772.Tm
    jobid: 163
    wildcards: sample=zika, seg=5271-5772

[Mon Mar  8 11:25:31 2021]
Finished job 156.
108 of 217 steps (50%) done
Select jobs to execute...

[Mon Mar  8 11:25:31 2021]
checkpoint filterOut_forward:
    input: /datater/wu/data/zika/primer3_Tm/forward_2259-2760.Tm
    output: /datater/wu/data/zika/primer3_Tm/forward_2259-2760.TmFilterered
    jobid: 199
    wildcards: sample=zika, seg=2259-2760
Downstream jobs will be updated after completion.

[Mon Mar  8 11:25:31 2021]
Finished job 143.
109 of 217 steps (50%) done
Select jobs to execute...

[Mon Mar  8 11:25:31 2021]
rule dskForwardOutput:
    input: /datater/wu/data/zika/dsk/forward_3263-3764.h5
    output: /datater/wu/data/zika/dsk/forward_3263-3764.kCount
    jobid: 58
    wildcards: sample=zika, seg=3263-3764

[Mon Mar  8 11:25:31 2021]
Finished job 58.
110 of 217 steps (51%) done
Select jobs to execute...

[Mon Mar  8 11:25:31 2021]
rule dskForwardOutputSort:
    input: /datater/wu/data/zika/dsk/forward_3263-3764.kCount
    output: /datater/wu/data/zika/dsk/forward_3263-3764.kCountSorted
    jobid: 101
    wildcards: sample=zika, seg=3263-3764

[Mon Mar  8 11:25:32 2021]
Finished job 104.
111 of 217 steps (51%) done
Select jobs to execute...

[Mon Mar  8 11:25:32 2021]
rule dskForwardOutput:
    input: /datater/wu/data/zika/dsk/forward_7781-8282.h5
    output: /datater/wu/data/zika/dsk/forward_7781-8282.kCount
    jobid: 73
    wildcards: sample=zika, seg=7781-8282

[Mon Mar  8 11:25:32 2021]
Finished job 111.
112 of 217 steps (52%) done
Select jobs to execute...
[Mon Mar  8 11:25:32 2021]
Finished job 73.
113 of 217 steps (52%) done

[Mon Mar  8 11:25:32 2021]
rule forward_TmCalculate:
    input: /datater/wu/data/zika/dsk/forward_8785-9286.kCountSorted
    output: /datater/wu/data/zika/primer3_Tm/forward_8785-9286.Tm
    jobid: 154
    wildcards: sample=zika, seg=8785-9286

Select jobs to execute...

[Mon Mar  8 11:25:32 2021]
rule dskForwardOutputSort:
    input: /datater/wu/data/zika/dsk/forward_7781-8282.kCount
    output: /datater/wu/data/zika/dsk/forward_7781-8282.kCountSorted
    jobid: 116
    wildcards: sample=zika, seg=7781-8282

[Mon Mar  8 11:25:32 2021]
Finished job 163.
114 of 217 steps (53%) done
Select jobs to execute...
[Mon Mar  8 11:25:32 2021]
Finished job 54.
115 of 217 steps (53%) done

[Mon Mar  8 11:25:32 2021]
checkpoint filterOut_forward:
    input: /datater/wu/data/zika/primer3_Tm/forward_5271-5772.Tm
    output: /datater/wu/data/zika/primer3_Tm/forward_5271-5772.TmFilterered
    jobid: 206
    wildcards: sample=zika, seg=5271-5772
Downstream jobs will be updated after completion.

Select jobs to execute...

[Mon Mar  8 11:25:32 2021]
checkpoint filterOut_forward:
    input: /datater/wu/data/zika/primer3_Tm/forward_4267-4768.Tm
    output: /datater/wu/data/zika/primer3_Tm/forward_4267-4768.TmFilterered
    jobid: 215
    wildcards: sample=zika, seg=4267-4768
Downstream jobs will be updated after completion.

[Mon Mar  8 11:25:32 2021]
Finished job 53.
116 of 217 steps (53%) done
Select jobs to execute...

[Mon Mar  8 11:25:32 2021]
rule dskForwardOutput:
    input: /datater/wu/data/zika/dsk/forward_8032-8533.h5
    output: /datater/wu/data/zika/dsk/forward_8032-8533.kCount
    jobid: 96
    wildcards: sample=zika, seg=8032-8533

[Mon Mar  8 11:25:32 2021]
Finished job 96.
117 of 217 steps (54%) done
Select jobs to execute...

[Mon Mar  8 11:25:32 2021]
rule dskForwardOutputSort:
    input: /datater/wu/data/zika/dsk/forward_8032-8533.kCount
    output: /datater/wu/data/zika/dsk/forward_8032-8533.kCountSorted
    jobid: 139
    wildcards: sample=zika, seg=8032-8533

[Mon Mar  8 11:25:32 2021]
Finished job 101.
118 of 217 steps (54%) done
Select jobs to execute...

[Mon Mar  8 11:25:32 2021]
rule forward_TmCalculate:
    input: /datater/wu/data/zika/dsk/forward_3263-3764.kCountSorted
    output: /datater/wu/data/zika/primer3_Tm/forward_3263-3764.Tm
    jobid: 144
    wildcards: sample=zika, seg=3263-3764

[Mon Mar  8 11:25:32 2021]
Finished job 39.
119 of 217 steps (55%) done
Select jobs to execute...
[Mon Mar  8 11:25:33 2021]
Finished job 32.
120 of 217 steps (55%) done

[Mon Mar  8 11:25:33 2021]
rule dskForwardOutputSort:
    input: /datater/wu/data/zika/dsk/forward_1506-2007.kCount
    output: /datater/wu/data/zika/dsk/forward_1506-2007.kCountSorted
    jobid: 126
    wildcards: sample=zika, seg=1506-2007

Select jobs to execute...

[Mon Mar  8 11:25:33 2021]
rule forward_TmCalculate:
    input: /datater/wu/data/zika/dsk/forward_6024-6525.kCountSorted
    output: /datater/wu/data/zika/primer3_Tm/forward_6024-6525.Tm
    jobid: 179
    wildcards: sample=zika, seg=6024-6525

Updating job all.
[Mon Mar  8 11:25:33 2021]
Finished job 199.
121 of 217 steps (56%) done
[Mon Mar  8 11:25:33 2021]
Finished job 116.
122 of 217 steps (56%) done
Select jobs to execute...

[Mon Mar  8 11:25:33 2021]
rule dskForwardOutput:
    input: /datater/wu/data/zika/dsk/forward_10040-10541.h5
    output: /datater/wu/data/zika/dsk/forward_10040-10541.kCount
    jobid: 90
    wildcards: sample=zika, seg=10040-10541


[Mon Mar  8 11:25:33 2021]
rule dskForwardOutput:
    input: /datater/wu/data/zika/dsk/forward_9789-10290.h5
    output: /datater/wu/data/zika/dsk/forward_9789-10290.kCount
    jobid: 59
    wildcards: sample=zika, seg=9789-10290

Select jobs to execute...
[Mon Mar  8 11:25:33 2021]
Finished job 90.
123 of 217 steps (57%) done
Select jobs to execute...
[Mon Mar  8 11:25:33 2021]
Finished job 59.
124 of 217 steps (57%) done

[Mon Mar  8 11:25:33 2021]
rule forward_TmCalculate:
    input: /datater/wu/data/zika/dsk/forward_7781-8282.kCountSorted
    output: /datater/wu/data/zika/primer3_Tm/forward_7781-8282.Tm
    jobid: 159
    wildcards: sample=zika, seg=7781-8282

Select jobs to execute...

[Mon Mar  8 11:25:33 2021]
rule dskForwardOutputSort:
    input: /datater/wu/data/zika/dsk/forward_9789-10290.kCount
    output: /datater/wu/data/zika/dsk/forward_9789-10290.kCountSorted
    jobid: 102
    wildcards: sample=zika, seg=9789-10290

[Mon Mar  8 11:25:33 2021]
Finished job 154.
125 of 217 steps (58%) done
Select jobs to execute...

[Mon Mar  8 11:25:33 2021]
checkpoint filterOut_forward:
    input: /datater/wu/data/zika/primer3_Tm/forward_8785-9286.Tm
    output: /datater/wu/data/zika/primer3_Tm/forward_8785-9286.TmFilterered
    jobid: 197
    wildcards: sample=zika, seg=8785-9286
Downstream jobs will be updated after completion.

[Mon Mar  8 11:25:33 2021]
Finished job 24.
126 of 217 steps (58%) done
Select jobs to execute...

[Mon Mar  8 11:25:33 2021]
checkpoint filterOut_forward:
    input: /datater/wu/data/zika/primer3_Tm/forward_753-1254.Tm
    output: /datater/wu/data/zika/primer3_Tm/forward_753-1254.TmFilterered
    jobid: 208
    wildcards: sample=zika, seg=753-1254
Downstream jobs will be updated after completion.

[Mon Mar  8 11:25:33 2021]
Finished job 139.
127 of 217 steps (59%) done
Select jobs to execute...

[Mon Mar  8 11:25:33 2021]
rule forward_TmCalculate:
    input: /datater/wu/data/zika/dsk/forward_8032-8533.kCountSorted
    output: /datater/wu/data/zika/primer3_Tm/forward_8032-8533.Tm
    jobid: 182
    wildcards: sample=zika, seg=8032-8533

Updating job all.
[Mon Mar  8 11:25:33 2021]
Finished job 206.
128 of 217 steps (59%) done
[Mon Mar  8 11:25:33 2021]
Finished job 17.
129 of 217 steps (59%) done
Select jobs to execute...
[Mon Mar  8 11:25:33 2021]
Finished job 144.
130 of 217 steps (60%) done
Updating job all.
[Mon Mar  8 11:25:33 2021]
Finished job 215.
131 of 217 steps (60%) done

[Mon Mar  8 11:25:33 2021]
checkpoint filterOut_forward:
    input: /datater/wu/data/zika/primer3_Tm/forward_3765-4266.Tm
    output: /datater/wu/data/zika/primer3_Tm/forward_3765-4266.TmFilterered
    jobid: 194
    wildcards: sample=zika, seg=3765-4266
Downstream jobs will be updated after completion.

[Mon Mar  8 11:25:33 2021]
rule dskForwardOutput:
    input: /datater/wu/data/zika/dsk/forward_6526-7027.h5
    output: /datater/wu/data/zika/dsk/forward_6526-7027.kCount
    jobid: 82
    wildcards: sample=zika, seg=6526-7027
[Mon Mar  8 11:25:33 2021]

Finished job 126.
132 of 217 steps (61%) done
Select jobs to execute...
[Mon Mar  8 11:25:33 2021]
Finished job 82.
133 of 217 steps (61%) done
[Mon Mar  8 11:25:33 2021]
Finished job 179.
134 of 217 steps (62%) done

[Mon Mar  8 11:25:33 2021]
rule dskForwardOutputSort:
    input: /datater/wu/data/zika/dsk/forward_6275-6776.kCount
    output: /datater/wu/data/zika/dsk/forward_6275-6776.kCountSorted
    jobid: 134
    wildcards: sample=zika, seg=6275-6776

[Mon Mar  8 11:25:33 2021]
rule forward_TmCalculate:
    input: /datater/wu/data/zika/dsk/forward_8283-8784.kCountSorted
    output: /datater/wu/data/zika/primer3_Tm/forward_8283-8784.Tm
    jobid: 155
    wildcards: sample=zika, seg=8283-8784

[Mon Mar  8 11:25:33 2021]
checkpoint filterOut_forward:
    input: /datater/wu/data/zika/primer3_Tm/forward_4518-5019.Tm
    output: /datater/wu/data/zika/primer3_Tm/forward_4518-5019.TmFilterered
    jobid: 216
    wildcards: sample=zika, seg=4518-5019
Downstream jobs will be updated after completion.

Select jobs to execute...

[Mon Mar  8 11:25:33 2021]
rule dskForwardOutputSort:
    input: /datater/wu/data/zika/dsk/forward_4769-5270.kCount
    output: /datater/wu/data/zika/dsk/forward_4769-5270.kCountSorted
    jobid: 119
    wildcards: sample=zika, seg=4769-5270

[Mon Mar  8 11:25:33 2021]
checkpoint filterOut_forward:
    input: /datater/wu/data/zika/primer3_Tm/forward_6024-6525.Tm
    output: /datater/wu/data/zika/primer3_Tm/forward_6024-6525.TmFilterered
    jobid: 222
    wildcards: sample=zika, seg=6024-6525
Downstream jobs will be updated after completion.

Select jobs to execute...
Select jobs to execute...
Select jobs to execute...
Select jobs to execute...
[Mon Mar  8 11:25:34 2021]
Finished job 102.
135 of 217 steps (62%) done
Select jobs to execute...

[Mon Mar  8 11:25:34 2021]
checkpoint filterOut_forward:
    input: /datater/wu/data/zika/primer3_Tm/forward_3263-3764.Tm
    output: /datater/wu/data/zika/primer3_Tm/forward_3263-3764.TmFilterered
    jobid: 187
    wildcards: sample=zika, seg=3263-3764
Downstream jobs will be updated after completion.

[Mon Mar  8 11:25:34 2021]
Finished job 159.
136 of 217 steps (63%) done
Select jobs to execute...

[Mon Mar  8 11:25:34 2021]
checkpoint filterOut_forward:
    input: /datater/wu/data/zika/primer3_Tm/forward_7781-8282.Tm
    output: /datater/wu/data/zika/primer3_Tm/forward_7781-8282.TmFilterered
    jobid: 202
    wildcards: sample=zika, seg=7781-8282
Downstream jobs will be updated after completion.

[Mon Mar  8 11:25:34 2021]
Finished job 182.
137 of 217 steps (63%) done
Select jobs to execute...

[Mon Mar  8 11:25:34 2021]
rule dskForwardOutputSort:
    input: /datater/wu/data/zika/dsk/forward_5020-5521.kCount
    output: /datater/wu/data/zika/dsk/forward_5020-5521.kCountSorted
    jobid: 127
    wildcards: sample=zika, seg=5020-5521

Updating job all.
[Mon Mar  8 11:25:34 2021]
Finished job 197.
138 of 217 steps (64%) done
Select jobs to execute...

[Mon Mar  8 11:25:34 2021]
rule forward_TmCalculate:
    input: /datater/wu/data/zika/dsk/forward_9789-10290.kCountSorted
    output: /datater/wu/data/zika/primer3_Tm/forward_9789-10290.Tm
    jobid: 145
    wildcards: sample=zika, seg=9789-10290

[Mon Mar  8 11:25:34 2021]
Finished job 134.
139 of 217 steps (64%) done
Select jobs to execute...
Updating job all.
[Mon Mar  8 11:25:35 2021]
Finished job 208.
140 of 217 steps (65%) done
[Mon Mar  8 11:25:35 2021]
Finished job 119.
141 of 217 steps (65%) done

[Mon Mar  8 11:25:35 2021]
rule forward_TmCalculate:
    input: /datater/wu/data/zika/dsk/forward_1506-2007.kCountSorted
    output: /datater/wu/data/zika/primer3_Tm/forward_1506-2007.Tm
    jobid: 169
    wildcards: sample=zika, seg=1506-2007

Select jobs to execute...
[Mon Mar  8 11:25:35 2021]
Finished job 155.
142 of 217 steps (65%) done

[Mon Mar  8 11:25:35 2021]
rule dskForwardOutput:
    input: /datater/wu/data/zika/dsk/forward_1255-1756.h5
    output: /datater/wu/data/zika/dsk/forward_1255-1756.kCount
    jobid: 75
    wildcards: sample=zika, seg=1255-1756


[Mon Mar  8 11:25:35 2021]
rule forward_TmCalculate:
    input: /datater/wu/data/zika/dsk/forward_4769-5270.kCountSorted
    output: /datater/wu/data/zika/primer3_Tm/forward_4769-5270.Tm
    jobid: 162
    wildcards: sample=zika, seg=4769-5270

Select jobs to execute...
[Mon Mar  8 11:25:35 2021]
Finished job 75.
143 of 217 steps (66%) done

[Mon Mar  8 11:25:35 2021]
checkpoint filterOut_forward:
    input: /datater/wu/data/zika/primer3_Tm/forward_8283-8784.Tm
    output: /datater/wu/data/zika/primer3_Tm/forward_8283-8784.TmFilterered
    jobid: 198
    wildcards: sample=zika, seg=8283-8784
Downstream jobs will be updated after completion.

Select jobs to execute...

[Mon Mar  8 11:25:35 2021]
rule dskForwardOutput:
    input: /datater/wu/data/zika/dsk/forward_9538-10039.h5
    output: /datater/wu/data/zika/dsk/forward_9538-10039.kCount
    jobid: 67
    wildcards: sample=zika, seg=9538-10039

Select jobs to execute...
[Mon Mar  8 11:25:35 2021]
Finished job 67.
144 of 217 steps (66%) done
Select jobs to execute...

[Mon Mar  8 11:25:35 2021]
rule dskForwardOutputSort:
    input: /datater/wu/data/zika/dsk/forward_9538-10039.kCount
    output: /datater/wu/data/zika/dsk/forward_9538-10039.kCountSorted
    jobid: 110
    wildcards: sample=zika, seg=9538-10039

Updating job all.
[Mon Mar  8 11:25:35 2021]
Finished job 194.
145 of 217 steps (67%) done
Select jobs to execute...

[Mon Mar  8 11:25:35 2021]
checkpoint filterOut_forward:
    input: /datater/wu/data/zika/primer3_Tm/forward_2510-3011.Tm
    output: /datater/wu/data/zika/primer3_Tm/forward_2510-3011.TmFilterered
    jobid: 200
    wildcards: sample=zika, seg=2510-3011
Downstream jobs will be updated after completion.

Updating job all.
[Mon Mar  8 11:25:35 2021]
Finished job 216.
146 of 217 steps (67%) done
Updating job all.
[Mon Mar  8 11:25:35 2021]
Finished job 222.
147 of 217 steps (68%) done
[Mon Mar  8 11:25:35 2021]
Finished job 127.
148 of 217 steps (68%) done
Select jobs to execute...

[Mon Mar  8 11:25:35 2021]
checkpoint filterOut_forward:
    input: /datater/wu/data/zika/primer3_Tm/forward_3012-3513.Tm
    output: /datater/wu/data/zika/primer3_Tm/forward_3012-3513.TmFilterered
    jobid: 193
    wildcards: sample=zika, seg=3012-3513
Downstream jobs will be updated after completion.

[Mon Mar  8 11:25:35 2021]
checkpoint filterOut_forward:
    input: /datater/wu/data/zika/primer3_Tm/forward_10291-10792.Tm
    output: /datater/wu/data/zika/primer3_Tm/forward_10291-10792.TmFilterered
    jobid: 185
    wildcards: sample=zika, seg=10291-10792
Downstream jobs will be updated after completion.

[Mon Mar  8 11:25:35 2021]
checkpoint filterOut_forward:
    input: /datater/wu/data/zika/primer3_Tm/forward_0-501.Tm
    output: /datater/wu/data/zika/primer3_Tm/forward_0-501.TmFilterered
    jobid: 201
    wildcards: sample=zika, seg=0-501
Downstream jobs will be updated after completion.

Select jobs to execute...
Select jobs to execute...
Updating job all.
[Mon Mar  8 11:25:35 2021]
Finished job 202.
149 of 217 steps (69%) done
Select jobs to execute...
Updating job all.
[Mon Mar  8 11:25:35 2021]
Finished job 187.
150 of 217 steps (69%) done

[Mon Mar  8 11:25:35 2021]
rule dskForwardOutputSort:
    input: /datater/wu/data/zika/dsk/forward_6526-7027.kCount
    output: /datater/wu/data/zika/dsk/forward_6526-7027.kCountSorted
    jobid: 125
    wildcards: sample=zika, seg=6526-7027

Select jobs to execute...

[Mon Mar  8 11:25:35 2021]
[Mon Mar  8 11:25:35 2021]
Finished job 145.
rule forward_TmCalculate:
    input: /datater/wu/data/zika/dsk/forward_5020-5521.kCountSorted
    output: /datater/wu/data/zika/primer3_Tm/forward_5020-5521.Tm
    jobid: 170
    wildcards: sample=zika, seg=5020-5521
151 of 217 steps (70%) done

Select jobs to execute...

[Mon Mar  8 11:25:35 2021]
checkpoint filterOut_forward:
    input: /datater/wu/data/zika/primer3_Tm/forward_9789-10290.Tm
    output: /datater/wu/data/zika/primer3_Tm/forward_9789-10290.TmFilterered
    jobid: 188
    wildcards: sample=zika, seg=9789-10290
Downstream jobs will be updated after completion.

[Mon Mar  8 11:25:36 2021]
Finished job 162.
152 of 217 steps (70%) done
Select jobs to execute...

[Mon Mar  8 11:25:36 2021]
checkpoint filterOut_forward:
    input: /datater/wu/data/zika/primer3_Tm/forward_4769-5270.Tm
    output: /datater/wu/data/zika/primer3_Tm/forward_4769-5270.TmFilterered
    jobid: 205
    wildcards: sample=zika, seg=4769-5270
Downstream jobs will be updated after completion.

[Mon Mar  8 11:25:36 2021]
Finished job 169.
153 of 217 steps (71%) done
Select jobs to execute...

[Mon Mar  8 11:25:36 2021]
checkpoint filterOut_forward:
    input: /datater/wu/data/zika/primer3_Tm/forward_1506-2007.Tm
    output: /datater/wu/data/zika/primer3_Tm/forward_1506-2007.TmFilterered
    jobid: 212
    wildcards: sample=zika, seg=1506-2007
Downstream jobs will be updated after completion.

[Mon Mar  8 11:25:36 2021]
Finished job 110.
154 of 217 steps (71%) done
Select jobs to execute...

[Mon Mar  8 11:25:36 2021]
rule forward_TmCalculate:
    input: /datater/wu/data/zika/dsk/forward_9538-10039.kCountSorted
    output: /datater/wu/data/zika/primer3_Tm/forward_9538-10039.Tm
    jobid: 153
    wildcards: sample=zika, seg=9538-10039

Updating job all.
[Mon Mar  8 11:25:36 2021]
Finished job 198.
155 of 217 steps (71%) done
Select jobs to execute...

[Mon Mar  8 11:25:36 2021]
rule forward_TmCalculate:
    input: /datater/wu/data/zika/dsk/forward_6275-6776.kCountSorted
    output: /datater/wu/data/zika/primer3_Tm/forward_6275-6776.Tm
    jobid: 177
    wildcards: sample=zika, seg=6275-6776

[Mon Mar  8 11:25:36 2021]
Finished job 125.
156 of 217 steps (72%) done
Select jobs to execute...

[Mon Mar  8 11:25:36 2021]
rule forward_TmCalculate:
    input: /datater/wu/data/zika/dsk/forward_6526-7027.kCountSorted
    output: /datater/wu/data/zika/primer3_Tm/forward_6526-7027.Tm
    jobid: 168
    wildcards: sample=zika, seg=6526-7027

Updating job all.
[Mon Mar  8 11:25:36 2021]
Finished job 200.
157 of 217 steps (72%) done
[Mon Mar  8 11:25:36 2021]
Finished job 170.
158 of 217 steps (73%) done
Select jobs to execute...

[Mon Mar  8 11:25:36 2021]
checkpoint filterOut_forward:
    input: /datater/wu/data/zika/primer3_Tm/forward_10542-10780.Tm
    output: /datater/wu/data/zika/primer3_Tm/forward_10542-10780.TmFilterered
    jobid: 209
    wildcards: sample=zika, seg=10542-10780
Downstream jobs will be updated after completion.

[Mon Mar  8 11:25:36 2021]
rule forward_TmCalculate:
    input: /datater/wu/data/zika/dsk/forward_502-1003.kCountSorted
    output: /datater/wu/data/zika/primer3_Tm/forward_502-1003.Tm
    jobid: 141
    wildcards: sample=zika, seg=502-1003

Select jobs to execute...
Updating job all.
[Mon Mar  8 11:25:37 2021]
Finished job 201.
159 of 217 steps (73%) done
Select jobs to execute...
Updating job all.
[Mon Mar  8 11:25:37 2021]
Finished job 185.
160 of 217 steps (74%) done
Updating job all.
[Mon Mar  8 11:25:37 2021]
Finished job 193.
161 of 217 steps (74%) done

[Mon Mar  8 11:25:37 2021]
checkpoint filterOut_forward:
    input: /datater/wu/data/zika/primer3_Tm/forward_5522-6023.Tm
    output: /datater/wu/data/zika/primer3_Tm/forward_5522-6023.TmFilterered
    jobid: 224
    wildcards: sample=zika, seg=5522-6023
Downstream jobs will be updated after completion.

[Mon Mar  8 11:25:37 2021]
rule forward_TmCalculate:
    input: /datater/wu/data/zika/dsk/forward_1004-1505.kCountSorted
    output: /datater/wu/data/zika/primer3_Tm/forward_1004-1505.Tm
    jobid: 147
    wildcards: sample=zika, seg=1004-1505

Select jobs to execute...
[Mon Mar  8 11:25:37 2021]
Finished job 153.
162 of 217 steps (75%) done

[Mon Mar  8 11:25:37 2021]
rule dskForwardOutputSort:
    input: /datater/wu/data/zika/dsk/forward_10040-10541.kCount
    output: /datater/wu/data/zika/dsk/forward_10040-10541.kCountSorted
    jobid: 133
    wildcards: sample=zika, seg=10040-10541

Select jobs to execute...

[Mon Mar  8 11:25:37 2021]
rule dskForwardOutput:
    input: /datater/wu/data/zika/dsk/forward_9036-9537.h5
    output: /datater/wu/data/zika/dsk/forward_9036-9537.kCount
    jobid: 89
    wildcards: sample=zika, seg=9036-9537

Select jobs to execute...
Updating job all.
[Mon Mar  8 11:25:37 2021]
Finished job 188.
163 of 217 steps (75%) done
[Mon Mar  8 11:25:37 2021]
Finished job 89.
164 of 217 steps (76%) done
Select jobs to execute...

[Mon Mar  8 11:25:37 2021]
rule forward_TmCalculate:
    input: /datater/wu/data/zika/dsk/forward_7028-7529.kCountSorted
    output: /datater/wu/data/zika/primer3_Tm/forward_7028-7529.Tm
    jobid: 178
    wildcards: sample=zika, seg=7028-7529

[Mon Mar  8 11:25:37 2021]
rule dskForwardOutputSort:
    input: /datater/wu/data/zika/dsk/forward_1255-1756.kCount
    output: /datater/wu/data/zika/dsk/forward_1255-1756.kCountSorted
    jobid: 118
    wildcards: sample=zika, seg=1255-1756

Select jobs to execute...
[Mon Mar  8 11:25:37 2021]
Finished job 177.
165 of 217 steps (76%) done
Select jobs to execute...
Updating job all.
[Mon Mar  8 11:25:37 2021]
Finished job 205.
166 of 217 steps (76%) done

[Mon Mar  8 11:25:37 2021]
rule dskForwardOutput:
    input: /datater/wu/data/zika/dsk/forward_2008-2509.h5
    output: /datater/wu/data/zika/dsk/forward_2008-2509.kCount
    jobid: 60
    wildcards: sample=zika, seg=2008-2509

Select jobs to execute...
[Mon Mar  8 11:25:37 2021]
Finished job 60.
167 of 217 steps (77%) done
Updating job all.
[Mon Mar  8 11:25:37 2021]
Finished job 212.
168 of 217 steps (77%) done

[Mon Mar  8 11:25:37 2021]
rule dskForwardOutputSort:
    input: /datater/wu/data/zika/dsk/forward_7279-7780.kCount
    output: /datater/wu/data/zika/dsk/forward_7279-7780.kCountSorted
    jobid: 117
    wildcards: sample=zika, seg=7279-7780

Select jobs to execute...

[Mon Mar  8 11:25:37 2021]
checkpoint filterOut_forward:
    input: /datater/wu/data/zika/primer3_Tm/forward_8534-9035.Tm
    output: /datater/wu/data/zika/primer3_Tm/forward_8534-9035.TmFilterered
    jobid: 186
    wildcards: sample=zika, seg=8534-9035
Downstream jobs will be updated after completion.

[Mon Mar  8 11:25:37 2021]
checkpoint filterOut_forward:
    input: /datater/wu/data/zika/primer3_Tm/forward_6777-7278.Tm
    output: /datater/wu/data/zika/primer3_Tm/forward_6777-7278.TmFilterered
    jobid: 223
    wildcards: sample=zika, seg=6777-7278
Downstream jobs will be updated after completion.

Select jobs to execute...
[Mon Mar  8 11:25:37 2021]
Finished job 168.
169 of 217 steps (78%) done
Select jobs to execute...

[Mon Mar  8 11:25:37 2021]
rule dskForwardOutputSort:
    input: /datater/wu/data/zika/dsk/forward_9036-9537.kCount
    output: /datater/wu/data/zika/dsk/forward_9036-9537.kCountSorted
    jobid: 132
    wildcards: sample=zika, seg=9036-9537

[Mon Mar  8 11:25:37 2021]
Finished job 141.
170 of 217 steps (78%) done
Select jobs to execute...

[Mon Mar  8 11:25:37 2021]
rule dskForwardOutputSort:
    input: /datater/wu/data/zika/dsk/forward_2008-2509.kCount
    output: /datater/wu/data/zika/dsk/forward_2008-2509.kCountSorted
    jobid: 103
    wildcards: sample=zika, seg=2008-2509

[Mon Mar  8 11:25:38 2021]
Finished job 133.
171 of 217 steps (79%) done
Select jobs to execute...
[Mon Mar  8 11:25:38 2021]
Finished job 147.
172 of 217 steps (79%) done

[Mon Mar  8 11:25:38 2021]
checkpoint filterOut_forward:
    input: /datater/wu/data/zika/primer3_Tm/forward_6275-6776.Tm
    output: /datater/wu/data/zika/primer3_Tm/forward_6275-6776.TmFilterered
    jobid: 220
    wildcards: sample=zika, seg=6275-6776
Downstream jobs will be updated after completion.

Select jobs to execute...

[Mon Mar  8 11:25:38 2021]
checkpoint filterOut_forward:
    input: /datater/wu/data/zika/primer3_Tm/forward_5020-5521.Tm
    output: /datater/wu/data/zika/primer3_Tm/forward_5020-5521.TmFilterered
    jobid: 213
    wildcards: sample=zika, seg=5020-5521
Downstream jobs will be updated after completion.

[Mon Mar  8 11:25:38 2021]
Finished job 118.
173 of 217 steps (80%) done
Select jobs to execute...
[Mon Mar  8 11:25:38 2021]
Finished job 178.
174 of 217 steps (80%) done
Updating job all.
[Mon Mar  8 11:25:38 2021]
Finished job 209.
175 of 217 steps (81%) done

[Mon Mar  8 11:25:38 2021]
checkpoint filterOut_forward:
    input: /datater/wu/data/zika/primer3_Tm/forward_1004-1505.Tm
    output: /datater/wu/data/zika/primer3_Tm/forward_1004-1505.TmFilterered
    jobid: 190
    wildcards: sample=zika, seg=1004-1505
Downstream jobs will be updated after completion.

Select jobs to execute...

[Mon Mar  8 11:25:38 2021]
checkpoint filterOut_forward:
    input: /datater/wu/data/zika/primer3_Tm/forward_502-1003.Tm
    output: /datater/wu/data/zika/primer3_Tm/forward_502-1003.TmFilterered
    jobid: 184
    wildcards: sample=zika, seg=502-1003
Downstream jobs will be updated after completion.

[Mon Mar  8 11:25:38 2021]
checkpoint filterOut_forward:
    input: /datater/wu/data/zika/primer3_Tm/forward_7028-7529.Tm
    output: /datater/wu/data/zika/primer3_Tm/forward_7028-7529.TmFilterered
    jobid: 221
    wildcards: sample=zika, seg=7028-7529
Downstream jobs will be updated after completion.

Updating job all.
[Mon Mar  8 11:25:38 2021]
Finished job 224.
176 of 217 steps (81%) done
Select jobs to execute...
[Mon Mar  8 11:25:38 2021]
Finished job 117.
177 of 217 steps (82%) done

[Mon Mar  8 11:25:38 2021]
rule forward_TmCalculate:
    input: /datater/wu/data/zika/dsk/forward_4016-4517.kCountSorted
    output: /datater/wu/data/zika/primer3_Tm/forward_4016-4517.Tm
    jobid: 149
    wildcards: sample=zika, seg=4016-4517

Select jobs to execute...

[Mon Mar  8 11:25:38 2021]
rule forward_TmCalculate:
    input: /datater/wu/data/zika/dsk/forward_2761-3262.kCountSorted
    output: /datater/wu/data/zika/primer3_Tm/forward_2761-3262.Tm
    jobid: 164
    wildcards: sample=zika, seg=2761-3262

Select jobs to execute...
[Mon Mar  8 11:25:38 2021]
Finished job 132.
178 of 217 steps (82%) done
Select jobs to execute...

[Mon Mar  8 11:25:38 2021]
rule forward_TmCalculate:
    input: /datater/wu/data/zika/dsk/forward_7279-7780.kCountSorted
    output: /datater/wu/data/zika/primer3_Tm/forward_7279-7780.Tm
    jobid: 160
    wildcards: sample=zika, seg=7279-7780

Updating job all.
[Mon Mar  8 11:25:38 2021]
Finished job 186.
179 of 217 steps (82%) done
[Mon Mar  8 11:25:38 2021]
Finished job 103.
180 of 217 steps (83%) done
Select jobs to execute...

[Mon Mar  8 11:25:39 2021]
rule forward_TmCalculate:
    input: /datater/wu/data/zika/dsk/forward_251-752.kCountSorted
    output: /datater/wu/data/zika/primer3_Tm/forward_251-752.Tm
    jobid: 171
    wildcards: sample=zika, seg=251-752

[Mon Mar  8 11:25:39 2021]
rule forward_TmCalculate:
    input: /datater/wu/data/zika/dsk/forward_10040-10541.kCountSorted
    output: /datater/wu/data/zika/primer3_Tm/forward_10040-10541.Tm
    jobid: 176
    wildcards: sample=zika, seg=10040-10541

Select jobs to execute...
Updating job all.
[Mon Mar  8 11:25:39 2021]
Finished job 223.
181 of 217 steps (83%) done
Select jobs to execute...

[Mon Mar  8 11:25:39 2021]
rule dskForwardOutputSort:
    input: /datater/wu/data/zika/dsk/forward_3514-4015.kCount
    output: /datater/wu/data/zika/dsk/forward_3514-4015.kCountSorted
    jobid: 105
    wildcards: sample=zika, seg=3514-4015

[Mon Mar  8 11:25:39 2021]
Finished job 149.
182 of 217 steps (84%) done
Select jobs to execute...

[Mon Mar  8 11:25:39 2021]
checkpoint filterOut_forward:
    input: /datater/wu/data/zika/primer3_Tm/forward_4016-4517.Tm
    output: /datater/wu/data/zika/primer3_Tm/forward_4016-4517.TmFilterered
    jobid: 192
    wildcards: sample=zika, seg=4016-4517
Downstream jobs will be updated after completion.

Updating job all.
[Mon Mar  8 11:25:39 2021]
Finished job 220.
183 of 217 steps (84%) done
Select jobs to execute...

[Mon Mar  8 11:25:39 2021]
rule dskForwardOutput:
    input: /datater/wu/data/zika/dsk/forward_7530-8031.h5
    output: /datater/wu/data/zika/dsk/forward_7530-8031.kCount
    jobid: 81
    wildcards: sample=zika, seg=7530-8031

[Mon Mar  8 11:25:39 2021]
Finished job 164.
184 of 217 steps (85%) done
Select jobs to execute...
Updating job all.
[Mon Mar  8 11:25:39 2021]
Finished job 213.
185 of 217 steps (85%) done
[Mon Mar  8 11:25:39 2021]
Finished job 81.
186 of 217 steps (86%) done

[Mon Mar  8 11:25:39 2021]
checkpoint filterOut_forward:
    input: /datater/wu/data/zika/primer3_Tm/forward_2761-3262.Tm
    output: /datater/wu/data/zika/primer3_Tm/forward_2761-3262.TmFilterered
    jobid: 207
    wildcards: sample=zika, seg=2761-3262
Downstream jobs will be updated after completion.

Select jobs to execute...

[Mon Mar  8 11:25:39 2021]
rule dskForwardOutputSort:
    input: /datater/wu/data/zika/dsk/forward_7530-8031.kCount
    output: /datater/wu/data/zika/dsk/forward_7530-8031.kCountSorted
    jobid: 124
    wildcards: sample=zika, seg=7530-8031

[Mon Mar  8 11:25:39 2021]
rule forward_TmCalculate:
    input: /datater/wu/data/zika/dsk/forward_1255-1756.kCountSorted
    output: /datater/wu/data/zika/primer3_Tm/forward_1255-1756.Tm
    jobid: 161
    wildcards: sample=zika, seg=1255-1756

Select jobs to execute...
Updating job all.
[Mon Mar  8 11:25:39 2021]
Finished job 221.
187 of 217 steps (86%) done
[Mon Mar  8 11:25:39 2021]
Finished job 160.
188 of 217 steps (87%) done
Updating job all.
[Mon Mar  8 11:25:39 2021]
Finished job 190.
189 of 217 steps (87%) done
[Mon Mar  8 11:25:39 2021]
Finished job 176.
190 of 217 steps (88%) done
Select jobs to execute...
[Mon Mar  8 11:25:39 2021]
Finished job 171.
191 of 217 steps (88%) done
Updating job all.
[Mon Mar  8 11:25:40 2021]
Finished job 184.
192 of 217 steps (88%) done
[Mon Mar  8 11:25:40 2021]
Finished job 105.
193 of 217 steps (89%) done

[Mon Mar  8 11:25:40 2021]
checkpoint filterOut_forward:
    input: /datater/wu/data/zika/primer3_Tm/forward_8032-8533.Tm
    output: /datater/wu/data/zika/primer3_Tm/forward_8032-8533.TmFilterered
    jobid: 225
    wildcards: sample=zika, seg=8032-8533
Downstream jobs will be updated after completion.

[Mon Mar  8 11:25:40 2021]
rule dskForwardOutput:
    input: /datater/wu/data/zika/dsk/forward_9287-9788.h5
    output: /datater/wu/data/zika/dsk/forward_9287-9788.kCount
    jobid: 97
    wildcards: sample=zika, seg=9287-9788


[Mon Mar  8 11:25:40 2021]
checkpoint filterOut_forward:
    input: /datater/wu/data/zika/primer3_Tm/forward_10040-10541.Tm
    output: /datater/wu/data/zika/primer3_Tm/forward_10040-10541.TmFilterered
    jobid: 219
    wildcards: sample=zika, seg=10040-10541
Downstream jobs will be updated after completion.

[Mon Mar  8 11:25:40 2021]
rule forward_TmCalculate:
    input: /datater/wu/data/zika/dsk/forward_2008-2509.kCountSorted
    output: /datater/wu/data/zika/primer3_Tm/forward_2008-2509.Tm
    jobid: 146
    wildcards: sample=zika, seg=2008-2509

[Mon Mar  8 11:25:40 2021]
checkpoint filterOut_forward:
    input: /datater/wu/data/zika/primer3_Tm/forward_6526-7027.Tm
    output: /datater/wu/data/zika/primer3_Tm/forward_6526-7027.TmFilterered
    jobid: 211
    wildcards: sample=zika, seg=6526-7027
Downstream jobs will be updated after completion.

Select jobs to execute...
[Mon Mar  8 11:25:40 2021]
Finished job 97.
194 of 217 steps (89%) done

[Mon Mar  8 11:25:40 2021]
checkpoint filterOut_forward:
    input: /datater/wu/data/zika/primer3_Tm/forward_251-752.Tm
    output: /datater/wu/data/zika/primer3_Tm/forward_251-752.TmFilterered
    jobid: 214
    wildcards: sample=zika, seg=251-752
Downstream jobs will be updated after completion.

[Mon Mar  8 11:25:40 2021]
rule forward_TmCalculate:
    input: /datater/wu/data/zika/dsk/forward_3514-4015.kCountSorted
    output: /datater/wu/data/zika/primer3_Tm/forward_3514-4015.Tm
    jobid: 148
    wildcards: sample=zika, seg=3514-4015

Select jobs to execute...

[Mon Mar  8 11:25:40 2021]
rule forward_TmCalculate:
    input: /datater/wu/data/zika/dsk/forward_9036-9537.kCountSorted
    output: /datater/wu/data/zika/primer3_Tm/forward_9036-9537.Tm
    jobid: 175
    wildcards: sample=zika, seg=9036-9537

Select jobs to execute...
Select jobs to execute...
Select jobs to execute...
Select jobs to execute...
Select jobs to execute...
[Mon Mar  8 11:25:40 2021]
Finished job 124.
195 of 217 steps (90%) done
Select jobs to execute...

[Mon Mar  8 11:25:40 2021]
checkpoint filterOut_forward:
    input: /datater/wu/data/zika/primer3_Tm/forward_7279-7780.Tm
    output: /datater/wu/data/zika/primer3_Tm/forward_7279-7780.TmFilterered
    jobid: 203
    wildcards: sample=zika, seg=7279-7780
Downstream jobs will be updated after completion.

[Mon Mar  8 11:25:40 2021]
Finished job 161.
196 of 217 steps (90%) done
Select jobs to execute...
Updating job all.
[Mon Mar  8 11:25:40 2021]
Finished job 192.
197 of 217 steps (91%) done

[Mon Mar  8 11:25:40 2021]
checkpoint filterOut_forward:
    input: /datater/wu/data/zika/primer3_Tm/forward_1255-1756.Tm
    output: /datater/wu/data/zika/primer3_Tm/forward_1255-1756.TmFilterered
    jobid: 204
    wildcards: sample=zika, seg=1255-1756
Downstream jobs will be updated after completion.

[Mon Mar  8 11:25:40 2021]
Finished job 146.
198 of 217 steps (91%) done
Select jobs to execute...

[Mon Mar  8 11:25:41 2021]
rule forward_TmCalculate:
    input: /datater/wu/data/zika/dsk/forward_7530-8031.kCountSorted
    output: /datater/wu/data/zika/primer3_Tm/forward_7530-8031.Tm
    jobid: 167
    wildcards: sample=zika, seg=7530-8031

[Mon Mar  8 11:25:41 2021]
checkpoint filterOut_forward:
    input: /datater/wu/data/zika/primer3_Tm/forward_9538-10039.Tm
    output: /datater/wu/data/zika/primer3_Tm/forward_9538-10039.TmFilterered
    jobid: 196
    wildcards: sample=zika, seg=9538-10039
Downstream jobs will be updated after completion.

Select jobs to execute...
[Mon Mar  8 11:25:41 2021]
Finished job 148.
199 of 217 steps (92%) done
Select jobs to execute...

[Mon Mar  8 11:25:41 2021]
checkpoint filterOut_forward:
    input: /datater/wu/data/zika/primer3_Tm/forward_3514-4015.Tm
    output: /datater/wu/data/zika/primer3_Tm/forward_3514-4015.TmFilterered
    jobid: 191
    wildcards: sample=zika, seg=3514-4015
Downstream jobs will be updated after completion.

Updating job all.
[Mon Mar  8 11:25:41 2021]
Finished job 207.
200 of 217 steps (92%) done
Select jobs to execute...
Updating job all.
[Mon Mar  8 11:25:41 2021]
Finished job 211.
201 of 217 steps (93%) done
[Mon Mar  8 11:25:41 2021]
Finished job 175.
202 of 217 steps (93%) done

[Mon Mar  8 11:25:41 2021]
rule dskForwardOutputSort:
    input: /datater/wu/data/zika/dsk/forward_9287-9788.kCount
    output: /datater/wu/data/zika/dsk/forward_9287-9788.kCountSorted
    jobid: 140
    wildcards: sample=zika, seg=9287-9788

Select jobs to execute...
Updating job all.
[Mon Mar  8 11:25:41 2021]
Finished job 219.
203 of 217 steps (94%) done

[Mon Mar  8 11:25:41 2021]
checkpoint filterOut_forward:
    input: /datater/wu/data/zika/primer3_Tm/forward_2008-2509.Tm
    output: /datater/wu/data/zika/primer3_Tm/forward_2008-2509.TmFilterered
    jobid: 189
    wildcards: sample=zika, seg=2008-2509
Downstream jobs will be updated after completion.

[Mon Mar  8 11:25:41 2021]
checkpoint filterOut_forward:
    input: /datater/wu/data/zika/primer3_Tm/forward_9036-9537.Tm
    output: /datater/wu/data/zika/primer3_Tm/forward_9036-9537.TmFilterered
    jobid: 218
    wildcards: sample=zika, seg=9036-9537
Downstream jobs will be updated after completion.

Updating job all.
[Mon Mar  8 11:25:41 2021]
Finished job 225.
204 of 217 steps (94%) done
Updating job all.
[Mon Mar  8 11:25:41 2021]
Finished job 214.
205 of 217 steps (94%) done
[Mon Mar  8 11:25:41 2021]
Finished job 167.
206 of 217 steps (95%) done
Select jobs to execute...

[Mon Mar  8 11:25:41 2021]
checkpoint filterOut_forward:
    input: /datater/wu/data/zika/primer3_Tm/forward_7530-8031.Tm
    output: /datater/wu/data/zika/primer3_Tm/forward_7530-8031.TmFilterered
    jobid: 210
    wildcards: sample=zika, seg=7530-8031
Downstream jobs will be updated after completion.

Updating job all.
[Mon Mar  8 11:25:42 2021]
Finished job 203.
207 of 217 steps (95%) done
[Mon Mar  8 11:25:42 2021]
Finished job 140.
208 of 217 steps (96%) done
Select jobs to execute...
Updating job all.
[Mon Mar  8 11:25:42 2021]
Finished job 204.
209 of 217 steps (96%) done
Updating job all.
[Mon Mar  8 11:25:42 2021]
Finished job 196.
210 of 217 steps (97%) done

[Mon Mar  8 11:25:42 2021]
rule forward_TmCalculate:
    input: /datater/wu/data/zika/dsk/forward_9287-9788.kCountSorted
    output: /datater/wu/data/zika/primer3_Tm/forward_9287-9788.Tm
    jobid: 183
    wildcards: sample=zika, seg=9287-9788

Updating job all.
[Mon Mar  8 11:25:42 2021]
Finished job 191.
211 of 217 steps (97%) done
Updating job all.
[Mon Mar  8 11:25:42 2021]
Finished job 189.
212 of 217 steps (98%) done
Updating job all.
[Mon Mar  8 11:25:42 2021]
Finished job 218.
213 of 217 steps (98%) done
Updating job all.
[Mon Mar  8 11:25:43 2021]
Finished job 210.
214 of 217 steps (99%) done
[Mon Mar  8 11:25:43 2021]
Finished job 183.
215 of 217 steps (99%) done
Select jobs to execute...

[Mon Mar  8 11:25:43 2021]
checkpoint filterOut_forward:
    input: /datater/wu/data/zika/primer3_Tm/forward_9287-9788.Tm
    output: /datater/wu/data/zika/primer3_Tm/forward_9287-9788.TmFilterered
    jobid: 226
    wildcards: sample=zika, seg=9287-9788
Downstream jobs will be updated after completion.

Updating job all.
[Mon Mar  8 11:25:45 2021]
Finished job 226.
216 of 216 steps (100%) done
Terminating processes on user request, this might take some time.
[Mon Mar  8 11:27:21 2021]
Error in rule merge_all_kmers:
    jobid: 9
    output: /datater/wu/data/zika/primer3_Tm/all_forward.tsv
    shell:
        sed -s 1d  >> /datater/wu/data/zika/primer3_Tm/all_forward.tsv
        (one of the commands exited with non-zero exit code; note that snakemake uses bash strict mode!)

Removing output files of failed job merge_all_kmers since they might be corrupted:
/datater/wu/data/zika/primer3_Tm/all_forward.tsv
Complete log: /datater/wu/stage_m2/.snakemake/log/2021-03-08T112517.891610.snakemake.log
