Building DAG of jobs...
Updating job aggregate_allReverseOligo.
Using shell: /bin/bash
Provided cores: 12
Rules claiming more threads will be scaled down.
Conda environments: ignored
Job counts:
	count	jobs
	1	all
	1	splitFilteredTable
	1	splitTableToFasta
	3
Select jobs to execute...

[Sun Mar 28 13:05:54 2021]
rule splitFilteredTable:
    input: /datater/wu/data/enterovirus/filtering/allOligos_reverse.filtered
    output: /datater/wu/data/enterovirus/checkSpecifity/reverse{*}_filtered.tsv (dynamic)
    jobid: 2
    wildcards: sample=enterovirus

Subsequent jobs will be added dynamically depending on the output of this job
Dynamically updating jobs
[Sun Mar 28 13:05:57 2021]
Finished job 2.
1 of 36 steps (3%) done
Select jobs to execute...

[Sun Mar 28 13:05:57 2021]
rule splitTableToFasta:
    input: /datater/wu/data/enterovirus/checkSpecifity/reverse7616_filtered.tsv
    output: /datater/wu/data/enterovirus/checkSpecifity/reverse7616_filtered.fasta
    jobid: 287
    wildcards: sample=enterovirus, seg=7616

[Sun Mar 28 13:05:57 2021]
rule splitTableToFasta:
    input: /datater/wu/data/enterovirus/checkSpecifity/reverse3806_filtered.tsv
    output: /datater/wu/data/enterovirus/checkSpecifity/reverse3806_filtered.fasta
    jobid: 272
    wildcards: sample=enterovirus, seg=3806

[Sun Mar 28 13:05:57 2021]
rule splitTableToFasta:
    input: /datater/wu/data/enterovirus/checkSpecifity/reverse7362_filtered.tsv
    output: /datater/wu/data/enterovirus/checkSpecifity/reverse7362_filtered.fasta
    jobid: 275
    wildcards: sample=enterovirus, seg=7362

[Sun Mar 28 13:05:57 2021]
rule splitTableToFasta:
    input: /datater/wu/data/enterovirus/checkSpecifity/reverse4568_filtered.tsv
    output: /datater/wu/data/enterovirus/checkSpecifity/reverse4568_filtered.fasta
    jobid: 279
    wildcards: sample=enterovirus, seg=4568

[Sun Mar 28 13:05:57 2021]
rule splitTableToFasta:
    input: /datater/wu/data/enterovirus/checkSpecifity/reverse7870_filtered.tsv
    output: /datater/wu/data/enterovirus/checkSpecifity/reverse7870_filtered.fasta
    jobid: 290
    wildcards: sample=enterovirus, seg=7870

[Sun Mar 28 13:05:57 2021]
rule splitTableToFasta:
    input: /datater/wu/data/enterovirus/checkSpecifity/reverse4314_filtered.tsv
    output: /datater/wu/data/enterovirus/checkSpecifity/reverse4314_filtered.fasta
    jobid: 294
    wildcards: sample=enterovirus, seg=4314

[Sun Mar 28 13:05:57 2021]
rule splitTableToFasta:
    input: /datater/wu/data/enterovirus/checkSpecifity/reverse2028_filtered.tsv
    output: /datater/wu/data/enterovirus/checkSpecifity/reverse2028_filtered.fasta
    jobid: 297
    wildcards: sample=enterovirus, seg=2028

[Sun Mar 28 13:05:57 2021]
rule splitTableToFasta:
    input: /datater/wu/data/enterovirus/checkSpecifity/reverse9140_filtered.tsv
    output: /datater/wu/data/enterovirus/checkSpecifity/reverse9140_filtered.fasta
    jobid: 286
    wildcards: sample=enterovirus, seg=9140

[Sun Mar 28 13:05:57 2021]
rule splitTableToFasta:
    input: /datater/wu/data/enterovirus/checkSpecifity/reverse5584_filtered.tsv
    output: /datater/wu/data/enterovirus/checkSpecifity/reverse5584_filtered.fasta
    jobid: 282
    wildcards: sample=enterovirus, seg=5584

[Sun Mar 28 13:05:57 2021]
rule splitTableToFasta:
    input: /datater/wu/data/enterovirus/checkSpecifity/reverse8124_filtered.tsv
    output: /datater/wu/data/enterovirus/checkSpecifity/reverse8124_filtered.fasta
    jobid: 301
    wildcards: sample=enterovirus, seg=8124

[Sun Mar 28 13:05:57 2021]
rule splitTableToFasta:
    input: /datater/wu/data/enterovirus/checkSpecifity/reverse7108_filtered.tsv
    output: /datater/wu/data/enterovirus/checkSpecifity/reverse7108_filtered.fasta
    jobid: 283
    wildcards: sample=enterovirus, seg=7108

[Sun Mar 28 13:05:57 2021]
rule splitTableToFasta:
    input: /datater/wu/data/enterovirus/checkSpecifity/reverse8632_filtered.tsv
    output: /datater/wu/data/enterovirus/checkSpecifity/reverse8632_filtered.fasta
    jobid: 298
    wildcards: sample=enterovirus, seg=8632

[Sun Mar 28 13:05:57 2021]
Finished job 272.
2 of 36 steps (6%) done
[Sun Mar 28 13:05:57 2021]
Finished job 275.
3 of 36 steps (8%) done
[Sun Mar 28 13:05:57 2021]
Finished job 279.
4 of 36 steps (11%) done
[Sun Mar 28 13:05:57 2021]
Finished job 290.
5 of 36 steps (14%) done
[Sun Mar 28 13:05:57 2021]
Finished job 287.
6 of 36 steps (17%) done
Select jobs to execute...
[Sun Mar 28 13:05:57 2021]
Finished job 286.
7 of 36 steps (19%) done
[Sun Mar 28 13:05:57 2021]
Finished job 282.
8 of 36 steps (22%) done
[Sun Mar 28 13:05:57 2021]
Finished job 297.
9 of 36 steps (25%) done

[Sun Mar 28 13:05:57 2021]
rule splitTableToFasta:
    input: /datater/wu/data/enterovirus/checkSpecifity/reverse8378_filtered.tsv
    output: /datater/wu/data/enterovirus/checkSpecifity/reverse8378_filtered.fasta
    jobid: 277
    wildcards: sample=enterovirus, seg=8378

[Sun Mar 28 13:05:57 2021]
[Sun Mar 28 13:05:57 2021]
Finished job 298.
rule splitTableToFasta:
    input: /datater/wu/data/enterovirus/checkSpecifity/reverse1012_filtered.tsv
    output: /datater/wu/data/enterovirus/checkSpecifity/reverse1012_filtered.fasta
    jobid: 289
    wildcards: sample=enterovirus, seg=1012
10 of 36 steps (28%) done

[Sun Mar 28 13:05:57 2021]
rule splitTableToFasta:
    input: /datater/wu/data/enterovirus/checkSpecifity/reverse5330_filtered.tsv
    output: /datater/wu/data/enterovirus/checkSpecifity/reverse5330_filtered.fasta
    jobid: 273
    wildcards: sample=enterovirus, seg=5330

[Sun Mar 28 13:05:57 2021]
rule splitTableToFasta:
    input: /datater/wu/data/enterovirus/checkSpecifity/reverse3298_filtered.tsv
    output: /datater/wu/data/enterovirus/checkSpecifity/reverse3298_filtered.fasta
    jobid: 288
    wildcards: sample=enterovirus, seg=3298

[Sun Mar 28 13:05:57 2021]
rule splitTableToFasta:
    input: /datater/wu/data/enterovirus/checkSpecifity/reverse2790_filtered.tsv
    output: /datater/wu/data/enterovirus/checkSpecifity/reverse2790_filtered.fasta
    jobid: 299
    wildcards: sample=enterovirus, seg=2790

[Sun Mar 28 13:05:57 2021]
Finished job 283.
11 of 36 steps (31%) done
[Sun Mar 28 13:05:57 2021]
Finished job 301.
12 of 36 steps (33%) done
Select jobs to execute...
[Sun Mar 28 13:05:57 2021]
Finished job 294.
13 of 36 steps (36%) done

[Sun Mar 28 13:05:57 2021]
rule splitTableToFasta:
    input: /datater/wu/data/enterovirus/checkSpecifity/reverse4060_filtered.tsv
    output: /datater/wu/data/enterovirus/checkSpecifity/reverse4060_filtered.fasta
    jobid: 278
    wildcards: sample=enterovirus, seg=4060

[Sun Mar 28 13:05:57 2021]
rule splitTableToFasta:
    input: /datater/wu/data/enterovirus/checkSpecifity/reverse504_filtered.tsv
    output: /datater/wu/data/enterovirus/checkSpecifity/reverse504_filtered.fasta
    jobid: 274
    wildcards: sample=enterovirus, seg=504

[Sun Mar 28 13:05:57 2021]
rule splitTableToFasta:
    input: /datater/wu/data/enterovirus/checkSpecifity/reverse4822_filtered.tsv
    output: /datater/wu/data/enterovirus/checkSpecifity/reverse4822_filtered.fasta
    jobid: 293
    wildcards: sample=enterovirus, seg=4822

[Sun Mar 28 13:05:57 2021]
rule splitTableToFasta:
    input: /datater/wu/data/enterovirus/checkSpecifity/reverse5838_filtered.tsv
    output: /datater/wu/data/enterovirus/checkSpecifity/reverse5838_filtered.fasta
    jobid: 284
    wildcards: sample=enterovirus, seg=5838

[Sun Mar 28 13:05:57 2021]
rule splitTableToFasta:
    input: /datater/wu/data/enterovirus/checkSpecifity/reverse2282_filtered.tsv
    output: /datater/wu/data/enterovirus/checkSpecifity/reverse2282_filtered.fasta
    jobid: 280
    wildcards: sample=enterovirus, seg=2282

[Sun Mar 28 13:05:57 2021]
rule splitTableToFasta:
    input: /datater/wu/data/enterovirus/checkSpecifity/reverse758_filtered.tsv
    output: /datater/wu/data/enterovirus/checkSpecifity/reverse758_filtered.fasta
    jobid: 271
    wildcards: sample=enterovirus, seg=758

Select jobs to execute...

[Sun Mar 28 13:05:58 2021]
rule splitTableToFasta:
    input: /datater/wu/data/enterovirus/checkSpecifity/reverse1774_filtered.tsv
    output: /datater/wu/data/enterovirus/checkSpecifity/reverse1774_filtered.fasta
    jobid: 296
    wildcards: sample=enterovirus, seg=1774

Select jobs to execute...
Select jobs to execute...
Select jobs to execute...
Select jobs to execute...
Select jobs to execute...
Select jobs to execute...
Select jobs to execute...
Select jobs to execute...
Select jobs to execute...
[Sun Mar 28 13:05:58 2021]
Finished job 289.
14 of 36 steps (39%) done
[Sun Mar 28 13:05:58 2021]
Finished job 273.
15 of 36 steps (42%) done
Select jobs to execute...

[Sun Mar 28 13:05:58 2021]
rule splitTableToFasta:
    input: /datater/wu/data/enterovirus/checkSpecifity/reverse1266_filtered.tsv
    output: /datater/wu/data/enterovirus/checkSpecifity/reverse1266_filtered.fasta
    jobid: 292
    wildcards: sample=enterovirus, seg=1266

[Sun Mar 28 13:05:58 2021]
rule splitTableToFasta:
    input: /datater/wu/data/enterovirus/checkSpecifity/reverse6854_filtered.tsv
    output: /datater/wu/data/enterovirus/checkSpecifity/reverse6854_filtered.fasta
    jobid: 291
    wildcards: sample=enterovirus, seg=6854

[Sun Mar 28 13:05:58 2021]
Finished job 288.
16 of 36 steps (44%) done
Select jobs to execute...
[Sun Mar 28 13:05:58 2021]
Finished job 299.
17 of 36 steps (47%) done

[Sun Mar 28 13:05:58 2021]
rule splitTableToFasta:
    input: /datater/wu/data/enterovirus/checkSpecifity/reverse5076_filtered.tsv
    output: /datater/wu/data/enterovirus/checkSpecifity/reverse5076_filtered.fasta
    jobid: 300
    wildcards: sample=enterovirus, seg=5076

Select jobs to execute...
[Sun Mar 28 13:05:58 2021]
Finished job 278.
18 of 36 steps (50%) done
[Sun Mar 28 13:05:58 2021]
Finished job 284.
19 of 36 steps (53%) done
[Sun Mar 28 13:05:58 2021]
Finished job 274.
20 of 36 steps (56%) done
[Sun Mar 28 13:05:58 2021]
Finished job 293.
21 of 36 steps (58%) done

[Sun Mar 28 13:05:58 2021]
rule splitTableToFasta:
    input: /datater/wu/data/enterovirus/checkSpecifity/reverse6346_filtered.tsv
    output: /datater/wu/data/enterovirus/checkSpecifity/reverse6346_filtered.fasta
    jobid: 285
    wildcards: sample=enterovirus, seg=6346

Select jobs to execute...
[Sun Mar 28 13:05:58 2021]
Finished job 277.
22 of 36 steps (61%) done
[Sun Mar 28 13:05:58 2021]
Finished job 296.
23 of 36 steps (64%) done
[Sun Mar 28 13:05:58 2021]
Finished job 280.
24 of 36 steps (67%) done

[Sun Mar 28 13:05:58 2021]
rule splitTableToFasta:
    input: /datater/wu/data/enterovirus/checkSpecifity/reverse3552_filtered.tsv
    output: /datater/wu/data/enterovirus/checkSpecifity/reverse3552_filtered.fasta
    jobid: 295
    wildcards: sample=enterovirus, seg=3552

[Sun Mar 28 13:05:58 2021]
rule splitTableToFasta:
    input: /datater/wu/data/enterovirus/checkSpecifity/reverse3044_filtered.tsv
    output: /datater/wu/data/enterovirus/checkSpecifity/reverse3044_filtered.fasta
    jobid: 276
    wildcards: sample=enterovirus, seg=3044

[Sun Mar 28 13:05:58 2021]
rule splitTableToFasta:
    input: /datater/wu/data/enterovirus/checkSpecifity/reverse6600_filtered.tsv
    output: /datater/wu/data/enterovirus/checkSpecifity/reverse6600_filtered.fasta
    jobid: 302
    wildcards: sample=enterovirus, seg=6600

[Sun Mar 28 13:05:58 2021]
rule splitTableToFasta:
    input: /datater/wu/data/enterovirus/checkSpecifity/reverse2536_filtered.tsv
    output: /datater/wu/data/enterovirus/checkSpecifity/reverse2536_filtered.fasta
    jobid: 303
    wildcards: sample=enterovirus, seg=2536

[Sun Mar 28 13:05:58 2021]
Finished job 271.
25 of 36 steps (69%) done
Select jobs to execute...

[Sun Mar 28 13:05:58 2021]
rule splitTableToFasta:
    input: /datater/wu/data/enterovirus/checkSpecifity/reverse6092_filtered.tsv
    output: /datater/wu/data/enterovirus/checkSpecifity/reverse6092_filtered.fasta
    jobid: 270
    wildcards: sample=enterovirus, seg=6092

[Sun Mar 28 13:05:58 2021]
rule splitTableToFasta:
    input: /datater/wu/data/enterovirus/checkSpecifity/reverse1520_filtered.tsv
    output: /datater/wu/data/enterovirus/checkSpecifity/reverse1520_filtered.fasta
    jobid: 281
    wildcards: sample=enterovirus, seg=1520

[Sun Mar 28 13:05:59 2021]
Finished job 291.
26 of 36 steps (72%) done
[Sun Mar 28 13:05:59 2021]
Finished job 300.
27 of 36 steps (75%) done
[Sun Mar 28 13:05:59 2021]
Finished job 285.
28 of 36 steps (78%) done
[Sun Mar 28 13:05:59 2021]
Finished job 292.
29 of 36 steps (81%) done
[Sun Mar 28 13:05:59 2021]
Finished job 295.
30 of 36 steps (83%) done
[Sun Mar 28 13:05:59 2021]
Finished job 303.
31 of 36 steps (86%) done
[Sun Mar 28 13:05:59 2021]
Finished job 302.
32 of 36 steps (89%) done
[Sun Mar 28 13:05:59 2021]
Finished job 276.
33 of 36 steps (92%) done
[Sun Mar 28 13:05:59 2021]
Finished job 270.
34 of 36 steps (94%) done
[Sun Mar 28 13:05:59 2021]
Finished job 281.
35 of 36 steps (97%) done
Select jobs to execute...

[Sun Mar 28 13:05:59 2021]
localrule all:
    input: /datater/wu/data/enterovirus/checkSpecifity/reverse6092_filtered.fasta, /datater/wu/data/enterovirus/checkSpecifity/reverse758_filtered.fasta, /datater/wu/data/enterovirus/checkSpecifity/reverse3806_filtered.fasta, /datater/wu/data/enterovirus/checkSpecifity/reverse5330_filtered.fasta, /datater/wu/data/enterovirus/checkSpecifity/reverse504_filtered.fasta, /datater/wu/data/enterovirus/checkSpecifity/reverse7362_filtered.fasta, /datater/wu/data/enterovirus/checkSpecifity/reverse3044_filtered.fasta, /datater/wu/data/enterovirus/checkSpecifity/reverse8378_filtered.fasta, /datater/wu/data/enterovirus/checkSpecifity/reverse4060_filtered.fasta, /datater/wu/data/enterovirus/checkSpecifity/reverse4568_filtered.fasta, /datater/wu/data/enterovirus/checkSpecifity/reverse2282_filtered.fasta, /datater/wu/data/enterovirus/checkSpecifity/reverse1520_filtered.fasta, /datater/wu/data/enterovirus/checkSpecifity/reverse5584_filtered.fasta, /datater/wu/data/enterovirus/checkSpecifity/reverse7108_filtered.fasta, /datater/wu/data/enterovirus/checkSpecifity/reverse5838_filtered.fasta, /datater/wu/data/enterovirus/checkSpecifity/reverse6346_filtered.fasta, /datater/wu/data/enterovirus/checkSpecifity/reverse9140_filtered.fasta, /datater/wu/data/enterovirus/checkSpecifity/reverse7616_filtered.fasta, /datater/wu/data/enterovirus/checkSpecifity/reverse3298_filtered.fasta, /datater/wu/data/enterovirus/checkSpecifity/reverse1012_filtered.fasta, /datater/wu/data/enterovirus/checkSpecifity/reverse7870_filtered.fasta, /datater/wu/data/enterovirus/checkSpecifity/reverse6854_filtered.fasta, /datater/wu/data/enterovirus/checkSpecifity/reverse1266_filtered.fasta, /datater/wu/data/enterovirus/checkSpecifity/reverse4822_filtered.fasta, /datater/wu/data/enterovirus/checkSpecifity/reverse4314_filtered.fasta, /datater/wu/data/enterovirus/checkSpecifity/reverse3552_filtered.fasta, /datater/wu/data/enterovirus/checkSpecifity/reverse1774_filtered.fasta, /datater/wu/data/enterovirus/checkSpecifity/reverse2028_filtered.fasta, /datater/wu/data/enterovirus/checkSpecifity/reverse8632_filtered.fasta, /datater/wu/data/enterovirus/checkSpecifity/reverse2790_filtered.fasta, /datater/wu/data/enterovirus/checkSpecifity/reverse5076_filtered.fasta, /datater/wu/data/enterovirus/checkSpecifity/reverse8124_filtered.fasta, /datater/wu/data/enterovirus/checkSpecifity/reverse6600_filtered.fasta, /datater/wu/data/enterovirus/checkSpecifity/reverse2536_filtered.fasta
    jobid: 0

[Sun Mar 28 13:05:59 2021]
Finished job 0.
36 of 36 steps (100%) done
Complete log: /datater/wu/stage_m2/.snakemake/log/2021-03-28T130554.063782.snakemake.log
