Building DAG of jobs...
Using shell: /bin/bash
Provided cores: 1 (use --cores to define parallelism)
Rules claiming more threads will be scaled down.
Conda environments: ignored
Job counts:
	count	jobs
	1	all
	74	primer3_tm
	75
Select jobs to execute...

[Wed Mar  3 15:12:18 2021]
rule primer3_tm:
    input: /datater/wu/data/kmerCounting/kmc/enterovirus.forward.7905-8410.sort
    output: /datater/wu/data/filter/kmc/enterovirus.forward.7905-8410.txt
    jobid: 544
    wildcards: prefix=enterovirus.forward.7905-8410

[Wed Mar  3 15:12:47 2021]
Finished job 544.
1 of 75 steps (1%) done
Select jobs to execute...

[Wed Mar  3 15:12:47 2021]
rule primer3_tm:
    input: /datater/wu/data/kmerCounting/kmc/enterovirus.forward.4845-5350.sort
    output: /datater/wu/data/filter/kmc/enterovirus.forward.4845-5350.txt
    jobid: 552
    wildcards: prefix=enterovirus.forward.4845-5350

[Wed Mar  3 15:13:21 2021]
Finished job 552.
2 of 75 steps (3%) done
Select jobs to execute...

[Wed Mar  3 15:13:21 2021]
rule primer3_tm:
    input: /datater/wu/data/kmerCounting/kmc/enterovirus.reverse.4590-5095.sort
    output: /datater/wu/data/filter/kmc/enterovirus.reverse.4590-5095.txt
    jobid: 537
    wildcards: prefix=enterovirus.reverse.4590-5095

[Wed Mar  3 15:13:28 2021]
Finished job 537.
3 of 75 steps (4%) done
Select jobs to execute...

[Wed Mar  3 15:13:28 2021]
rule primer3_tm:
    input: /datater/wu/data/kmerCounting/kmc/enterovirus.forward.4590-5095.sort
    output: /datater/wu/data/filter/kmc/enterovirus.forward.4590-5095.txt
    jobid: 485
    wildcards: prefix=enterovirus.forward.4590-5095

[Wed Mar  3 15:13:52 2021]
Finished job 485.
4 of 75 steps (5%) done
Select jobs to execute...

[Wed Mar  3 15:13:52 2021]
rule primer3_tm:
    input: /datater/wu/data/kmerCounting/kmc/enterovirus.reverse.6120-6625.sort
    output: /datater/wu/data/filter/kmc/enterovirus.reverse.6120-6625.txt
    jobid: 493
    wildcards: prefix=enterovirus.reverse.6120-6625

[Wed Mar  3 15:14:30 2021]
Finished job 493.
5 of 75 steps (7%) done
Select jobs to execute...

[Wed Mar  3 15:14:30 2021]
rule primer3_tm:
    input: /datater/wu/data/kmerCounting/kmc/enterovirus.reverse.8415-8920.sort
    output: /datater/wu/data/filter/kmc/enterovirus.reverse.8415-8920.txt
    jobid: 500
    wildcards: prefix=enterovirus.reverse.8415-8920

[Wed Mar  3 15:14:31 2021]
Finished job 500.
6 of 75 steps (8%) done
Select jobs to execute...

[Wed Mar  3 15:14:31 2021]
rule primer3_tm:
    input: /datater/wu/data/kmerCounting/kmc/enterovirus.forward.1530-2035.sort
    output: /datater/wu/data/filter/kmc/enterovirus.forward.1530-2035.txt
    jobid: 529
    wildcards: prefix=enterovirus.forward.1530-2035

[Wed Mar  3 15:14:56 2021]
Finished job 529.
7 of 75 steps (9%) done
Select jobs to execute...

[Wed Mar  3 15:14:56 2021]
rule primer3_tm:
    input: /datater/wu/data/kmerCounting/kmc/enterovirus.forward.255-760.sort
    output: /datater/wu/data/filter/kmc/enterovirus.forward.255-760.txt
    jobid: 508
    wildcards: prefix=enterovirus.forward.255-760

[Wed Mar  3 15:14:57 2021]
Finished job 508.
8 of 75 steps (11%) done
Select jobs to execute...

[Wed Mar  3 15:14:57 2021]
rule primer3_tm:
    input: /datater/wu/data/kmerCounting/kmc/enterovirus.forward.5610-6115.sort
    output: /datater/wu/data/filter/kmc/enterovirus.forward.5610-6115.txt
    jobid: 539
    wildcards: prefix=enterovirus.forward.5610-6115

Terminating processes on user request, this might take some time.
Cancelling snakemake on user request.
