Building DAG of jobs...
Updating job aggregate_allReverseOligo.
Using shell: /bin/bash
Provided cores: 12
Rules claiming more threads will be scaled down.
Conda environments: ignored
Job counts:
	count	jobs
	1	all
	1	lastal_alignment
	1	lastdb_index
	3
Select jobs to execute...

[Wed Mar 17 15:05:31 2021]
rule lastdb_index:
    input: /datater/wu/data/zika/zika.uniq.dna
    output: /datater/wu/data/zika/zika.index.bck, /datater/wu/data/zika/zika.index.des, /datater/wu/data/zika/zika.index.prj, /datater/wu/data/zika/zika.index.sds, /datater/wu/data/zika/zika.index.ssp, /datater/wu/data/zika/zika.index.suf, /datater/wu/data/zika/zika.index.tis
    jobid: 1
    wildcards: sample=zika


[Wed Mar 17 15:05:31 2021]
rule lastal_alignment:
    input: /datater/wu/data/zika/checkSpecifity/allOligos_reverse.fasta
    output: /datater/wu/data/zika/checkSpecifity/lastal.out
    jobid: 4
    wildcards: sample=zika

[Wed Mar 17 15:05:31 2021]
Error in rule lastal_alignment:
    jobid: 4
    output: /datater/wu/data/zika/checkSpecifity/lastal.out
    shell:
        lib/last-1179/src/lastal /datater/wu/data/zika/zika.index /datater/wu/data/zika/checkSpecifity/allOligos_reverse.fasta > /datater/wu/data/zika/checkSpecifity/lastal.out
        (one of the commands exited with non-zero exit code; note that snakemake uses bash strict mode!)

Removing output files of failed job lastal_alignment since they might be corrupted:
/datater/wu/data/zika/checkSpecifity/lastal.out
[Wed Mar 17 15:05:36 2021]
Finished job 1.
1 of 3 steps (33%) done
Shutting down, this might take some time.
Exiting because a job execution failed. Look above for error message
Complete log: /datater/wu/stage_m2/.snakemake/log/2021-03-17T150530.452750.snakemake.log
