Building DAG of jobs...
Updating job filtering2.
Using shell: /bin/bash
Provided cores: 6
Rules claiming more threads will be scaled down.
Conda environments: ignored
Job counts:
	count	jobs
	1	all
	43	calculateKmer_sort
	1	checkHeterodimer
	43	countKmer1
	43	countKmer2
	1	evaluation2
	1	evaluation3
	43	filtering1
	1	filtering2
	1	filtering3
	1	specific1
	1	specific3
	1	specific4
	181
Select jobs to execute...

[Thu Apr 29 15:05:52 2021]
rule countKmer1:
    input: /datater/wu/data/MSSPE-clustering/zika/splitFiles/reverse4016-4517.fasta
    output: /datater/wu/data/MSSPE-clustering/zika/kmer15/intermediate/reverse4016-4517.int
    jobid: 183
    wildcards: sample=zika, seg=4016-4517


[Thu Apr 29 15:05:52 2021]
rule countKmer1:
    input: /datater/wu/data/MSSPE-clustering/zika/splitFiles/reverse7781-8282.fasta
    output: /datater/wu/data/MSSPE-clustering/zika/kmer15/intermediate/reverse7781-8282.int
    jobid: 159
    wildcards: sample=zika, seg=7781-8282


[Thu Apr 29 15:05:52 2021]
rule countKmer1:
    input: /datater/wu/data/MSSPE-clustering/zika/splitFiles/reverse251-752.fasta
    output: /datater/wu/data/MSSPE-clustering/zika/kmer15/intermediate/reverse251-752.int
    jobid: 143
    wildcards: sample=zika, seg=251-752


[Thu Apr 29 15:05:52 2021]
rule countKmer1:
    input: /datater/wu/data/MSSPE-clustering/zika/splitFiles/reverse1757-2258.fasta
    output: /datater/wu/data/MSSPE-clustering/zika/kmer15/intermediate/reverse1757-2258.int
    jobid: 91
    wildcards: sample=zika, seg=1757-2258


[Thu Apr 29 15:05:52 2021]
rule countKmer1:
    input: /datater/wu/data/MSSPE-clustering/zika/splitFiles/reverse2259-2760.fasta
    output: /datater/wu/data/MSSPE-clustering/zika/kmer15/intermediate/reverse2259-2760.int
    jobid: 31
    wildcards: sample=zika, seg=2259-2760


[Thu Apr 29 15:05:52 2021]
rule countKmer1:
    input: /datater/wu/data/MSSPE-clustering/zika/splitFiles/reverse1506-2007.fasta
    output: /datater/wu/data/MSSPE-clustering/zika/kmer15/intermediate/reverse1506-2007.int
    jobid: 23
    wildcards: sample=zika, seg=1506-2007

[Thu Apr 29 15:21:49 2021]
Finished job 23.
1 of 181 steps (0.55%) done
Select jobs to execute...

[Thu Apr 29 15:21:49 2021]
rule countKmer1:
    input: /datater/wu/data/MSSPE-clustering/zika/splitFiles/reverse9789-10290.fasta
    output: /datater/wu/data/MSSPE-clustering/zika/kmer15/intermediate/reverse9789-10290.int
    jobid: 75
    wildcards: sample=zika, seg=9789-10290

[Thu Apr 29 15:21:51 2021]
Finished job 31.
2 of 181 steps (1%) done
Select jobs to execute...

[Thu Apr 29 15:21:51 2021]
rule countKmer1:
    input: /datater/wu/data/MSSPE-clustering/zika/splitFiles/reverse6777-7278.fasta
    output: /datater/wu/data/MSSPE-clustering/zika/kmer15/intermediate/reverse6777-7278.int
    jobid: 135
    wildcards: sample=zika, seg=6777-7278

[Thu Apr 29 15:21:57 2021]
Finished job 183.
3 of 181 steps (2%) done
Select jobs to execute...

[Thu Apr 29 15:21:57 2021]
rule countKmer2:
    input: /datater/wu/data/MSSPE-clustering/zika/kmer15/intermediate/reverse1506-2007.int
    output: /datater/wu/data/MSSPE-clustering/zika/kmer15/intermediate/reverse1506-2007.Kmercount.txt
    jobid: 22
    wildcards: sample=zika, seg=1506-2007

[Thu Apr 29 15:21:57 2021]
Finished job 22.
4 of 181 steps (2%) done
Select jobs to execute...

[Thu Apr 29 15:21:57 2021]
rule countKmer1:
    input: /datater/wu/data/MSSPE-clustering/zika/splitFiles/reverse2510-3011.fasta
    output: /datater/wu/data/MSSPE-clustering/zika/kmer15/intermediate/reverse2510-3011.int
    jobid: 187
    wildcards: sample=zika, seg=2510-3011

Terminating processes on user request, this might take some time.
[Thu Apr 29 15:25:19 2021]
Error in rule countKmer1:
    jobid: 143
    output: /datater/wu/data/MSSPE-clustering/zika/kmer15/intermediate/reverse251-752.int
    shell:
        
        jellyfish count         -m 15         -s 3G         -t 12         -o /datater/wu/data/MSSPE-clustering/zika/kmer15/intermediate/reverse251-752.int /datater/wu/data/MSSPE-clustering/zika/splitFiles/reverse251-752.fasta
        
        (one of the commands exited with non-zero exit code; note that snakemake uses bash strict mode!)

Removing output files of failed job countKmer1 since they might be corrupted:
/datater/wu/data/MSSPE-clustering/zika/kmer15/intermediate/reverse251-752.int
[Thu Apr 29 15:25:19 2021]
Error in rule countKmer1:
    jobid: 159
    output: /datater/wu/data/MSSPE-clustering/zika/kmer15/intermediate/reverse7781-8282.int
    shell:
        
        jellyfish count         -m 15         -s 3G         -t 12         -o /datater/wu/data/MSSPE-clustering/zika/kmer15/intermediate/reverse7781-8282.int /datater/wu/data/MSSPE-clustering/zika/splitFiles/reverse7781-8282.fasta
        
        (one of the commands exited with non-zero exit code; note that snakemake uses bash strict mode!)

Removing output files of failed job countKmer1 since they might be corrupted:
/datater/wu/data/MSSPE-clustering/zika/kmer15/intermediate/reverse7781-8282.int
[Thu Apr 29 15:25:19 2021]
Error in rule countKmer1:
    jobid: 91
    output: /datater/wu/data/MSSPE-clustering/zika/kmer15/intermediate/reverse1757-2258.int
    shell:
        
        jellyfish count         -m 15         -s 3G         -t 12         -o /datater/wu/data/MSSPE-clustering/zika/kmer15/intermediate/reverse1757-2258.int /datater/wu/data/MSSPE-clustering/zika/splitFiles/reverse1757-2258.fasta
        
        (one of the commands exited with non-zero exit code; note that snakemake uses bash strict mode!)

Removing output files of failed job countKmer1 since they might be corrupted:
/datater/wu/data/MSSPE-clustering/zika/kmer15/intermediate/reverse1757-2258.int
[Thu Apr 29 15:25:19 2021]
Error in rule countKmer1:
    jobid: 187
    output: /datater/wu/data/MSSPE-clustering/zika/kmer15/intermediate/reverse2510-3011.int
    shell:
        
        jellyfish count         -m 15         -s 3G         -t 12         -o /datater/wu/data/MSSPE-clustering/zika/kmer15/intermediate/reverse2510-3011.int /datater/wu/data/MSSPE-clustering/zika/splitFiles/reverse2510-3011.fasta
        
        (one of the commands exited with non-zero exit code; note that snakemake uses bash strict mode!)

Removing output files of failed job countKmer1 since they might be corrupted:
/datater/wu/data/MSSPE-clustering/zika/kmer15/intermediate/reverse2510-3011.int
[Thu Apr 29 15:25:19 2021]
Error in rule countKmer1:
    jobid: 75
    output: /datater/wu/data/MSSPE-clustering/zika/kmer15/intermediate/reverse9789-10290.int
    shell:
        
        jellyfish count         -m 15         -s 3G         -t 12         -o /datater/wu/data/MSSPE-clustering/zika/kmer15/intermediate/reverse9789-10290.int /datater/wu/data/MSSPE-clustering/zika/splitFiles/reverse9789-10290.fasta
        
        (one of the commands exited with non-zero exit code; note that snakemake uses bash strict mode!)

Removing output files of failed job countKmer1 since they might be corrupted:
/datater/wu/data/MSSPE-clustering/zika/kmer15/intermediate/reverse9789-10290.int
[Thu Apr 29 15:25:19 2021]
Error in rule countKmer1:
    jobid: 135
    output: /datater/wu/data/MSSPE-clustering/zika/kmer15/intermediate/reverse6777-7278.int
    shell:
        
        jellyfish count         -m 15         -s 3G         -t 12         -o /datater/wu/data/MSSPE-clustering/zika/kmer15/intermediate/reverse6777-7278.int /datater/wu/data/MSSPE-clustering/zika/splitFiles/reverse6777-7278.fasta
        
        (one of the commands exited with non-zero exit code; note that snakemake uses bash strict mode!)

Removing output files of failed job countKmer1 since they might be corrupted:
/datater/wu/data/MSSPE-clustering/zika/kmer15/intermediate/reverse6777-7278.int
Complete log: /datater/wu/MSSPE/.snakemake/log/2021-04-29T150551.565401.snakemake.log
