Building DAG of jobs...
Updating job filtering2.
Updating job filtering2.
Using shell: /bin/bash
Provided cores: 12
Rules claiming more threads will be scaled down.
Conda environments: ignored
Job counts:
	count	jobs
	1	all
	2	evaluation1
	3
Select jobs to execute...

[Fri Apr 23 10:34:20 2021]
rule evaluation1:
    input: /datater/wu/data/MSSPE-basic/enterovirus/enterovirus.uniq
    output: /datater/wu/data/MSSPE-basic/enterovirus/kmer15/intermediate/aceID-taxID-species.tsv
    jobid: 20
    wildcards: sample=enterovirus

[Fri Apr 23 10:34:20 2021]
rule evaluation1:
    input: /datater/wu/data/MSSPE-basic/zika/zika.uniq
    output: /datater/wu/data/MSSPE-basic/zika/kmer15/intermediate/aceID-taxID-species.tsv
    jobid: 21
    wildcards: sample=zika

[Fri Apr 23 10:34:37 2021]
Finished job 21.
1 of 3 steps (33%) done
[Fri Apr 23 11:03:50 2021]
Finished job 20.
2 of 3 steps (67%) done
Select jobs to execute...

[Fri Apr 23 11:03:50 2021]
localrule all:
    input: /datater/wu/data/MSSPE-basic/enterovirus/enterovirus.uniq, /datater/wu/data/MSSPE-basic/zika/zika.uniq, /datater/wu/data/MSSPE-basic/enterovirus/enterovirus.msa, /datater/wu/data/MSSPE-basic/zika/zika.msa, /datater/wu/data/MSSPE-basic/enterovirus/kmer15/allKmercount.sorted.calculated.txt, /datater/wu/data/MSSPE-basic/zika/kmer15/allKmercount.sorted.calculated.txt, /datater/wu/data/MSSPE-basic/enterovirus/kmer15/allKmerCount.sorted.calculated.filtered.txt, /datater/wu/data/MSSPE-basic/zika/kmer15/allKmerCount.sorted.calculated.filtered.txt, /datater/wu/data/MSSPE-basic/enterovirus/kmer15/intermediate/allKmerCount.sorted.calculated.filtered.fasta, /datater/wu/data/MSSPE-basic/zika/kmer15/intermediate/allKmerCount.sorted.calculated.filtered.fasta, /datater/wu/data/RefSeqProkaryota/RefSeqProkaryota.DB.1.ebwt, /datater/wu/data/RefSeqProkaryota/RefSeqProkaryota.DB.2.ebwt, /datater/wu/data/RefSeqProkaryota/RefSeqProkaryota.DB.3.ebwt, /datater/wu/data/RefSeqProkaryota/RefSeqProkaryota.DB.4.ebwt, /datater/wu/data/RefSeqProkaryota/RefSeqProkaryota.DB.rev.1.ebwt, /datater/wu/data/RefSeqProkaryota/RefSeqProkaryota.DB.rev.2.ebwt, /datater/wu/data/MSSPE-basic/enterovirus/kmer15/intermediate/allKmerCount.sorted.calculated.filtered.bowtie, /datater/wu/data/MSSPE-basic/zika/kmer15/intermediate/allKmerCount.sorted.calculated.filtered.bowtie, /datater/wu/data/MSSPE-basic/enterovirus/kmer15/allKmerCount.sorted.calculated.filtered.spec.txt, /datater/wu/data/MSSPE-basic/zika/kmer15/allKmerCount.sorted.calculated.filtered.spec.txt, /datater/wu/data/MSSPE-basic/enterovirus/kmer15/allOligo.set, /datater/wu/data/MSSPE-basic/zika/kmer15/allOligo.set, /datater/wu/data/MSSPE-basic/enterovirus/kmer15/intermediate/aceID-taxID-species.tsv, /datater/wu/data/MSSPE-basic/zika/kmer15/intermediate/aceID-taxID-species.tsv
    jobid: 0

[Fri Apr 23 11:03:50 2021]
Finished job 0.
3 of 3 steps (100%) done
Complete log: /datater/wu/MSSPE/.snakemake/log/2021-04-23T103419.420020.snakemake.log
