Building DAG of jobs...
Using shell: /bin/bash
Provided cores: 12
Rules claiming more threads will be scaled down.
Conda environments: ignored
Job counts:
	count	jobs
	1	all
	1	dskReverse
	1	splitFiles
	3
Select jobs to execute...

[Mon Mar 15 12:08:59 2021]
checkpoint splitFiles:
    input: /datater/wu/data/msa/zika.msa
    output: /datater/wu/data/zika/splitFiles/reverse{*}.fasta (dynamic)
    jobid: 3
    wildcards: sample=zika
Downstream jobs will be updated after completion.

Subsequent jobs will be added dynamically depending on the output of this job
Updating job dskReverse.
Updating job all.
Dynamically updating jobs
[Mon Mar 15 12:09:00 2021]
Finished job 3.
1 of 45 steps (2%) done
Complete log: /datater/wu/stage_m2/.snakemake/log/2021-03-15T120859.167786.snakemake.log
