Building DAG of jobs...
Updating job merge_all_kmers.
Updating job merge_all_kmers.
Updating job merge_all_kmers.
Updating job merge_all_kmers.
Updating job merge_all_kmers.
Updating job merge_all_kmers.
Updating job merge_all_kmers.
Updating job merge_all_kmers.
Updating job merge_all_kmers.
Updating job merge_all_kmers.
Updating job merge_all_kmers.
Updating job merge_all_kmers.
Updating job merge_all_kmers.
Updating job merge_all_kmers.
Updating job merge_all_kmers.
Updating job merge_all_kmers.
Using shell: /bin/bash
Provided cores: 12
Rules claiming more threads will be scaled down.
Conda environments: ignored
Job counts:
	count	jobs
	1	all
	1	dimer_mfeprimer
	1	dimer_ntthal
	27	filterOut_Tm
	1	hairpin_mfeprimer
	1	hairpin_ntthal
	1	merge_all_kmers
	1	transforme_to_fasta
	34
Select jobs to execute...

[Tue Mar  9 16:36:21 2021]
checkpoint filterOut_Tm:
    input: /datater/wu/data/zika/primer3_Tm/forward_3263-3764.Tm
    output: /datater/wu/data/zika/primer3_Tm/forward_3263-3764.TmFilterered
    jobid: 106
    wildcards: sample=zika, seg=3263-3764
Downstream jobs will be updated after completion.

[Tue Mar  9 16:36:21 2021]
checkpoint filterOut_Tm:
    input: /datater/wu/data/zika/primer3_Tm/forward_1506-2007.Tm
    output: /datater/wu/data/zika/primer3_Tm/forward_1506-2007.TmFilterered
    jobid: 130
    wildcards: sample=zika, seg=1506-2007
Downstream jobs will be updated after completion.

[Tue Mar  9 16:36:21 2021]
checkpoint filterOut_Tm:
    input: /datater/wu/data/zika/primer3_Tm/forward_1255-1756.Tm
    output: /datater/wu/data/zika/primer3_Tm/forward_1255-1756.TmFilterered
    jobid: 76
    wildcards: sample=zika, seg=1255-1756
Downstream jobs will be updated after completion.

[Tue Mar  9 16:36:21 2021]
checkpoint filterOut_Tm:
    input: /datater/wu/data/zika/primer3_Tm/forward_7279-7780.Tm
    output: /datater/wu/data/zika/primer3_Tm/forward_7279-7780.TmFilterered
    jobid: 100
    wildcards: sample=zika, seg=7279-7780
Downstream jobs will be updated after completion.

[Tue Mar  9 16:36:21 2021]
checkpoint filterOut_Tm:
    input: /datater/wu/data/zika/primer3_Tm/forward_3514-4015.Tm
    output: /datater/wu/data/zika/primer3_Tm/forward_3514-4015.TmFilterered
    jobid: 70
    wildcards: sample=zika, seg=3514-4015
Downstream jobs will be updated after completion.

[Tue Mar  9 16:36:21 2021]
checkpoint filterOut_Tm:
    input: /datater/wu/data/zika/primer3_Tm/forward_9538-10039.Tm
    output: /datater/wu/data/zika/primer3_Tm/forward_9538-10039.TmFilterered
    jobid: 190
    wildcards: sample=zika, seg=9538-10039
Downstream jobs will be updated after completion.

[Tue Mar  9 16:36:21 2021]
checkpoint filterOut_Tm:
    input: /datater/wu/data/zika/primer3_Tm/forward_6526-7027.Tm
    output: /datater/wu/data/zika/primer3_Tm/forward_6526-7027.TmFilterered
    jobid: 315
    wildcards: sample=zika, seg=6526-7027
Downstream jobs will be updated after completion.

[Tue Mar  9 16:36:21 2021]
checkpoint filterOut_Tm:
    input: /datater/wu/data/zika/primer3_Tm/forward_1004-1505.Tm
    output: /datater/wu/data/zika/primer3_Tm/forward_1004-1505.TmFilterered
    jobid: 142
    wildcards: sample=zika, seg=1004-1505
Downstream jobs will be updated after completion.

[Tue Mar  9 16:36:21 2021]
checkpoint filterOut_Tm:
    input: /datater/wu/data/zika/primer3_Tm/forward_4016-4517.Tm
    output: /datater/wu/data/zika/primer3_Tm/forward_4016-4517.TmFilterered
    jobid: 317
    wildcards: sample=zika, seg=4016-4517
Downstream jobs will be updated after completion.

[Tue Mar  9 16:36:21 2021]
checkpoint filterOut_Tm:
    input: /datater/wu/data/zika/primer3_Tm/forward_7781-8282.Tm
    output: /datater/wu/data/zika/primer3_Tm/forward_7781-8282.TmFilterered
    jobid: 319
    wildcards: sample=zika, seg=7781-8282
Downstream jobs will be updated after completion.

[Tue Mar  9 16:36:21 2021]
checkpoint filterOut_Tm:
    input: /datater/wu/data/zika/primer3_Tm/forward_6024-6525.Tm
    output: /datater/wu/data/zika/primer3_Tm/forward_6024-6525.TmFilterered
    jobid: 118
    wildcards: sample=zika, seg=6024-6525
Downstream jobs will be updated after completion.

[Tue Mar  9 16:36:21 2021]
checkpoint filterOut_Tm:
    input: /datater/wu/data/zika/primer3_Tm/forward_4267-4768.Tm
    output: /datater/wu/data/zika/primer3_Tm/forward_4267-4768.TmFilterered
    jobid: 316
    wildcards: sample=zika, seg=4267-4768
Downstream jobs will be updated after completion.

Updating job merge_all_kmers.
Updating job all.
AmbiguousRuleException:
Rules splitFiles and splitFiles are ambiguous for the file /datater/wu/data/zika/split_forward/position_3765-4266.fasta.
Consider starting rule output with a unique prefix, constrain your wildcards, or use the ruleorder directive.
Wildcards:
	splitFiles: sample=zika,seg=3765-4266
	splitFiles: sample=zika
Expected input files:
	splitFiles: /datater/wu/data/msa/zika.msa
	splitFiles: /datater/wu/data/msa/zika.msaExpected output files:
	splitFiles: /datater/wu/data/zika/split_forward/position_3765-4266.fasta /datater/wu/data/zika/split_reverse/position_3765-4266.fasta
	splitFiles: /datater/wu/data/zika/split_forward/position_3765-4266.fasta /datater/wu/data/zika/split_forward/position_5271-5772.fasta /datater/wu/data/zika/split_forward/position_5020-5521.fasta /datater/wu/data/zika/split_forward/position_2008-2509.fasta /datater/wu/data/zika/split_forward/position_4769-5270.fasta /datater/wu/data/zika/split_forward/position_2259-2760.fasta /datater/wu/data/zika/split_forward/position_9036-9537.fasta /datater/wu/data/zika/split_forward/position_1506-2007.fasta /datater/wu/data/zika/split_forward/position_7279-7780.fasta /datater/wu/data/zika/split_forward/position_8785-9286.fasta /datater/wu/data/zika/split_forward/position_6777-7278.fasta /datater/wu/data/zika/split_forward/position_5522-6023.fasta /datater/wu/data/zika/split_forward/position_3514-4015.fasta /datater/wu/data/zika/split_forward/position_3012-3513.fasta /datater/wu/data/zika/split_forward/position_9538-10039.fasta /datater/wu/data/zika/split_forward/position_502-1003.fasta /datater/wu/data/zika/split_forward/position_8032-8533.fasta /datater/wu/data/zika/split_forward/position_6275-6776.fasta /datater/wu/data/zika/split_forward/position_6526-7027.fasta /datater/wu/data/zika/split_forward/position_5773-6274.fasta /datater/wu/data/zika/split_forward/position_8283-8784.fasta /datater/wu/data/zika/split_forward/position_2510-3011.fasta /datater/wu/data/zika/split_forward/position_4518-5019.fasta /datater/wu/data/zika/split_forward/position_1757-2258.fasta /datater/wu/data/zika/split_forward/position_8534-9035.fasta /datater/wu/data/zika/split_forward/position_1004-1505.fasta /datater/wu/data/zika/split_forward/position_7530-8031.fasta /datater/wu/data/zika/split_forward/position_4267-4768.fasta /datater/wu/data/zika/split_forward/position_2761-3262.fasta /datater/wu/data/zika/split_forward/position_10291-10792.fasta /datater/wu/data/zika/split_forward/position_0-501.fasta /datater/wu/data/zika/split_forward/position_4016-4517.fasta /datater/wu/data/zika/split_forward/position_10542-10780.fasta /datater/wu/data/zika/split_forward/position_3263-3764.fasta /datater/wu/data/zika/split_forward/position_9789-10290.fasta /datater/wu/data/zika/split_forward/position_10040-10541.fasta /datater/wu/data/zika/split_forward/position_251-752.fasta /datater/wu/data/zika/split_forward/position_1255-1756.fasta /datater/wu/data/zika/split_forward/position_9287-9788.fasta /datater/wu/data/zika/split_forward/position_7028-7529.fasta /datater/wu/data/zika/split_forward/position_753-1254.fasta /datater/wu/data/zika/split_forward/position_7781-8282.fasta /datater/wu/data/zika/split_forward/position_6024-6525.fasta /datater/wu/data/zika/split_reverse/position_3765-4266.fasta /datater/wu/data/zika/split_reverse/position_5271-5772.fasta /datater/wu/data/zika/split_reverse/position_5020-5521.fasta /datater/wu/data/zika/split_reverse/position_2008-2509.fasta /datater/wu/data/zika/split_reverse/position_4769-5270.fasta /datater/wu/data/zika/split_reverse/position_2259-2760.fasta /datater/wu/data/zika/split_reverse/position_9036-9537.fasta /datater/wu/data/zika/split_reverse/position_1506-2007.fasta /datater/wu/data/zika/split_reverse/position_7279-7780.fasta /datater/wu/data/zika/split_reverse/position_8785-9286.fasta /datater/wu/data/zika/split_reverse/position_6777-7278.fasta /datater/wu/data/zika/split_reverse/position_5522-6023.fasta /datater/wu/data/zika/split_reverse/position_3514-4015.fasta /datater/wu/data/zika/split_reverse/position_3012-3513.fasta /datater/wu/data/zika/split_reverse/position_9538-10039.fasta /datater/wu/data/zika/split_reverse/position_502-1003.fasta /datater/wu/data/zika/split_reverse/position_8032-8533.fasta /datater/wu/data/zika/split_reverse/position_6275-6776.fasta /datater/wu/data/zika/split_reverse/position_6526-7027.fasta /datater/wu/data/zika/split_reverse/position_5773-6274.fasta /datater/wu/data/zika/split_reverse/position_8283-8784.fasta /datater/wu/data/zika/split_reverse/position_2510-3011.fasta /datater/wu/data/zika/split_reverse/position_4518-5019.fasta /datater/wu/data/zika/split_reverse/position_1757-2258.fasta /datater/wu/data/zika/split_reverse/position_8534-9035.fasta /datater/wu/data/zika/split_reverse/position_1004-1505.fasta /datater/wu/data/zika/split_reverse/position_7530-8031.fasta /datater/wu/data/zika/split_reverse/position_4267-4768.fasta /datater/wu/data/zika/split_reverse/position_2761-3262.fasta /datater/wu/data/zika/split_reverse/position_10291-10792.fasta /datater/wu/data/zika/split_reverse/position_0-501.fasta /datater/wu/data/zika/split_reverse/position_4016-4517.fasta /datater/wu/data/zika/split_reverse/position_10542-10780.fasta /datater/wu/data/zika/split_reverse/position_3263-3764.fasta /datater/wu/data/zika/split_reverse/position_9789-10290.fasta /datater/wu/data/zika/split_reverse/position_10040-10541.fasta /datater/wu/data/zika/split_reverse/position_251-752.fasta /datater/wu/data/zika/split_reverse/position_1255-1756.fasta /datater/wu/data/zika/split_reverse/position_9287-9788.fasta /datater/wu/data/zika/split_reverse/position_7028-7529.fasta /datater/wu/data/zika/split_reverse/position_753-1254.fasta /datater/wu/data/zika/split_reverse/position_7781-8282.fasta /datater/wu/data/zika/split_reverse/position_6024-6525.fasta
Removing output files of failed job filterOut_Tm since they might be corrupted:
/datater/wu/data/zika/primer3_Tm/forward_9538-10039.TmFilterered
Updating job merge_all_kmers.
[Tue Mar  9 16:36:23 2021]
Finished job 315.
1 of 3 steps (33%) done
[Tue Mar  9 16:36:23 2021]
Finished job 142.
2 of 3 steps (67%) done
[Tue Mar  9 16:36:23 2021]
Finished job 70.
3 of 3 steps (100%) done
[Tue Mar  9 16:36:23 2021]
Finished job 76.
4 of 3 steps (133%) done
[Tue Mar  9 16:36:23 2021]
Finished job 316.
5 of 3 steps (167%) done
[Tue Mar  9 16:36:23 2021]
Finished job 317.
6 of 3 steps (200%) done
[Tue Mar  9 16:36:23 2021]
Finished job 106.
7 of 3 steps (233%) done
[Tue Mar  9 16:36:23 2021]
Finished job 130.
8 of 3 steps (267%) done
[Tue Mar  9 16:36:23 2021]
Finished job 319.
9 of 3 steps (300%) done
[Tue Mar  9 16:36:23 2021]
Finished job 100.
10 of 3 steps (333%) done
[Tue Mar  9 16:36:23 2021]
Finished job 118.
11 of 3 steps (367%) done
Shutting down, this might take some time.
Exiting because a job execution failed. Look above for error message
Complete log: /datater/wu/stage_m2/.snakemake/log/2021-03-09T163618.976368.snakemake.log
