Building DAG of jobs...
MissingInputException in line 44 of /datater/wu/stage_m2/Snakefile:
Missing input files for rule all:
/datater/wu/datafilter/kmc/enterovirus.reverse.1785-2290.txt
/datater/wu/datafilter/kmc/enterovirus.reverse.3060-3565.txt
/datater/wu/datafilter/kmc/enterovirus.forward.1020-1525.txt
/datater/wu/datafilter/kmc/enterovirus.forward.8670-9175.txt
/datater/wu/datafilter/kmc/enterovirus.forward.6885-7390.txt
/datater/wu/datafilter/kmc/enterovirus.forward.4080-4585.txt
/datater/wu/datafilter/kmc/enterovirus.reverse.3825-4330.txt
/datater/wu/datafilter/kmc/enterovirus.forward.3570-4075.txt
/datater/wu/datafilter/kmc/enterovirus.forward.8160-8665.txt
/datater/wu/datafilter/kmc/enterovirus.forward.6375-6880.txt
/datater/wu/datafilter/kmc/enterovirus.forward.2805-3310.txt
/datater/wu/datafilter/kmc/enterovirus.reverse.2805-3310.txt
/datater/wu/datafilter/kmc/enterovirus.reverse.4845-5350.txt
/datater/wu/datafilter/kmc/enterovirus.forward.1530-2035.txt
/datater/wu/datafilter/kmc/enterovirus.forward.7140-7645.txt
/datater/wu/datafilter/kmc/enterovirus.reverse.2040-2545.txt
/datater/wu/datafilter/kmc/enterovirus.forward.765-1270.txt
/datater/wu/datafilter/kmc/enterovirus.forward.4335-4840.txt
/datater/wu/datafilter/kmc/enterovirus.reverse.4335-4840.txt
/datater/wu/datafilter/kmc/enterovirus.forward.510-1015.txt
/datater/wu/datafilter/kmc/enterovirus.reverse.2295-2800.txt
/datater/wu/datafilter/kmc/enterovirus.reverse.6885-7390.txt
/datater/wu/datafilter/kmc/enterovirus.forward.7905-8410.txt
/datater/wu/datafilter/kmc/enterovirus.forward.0-505.txt
/datater/wu/datafilter/kmc/enterovirus.forward.6120-6625.txt
/datater/wu/datafilter/kmc/enterovirus.forward.1785-2290.txt
/datater/wu/datafilter/kmc/enterovirus.forward.7650-8155.txt
/datater/wu/datafilter/kmc/enterovirus.forward.2040-2545.txt
/datater/wu/datafilter/kmc/enterovirus.reverse.1020-1525.txt
/datater/wu/datafilter/kmc/enterovirus.reverse.3570-4075.txt
/datater/wu/datafilter/kmc/enterovirus.reverse.5865-6370.txt
/datater/wu/datafilter/kmc/enterovirus.reverse.7395-7900.txt
/datater/wu/datafilter/kmc/enterovirus.reverse.6375-6880.txt
/datater/wu/datafilter/kmc/enterovirus.reverse.510-1015.txt
/datater/wu/datafilter/kmc/enterovirus.forward.4590-5095.txt
/datater/wu/datafilter/kmc/enterovirus.reverse.8415-8920.txt
/datater/wu/datafilter/kmc/enterovirus.reverse.765-1270.txt
/datater/wu/datafilter/kmc/enterovirus.reverse.8670-9175.txt
/datater/wu/datafilter/kmc/enterovirus.reverse.8925-9430.txt
/datater/wu/datafilter/kmc/enterovirus.forward.1275-1780.txt
/datater/wu/datafilter/kmc/enterovirus.reverse.4590-5095.txt
/datater/wu/datafilter/kmc/enterovirus.reverse.3315-3820.txt
/datater/wu/datafilter/kmc/enterovirus.forward.4845-5350.txt
/datater/wu/datafilter/kmc/enterovirus.forward.5865-6370.txt
/datater/wu/datafilter/kmc/enterovirus.reverse.1530-2035.txt
/datater/wu/datafilter/kmc/enterovirus.reverse.1275-1780.txt
/datater/wu/datafilter/kmc/enterovirus.reverse.5355-5860.txt
/datater/wu/datafilter/kmc/enterovirus.forward.2295-2800.txt
/datater/wu/datafilter/kmc/enterovirus.reverse.4080-4585.txt
/datater/wu/datafilter/kmc/enterovirus.reverse.7650-8155.txt
/datater/wu/datafilter/kmc/enterovirus.forward.3060-3565.txt
/datater/wu/datafilter/kmc/enterovirus.reverse.7140-7645.txt
/datater/wu/datafilter/kmc/enterovirus.reverse.8160-8665.txt
/datater/wu/datafilter/kmc/enterovirus.forward.3825-4330.txt
/datater/wu/datafilter/kmc/enterovirus.reverse.2550-3055.txt
/datater/wu/datafilter/kmc/enterovirus.forward.6630-7135.txt
/datater/wu/datafilter/kmc/enterovirus.reverse.7905-8410.txt
/datater/wu/datafilter/kmc/enterovirus.reverse.5100-5605.txt
/datater/wu/datafilter/kmc/enterovirus.reverse.0-505.txt
/datater/wu/datafilter/kmc/enterovirus.reverse.255-760.txt
/datater/wu/datafilter/kmc/enterovirus.forward.255-760.txt
/datater/wu/datafilter/kmc/enterovirus.forward.3315-3820.txt
/datater/wu/datafilter/kmc/enterovirus.forward.8925-9430.txt
/datater/wu/datafilter/kmc/enterovirus.reverse.9180-9398.txt
/datater/wu/datafilter/kmc/enterovirus.reverse.6120-6625.txt
/datater/wu/datafilter/kmc/enterovirus.forward.2550-3055.txt
/datater/wu/datafilter/kmc/enterovirus.forward.5610-6115.txt
/datater/wu/datafilter/kmc/enterovirus.reverse.6630-7135.txt
/datater/wu/datafilter/kmc/enterovirus.forward.5100-5605.txt
/datater/wu/datafilter/kmc/enterovirus.forward.5355-5860.txt
/datater/wu/datafilter/kmc/enterovirus.forward.7395-7900.txt
/datater/wu/datafilter/kmc/enterovirus.forward.9180-9398.txt
/datater/wu/datafilter/kmc/enterovirus.reverse.5610-6115.txt
/datater/wu/datafilter/kmc/enterovirus.forward.8415-8920.txt
