Building DAG of jobs...
Using shell: /bin/bash
Provided cores: 12
Rules claiming more threads will be scaled down.
Conda environments: ignored
Job counts:
	count	jobs
	1	all
	1	lastdb_index
	2
Select jobs to execute...

[Wed Mar 17 14:10:06 2021]
rule lastdb_index:
    input: /datater/wu/data/zika/zika.uniq.dna
    output: /datater/wu/data/zika/zika.index.bck, /datater/wu/data/zika/zika.index.des, /datater/wu/data/zika/zika.index.prj, /datater/wu/data/zika/zika.index.sds, /datater/wu/data/zika/zika.index.ssp, /datater/wu/data/zika/zika.index.suf, /datater/wu/data/zika/zika.index.tis
    jobid: 1
    wildcards: sample=zika

[Wed Mar 17 14:10:10 2021]
Finished job 1.
1 of 2 steps (50%) done
Select jobs to execute...

[Wed Mar 17 14:10:10 2021]
localrule all:
    input: /datater/wu/data/zika/zika.index.bck, /datater/wu/data/zika/zika.index.des, /datater/wu/data/zika/zika.index.prj, /datater/wu/data/zika/zika.index.sds, /datater/wu/data/zika/zika.index.ssp, /datater/wu/data/zika/zika.index.suf, /datater/wu/data/zika/zika.index.tis
    jobid: 0

[Wed Mar 17 14:10:10 2021]
Finished job 0.
2 of 2 steps (100%) done
Complete log: /datater/wu/stage_m2/.snakemake/log/2021-03-17T141005.527573.snakemake.log
