Building DAG of jobs...
Using shell: /bin/bash
Provided cores: 1 (use --cores to define parallelism)
Rules claiming more threads will be scaled down.
Conda environments: ignored
Job counts:
	count	jobs
	1	all
	8	test5
	9
Select jobs to execute...

[Fri May  7 14:59:48 2021]
rule test5:
    input: /datater/wu/data/tmp/MSSPE-basic_coronavirusCuratedWithoutSarsCov2_kmer13_stritMatch.bowtie, /datater/wu/data/tmp/MSSPE-basic_coronavirusCuratedWithoutSarsCov2_kmer13_notstritMatch.bowtie, /datater/wu/data/tmp/sars2_variants.uniq.fasta
    output: /datater/wu/data/tmp/MSSPE-basic_coronavirusCuratedWithoutSarsCov2_kmer13_statistic.out
    jobid: 34
    wildcards: datadir=MSSPE-basic, sample=coronavirusCuratedWithoutSarsCov2, kmerSize=kmer13

[Fri May  7 14:59:49 2021]
Finished job 34.
1 of 9 steps (11%) done
Select jobs to execute...

[Fri May  7 14:59:49 2021]
rule test5:
    input: /datater/wu/data/tmp/MSSPE-basic_coronavirusWithoutSarsCov2_kmer13_stritMatch.bowtie, /datater/wu/data/tmp/MSSPE-basic_coronavirusWithoutSarsCov2_kmer13_notstritMatch.bowtie, /datater/wu/data/tmp/sars2_variants.uniq.fasta
    output: /datater/wu/data/tmp/MSSPE-basic_coronavirusWithoutSarsCov2_kmer13_statistic.out
    jobid: 32
    wildcards: datadir=MSSPE-basic, sample=coronavirusWithoutSarsCov2, kmerSize=kmer13

[Fri May  7 14:59:51 2021]
Finished job 32.
2 of 9 steps (22%) done
Select jobs to execute...

[Fri May  7 14:59:51 2021]
rule test5:
    input: /datater/wu/data/tmp/MSSPE-variant_coronavirusWithoutSarsCov2_kmer13_stritMatch.bowtie, /datater/wu/data/tmp/MSSPE-variant_coronavirusWithoutSarsCov2_kmer13_notstritMatch.bowtie, /datater/wu/data/tmp/sars2_variants.uniq.fasta
    output: /datater/wu/data/tmp/MSSPE-variant_coronavirusWithoutSarsCov2_kmer13_statistic.out
    jobid: 28
    wildcards: datadir=MSSPE-variant, sample=coronavirusWithoutSarsCov2, kmerSize=kmer13

[Fri May  7 14:59:53 2021]
Finished job 28.
3 of 9 steps (33%) done
Select jobs to execute...

[Fri May  7 14:59:53 2021]
rule test5:
    input: /datater/wu/data/tmp/MSSPE-variant_coronavirusCuratedWithoutSarsCov2_kmer13_stritMatch.bowtie, /datater/wu/data/tmp/MSSPE-variant_coronavirusCuratedWithoutSarsCov2_kmer13_notstritMatch.bowtie, /datater/wu/data/tmp/sars2_variants.uniq.fasta
    output: /datater/wu/data/tmp/MSSPE-variant_coronavirusCuratedWithoutSarsCov2_kmer13_statistic.out
    jobid: 30
    wildcards: datadir=MSSPE-variant, sample=coronavirusCuratedWithoutSarsCov2, kmerSize=kmer13

[Fri May  7 14:59:54 2021]
Finished job 30.
4 of 9 steps (44%) done
Select jobs to execute...

[Fri May  7 14:59:54 2021]
rule test5:
    input: /datater/wu/data/tmp/MSSPE-variant_coronavirusWithoutSarsCov2_kmer15_stritMatch.bowtie, /datater/wu/data/tmp/MSSPE-variant_coronavirusWithoutSarsCov2_kmer15_notstritMatch.bowtie, /datater/wu/data/tmp/sars2_variants.uniq.fasta
    output: /datater/wu/data/tmp/MSSPE-variant_coronavirusWithoutSarsCov2_kmer15_statistic.out
    jobid: 27
    wildcards: datadir=MSSPE-variant, sample=coronavirusWithoutSarsCov2, kmerSize=kmer15

[Fri May  7 14:59:56 2021]
Finished job 27.
5 of 9 steps (56%) done
Select jobs to execute...

[Fri May  7 14:59:56 2021]
rule test5:
    input: /datater/wu/data/tmp/MSSPE-basic_coronavirusWithoutSarsCov2_kmer15_stritMatch.bowtie, /datater/wu/data/tmp/MSSPE-basic_coronavirusWithoutSarsCov2_kmer15_notstritMatch.bowtie, /datater/wu/data/tmp/sars2_variants.uniq.fasta
    output: /datater/wu/data/tmp/MSSPE-basic_coronavirusWithoutSarsCov2_kmer15_statistic.out
    jobid: 31
    wildcards: datadir=MSSPE-basic, sample=coronavirusWithoutSarsCov2, kmerSize=kmer15

[Fri May  7 14:59:57 2021]
Finished job 31.
6 of 9 steps (67%) done
Select jobs to execute...

[Fri May  7 14:59:57 2021]
rule test5:
    input: /datater/wu/data/tmp/MSSPE-variant_coronavirusCuratedWithoutSarsCov2_kmer15_stritMatch.bowtie, /datater/wu/data/tmp/MSSPE-variant_coronavirusCuratedWithoutSarsCov2_kmer15_notstritMatch.bowtie, /datater/wu/data/tmp/sars2_variants.uniq.fasta
    output: /datater/wu/data/tmp/MSSPE-variant_coronavirusCuratedWithoutSarsCov2_kmer15_statistic.out
    jobid: 29
    wildcards: datadir=MSSPE-variant, sample=coronavirusCuratedWithoutSarsCov2, kmerSize=kmer15

[Fri May  7 14:59:59 2021]
Finished job 29.
7 of 9 steps (78%) done
Select jobs to execute...

[Fri May  7 14:59:59 2021]
rule test5:
    input: /datater/wu/data/tmp/MSSPE-basic_coronavirusCuratedWithoutSarsCov2_kmer15_stritMatch.bowtie, /datater/wu/data/tmp/MSSPE-basic_coronavirusCuratedWithoutSarsCov2_kmer15_notstritMatch.bowtie, /datater/wu/data/tmp/sars2_variants.uniq.fasta
    output: /datater/wu/data/tmp/MSSPE-basic_coronavirusCuratedWithoutSarsCov2_kmer15_statistic.out
    jobid: 33
    wildcards: datadir=MSSPE-basic, sample=coronavirusCuratedWithoutSarsCov2, kmerSize=kmer15

[Fri May  7 15:00:00 2021]
Finished job 33.
8 of 9 steps (89%) done
Select jobs to execute...

[Fri May  7 15:00:00 2021]
localrule all:
    input: /datater/wu/data/tmp/sars2_variants.uniq.fasta, /datater/wu/data/tmp/sars2_variants.uniq.fasta.DB.1.ebwt, /datater/wu/data/tmp/sars2_variants.uniq.fasta.DB.2.ebwt, /datater/wu/data/tmp/sars2_variants.uniq.fasta.DB.3.ebwt, /datater/wu/data/tmp/sars2_variants.uniq.fasta.DB.4.ebwt, /datater/wu/data/tmp/sars2_variants.uniq.fasta.DB.rev.1.ebwt, /datater/wu/data/tmp/sars2_variants.uniq.fasta.DB.rev.2.ebwt, /datater/wu/data/tmp/MSSPE-variant_coronavirusWithoutSarsCov2_kmer15_allOligo.set, /datater/wu/data/tmp/MSSPE-variant_coronavirusWithoutSarsCov2_kmer13_allOligo.set, /datater/wu/data/tmp/MSSPE-variant_coronavirusCuratedWithoutSarsCov2_kmer15_allOligo.set, /datater/wu/data/tmp/MSSPE-variant_coronavirusCuratedWithoutSarsCov2_kmer13_allOligo.set, /datater/wu/data/tmp/MSSPE-basic_coronavirusWithoutSarsCov2_kmer15_allOligo.set, /datater/wu/data/tmp/MSSPE-basic_coronavirusWithoutSarsCov2_kmer13_allOligo.set, /datater/wu/data/tmp/MSSPE-basic_coronavirusCuratedWithoutSarsCov2_kmer15_allOligo.set, /datater/wu/data/tmp/MSSPE-basic_coronavirusCuratedWithoutSarsCov2_kmer13_allOligo.set, /datater/wu/data/tmp/MSSPE-variant_coronavirusWithoutSarsCov2_kmer15_stritMatch.bowtie, /datater/wu/data/tmp/MSSPE-variant_coronavirusWithoutSarsCov2_kmer13_stritMatch.bowtie, /datater/wu/data/tmp/MSSPE-variant_coronavirusCuratedWithoutSarsCov2_kmer15_stritMatch.bowtie, /datater/wu/data/tmp/MSSPE-variant_coronavirusCuratedWithoutSarsCov2_kmer13_stritMatch.bowtie, /datater/wu/data/tmp/MSSPE-basic_coronavirusWithoutSarsCov2_kmer15_stritMatch.bowtie, /datater/wu/data/tmp/MSSPE-basic_coronavirusWithoutSarsCov2_kmer13_stritMatch.bowtie, /datater/wu/data/tmp/MSSPE-basic_coronavirusCuratedWithoutSarsCov2_kmer15_stritMatch.bowtie, /datater/wu/data/tmp/MSSPE-basic_coronavirusCuratedWithoutSarsCov2_kmer13_stritMatch.bowtie, /datater/wu/data/tmp/MSSPE-variant_coronavirusWithoutSarsCov2_kmer15_notstritMatch.bowtie, /datater/wu/data/tmp/MSSPE-variant_coronavirusWithoutSarsCov2_kmer13_notstritMatch.bowtie, /datater/wu/data/tmp/MSSPE-variant_coronavirusCuratedWithoutSarsCov2_kmer15_notstritMatch.bowtie, /datater/wu/data/tmp/MSSPE-variant_coronavirusCuratedWithoutSarsCov2_kmer13_notstritMatch.bowtie, /datater/wu/data/tmp/MSSPE-basic_coronavirusWithoutSarsCov2_kmer15_notstritMatch.bowtie, /datater/wu/data/tmp/MSSPE-basic_coronavirusWithoutSarsCov2_kmer13_notstritMatch.bowtie, /datater/wu/data/tmp/MSSPE-basic_coronavirusCuratedWithoutSarsCov2_kmer15_notstritMatch.bowtie, /datater/wu/data/tmp/MSSPE-basic_coronavirusCuratedWithoutSarsCov2_kmer13_notstritMatch.bowtie, /datater/wu/data/tmp/MSSPE-variant_coronavirusWithoutSarsCov2_kmer15_statistic.out, /datater/wu/data/tmp/MSSPE-variant_coronavirusWithoutSarsCov2_kmer13_statistic.out, /datater/wu/data/tmp/MSSPE-variant_coronavirusCuratedWithoutSarsCov2_kmer15_statistic.out, /datater/wu/data/tmp/MSSPE-variant_coronavirusCuratedWithoutSarsCov2_kmer13_statistic.out, /datater/wu/data/tmp/MSSPE-basic_coronavirusWithoutSarsCov2_kmer15_statistic.out, /datater/wu/data/tmp/MSSPE-basic_coronavirusWithoutSarsCov2_kmer13_statistic.out, /datater/wu/data/tmp/MSSPE-basic_coronavirusCuratedWithoutSarsCov2_kmer15_statistic.out, /datater/wu/data/tmp/MSSPE-basic_coronavirusCuratedWithoutSarsCov2_kmer13_statistic.out
    jobid: 0

[Fri May  7 15:00:00 2021]
Finished job 0.
9 of 9 steps (100%) done
Complete log: /datater/wu/MSSPE/.snakemake/log/2021-05-07T145947.722536.snakemake.log
