Building DAG of jobs...
Updating job filtering2.
Using shell: /bin/bash
Provided cores: 6
Rules claiming more threads will be scaled down.
Conda environments: ignored
Job counts:
	count	jobs
	1	all
	30	calculateKmer_sort
	1	checkHeterodimer
	25	countKmer1
	25	countKmer2
	1	evaluation2
	1	evaluation3
	32	filtering1
	1	filtering2
	1	filtering3
	1	specific1
	1	specific3
	1	specific4
	121
Select jobs to execute...

[Thu Apr 29 14:58:52 2021]
rule countKmer1:
    input: /datater/wu/data/MSSPE-clustering/zika/splitFiles/reverse5020-5521.fasta
    output: /datater/wu/data/MSSPE-clustering/zika/kmer15/intermediate/reverse5020-5521.int.kmc_pre, /datater/wu/data/MSSPE-clustering/zika/kmer15/intermediate/reverse5020-5521.int.kmc_suf
    jobid: 139
    wildcards: sample=zika, seg=5020-5521


[Thu Apr 29 14:58:52 2021]
rule calculateKmer_sort:
    input: /datater/wu/data/MSSPE-clustering/zika/kmer15/intermediate/reverse7279-7780.Kmercount.txt
    output: /datater/wu/data/MSSPE-clustering/zika/kmer15/intermediate/reverse7279-7780.Kmercount.sorted.txt
    jobid: 177
    wildcards: sample=zika, seg=7279-7780


[Thu Apr 29 14:58:52 2021]
rule filtering1:
    input: /datater/wu/data/MSSPE-clustering/zika/kmer15/intermediate/reverse9789-10290.Kmercount.sorted.txt
    output: /datater/wu/data/MSSPE-clustering/zika/kmer15/intermediate/reverse9789-10290.Kmercount.sorted.calculated.txt
    jobid: 72
    wildcards: sample=zika, seg=9789-10290

[Thu Apr 29 14:58:52 2021]
rule countKmer1:
    input: /datater/wu/data/MSSPE-clustering/zika/splitFiles/reverse3263-3764.fasta
    output: /datater/wu/data/MSSPE-clustering/zika/kmer15/intermediate/reverse3263-3764.int.kmc_pre, /datater/wu/data/MSSPE-clustering/zika/kmer15/intermediate/reverse3263-3764.int.kmc_suf
    jobid: 19
    wildcards: sample=zika, seg=3263-3764

[Thu Apr 29 14:58:52 2021]
Finished job 177.
1 of 121 steps (0.83%) done

[Thu Apr 29 14:58:52 2021]
rule countKmer1:
    input: /datater/wu/data/MSSPE-clustering/zika/splitFiles/reverse502-1003.fasta
    output: /datater/wu/data/MSSPE-clustering/zika/kmer15/intermediate/reverse502-1003.int.kmc_pre, /datater/wu/data/MSSPE-clustering/zika/kmer15/intermediate/reverse502-1003.int.kmc_suf
    jobid: 79
    wildcards: sample=zika, seg=502-1003


[Thu Apr 29 14:58:52 2021]
rule countKmer1:
    input: /datater/wu/data/MSSPE-clustering/zika/splitFiles/reverse7028-7529.fasta
    output: /datater/wu/data/MSSPE-clustering/zika/kmer15/intermediate/reverse7028-7529.int.kmc_pre, /datater/wu/data/MSSPE-clustering/zika/kmer15/intermediate/reverse7028-7529.int.kmc_suf
    jobid: 51
    wildcards: sample=zika, seg=7028-7529

Select jobs to execute...

[Thu Apr 29 14:58:52 2021]
rule countKmer1:
    input: /datater/wu/data/MSSPE-clustering/zika/splitFiles/reverse8032-8533.fasta
    output: /datater/wu/data/MSSPE-clustering/zika/kmer15/intermediate/reverse8032-8533.int.kmc_pre, /datater/wu/data/MSSPE-clustering/zika/kmer15/intermediate/reverse8032-8533.int.kmc_suf
    jobid: 71
    wildcards: sample=zika, seg=8032-8533

[Thu Apr 29 14:58:52 2021]
Error in rule countKmer1:
    jobid: 139
    output: /datater/wu/data/MSSPE-clustering/zika/kmer15/intermediate/reverse5020-5521.int.kmc_pre, /datater/wu/data/MSSPE-clustering/zika/kmer15/intermediate/reverse5020-5521.int.kmc_suf
    shell:
        
        kmc         -k15         -b         -cs9999999999
        -t12         -fa         /datater/wu/data/MSSPE-clustering/zika/splitFiles/reverse5020-5521.fasta /datater/wu/data/MSSPE-clustering/zika/kmer15/intermediate/reverse5020-5521.int /datater/wu/data/MSSPE-clustering/zika/kmer15/intermediate/
        
        (one of the commands exited with non-zero exit code; note that snakemake uses bash strict mode!)

[Thu Apr 29 14:58:52 2021]
Error in rule countKmer1:
    jobid: 79
    output: /datater/wu/data/MSSPE-clustering/zika/kmer15/intermediate/reverse502-1003.int.kmc_pre, /datater/wu/data/MSSPE-clustering/zika/kmer15/intermediate/reverse502-1003.int.kmc_suf
    shell:
        
        kmc         -k15         -b         -cs9999999999
        -t12         -fa         /datater/wu/data/MSSPE-clustering/zika/splitFiles/reverse502-1003.fasta /datater/wu/data/MSSPE-clustering/zika/kmer15/intermediate/reverse502-1003.int /datater/wu/data/MSSPE-clustering/zika/kmer15/intermediate/
        
        (one of the commands exited with non-zero exit code; note that snakemake uses bash strict mode!)

[Thu Apr 29 14:58:52 2021]
Error in rule countKmer1:
    jobid: 19
    output: /datater/wu/data/MSSPE-clustering/zika/kmer15/intermediate/reverse3263-3764.int.kmc_pre, /datater/wu/data/MSSPE-clustering/zika/kmer15/intermediate/reverse3263-3764.int.kmc_suf
    shell:
        
        kmc         -k15         -b         -cs9999999999
        -t12         -fa         /datater/wu/data/MSSPE-clustering/zika/splitFiles/reverse3263-3764.fasta /datater/wu/data/MSSPE-clustering/zika/kmer15/intermediate/reverse3263-3764.int /datater/wu/data/MSSPE-clustering/zika/kmer15/intermediate/
        
        (one of the commands exited with non-zero exit code; note that snakemake uses bash strict mode!)

[Thu Apr 29 14:58:52 2021]
Error in rule countKmer1:
    jobid: 51
    output: /datater/wu/data/MSSPE-clustering/zika/kmer15/intermediate/reverse7028-7529.int.kmc_pre, /datater/wu/data/MSSPE-clustering/zika/kmer15/intermediate/reverse7028-7529.int.kmc_suf
    shell:
        
        kmc         -k15         -b         -cs9999999999
        -t12         -fa         /datater/wu/data/MSSPE-clustering/zika/splitFiles/reverse7028-7529.fasta /datater/wu/data/MSSPE-clustering/zika/kmer15/intermediate/reverse7028-7529.int /datater/wu/data/MSSPE-clustering/zika/kmer15/intermediate/
        
        (one of the commands exited with non-zero exit code; note that snakemake uses bash strict mode!)

[Thu Apr 29 14:58:52 2021]
Error in rule countKmer1:
    jobid: 71
    output: /datater/wu/data/MSSPE-clustering/zika/kmer15/intermediate/reverse8032-8533.int.kmc_pre, /datater/wu/data/MSSPE-clustering/zika/kmer15/intermediate/reverse8032-8533.int.kmc_suf
    shell:
        
        kmc         -k15         -b         -cs9999999999
        -t12         -fa         /datater/wu/data/MSSPE-clustering/zika/splitFiles/reverse8032-8533.fasta /datater/wu/data/MSSPE-clustering/zika/kmer15/intermediate/reverse8032-8533.int /datater/wu/data/MSSPE-clustering/zika/kmer15/intermediate/
        
        (one of the commands exited with non-zero exit code; note that snakemake uses bash strict mode!)

[Thu Apr 29 14:58:52 2021]
Finished job 72.
2 of 121 steps (2%) done
Shutting down, this might take some time.
Exiting because a job execution failed. Look above for error message
Complete log: /datater/wu/MSSPE/.snakemake/log/2021-04-29T145851.488066.snakemake.log
