Building DAG of jobs...
Updating job aggregate_allReverseOligo.
Using shell: /bin/bash
Provided cores: 12
Rules claiming more threads will be scaled down.
Conda environments: ignored
Job counts:
	count	jobs
	1	aggregate_allReverseOligo
	1	all
	43	reverse_add_LC
	1	reverse_filtering
	43	reverse_linguistic_complexity
	43	reverse_parameters
	43	reverse_toFasta
	175
Select jobs to execute...

[Sun Mar 28 16:25:26 2021]
rule reverse_parameters:
    input: /datater/wu/data/zika/dsk/reverse10542-10780.kCountSorted
    output: /datater/wu/data/zika/filtering/reverse10542-10780.calculated
    jobid: 17
    wildcards: sample=zika, seg=10542-10780

[Sun Mar 28 16:25:26 2021]
rule reverse_parameters:
    input: /datater/wu/data/zika/dsk/reverse7279-7780.kCountSorted
    output: /datater/wu/data/zika/filtering/reverse7279-7780.calculated
    jobid: 290
    wildcards: sample=zika, seg=7279-7780

[Sun Mar 28 16:25:26 2021]
rule reverse_parameters:
    input: /datater/wu/data/zika/dsk/reverse8534-9035.kCountSorted
    output: /datater/wu/data/zika/filtering/reverse8534-9035.calculated
    jobid: 122
    wildcards: sample=zika, seg=8534-9035

[Sun Mar 28 16:25:26 2021]
rule reverse_parameters:
    input: /datater/wu/data/zika/dsk/reverse1757-2258.kCountSorted
    output: /datater/wu/data/zika/filtering/reverse1757-2258.calculated
    jobid: 129
    wildcards: sample=zika, seg=1757-2258

[Sun Mar 28 16:25:26 2021]
rule reverse_parameters:
    input: /datater/wu/data/zika/dsk/reverse9789-10290.kCountSorted
    output: /datater/wu/data/zika/filtering/reverse9789-10290.calculated
    jobid: 101
    wildcards: sample=zika, seg=9789-10290

[Sun Mar 28 16:25:26 2021]
rule reverse_parameters:
    input: /datater/wu/data/zika/dsk/reverse8032-8533.kCountSorted
    output: /datater/wu/data/zika/filtering/reverse8032-8533.calculated
    jobid: 94
    wildcards: sample=zika, seg=8032-8533

[Sun Mar 28 16:25:26 2021]
rule reverse_parameters:
    input: /datater/wu/data/zika/dsk/reverse9287-9788.kCountSorted
    output: /datater/wu/data/zika/filtering/reverse9287-9788.calculated
    jobid: 206
    wildcards: sample=zika, seg=9287-9788

[Sun Mar 28 16:25:26 2021]
rule reverse_parameters:
    input: /datater/wu/data/zika/dsk/reverse5020-5521.kCountSorted
    output: /datater/wu/data/zika/filtering/reverse5020-5521.calculated
    jobid: 220
    wildcards: sample=zika, seg=5020-5521

[Sun Mar 28 16:25:26 2021]
rule reverse_parameters:
    input: /datater/wu/data/zika/dsk/reverse502-1003.kCountSorted
    output: /datater/wu/data/zika/filtering/reverse502-1003.calculated
    jobid: 108
    wildcards: sample=zika, seg=502-1003

[Sun Mar 28 16:25:26 2021]
rule reverse_parameters:
    input: /datater/wu/data/zika/dsk/reverse3263-3764.kCountSorted
    output: /datater/wu/data/zika/filtering/reverse3263-3764.calculated
    jobid: 10
    wildcards: sample=zika, seg=3263-3764

[Sun Mar 28 16:25:26 2021]
rule reverse_parameters:
    input: /datater/wu/data/zika/dsk/reverse9538-10039.kCountSorted
    output: /datater/wu/data/zika/filtering/reverse9538-10039.calculated
    jobid: 115
    wildcards: sample=zika, seg=9538-10039

[Sun Mar 28 16:25:26 2021]
rule reverse_parameters:
    input: /datater/wu/data/zika/dsk/reverse6777-7278.kCountSorted
    output: /datater/wu/data/zika/filtering/reverse6777-7278.calculated
    jobid: 213
    wildcards: sample=zika, seg=6777-7278

[Sun Mar 28 16:25:27 2021]
Finished job 101.
1 of 175 steps (0.57%) done
[Sun Mar 28 16:25:27 2021]
Finished job 290.
2 of 175 steps (1%) done
Select jobs to execute...
[Sun Mar 28 16:25:27 2021]
Finished job 17.
3 of 175 steps (2%) done
[Sun Mar 28 16:25:27 2021]
Finished job 129.
4 of 175 steps (2%) done
[Sun Mar 28 16:25:27 2021]
Finished job 122.
5 of 175 steps (3%) done

[Sun Mar 28 16:25:27 2021]
rule reverse_parameters:
    input: /datater/wu/data/zika/dsk/reverse4016-4517.kCountSorted
    output: /datater/wu/data/zika/filtering/reverse4016-4517.calculated
    jobid: 297
    wildcards: sample=zika, seg=4016-4517

[Sun Mar 28 16:25:27 2021]
rule reverse_parameters:
    input: /datater/wu/data/zika/dsk/reverse6275-6776.kCountSorted
    output: /datater/wu/data/zika/filtering/reverse6275-6776.calculated
    jobid: 234
    wildcards: sample=zika, seg=6275-6776

[Sun Mar 28 16:25:27 2021]
Finished job 108.
6 of 175 steps (3%) done
Select jobs to execute...
[Sun Mar 28 16:25:27 2021]
Finished job 220.
7 of 175 steps (4%) done
[Sun Mar 28 16:25:27 2021]
Finished job 10.
8 of 175 steps (5%) done
[Sun Mar 28 16:25:27 2021]
Finished job 206.
9 of 175 steps (5%) done
[Sun Mar 28 16:25:27 2021]
Finished job 213.
10 of 175 steps (6%) done
[Sun Mar 28 16:25:27 2021]
Finished job 115.
11 of 175 steps (6%) done
[Sun Mar 28 16:25:27 2021]
Finished job 94.
12 of 175 steps (7%) done

[Sun Mar 28 16:25:27 2021]
rule reverse_toFasta:
    input: /datater/wu/data/zika/filtering/reverse8534-9035.calculated
    output: /datater/wu/data/zika/filtering/reverse8534-9035.fasta
    jobid: 121
    wildcards: sample=zika, seg=8534-9035

[Sun Mar 28 16:25:27 2021]
rule reverse_parameters:
    input: /datater/wu/data/zika/dsk/reverse251-752.kCountSorted
    output: /datater/wu/data/zika/filtering/reverse251-752.calculated
    jobid: 227
    wildcards: sample=zika, seg=251-752

[Sun Mar 28 16:25:27 2021]
rule reverse_toFasta:
    input: /datater/wu/data/zika/filtering/reverse1757-2258.calculated
    output: /datater/wu/data/zika/filtering/reverse1757-2258.fasta
    jobid: 128
    wildcards: sample=zika, seg=1757-2258

[Sun Mar 28 16:25:27 2021]
rule reverse_toFasta:
    input: /datater/wu/data/zika/filtering/reverse7279-7780.calculated
    output: /datater/wu/data/zika/filtering/reverse7279-7780.fasta
    jobid: 289
    wildcards: sample=zika, seg=7279-7780

Select jobs to execute...

[Sun Mar 28 16:25:27 2021]
rule reverse_toFasta:
    input: /datater/wu/data/zika/filtering/reverse5020-5521.calculated
    output: /datater/wu/data/zika/filtering/reverse5020-5521.fasta
    jobid: 219
    wildcards: sample=zika, seg=5020-5521

[Sun Mar 28 16:25:27 2021]
rule reverse_toFasta:
    input: /datater/wu/data/zika/filtering/reverse502-1003.calculated
    output: /datater/wu/data/zika/filtering/reverse502-1003.fasta
    jobid: 107
    wildcards: sample=zika, seg=502-1003

[Sun Mar 28 16:25:27 2021]
rule reverse_parameters:
    input: /datater/wu/data/zika/dsk/reverse5271-5772.kCountSorted
    output: /datater/wu/data/zika/filtering/reverse5271-5772.calculated
    jobid: 80
    wildcards: sample=zika, seg=5271-5772

[Sun Mar 28 16:25:27 2021]
rule reverse_toFasta:
    input: /datater/wu/data/zika/filtering/reverse3263-3764.calculated
    output: /datater/wu/data/zika/filtering/reverse3263-3764.fasta
    jobid: 9
    wildcards: sample=zika, seg=3263-3764

[Sun Mar 28 16:25:27 2021]
rule reverse_parameters:
    input: /datater/wu/data/zika/dsk/reverse1506-2007.kCountSorted
    output: /datater/wu/data/zika/filtering/reverse1506-2007.calculated
    jobid: 24
    wildcards: sample=zika, seg=1506-2007

[Sun Mar 28 16:25:27 2021]
rule reverse_parameters:
    input: /datater/wu/data/zika/dsk/reverse8283-8784.kCountSorted
    output: /datater/wu/data/zika/filtering/reverse8283-8784.calculated
    jobid: 199
    wildcards: sample=zika, seg=8283-8784

Select jobs to execute...
Select jobs to execute...
Select jobs to execute...
Select jobs to execute...
Select jobs to execute...
Select jobs to execute...
Select jobs to execute...
Select jobs to execute...
Select jobs to execute...
[Sun Mar 28 16:25:28 2021]
Finished job 121.
13 of 175 steps (7%) done
Select jobs to execute...
[Sun Mar 28 16:25:28 2021]
Finished job 297.
14 of 175 steps (8%) done

[Sun Mar 28 16:25:28 2021]
rule reverse_parameters:
    input: /datater/wu/data/zika/dsk/reverse2510-3011.kCountSorted
    output: /datater/wu/data/zika/filtering/reverse2510-3011.calculated
    jobid: 304
    wildcards: sample=zika, seg=2510-3011

Select jobs to execute...
[Sun Mar 28 16:25:28 2021]
Finished job 234.
15 of 175 steps (9%) done
[Sun Mar 28 16:25:28 2021]
Finished job 219.
16 of 175 steps (9%) done

[Sun Mar 28 16:25:28 2021]
rule reverse_parameters:
    input: /datater/wu/data/zika/dsk/reverse2761-3262.kCountSorted
    output: /datater/wu/data/zika/filtering/reverse2761-3262.calculated
    jobid: 283
    wildcards: sample=zika, seg=2761-3262

Select jobs to execute...
[Sun Mar 28 16:25:28 2021]
Finished job 227.
17 of 175 steps (10%) done
[Sun Mar 28 16:25:28 2021]
Finished job 107.
18 of 175 steps (10%) done

[Sun Mar 28 16:25:28 2021]
rule reverse_parameters:
    input: /datater/wu/data/zika/dsk/reverse4769-5270.kCountSorted
    output: /datater/wu/data/zika/filtering/reverse4769-5270.calculated
    jobid: 87
    wildcards: sample=zika, seg=4769-5270

[Sun Mar 28 16:25:28 2021]
rule reverse_toFasta:
    input: /datater/wu/data/zika/filtering/reverse6275-6776.calculated
    output: /datater/wu/data/zika/filtering/reverse6275-6776.fasta
    jobid: 233
    wildcards: sample=zika, seg=6275-6776

Select jobs to execute...

[Sun Mar 28 16:25:28 2021]
rule reverse_toFasta:
    input: /datater/wu/data/zika/filtering/reverse4016-4517.calculated
    output: /datater/wu/data/zika/filtering/reverse4016-4517.fasta
    jobid: 296
    wildcards: sample=zika, seg=4016-4517

[Sun Mar 28 16:25:28 2021]
rule reverse_parameters:
    input: /datater/wu/data/zika/dsk/reverse9036-9537.kCountSorted
    output: /datater/wu/data/zika/filtering/reverse9036-9537.calculated
    jobid: 136
    wildcards: sample=zika, seg=9036-9537

Select jobs to execute...
Select jobs to execute...
[Sun Mar 28 16:25:28 2021]
Finished job 128.
19 of 175 steps (11%) done
Select jobs to execute...

[Sun Mar 28 16:25:28 2021]
rule reverse_parameters:
    input: /datater/wu/data/zika/dsk/reverse8785-9286.kCountSorted
    output: /datater/wu/data/zika/filtering/reverse8785-9286.calculated
    jobid: 73
    wildcards: sample=zika, seg=8785-9286

[Sun Mar 28 16:25:28 2021]
Finished job 9.
20 of 175 steps (11%) done
Select jobs to execute...
[Sun Mar 28 16:25:28 2021]
Finished job 289.
21 of 175 steps (12%) done

[Sun Mar 28 16:25:28 2021]
rule reverse_parameters:
    input: /datater/wu/data/zika/dsk/reverse3765-4266.kCountSorted
    output: /datater/wu/data/zika/filtering/reverse3765-4266.calculated
    jobid: 185
    wildcards: sample=zika, seg=3765-4266

Select jobs to execute...
[Sun Mar 28 16:25:28 2021]
Finished job 80.
22 of 175 steps (13%) done

[Sun Mar 28 16:25:28 2021]
rule reverse_parameters:
    input: /datater/wu/data/zika/dsk/reverse1004-1505.kCountSorted
    output: /datater/wu/data/zika/filtering/reverse1004-1505.calculated
    jobid: 164
    wildcards: sample=zika, seg=1004-1505

Select jobs to execute...
[Sun Mar 28 16:25:28 2021]
Finished job 199.
23 of 175 steps (13%) done
[Sun Mar 28 16:25:28 2021]
Finished job 24.
24 of 175 steps (14%) done

[Sun Mar 28 16:25:28 2021]
rule reverse_parameters:
    input: /datater/wu/data/zika/dsk/reverse3012-3513.kCountSorted
    output: /datater/wu/data/zika/filtering/reverse3012-3513.calculated
    jobid: 59
    wildcards: sample=zika, seg=3012-3513

Select jobs to execute...

[Sun Mar 28 16:25:28 2021]
rule reverse_toFasta:
    input: /datater/wu/data/zika/filtering/reverse5271-5772.calculated
    output: /datater/wu/data/zika/filtering/reverse5271-5772.fasta
    jobid: 79
    wildcards: sample=zika, seg=5271-5772

[Sun Mar 28 16:25:28 2021]
rule reverse_toFasta:
    input: /datater/wu/data/zika/filtering/reverse9538-10039.calculated
    output: /datater/wu/data/zika/filtering/reverse9538-10039.fasta
    jobid: 114
    wildcards: sample=zika, seg=9538-10039

Select jobs to execute...
[Sun Mar 28 16:25:29 2021]
Finished job 304.
25 of 175 steps (14%) done
Select jobs to execute...
[Sun Mar 28 16:25:29 2021]
Finished job 233.
26 of 175 steps (15%) done

[Sun Mar 28 16:25:29 2021]
rule reverse_parameters:
    input: /datater/wu/data/zika/dsk/reverse753-1254.kCountSorted
    output: /datater/wu/data/zika/filtering/reverse753-1254.calculated
    jobid: 269
    wildcards: sample=zika, seg=753-1254

Select jobs to execute...
[Sun Mar 28 16:25:29 2021]
Finished job 296.
27 of 175 steps (15%) done

[Sun Mar 28 16:25:29 2021]
rule reverse_linguistic_complexity:
    input: /datater/wu/data/zika/filtering/reverse8534-9035.fasta
    output: /datater/wu/data/zika/filtering/reverse8534-9035.nessieOut
    jobid: 120
    wildcards: sample=zika, seg=8534-9035

Select jobs to execute...

[Sun Mar 28 16:25:29 2021]
rule reverse_parameters:
    input: /datater/wu/data/zika/dsk/reverse4518-5019.kCountSorted
    output: /datater/wu/data/zika/filtering/reverse4518-5019.calculated
    jobid: 276
    wildcards: sample=zika, seg=4518-5019

[Sun Mar 28 16:25:29 2021]
Finished job 120.
28 of 175 steps (16%) done
Select jobs to execute...
[Sun Mar 28 16:25:29 2021]
Finished job 283.
29 of 175 steps (17%) done
[Sun Mar 28 16:25:29 2021]
Finished job 87.
30 of 175 steps (17%) done
[Sun Mar 28 16:25:29 2021]
Finished job 136.
31 of 175 steps (18%) done

[Sun Mar 28 16:25:29 2021]
rule reverse_linguistic_complexity:
    input: /datater/wu/data/zika/filtering/reverse1757-2258.fasta
    output: /datater/wu/data/zika/filtering/reverse1757-2258.nessieOut
    jobid: 127
    wildcards: sample=zika, seg=1757-2258

Select jobs to execute...
[Sun Mar 28 16:25:29 2021]
Finished job 127.
32 of 175 steps (18%) done

[Sun Mar 28 16:25:29 2021]
rule reverse_add_LC:
    input: /datater/wu/data/zika/filtering/reverse8534-9035.nessieOut, /datater/wu/data/zika/filtering/reverse8534-9035.fasta
    output: /datater/wu/data/zika/filtering/reverse8534-9035.calculated2
    jobid: 119
    wildcards: sample=zika, seg=8534-9035

[Sun Mar 28 16:25:29 2021]
rule reverse_toFasta:
    input: /datater/wu/data/zika/filtering/reverse9789-10290.calculated
    output: /datater/wu/data/zika/filtering/reverse9789-10290.fasta
    jobid: 100
    wildcards: sample=zika, seg=9789-10290

[Sun Mar 28 16:25:29 2021]
rule reverse_toFasta:
    input: /datater/wu/data/zika/filtering/reverse9287-9788.calculated
    output: /datater/wu/data/zika/filtering/reverse9287-9788.fasta
    jobid: 205
    wildcards: sample=zika, seg=9287-9788

Select jobs to execute...

[Sun Mar 28 16:25:29 2021]
rule reverse_linguistic_complexity:
    input: /datater/wu/data/zika/filtering/reverse6275-6776.fasta
    output: /datater/wu/data/zika/filtering/reverse6275-6776.nessieOut
    jobid: 232
    wildcards: sample=zika, seg=6275-6776

Select jobs to execute...
Select jobs to execute...
[Sun Mar 28 16:25:29 2021]
Finished job 185.
33 of 175 steps (19%) done
Select jobs to execute...
[Sun Mar 28 16:25:29 2021]
Finished job 232.
34 of 175 steps (19%) done
[Sun Mar 28 16:25:29 2021]
Finished job 164.
35 of 175 steps (20%) done

[Sun Mar 28 16:25:29 2021]
rule reverse_parameters:
    input: /datater/wu/data/zika/dsk/reverse7028-7529.kCountSorted
    output: /datater/wu/data/zika/filtering/reverse7028-7529.calculated
    jobid: 66
    wildcards: sample=zika, seg=7028-7529

Select jobs to execute...
[Sun Mar 28 16:25:29 2021]
Finished job 114.
36 of 175 steps (21%) done
[Sun Mar 28 16:25:29 2021]
Finished job 73.
37 of 175 steps (21%) done

[Sun Mar 28 16:25:29 2021]
rule reverse_parameters:
    input: /datater/wu/data/zika/dsk/reverse10291-10792.kCountSorted
    output: /datater/wu/data/zika/filtering/reverse10291-10792.calculated
    jobid: 192
    wildcards: sample=zika, seg=10291-10792

[Sun Mar 28 16:25:29 2021]
rule reverse_toFasta:
    input: /datater/wu/data/zika/filtering/reverse8032-8533.calculated
    output: /datater/wu/data/zika/filtering/reverse8032-8533.fasta
    jobid: 93
    wildcards: sample=zika, seg=8032-8533

Select jobs to execute...
[Sun Mar 28 16:25:29 2021]
Finished job 59.
38 of 175 steps (22%) done

[Sun Mar 28 16:25:29 2021]
rule reverse_toFasta:
    input: /datater/wu/data/zika/filtering/reverse2761-3262.calculated
    output: /datater/wu/data/zika/filtering/reverse2761-3262.fasta
    jobid: 282
    wildcards: sample=zika, seg=2761-3262

[Sun Mar 28 16:25:29 2021]
rule reverse_toFasta:
    input: /datater/wu/data/zika/filtering/reverse6777-7278.calculated
    output: /datater/wu/data/zika/filtering/reverse6777-7278.fasta
    jobid: 212
    wildcards: sample=zika, seg=6777-7278

Select jobs to execute...
[Sun Mar 28 16:25:29 2021]
Finished job 79.
39 of 175 steps (22%) done

[Sun Mar 28 16:25:29 2021]
rule reverse_toFasta:
    input: /datater/wu/data/zika/filtering/reverse1004-1505.calculated
    output: /datater/wu/data/zika/filtering/reverse1004-1505.fasta
    jobid: 163
    wildcards: sample=zika, seg=1004-1505

Select jobs to execute...

[Sun Mar 28 16:25:29 2021]
rule reverse_toFasta:
    input: /datater/wu/data/zika/filtering/reverse3012-3513.calculated
    output: /datater/wu/data/zika/filtering/reverse3012-3513.fasta
    jobid: 58
    wildcards: sample=zika, seg=3012-3513

Select jobs to execute...
Select jobs to execute...
[Sun Mar 28 16:25:30 2021]
Finished job 269.
40 of 175 steps (23%) done
Select jobs to execute...

[Sun Mar 28 16:25:30 2021]
rule reverse_toFasta:
    input: /datater/wu/data/zika/filtering/reverse753-1254.calculated
    output: /datater/wu/data/zika/filtering/reverse753-1254.fasta
    jobid: 268
    wildcards: sample=zika, seg=753-1254

[Sun Mar 28 16:25:30 2021]
Finished job 276.
41 of 175 steps (23%) done
Select jobs to execute...
[Sun Mar 28 16:25:30 2021]
Finished job 205.
42 of 175 steps (24%) done
[Sun Mar 28 16:25:30 2021]
Finished job 100.
43 of 175 steps (25%) done

[Sun Mar 28 16:25:30 2021]
rule reverse_parameters:
    input: /datater/wu/data/zika/dsk/reverse0-501.kCountSorted
    output: /datater/wu/data/zika/filtering/reverse0-501.calculated
    jobid: 178
    wildcards: sample=zika, seg=0-501

Select jobs to execute...
[Sun Mar 28 16:25:30 2021]
Finished job 119.
44 of 175 steps (25%) done

[Sun Mar 28 16:25:30 2021]
rule reverse_linguistic_complexity:
    input: /datater/wu/data/zika/filtering/reverse5271-5772.fasta
    output: /datater/wu/data/zika/filtering/reverse5271-5772.nessieOut
    jobid: 78
    wildcards: sample=zika, seg=5271-5772


[Sun Mar 28 16:25:30 2021]
rule reverse_add_LC:
    input: /datater/wu/data/zika/filtering/reverse6275-6776.nessieOut, /datater/wu/data/zika/filtering/reverse6275-6776.fasta
    output: /datater/wu/data/zika/filtering/reverse6275-6776.calculated2
    jobid: 231
    wildcards: sample=zika, seg=6275-6776

Select jobs to execute...
[Sun Mar 28 16:25:30 2021]
Finished job 78.
45 of 175 steps (26%) done
[Sun Mar 28 16:25:30 2021]
Finished job 93.
46 of 175 steps (26%) done

[Sun Mar 28 16:25:30 2021]
rule reverse_parameters:
    input: /datater/wu/data/zika/dsk/reverse4267-4768.kCountSorted
    output: /datater/wu/data/zika/filtering/reverse4267-4768.calculated
    jobid: 171
    wildcards: sample=zika, seg=4267-4768

Select jobs to execute...
[Sun Mar 28 16:25:30 2021]
Finished job 66.
47 of 175 steps (27%) done

[Sun Mar 28 16:25:30 2021]
rule reverse_linguistic_complexity:
    input: /datater/wu/data/zika/filtering/reverse7279-7780.fasta
    output: /datater/wu/data/zika/filtering/reverse7279-7780.nessieOut
    jobid: 288
    wildcards: sample=zika, seg=7279-7780


[Sun Mar 28 16:25:30 2021]
rule reverse_linguistic_complexity:
    input: /datater/wu/data/zika/filtering/reverse502-1003.fasta
    output: /datater/wu/data/zika/filtering/reverse502-1003.nessieOut
    jobid: 106
    wildcards: sample=zika, seg=502-1003

Select jobs to execute...
[Sun Mar 28 16:25:30 2021]
Finished job 212.
48 of 175 steps (27%) done
[Sun Mar 28 16:25:30 2021]
Finished job 192.
49 of 175 steps (28%) done
[Sun Mar 28 16:25:30 2021]
Finished job 288.
50 of 175 steps (29%) done
[Sun Mar 28 16:25:30 2021]
Finished job 106.
51 of 175 steps (29%) done

[Sun Mar 28 16:25:30 2021]
rule reverse_toFasta:
    input: /datater/wu/data/zika/filtering/reverse7028-7529.calculated
    output: /datater/wu/data/zika/filtering/reverse7028-7529.fasta
    jobid: 65
    wildcards: sample=zika, seg=7028-7529

Select jobs to execute...
[Sun Mar 28 16:25:30 2021]
Finished job 163.
52 of 175 steps (30%) done
[Sun Mar 28 16:25:30 2021]
Finished job 282.
53 of 175 steps (30%) done

[Sun Mar 28 16:25:30 2021]
rule reverse_toFasta:
    input: /datater/wu/data/zika/filtering/reverse4769-5270.calculated
    output: /datater/wu/data/zika/filtering/reverse4769-5270.fasta
    jobid: 86
    wildcards: sample=zika, seg=4769-5270

[Sun Mar 28 16:25:30 2021]
rule reverse_toFasta:
    input: /datater/wu/data/zika/filtering/reverse3765-4266.calculated
    output: /datater/wu/data/zika/filtering/reverse3765-4266.fasta
    jobid: 184
    wildcards: sample=zika, seg=3765-4266

[Sun Mar 28 16:25:30 2021]
rule reverse_linguistic_complexity:
    input: /datater/wu/data/zika/filtering/reverse4016-4517.fasta
    output: /datater/wu/data/zika/filtering/reverse4016-4517.nessieOut
    jobid: 295
    wildcards: sample=zika, seg=4016-4517


[Sun Mar 28 16:25:30 2021]
rule reverse_toFasta:
    input: /datater/wu/data/zika/filtering/reverse10542-10780.calculated
    output: /datater/wu/data/zika/filtering/reverse10542-10780.fasta
    jobid: 16
    wildcards: sample=zika, seg=10542-10780

[Sun Mar 28 16:25:30 2021]
rule reverse_toFasta:
    input: /datater/wu/data/zika/filtering/reverse8283-8784.calculated
    output: /datater/wu/data/zika/filtering/reverse8283-8784.fasta
    jobid: 198
    wildcards: sample=zika, seg=8283-8784

Select jobs to execute...
[Sun Mar 28 16:25:30 2021]
Finished job 295.
54 of 175 steps (31%) done
[Sun Mar 28 16:25:30 2021]
Finished job 58.
55 of 175 steps (31%) done

[Sun Mar 28 16:25:30 2021]
rule reverse_toFasta:
    input: /datater/wu/data/zika/filtering/reverse4518-5019.calculated
    output: /datater/wu/data/zika/filtering/reverse4518-5019.fasta
    jobid: 275
    wildcards: sample=zika, seg=4518-5019

Select jobs to execute...

[Sun Mar 28 16:25:30 2021]
rule reverse_linguistic_complexity:
    input: /datater/wu/data/zika/filtering/reverse8032-8533.fasta
    output: /datater/wu/data/zika/filtering/reverse8032-8533.nessieOut
    jobid: 92
    wildcards: sample=zika, seg=8032-8533


[Sun Mar 28 16:25:30 2021]
rule reverse_parameters:
    input: /datater/wu/data/zika/dsk/reverse7781-8282.kCountSorted
    output: /datater/wu/data/zika/filtering/reverse7781-8282.calculated
    jobid: 255
    wildcards: sample=zika, seg=7781-8282

Select jobs to execute...
Select jobs to execute...
Select jobs to execute...
Select jobs to execute...
Select jobs to execute...
Select jobs to execute...
Select jobs to execute...
[Sun Mar 28 16:25:30 2021]
Finished job 92.
56 of 175 steps (32%) done
Select jobs to execute...

[Sun Mar 28 16:25:30 2021]
rule reverse_add_LC:
    input: /datater/wu/data/zika/filtering/reverse502-1003.nessieOut, /datater/wu/data/zika/filtering/reverse502-1003.fasta
    output: /datater/wu/data/zika/filtering/reverse502-1003.calculated2
    jobid: 105
    wildcards: sample=zika, seg=502-1003

[Sun Mar 28 16:25:31 2021]
Finished job 268.
57 of 175 steps (33%) done
Select jobs to execute...

[Sun Mar 28 16:25:31 2021]
rule reverse_add_LC:
    input: /datater/wu/data/zika/filtering/reverse8032-8533.nessieOut, /datater/wu/data/zika/filtering/reverse8032-8533.fasta
    output: /datater/wu/data/zika/filtering/reverse8032-8533.calculated2
    jobid: 91
    wildcards: sample=zika, seg=8032-8533

[Sun Mar 28 16:25:31 2021]
Finished job 231.
58 of 175 steps (33%) done
Select jobs to execute...

[Sun Mar 28 16:25:31 2021]
rule reverse_linguistic_complexity:
    input: /datater/wu/data/zika/filtering/reverse9538-10039.fasta
    output: /datater/wu/data/zika/filtering/reverse9538-10039.nessieOut
    jobid: 113
    wildcards: sample=zika, seg=9538-10039

[Sun Mar 28 16:25:31 2021]
Finished job 178.
59 of 175 steps (34%) done
Select jobs to execute...
[Sun Mar 28 16:25:31 2021]
Finished job 113.
60 of 175 steps (34%) done

[Sun Mar 28 16:25:31 2021]
rule reverse_add_LC:
    input: /datater/wu/data/zika/filtering/reverse4016-4517.nessieOut, /datater/wu/data/zika/filtering/reverse4016-4517.fasta
    output: /datater/wu/data/zika/filtering/reverse4016-4517.calculated2
    jobid: 294
    wildcards: sample=zika, seg=4016-4517

Select jobs to execute...
[Sun Mar 28 16:25:31 2021]
Finished job 65.
61 of 175 steps (35%) done

[Sun Mar 28 16:25:31 2021]
rule reverse_parameters:
    input: /datater/wu/data/zika/dsk/reverse1255-1756.kCountSorted
    output: /datater/wu/data/zika/filtering/reverse1255-1756.calculated
    jobid: 52
    wildcards: sample=zika, seg=1255-1756

Select jobs to execute...
[Sun Mar 28 16:25:31 2021]
Finished job 171.
62 of 175 steps (35%) done
[Sun Mar 28 16:25:31 2021]
Finished job 184.
63 of 175 steps (36%) done
[Sun Mar 28 16:25:31 2021]
Finished job 86.
64 of 175 steps (37%) done

[Sun Mar 28 16:25:31 2021]
rule reverse_parameters:
    input: /datater/wu/data/zika/dsk/reverse7530-8031.kCountSorted
    output: /datater/wu/data/zika/filtering/reverse7530-8031.calculated
    jobid: 262
    wildcards: sample=zika, seg=7530-8031

Select jobs to execute...
[Sun Mar 28 16:25:31 2021]
Finished job 16.
65 of 175 steps (37%) done

[Sun Mar 28 16:25:31 2021]
rule reverse_add_LC:
    input: /datater/wu/data/zika/filtering/reverse7279-7780.nessieOut, /datater/wu/data/zika/filtering/reverse7279-7780.fasta
    output: /datater/wu/data/zika/filtering/reverse7279-7780.calculated2
    jobid: 287
    wildcards: sample=zika, seg=7279-7780

[Sun Mar 28 16:25:31 2021]
rule reverse_linguistic_complexity:
    input: /datater/wu/data/zika/filtering/reverse7028-7529.fasta
    output: /datater/wu/data/zika/filtering/reverse7028-7529.nessieOut
    jobid: 64
    wildcards: sample=zika, seg=7028-7529


[Sun Mar 28 16:25:31 2021]
rule reverse_linguistic_complexity:
    input: /datater/wu/data/zika/filtering/reverse6777-7278.fasta
    output: /datater/wu/data/zika/filtering/reverse6777-7278.nessieOut
    jobid: 211
    wildcards: sample=zika, seg=6777-7278

Select jobs to execute...
[Sun Mar 28 16:25:31 2021]
Finished job 64.
66 of 175 steps (38%) done
[Sun Mar 28 16:25:31 2021]
Finished job 211.
67 of 175 steps (38%) done
[Sun Mar 28 16:25:31 2021]
Finished job 275.
68 of 175 steps (39%) done

[Sun Mar 28 16:25:31 2021]
rule reverse_toFasta:
    input: /datater/wu/data/zika/filtering/reverse4267-4768.calculated
    output: /datater/wu/data/zika/filtering/reverse4267-4768.fasta
    jobid: 170
    wildcards: sample=zika, seg=4267-4768

Select jobs to execute...
[Sun Mar 28 16:25:31 2021]
Finished job 198.
69 of 175 steps (39%) done

[Sun Mar 28 16:25:31 2021]
rule reverse_add_LC:
    input: /datater/wu/data/zika/filtering/reverse7028-7529.nessieOut, /datater/wu/data/zika/filtering/reverse7028-7529.fasta
    output: /datater/wu/data/zika/filtering/reverse7028-7529.calculated2
    jobid: 63
    wildcards: sample=zika, seg=7028-7529

[Sun Mar 28 16:25:31 2021]
rule reverse_add_LC:
    input: /datater/wu/data/zika/filtering/reverse5271-5772.nessieOut, /datater/wu/data/zika/filtering/reverse5271-5772.fasta
    output: /datater/wu/data/zika/filtering/reverse5271-5772.calculated2
    jobid: 77
    wildcards: sample=zika, seg=5271-5772

[Sun Mar 28 16:25:31 2021]
rule reverse_parameters:
    input: /datater/wu/data/zika/dsk/reverse6526-7027.kCountSorted
    output: /datater/wu/data/zika/filtering/reverse6526-7027.calculated
    jobid: 143
    wildcards: sample=zika, seg=6526-7027

Select jobs to execute...
[Sun Mar 28 16:25:31 2021]
Finished job 255.
70 of 175 steps (40%) done

[Sun Mar 28 16:25:31 2021]
rule reverse_add_LC:
    input: /datater/wu/data/zika/filtering/reverse6777-7278.nessieOut, /datater/wu/data/zika/filtering/reverse6777-7278.fasta
    output: /datater/wu/data/zika/filtering/reverse6777-7278.calculated2
    jobid: 210
    wildcards: sample=zika, seg=6777-7278

[Sun Mar 28 16:25:31 2021]
Finished job 105.
71 of 175 steps (41%) done
Select jobs to execute...

[Sun Mar 28 16:25:31 2021]
rule reverse_toFasta:
    input: /datater/wu/data/zika/filtering/reverse10291-10792.calculated
    output: /datater/wu/data/zika/filtering/reverse10291-10792.fasta
    jobid: 191
    wildcards: sample=zika, seg=10291-10792

[Sun Mar 28 16:25:31 2021]
rule reverse_parameters:
    input: /datater/wu/data/zika/dsk/reverse2008-2509.kCountSorted
    output: /datater/wu/data/zika/filtering/reverse2008-2509.calculated
    jobid: 248
    wildcards: sample=zika, seg=2008-2509

Select jobs to execute...
Select jobs to execute...
Select jobs to execute...
Select jobs to execute...
Select jobs to execute...
[Sun Mar 28 16:25:31 2021]
Finished job 91.
72 of 175 steps (41%) done
Select jobs to execute...

[Sun Mar 28 16:25:31 2021]
rule reverse_linguistic_complexity:
    input: /datater/wu/data/zika/filtering/reverse10542-10780.fasta
    output: /datater/wu/data/zika/filtering/reverse10542-10780.nessieOut
    jobid: 15
    wildcards: sample=zika, seg=10542-10780

[Sun Mar 28 16:25:31 2021]
Finished job 15.
73 of 175 steps (42%) done
Select jobs to execute...

[Sun Mar 28 16:25:31 2021]
rule reverse_toFasta:
    input: /datater/wu/data/zika/filtering/reverse7781-8282.calculated
    output: /datater/wu/data/zika/filtering/reverse7781-8282.fasta
    jobid: 254
    wildcards: sample=zika, seg=7781-8282

[Sun Mar 28 16:25:31 2021]
Finished job 294.
74 of 175 steps (42%) done
Select jobs to execute...

[Sun Mar 28 16:25:31 2021]
rule reverse_parameters:
    input: /datater/wu/data/zika/dsk/reverse5773-6274.kCountSorted
    output: /datater/wu/data/zika/filtering/reverse5773-6274.calculated
    jobid: 157
    wildcards: sample=zika, seg=5773-6274

[Sun Mar 28 16:25:32 2021]
Finished job 287.
75 of 175 steps (43%) done
Select jobs to execute...
[Sun Mar 28 16:25:32 2021]
Finished job 262.
76 of 175 steps (43%) done
[Sun Mar 28 16:25:32 2021]
Finished job 52.
77 of 175 steps (44%) done

[Sun Mar 28 16:25:32 2021]
rule reverse_linguistic_complexity:
    input: /datater/wu/data/zika/filtering/reverse5020-5521.fasta
    output: /datater/wu/data/zika/filtering/reverse5020-5521.nessieOut
    jobid: 218
    wildcards: sample=zika, seg=5020-5521

Select jobs to execute...
[Sun Mar 28 16:25:32 2021]
Finished job 170.
78 of 175 steps (45%) done
[Sun Mar 28 16:25:32 2021]
Finished job 218.
79 of 175 steps (45%) done

[Sun Mar 28 16:25:32 2021]
rule reverse_linguistic_complexity:
    input: /datater/wu/data/zika/filtering/reverse3012-3513.fasta
    output: /datater/wu/data/zika/filtering/reverse3012-3513.nessieOut
    jobid: 57
    wildcards: sample=zika, seg=3012-3513


[Sun Mar 28 16:25:32 2021]
rule reverse_linguistic_complexity:
    input: /datater/wu/data/zika/filtering/reverse9287-9788.fasta
    output: /datater/wu/data/zika/filtering/reverse9287-9788.nessieOut
    jobid: 204
    wildcards: sample=zika, seg=9287-9788

Select jobs to execute...
[Sun Mar 28 16:25:32 2021]
Finished job 77.
80 of 175 steps (46%) done
[Sun Mar 28 16:25:32 2021]
Finished job 57.
81 of 175 steps (46%) done
[Sun Mar 28 16:25:32 2021]
Finished job 204.
82 of 175 steps (47%) done

[Sun Mar 28 16:25:32 2021]
rule reverse_linguistic_complexity:
    input: /datater/wu/data/zika/filtering/reverse1004-1505.fasta
    output: /datater/wu/data/zika/filtering/reverse1004-1505.nessieOut
    jobid: 162
    wildcards: sample=zika, seg=1004-1505


[Sun Mar 28 16:25:32 2021]
rule reverse_linguistic_complexity:
    input: /datater/wu/data/zika/filtering/reverse3263-3764.fasta
    output: /datater/wu/data/zika/filtering/reverse3263-3764.nessieOut
    jobid: 8
    wildcards: sample=zika, seg=3263-3764

Select jobs to execute...
[Sun Mar 28 16:25:32 2021]
Finished job 210.
83 of 175 steps (47%) done
[Sun Mar 28 16:25:32 2021]
Finished job 63.
84 of 175 steps (48%) done
[Sun Mar 28 16:25:32 2021]
Finished job 162.
85 of 175 steps (49%) done
[Sun Mar 28 16:25:32 2021]
Finished job 191.
86 of 175 steps (49%) done
[Sun Mar 28 16:25:32 2021]
Finished job 8.
87 of 175 steps (50%) done

[Sun Mar 28 16:25:32 2021]
rule reverse_linguistic_complexity:
    input: /datater/wu/data/zika/filtering/reverse4267-4768.fasta
    output: /datater/wu/data/zika/filtering/reverse4267-4768.nessieOut
    jobid: 169
    wildcards: sample=zika, seg=4267-4768


[Sun Mar 28 16:25:32 2021]
rule reverse_toFasta:
    input: /datater/wu/data/zika/filtering/reverse251-752.calculated
    output: /datater/wu/data/zika/filtering/reverse251-752.fasta
    jobid: 226
    wildcards: sample=zika, seg=251-752

[Sun Mar 28 16:25:32 2021]
rule reverse_parameters:
    input: /datater/wu/data/zika/dsk/reverse2259-2760.kCountSorted
    output: /datater/wu/data/zika/filtering/reverse2259-2760.calculated
    jobid: 38
    wildcards: sample=zika, seg=2259-2760

Select jobs to execute...
[Sun Mar 28 16:25:32 2021]
Finished job 143.
88 of 175 steps (50%) done
[Sun Mar 28 16:25:32 2021]
Finished job 169.
89 of 175 steps (51%) done

[Sun Mar 28 16:25:32 2021]
rule reverse_parameters:
    input: /datater/wu/data/zika/dsk/reverse5522-6023.kCountSorted
    output: /datater/wu/data/zika/filtering/reverse5522-6023.calculated
    jobid: 150
    wildcards: sample=zika, seg=5522-6023

[Sun Mar 28 16:25:32 2021]
rule reverse_toFasta:
    input: /datater/wu/data/zika/filtering/reverse9036-9537.calculated
    output: /datater/wu/data/zika/filtering/reverse9036-9537.fasta
    jobid: 135
    wildcards: sample=zika, seg=9036-9537

[Sun Mar 28 16:25:32 2021]
rule reverse_parameters:
    input: /datater/wu/data/zika/dsk/reverse3514-4015.kCountSorted
    output: /datater/wu/data/zika/filtering/reverse3514-4015.calculated
    jobid: 45
    wildcards: sample=zika, seg=3514-4015

[Sun Mar 28 16:25:32 2021]
rule reverse_add_LC:
    input: /datater/wu/data/zika/filtering/reverse3263-3764.nessieOut, /datater/wu/data/zika/filtering/reverse3263-3764.fasta
    output: /datater/wu/data/zika/filtering/reverse3263-3764.calculated2
    jobid: 7
    wildcards: sample=zika, seg=3263-3764

[Sun Mar 28 16:25:32 2021]
rule reverse_toFasta:
    input: /datater/wu/data/zika/filtering/reverse1506-2007.calculated
    output: /datater/wu/data/zika/filtering/reverse1506-2007.fasta
    jobid: 23
    wildcards: sample=zika, seg=1506-2007

[Sun Mar 28 16:25:32 2021]
rule reverse_linguistic_complexity:
    input: /datater/wu/data/zika/filtering/reverse4518-5019.fasta
    output: /datater/wu/data/zika/filtering/reverse4518-5019.nessieOut
    jobid: 274
    wildcards: sample=zika, seg=4518-5019

[Sun Mar 28 16:25:32 2021]
Finished job 248.
90 of 175 steps (51%) done
Select jobs to execute...
[Sun Mar 28 16:25:32 2021]
Finished job 274.
91 of 175 steps (52%) done

[Sun Mar 28 16:25:32 2021]
rule reverse_parameters:
    input: /datater/wu/data/zika/dsk/reverse10040-10541.kCountSorted
    output: /datater/wu/data/zika/filtering/reverse10040-10541.calculated
    jobid: 31
    wildcards: sample=zika, seg=10040-10541

[Sun Mar 28 16:25:32 2021]
rule reverse_add_LC:
    input: /datater/wu/data/zika/filtering/reverse9287-9788.nessieOut, /datater/wu/data/zika/filtering/reverse9287-9788.fasta
    output: /datater/wu/data/zika/filtering/reverse9287-9788.calculated2
    jobid: 203
    wildcards: sample=zika, seg=9287-9788

Select jobs to execute...

[Sun Mar 28 16:25:32 2021]
rule reverse_add_LC:
    input: /datater/wu/data/zika/filtering/reverse5020-5521.nessieOut, /datater/wu/data/zika/filtering/reverse5020-5521.fasta
    output: /datater/wu/data/zika/filtering/reverse5020-5521.calculated2
    jobid: 217
    wildcards: sample=zika, seg=5020-5521

Select jobs to execute...
Select jobs to execute...
Select jobs to execute...
Select jobs to execute...
Select jobs to execute...
Select jobs to execute...
Select jobs to execute...
Select jobs to execute...
Select jobs to execute...
Select jobs to execute...
[Sun Mar 28 16:25:32 2021]
Finished job 254.
92 of 175 steps (53%) done
Select jobs to execute...

[Sun Mar 28 16:25:32 2021]
rule reverse_toFasta:
    input: /datater/wu/data/zika/filtering/reverse7530-8031.calculated
    output: /datater/wu/data/zika/filtering/reverse7530-8031.fasta
    jobid: 261
    wildcards: sample=zika, seg=7530-8031

[Sun Mar 28 16:25:32 2021]
Finished job 157.
93 of 175 steps (53%) done
Select jobs to execute...

[Sun Mar 28 16:25:32 2021]
rule reverse_toFasta:
    input: /datater/wu/data/zika/filtering/reverse1255-1756.calculated
    output: /datater/wu/data/zika/filtering/reverse1255-1756.fasta
    jobid: 51
    wildcards: sample=zika, seg=1255-1756

[Sun Mar 28 16:25:32 2021]
Finished job 150.
94 of 175 steps (54%) done
Select jobs to execute...

[Sun Mar 28 16:25:32 2021]
rule reverse_toFasta:
    input: /datater/wu/data/zika/filtering/reverse5522-6023.calculated
    output: /datater/wu/data/zika/filtering/reverse5522-6023.fasta
    jobid: 149
    wildcards: sample=zika, seg=5522-6023

[Sun Mar 28 16:25:33 2021]
Finished job 7.
95 of 175 steps (54%) done
Select jobs to execute...
[Sun Mar 28 16:25:33 2021]
Finished job 38.
96 of 175 steps (55%) done
[Sun Mar 28 16:25:33 2021]
Finished job 135.
97 of 175 steps (55%) done
[Sun Mar 28 16:25:33 2021]
Finished job 23.
98 of 175 steps (56%) done

[Sun Mar 28 16:25:33 2021]
rule reverse_toFasta:
    input: /datater/wu/data/zika/filtering/reverse5773-6274.calculated
    output: /datater/wu/data/zika/filtering/reverse5773-6274.fasta
    jobid: 156
    wildcards: sample=zika, seg=5773-6274

Select jobs to execute...
[Sun Mar 28 16:25:33 2021]
Finished job 31.
99 of 175 steps (57%) done
[Sun Mar 28 16:25:33 2021]
Finished job 226.
100 of 175 steps (57%) done
[Sun Mar 28 16:25:33 2021]
Finished job 203.
101 of 175 steps (58%) done
[Sun Mar 28 16:25:33 2021]
Finished job 45.
102 of 175 steps (58%) done

[Sun Mar 28 16:25:33 2021]
rule reverse_linguistic_complexity:
    input: /datater/wu/data/zika/filtering/reverse8283-8784.fasta
    output: /datater/wu/data/zika/filtering/reverse8283-8784.nessieOut
    jobid: 197
    wildcards: sample=zika, seg=8283-8784


[Sun Mar 28 16:25:33 2021]
rule reverse_linguistic_complexity:
    input: /datater/wu/data/zika/filtering/reverse1506-2007.fasta
    output: /datater/wu/data/zika/filtering/reverse1506-2007.nessieOut
    jobid: 22
    wildcards: sample=zika, seg=1506-2007


[Sun Mar 28 16:25:33 2021]
rule reverse_add_LC:
    input: /datater/wu/data/zika/filtering/reverse4267-4768.nessieOut, /datater/wu/data/zika/filtering/reverse4267-4768.fasta
    output: /datater/wu/data/zika/filtering/reverse4267-4768.calculated2
    jobid: 168
    wildcards: sample=zika, seg=4267-4768

Select jobs to execute...
[Sun Mar 28 16:25:33 2021]
Finished job 217.
103 of 175 steps (59%) done
[Sun Mar 28 16:25:33 2021]
Finished job 197.
104 of 175 steps (59%) done
[Sun Mar 28 16:25:33 2021]
Finished job 22.
105 of 175 steps (60%) done

[Sun Mar 28 16:25:33 2021]
rule reverse_toFasta:
    input: /datater/wu/data/zika/filtering/reverse10040-10541.calculated
    output: /datater/wu/data/zika/filtering/reverse10040-10541.fasta
    jobid: 30
    wildcards: sample=zika, seg=10040-10541

[Sun Mar 28 16:25:33 2021]
rule reverse_toFasta:
    input: /datater/wu/data/zika/filtering/reverse3514-4015.calculated
    output: /datater/wu/data/zika/filtering/reverse3514-4015.fasta
    jobid: 44
    wildcards: sample=zika, seg=3514-4015

[Sun Mar 28 16:25:33 2021]
rule reverse_linguistic_complexity:
    input: /datater/wu/data/zika/filtering/reverse9789-10290.fasta
    output: /datater/wu/data/zika/filtering/reverse9789-10290.nessieOut
    jobid: 99
    wildcards: sample=zika, seg=9789-10290


[Sun Mar 28 16:25:33 2021]
rule reverse_parameters:
    input: /datater/wu/data/zika/dsk/reverse6024-6525.kCountSorted
    output: /datater/wu/data/zika/filtering/reverse6024-6525.calculated
    jobid: 241
    wildcards: sample=zika, seg=6024-6525

Select jobs to execute...
[Sun Mar 28 16:25:33 2021]
Finished job 99.
106 of 175 steps (61%) done

[Sun Mar 28 16:25:33 2021]
rule reverse_toFasta:
    input: /datater/wu/data/zika/filtering/reverse0-501.calculated
    output: /datater/wu/data/zika/filtering/reverse0-501.fasta
    jobid: 177
    wildcards: sample=zika, seg=0-501

[Sun Mar 28 16:25:33 2021]
rule reverse_linguistic_complexity:
    input: /datater/wu/data/zika/filtering/reverse4769-5270.fasta
    output: /datater/wu/data/zika/filtering/reverse4769-5270.nessieOut
    jobid: 85
    wildcards: sample=zika, seg=4769-5270


[Sun Mar 28 16:25:33 2021]
rule reverse_add_LC:
    input: /datater/wu/data/zika/filtering/reverse3012-3513.nessieOut, /datater/wu/data/zika/filtering/reverse3012-3513.fasta
    output: /datater/wu/data/zika/filtering/reverse3012-3513.calculated2
    jobid: 56
    wildcards: sample=zika, seg=3012-3513

Select jobs to execute...
[Sun Mar 28 16:25:33 2021]
Finished job 85.
107 of 175 steps (61%) done

[Sun Mar 28 16:25:33 2021]
rule reverse_add_LC:
    input: /datater/wu/data/zika/filtering/reverse9538-10039.nessieOut, /datater/wu/data/zika/filtering/reverse9538-10039.fasta
    output: /datater/wu/data/zika/filtering/reverse9538-10039.calculated2
    jobid: 112
    wildcards: sample=zika, seg=9538-10039

Select jobs to execute...

[Sun Mar 28 16:25:33 2021]
rule reverse_linguistic_complexity:
    input: /datater/wu/data/zika/filtering/reverse251-752.fasta
    output: /datater/wu/data/zika/filtering/reverse251-752.nessieOut
    jobid: 225
    wildcards: sample=zika, seg=251-752

Select jobs to execute...
Select jobs to execute...
Select jobs to execute...
Select jobs to execute...
Select jobs to execute...
Select jobs to execute...
Select jobs to execute...
[Sun Mar 28 16:25:33 2021]
Finished job 225.
108 of 175 steps (62%) done
Select jobs to execute...

[Sun Mar 28 16:25:33 2021]
rule reverse_add_LC:
    input: /datater/wu/data/zika/filtering/reverse8283-8784.nessieOut, /datater/wu/data/zika/filtering/reverse8283-8784.fasta
    output: /datater/wu/data/zika/filtering/reverse8283-8784.calculated2
    jobid: 196
    wildcards: sample=zika, seg=8283-8784

[Sun Mar 28 16:25:33 2021]
Finished job 261.
109 of 175 steps (62%) done
Select jobs to execute...

[Sun Mar 28 16:25:33 2021]
rule reverse_add_LC:
    input: /datater/wu/data/zika/filtering/reverse9789-10290.nessieOut, /datater/wu/data/zika/filtering/reverse9789-10290.fasta
    output: /datater/wu/data/zika/filtering/reverse9789-10290.calculated2
    jobid: 98
    wildcards: sample=zika, seg=9789-10290

[Sun Mar 28 16:25:33 2021]
Finished job 51.
110 of 175 steps (63%) done
Select jobs to execute...

[Sun Mar 28 16:25:33 2021]
rule reverse_toFasta:
    input: /datater/wu/data/zika/filtering/reverse2259-2760.calculated
    output: /datater/wu/data/zika/filtering/reverse2259-2760.fasta
    jobid: 37
    wildcards: sample=zika, seg=2259-2760

[Sun Mar 28 16:25:33 2021]
Finished job 149.
111 of 175 steps (63%) done
Select jobs to execute...

[Sun Mar 28 16:25:33 2021]
rule reverse_toFasta:
    input: /datater/wu/data/zika/filtering/reverse2008-2509.calculated
    output: /datater/wu/data/zika/filtering/reverse2008-2509.fasta
    jobid: 247
    wildcards: sample=zika, seg=2008-2509

[Sun Mar 28 16:25:33 2021]
Finished job 156.
112 of 175 steps (64%) done
Select jobs to execute...

[Sun Mar 28 16:25:33 2021]
rule reverse_toFasta:
    input: /datater/wu/data/zika/filtering/reverse6526-7027.calculated
    output: /datater/wu/data/zika/filtering/reverse6526-7027.fasta
    jobid: 142
    wildcards: sample=zika, seg=6526-7027

[Sun Mar 28 16:25:33 2021]
Finished job 168.
113 of 175 steps (65%) done
Select jobs to execute...

[Sun Mar 28 16:25:33 2021]
rule reverse_add_LC:
    input: /datater/wu/data/zika/filtering/reverse4769-5270.nessieOut, /datater/wu/data/zika/filtering/reverse4769-5270.fasta
    output: /datater/wu/data/zika/filtering/reverse4769-5270.calculated2
    jobid: 84
    wildcards: sample=zika, seg=4769-5270

[Sun Mar 28 16:25:33 2021]
Finished job 177.
114 of 175 steps (65%) done
[Sun Mar 28 16:25:33 2021]
Finished job 44.
115 of 175 steps (66%) done
Select jobs to execute...
[Sun Mar 28 16:25:33 2021]
Finished job 30.
116 of 175 steps (66%) done

[Sun Mar 28 16:25:33 2021]
rule reverse_linguistic_complexity:
    input: /datater/wu/data/zika/filtering/reverse5522-6023.fasta
    output: /datater/wu/data/zika/filtering/reverse5522-6023.nessieOut
    jobid: 148
    wildcards: sample=zika, seg=5522-6023


[Sun Mar 28 16:25:33 2021]
rule reverse_add_LC:
    input: /datater/wu/data/zika/filtering/reverse1757-2258.nessieOut, /datater/wu/data/zika/filtering/reverse1757-2258.fasta
    output: /datater/wu/data/zika/filtering/reverse1757-2258.calculated2
    jobid: 126
    wildcards: sample=zika, seg=1757-2258

Select jobs to execute...
[Sun Mar 28 16:25:33 2021]
Finished job 148.
117 of 175 steps (67%) done
[Sun Mar 28 16:25:33 2021]
Finished job 56.
118 of 175 steps (67%) done

[Sun Mar 28 16:25:33 2021]
rule reverse_linguistic_complexity:
    input: /datater/wu/data/zika/filtering/reverse9036-9537.fasta
    output: /datater/wu/data/zika/filtering/reverse9036-9537.nessieOut
    jobid: 134
    wildcards: sample=zika, seg=9036-9537

Select jobs to execute...
[Sun Mar 28 16:25:33 2021]
Finished job 134.
119 of 175 steps (68%) done

[Sun Mar 28 16:25:34 2021]
rule reverse_add_LC:
    input: /datater/wu/data/zika/filtering/reverse251-752.nessieOut, /datater/wu/data/zika/filtering/reverse251-752.fasta
    output: /datater/wu/data/zika/filtering/reverse251-752.calculated2
    jobid: 224
    wildcards: sample=zika, seg=251-752

[Sun Mar 28 16:25:34 2021]
rule reverse_toFasta:
    input: /datater/wu/data/zika/filtering/reverse2510-3011.calculated
    output: /datater/wu/data/zika/filtering/reverse2510-3011.fasta
    jobid: 303
    wildcards: sample=zika, seg=2510-3011

[Sun Mar 28 16:25:34 2021]
Finished job 112.
120 of 175 steps (69%) done
Select jobs to execute...
[Sun Mar 28 16:25:34 2021]
Finished job 196.
121 of 175 steps (69%) done
[Sun Mar 28 16:25:34 2021]
Finished job 241.
122 of 175 steps (70%) done

[Sun Mar 28 16:25:34 2021]
rule reverse_linguistic_complexity:
    input: /datater/wu/data/zika/filtering/reverse3514-4015.fasta
    output: /datater/wu/data/zika/filtering/reverse3514-4015.nessieOut
    jobid: 43
    wildcards: sample=zika, seg=3514-4015


[Sun Mar 28 16:25:34 2021]
rule reverse_add_LC:
    input: /datater/wu/data/zika/filtering/reverse9036-9537.nessieOut, /datater/wu/data/zika/filtering/reverse9036-9537.fasta
    output: /datater/wu/data/zika/filtering/reverse9036-9537.calculated2
    jobid: 133
    wildcards: sample=zika, seg=9036-9537

Select jobs to execute...
[Sun Mar 28 16:25:34 2021]
Finished job 43.
123 of 175 steps (70%) done

[Sun Mar 28 16:25:34 2021]
rule reverse_linguistic_complexity:
    input: /datater/wu/data/zika/filtering/reverse7781-8282.fasta
    output: /datater/wu/data/zika/filtering/reverse7781-8282.nessieOut
    jobid: 253
    wildcards: sample=zika, seg=7781-8282


[Sun Mar 28 16:25:34 2021]
rule reverse_linguistic_complexity:
    input: /datater/wu/data/zika/filtering/reverse5773-6274.fasta
    output: /datater/wu/data/zika/filtering/reverse5773-6274.nessieOut
    jobid: 155
    wildcards: sample=zika, seg=5773-6274

Select jobs to execute...
[Sun Mar 28 16:25:34 2021]
Finished job 253.
124 of 175 steps (71%) done
[Sun Mar 28 16:25:34 2021]
Finished job 155.
125 of 175 steps (71%) done

[Sun Mar 28 16:25:34 2021]
rule reverse_toFasta:
    input: /datater/wu/data/zika/filtering/reverse6024-6525.calculated
    output: /datater/wu/data/zika/filtering/reverse6024-6525.fasta
    jobid: 240
    wildcards: sample=zika, seg=6024-6525

Select jobs to execute...

[Sun Mar 28 16:25:34 2021]
rule reverse_add_LC:
    input: /datater/wu/data/zika/filtering/reverse10542-10780.nessieOut, /datater/wu/data/zika/filtering/reverse10542-10780.fasta
    output: /datater/wu/data/zika/filtering/reverse10542-10780.calculated2
    jobid: 14
    wildcards: sample=zika, seg=10542-10780

[Sun Mar 28 16:25:34 2021]
rule reverse_add_LC:
    input: /datater/wu/data/zika/filtering/reverse4518-5019.nessieOut, /datater/wu/data/zika/filtering/reverse4518-5019.fasta
    output: /datater/wu/data/zika/filtering/reverse4518-5019.calculated2
    jobid: 273
    wildcards: sample=zika, seg=4518-5019

[Sun Mar 28 16:25:34 2021]
Finished job 98.
126 of 175 steps (72%) done
Select jobs to execute...

[Sun Mar 28 16:25:34 2021]
rule reverse_linguistic_complexity:
    input: /datater/wu/data/zika/filtering/reverse2761-3262.fasta
    output: /datater/wu/data/zika/filtering/reverse2761-3262.nessieOut
    jobid: 281
    wildcards: sample=zika, seg=2761-3262

Select jobs to execute...
Select jobs to execute...
Select jobs to execute...
Select jobs to execute...
Select jobs to execute...
[Sun Mar 28 16:25:34 2021]
Finished job 281.
127 of 175 steps (73%) done
Select jobs to execute...

[Sun Mar 28 16:25:34 2021]
rule reverse_add_LC:
    input: /datater/wu/data/zika/filtering/reverse2761-3262.nessieOut, /datater/wu/data/zika/filtering/reverse2761-3262.fasta
    output: /datater/wu/data/zika/filtering/reverse2761-3262.calculated2
    jobid: 280
    wildcards: sample=zika, seg=2761-3262

[Sun Mar 28 16:25:34 2021]
Finished job 247.
128 of 175 steps (73%) done
Select jobs to execute...
[Sun Mar 28 16:25:34 2021]
Finished job 37.
129 of 175 steps (74%) done

[Sun Mar 28 16:25:34 2021]
rule reverse_linguistic_complexity:
    input: /datater/wu/data/zika/filtering/reverse1255-1756.fasta
    output: /datater/wu/data/zika/filtering/reverse1255-1756.nessieOut
    jobid: 50
    wildcards: sample=zika, seg=1255-1756

Select jobs to execute...
[Sun Mar 28 16:25:34 2021]
Finished job 142.
130 of 175 steps (74%) done
[Sun Mar 28 16:25:34 2021]
Finished job 50.
131 of 175 steps (75%) done

[Sun Mar 28 16:25:34 2021]
rule reverse_linguistic_complexity:
    input: /datater/wu/data/zika/filtering/reverse7530-8031.fasta
    output: /datater/wu/data/zika/filtering/reverse7530-8031.nessieOut
    jobid: 260
    wildcards: sample=zika, seg=7530-8031

Select jobs to execute...
[Sun Mar 28 16:25:34 2021]
Finished job 260.
132 of 175 steps (75%) done

[Sun Mar 28 16:25:34 2021]
rule reverse_linguistic_complexity:
    input: /datater/wu/data/zika/filtering/reverse10040-10541.fasta
    output: /datater/wu/data/zika/filtering/reverse10040-10541.nessieOut
    jobid: 29
    wildcards: sample=zika, seg=10040-10541


[Sun Mar 28 16:25:34 2021]
rule reverse_linguistic_complexity:
    input: /datater/wu/data/zika/filtering/reverse6526-7027.fasta
    output: /datater/wu/data/zika/filtering/reverse6526-7027.nessieOut
    jobid: 141
    wildcards: sample=zika, seg=6526-7027

Select jobs to execute...
[Sun Mar 28 16:25:34 2021]
Finished job 29.
133 of 175 steps (76%) done
[Sun Mar 28 16:25:34 2021]
Finished job 141.
134 of 175 steps (77%) done

[Sun Mar 28 16:25:34 2021]
rule reverse_add_LC:
    input: /datater/wu/data/zika/filtering/reverse1506-2007.nessieOut, /datater/wu/data/zika/filtering/reverse1506-2007.fasta
    output: /datater/wu/data/zika/filtering/reverse1506-2007.calculated2
    jobid: 21
    wildcards: sample=zika, seg=1506-2007

Select jobs to execute...

[Sun Mar 28 16:25:34 2021]
rule reverse_linguistic_complexity:
    input: /datater/wu/data/zika/filtering/reverse3765-4266.fasta
    output: /datater/wu/data/zika/filtering/reverse3765-4266.nessieOut
    jobid: 183
    wildcards: sample=zika, seg=3765-4266


[Sun Mar 28 16:25:34 2021]
rule reverse_linguistic_complexity:
    input: /datater/wu/data/zika/filtering/reverse10291-10792.fasta
    output: /datater/wu/data/zika/filtering/reverse10291-10792.nessieOut
    jobid: 190
    wildcards: sample=zika, seg=10291-10792

Select jobs to execute...
Select jobs to execute...
[Sun Mar 28 16:25:34 2021]
Finished job 183.
135 of 175 steps (77%) done
Select jobs to execute...
[Sun Mar 28 16:25:34 2021]
Finished job 190.
136 of 175 steps (78%) done

[Sun Mar 28 16:25:34 2021]
rule reverse_linguistic_complexity:
    input: /datater/wu/data/zika/filtering/reverse0-501.fasta
    output: /datater/wu/data/zika/filtering/reverse0-501.nessieOut
    jobid: 176
    wildcards: sample=zika, seg=0-501

Select jobs to execute...
[Sun Mar 28 16:25:34 2021]
Finished job 176.
137 of 175 steps (78%) done

[Sun Mar 28 16:25:34 2021]
rule reverse_add_LC:
    input: /datater/wu/data/zika/filtering/reverse10040-10541.nessieOut, /datater/wu/data/zika/filtering/reverse10040-10541.fasta
    output: /datater/wu/data/zika/filtering/reverse10040-10541.calculated2
    jobid: 28
    wildcards: sample=zika, seg=10040-10541

Select jobs to execute...

[Sun Mar 28 16:25:34 2021]
rule reverse_add_LC:
    input: /datater/wu/data/zika/filtering/reverse0-501.nessieOut, /datater/wu/data/zika/filtering/reverse0-501.fasta
    output: /datater/wu/data/zika/filtering/reverse0-501.calculated2
    jobid: 175
    wildcards: sample=zika, seg=0-501

[Sun Mar 28 16:25:34 2021]
Finished job 224.
138 of 175 steps (79%) done
Select jobs to execute...
[Sun Mar 28 16:25:34 2021]
Finished job 126.
139 of 175 steps (79%) done

[Sun Mar 28 16:25:34 2021]
rule reverse_add_LC:
    input: /datater/wu/data/zika/filtering/reverse5522-6023.nessieOut, /datater/wu/data/zika/filtering/reverse5522-6023.fasta
    output: /datater/wu/data/zika/filtering/reverse5522-6023.calculated2
    jobid: 147
    wildcards: sample=zika, seg=5522-6023

Select jobs to execute...

[Sun Mar 28 16:25:34 2021]
rule reverse_add_LC:
    input: /datater/wu/data/zika/filtering/reverse3514-4015.nessieOut, /datater/wu/data/zika/filtering/reverse3514-4015.fasta
    output: /datater/wu/data/zika/filtering/reverse3514-4015.calculated2
    jobid: 42
    wildcards: sample=zika, seg=3514-4015

[Sun Mar 28 16:25:34 2021]
Finished job 303.
140 of 175 steps (80%) done
[Sun Mar 28 16:25:34 2021]
Finished job 84.
141 of 175 steps (81%) done
[Sun Mar 28 16:25:34 2021]
Finished job 133.
142 of 175 steps (81%) done
Select jobs to execute...

[Sun Mar 28 16:25:34 2021]
rule reverse_add_LC:
    input: /datater/wu/data/zika/filtering/reverse6526-7027.nessieOut, /datater/wu/data/zika/filtering/reverse6526-7027.fasta
    output: /datater/wu/data/zika/filtering/reverse6526-7027.calculated2
    jobid: 140
    wildcards: sample=zika, seg=6526-7027

[Sun Mar 28 16:25:34 2021]
rule reverse_add_LC:
    input: /datater/wu/data/zika/filtering/reverse3765-4266.nessieOut, /datater/wu/data/zika/filtering/reverse3765-4266.fasta
    output: /datater/wu/data/zika/filtering/reverse3765-4266.calculated2
    jobid: 182
    wildcards: sample=zika, seg=3765-4266

[Sun Mar 28 16:25:34 2021]
rule reverse_linguistic_complexity:
    input: /datater/wu/data/zika/filtering/reverse2008-2509.fasta
    output: /datater/wu/data/zika/filtering/reverse2008-2509.nessieOut
    jobid: 246
    wildcards: sample=zika, seg=2008-2509

Select jobs to execute...
Select jobs to execute...
[Sun Mar 28 16:25:34 2021]
Finished job 246.
143 of 175 steps (82%) done
Select jobs to execute...
[Sun Mar 28 16:25:34 2021]
Finished job 240.
144 of 175 steps (82%) done

[Sun Mar 28 16:25:34 2021]
rule reverse_add_LC:
    input: /datater/wu/data/zika/filtering/reverse5773-6274.nessieOut, /datater/wu/data/zika/filtering/reverse5773-6274.fasta
    output: /datater/wu/data/zika/filtering/reverse5773-6274.calculated2
    jobid: 154
    wildcards: sample=zika, seg=5773-6274

[Sun Mar 28 16:25:34 2021]
rule reverse_add_LC:
    input: /datater/wu/data/zika/filtering/reverse1255-1756.nessieOut, /datater/wu/data/zika/filtering/reverse1255-1756.fasta
    output: /datater/wu/data/zika/filtering/reverse1255-1756.calculated2
    jobid: 49
    wildcards: sample=zika, seg=1255-1756

Select jobs to execute...
[Sun Mar 28 16:25:34 2021]
Finished job 280.
145 of 175 steps (83%) done
Select jobs to execute...
[Sun Mar 28 16:25:35 2021]
Finished job 273.
146 of 175 steps (83%) done

[Sun Mar 28 16:25:35 2021]
rule reverse_toFasta:
    input: /datater/wu/data/zika/filtering/reverse8785-9286.calculated
    output: /datater/wu/data/zika/filtering/reverse8785-9286.fasta
    jobid: 72
    wildcards: sample=zika, seg=8785-9286

Select jobs to execute...

[Sun Mar 28 16:25:35 2021]
rule reverse_add_LC:
    input: /datater/wu/data/zika/filtering/reverse2008-2509.nessieOut, /datater/wu/data/zika/filtering/reverse2008-2509.fasta
    output: /datater/wu/data/zika/filtering/reverse2008-2509.calculated2
    jobid: 245
    wildcards: sample=zika, seg=2008-2509

[Sun Mar 28 16:25:35 2021]
Finished job 14.
147 of 175 steps (84%) done
Select jobs to execute...

[Sun Mar 28 16:25:35 2021]
rule reverse_linguistic_complexity:
    input: /datater/wu/data/zika/filtering/reverse2510-3011.fasta
    output: /datater/wu/data/zika/filtering/reverse2510-3011.nessieOut
    jobid: 302
    wildcards: sample=zika, seg=2510-3011

[Sun Mar 28 16:25:35 2021]
Finished job 302.
148 of 175 steps (85%) done
Select jobs to execute...

[Sun Mar 28 16:25:35 2021]
rule reverse_add_LC:
    input: /datater/wu/data/zika/filtering/reverse7781-8282.nessieOut, /datater/wu/data/zika/filtering/reverse7781-8282.fasta
    output: /datater/wu/data/zika/filtering/reverse7781-8282.calculated2
    jobid: 252
    wildcards: sample=zika, seg=7781-8282

[Sun Mar 28 16:25:35 2021]
Finished job 21.
149 of 175 steps (85%) done
Select jobs to execute...

[Sun Mar 28 16:25:35 2021]
rule reverse_add_LC:
    input: /datater/wu/data/zika/filtering/reverse2510-3011.nessieOut, /datater/wu/data/zika/filtering/reverse2510-3011.fasta
    output: /datater/wu/data/zika/filtering/reverse2510-3011.calculated2
    jobid: 301
    wildcards: sample=zika, seg=2510-3011

[Sun Mar 28 16:25:35 2021]
Finished job 28.
150 of 175 steps (86%) done
Select jobs to execute...

[Sun Mar 28 16:25:35 2021]
rule reverse_linguistic_complexity:
    input: /datater/wu/data/zika/filtering/reverse753-1254.fasta
    output: /datater/wu/data/zika/filtering/reverse753-1254.nessieOut
    jobid: 267
    wildcards: sample=zika, seg=753-1254

[Sun Mar 28 16:25:35 2021]
Finished job 267.
151 of 175 steps (86%) done
Select jobs to execute...
[Sun Mar 28 16:25:35 2021]
Finished job 175.
152 of 175 steps (87%) done

[Sun Mar 28 16:25:35 2021]
rule reverse_add_LC:
    input: /datater/wu/data/zika/filtering/reverse753-1254.nessieOut, /datater/wu/data/zika/filtering/reverse753-1254.fasta
    output: /datater/wu/data/zika/filtering/reverse753-1254.calculated2
    jobid: 266
    wildcards: sample=zika, seg=753-1254

Select jobs to execute...

[Sun Mar 28 16:25:35 2021]
rule reverse_add_LC:
    input: /datater/wu/data/zika/filtering/reverse1004-1505.nessieOut, /datater/wu/data/zika/filtering/reverse1004-1505.fasta
    output: /datater/wu/data/zika/filtering/reverse1004-1505.calculated2
    jobid: 161
    wildcards: sample=zika, seg=1004-1505

[Sun Mar 28 16:25:35 2021]
Finished job 42.
153 of 175 steps (87%) done
Select jobs to execute...

[Sun Mar 28 16:25:35 2021]
rule reverse_add_LC:
    input: /datater/wu/data/zika/filtering/reverse10291-10792.nessieOut, /datater/wu/data/zika/filtering/reverse10291-10792.fasta
    output: /datater/wu/data/zika/filtering/reverse10291-10792.calculated2
    jobid: 189
    wildcards: sample=zika, seg=10291-10792

[Sun Mar 28 16:25:35 2021]
Finished job 140.
154 of 175 steps (88%) done
Select jobs to execute...
[Sun Mar 28 16:25:35 2021]
Finished job 147.
155 of 175 steps (89%) done

[Sun Mar 28 16:25:35 2021]
rule reverse_linguistic_complexity:
    input: /datater/wu/data/zika/filtering/reverse2259-2760.fasta
    output: /datater/wu/data/zika/filtering/reverse2259-2760.nessieOut
    jobid: 36
    wildcards: sample=zika, seg=2259-2760

Select jobs to execute...
[Sun Mar 28 16:25:35 2021]
Finished job 36.
156 of 175 steps (89%) done
[Sun Mar 28 16:25:35 2021]
Finished job 182.
157 of 175 steps (90%) done

[Sun Mar 28 16:25:35 2021]
rule reverse_add_LC:
    input: /datater/wu/data/zika/filtering/reverse7530-8031.nessieOut, /datater/wu/data/zika/filtering/reverse7530-8031.fasta
    output: /datater/wu/data/zika/filtering/reverse7530-8031.calculated2
    jobid: 259
    wildcards: sample=zika, seg=7530-8031

Select jobs to execute...
[Sun Mar 28 16:25:35 2021]
Finished job 49.
158 of 175 steps (90%) done
[Sun Mar 28 16:25:35 2021]
Finished job 154.
159 of 175 steps (91%) done

[Sun Mar 28 16:25:35 2021]
rule reverse_linguistic_complexity:
    input: /datater/wu/data/zika/filtering/reverse6024-6525.fasta
    output: /datater/wu/data/zika/filtering/reverse6024-6525.nessieOut
    jobid: 239
    wildcards: sample=zika, seg=6024-6525


[Sun Mar 28 16:25:35 2021]
rule reverse_add_LC:
    input: /datater/wu/data/zika/filtering/reverse2259-2760.nessieOut, /datater/wu/data/zika/filtering/reverse2259-2760.fasta
    output: /datater/wu/data/zika/filtering/reverse2259-2760.calculated2
    jobid: 35
    wildcards: sample=zika, seg=2259-2760

[Sun Mar 28 16:25:35 2021]
Finished job 239.
160 of 175 steps (91%) done
Select jobs to execute...
[Sun Mar 28 16:25:35 2021]
Finished job 72.
161 of 175 steps (92%) done

[Sun Mar 28 16:25:35 2021]
rule reverse_add_LC:
    input: /datater/wu/data/zika/filtering/reverse6024-6525.nessieOut, /datater/wu/data/zika/filtering/reverse6024-6525.fasta
    output: /datater/wu/data/zika/filtering/reverse6024-6525.calculated2
    jobid: 238
    wildcards: sample=zika, seg=6024-6525

Select jobs to execute...
[Sun Mar 28 16:25:35 2021]
Finished job 245.
162 of 175 steps (93%) done

[Sun Mar 28 16:25:35 2021]
rule reverse_linguistic_complexity:
    input: /datater/wu/data/zika/filtering/reverse8785-9286.fasta
    output: /datater/wu/data/zika/filtering/reverse8785-9286.nessieOut
    jobid: 71
    wildcards: sample=zika, seg=8785-9286

[Sun Mar 28 16:25:35 2021]
Finished job 71.
163 of 175 steps (93%) done
Select jobs to execute...

[Sun Mar 28 16:25:35 2021]
rule reverse_add_LC:
    input: /datater/wu/data/zika/filtering/reverse8785-9286.nessieOut, /datater/wu/data/zika/filtering/reverse8785-9286.fasta
    output: /datater/wu/data/zika/filtering/reverse8785-9286.calculated2
    jobid: 70
    wildcards: sample=zika, seg=8785-9286

[Sun Mar 28 16:25:35 2021]
Finished job 252.
164 of 175 steps (94%) done
[Sun Mar 28 16:25:36 2021]
Finished job 301.
165 of 175 steps (94%) done
[Sun Mar 28 16:25:36 2021]
Finished job 266.
166 of 175 steps (95%) done
[Sun Mar 28 16:25:36 2021]
Finished job 161.
167 of 175 steps (95%) done
[Sun Mar 28 16:25:36 2021]
Finished job 189.
168 of 175 steps (96%) done
[Sun Mar 28 16:25:36 2021]
Finished job 259.
169 of 175 steps (97%) done
[Sun Mar 28 16:25:36 2021]
Finished job 35.
170 of 175 steps (97%) done
[Sun Mar 28 16:25:36 2021]
Finished job 238.
171 of 175 steps (98%) done
[Sun Mar 28 16:25:36 2021]
Finished job 70.
172 of 175 steps (98%) done
Select jobs to execute...

[Sun Mar 28 16:25:36 2021]
rule aggregate_allReverseOligo:
    input: /datater/wu/data/zika/filtering/reverse3263-3764.calculated2, /datater/wu/data/zika/filtering/reverse10542-10780.calculated2, /datater/wu/data/zika/filtering/reverse1506-2007.calculated2, /datater/wu/data/zika/filtering/reverse10040-10541.calculated2, /datater/wu/data/zika/filtering/reverse2259-2760.calculated2, /datater/wu/data/zika/filtering/reverse3514-4015.calculated2, /datater/wu/data/zika/filtering/reverse1255-1756.calculated2, /datater/wu/data/zika/filtering/reverse3012-3513.calculated2, /datater/wu/data/zika/filtering/reverse7028-7529.calculated2, /datater/wu/data/zika/filtering/reverse8785-9286.calculated2, /datater/wu/data/zika/filtering/reverse5271-5772.calculated2, /datater/wu/data/zika/filtering/reverse4769-5270.calculated2, /datater/wu/data/zika/filtering/reverse8032-8533.calculated2, /datater/wu/data/zika/filtering/reverse9789-10290.calculated2, /datater/wu/data/zika/filtering/reverse502-1003.calculated2, /datater/wu/data/zika/filtering/reverse9538-10039.calculated2, /datater/wu/data/zika/filtering/reverse8534-9035.calculated2, /datater/wu/data/zika/filtering/reverse1757-2258.calculated2, /datater/wu/data/zika/filtering/reverse9036-9537.calculated2, /datater/wu/data/zika/filtering/reverse6526-7027.calculated2, /datater/wu/data/zika/filtering/reverse5522-6023.calculated2, /datater/wu/data/zika/filtering/reverse5773-6274.calculated2, /datater/wu/data/zika/filtering/reverse1004-1505.calculated2, /datater/wu/data/zika/filtering/reverse4267-4768.calculated2, /datater/wu/data/zika/filtering/reverse0-501.calculated2, /datater/wu/data/zika/filtering/reverse3765-4266.calculated2, /datater/wu/data/zika/filtering/reverse10291-10792.calculated2, /datater/wu/data/zika/filtering/reverse8283-8784.calculated2, /datater/wu/data/zika/filtering/reverse9287-9788.calculated2, /datater/wu/data/zika/filtering/reverse6777-7278.calculated2, /datater/wu/data/zika/filtering/reverse5020-5521.calculated2, /datater/wu/data/zika/filtering/reverse251-752.calculated2, /datater/wu/data/zika/filtering/reverse6275-6776.calculated2, /datater/wu/data/zika/filtering/reverse6024-6525.calculated2, /datater/wu/data/zika/filtering/reverse2008-2509.calculated2, /datater/wu/data/zika/filtering/reverse7781-8282.calculated2, /datater/wu/data/zika/filtering/reverse7530-8031.calculated2, /datater/wu/data/zika/filtering/reverse753-1254.calculated2, /datater/wu/data/zika/filtering/reverse4518-5019.calculated2, /datater/wu/data/zika/filtering/reverse2761-3262.calculated2, /datater/wu/data/zika/filtering/reverse7279-7780.calculated2, /datater/wu/data/zika/filtering/reverse4016-4517.calculated2, /datater/wu/data/zika/filtering/reverse2510-3011.calculated2
    output: /datater/wu/data/zika/filtering/allOligos_reverse.calculated2
    jobid: 2
    wildcards: sample=zika

[Sun Mar 28 16:25:36 2021]
Finished job 2.
173 of 175 steps (99%) done
Select jobs to execute...

[Sun Mar 28 16:25:36 2021]
rule reverse_filtering:
    input: /datater/wu/data/zika/filtering/allOligos_reverse.calculated2
    output: /datater/wu/data/zika/filtering/allOligos_reverse.filtered
    jobid: 1
    wildcards: sample=zika

[Sun Mar 28 16:25:38 2021]
Finished job 1.
174 of 175 steps (99%) done
Select jobs to execute...

[Sun Mar 28 16:25:38 2021]
localrule all:
    input: /datater/wu/data/zika/filtering/allOligos_reverse.filtered
    jobid: 0

[Sun Mar 28 16:25:38 2021]
Finished job 0.
175 of 175 steps (100%) done
Complete log: /datater/wu/stage_m2/.snakemake/log/2021-03-28T162525.767411.snakemake.log
