Building DAG of jobs...
Using shell: /bin/bash
Provided cores: 24
Rules claiming more threads will be scaled down.
Conda environments: ignored
Job counts:
	count	jobs
	1	MSA
	1	all
	1	checkHeterodimer
	1	evaluation1
	1	evaluation2
	1	evaluation3
	1	filtering2
	1	filtering3
	1	removeDuplicateSeq
	1	specific1
	1	specific2
	1	specific3
	1	specific4
	1	splitIntoOverlappingWindows
	14
Select jobs to execute...

[Tue Apr 27 14:14:13 2021]
rule removeDuplicateSeq:
    input: /datater/wu/data/enterovirus.fasta
    output: /datater/wu/data/MSSPE-basic/enterovirus/enterovirus.uniq
    jobid: 1
    wildcards: sample=enterovirus


[Tue Apr 27 14:14:13 2021]
rule specific2:
    input: /datater/wu/data/RefSeqProkaryota/RefSeqProkaryota.fna
    output: /datater/wu/data/RefSeqProkaryota/RefSeqProkaryota.DB.1.ebwt, /datater/wu/data/RefSeqProkaryota/RefSeqProkaryota.DB.2.ebwt, /datater/wu/data/RefSeqProkaryota/RefSeqProkaryota.DB.3.ebwt, /datater/wu/data/RefSeqProkaryota/RefSeqProkaryota.DB.4.ebwt, /datater/wu/data/RefSeqProkaryota/RefSeqProkaryota.DB.rev.1.ebwt, /datater/wu/data/RefSeqProkaryota/RefSeqProkaryota.DB.rev.2.ebwt
    jobid: 7

[Tue Apr 27 14:14:14 2021]
Finished job 1.
1 of 14 steps (7%) done
Select jobs to execute...

[Tue Apr 27 14:14:14 2021]
rule evaluation1:
    input: /datater/wu/data/MSSPE-basic/enterovirus/enterovirus.uniq, /datater/wu/data/ncbiTaxonomy/nucl_gb.accession2taxid, /datater/wu/data/ncbiTaxonomy/ncbi_lineages_2021-04-23.csv
    output: /datater/wu/data/MSSPE-basic/enterovirus/kmer15/intermediate/aceID-taxID-species.tsv
    jobid: 11
    wildcards: sample=enterovirus

[Tue Apr 27 14:14:14 2021]
rule MSA:
    input: /datater/wu/data/MSSPE-basic/enterovirus/enterovirus.uniq
    output: /datater/wu/data/MSSPE-basic/enterovirus/enterovirus.msa
    log: /datater/wu/data/MSSPE-basic/enterovirus/mafft.log
    jobid: 2
    wildcards: sample=enterovirus

[Tue Apr 27 14:14:48 2021]
Finished job 7.
2 of 14 steps (14%) done
[Tue Apr 27 14:17:18 2021]
Finished job 11.
3 of 14 steps (21%) done
[Tue Apr 27 14:17:41 2021]
Finished job 2.
4 of 14 steps (29%) done
Select jobs to execute...

[Tue Apr 27 14:17:41 2021]
checkpoint splitIntoOverlappingWindows:
    input: /datater/wu/data/MSSPE-basic/enterovirus/enterovirus.msa
    output: /datater/wu/data/MSSPE-basic/enterovirus/splitFiles
    jobid: 4
    wildcards: sample=enterovirus
Downstream jobs will be updated after completion.

Updating job filtering2.
[Tue Apr 27 14:17:46 2021]
Finished job 4.
5 of 162 steps (3%) done
Select jobs to execute...

[Tue Apr 27 14:17:46 2021]
rule countKmer1:
    input: /datater/wu/data/MSSPE-basic/enterovirus/splitFiles/reverse3556-4060.fasta
    output: /datater/wu/data/MSSPE-basic/enterovirus/kmer15/intermediate/reverse3556-4060.jf
    jobid: 130
    wildcards: sample=enterovirus, seg=3556-4060


[Tue Apr 27 14:17:46 2021]
rule countKmer1:
    input: /datater/wu/data/MSSPE-basic/enterovirus/splitFiles/reverse1016-1520.fasta
    output: /datater/wu/data/MSSPE-basic/enterovirus/kmer15/intermediate/reverse1016-1520.jf
    jobid: 62
    wildcards: sample=enterovirus, seg=1016-1520


[Tue Apr 27 14:17:46 2021]
rule countKmer1:
    input: /datater/wu/data/MSSPE-basic/enterovirus/splitFiles/reverse9144-9374.fasta
    output: /datater/wu/data/MSSPE-basic/enterovirus/kmer15/intermediate/reverse9144-9374.jf
    jobid: 18
    wildcards: sample=enterovirus, seg=9144-9374


[Tue Apr 27 14:17:46 2021]
rule countKmer1:
    input: /datater/wu/data/MSSPE-basic/enterovirus/splitFiles/reverse0-504.fasta
    output: /datater/wu/data/MSSPE-basic/enterovirus/kmer15/intermediate/reverse0-504.jf
    jobid: 138
    wildcards: sample=enterovirus, seg=0-504


[Tue Apr 27 14:17:46 2021]
rule countKmer1:
    input: /datater/wu/data/MSSPE-basic/enterovirus/splitFiles/reverse254-758.fasta
    output: /datater/wu/data/MSSPE-basic/enterovirus/kmer15/intermediate/reverse254-758.jf
    jobid: 78
    wildcards: sample=enterovirus, seg=254-758


[Tue Apr 27 14:17:46 2021]
rule countKmer1:
    input: /datater/wu/data/MSSPE-basic/enterovirus/splitFiles/reverse762-1266.fasta
    output: /datater/wu/data/MSSPE-basic/enterovirus/kmer15/intermediate/reverse762-1266.jf
    jobid: 26
    wildcards: sample=enterovirus, seg=762-1266


[Tue Apr 27 14:17:46 2021]
rule countKmer1:
    input: /datater/wu/data/MSSPE-basic/enterovirus/splitFiles/reverse7874-8378.fasta
    output: /datater/wu/data/MSSPE-basic/enterovirus/kmer15/intermediate/reverse7874-8378.jf
    jobid: 86
    wildcards: sample=enterovirus, seg=7874-8378


[Tue Apr 27 14:17:46 2021]
rule countKmer1:
    input: /datater/wu/data/MSSPE-basic/enterovirus/splitFiles/reverse4318-4822.fasta
    output: /datater/wu/data/MSSPE-basic/enterovirus/kmer15/intermediate/reverse4318-4822.jf
    jobid: 146
    wildcards: sample=enterovirus, seg=4318-4822


[Tue Apr 27 14:17:46 2021]
rule countKmer1:
    input: /datater/wu/data/MSSPE-basic/enterovirus/splitFiles/reverse6350-6854.fasta
    output: /datater/wu/data/MSSPE-basic/enterovirus/kmer15/intermediate/reverse6350-6854.jf
    jobid: 34
    wildcards: sample=enterovirus, seg=6350-6854


[Tue Apr 27 14:17:46 2021]
rule countKmer1:
    input: /datater/wu/data/MSSPE-basic/enterovirus/splitFiles/reverse2286-2790.fasta
    output: /datater/wu/data/MSSPE-basic/enterovirus/kmer15/intermediate/reverse2286-2790.jf
    jobid: 154
    wildcards: sample=enterovirus, seg=2286-2790


[Tue Apr 27 14:17:46 2021]
rule countKmer1:
    input: /datater/wu/data/MSSPE-basic/enterovirus/splitFiles/reverse8636-9140.fasta
    output: /datater/wu/data/MSSPE-basic/enterovirus/kmer15/intermediate/reverse8636-9140.jf
    jobid: 42
    wildcards: sample=enterovirus, seg=8636-9140


[Tue Apr 27 14:17:46 2021]
rule countKmer1:
    input: /datater/wu/data/MSSPE-basic/enterovirus/splitFiles/reverse3302-3806.fasta
    output: /datater/wu/data/MSSPE-basic/enterovirus/kmer15/intermediate/reverse3302-3806.jf
    jobid: 110
    wildcards: sample=enterovirus, seg=3302-3806


[Tue Apr 27 14:17:46 2021]
rule countKmer1:
    input: /datater/wu/data/MSSPE-basic/enterovirus/splitFiles/reverse1524-2028.fasta
    output: /datater/wu/data/MSSPE-basic/enterovirus/kmer15/intermediate/reverse1524-2028.jf
    jobid: 90
    wildcards: sample=enterovirus, seg=1524-2028


[Tue Apr 27 14:17:46 2021]
rule countKmer1:
    input: /datater/wu/data/MSSPE-basic/enterovirus/splitFiles/reverse5842-6346.fasta
    output: /datater/wu/data/MSSPE-basic/enterovirus/kmer15/intermediate/reverse5842-6346.jf
    jobid: 22
    wildcards: sample=enterovirus, seg=5842-6346


[Tue Apr 27 14:17:46 2021]
rule countKmer1:
    input: /datater/wu/data/MSSPE-basic/enterovirus/splitFiles/reverse2794-3298.fasta
    output: /datater/wu/data/MSSPE-basic/enterovirus/kmer15/intermediate/reverse2794-3298.jf
    jobid: 142
    wildcards: sample=enterovirus, seg=2794-3298


[Tue Apr 27 14:17:46 2021]
rule countKmer1:
    input: /datater/wu/data/MSSPE-basic/enterovirus/splitFiles/reverse2540-3044.fasta
    output: /datater/wu/data/MSSPE-basic/enterovirus/kmer15/intermediate/reverse2540-3044.jf
    jobid: 30
    wildcards: sample=enterovirus, seg=2540-3044


[Tue Apr 27 14:17:46 2021]
rule countKmer1:
    input: /datater/wu/data/MSSPE-basic/enterovirus/splitFiles/reverse5334-5838.fasta
    output: /datater/wu/data/MSSPE-basic/enterovirus/kmer15/intermediate/reverse5334-5838.jf
    jobid: 150
    wildcards: sample=enterovirus, seg=5334-5838


[Tue Apr 27 14:17:46 2021]
rule countKmer1:
    input: /datater/wu/data/MSSPE-basic/enterovirus/splitFiles/reverse5588-6092.fasta
    output: /datater/wu/data/MSSPE-basic/enterovirus/kmer15/intermediate/reverse5588-6092.jf
    jobid: 38
    wildcards: sample=enterovirus, seg=5588-6092


[Tue Apr 27 14:17:46 2021]
rule countKmer1:
    input: /datater/wu/data/MSSPE-basic/enterovirus/splitFiles/reverse6858-7362.fasta
    output: /datater/wu/data/MSSPE-basic/enterovirus/kmer15/intermediate/reverse6858-7362.jf
    jobid: 158
    wildcards: sample=enterovirus, seg=6858-7362


[Tue Apr 27 14:17:46 2021]
rule countKmer1:
    input: /datater/wu/data/MSSPE-basic/enterovirus/splitFiles/reverse2032-2536.fasta
    output: /datater/wu/data/MSSPE-basic/enterovirus/kmer15/intermediate/reverse2032-2536.jf
    jobid: 46
    wildcards: sample=enterovirus, seg=2032-2536


[Tue Apr 27 14:17:46 2021]
rule countKmer1:
    input: /datater/wu/data/MSSPE-basic/enterovirus/splitFiles/reverse7620-8124.fasta
    output: /datater/wu/data/MSSPE-basic/enterovirus/kmer15/intermediate/reverse7620-8124.jf
    jobid: 98
    wildcards: sample=enterovirus, seg=7620-8124


[Tue Apr 27 14:17:46 2021]
rule countKmer1:
    input: /datater/wu/data/MSSPE-basic/enterovirus/splitFiles/reverse4064-4568.fasta
    output: /datater/wu/data/MSSPE-basic/enterovirus/kmer15/intermediate/reverse4064-4568.jf
    jobid: 106
    wildcards: sample=enterovirus, seg=4064-4568


[Tue Apr 27 14:17:46 2021]
rule countKmer1:
    input: /datater/wu/data/MSSPE-basic/enterovirus/splitFiles/reverse7366-7870.fasta
    output: /datater/wu/data/MSSPE-basic/enterovirus/kmer15/intermediate/reverse7366-7870.jf
    jobid: 54
    wildcards: sample=enterovirus, seg=7366-7870


[Tue Apr 27 14:17:47 2021]
rule countKmer1:
    input: /datater/wu/data/MSSPE-basic/enterovirus/splitFiles/reverse6604-7108.fasta
    output: /datater/wu/data/MSSPE-basic/enterovirus/kmer15/intermediate/reverse6604-7108.jf
    jobid: 114
    wildcards: sample=enterovirus, seg=6604-7108

[Tue Apr 27 14:22:56 2021]
Finished job 78.
6 of 162 steps (4%) done
Select jobs to execute...

[Tue Apr 27 14:22:56 2021]
rule countKmer1:
    input: /datater/wu/data/MSSPE-basic/enterovirus/splitFiles/reverse4826-5330.fasta
    output: /datater/wu/data/MSSPE-basic/enterovirus/kmer15/intermediate/reverse4826-5330.jf
    jobid: 134
    wildcards: sample=enterovirus, seg=4826-5330

[Tue Apr 27 14:26:13 2021]
Finished job 98.
7 of 162 steps (4%) done
Select jobs to execute...

[Tue Apr 27 14:26:13 2021]
rule countKmer1:
    input: /datater/wu/data/MSSPE-basic/enterovirus/splitFiles/reverse8890-9374.fasta
    output: /datater/wu/data/MSSPE-basic/enterovirus/kmer15/intermediate/reverse8890-9374.jf
    jobid: 50
    wildcards: sample=enterovirus, seg=8890-9374

[Tue Apr 27 14:26:16 2021]
Finished job 62.
8 of 162 steps (5%) done
Select jobs to execute...

[Tue Apr 27 14:26:16 2021]
rule countKmer2:
    input: /datater/wu/data/MSSPE-basic/enterovirus/kmer15/intermediate/reverse1016-1520.jf
    output: /datater/wu/data/MSSPE-basic/enterovirus/kmer15/intermediate/reverse1016-1520.Kmercount.txt
    jobid: 61
    wildcards: sample=enterovirus, seg=1016-1520

[Tue Apr 27 14:26:16 2021]
Finished job 61.
9 of 162 steps (6%) done
Select jobs to execute...

[Tue Apr 27 14:26:16 2021]
rule countKmer1:
    input: /datater/wu/data/MSSPE-basic/enterovirus/splitFiles/reverse508-1012.fasta
    output: /datater/wu/data/MSSPE-basic/enterovirus/kmer15/intermediate/reverse508-1012.jf
    jobid: 58
    wildcards: sample=enterovirus, seg=508-1012

[Tue Apr 27 14:26:34 2021]
Finished job 26.
10 of 162 steps (6%) done
Select jobs to execute...

[Tue Apr 27 14:26:34 2021]
rule countKmer1:
    input: /datater/wu/data/MSSPE-basic/enterovirus/splitFiles/reverse4572-5076.fasta
    output: /datater/wu/data/MSSPE-basic/enterovirus/kmer15/intermediate/reverse4572-5076.jf
    jobid: 74
    wildcards: sample=enterovirus, seg=4572-5076

[Tue Apr 27 14:26:36 2021]
Finished job 142.
11 of 162 steps (7%) done
Select jobs to execute...
[Tue Apr 27 14:26:36 2021]
Finished job 86.
12 of 162 steps (7%) done

[Tue Apr 27 14:26:36 2021]
rule countKmer2:
    input: /datater/wu/data/MSSPE-basic/enterovirus/kmer15/intermediate/reverse2794-3298.jf
    output: /datater/wu/data/MSSPE-basic/enterovirus/kmer15/intermediate/reverse2794-3298.Kmercount.txt
    jobid: 141
    wildcards: sample=enterovirus, seg=2794-3298

Select jobs to execute...
[Tue Apr 27 14:26:36 2021]
Finished job 141.
13 of 162 steps (8%) done

[Tue Apr 27 14:26:36 2021]
rule countKmer1:
    input: /datater/wu/data/MSSPE-basic/enterovirus/splitFiles/reverse6096-6600.fasta
    output: /datater/wu/data/MSSPE-basic/enterovirus/kmer15/intermediate/reverse6096-6600.jf
    jobid: 126
    wildcards: sample=enterovirus, seg=6096-6600

Select jobs to execute...

[Tue Apr 27 14:26:36 2021]
rule countKmer1:
    input: /datater/wu/data/MSSPE-basic/enterovirus/splitFiles/reverse8382-8886.fasta
    output: /datater/wu/data/MSSPE-basic/enterovirus/kmer15/intermediate/reverse8382-8886.jf
    jobid: 118
    wildcards: sample=enterovirus, seg=8382-8886

[Tue Apr 27 14:26:37 2021]
Finished job 146.
14 of 162 steps (9%) done
Select jobs to execute...

[Tue Apr 27 14:26:37 2021]
rule countKmer1:
    input: /datater/wu/data/MSSPE-basic/enterovirus/splitFiles/reverse3810-4314.fasta
    output: /datater/wu/data/MSSPE-basic/enterovirus/kmer15/intermediate/reverse3810-4314.jf
    jobid: 102
    wildcards: sample=enterovirus, seg=3810-4314

[Tue Apr 27 14:26:39 2021]
Finished job 38.
15 of 162 steps (9%) done
Select jobs to execute...
[Tue Apr 27 14:26:39 2021]
Finished job 154.
16 of 162 steps (10%) done

[Tue Apr 27 14:26:39 2021]
rule countKmer1:
    input: /datater/wu/data/MSSPE-basic/enterovirus/splitFiles/reverse7112-7616.fasta
    output: /datater/wu/data/MSSPE-basic/enterovirus/kmer15/intermediate/reverse7112-7616.jf
    jobid: 82
    wildcards: sample=enterovirus, seg=7112-7616

Select jobs to execute...

[Tue Apr 27 14:26:39 2021]
rule countKmer2:
    input: /datater/wu/data/MSSPE-basic/enterovirus/kmer15/intermediate/reverse7620-8124.jf
    output: /datater/wu/data/MSSPE-basic/enterovirus/kmer15/intermediate/reverse7620-8124.Kmercount.txt
    jobid: 97
    wildcards: sample=enterovirus, seg=7620-8124

[Tue Apr 27 14:26:39 2021]
Finished job 97.
17 of 162 steps (10%) done
Select jobs to execute...
[Tue Apr 27 14:26:39 2021]
Finished job 110.
18 of 162 steps (11%) done

[Tue Apr 27 14:26:40 2021]
rule countKmer1:
    input: /datater/wu/data/MSSPE-basic/enterovirus/splitFiles/reverse1270-1774.fasta
    output: /datater/wu/data/MSSPE-basic/enterovirus/kmer15/intermediate/reverse1270-1774.jf
    jobid: 94
    wildcards: sample=enterovirus, seg=1270-1774

Select jobs to execute...

[Tue Apr 27 14:26:40 2021]
rule countKmer2:
    input: /datater/wu/data/MSSPE-basic/enterovirus/kmer15/intermediate/reverse3302-3806.jf
    output: /datater/wu/data/MSSPE-basic/enterovirus/kmer15/intermediate/reverse3302-3806.Kmercount.txt
    jobid: 109
    wildcards: sample=enterovirus, seg=3302-3806

[Tue Apr 27 14:26:40 2021]
Finished job 109.
19 of 162 steps (12%) done
Select jobs to execute...
[Tue Apr 27 14:26:40 2021]
Finished job 130.
20 of 162 steps (12%) done

[Tue Apr 27 14:26:40 2021]
rule calculateKmer_sort:
    input: /datater/wu/data/MSSPE-basic/enterovirus/kmer15/intermediate/reverse1016-1520.Kmercount.txt
    output: /datater/wu/data/MSSPE-basic/enterovirus/kmer15/intermediate/reverse1016-1520.Kmercount.sorted.txt
    jobid: 60
    wildcards: sample=enterovirus, seg=1016-1520

Select jobs to execute...
[Tue Apr 27 14:26:41 2021]
Finished job 60.
21 of 162 steps (13%) done

[Tue Apr 27 14:26:41 2021]
rule countKmer2:
    input: /datater/wu/data/MSSPE-basic/enterovirus/kmer15/intermediate/reverse5588-6092.jf
    output: /datater/wu/data/MSSPE-basic/enterovirus/kmer15/intermediate/reverse5588-6092.Kmercount.txt
    jobid: 37
    wildcards: sample=enterovirus, seg=5588-6092

Select jobs to execute...
[Tue Apr 27 14:26:41 2021]
Finished job 37.
22 of 162 steps (14%) done

[Tue Apr 27 14:26:41 2021]
rule countKmer1:
    input: /datater/wu/data/MSSPE-basic/enterovirus/splitFiles/reverse8128-8632.fasta
    output: /datater/wu/data/MSSPE-basic/enterovirus/kmer15/intermediate/reverse8128-8632.jf
    jobid: 162
    wildcards: sample=enterovirus, seg=8128-8632

Select jobs to execute...

[Tue Apr 27 14:26:41 2021]
rule calculateKmer_sort:
    input: /datater/wu/data/MSSPE-basic/enterovirus/kmer15/intermediate/reverse5588-6092.Kmercount.txt
    output: /datater/wu/data/MSSPE-basic/enterovirus/kmer15/intermediate/reverse5588-6092.Kmercount.sorted.txt
    jobid: 36
    wildcards: sample=enterovirus, seg=5588-6092

[Tue Apr 27 14:26:41 2021]
Finished job 36.
23 of 162 steps (14%) done
Select jobs to execute...

[Tue Apr 27 14:26:41 2021]
rule countKmer2:
    input: /datater/wu/data/MSSPE-basic/enterovirus/kmer15/intermediate/reverse2286-2790.jf
    output: /datater/wu/data/MSSPE-basic/enterovirus/kmer15/intermediate/reverse2286-2790.Kmercount.txt
    jobid: 153
    wildcards: sample=enterovirus, seg=2286-2790

[Tue Apr 27 14:26:41 2021]
Finished job 153.
24 of 162 steps (15%) done
Select jobs to execute...

[Tue Apr 27 14:26:42 2021]
rule calculateKmer_sort:
    input: /datater/wu/data/MSSPE-basic/enterovirus/kmer15/intermediate/reverse2286-2790.Kmercount.txt
    output: /datater/wu/data/MSSPE-basic/enterovirus/kmer15/intermediate/reverse2286-2790.Kmercount.sorted.txt
    jobid: 152
    wildcards: sample=enterovirus, seg=2286-2790

[Tue Apr 27 14:26:42 2021]
Finished job 152.
25 of 162 steps (15%) done
Select jobs to execute...

[Tue Apr 27 14:26:42 2021]
rule filtering1:
    input: /datater/wu/data/MSSPE-basic/enterovirus/kmer15/intermediate/reverse2286-2790.Kmercount.sorted.txt
    output: /datater/wu/data/MSSPE-basic/enterovirus/kmer15/intermediate/reverse2286-2790.Kmercount.sorted.calculated.txt
    jobid: 151
    wildcards: sample=enterovirus, seg=2286-2790

[Tue Apr 27 14:26:45 2021]
Finished job 150.
26 of 162 steps (16%) done
Select jobs to execute...

[Tue Apr 27 14:26:45 2021]
rule countKmer2:
    input: /datater/wu/data/MSSPE-basic/enterovirus/kmer15/intermediate/reverse5334-5838.jf
    output: /datater/wu/data/MSSPE-basic/enterovirus/kmer15/intermediate/reverse5334-5838.Kmercount.txt
    jobid: 149
    wildcards: sample=enterovirus, seg=5334-5838

[Tue Apr 27 14:26:45 2021]
Finished job 149.
27 of 162 steps (17%) done
Select jobs to execute...

[Tue Apr 27 14:26:45 2021]
rule calculateKmer_sort:
    input: /datater/wu/data/MSSPE-basic/enterovirus/kmer15/intermediate/reverse3302-3806.Kmercount.txt
    output: /datater/wu/data/MSSPE-basic/enterovirus/kmer15/intermediate/reverse3302-3806.Kmercount.sorted.txt
    jobid: 108
    wildcards: sample=enterovirus, seg=3302-3806

[Tue Apr 27 14:26:45 2021]
Finished job 108.
28 of 162 steps (17%) done
Select jobs to execute...

[Tue Apr 27 14:26:46 2021]
rule filtering1:
    input: /datater/wu/data/MSSPE-basic/enterovirus/kmer15/intermediate/reverse3302-3806.Kmercount.sorted.txt
    output: /datater/wu/data/MSSPE-basic/enterovirus/kmer15/intermediate/reverse3302-3806.Kmercount.sorted.calculated.txt
    jobid: 107
    wildcards: sample=enterovirus, seg=3302-3806

[Tue Apr 27 14:26:51 2021]
Finished job 107.
29 of 162 steps (18%) done
Select jobs to execute...

[Tue Apr 27 14:26:51 2021]
rule calculateKmer_sort:
    input: /datater/wu/data/MSSPE-basic/enterovirus/kmer15/intermediate/reverse2794-3298.Kmercount.txt
    output: /datater/wu/data/MSSPE-basic/enterovirus/kmer15/intermediate/reverse2794-3298.Kmercount.sorted.txt
    jobid: 140
    wildcards: sample=enterovirus, seg=2794-3298

[Tue Apr 27 14:26:51 2021]
Finished job 140.
30 of 162 steps (19%) done
Select jobs to execute...

[Tue Apr 27 14:26:51 2021]
rule filtering1:
    input: /datater/wu/data/MSSPE-basic/enterovirus/kmer15/intermediate/reverse2794-3298.Kmercount.sorted.txt
    output: /datater/wu/data/MSSPE-basic/enterovirus/kmer15/intermediate/reverse2794-3298.Kmercount.sorted.calculated.txt
    jobid: 139
    wildcards: sample=enterovirus, seg=2794-3298

[Tue Apr 27 14:26:55 2021]
Finished job 139.
31 of 162 steps (19%) done
Select jobs to execute...

[Tue Apr 27 14:26:56 2021]
rule countKmer2:
    input: /datater/wu/data/MSSPE-basic/enterovirus/kmer15/intermediate/reverse3556-4060.jf
    output: /datater/wu/data/MSSPE-basic/enterovirus/kmer15/intermediate/reverse3556-4060.Kmercount.txt
    jobid: 129
    wildcards: sample=enterovirus, seg=3556-4060

[Tue Apr 27 14:26:56 2021]
Finished job 129.
32 of 162 steps (20%) done
Select jobs to execute...

[Tue Apr 27 14:26:56 2021]
rule calculateKmer_sort:
    input: /datater/wu/data/MSSPE-basic/enterovirus/kmer15/intermediate/reverse3556-4060.Kmercount.txt
    output: /datater/wu/data/MSSPE-basic/enterovirus/kmer15/intermediate/reverse3556-4060.Kmercount.sorted.txt
    jobid: 128
    wildcards: sample=enterovirus, seg=3556-4060

[Tue Apr 27 14:26:56 2021]
Finished job 128.
33 of 162 steps (20%) done
Select jobs to execute...

[Tue Apr 27 14:26:56 2021]
rule filtering1:
    input: /datater/wu/data/MSSPE-basic/enterovirus/kmer15/intermediate/reverse3556-4060.Kmercount.sorted.txt
    output: /datater/wu/data/MSSPE-basic/enterovirus/kmer15/intermediate/reverse3556-4060.Kmercount.sorted.calculated.txt
    jobid: 127
    wildcards: sample=enterovirus, seg=3556-4060

[Tue Apr 27 14:26:56 2021]
Finished job 151.
34 of 162 steps (21%) done
Select jobs to execute...

[Tue Apr 27 14:26:56 2021]
rule filtering1:
    input: /datater/wu/data/MSSPE-basic/enterovirus/kmer15/intermediate/reverse5588-6092.Kmercount.sorted.txt
    output: /datater/wu/data/MSSPE-basic/enterovirus/kmer15/intermediate/reverse5588-6092.Kmercount.sorted.calculated.txt
    jobid: 35
    wildcards: sample=enterovirus, seg=5588-6092

[Tue Apr 27 14:27:00 2021]
Finished job 127.
35 of 162 steps (22%) done
Select jobs to execute...

[Tue Apr 27 14:27:00 2021]
rule calculateKmer_sort:
    input: /datater/wu/data/MSSPE-basic/enterovirus/kmer15/intermediate/reverse5334-5838.Kmercount.txt
    output: /datater/wu/data/MSSPE-basic/enterovirus/kmer15/intermediate/reverse5334-5838.Kmercount.sorted.txt
    jobid: 148
    wildcards: sample=enterovirus, seg=5334-5838

[Tue Apr 27 14:27:00 2021]
Finished job 148.
36 of 162 steps (22%) done
Select jobs to execute...

[Tue Apr 27 14:27:00 2021]
rule filtering1:
    input: /datater/wu/data/MSSPE-basic/enterovirus/kmer15/intermediate/reverse5334-5838.Kmercount.sorted.txt
    output: /datater/wu/data/MSSPE-basic/enterovirus/kmer15/intermediate/reverse5334-5838.Kmercount.sorted.calculated.txt
    jobid: 147
    wildcards: sample=enterovirus, seg=5334-5838

[Tue Apr 27 14:27:01 2021]
Finished job 35.
37 of 162 steps (23%) done
Select jobs to execute...

[Tue Apr 27 14:27:02 2021]
rule filtering1:
    input: /datater/wu/data/MSSPE-basic/enterovirus/kmer15/intermediate/reverse1016-1520.Kmercount.sorted.txt
    output: /datater/wu/data/MSSPE-basic/enterovirus/kmer15/intermediate/reverse1016-1520.Kmercount.sorted.calculated.txt
    jobid: 59
    wildcards: sample=enterovirus, seg=1016-1520

[Tue Apr 27 14:27:03 2021]
Finished job 147.
38 of 162 steps (23%) done
Select jobs to execute...

[Tue Apr 27 14:27:03 2021]
rule calculateKmer_sort:
    input: /datater/wu/data/MSSPE-basic/enterovirus/kmer15/intermediate/reverse7620-8124.Kmercount.txt
    output: /datater/wu/data/MSSPE-basic/enterovirus/kmer15/intermediate/reverse7620-8124.Kmercount.sorted.txt
    jobid: 96
    wildcards: sample=enterovirus, seg=7620-8124

[Tue Apr 27 14:27:03 2021]
Finished job 96.
39 of 162 steps (24%) done
Select jobs to execute...

[Tue Apr 27 14:27:03 2021]
rule filtering1:
    input: /datater/wu/data/MSSPE-basic/enterovirus/kmer15/intermediate/reverse7620-8124.Kmercount.sorted.txt
    output: /datater/wu/data/MSSPE-basic/enterovirus/kmer15/intermediate/reverse7620-8124.Kmercount.sorted.calculated.txt
    jobid: 95
    wildcards: sample=enterovirus, seg=7620-8124

[Tue Apr 27 14:27:04 2021]
Finished job 59.
40 of 162 steps (25%) done
Select jobs to execute...

[Tue Apr 27 14:27:04 2021]
rule countKmer2:
    input: /datater/wu/data/MSSPE-basic/enterovirus/kmer15/intermediate/reverse4318-4822.jf
    output: /datater/wu/data/MSSPE-basic/enterovirus/kmer15/intermediate/reverse4318-4822.Kmercount.txt
    jobid: 145
    wildcards: sample=enterovirus, seg=4318-4822

[Tue Apr 27 14:27:04 2021]
Finished job 145.
41 of 162 steps (25%) done
Select jobs to execute...

[Tue Apr 27 14:27:04 2021]
rule calculateKmer_sort:
    input: /datater/wu/data/MSSPE-basic/enterovirus/kmer15/intermediate/reverse4318-4822.Kmercount.txt
    output: /datater/wu/data/MSSPE-basic/enterovirus/kmer15/intermediate/reverse4318-4822.Kmercount.sorted.txt
    jobid: 144
    wildcards: sample=enterovirus, seg=4318-4822

[Tue Apr 27 14:27:04 2021]
Finished job 144.
42 of 162 steps (26%) done
Select jobs to execute...

[Tue Apr 27 14:27:04 2021]
rule filtering1:
    input: /datater/wu/data/MSSPE-basic/enterovirus/kmer15/intermediate/reverse4318-4822.Kmercount.sorted.txt
    output: /datater/wu/data/MSSPE-basic/enterovirus/kmer15/intermediate/reverse4318-4822.Kmercount.sorted.calculated.txt
    jobid: 143
    wildcards: sample=enterovirus, seg=4318-4822

[Tue Apr 27 14:27:08 2021]
Finished job 95.
43 of 162 steps (27%) done
Select jobs to execute...

[Tue Apr 27 14:27:08 2021]
rule countKmer1:
    input: /datater/wu/data/MSSPE-basic/enterovirus/splitFiles/reverse1778-2282.fasta
    output: /datater/wu/data/MSSPE-basic/enterovirus/kmer15/intermediate/reverse1778-2282.jf
    jobid: 66
    wildcards: sample=enterovirus, seg=1778-2282

[Tue Apr 27 14:27:11 2021]
Finished job 143.
44 of 162 steps (27%) done
Select jobs to execute...

[Tue Apr 27 14:27:11 2021]
rule countKmer2:
    input: /datater/wu/data/MSSPE-basic/enterovirus/kmer15/intermediate/reverse762-1266.jf
    output: /datater/wu/data/MSSPE-basic/enterovirus/kmer15/intermediate/reverse762-1266.Kmercount.txt
    jobid: 25
    wildcards: sample=enterovirus, seg=762-1266

[Tue Apr 27 14:27:11 2021]
Finished job 25.
45 of 162 steps (28%) done
Select jobs to execute...

[Tue Apr 27 14:27:11 2021]
rule calculateKmer_sort:
    input: /datater/wu/data/MSSPE-basic/enterovirus/kmer15/intermediate/reverse762-1266.Kmercount.txt
    output: /datater/wu/data/MSSPE-basic/enterovirus/kmer15/intermediate/reverse762-1266.Kmercount.sorted.txt
    jobid: 24
    wildcards: sample=enterovirus, seg=762-1266

[Tue Apr 27 14:27:11 2021]
Finished job 24.
46 of 162 steps (28%) done
Select jobs to execute...

[Tue Apr 27 14:27:11 2021]
rule countKmer2:
    input: /datater/wu/data/MSSPE-basic/enterovirus/kmer15/intermediate/reverse254-758.jf
    output: /datater/wu/data/MSSPE-basic/enterovirus/kmer15/intermediate/reverse254-758.Kmercount.txt
    jobid: 77
    wildcards: sample=enterovirus, seg=254-758

[Tue Apr 27 14:27:11 2021]
Finished job 77.
47 of 162 steps (29%) done
Select jobs to execute...

[Tue Apr 27 14:27:11 2021]
rule calculateKmer_sort:
    input: /datater/wu/data/MSSPE-basic/enterovirus/kmer15/intermediate/reverse254-758.Kmercount.txt
    output: /datater/wu/data/MSSPE-basic/enterovirus/kmer15/intermediate/reverse254-758.Kmercount.sorted.txt
    jobid: 76
    wildcards: sample=enterovirus, seg=254-758

[Tue Apr 27 14:27:11 2021]
Finished job 76.
48 of 162 steps (30%) done
Select jobs to execute...

[Tue Apr 27 14:27:11 2021]
rule filtering1:
    input: /datater/wu/data/MSSPE-basic/enterovirus/kmer15/intermediate/reverse254-758.Kmercount.sorted.txt
    output: /datater/wu/data/MSSPE-basic/enterovirus/kmer15/intermediate/reverse254-758.Kmercount.sorted.calculated.txt
    jobid: 75
    wildcards: sample=enterovirus, seg=254-758

[Tue Apr 27 14:27:14 2021]
Finished job 75.
49 of 162 steps (30%) done
Select jobs to execute...

[Tue Apr 27 14:27:14 2021]
rule countKmer1:
    input: /datater/wu/data/MSSPE-basic/enterovirus/splitFiles/reverse3048-3552.fasta
    output: /datater/wu/data/MSSPE-basic/enterovirus/kmer15/intermediate/reverse3048-3552.jf
    jobid: 122
    wildcards: sample=enterovirus, seg=3048-3552

[Tue Apr 27 14:29:37 2021]
Finished job 46.
50 of 162 steps (31%) done
Select jobs to execute...

[Tue Apr 27 14:29:37 2021]
rule countKmer1:
    input: /datater/wu/data/MSSPE-basic/enterovirus/splitFiles/reverse5080-5584.fasta
    output: /datater/wu/data/MSSPE-basic/enterovirus/kmer15/intermediate/reverse5080-5584.jf
    jobid: 70
    wildcards: sample=enterovirus, seg=5080-5584

[Tue Apr 27 14:29:46 2021]
Finished job 30.
51 of 162 steps (31%) done
Select jobs to execute...

[Tue Apr 27 14:29:46 2021]
rule countKmer2:
    input: /datater/wu/data/MSSPE-basic/enterovirus/kmer15/intermediate/reverse7874-8378.jf
    output: /datater/wu/data/MSSPE-basic/enterovirus/kmer15/intermediate/reverse7874-8378.Kmercount.txt
    jobid: 85
    wildcards: sample=enterovirus, seg=7874-8378

[Tue Apr 27 14:29:46 2021]
Finished job 85.
52 of 162 steps (32%) done
Select jobs to execute...

[Tue Apr 27 14:29:46 2021]
rule filtering1:
    input: /datater/wu/data/MSSPE-basic/enterovirus/kmer15/intermediate/reverse762-1266.Kmercount.sorted.txt
    output: /datater/wu/data/MSSPE-basic/enterovirus/kmer15/intermediate/reverse762-1266.Kmercount.sorted.calculated.txt
    jobid: 23
    wildcards: sample=enterovirus, seg=762-1266

[Tue Apr 27 14:29:52 2021]
Finished job 23.
53 of 162 steps (33%) done
Select jobs to execute...

[Tue Apr 27 14:29:52 2021]
rule countKmer2:
    input: /datater/wu/data/MSSPE-basic/enterovirus/kmer15/intermediate/reverse2540-3044.jf
    output: /datater/wu/data/MSSPE-basic/enterovirus/kmer15/intermediate/reverse2540-3044.Kmercount.txt
    jobid: 29
    wildcards: sample=enterovirus, seg=2540-3044

[Tue Apr 27 14:29:52 2021]
Finished job 29.
54 of 162 steps (33%) done
Select jobs to execute...

[Tue Apr 27 14:29:52 2021]
rule countKmer2:
    input: /datater/wu/data/MSSPE-basic/enterovirus/kmer15/intermediate/reverse2032-2536.jf
    output: /datater/wu/data/MSSPE-basic/enterovirus/kmer15/intermediate/reverse2032-2536.Kmercount.txt
    jobid: 45
    wildcards: sample=enterovirus, seg=2032-2536

[Tue Apr 27 14:29:52 2021]
Finished job 45.
55 of 162 steps (34%) done
Select jobs to execute...

[Tue Apr 27 14:29:52 2021]
rule calculateKmer_sort:
    input: /datater/wu/data/MSSPE-basic/enterovirus/kmer15/intermediate/reverse7874-8378.Kmercount.txt
    output: /datater/wu/data/MSSPE-basic/enterovirus/kmer15/intermediate/reverse7874-8378.Kmercount.sorted.txt
    jobid: 84
    wildcards: sample=enterovirus, seg=7874-8378

[Tue Apr 27 14:29:52 2021]
Finished job 84.
56 of 162 steps (35%) done
Select jobs to execute...

[Tue Apr 27 14:29:52 2021]
rule calculateKmer_sort:
    input: /datater/wu/data/MSSPE-basic/enterovirus/kmer15/intermediate/reverse2540-3044.Kmercount.txt
    output: /datater/wu/data/MSSPE-basic/enterovirus/kmer15/intermediate/reverse2540-3044.Kmercount.sorted.txt
    jobid: 28
    wildcards: sample=enterovirus, seg=2540-3044

[Tue Apr 27 14:29:52 2021]
Finished job 28.
57 of 162 steps (35%) done
Select jobs to execute...

[Tue Apr 27 14:29:52 2021]
rule calculateKmer_sort:
    input: /datater/wu/data/MSSPE-basic/enterovirus/kmer15/intermediate/reverse2032-2536.Kmercount.txt
    output: /datater/wu/data/MSSPE-basic/enterovirus/kmer15/intermediate/reverse2032-2536.Kmercount.sorted.txt
    jobid: 44
    wildcards: sample=enterovirus, seg=2032-2536

[Tue Apr 27 14:29:52 2021]
Finished job 44.
58 of 162 steps (36%) done
Select jobs to execute...

[Tue Apr 27 14:29:52 2021]
rule filtering1:
    input: /datater/wu/data/MSSPE-basic/enterovirus/kmer15/intermediate/reverse7874-8378.Kmercount.sorted.txt
    output: /datater/wu/data/MSSPE-basic/enterovirus/kmer15/intermediate/reverse7874-8378.Kmercount.sorted.calculated.txt
    jobid: 83
    wildcards: sample=enterovirus, seg=7874-8378

[Tue Apr 27 14:29:58 2021]
Finished job 83.
59 of 162 steps (36%) done
Select jobs to execute...

[Tue Apr 27 14:29:58 2021]
rule filtering1:
    input: /datater/wu/data/MSSPE-basic/enterovirus/kmer15/intermediate/reverse2032-2536.Kmercount.sorted.txt
    output: /datater/wu/data/MSSPE-basic/enterovirus/kmer15/intermediate/reverse2032-2536.Kmercount.sorted.calculated.txt
    jobid: 43
    wildcards: sample=enterovirus, seg=2032-2536

[Tue Apr 27 14:30:00 2021]
Finished job 43.
60 of 162 steps (37%) done
Select jobs to execute...

[Tue Apr 27 14:30:00 2021]
rule filtering1:
    input: /datater/wu/data/MSSPE-basic/enterovirus/kmer15/intermediate/reverse2540-3044.Kmercount.sorted.txt
    output: /datater/wu/data/MSSPE-basic/enterovirus/kmer15/intermediate/reverse2540-3044.Kmercount.sorted.calculated.txt
    jobid: 27
    wildcards: sample=enterovirus, seg=2540-3044

[Tue Apr 27 14:30:04 2021]
Finished job 27.
61 of 162 steps (38%) done
[Tue Apr 27 14:32:25 2021]
Finished job 54.
62 of 162 steps (38%) done
Select jobs to execute...

[Tue Apr 27 14:32:25 2021]
rule countKmer2:
    input: /datater/wu/data/MSSPE-basic/enterovirus/kmer15/intermediate/reverse7366-7870.jf
    output: /datater/wu/data/MSSPE-basic/enterovirus/kmer15/intermediate/reverse7366-7870.Kmercount.txt
    jobid: 53
    wildcards: sample=enterovirus, seg=7366-7870

[Tue Apr 27 14:32:25 2021]
Finished job 53.
63 of 162 steps (39%) done
Select jobs to execute...

[Tue Apr 27 14:32:25 2021]
rule calculateKmer_sort:
    input: /datater/wu/data/MSSPE-basic/enterovirus/kmer15/intermediate/reverse7366-7870.Kmercount.txt
    output: /datater/wu/data/MSSPE-basic/enterovirus/kmer15/intermediate/reverse7366-7870.Kmercount.sorted.txt
    jobid: 52
    wildcards: sample=enterovirus, seg=7366-7870

[Tue Apr 27 14:32:25 2021]
Finished job 52.
64 of 162 steps (40%) done
Select jobs to execute...

[Tue Apr 27 14:32:25 2021]
rule filtering1:
    input: /datater/wu/data/MSSPE-basic/enterovirus/kmer15/intermediate/reverse7366-7870.Kmercount.sorted.txt
    output: /datater/wu/data/MSSPE-basic/enterovirus/kmer15/intermediate/reverse7366-7870.Kmercount.sorted.calculated.txt
    jobid: 51
    wildcards: sample=enterovirus, seg=7366-7870

[Tue Apr 27 14:32:28 2021]
Finished job 34.
65 of 162 steps (40%) done
Select jobs to execute...

[Tue Apr 27 14:32:28 2021]
rule countKmer2:
    input: /datater/wu/data/MSSPE-basic/enterovirus/kmer15/intermediate/reverse6350-6854.jf
    output: /datater/wu/data/MSSPE-basic/enterovirus/kmer15/intermediate/reverse6350-6854.Kmercount.txt
    jobid: 33
    wildcards: sample=enterovirus, seg=6350-6854

[Tue Apr 27 14:32:28 2021]
Finished job 33.
66 of 162 steps (41%) done
Select jobs to execute...

[Tue Apr 27 14:32:28 2021]
rule calculateKmer_sort:
    input: /datater/wu/data/MSSPE-basic/enterovirus/kmer15/intermediate/reverse6350-6854.Kmercount.txt
    output: /datater/wu/data/MSSPE-basic/enterovirus/kmer15/intermediate/reverse6350-6854.Kmercount.sorted.txt
    jobid: 32
    wildcards: sample=enterovirus, seg=6350-6854

[Tue Apr 27 14:32:28 2021]
Finished job 32.
67 of 162 steps (41%) done
Select jobs to execute...

[Tue Apr 27 14:32:29 2021]
rule filtering1:
    input: /datater/wu/data/MSSPE-basic/enterovirus/kmer15/intermediate/reverse6350-6854.Kmercount.sorted.txt
    output: /datater/wu/data/MSSPE-basic/enterovirus/kmer15/intermediate/reverse6350-6854.Kmercount.sorted.calculated.txt
    jobid: 31
    wildcards: sample=enterovirus, seg=6350-6854

[Tue Apr 27 14:32:30 2021]
Finished job 51.
68 of 162 steps (42%) done
[Tue Apr 27 14:32:34 2021]
Finished job 31.
69 of 162 steps (43%) done
[Tue Apr 27 14:32:35 2021]
Finished job 158.
70 of 162 steps (43%) done
Select jobs to execute...

[Tue Apr 27 14:32:35 2021]
rule countKmer2:
    input: /datater/wu/data/MSSPE-basic/enterovirus/kmer15/intermediate/reverse6858-7362.jf
    output: /datater/wu/data/MSSPE-basic/enterovirus/kmer15/intermediate/reverse6858-7362.Kmercount.txt
    jobid: 157
    wildcards: sample=enterovirus, seg=6858-7362

[Tue Apr 27 14:32:35 2021]
Finished job 157.
71 of 162 steps (44%) done
Select jobs to execute...

[Tue Apr 27 14:32:35 2021]
rule calculateKmer_sort:
    input: /datater/wu/data/MSSPE-basic/enterovirus/kmer15/intermediate/reverse6858-7362.Kmercount.txt
    output: /datater/wu/data/MSSPE-basic/enterovirus/kmer15/intermediate/reverse6858-7362.Kmercount.sorted.txt
    jobid: 156
    wildcards: sample=enterovirus, seg=6858-7362

[Tue Apr 27 14:32:35 2021]
Finished job 156.
72 of 162 steps (44%) done
Select jobs to execute...

[Tue Apr 27 14:32:35 2021]
rule filtering1:
    input: /datater/wu/data/MSSPE-basic/enterovirus/kmer15/intermediate/reverse6858-7362.Kmercount.sorted.txt
    output: /datater/wu/data/MSSPE-basic/enterovirus/kmer15/intermediate/reverse6858-7362.Kmercount.sorted.calculated.txt
    jobid: 155
    wildcards: sample=enterovirus, seg=6858-7362

[Tue Apr 27 14:32:40 2021]
Finished job 114.
73 of 162 steps (45%) done
Select jobs to execute...

[Tue Apr 27 14:32:40 2021]
rule countKmer2:
    input: /datater/wu/data/MSSPE-basic/enterovirus/kmer15/intermediate/reverse6604-7108.jf
    output: /datater/wu/data/MSSPE-basic/enterovirus/kmer15/intermediate/reverse6604-7108.Kmercount.txt
    jobid: 113
    wildcards: sample=enterovirus, seg=6604-7108

[Tue Apr 27 14:32:40 2021]
Finished job 113.
74 of 162 steps (46%) done
Select jobs to execute...

[Tue Apr 27 14:32:40 2021]
rule calculateKmer_sort:
    input: /datater/wu/data/MSSPE-basic/enterovirus/kmer15/intermediate/reverse6604-7108.Kmercount.txt
    output: /datater/wu/data/MSSPE-basic/enterovirus/kmer15/intermediate/reverse6604-7108.Kmercount.sorted.txt
    jobid: 112
    wildcards: sample=enterovirus, seg=6604-7108

[Tue Apr 27 14:32:40 2021]
Finished job 112.
75 of 162 steps (46%) done
Select jobs to execute...

[Tue Apr 27 14:32:40 2021]
rule filtering1:
    input: /datater/wu/data/MSSPE-basic/enterovirus/kmer15/intermediate/reverse6604-7108.Kmercount.sorted.txt
    output: /datater/wu/data/MSSPE-basic/enterovirus/kmer15/intermediate/reverse6604-7108.Kmercount.sorted.calculated.txt
    jobid: 111
    wildcards: sample=enterovirus, seg=6604-7108

[Tue Apr 27 14:32:41 2021]
Finished job 155.
76 of 162 steps (47%) done
[Tue Apr 27 14:32:42 2021]
Finished job 22.
77 of 162 steps (48%) done
Select jobs to execute...

[Tue Apr 27 14:32:42 2021]
rule countKmer2:
    input: /datater/wu/data/MSSPE-basic/enterovirus/kmer15/intermediate/reverse5842-6346.jf
    output: /datater/wu/data/MSSPE-basic/enterovirus/kmer15/intermediate/reverse5842-6346.Kmercount.txt
    jobid: 21
    wildcards: sample=enterovirus, seg=5842-6346

[Tue Apr 27 14:32:42 2021]
Finished job 21.
78 of 162 steps (48%) done
Select jobs to execute...

[Tue Apr 27 14:32:42 2021]
rule calculateKmer_sort:
    input: /datater/wu/data/MSSPE-basic/enterovirus/kmer15/intermediate/reverse5842-6346.Kmercount.txt
    output: /datater/wu/data/MSSPE-basic/enterovirus/kmer15/intermediate/reverse5842-6346.Kmercount.sorted.txt
    jobid: 20
    wildcards: sample=enterovirus, seg=5842-6346

[Tue Apr 27 14:32:42 2021]
Finished job 20.
79 of 162 steps (49%) done
Select jobs to execute...

[Tue Apr 27 14:32:42 2021]
rule filtering1:
    input: /datater/wu/data/MSSPE-basic/enterovirus/kmer15/intermediate/reverse5842-6346.Kmercount.sorted.txt
    output: /datater/wu/data/MSSPE-basic/enterovirus/kmer15/intermediate/reverse5842-6346.Kmercount.sorted.calculated.txt
    jobid: 19
    wildcards: sample=enterovirus, seg=5842-6346

[Tue Apr 27 14:32:45 2021]
Finished job 111.
80 of 162 steps (49%) done
[Tue Apr 27 14:32:48 2021]
Finished job 19.
81 of 162 steps (50%) done
[Tue Apr 27 14:34:32 2021]
Finished job 74.
82 of 162 steps (51%) done
Select jobs to execute...

[Tue Apr 27 14:34:32 2021]
rule countKmer2:
    input: /datater/wu/data/MSSPE-basic/enterovirus/kmer15/intermediate/reverse4572-5076.jf
    output: /datater/wu/data/MSSPE-basic/enterovirus/kmer15/intermediate/reverse4572-5076.Kmercount.txt
    jobid: 73
    wildcards: sample=enterovirus, seg=4572-5076

[Tue Apr 27 14:34:32 2021]
Finished job 73.
83 of 162 steps (51%) done
Select jobs to execute...

[Tue Apr 27 14:34:32 2021]
rule calculateKmer_sort:
    input: /datater/wu/data/MSSPE-basic/enterovirus/kmer15/intermediate/reverse4572-5076.Kmercount.txt
    output: /datater/wu/data/MSSPE-basic/enterovirus/kmer15/intermediate/reverse4572-5076.Kmercount.sorted.txt
    jobid: 72
    wildcards: sample=enterovirus, seg=4572-5076

[Tue Apr 27 14:34:32 2021]
Finished job 72.
84 of 162 steps (52%) done
Select jobs to execute...

[Tue Apr 27 14:34:32 2021]
rule filtering1:
    input: /datater/wu/data/MSSPE-basic/enterovirus/kmer15/intermediate/reverse4572-5076.Kmercount.sorted.txt
    output: /datater/wu/data/MSSPE-basic/enterovirus/kmer15/intermediate/reverse4572-5076.Kmercount.sorted.calculated.txt
    jobid: 71
    wildcards: sample=enterovirus, seg=4572-5076

[Tue Apr 27 14:34:33 2021]
Finished job 102.
85 of 162 steps (52%) done
Select jobs to execute...

[Tue Apr 27 14:34:33 2021]
rule countKmer2:
    input: /datater/wu/data/MSSPE-basic/enterovirus/kmer15/intermediate/reverse3810-4314.jf
    output: /datater/wu/data/MSSPE-basic/enterovirus/kmer15/intermediate/reverse3810-4314.Kmercount.txt
    jobid: 101
    wildcards: sample=enterovirus, seg=3810-4314

[Tue Apr 27 14:34:33 2021]
Finished job 101.
86 of 162 steps (53%) done
Select jobs to execute...

[Tue Apr 27 14:34:33 2021]
rule calculateKmer_sort:
    input: /datater/wu/data/MSSPE-basic/enterovirus/kmer15/intermediate/reverse3810-4314.Kmercount.txt
    output: /datater/wu/data/MSSPE-basic/enterovirus/kmer15/intermediate/reverse3810-4314.Kmercount.sorted.txt
    jobid: 100
    wildcards: sample=enterovirus, seg=3810-4314

[Tue Apr 27 14:34:33 2021]
Finished job 100.
87 of 162 steps (54%) done
Select jobs to execute...

[Tue Apr 27 14:34:33 2021]
rule filtering1:
    input: /datater/wu/data/MSSPE-basic/enterovirus/kmer15/intermediate/reverse3810-4314.Kmercount.sorted.txt
    output: /datater/wu/data/MSSPE-basic/enterovirus/kmer15/intermediate/reverse3810-4314.Kmercount.sorted.calculated.txt
    jobid: 99
    wildcards: sample=enterovirus, seg=3810-4314

[Tue Apr 27 14:34:33 2021]
Finished job 126.
88 of 162 steps (54%) done
Select jobs to execute...

[Tue Apr 27 14:34:33 2021]
rule countKmer2:
    input: /datater/wu/data/MSSPE-basic/enterovirus/kmer15/intermediate/reverse6096-6600.jf
    output: /datater/wu/data/MSSPE-basic/enterovirus/kmer15/intermediate/reverse6096-6600.Kmercount.txt
    jobid: 125
    wildcards: sample=enterovirus, seg=6096-6600

[Tue Apr 27 14:34:34 2021]
Finished job 125.
89 of 162 steps (55%) done
Select jobs to execute...

[Tue Apr 27 14:34:34 2021]
rule calculateKmer_sort:
    input: /datater/wu/data/MSSPE-basic/enterovirus/kmer15/intermediate/reverse6096-6600.Kmercount.txt
    output: /datater/wu/data/MSSPE-basic/enterovirus/kmer15/intermediate/reverse6096-6600.Kmercount.sorted.txt
    jobid: 124
    wildcards: sample=enterovirus, seg=6096-6600

[Tue Apr 27 14:34:34 2021]
Finished job 124.
90 of 162 steps (56%) done
Select jobs to execute...

[Tue Apr 27 14:34:34 2021]
rule filtering1:
    input: /datater/wu/data/MSSPE-basic/enterovirus/kmer15/intermediate/reverse6096-6600.Kmercount.sorted.txt
    output: /datater/wu/data/MSSPE-basic/enterovirus/kmer15/intermediate/reverse6096-6600.Kmercount.sorted.calculated.txt
    jobid: 123
    wildcards: sample=enterovirus, seg=6096-6600

[Tue Apr 27 14:34:36 2021]
Finished job 71.
91 of 162 steps (56%) done
[Tue Apr 27 14:34:36 2021]
Finished job 82.
92 of 162 steps (57%) done
Select jobs to execute...

[Tue Apr 27 14:34:36 2021]
rule countKmer2:
    input: /datater/wu/data/MSSPE-basic/enterovirus/kmer15/intermediate/reverse7112-7616.jf
    output: /datater/wu/data/MSSPE-basic/enterovirus/kmer15/intermediate/reverse7112-7616.Kmercount.txt
    jobid: 81
    wildcards: sample=enterovirus, seg=7112-7616

[Tue Apr 27 14:34:36 2021]
Finished job 81.
93 of 162 steps (57%) done
Select jobs to execute...

[Tue Apr 27 14:34:36 2021]
rule calculateKmer_sort:
    input: /datater/wu/data/MSSPE-basic/enterovirus/kmer15/intermediate/reverse7112-7616.Kmercount.txt
    output: /datater/wu/data/MSSPE-basic/enterovirus/kmer15/intermediate/reverse7112-7616.Kmercount.sorted.txt
    jobid: 80
    wildcards: sample=enterovirus, seg=7112-7616

[Tue Apr 27 14:34:36 2021]
Finished job 80.
94 of 162 steps (58%) done
Select jobs to execute...

[Tue Apr 27 14:34:36 2021]
rule filtering1:
    input: /datater/wu/data/MSSPE-basic/enterovirus/kmer15/intermediate/reverse7112-7616.Kmercount.sorted.txt
    output: /datater/wu/data/MSSPE-basic/enterovirus/kmer15/intermediate/reverse7112-7616.Kmercount.sorted.calculated.txt
    jobid: 79
    wildcards: sample=enterovirus, seg=7112-7616

[Tue Apr 27 14:34:36 2021]
Finished job 94.
95 of 162 steps (59%) done
Select jobs to execute...

[Tue Apr 27 14:34:36 2021]
rule countKmer2:
    input: /datater/wu/data/MSSPE-basic/enterovirus/kmer15/intermediate/reverse1270-1774.jf
    output: /datater/wu/data/MSSPE-basic/enterovirus/kmer15/intermediate/reverse1270-1774.Kmercount.txt
    jobid: 93
    wildcards: sample=enterovirus, seg=1270-1774

[Tue Apr 27 14:34:36 2021]
Finished job 93.
96 of 162 steps (59%) done
Select jobs to execute...

[Tue Apr 27 14:34:36 2021]
rule calculateKmer_sort:
    input: /datater/wu/data/MSSPE-basic/enterovirus/kmer15/intermediate/reverse1270-1774.Kmercount.txt
    output: /datater/wu/data/MSSPE-basic/enterovirus/kmer15/intermediate/reverse1270-1774.Kmercount.sorted.txt
    jobid: 92
    wildcards: sample=enterovirus, seg=1270-1774

[Tue Apr 27 14:34:36 2021]
Finished job 92.
97 of 162 steps (60%) done
Select jobs to execute...

[Tue Apr 27 14:34:36 2021]
rule filtering1:
    input: /datater/wu/data/MSSPE-basic/enterovirus/kmer15/intermediate/reverse1270-1774.Kmercount.sorted.txt
    output: /datater/wu/data/MSSPE-basic/enterovirus/kmer15/intermediate/reverse1270-1774.Kmercount.sorted.calculated.txt
    jobid: 91
    wildcards: sample=enterovirus, seg=1270-1774

[Tue Apr 27 14:34:38 2021]
Finished job 99.
98 of 162 steps (60%) done
[Tue Apr 27 14:34:39 2021]
Finished job 123.
99 of 162 steps (61%) done
[Tue Apr 27 14:34:41 2021]
Finished job 91.
100 of 162 steps (62%) done
[Tue Apr 27 14:34:41 2021]
Finished job 79.
101 of 162 steps (62%) done
[Tue Apr 27 14:34:57 2021]
Finished job 66.
102 of 162 steps (63%) done
Select jobs to execute...

[Tue Apr 27 14:34:57 2021]
rule countKmer2:
    input: /datater/wu/data/MSSPE-basic/enterovirus/kmer15/intermediate/reverse1778-2282.jf
    output: /datater/wu/data/MSSPE-basic/enterovirus/kmer15/intermediate/reverse1778-2282.Kmercount.txt
    jobid: 65
    wildcards: sample=enterovirus, seg=1778-2282

[Tue Apr 27 14:34:57 2021]
Finished job 65.
103 of 162 steps (64%) done
Select jobs to execute...

[Tue Apr 27 14:34:57 2021]
rule calculateKmer_sort:
    input: /datater/wu/data/MSSPE-basic/enterovirus/kmer15/intermediate/reverse1778-2282.Kmercount.txt
    output: /datater/wu/data/MSSPE-basic/enterovirus/kmer15/intermediate/reverse1778-2282.Kmercount.sorted.txt
    jobid: 64
    wildcards: sample=enterovirus, seg=1778-2282

[Tue Apr 27 14:34:57 2021]
Finished job 64.
104 of 162 steps (64%) done
Select jobs to execute...

[Tue Apr 27 14:34:57 2021]
rule filtering1:
    input: /datater/wu/data/MSSPE-basic/enterovirus/kmer15/intermediate/reverse1778-2282.Kmercount.sorted.txt
    output: /datater/wu/data/MSSPE-basic/enterovirus/kmer15/intermediate/reverse1778-2282.Kmercount.sorted.calculated.txt
    jobid: 63
    wildcards: sample=enterovirus, seg=1778-2282

[Tue Apr 27 14:35:01 2021]
Finished job 63.
105 of 162 steps (65%) done
[Tue Apr 27 14:35:03 2021]
Finished job 122.
106 of 162 steps (65%) done
Select jobs to execute...

[Tue Apr 27 14:35:03 2021]
rule countKmer2:
    input: /datater/wu/data/MSSPE-basic/enterovirus/kmer15/intermediate/reverse3048-3552.jf
    output: /datater/wu/data/MSSPE-basic/enterovirus/kmer15/intermediate/reverse3048-3552.Kmercount.txt
    jobid: 121
    wildcards: sample=enterovirus, seg=3048-3552

[Tue Apr 27 14:35:03 2021]
Finished job 121.
107 of 162 steps (66%) done
Select jobs to execute...

[Tue Apr 27 14:35:03 2021]
rule calculateKmer_sort:
    input: /datater/wu/data/MSSPE-basic/enterovirus/kmer15/intermediate/reverse3048-3552.Kmercount.txt
    output: /datater/wu/data/MSSPE-basic/enterovirus/kmer15/intermediate/reverse3048-3552.Kmercount.sorted.txt
    jobid: 120
    wildcards: sample=enterovirus, seg=3048-3552

[Tue Apr 27 14:35:03 2021]
Finished job 120.
108 of 162 steps (67%) done
Select jobs to execute...

[Tue Apr 27 14:35:03 2021]
rule filtering1:
    input: /datater/wu/data/MSSPE-basic/enterovirus/kmer15/intermediate/reverse3048-3552.Kmercount.sorted.txt
    output: /datater/wu/data/MSSPE-basic/enterovirus/kmer15/intermediate/reverse3048-3552.Kmercount.sorted.calculated.txt
    jobid: 119
    wildcards: sample=enterovirus, seg=3048-3552

[Tue Apr 27 14:35:08 2021]
Finished job 119.
109 of 162 steps (67%) done
[Tue Apr 27 14:38:54 2021]
Finished job 162.
110 of 162 steps (68%) done
Select jobs to execute...

[Tue Apr 27 14:38:54 2021]
rule countKmer2:
    input: /datater/wu/data/MSSPE-basic/enterovirus/kmer15/intermediate/reverse8128-8632.jf
    output: /datater/wu/data/MSSPE-basic/enterovirus/kmer15/intermediate/reverse8128-8632.Kmercount.txt
    jobid: 161
    wildcards: sample=enterovirus, seg=8128-8632

[Tue Apr 27 14:38:54 2021]
Finished job 161.
111 of 162 steps (69%) done
Select jobs to execute...

[Tue Apr 27 14:38:54 2021]
rule calculateKmer_sort:
    input: /datater/wu/data/MSSPE-basic/enterovirus/kmer15/intermediate/reverse8128-8632.Kmercount.txt
    output: /datater/wu/data/MSSPE-basic/enterovirus/kmer15/intermediate/reverse8128-8632.Kmercount.sorted.txt
    jobid: 160
    wildcards: sample=enterovirus, seg=8128-8632

[Tue Apr 27 14:38:54 2021]
Finished job 160.
112 of 162 steps (69%) done
Select jobs to execute...

[Tue Apr 27 14:38:54 2021]
rule filtering1:
    input: /datater/wu/data/MSSPE-basic/enterovirus/kmer15/intermediate/reverse8128-8632.Kmercount.sorted.txt
    output: /datater/wu/data/MSSPE-basic/enterovirus/kmer15/intermediate/reverse8128-8632.Kmercount.sorted.calculated.txt
    jobid: 159
    wildcards: sample=enterovirus, seg=8128-8632

[Tue Apr 27 14:38:56 2021]
Finished job 159.
113 of 162 steps (70%) done
[Tue Apr 27 14:41:17 2021]
Finished job 70.
114 of 162 steps (70%) done
Select jobs to execute...

[Tue Apr 27 14:41:18 2021]
rule countKmer2:
    input: /datater/wu/data/MSSPE-basic/enterovirus/kmer15/intermediate/reverse5080-5584.jf
    output: /datater/wu/data/MSSPE-basic/enterovirus/kmer15/intermediate/reverse5080-5584.Kmercount.txt
    jobid: 69
    wildcards: sample=enterovirus, seg=5080-5584

[Tue Apr 27 14:41:18 2021]
Finished job 69.
115 of 162 steps (71%) done
Select jobs to execute...

[Tue Apr 27 14:41:18 2021]
rule calculateKmer_sort:
    input: /datater/wu/data/MSSPE-basic/enterovirus/kmer15/intermediate/reverse5080-5584.Kmercount.txt
    output: /datater/wu/data/MSSPE-basic/enterovirus/kmer15/intermediate/reverse5080-5584.Kmercount.sorted.txt
    jobid: 68
    wildcards: sample=enterovirus, seg=5080-5584

[Tue Apr 27 14:41:18 2021]
Finished job 68.
116 of 162 steps (72%) done
Select jobs to execute...

[Tue Apr 27 14:41:18 2021]
rule filtering1:
    input: /datater/wu/data/MSSPE-basic/enterovirus/kmer15/intermediate/reverse5080-5584.Kmercount.sorted.txt
    output: /datater/wu/data/MSSPE-basic/enterovirus/kmer15/intermediate/reverse5080-5584.Kmercount.sorted.calculated.txt
    jobid: 67
    wildcards: sample=enterovirus, seg=5080-5584

[Tue Apr 27 14:41:26 2021]
Finished job 67.
117 of 162 steps (72%) done
[Tue Apr 27 14:43:17 2021]
Finished job 18.
118 of 162 steps (73%) done
Select jobs to execute...

[Tue Apr 27 14:43:18 2021]
rule countKmer2:
    input: /datater/wu/data/MSSPE-basic/enterovirus/kmer15/intermediate/reverse9144-9374.jf
    output: /datater/wu/data/MSSPE-basic/enterovirus/kmer15/intermediate/reverse9144-9374.Kmercount.txt
    jobid: 17
    wildcards: sample=enterovirus, seg=9144-9374

[Tue Apr 27 14:43:18 2021]
Finished job 17.
119 of 162 steps (73%) done
Select jobs to execute...

[Tue Apr 27 14:43:18 2021]
rule calculateKmer_sort:
    input: /datater/wu/data/MSSPE-basic/enterovirus/kmer15/intermediate/reverse9144-9374.Kmercount.txt
    output: /datater/wu/data/MSSPE-basic/enterovirus/kmer15/intermediate/reverse9144-9374.Kmercount.sorted.txt
    jobid: 16
    wildcards: sample=enterovirus, seg=9144-9374

[Tue Apr 27 14:43:18 2021]
Finished job 16.
120 of 162 steps (74%) done
Select jobs to execute...

[Tue Apr 27 14:43:18 2021]
rule filtering1:
    input: /datater/wu/data/MSSPE-basic/enterovirus/kmer15/intermediate/reverse9144-9374.Kmercount.sorted.txt
    output: /datater/wu/data/MSSPE-basic/enterovirus/kmer15/intermediate/reverse9144-9374.Kmercount.sorted.calculated.txt
    jobid: 15
    wildcards: sample=enterovirus, seg=9144-9374

[Tue Apr 27 14:43:20 2021]
Finished job 15.
121 of 162 steps (75%) done
[Tue Apr 27 14:43:26 2021]
Finished job 138.
122 of 162 steps (75%) done
Select jobs to execute...

[Tue Apr 27 14:43:26 2021]
rule countKmer2:
    input: /datater/wu/data/MSSPE-basic/enterovirus/kmer15/intermediate/reverse0-504.jf
    output: /datater/wu/data/MSSPE-basic/enterovirus/kmer15/intermediate/reverse0-504.Kmercount.txt
    jobid: 137
    wildcards: sample=enterovirus, seg=0-504

[Tue Apr 27 14:43:26 2021]
Finished job 137.
123 of 162 steps (76%) done
Select jobs to execute...

[Tue Apr 27 14:43:26 2021]
rule calculateKmer_sort:
    input: /datater/wu/data/MSSPE-basic/enterovirus/kmer15/intermediate/reverse0-504.Kmercount.txt
    output: /datater/wu/data/MSSPE-basic/enterovirus/kmer15/intermediate/reverse0-504.Kmercount.sorted.txt
    jobid: 136
    wildcards: sample=enterovirus, seg=0-504

[Tue Apr 27 14:43:26 2021]
Finished job 136.
124 of 162 steps (77%) done
Select jobs to execute...

[Tue Apr 27 14:43:26 2021]
rule filtering1:
    input: /datater/wu/data/MSSPE-basic/enterovirus/kmer15/intermediate/reverse0-504.Kmercount.sorted.txt
    output: /datater/wu/data/MSSPE-basic/enterovirus/kmer15/intermediate/reverse0-504.Kmercount.sorted.calculated.txt
    jobid: 135
    wildcards: sample=enterovirus, seg=0-504

[Tue Apr 27 14:43:27 2021]
Finished job 106.
125 of 162 steps (77%) done
Select jobs to execute...

[Tue Apr 27 14:43:27 2021]
rule countKmer2:
    input: /datater/wu/data/MSSPE-basic/enterovirus/kmer15/intermediate/reverse4064-4568.jf
    output: /datater/wu/data/MSSPE-basic/enterovirus/kmer15/intermediate/reverse4064-4568.Kmercount.txt
    jobid: 105
    wildcards: sample=enterovirus, seg=4064-4568

[Tue Apr 27 14:43:27 2021]
Finished job 105.
126 of 162 steps (78%) done
Select jobs to execute...

[Tue Apr 27 14:43:27 2021]
rule calculateKmer_sort:
    input: /datater/wu/data/MSSPE-basic/enterovirus/kmer15/intermediate/reverse4064-4568.Kmercount.txt
    output: /datater/wu/data/MSSPE-basic/enterovirus/kmer15/intermediate/reverse4064-4568.Kmercount.sorted.txt
    jobid: 104
    wildcards: sample=enterovirus, seg=4064-4568

[Tue Apr 27 14:43:27 2021]
Finished job 104.
127 of 162 steps (78%) done
Select jobs to execute...

[Tue Apr 27 14:43:27 2021]
rule filtering1:
    input: /datater/wu/data/MSSPE-basic/enterovirus/kmer15/intermediate/reverse4064-4568.Kmercount.sorted.txt
    output: /datater/wu/data/MSSPE-basic/enterovirus/kmer15/intermediate/reverse4064-4568.Kmercount.sorted.calculated.txt
    jobid: 103
    wildcards: sample=enterovirus, seg=4064-4568

[Tue Apr 27 14:43:29 2021]
Finished job 103.
128 of 162 steps (79%) done
[Tue Apr 27 14:43:30 2021]
Finished job 135.
129 of 162 steps (80%) done
[Tue Apr 27 14:43:49 2021]
Finished job 90.
130 of 162 steps (80%) done
Select jobs to execute...

[Tue Apr 27 14:43:49 2021]
rule countKmer2:
    input: /datater/wu/data/MSSPE-basic/enterovirus/kmer15/intermediate/reverse1524-2028.jf
    output: /datater/wu/data/MSSPE-basic/enterovirus/kmer15/intermediate/reverse1524-2028.Kmercount.txt
    jobid: 89
    wildcards: sample=enterovirus, seg=1524-2028

[Tue Apr 27 14:43:49 2021]
Finished job 89.
131 of 162 steps (81%) done
Select jobs to execute...

[Tue Apr 27 14:43:49 2021]
rule calculateKmer_sort:
    input: /datater/wu/data/MSSPE-basic/enterovirus/kmer15/intermediate/reverse1524-2028.Kmercount.txt
    output: /datater/wu/data/MSSPE-basic/enterovirus/kmer15/intermediate/reverse1524-2028.Kmercount.sorted.txt
    jobid: 88
    wildcards: sample=enterovirus, seg=1524-2028

[Tue Apr 27 14:43:49 2021]
Finished job 88.
132 of 162 steps (81%) done
Select jobs to execute...

[Tue Apr 27 14:43:49 2021]
rule filtering1:
    input: /datater/wu/data/MSSPE-basic/enterovirus/kmer15/intermediate/reverse1524-2028.Kmercount.sorted.txt
    output: /datater/wu/data/MSSPE-basic/enterovirus/kmer15/intermediate/reverse1524-2028.Kmercount.sorted.calculated.txt
    jobid: 87
    wildcards: sample=enterovirus, seg=1524-2028

[Tue Apr 27 14:43:52 2021]
Finished job 87.
133 of 162 steps (82%) done
[Tue Apr 27 14:43:54 2021]
Finished job 42.
134 of 162 steps (83%) done
Select jobs to execute...

[Tue Apr 27 14:43:54 2021]
rule countKmer2:
    input: /datater/wu/data/MSSPE-basic/enterovirus/kmer15/intermediate/reverse8636-9140.jf
    output: /datater/wu/data/MSSPE-basic/enterovirus/kmer15/intermediate/reverse8636-9140.Kmercount.txt
    jobid: 41
    wildcards: sample=enterovirus, seg=8636-9140

[Tue Apr 27 14:43:54 2021]
Finished job 41.
135 of 162 steps (83%) done
Select jobs to execute...

[Tue Apr 27 14:43:55 2021]
rule calculateKmer_sort:
    input: /datater/wu/data/MSSPE-basic/enterovirus/kmer15/intermediate/reverse8636-9140.Kmercount.txt
    output: /datater/wu/data/MSSPE-basic/enterovirus/kmer15/intermediate/reverse8636-9140.Kmercount.sorted.txt
    jobid: 40
    wildcards: sample=enterovirus, seg=8636-9140

[Tue Apr 27 14:43:55 2021]
Finished job 40.
136 of 162 steps (84%) done
Select jobs to execute...

[Tue Apr 27 14:43:55 2021]
rule filtering1:
    input: /datater/wu/data/MSSPE-basic/enterovirus/kmer15/intermediate/reverse8636-9140.Kmercount.sorted.txt
    output: /datater/wu/data/MSSPE-basic/enterovirus/kmer15/intermediate/reverse8636-9140.Kmercount.sorted.calculated.txt
    jobid: 39
    wildcards: sample=enterovirus, seg=8636-9140

[Tue Apr 27 14:43:56 2021]
Finished job 39.
137 of 162 steps (85%) done
[Tue Apr 27 14:46:17 2021]
Finished job 134.
138 of 162 steps (85%) done
Select jobs to execute...

[Tue Apr 27 14:46:17 2021]
rule countKmer2:
    input: /datater/wu/data/MSSPE-basic/enterovirus/kmer15/intermediate/reverse4826-5330.jf
    output: /datater/wu/data/MSSPE-basic/enterovirus/kmer15/intermediate/reverse4826-5330.Kmercount.txt
    jobid: 133
    wildcards: sample=enterovirus, seg=4826-5330

[Tue Apr 27 14:46:17 2021]
Finished job 133.
139 of 162 steps (86%) done
Select jobs to execute...

[Tue Apr 27 14:46:17 2021]
rule calculateKmer_sort:
    input: /datater/wu/data/MSSPE-basic/enterovirus/kmer15/intermediate/reverse4826-5330.Kmercount.txt
    output: /datater/wu/data/MSSPE-basic/enterovirus/kmer15/intermediate/reverse4826-5330.Kmercount.sorted.txt
    jobid: 132
    wildcards: sample=enterovirus, seg=4826-5330

[Tue Apr 27 14:46:18 2021]
Finished job 132.
140 of 162 steps (86%) done
Select jobs to execute...

[Tue Apr 27 14:46:18 2021]
rule filtering1:
    input: /datater/wu/data/MSSPE-basic/enterovirus/kmer15/intermediate/reverse4826-5330.Kmercount.sorted.txt
    output: /datater/wu/data/MSSPE-basic/enterovirus/kmer15/intermediate/reverse4826-5330.Kmercount.sorted.calculated.txt
    jobid: 131
    wildcards: sample=enterovirus, seg=4826-5330

[Tue Apr 27 14:46:22 2021]
Finished job 131.
141 of 162 steps (87%) done
[Tue Apr 27 14:47:34 2021]
Finished job 118.
142 of 162 steps (88%) done
Select jobs to execute...

[Tue Apr 27 14:47:35 2021]
rule countKmer2:
    input: /datater/wu/data/MSSPE-basic/enterovirus/kmer15/intermediate/reverse8382-8886.jf
    output: /datater/wu/data/MSSPE-basic/enterovirus/kmer15/intermediate/reverse8382-8886.Kmercount.txt
    jobid: 117
    wildcards: sample=enterovirus, seg=8382-8886

[Tue Apr 27 14:47:35 2021]
Finished job 117.
143 of 162 steps (88%) done
Select jobs to execute...

[Tue Apr 27 14:47:35 2021]
rule calculateKmer_sort:
    input: /datater/wu/data/MSSPE-basic/enterovirus/kmer15/intermediate/reverse8382-8886.Kmercount.txt
    output: /datater/wu/data/MSSPE-basic/enterovirus/kmer15/intermediate/reverse8382-8886.Kmercount.sorted.txt
    jobid: 116
    wildcards: sample=enterovirus, seg=8382-8886

[Tue Apr 27 14:47:35 2021]
Finished job 116.
144 of 162 steps (89%) done
Select jobs to execute...

[Tue Apr 27 14:47:35 2021]
rule filtering1:
    input: /datater/wu/data/MSSPE-basic/enterovirus/kmer15/intermediate/reverse8382-8886.Kmercount.sorted.txt
    output: /datater/wu/data/MSSPE-basic/enterovirus/kmer15/intermediate/reverse8382-8886.Kmercount.sorted.calculated.txt
    jobid: 115
    wildcards: sample=enterovirus, seg=8382-8886

[Tue Apr 27 14:47:37 2021]
Finished job 115.
145 of 162 steps (90%) done
[Tue Apr 27 14:47:46 2021]
Finished job 58.
146 of 162 steps (90%) done
Select jobs to execute...

[Tue Apr 27 14:47:46 2021]
rule countKmer2:
    input: /datater/wu/data/MSSPE-basic/enterovirus/kmer15/intermediate/reverse508-1012.jf
    output: /datater/wu/data/MSSPE-basic/enterovirus/kmer15/intermediate/reverse508-1012.Kmercount.txt
    jobid: 57
    wildcards: sample=enterovirus, seg=508-1012

[Tue Apr 27 14:47:46 2021]
Finished job 57.
147 of 162 steps (91%) done
Select jobs to execute...

[Tue Apr 27 14:47:47 2021]
rule calculateKmer_sort:
    input: /datater/wu/data/MSSPE-basic/enterovirus/kmer15/intermediate/reverse508-1012.Kmercount.txt
    output: /datater/wu/data/MSSPE-basic/enterovirus/kmer15/intermediate/reverse508-1012.Kmercount.sorted.txt
    jobid: 56
    wildcards: sample=enterovirus, seg=508-1012

[Tue Apr 27 14:47:47 2021]
Finished job 56.
148 of 162 steps (91%) done
Select jobs to execute...

[Tue Apr 27 14:47:47 2021]
rule filtering1:
    input: /datater/wu/data/MSSPE-basic/enterovirus/kmer15/intermediate/reverse508-1012.Kmercount.sorted.txt
    output: /datater/wu/data/MSSPE-basic/enterovirus/kmer15/intermediate/reverse508-1012.Kmercount.sorted.calculated.txt
    jobid: 55
    wildcards: sample=enterovirus, seg=508-1012

[Tue Apr 27 14:47:48 2021]
Finished job 55.
149 of 162 steps (92%) done
[Tue Apr 27 14:47:56 2021]
Finished job 50.
150 of 162 steps (93%) done
Select jobs to execute...

[Tue Apr 27 14:47:56 2021]
rule countKmer2:
    input: /datater/wu/data/MSSPE-basic/enterovirus/kmer15/intermediate/reverse8890-9374.jf
    output: /datater/wu/data/MSSPE-basic/enterovirus/kmer15/intermediate/reverse8890-9374.Kmercount.txt
    jobid: 49
    wildcards: sample=enterovirus, seg=8890-9374

[Tue Apr 27 14:47:56 2021]
Finished job 49.
151 of 162 steps (93%) done
Select jobs to execute...

[Tue Apr 27 14:47:56 2021]
rule calculateKmer_sort:
    input: /datater/wu/data/MSSPE-basic/enterovirus/kmer15/intermediate/reverse8890-9374.Kmercount.txt
    output: /datater/wu/data/MSSPE-basic/enterovirus/kmer15/intermediate/reverse8890-9374.Kmercount.sorted.txt
    jobid: 48
    wildcards: sample=enterovirus, seg=8890-9374

[Tue Apr 27 14:47:56 2021]
Finished job 48.
152 of 162 steps (94%) done
Select jobs to execute...

[Tue Apr 27 14:47:57 2021]
rule filtering1:
    input: /datater/wu/data/MSSPE-basic/enterovirus/kmer15/intermediate/reverse8890-9374.Kmercount.sorted.txt
    output: /datater/wu/data/MSSPE-basic/enterovirus/kmer15/intermediate/reverse8890-9374.Kmercount.sorted.calculated.txt
    jobid: 47
    wildcards: sample=enterovirus, seg=8890-9374

[Tue Apr 27 14:47:58 2021]
Finished job 47.
153 of 162 steps (94%) done
Select jobs to execute...

[Tue Apr 27 14:47:58 2021]
rule filtering2:
    input: /datater/wu/data/MSSPE-basic/enterovirus/kmer15/intermediate/reverse9144-9374.Kmercount.sorted.calculated.txt, /datater/wu/data/MSSPE-basic/enterovirus/kmer15/intermediate/reverse5842-6346.Kmercount.sorted.calculated.txt, /datater/wu/data/MSSPE-basic/enterovirus/kmer15/intermediate/reverse762-1266.Kmercount.sorted.calculated.txt, /datater/wu/data/MSSPE-basic/enterovirus/kmer15/intermediate/reverse2540-3044.Kmercount.sorted.calculated.txt, /datater/wu/data/MSSPE-basic/enterovirus/kmer15/intermediate/reverse6350-6854.Kmercount.sorted.calculated.txt, /datater/wu/data/MSSPE-basic/enterovirus/kmer15/intermediate/reverse5588-6092.Kmercount.sorted.calculated.txt, /datater/wu/data/MSSPE-basic/enterovirus/kmer15/intermediate/reverse8636-9140.Kmercount.sorted.calculated.txt, /datater/wu/data/MSSPE-basic/enterovirus/kmer15/intermediate/reverse2032-2536.Kmercount.sorted.calculated.txt, /datater/wu/data/MSSPE-basic/enterovirus/kmer15/intermediate/reverse8890-9374.Kmercount.sorted.calculated.txt, /datater/wu/data/MSSPE-basic/enterovirus/kmer15/intermediate/reverse7366-7870.Kmercount.sorted.calculated.txt, /datater/wu/data/MSSPE-basic/enterovirus/kmer15/intermediate/reverse508-1012.Kmercount.sorted.calculated.txt, /datater/wu/data/MSSPE-basic/enterovirus/kmer15/intermediate/reverse1016-1520.Kmercount.sorted.calculated.txt, /datater/wu/data/MSSPE-basic/enterovirus/kmer15/intermediate/reverse1778-2282.Kmercount.sorted.calculated.txt, /datater/wu/data/MSSPE-basic/enterovirus/kmer15/intermediate/reverse5080-5584.Kmercount.sorted.calculated.txt, /datater/wu/data/MSSPE-basic/enterovirus/kmer15/intermediate/reverse4572-5076.Kmercount.sorted.calculated.txt, /datater/wu/data/MSSPE-basic/enterovirus/kmer15/intermediate/reverse254-758.Kmercount.sorted.calculated.txt, /datater/wu/data/MSSPE-basic/enterovirus/kmer15/intermediate/reverse7112-7616.Kmercount.sorted.calculated.txt, /datater/wu/data/MSSPE-basic/enterovirus/kmer15/intermediate/reverse7874-8378.Kmercount.sorted.calculated.txt, /datater/wu/data/MSSPE-basic/enterovirus/kmer15/intermediate/reverse1524-2028.Kmercount.sorted.calculated.txt, /datater/wu/data/MSSPE-basic/enterovirus/kmer15/intermediate/reverse1270-1774.Kmercount.sorted.calculated.txt, /datater/wu/data/MSSPE-basic/enterovirus/kmer15/intermediate/reverse7620-8124.Kmercount.sorted.calculated.txt, /datater/wu/data/MSSPE-basic/enterovirus/kmer15/intermediate/reverse3810-4314.Kmercount.sorted.calculated.txt, /datater/wu/data/MSSPE-basic/enterovirus/kmer15/intermediate/reverse4064-4568.Kmercount.sorted.calculated.txt, /datater/wu/data/MSSPE-basic/enterovirus/kmer15/intermediate/reverse3302-3806.Kmercount.sorted.calculated.txt, /datater/wu/data/MSSPE-basic/enterovirus/kmer15/intermediate/reverse6604-7108.Kmercount.sorted.calculated.txt, /datater/wu/data/MSSPE-basic/enterovirus/kmer15/intermediate/reverse8382-8886.Kmercount.sorted.calculated.txt, /datater/wu/data/MSSPE-basic/enterovirus/kmer15/intermediate/reverse3048-3552.Kmercount.sorted.calculated.txt, /datater/wu/data/MSSPE-basic/enterovirus/kmer15/intermediate/reverse6096-6600.Kmercount.sorted.calculated.txt, /datater/wu/data/MSSPE-basic/enterovirus/kmer15/intermediate/reverse3556-4060.Kmercount.sorted.calculated.txt, /datater/wu/data/MSSPE-basic/enterovirus/kmer15/intermediate/reverse4826-5330.Kmercount.sorted.calculated.txt, /datater/wu/data/MSSPE-basic/enterovirus/kmer15/intermediate/reverse0-504.Kmercount.sorted.calculated.txt, /datater/wu/data/MSSPE-basic/enterovirus/kmer15/intermediate/reverse2794-3298.Kmercount.sorted.calculated.txt, /datater/wu/data/MSSPE-basic/enterovirus/kmer15/intermediate/reverse4318-4822.Kmercount.sorted.calculated.txt, /datater/wu/data/MSSPE-basic/enterovirus/kmer15/intermediate/reverse5334-5838.Kmercount.sorted.calculated.txt, /datater/wu/data/MSSPE-basic/enterovirus/kmer15/intermediate/reverse2286-2790.Kmercount.sorted.calculated.txt, /datater/wu/data/MSSPE-basic/enterovirus/kmer15/intermediate/reverse6858-7362.Kmercount.sorted.calculated.txt, /datater/wu/data/MSSPE-basic/enterovirus/kmer15/intermediate/reverse8128-8632.Kmercount.sorted.calculated.txt
    output: /datater/wu/data/MSSPE-basic/enterovirus/kmer15/allKmercount.sorted.calculated.txt
    jobid: 3
    wildcards: sample=enterovirus

[Tue Apr 27 14:47:58 2021]
Finished job 3.
154 of 162 steps (95%) done
Select jobs to execute...

[Tue Apr 27 14:47:58 2021]
rule filtering3:
    input: /datater/wu/data/MSSPE-basic/enterovirus/kmer15/allKmercount.sorted.calculated.txt
    output: /datater/wu/data/MSSPE-basic/enterovirus/kmer15/allKmerCount.sorted.calculated.filtered.txt
    jobid: 5
    wildcards: sample=enterovirus

[Tue Apr 27 14:48:02 2021]
Finished job 5.
155 of 162 steps (96%) done
Select jobs to execute...

[Tue Apr 27 14:48:02 2021]
rule specific1:
    input: /datater/wu/data/MSSPE-basic/enterovirus/kmer15/allKmerCount.sorted.calculated.filtered.txt
    output: /datater/wu/data/MSSPE-basic/enterovirus/kmer15/intermediate/allKmerCount.sorted.calculated.filtered.fasta
    jobid: 6
    wildcards: sample=enterovirus

[Tue Apr 27 14:48:03 2021]
Finished job 6.
156 of 162 steps (96%) done
Select jobs to execute...

[Tue Apr 27 14:48:03 2021]
rule specific3:
    input: /datater/wu/data/MSSPE-basic/enterovirus/kmer15/intermediate/allKmerCount.sorted.calculated.filtered.fasta, /datater/wu/data/RefSeqProkaryota/RefSeqProkaryota.DB.1.ebwt, /datater/wu/data/RefSeqProkaryota/RefSeqProkaryota.DB.2.ebwt, /datater/wu/data/RefSeqProkaryota/RefSeqProkaryota.DB.3.ebwt, /datater/wu/data/RefSeqProkaryota/RefSeqProkaryota.DB.4.ebwt, /datater/wu/data/RefSeqProkaryota/RefSeqProkaryota.DB.rev.1.ebwt, /datater/wu/data/RefSeqProkaryota/RefSeqProkaryota.DB.rev.2.ebwt
    output: /datater/wu/data/MSSPE-basic/enterovirus/kmer15/intermediate/allKmerCount.sorted.calculated.filtered.bowtie
    jobid: 8
    wildcards: sample=enterovirus

[Tue Apr 27 14:48:04 2021]
Finished job 8.
157 of 162 steps (97%) done
Select jobs to execute...

[Tue Apr 27 14:48:04 2021]
rule specific4:
    input: /datater/wu/data/MSSPE-basic/enterovirus/kmer15/intermediate/allKmerCount.sorted.calculated.filtered.bowtie, /datater/wu/data/MSSPE-basic/enterovirus/kmer15/allKmerCount.sorted.calculated.filtered.txt
    output: /datater/wu/data/MSSPE-basic/enterovirus/kmer15/allKmerCount.sorted.calculated.filtered.spec.txt
    jobid: 9
    wildcards: sample=enterovirus

[Tue Apr 27 14:48:08 2021]
Finished job 9.
158 of 162 steps (98%) done
Select jobs to execute...

[Tue Apr 27 14:48:08 2021]
rule checkHeterodimer:
    input: /datater/wu/data/MSSPE-basic/enterovirus/kmer15/allKmerCount.sorted.calculated.filtered.spec.txt
    output: /datater/wu/data/MSSPE-basic/enterovirus/kmer15/allOligo.set
    jobid: 10
    wildcards: sample=enterovirus

[Tue Apr 27 14:48:12 2021]
Finished job 10.
159 of 162 steps (98%) done
Select jobs to execute...

[Tue Apr 27 14:48:12 2021]
rule evaluation3:
    input: /datater/wu/data/MSSPE-basic/enterovirus/kmer15/allKmercount.sorted.calculated.txt, /datater/wu/data/MSSPE-basic/enterovirus/kmer15/allKmerCount.sorted.calculated.filtered.txt, /datater/wu/data/MSSPE-basic/enterovirus/kmer15/allKmerCount.sorted.calculated.filtered.spec.txt, /datater/wu/data/MSSPE-basic/enterovirus/kmer15/allOligo.set
    output: /datater/wu/data/MSSPE-basic/enterovirus/kmer15/evaluation/allOligo_before.tsv, /datater/wu/data/MSSPE-basic/enterovirus/kmer15/evaluation/allOligo_after1.tsv, /datater/wu/data/MSSPE-basic/enterovirus/kmer15/evaluation/allOligo_after2.tsv, /datater/wu/data/MSSPE-basic/enterovirus/kmer15/evaluation/allOligo_after3.tsv
    jobid: 13
    wildcards: sample=enterovirus

[Tue Apr 27 14:48:12 2021]
rule evaluation2:
    input: /datater/wu/data/MSSPE-basic/enterovirus/kmer15/allOligo.set, /datater/wu/data/MSSPE-basic/enterovirus/kmer15/intermediate/aceID-taxID-species.tsv
    output: /datater/wu/data/MSSPE-basic/enterovirus/kmer15/evaluation/allOligo.set.coverage
    jobid: 12
    wildcards: sample=enterovirus

[Tue Apr 27 14:48:15 2021]
Finished job 13.
160 of 162 steps (99%) done
[Tue Apr 27 14:48:17 2021]
Finished job 12.
161 of 162 steps (99%) done
Select jobs to execute...

[Tue Apr 27 14:48:17 2021]
localrule all:
    input: /datater/wu/data/MSSPE-basic/enterovirus/enterovirus.uniq, /datater/wu/data/MSSPE-basic/enterovirus/enterovirus.msa, /datater/wu/data/MSSPE-basic/enterovirus/kmer15/allKmercount.sorted.calculated.txt, /datater/wu/data/MSSPE-basic/enterovirus/kmer15/allKmerCount.sorted.calculated.filtered.txt, /datater/wu/data/MSSPE-basic/enterovirus/kmer15/intermediate/allKmerCount.sorted.calculated.filtered.fasta, /datater/wu/data/RefSeqProkaryota/RefSeqProkaryota.DB.1.ebwt, /datater/wu/data/RefSeqProkaryota/RefSeqProkaryota.DB.2.ebwt, /datater/wu/data/RefSeqProkaryota/RefSeqProkaryota.DB.3.ebwt, /datater/wu/data/RefSeqProkaryota/RefSeqProkaryota.DB.4.ebwt, /datater/wu/data/RefSeqProkaryota/RefSeqProkaryota.DB.rev.1.ebwt, /datater/wu/data/RefSeqProkaryota/RefSeqProkaryota.DB.rev.2.ebwt, /datater/wu/data/MSSPE-basic/enterovirus/kmer15/intermediate/allKmerCount.sorted.calculated.filtered.bowtie, /datater/wu/data/MSSPE-basic/enterovirus/kmer15/allKmerCount.sorted.calculated.filtered.spec.txt, /datater/wu/data/MSSPE-basic/enterovirus/kmer15/allOligo.set, /datater/wu/data/MSSPE-basic/enterovirus/kmer15/intermediate/aceID-taxID-species.tsv, /datater/wu/data/MSSPE-basic/enterovirus/kmer15/evaluation/allOligo.set.coverage, /datater/wu/data/MSSPE-basic/enterovirus/kmer15/evaluation/allOligo_before.tsv, /datater/wu/data/MSSPE-basic/enterovirus/kmer15/evaluation/allOligo_after1.tsv, /datater/wu/data/MSSPE-basic/enterovirus/kmer15/evaluation/allOligo_after2.tsv, /datater/wu/data/MSSPE-basic/enterovirus/kmer15/evaluation/allOligo_after3.tsv
    jobid: 0

[Tue Apr 27 14:48:17 2021]
Finished job 0.
162 of 162 steps (100%) done
Complete log: /datater/wu/MSSPE/.snakemake/log/2021-04-27T141413.030941.snakemake.log
