Building DAG of jobs...
Using shell: /bin/bash
Provided cores: 12
Rules claiming more threads will be scaled down.
Conda environments: ignored
Job counts:
	count	jobs
	1	all
	2	checkHeterodimer
	3
Select jobs to execute...

[Thu Apr 22 18:19:08 2021]
rule checkHeterodimer:
    input: /datater/wu/data/MSSPE-variant/enterovirus/enterovirus0.99.msa, /datater/wu/data/MSSPE-variant/enterovirus/kmer15/intermediate/allKmerCount.sorted.calculated.filtered.spec.position
    output: /datater/wu/data/MSSPE-variant/enterovirus/kmer15/allOligo.set
    jobid: 32
    wildcards: sample=enterovirus

[Thu Apr 22 18:19:08 2021]
rule checkHeterodimer:
    input: /datater/wu/data/MSSPE-variant/zika/zika0.99.msa, /datater/wu/data/MSSPE-variant/zika/kmer15/intermediate/allKmerCount.sorted.calculated.filtered.spec.position
    output: /datater/wu/data/MSSPE-variant/zika/kmer15/allOligo.set
    jobid: 33
    wildcards: sample=zika

[Thu Apr 22 18:19:11 2021]
Finished job 33.
1 of 3 steps (33%) done
[Thu Apr 22 18:19:13 2021]
Finished job 32.
2 of 3 steps (67%) done
Select jobs to execute...

[Thu Apr 22 18:19:13 2021]
localrule all:
    input: /datater/wu/data/MSSPE-variant/enterovirus/enterovirus.uniq, /datater/wu/data/MSSPE-variant/zika/zika.uniq, /datater/wu/data/MSSPE-variant/enterovirus/kmer15/intermediate/allKmerCount.jf, /datater/wu/data/MSSPE-variant/zika/kmer15/intermediate/allKmerCount.jf, /datater/wu/data/MSSPE-variant/enterovirus/kmer15/intermediate/allKmerCount.txt, /datater/wu/data/MSSPE-variant/zika/kmer15/intermediate/allKmerCount.txt, /datater/wu/data/MSSPE-variant/enterovirus/kmer15/intermediate/allKmerCount.sorted.txt, /datater/wu/data/MSSPE-variant/zika/kmer15/intermediate/allKmerCount.sorted.txt, /datater/wu/data/MSSPE-variant/enterovirus/kmer15/allKmerCount.sorted.calculated.txt, /datater/wu/data/MSSPE-variant/zika/kmer15/allKmerCount.sorted.calculated.txt, /datater/wu/data/MSSPE-variant/enterovirus/kmer15/allKmerCount.sorted.calculated.filtered.txt, /datater/wu/data/MSSPE-variant/zika/kmer15/allKmerCount.sorted.calculated.filtered.txt, /datater/wu/data/MSSPE-variant/enterovirus/kmer15/intermediate/allKmerCount.sorted.calculated.filtered.fasta, /datater/wu/data/MSSPE-variant/zika/kmer15/intermediate/allKmerCount.sorted.calculated.filtered.fasta, /datater/wu/data/RefSeqProkaryota/RefSeqProkaryota.DB.1.ebwt, /datater/wu/data/RefSeqProkaryota/RefSeqProkaryota.DB.2.ebwt, /datater/wu/data/RefSeqProkaryota/RefSeqProkaryota.DB.3.ebwt, /datater/wu/data/RefSeqProkaryota/RefSeqProkaryota.DB.4.ebwt, /datater/wu/data/RefSeqProkaryota/RefSeqProkaryota.DB.rev.1.ebwt, /datater/wu/data/RefSeqProkaryota/RefSeqProkaryota.DB.rev.2.ebwt, /datater/wu/data/MSSPE-variant/enterovirus/kmer15/intermediate/allKmerCount.sorted.calculated.filtered.bowtie, /datater/wu/data/MSSPE-variant/zika/kmer15/intermediate/allKmerCount.sorted.calculated.filtered.bowtie, /datater/wu/data/MSSPE-variant/enterovirus/kmer15/allKmerCount.sorted.calculated.filtered.spec.txt, /datater/wu/data/MSSPE-variant/zika/kmer15/allKmerCount.sorted.calculated.filtered.spec.txt, /datater/wu/data/MSSPE-variant/enterovirus/enterovirus0.99.uniq, /datater/wu/data/MSSPE-variant/zika/zika0.99.uniq, /datater/wu/data/MSSPE-variant/enterovirus/enterovirus0.99.msa, /datater/wu/data/MSSPE-variant/zika/zika0.99.msa, /datater/wu/data/MSSPE-variant/enterovirus/kmer15/intermediate/allKmerCount.sorted.calculated.filtered.spec.fasta, /datater/wu/data/MSSPE-variant/zika/kmer15/intermediate/allKmerCount.sorted.calculated.filtered.spec.fasta, /datater/wu/data/MSSPE-variant/enterovirus/enterovirus0.99.msa.DB.1.ebwt, /datater/wu/data/MSSPE-variant/enterovirus/enterovirus0.99.msa.DB.2.ebwt, /datater/wu/data/MSSPE-variant/enterovirus/enterovirus0.99.msa.DB.3.ebwt, /datater/wu/data/MSSPE-variant/enterovirus/enterovirus0.99.msa.DB.4.ebwt, /datater/wu/data/MSSPE-variant/enterovirus/enterovirus0.99.msa.DB.rev.1.ebwt, /datater/wu/data/MSSPE-variant/enterovirus/enterovirus0.99.msa.DB.rev.2.ebwt, /datater/wu/data/MSSPE-variant/zika/zika0.99.msa.DB.1.ebwt, /datater/wu/data/MSSPE-variant/zika/zika0.99.msa.DB.2.ebwt, /datater/wu/data/MSSPE-variant/zika/zika0.99.msa.DB.3.ebwt, /datater/wu/data/MSSPE-variant/zika/zika0.99.msa.DB.4.ebwt, /datater/wu/data/MSSPE-variant/zika/zika0.99.msa.DB.rev.1.ebwt, /datater/wu/data/MSSPE-variant/zika/zika0.99.msa.DB.rev.2.ebwt, /datater/wu/data/MSSPE-variant/enterovirus/kmer15/intermediate/allKmerCount.sorted.calculated.filtered.spec.bowtie, /datater/wu/data/MSSPE-variant/zika/kmer15/intermediate/allKmerCount.sorted.calculated.filtered.spec.bowtie, /datater/wu/data/MSSPE-variant/enterovirus/kmer15/intermediate/allKmerCount.sorted.calculated.filtered.spec.position, /datater/wu/data/MSSPE-variant/zika/kmer15/intermediate/allKmerCount.sorted.calculated.filtered.spec.position, /datater/wu/data/MSSPE-variant/enterovirus/kmer15/allOligo.set, /datater/wu/data/MSSPE-variant/zika/kmer15/allOligo.set
    jobid: 0

[Thu Apr 22 18:19:13 2021]
Finished job 0.
3 of 3 steps (100%) done
Complete log: /datater/wu/MSSPE/.snakemake/log/2021-04-22T181907.922083.snakemake.log
