Building DAG of jobs...
Using shell: /bin/bash
Provided cores: 12
Rules claiming more threads will be scaled down.
Conda environments: ignored
Job counts:
	count	jobs
	2	MSA
	1	all
	2	checkHeterodimer
	2	evaluation2
	2	filtering2
	2	filtering3
	2	specific1
	2	specific3
	2	specific4
	2	splitIntoOverlappingWindows
	19
Select jobs to execute...

[Fri Apr 23 15:09:57 2021]
rule MSA:
    input: /datater/wu/data/MSSPE-basic/enterovirus/enterovirus.uniq
    output: /datater/wu/data/MSSPE-basic/enterovirus/enterovirus.msa
    log: /datater/wu/data/MSSPE-basic/enterovirus/log/mafft.log
    jobid: 3
    wildcards: sample=enterovirus


[Fri Apr 23 15:09:57 2021]
rule MSA:
    input: /datater/wu/data/MSSPE-basic/zika/zika.uniq
    output: /datater/wu/data/MSSPE-basic/zika/zika.msa
    log: /datater/wu/data/MSSPE-basic/zika/log/mafft.log
    jobid: 4
    wildcards: sample=zika

[Fri Apr 23 15:10:26 2021]
Finished job 4.
1 of 19 steps (5%) done
Select jobs to execute...

[Fri Apr 23 15:10:26 2021]
checkpoint splitIntoOverlappingWindows:
    input: /datater/wu/data/MSSPE-basic/zika/zika.msa
    output: /datater/wu/data/MSSPE-basic/zika/splitFiles
    jobid: 8
    wildcards: sample=zika
Downstream jobs will be updated after completion.

Updating job filtering2.
[Fri Apr 23 15:10:28 2021]
Finished job 8.
2 of 191 steps (1%) done
Select jobs to execute...

[Fri Apr 23 15:10:29 2021]
rule countKmer1:
    input: /datater/wu/data/MSSPE-basic/zika/splitFiles/reverse10542-10780.fasta
    output: /datater/wu/data/MSSPE-basic/zika/kmer15/intermediate/reverse10542-10780.jf
    jobid: 32
    wildcards: sample=zika, seg=10542-10780


[Fri Apr 23 15:10:29 2021]
rule countKmer1:
    input: /datater/wu/data/MSSPE-basic/zika/splitFiles/reverse5271-5772.fasta
    output: /datater/wu/data/MSSPE-basic/zika/kmer15/intermediate/reverse5271-5772.jf
    jobid: 68
    wildcards: sample=zika, seg=5271-5772


[Fri Apr 23 15:10:29 2021]
rule countKmer1:
    input: /datater/wu/data/MSSPE-basic/zika/splitFiles/reverse7279-7780.fasta
    output: /datater/wu/data/MSSPE-basic/zika/kmer15/intermediate/reverse7279-7780.jf
    jobid: 188
    wildcards: sample=zika, seg=7279-7780


[Fri Apr 23 15:10:29 2021]
rule countKmer1:
    input: /datater/wu/data/MSSPE-basic/zika/splitFiles/reverse10291-10780.fasta
    output: /datater/wu/data/MSSPE-basic/zika/kmer15/intermediate/reverse10291-10780.jf
    jobid: 76
    wildcards: sample=zika, seg=10291-10780


[Fri Apr 23 15:10:29 2021]
rule countKmer1:
    input: /datater/wu/data/MSSPE-basic/zika/splitFiles/reverse2510-3011.fasta
    output: /datater/wu/data/MSSPE-basic/zika/kmer15/intermediate/reverse2510-3011.jf
    jobid: 196
    wildcards: sample=zika, seg=2510-3011


[Fri Apr 23 15:10:29 2021]
rule countKmer1:
    input: /datater/wu/data/MSSPE-basic/zika/splitFiles/reverse7530-8031.fasta
    output: /datater/wu/data/MSSPE-basic/zika/kmer15/intermediate/reverse7530-8031.jf
    jobid: 172
    wildcards: sample=zika, seg=7530-8031


[Fri Apr 23 15:10:29 2021]
rule countKmer1:
    input: /datater/wu/data/MSSPE-basic/zika/splitFiles/reverse7028-7529.fasta
    output: /datater/wu/data/MSSPE-basic/zika/kmer15/intermediate/reverse7028-7529.jf
    jobid: 60
    wildcards: sample=zika, seg=7028-7529


[Fri Apr 23 15:10:29 2021]
rule countKmer1:
    input: /datater/wu/data/MSSPE-basic/zika/splitFiles/reverse5522-6023.fasta
    output: /datater/wu/data/MSSPE-basic/zika/kmer15/intermediate/reverse5522-6023.jf
    jobid: 112
    wildcards: sample=zika, seg=5522-6023


[Fri Apr 23 15:10:29 2021]
rule countKmer1:
    input: /datater/wu/data/MSSPE-basic/zika/splitFiles/reverse1255-1756.fasta
    output: /datater/wu/data/MSSPE-basic/zika/kmer15/intermediate/reverse1255-1756.jf
    jobid: 52
    wildcards: sample=zika, seg=1255-1756


[Fri Apr 23 15:10:29 2021]
rule countKmer1:
    input: /datater/wu/data/MSSPE-basic/zika/splitFiles/reverse1004-1505.fasta
    output: /datater/wu/data/MSSPE-basic/zika/kmer15/intermediate/reverse1004-1505.jf
    jobid: 120
    wildcards: sample=zika, seg=1004-1505


[Fri Apr 23 15:10:29 2021]
rule countKmer1:
    input: /datater/wu/data/MSSPE-basic/zika/splitFiles/reverse4518-5019.fasta
    output: /datater/wu/data/MSSPE-basic/zika/kmer15/intermediate/reverse4518-5019.jf
    jobid: 180
    wildcards: sample=zika, seg=4518-5019

[Fri Apr 23 15:19:25 2021]
Finished job 3.
3 of 191 steps (2%) done
Select jobs to execute...

[Fri Apr 23 15:19:26 2021]
rule countKmer1:
    input: /datater/wu/data/MSSPE-basic/zika/splitFiles/reverse8534-9035.fasta
    output: /datater/wu/data/MSSPE-basic/zika/kmer15/intermediate/reverse8534-9035.jf
    jobid: 96
    wildcards: sample=zika, seg=8534-9035

[Fri Apr 23 15:29:55 2021]
Finished job 180.
4 of 191 steps (2%) done
Select jobs to execute...

[Fri Apr 23 15:29:55 2021]
rule countKmer1:
    input: /datater/wu/data/MSSPE-basic/zika/splitFiles/reverse6275-6776.fasta
    output: /datater/wu/data/MSSPE-basic/zika/kmer15/intermediate/reverse6275-6776.jf
    jobid: 156
    wildcards: sample=zika, seg=6275-6776

[Fri Apr 23 15:30:06 2021]
Finished job 32.
5 of 191 steps (3%) done
Select jobs to execute...

[Fri Apr 23 15:30:06 2021]
rule countKmer1:
    input: /datater/wu/data/MSSPE-basic/zika/splitFiles/reverse2259-2760.fasta
    output: /datater/wu/data/MSSPE-basic/zika/kmer15/intermediate/reverse2259-2760.jf
    jobid: 44
    wildcards: sample=zika, seg=2259-2760

[Fri Apr 23 15:32:26 2021]
Finished job 196.
6 of 191 steps (3%) done
Select jobs to execute...

[Fri Apr 23 15:32:26 2021]
rule countKmer1:
    input: /datater/wu/data/MSSPE-basic/zika/splitFiles/reverse9036-9537.fasta
    output: /datater/wu/data/MSSPE-basic/zika/kmer15/intermediate/reverse9036-9537.jf
    jobid: 104
    wildcards: sample=zika, seg=9036-9537

[Fri Apr 23 15:32:33 2021]
Finished job 68.
7 of 191 steps (4%) done
Select jobs to execute...

[Fri Apr 23 15:32:33 2021]
rule countKmer1:
    input: /datater/wu/data/MSSPE-basic/zika/splitFiles/reverse2008-2509.fasta
    output: /datater/wu/data/MSSPE-basic/zika/kmer15/intermediate/reverse2008-2509.jf
    jobid: 164
    wildcards: sample=zika, seg=2008-2509

[Fri Apr 23 15:32:34 2021]
Finished job 172.
8 of 191 steps (4%) done
Select jobs to execute...

[Fri Apr 23 15:32:35 2021]
rule countKmer2:
    input: /datater/wu/data/MSSPE-basic/zika/kmer15/intermediate/reverse4518-5019.jf
    output: /datater/wu/data/MSSPE-basic/zika/kmer15/intermediate/reverse4518-5019.Kmercount.txt
    jobid: 179
    wildcards: sample=zika, seg=4518-5019

[Fri Apr 23 15:32:35 2021]
Finished job 179.
9 of 191 steps (5%) done
Select jobs to execute...

[Fri Apr 23 15:32:35 2021]
rule countKmer1:
    input: /datater/wu/data/MSSPE-basic/zika/splitFiles/reverse1506-2007.fasta
    output: /datater/wu/data/MSSPE-basic/zika/kmer15/intermediate/reverse1506-2007.jf
    jobid: 36
    wildcards: sample=zika, seg=1506-2007

[Fri Apr 23 15:32:44 2021]
Finished job 112.
10 of 191 steps (5%) done
Select jobs to execute...

[Fri Apr 23 15:32:44 2021]
rule countKmer2:
    input: /datater/wu/data/MSSPE-basic/zika/kmer15/intermediate/reverse7530-8031.jf
    output: /datater/wu/data/MSSPE-basic/zika/kmer15/intermediate/reverse7530-8031.Kmercount.txt
    jobid: 171
    wildcards: sample=zika, seg=7530-8031

[Fri Apr 23 15:32:44 2021]
Finished job 171.
11 of 191 steps (6%) done
Select jobs to execute...

[Fri Apr 23 15:32:44 2021]
rule calculateKmer_sort:
    input: /datater/wu/data/MSSPE-basic/zika/kmer15/intermediate/reverse7530-8031.Kmercount.txt
    output: /datater/wu/data/MSSPE-basic/zika/kmer15/intermediate/reverse7530-8031.Kmercount.sorted.txt
    jobid: 170
    wildcards: sample=zika, seg=7530-8031

[Fri Apr 23 15:32:44 2021]
Finished job 170.
12 of 191 steps (6%) done
Select jobs to execute...

[Fri Apr 23 15:32:44 2021]
rule calculateKmer_sort:
    input: /datater/wu/data/MSSPE-basic/zika/kmer15/intermediate/reverse4518-5019.Kmercount.txt
    output: /datater/wu/data/MSSPE-basic/zika/kmer15/intermediate/reverse4518-5019.Kmercount.sorted.txt
    jobid: 178
    wildcards: sample=zika, seg=4518-5019

[Fri Apr 23 15:32:44 2021]
Finished job 178.
13 of 191 steps (7%) done
Select jobs to execute...

[Fri Apr 23 15:32:44 2021]
rule countKmer1:
    input: /datater/wu/data/MSSPE-basic/zika/splitFiles/reverse5020-5521.fasta
    output: /datater/wu/data/MSSPE-basic/zika/kmer15/intermediate/reverse5020-5521.jf
    jobid: 148
    wildcards: sample=zika, seg=5020-5521

[Fri Apr 23 15:32:45 2021]
Finished job 76.
14 of 191 steps (7%) done
Select jobs to execute...

[Fri Apr 23 15:32:45 2021]
rule countKmer2:
    input: /datater/wu/data/MSSPE-basic/zika/kmer15/intermediate/reverse5522-6023.jf
    output: /datater/wu/data/MSSPE-basic/zika/kmer15/intermediate/reverse5522-6023.Kmercount.txt
    jobid: 111
    wildcards: sample=zika, seg=5522-6023

[Fri Apr 23 15:32:45 2021]
Finished job 111.
15 of 191 steps (8%) done
Select jobs to execute...

[Fri Apr 23 15:32:45 2021]
rule calculateKmer_sort:
    input: /datater/wu/data/MSSPE-basic/zika/kmer15/intermediate/reverse5522-6023.Kmercount.txt
    output: /datater/wu/data/MSSPE-basic/zika/kmer15/intermediate/reverse5522-6023.Kmercount.sorted.txt
    jobid: 110
    wildcards: sample=zika, seg=5522-6023

[Fri Apr 23 15:32:45 2021]
Finished job 110.
16 of 191 steps (8%) done
Select jobs to execute...

[Fri Apr 23 15:32:45 2021]
rule countKmer1:
    input: /datater/wu/data/MSSPE-basic/zika/splitFiles/reverse502-1003.fasta
    output: /datater/wu/data/MSSPE-basic/zika/kmer15/intermediate/reverse502-1003.jf
    jobid: 88
    wildcards: sample=zika, seg=502-1003

[Fri Apr 23 15:33:11 2021]
Finished job 188.
17 of 191 steps (9%) done
Select jobs to execute...

[Fri Apr 23 15:33:11 2021]
rule countKmer2:
    input: /datater/wu/data/MSSPE-basic/zika/kmer15/intermediate/reverse7279-7780.jf
    output: /datater/wu/data/MSSPE-basic/zika/kmer15/intermediate/reverse7279-7780.Kmercount.txt
    jobid: 187
    wildcards: sample=zika, seg=7279-7780

[Fri Apr 23 15:33:11 2021]
Finished job 187.
18 of 191 steps (9%) done
Select jobs to execute...

[Fri Apr 23 15:33:11 2021]
rule calculateKmer_sort:
    input: /datater/wu/data/MSSPE-basic/zika/kmer15/intermediate/reverse7279-7780.Kmercount.txt
    output: /datater/wu/data/MSSPE-basic/zika/kmer15/intermediate/reverse7279-7780.Kmercount.sorted.txt
    jobid: 186
    wildcards: sample=zika, seg=7279-7780

[Fri Apr 23 15:33:11 2021]
Finished job 186.
19 of 191 steps (10%) done
Select jobs to execute...

[Fri Apr 23 15:33:11 2021]
rule filtering1:
    input: /datater/wu/data/MSSPE-basic/zika/kmer15/intermediate/reverse7279-7780.Kmercount.sorted.txt
    output: /datater/wu/data/MSSPE-basic/zika/kmer15/intermediate/reverse7279-7780.Kmercount.sorted.calculated.txt
    jobid: 185
    wildcards: sample=zika, seg=7279-7780

Removing output files of failed job filtering1 since they might be corrupted:
/datater/wu/data/MSSPE-basic/zika/kmer15/intermediate/reverse7279-7780.Kmercount.sorted.calculated.txt
[Fri Apr 23 15:33:17 2021]
Finished job 60.
20 of 191 steps (10%) done
[Fri Apr 23 15:33:17 2021]
Finished job 52.
21 of 191 steps (11%) done
[Fri Apr 23 15:33:28 2021]
Finished job 120.
22 of 191 steps (12%) done
Terminating processes on user request, this might take some time.
[Fri Apr 23 15:36:18 2021]
Error in rule countKmer1:
    jobid: 88
    output: /datater/wu/data/MSSPE-basic/zika/kmer15/intermediate/reverse502-1003.jf
    shell:
        
        jellyfish count         -m 15         -s 3G         -t 12         -o /datater/wu/data/MSSPE-basic/zika/kmer15/intermediate/reverse502-1003.jf /datater/wu/data/MSSPE-basic/zika/splitFiles/reverse502-1003.fasta
        
        (one of the commands exited with non-zero exit code; note that snakemake uses bash strict mode!)

Removing output files of failed job countKmer1 since they might be corrupted:
/datater/wu/data/MSSPE-basic/zika/kmer15/intermediate/reverse502-1003.jf
[Fri Apr 23 15:36:18 2021]
Error in rule countKmer1:
    jobid: 148
    output: /datater/wu/data/MSSPE-basic/zika/kmer15/intermediate/reverse5020-5521.jf
    shell:
        
        jellyfish count         -m 15         -s 3G         -t 12         -o /datater/wu/data/MSSPE-basic/zika/kmer15/intermediate/reverse5020-5521.jf /datater/wu/data/MSSPE-basic/zika/splitFiles/reverse5020-5521.fasta
        
        (one of the commands exited with non-zero exit code; note that snakemake uses bash strict mode!)

Removing output files of failed job countKmer1 since they might be corrupted:
/datater/wu/data/MSSPE-basic/zika/kmer15/intermediate/reverse5020-5521.jf
[Fri Apr 23 15:36:18 2021]
Error in rule countKmer1:
    jobid: 164
    output: /datater/wu/data/MSSPE-basic/zika/kmer15/intermediate/reverse2008-2509.jf
    shell:
        
        jellyfish count         -m 15         -s 3G         -t 12         -o /datater/wu/data/MSSPE-basic/zika/kmer15/intermediate/reverse2008-2509.jf /datater/wu/data/MSSPE-basic/zika/splitFiles/reverse2008-2509.fasta
        
        (one of the commands exited with non-zero exit code; note that snakemake uses bash strict mode!)

Removing output files of failed job countKmer1 since they might be corrupted:
/datater/wu/data/MSSPE-basic/zika/kmer15/intermediate/reverse2008-2509.jf
[Fri Apr 23 15:36:18 2021]
[Fri Apr 23 15:36:18 2021]
Error in rule countKmer1:
Error in rule countKmer1:
    jobid: 44
    jobid: 36
    output: /datater/wu/data/MSSPE-basic/zika/kmer15/intermediate/reverse2259-2760.jf
    output: /datater/wu/data/MSSPE-basic/zika/kmer15/intermediate/reverse1506-2007.jf
    shell:
        
        jellyfish count         -m 15         -s 3G         -t 12         -o /datater/wu/data/MSSPE-basic/zika/kmer15/intermediate/reverse2259-2760.jf /datater/wu/data/MSSPE-basic/zika/splitFiles/reverse2259-2760.fasta
        
        (one of the commands exited with non-zero exit code; note that snakemake uses bash strict mode!)
[Fri Apr 23 15:36:18 2021]
    shell:
        
        jellyfish count         -m 15         -s 3G         -t 12         -o /datater/wu/data/MSSPE-basic/zika/kmer15/intermediate/reverse1506-2007.jf /datater/wu/data/MSSPE-basic/zika/splitFiles/reverse1506-2007.fasta
        
        (one of the commands exited with non-zero exit code; note that snakemake uses bash strict mode!)

Error in rule countKmer1:

Removing output files of failed job countKmer1 since they might be corrupted:
/datater/wu/data/MSSPE-basic/zika/kmer15/intermediate/reverse2259-2760.jf
    jobid: 156
    output: /datater/wu/data/MSSPE-basic/zika/kmer15/intermediate/reverse6275-6776.jf
    shell:
        
        jellyfish count         -m 15         -s 3G         -t 12         -o /datater/wu/data/MSSPE-basic/zika/kmer15/intermediate/reverse6275-6776.jf /datater/wu/data/MSSPE-basic/zika/splitFiles/reverse6275-6776.fasta
        
        (one of the commands exited with non-zero exit code; note that snakemake uses bash strict mode!)

Removing output files of failed job countKmer1 since they might be corrupted:
/datater/wu/data/MSSPE-basic/zika/kmer15/intermediate/reverse1506-2007.jf
Removing output files of failed job countKmer1 since they might be corrupted:
/datater/wu/data/MSSPE-basic/zika/kmer15/intermediate/reverse6275-6776.jf
[Fri Apr 23 15:36:18 2021]
Error in rule countKmer1:
    jobid: 104
    output: /datater/wu/data/MSSPE-basic/zika/kmer15/intermediate/reverse9036-9537.jf
    shell:
        
        jellyfish count         -m 15         -s 3G         -t 12         -o /datater/wu/data/MSSPE-basic/zika/kmer15/intermediate/reverse9036-9537.jf /datater/wu/data/MSSPE-basic/zika/splitFiles/reverse9036-9537.fasta
        
        (one of the commands exited with non-zero exit code; note that snakemake uses bash strict mode!)

Removing output files of failed job countKmer1 since they might be corrupted:
/datater/wu/data/MSSPE-basic/zika/kmer15/intermediate/reverse9036-9537.jf
[Fri Apr 23 15:36:18 2021]
Error in rule countKmer1:
    jobid: 96
    output: /datater/wu/data/MSSPE-basic/zika/kmer15/intermediate/reverse8534-9035.jf
    shell:
        
        jellyfish count         -m 15         -s 3G         -t 12         -o /datater/wu/data/MSSPE-basic/zika/kmer15/intermediate/reverse8534-9035.jf /datater/wu/data/MSSPE-basic/zika/splitFiles/reverse8534-9035.fasta
        
        (one of the commands exited with non-zero exit code; note that snakemake uses bash strict mode!)

Removing output files of failed job countKmer1 since they might be corrupted:
/datater/wu/data/MSSPE-basic/zika/kmer15/intermediate/reverse8534-9035.jf
Complete log: /datater/wu/MSSPE/.snakemake/log/2021-04-23T150956.225343.snakemake.log
