Building DAG of jobs...
Using shell: /bin/bash
Provided cores: 12
Rules claiming more threads will be scaled down.
Conda environments: ignored
Job counts:
	count	jobs
	1	all
	1	blastDB
	2
Select jobs to execute...

[Mon Mar 29 16:41:37 2021]
rule blastDB:
    input: /datater/wu/RefSeqProkaryota/RefSeqProkaryota.fna
    output: /datater/wu/data/enterovirus/checkSpecifity/references.DB.nhr, /datater/wu/data/enterovirus/checkSpecifity/references.DB.nin, /datater/wu/data/enterovirus/checkSpecifity/references.DB.nog, /datater/wu/data/enterovirus/checkSpecifity/references.DB.nsd, /datater/wu/data/enterovirus/checkSpecifity/references.DB.nsi, /datater/wu/data/enterovirus/checkSpecifity/references.DB.nsq
    jobid: 1
    wildcards: sample=enterovirus

[Mon Mar 29 16:41:37 2021]
Finished job 1.
1 of 2 steps (50%) done
Select jobs to execute...

[Mon Mar 29 16:41:37 2021]
localrule all:
    input: /datater/wu/data/enterovirus/checkSpecifity/references.DB.nhr, /datater/wu/data/enterovirus/checkSpecifity/references.DB.nin, /datater/wu/data/enterovirus/checkSpecifity/references.DB.nog, /datater/wu/data/enterovirus/checkSpecifity/references.DB.nsd, /datater/wu/data/enterovirus/checkSpecifity/references.DB.nsi, /datater/wu/data/enterovirus/checkSpecifity/references.DB.nsq
    jobid: 0

[Mon Mar 29 16:41:37 2021]
Finished job 0.
2 of 2 steps (100%) done
Complete log: /datater/wu/stage_m2/.snakemake/log/2021-03-29T164136.323372.snakemake.log
