Building DAG of jobs...
Updating job aggregateAllReverseOligo.
Using shell: /bin/bash
Provided cores: 12
Rules claiming more threads will be scaled down.
Conda environments: ignored
Job counts:
	count	jobs
	1	all
	1	blastOligoSet
	2
Select jobs to execute...

[Wed Apr  7 10:49:42 2021]
rule blastOligoSet:
    input: /datater/wu/data/enterovirus/checkSpecifity/allOligos_reverse.set.fasta
    output: /datater/wu/data/enterovirus/evaluation/allOligos_reverse.set.blastn
    jobid: 3
    wildcards: sample=enterovirus

[Wed Apr  7 10:49:44 2021]
Finished job 3.
1 of 2 steps (50%) done
Select jobs to execute...

[Wed Apr  7 10:49:44 2021]
localrule all:
    input: /datater/wu/data/enterovirus/evaluation/enterovirus.uniq.DB.nhr, /datater/wu/data/enterovirus/evaluation/enterovirus.uniq.DB.nin, /datater/wu/data/enterovirus/evaluation/enterovirus.uniq.DB.nog, /datater/wu/data/enterovirus/evaluation/enterovirus.uniq.DB.nsd, /datater/wu/data/enterovirus/evaluation/enterovirus.uniq.DB.nsi, /datater/wu/data/enterovirus/evaluation/enterovirus.uniq.DB.nsq, /datater/wu/data/enterovirus/evaluation/allOligos_reverse.set.blastn
    jobid: 0

[Wed Apr  7 10:49:44 2021]
Finished job 0.
2 of 2 steps (100%) done
Complete log: /datater/wu/stage_m2/.snakemake/log/2021-04-07T104941.733649.snakemake.log
