Building DAG of jobs...
Using shell: /bin/bash
Provided cores: 1 (use --cores to define parallelism)
Rules claiming more threads will be scaled down.
Conda environments: ignored
Job counts:
	count	jobs
	1	all
	1	split_overlap_chunks
	2
Select jobs to execute...

[Sun Feb 28 23:00:34 2021]
rule split_overlap_chunks:
    input: /home/wu/Documents/data/msa/enterovirus.msa.fasta
    output: /home/wu/Documents/data/splitFiles/enterovirus.forward.{*}.fasta (dynamic)
    jobid: 3
    wildcards: sample=enterovirus

Subsequent jobs will be added dynamically depending on the output of this job
Dynamically updating jobs
[Sun Feb 28 23:00:43 2021]
Finished job 3.
1 of 2 steps (50%) done
Select jobs to execute...

[Sun Feb 28 23:00:43 2021]
localrule all:
    input: /home/wu/Documents/data/duplicate_removed/enterovirus.uniq.fasta, /home/wu/Documents/data/msa/enterovirus.msa.fasta, /home/wu/Documents/data/splitFiles/enterovirus.forward.3514-4015.fasta, /home/wu/Documents/data/splitFiles/enterovirus.forward.3263-3764.fasta, /home/wu/Documents/data/splitFiles/enterovirus.forward.5522-6023.fasta, /home/wu/Documents/data/splitFiles/enterovirus.forward.4016-4517.fasta, /home/wu/Documents/data/splitFiles/enterovirus.forward.8032-8533.fasta, /home/wu/Documents/data/splitFiles/enterovirus.forward.10040-10277.fasta, /home/wu/Documents/data/splitFiles/enterovirus.forward.9538-10039.fasta, /home/wu/Documents/data/splitFiles/enterovirus.forward.1004-1505.fasta, /home/wu/Documents/data/splitFiles/enterovirus.forward.4518-5019.fasta, /home/wu/Documents/data/splitFiles/enterovirus.forward.4267-4768.fasta, /home/wu/Documents/data/splitFiles/enterovirus.forward.7279-7780.fasta, /home/wu/Documents/data/splitFiles/enterovirus.forward.5020-5521.fasta, /home/wu/Documents/data/splitFiles/enterovirus.forward.8534-9035.fasta, /home/wu/Documents/data/splitFiles/enterovirus.forward.7028-7529.fasta, /home/wu/Documents/data/splitFiles/enterovirus.forward.5773-6274.fasta, /home/wu/Documents/data/splitFiles/enterovirus.forward.9789-10290.fasta, /home/wu/Documents/data/splitFiles/enterovirus.forward.6777-7278.fasta, /home/wu/Documents/data/splitFiles/enterovirus.forward.0-501.fasta, /home/wu/Documents/data/splitFiles/enterovirus.forward.1506-2007.fasta, /home/wu/Documents/data/splitFiles/enterovirus.forward.9287-9788.fasta, /home/wu/Documents/data/splitFiles/enterovirus.forward.2259-2760.fasta, /home/wu/Documents/data/splitFiles/enterovirus.forward.6024-6525.fasta, /home/wu/Documents/data/splitFiles/enterovirus.forward.8785-9286.fasta, /home/wu/Documents/data/splitFiles/enterovirus.forward.7781-8282.fasta, /home/wu/Documents/data/splitFiles/enterovirus.forward.2761-3262.fasta, /home/wu/Documents/data/splitFiles/enterovirus.forward.2008-2509.fasta, /home/wu/Documents/data/splitFiles/enterovirus.forward.1255-1756.fasta, /home/wu/Documents/data/splitFiles/enterovirus.forward.5271-5772.fasta, /home/wu/Documents/data/splitFiles/enterovirus.forward.9036-9537.fasta, /home/wu/Documents/data/splitFiles/enterovirus.forward.753-1254.fasta, /home/wu/Documents/data/splitFiles/enterovirus.forward.3765-4266.fasta, /home/wu/Documents/data/splitFiles/enterovirus.forward.6526-7027.fasta, /home/wu/Documents/data/splitFiles/enterovirus.forward.251-752.fasta, /home/wu/Documents/data/splitFiles/enterovirus.forward.2510-3011.fasta, /home/wu/Documents/data/splitFiles/enterovirus.forward.4769-5270.fasta, /home/wu/Documents/data/splitFiles/enterovirus.forward.8283-8784.fasta, /home/wu/Documents/data/splitFiles/enterovirus.forward.502-1003.fasta, /home/wu/Documents/data/splitFiles/enterovirus.forward.3012-3513.fasta, /home/wu/Documents/data/splitFiles/enterovirus.forward.1757-2258.fasta, /home/wu/Documents/data/splitFiles/enterovirus.forward.6275-6776.fasta, /home/wu/Documents/data/splitFiles/enterovirus.forward.7530-8031.fasta
    jobid: 0

[Sun Feb 28 23:00:43 2021]
Finished job 0.
2 of 2 steps (100%) done
Complete log: /home/wu/Documents/stage_m2/.snakemake/log/2021-02-28T230034.004648.snakemake.log
