Building DAG of jobs...
Using shell: /bin/bash
Provided cores: 12
Rules claiming more threads will be scaled down.
Conda environments: ignored
Job counts:
	count	jobs
	1	all
	1	blastDB_uniq
	2
Select jobs to execute...

[Wed Apr  7 10:49:00 2021]
rule blastDB_uniq:
    input: /datater/wu/data/enterovirus/enterovirus.uniq
    output: /datater/wu/data/enterovirus/evaluation/enterovirus.uniq.DB.nhr, /datater/wu/data/enterovirus/evaluation/enterovirus.uniq.DB.nin, /datater/wu/data/enterovirus/evaluation/enterovirus.uniq.DB.nog, /datater/wu/data/enterovirus/evaluation/enterovirus.uniq.DB.nsd, /datater/wu/data/enterovirus/evaluation/enterovirus.uniq.DB.nsi, /datater/wu/data/enterovirus/evaluation/enterovirus.uniq.DB.nsq
    jobid: 1
    wildcards: sample=enterovirus

[Wed Apr  7 10:49:00 2021]
Finished job 1.
1 of 2 steps (50%) done
Select jobs to execute...

[Wed Apr  7 10:49:00 2021]
localrule all:
    input: /datater/wu/data/enterovirus/evaluation/enterovirus.uniq.DB.nhr, /datater/wu/data/enterovirus/evaluation/enterovirus.uniq.DB.nin, /datater/wu/data/enterovirus/evaluation/enterovirus.uniq.DB.nog, /datater/wu/data/enterovirus/evaluation/enterovirus.uniq.DB.nsd, /datater/wu/data/enterovirus/evaluation/enterovirus.uniq.DB.nsi, /datater/wu/data/enterovirus/evaluation/enterovirus.uniq.DB.nsq
    jobid: 0

[Wed Apr  7 10:49:00 2021]
Finished job 0.
2 of 2 steps (100%) done
Complete log: /datater/wu/stage_m2/.snakemake/log/2021-04-07T104859.725918.snakemake.log
