Building DAG of jobs...
Using shell: /bin/bash
Provided cores: 12
Rules claiming more threads will be scaled down.
Conda environments: ignored
Job counts:
	count	jobs
	1	all
	1	checkHeterodimer
	1	evaluation2
	1	evaluation3
	1	getKmerPosition1
	1	getKmerPosition3
	1	getKmerPosition4
	1	specific3
	1	specific4
	9
Select jobs to execute...

[Sun May  2 14:26:33 2021]
rule specific3:
    input: /datater/wu/data/MSSPE-variant/enterovirus/kmer15/intermediate/allKmerCount.sorted.calculated.filtered.fasta, /datater/wu/data/RefSeqProkaryota/RefSeqProkaryota.fna.DB.1.ebwt, /datater/wu/data/RefSeqProkaryota/RefSeqProkaryota.fna.DB.2.ebwt, /datater/wu/data/RefSeqProkaryota/RefSeqProkaryota.fna.DB.3.ebwt, /datater/wu/data/RefSeqProkaryota/RefSeqProkaryota.fna.DB.4.ebwt, /datater/wu/data/RefSeqProkaryota/RefSeqProkaryota.fna.DB.rev.1.ebwt, /datater/wu/data/RefSeqProkaryota/RefSeqProkaryota.fna.DB.rev.2.ebwt
    output: /datater/wu/data/MSSPE-variant/enterovirus/kmer15/intermediate/allKmerCount.sorted.calculated.filtered.bowtie
    jobid: 9
    wildcards: sample=enterovirus

[Sun May  2 14:26:33 2021]
Finished job 9.
1 of 9 steps (11%) done
Select jobs to execute...

[Sun May  2 14:26:33 2021]
rule specific4:
    input: /datater/wu/data/MSSPE-variant/enterovirus/kmer15/intermediate/allKmerCount.sorted.calculated.filtered.bowtie, /datater/wu/data/MSSPE-variant/enterovirus/kmer15/allKmerCount.sorted.calculated.filtered.txt
    output: /datater/wu/data/MSSPE-variant/enterovirus/kmer15/allKmerCount.sorted.calculated.filtered.spec.txt
    jobid: 10
    wildcards: sample=enterovirus

[Sun May  2 14:26:39 2021]
Finished job 10.
2 of 9 steps (22%) done
Select jobs to execute...

[Sun May  2 14:26:39 2021]
rule getKmerPosition1:
    input: /datater/wu/data/MSSPE-variant/enterovirus/kmer15/allKmerCount.sorted.calculated.filtered.spec.txt
    output: /datater/wu/data/MSSPE-variant/enterovirus/kmer15/intermediate/allKmerCount.sorted.calculated.filtered.spec.fasta
    jobid: 13
    wildcards: sample=enterovirus

[Sun May  2 14:26:42 2021]
Finished job 13.
3 of 9 steps (33%) done
Select jobs to execute...

[Sun May  2 14:26:43 2021]
rule getKmerPosition3:
    input: /datater/wu/data/MSSPE-variant/enterovirus/kmer15/intermediate/allKmerCount.sorted.calculated.filtered.spec.fasta, /datater/wu/data/MSSPE-variant/enterovirus/enterovirus0.99.msa.DB.1.ebwt, /datater/wu/data/MSSPE-variant/enterovirus/enterovirus0.99.msa.DB.2.ebwt, /datater/wu/data/MSSPE-variant/enterovirus/enterovirus0.99.msa.DB.3.ebwt, /datater/wu/data/MSSPE-variant/enterovirus/enterovirus0.99.msa.DB.4.ebwt, /datater/wu/data/MSSPE-variant/enterovirus/enterovirus0.99.msa.DB.rev.1.ebwt, /datater/wu/data/MSSPE-variant/enterovirus/enterovirus0.99.msa.DB.rev.2.ebwt
    output: /datater/wu/data/MSSPE-variant/enterovirus/kmer15/intermediate/allKmerCount.sorted.calculated.filtered.spec.bowtie
    jobid: 15
    wildcards: sample=enterovirus

[Sun May  2 14:26:44 2021]
Finished job 15.
4 of 9 steps (44%) done
Select jobs to execute...

[Sun May  2 14:26:44 2021]
rule getKmerPosition4:
    input: /datater/wu/data/MSSPE-variant/enterovirus/kmer15/intermediate/allKmerCount.sorted.calculated.filtered.spec.bowtie, /datater/wu/data/MSSPE-variant/enterovirus/kmer15/allKmerCount.sorted.calculated.filtered.spec.txt
    output: /datater/wu/data/MSSPE-variant/enterovirus/kmer15/intermediate/allKmerCount.sorted.calculated.filtered.spec.position
    jobid: 16
    wildcards: sample=enterovirus

[Sun May  2 14:27:01 2021]
Finished job 16.
5 of 9 steps (56%) done
Select jobs to execute...

[Sun May  2 14:27:01 2021]
rule checkHeterodimer:
    input: /datater/wu/data/MSSPE-variant/enterovirus/enterovirus0.99.msa, /datater/wu/data/MSSPE-variant/enterovirus/kmer15/intermediate/allKmerCount.sorted.calculated.filtered.spec.position
    output: /datater/wu/data/MSSPE-variant/enterovirus/kmer15/allOligo.set
    jobid: 17
    wildcards: sample=enterovirus

[Sun May  2 14:27:04 2021]
Finished job 17.
6 of 9 steps (67%) done
Select jobs to execute...

[Sun May  2 14:27:04 2021]
rule evaluation3:
    input: /datater/wu/data/MSSPE-variant/enterovirus/kmer15/allOligo.set
    output: /datater/wu/data/MSSPE-variant/enterovirus/kmer15/evaluation/allOligo_after3.tsv
    jobid: 20
    wildcards: sample=enterovirus


[Sun May  2 14:27:04 2021]
rule evaluation2:
    input: /datater/wu/data/MSSPE-variant/enterovirus/kmer15/allOligo.set, /datater/wu/data/MSSPE-variant/enterovirus/kmer15/intermediate/aceID-taxID-species.tsv, /datater/wu/data/MSSPE-variant/enterovirus/kmer15/intermediate/allKmerCount.sorted.calculated.filtered.spec.bowtie
    output: /datater/wu/data/MSSPE-variant/enterovirus/kmer15/evaluation/allOligo.set.coverage
    jobid: 19
    wildcards: sample=enterovirus

[Sun May  2 14:27:04 2021]
Finished job 20.
7 of 9 steps (78%) done
[Sun May  2 14:27:13 2021]
Finished job 19.
8 of 9 steps (89%) done
Select jobs to execute...

[Sun May  2 14:27:13 2021]
localrule all:
    input: /datater/wu/data/MSSPE-variant/enterovirus/enterovirus.uniq, /datater/wu/data/MSSPE-variant/enterovirus/kmer15/intermediate/allKmerCount.int.kmc_pre, /datater/wu/data/MSSPE-variant/enterovirus/kmer15/intermediate/allKmerCount.int.kmc_suf, /datater/wu/data/MSSPE-variant/enterovirus/kmer15/intermediate/allKmerCount.txt, /datater/wu/data/MSSPE-variant/enterovirus/kmer15/intermediate/allKmerCount.sorted.txt, /datater/wu/data/MSSPE-variant/enterovirus/kmer15/allKmerCount.sorted.calculated.txt, /datater/wu/data/MSSPE-variant/enterovirus/kmer15/allKmerCount.sorted.calculated.filtered.txt, /datater/wu/data/MSSPE-variant/enterovirus/kmer15/intermediate/allKmerCount.sorted.calculated.filtered.fasta, /datater/wu/data/RefSeqProkaryota/RefSeqProkaryota.fna.DB.1.ebwt, /datater/wu/data/RefSeqProkaryota/RefSeqProkaryota.fna.DB.2.ebwt, /datater/wu/data/RefSeqProkaryota/RefSeqProkaryota.fna.DB.3.ebwt, /datater/wu/data/RefSeqProkaryota/RefSeqProkaryota.fna.DB.4.ebwt, /datater/wu/data/RefSeqProkaryota/RefSeqProkaryota.fna.DB.rev.1.ebwt, /datater/wu/data/RefSeqProkaryota/RefSeqProkaryota.fna.DB.rev.2.ebwt, /datater/wu/data/MSSPE-variant/enterovirus/kmer15/intermediate/allKmerCount.sorted.calculated.filtered.bowtie, /datater/wu/data/MSSPE-variant/enterovirus/kmer15/allKmerCount.sorted.calculated.filtered.spec.txt, /datater/wu/data/MSSPE-variant/enterovirus/enterovirus0.99.uniq, /datater/wu/data/MSSPE-variant/enterovirus/enterovirus0.99.msa, /datater/wu/data/MSSPE-variant/enterovirus/kmer15/intermediate/allKmerCount.sorted.calculated.filtered.spec.fasta, /datater/wu/data/MSSPE-variant/enterovirus/enterovirus0.99.msa.DB.1.ebwt, /datater/wu/data/MSSPE-variant/enterovirus/enterovirus0.99.msa.DB.2.ebwt, /datater/wu/data/MSSPE-variant/enterovirus/enterovirus0.99.msa.DB.3.ebwt, /datater/wu/data/MSSPE-variant/enterovirus/enterovirus0.99.msa.DB.4.ebwt, /datater/wu/data/MSSPE-variant/enterovirus/enterovirus0.99.msa.DB.rev.1.ebwt, /datater/wu/data/MSSPE-variant/enterovirus/enterovirus0.99.msa.DB.rev.2.ebwt, /datater/wu/data/MSSPE-variant/enterovirus/kmer15/intermediate/allKmerCount.sorted.calculated.filtered.spec.bowtie, /datater/wu/data/MSSPE-variant/enterovirus/kmer15/intermediate/allKmerCount.sorted.calculated.filtered.spec.position, /datater/wu/data/MSSPE-variant/enterovirus/kmer15/allOligo.set, /datater/wu/data/MSSPE-variant/enterovirus/kmer15/intermediate/aceID-taxID-species.tsv, /datater/wu/data/MSSPE-variant/enterovirus/kmer15/evaluation/allOligo.set.coverage, /datater/wu/data/MSSPE-variant/enterovirus/kmer15/evaluation/allOligo_after3.tsv
    jobid: 0

[Sun May  2 14:27:13 2021]
Finished job 0.
9 of 9 steps (100%) done
Complete log: /datater/wu/MSSPE/.snakemake/log/2021-05-02T142632.488513.snakemake.log
