Building DAG of jobs...
Updating job aggregate_allReverseOligo.
Using shell: /bin/bash
Provided cores: 12
Rules claiming more threads will be scaled down.
Conda environments: ignored
Job counts:
	count	jobs
	1	all
	1	blastn_short
	2
Select jobs to execute...

[Thu Mar 18 11:05:56 2021]
rule blastn_short:
    input: /datater/wu/data/zika/checkSpecifity/allOligos_reverse.fasta
    output: /datater/wu/data/zika/checkSpecifity/blastn.out
    jobid: 1
    wildcards: sample=zika

Waiting at most 5 seconds for missing files.
MissingOutputException in line 110 of /datater/wu/stage_m2/rules/reverse_check_specifity.smk:
Job Missing files after 5 seconds:
/datater/wu/data/zika/checkSpecifity/blastn.out
This might be due to filesystem latency. If that is the case, consider to increase the wait time with --latency-wait.
Job id: 1 completed successfully, but some output files are missing. 1
  File "/datater/wu/miniconda3/envs/snakemake/lib/python3.9/site-packages/snakemake/executors/__init__.py", line 583, in handle_job_success
  File "/datater/wu/miniconda3/envs/snakemake/lib/python3.9/site-packages/snakemake/executors/__init__.py", line 252, in handle_job_success
Shutting down, this might take some time.
Exiting because a job execution failed. Look above for error message
Complete log: /datater/wu/stage_m2/.snakemake/log/2021-03-18T110555.555463.snakemake.log
