Building DAG of jobs...
Using shell: /bin/bash
Provided cores: 12
Rules claiming more threads will be scaled down.
Conda environments: ignored
Job counts:
	count	jobs
	1	all
	43	filter_within_seg
	44
Select jobs to execute...

[Tue Mar  9 17:21:48 2021]
rule filter_within_seg:
    input: /datater/wu/data/zika/dsk/forward_502-1003.kCountSorted
    output: /datater/wu/data/zika/primer3_Tm/forward_502-1003.Tm
    jobid: 174
    wildcards: sample=zika, seg=502-1003

[Tue Mar  9 17:21:48 2021]
rule filter_within_seg:
    input: /datater/wu/data/zika/dsk/forward_1255-1756.kCountSorted
    output: /datater/wu/data/zika/primer3_Tm/forward_1255-1756.Tm
    jobid: 143
    wildcards: sample=zika, seg=1255-1756

[Tue Mar  9 17:21:48 2021]
rule filter_within_seg:
    input: /datater/wu/data/zika/dsk/forward_4267-4768.kCountSorted
    output: /datater/wu/data/zika/primer3_Tm/forward_4267-4768.Tm
    jobid: 150
    wildcards: sample=zika, seg=4267-4768

[Tue Mar  9 17:21:48 2021]
rule filter_within_seg:
    input: /datater/wu/data/zika/dsk/forward_9538-10039.kCountSorted
    output: /datater/wu/data/zika/primer3_Tm/forward_9538-10039.Tm
    jobid: 158
    wildcards: sample=zika, seg=9538-10039

[Tue Mar  9 17:21:48 2021]
rule filter_within_seg:
    input: /datater/wu/data/zika/dsk/forward_6526-7027.kCountSorted
    output: /datater/wu/data/zika/primer3_Tm/forward_6526-7027.Tm
    jobid: 165
    wildcards: sample=zika, seg=6526-7027

[Tue Mar  9 17:21:48 2021]
rule filter_within_seg:
    input: /datater/wu/data/zika/dsk/forward_2761-3262.kCountSorted
    output: /datater/wu/data/zika/primer3_Tm/forward_2761-3262.Tm
    jobid: 173
    wildcards: sample=zika, seg=2761-3262

[Tue Mar  9 17:21:48 2021]
rule filter_within_seg:
    input: /datater/wu/data/zika/dsk/forward_0-501.kCountSorted
    output: /datater/wu/data/zika/primer3_Tm/forward_0-501.Tm
    jobid: 157
    wildcards: sample=zika, seg=0-501

[Tue Mar  9 17:21:48 2021]
rule filter_within_seg:
    input: /datater/wu/data/zika/dsk/forward_7530-8031.kCountSorted
    output: /datater/wu/data/zika/primer3_Tm/forward_7530-8031.Tm
    jobid: 142
    wildcards: sample=zika, seg=7530-8031

[Tue Mar  9 17:21:48 2021]
rule filter_within_seg:
    input: /datater/wu/data/zika/dsk/forward_1757-2258.kCountSorted
    output: /datater/wu/data/zika/primer3_Tm/forward_1757-2258.Tm
    jobid: 164
    wildcards: sample=zika, seg=1757-2258

[Tue Mar  9 17:21:48 2021]
rule filter_within_seg:
    input: /datater/wu/data/zika/dsk/forward_5773-6274.kCountSorted
    output: /datater/wu/data/zika/primer3_Tm/forward_5773-6274.Tm
    jobid: 149
    wildcards: sample=zika, seg=5773-6274

[Tue Mar  9 17:21:48 2021]
rule filter_within_seg:
    input: /datater/wu/data/zika/dsk/forward_3012-3513.kCountSorted
    output: /datater/wu/data/zika/primer3_Tm/forward_3012-3513.Tm
    jobid: 172
    wildcards: sample=zika, seg=3012-3513

[Tue Mar  9 17:21:48 2021]
rule filter_within_seg:
    input: /datater/wu/data/zika/dsk/forward_8534-9035.kCountSorted
    output: /datater/wu/data/zika/primer3_Tm/forward_8534-9035.Tm
    jobid: 179
    wildcards: sample=zika, seg=8534-9035

Shutting down, this might take some time.
Exiting because a job execution failed. Look above for error message
Complete log: /datater/wu/stage_m2/.snakemake/log/2021-03-09T172148.203197.snakemake.log
