Building DAG of jobs...
Using shell: /bin/bash
Provided cores: 12
Rules claiming more threads will be scaled down.
Job counts:
	count	jobs
	1	all
	1	test0
	2
Select jobs to execute...

[Sat May  8 16:37:42 2021]
rule test0:
    input: /datater/wu/data/tmp/sars2_variants.fasta
    output: /datater/wu/data/tmp/sars2_variants.msa
    jobid: 1

[Sat May  8 16:37:42 2021]
Error in rule test0:
    jobid: 1
    output: /datater/wu/data/tmp/sars2_variants.msa
    shell:
        
        mafft --auto         --thread 12         --op 1.53         --ep 0.123         --bl 62         --jtt 62         --tm 62                           --inputorder                                    /datater/wu/data/tmp/sars2_variants.fasta > /datater/wu/data/tmp/sars2_variants.msa         2> 
        
        (one of the commands exited with non-zero exit code; note that snakemake uses bash strict mode!)

Shutting down, this might take some time.
Exiting because a job execution failed. Look above for error message
Complete log: /datater/wu/MSSPE/.snakemake/log/2021-05-08T163742.399862.snakemake.log
