Building DAG of jobs...
Updating job aggregateAllReverseOligo.
Using shell: /bin/bash
Provided cores: 24
Rules claiming more threads will be scaled down.
Conda environments: ignored
Job counts:
	count	jobs
	1	all
	1	allHeterodimerCheck
	1	blastn_short_prok
	1	filterOutUnSpecifickmer
	1	oligoCount
	1	oligoSet
	1	species_coverage
	7
Select jobs to execute...

[Wed Apr 14 12:47:06 2021]
rule blastn_short_prok:
    input: /datater/wu/data/enterovirus/checkSpecifity13/allOligos_reverse.filtered.fasta
    output: /datater/wu/data/enterovirus/checkSpecifity13/allOligos_reverse.filtered.blastn.out
    jobid: 8
    wildcards: sample=enterovirus

[Wed Apr 14 13:00:05 2021]
Finished job 8.
1 of 7 steps (14%) done
Select jobs to execute...

[Wed Apr 14 13:00:05 2021]
rule filterOutUnSpecifickmer:
    input: /datater/wu/data/enterovirus/checkSpecifity13/allOligos_reverse.filtered.blastn.out, /datater/wu/data/enterovirus/checkSpecifity13/allOligos_reverse.filtered.fasta
    output: /datater/wu/data/enterovirus/checkSpecifity13/allOligos_reverse.filtered.spec.fasta
    jobid: 9
    wildcards: sample=enterovirus

[Wed Apr 14 13:00:09 2021]
Finished job 9.
2 of 7 steps (29%) done
Select jobs to execute...

[Wed Apr 14 13:00:09 2021]
rule allHeterodimerCheck:
    input: /datater/wu/data/enterovirus/checkSpecifity13/allOligos_reverse.filtered.spec.fasta
    output: /datater/wu/data/enterovirus/dimer13/allOligos_reverse.filtered.spec.heterodimer
    jobid: 10
    wildcards: sample=enterovirus

[Wed Apr 14 13:11:42 2021]
Finished job 10.
3 of 7 steps (43%) done
Select jobs to execute...

[Wed Apr 14 13:11:42 2021]
rule oligoSet:
    input: /datater/wu/data/enterovirus/dimer13/allOligos_reverse.filtered.spec.heterodimer, /datater/wu/data/enterovirus/checkSpecifity13/allOligos_reverse.filtered.spec.fasta
    output: /datater/wu/data/enterovirus/dimer13/allOligos_reverse.set, /datater/wu/data/enterovirus/dimer13/allOligos_reverse.set.fasta
    jobid: 11
    wildcards: sample=enterovirus

[Wed Apr 14 13:12:00 2021]
Finished job 11.
4 of 7 steps (57%) done
Select jobs to execute...

[Wed Apr 14 13:12:00 2021]
rule oligoCount:
    input: /datater/wu/data/enterovirus/filtering13/allOligos_reverse.calculated2, /datater/wu/data/enterovirus/filtering13/allOligos_reverse.filtered, /datater/wu/data/enterovirus/checkSpecifity13/allOligos_reverse.filtered.spec.fasta, /datater/wu/data/enterovirus/dimer13/allOligos_reverse.set.fasta
    output: /datater/wu/data/enterovirus/evaluation13/allOligo_before.tsv, /datater/wu/data/enterovirus/evaluation13/allOligo_after1.tsv, /datater/wu/data/enterovirus/evaluation13/allOligo_after2.tsv, /datater/wu/data/enterovirus/evaluation13/allOligo_after3.tsv
    jobid: 14
    wildcards: sample=enterovirus

[Wed Apr 14 13:12:00 2021]
rule species_coverage:
    input: /datater/wu/data/enterovirus/dimer13/allOligos_reverse.set.fasta, /datater/wu/data/enterovirus/evaluation13/aceID-taxID-species.tsv
    output: /datater/wu/data/enterovirus/evaluation13/allOligos_reverse.set.coverage
    jobid: 13
    wildcards: sample=enterovirus

[Wed Apr 14 13:12:02 2021]
Finished job 14.
5 of 7 steps (71%) done
[Wed Apr 14 13:12:03 2021]
Finished job 13.
6 of 7 steps (86%) done
Select jobs to execute...

[Wed Apr 14 13:12:03 2021]
localrule all:
    input: /datater/wu/data/enterovirus/enterovirus.uniq, /datater/wu/data/enterovirus/enterovirus.msa, /datater/wu/data/enterovirus/filtering13/allOligos_reverse.filtered, /datater/wu/data/enterovirus/checkSpecifity13/allOligos_reverse.filtered.fasta, /datater/wu/data/enterovirus/checkSpecifity13/references.DB.nhr, /datater/wu/data/enterovirus/checkSpecifity13/references.DB.nin, /datater/wu/data/enterovirus/checkSpecifity13/references.DB.nog, /datater/wu/data/enterovirus/checkSpecifity13/references.DB.nsd, /datater/wu/data/enterovirus/checkSpecifity13/references.DB.nsi, /datater/wu/data/enterovirus/checkSpecifity13/references.DB.nsq, /datater/wu/data/enterovirus/checkSpecifity13/allOligos_reverse.filtered.blastn.out, /datater/wu/data/enterovirus/checkSpecifity13/allOligos_reverse.filtered.spec.fasta, /datater/wu/data/enterovirus/dimer13/allOligos_reverse.filtered.spec.heterodimer, /datater/wu/data/enterovirus/dimer13/allOligos_reverse.set, /datater/wu/data/enterovirus/dimer13/allOligos_reverse.set.fasta, /datater/wu/data/enterovirus/evaluation13/aceID-taxID-species.tsv, /datater/wu/data/enterovirus/evaluation13/allOligos_reverse.set.coverage, /datater/wu/data/enterovirus/evaluation13/allOligo_before.tsv, /datater/wu/data/enterovirus/evaluation13/allOligo_after1.tsv, /datater/wu/data/enterovirus/evaluation13/allOligo_after2.tsv, /datater/wu/data/enterovirus/evaluation13/allOligo_after3.tsv
    jobid: 0

[Wed Apr 14 13:12:03 2021]
Finished job 0.
7 of 7 steps (100%) done
Complete log: /datater/wu/MSSPE-pipeline/.snakemake/log/2021-04-14T124705.584988.snakemake.log
