Building DAG of jobs...
Using shell: /bin/bash
Provided cores: 12
Rules claiming more threads will be scaled down.
Conda environments: ignored
Job counts:
	count	jobs
	1	all
	37	dskForward
	38
Select jobs to execute...

[Wed Mar 10 10:06:37 2021]
rule dskForward:
    input: /datater/wu/data/enterovirus/split_forward/position_4826-5330.fasta
    output: /datater/wu/data/enterovirus/dsk/forward_4826-5330.h5
    jobid: 32
    wildcards: sample=enterovirus, seg=4826-5330


[Wed Mar 10 10:06:37 2021]
rule dskForward:
    input: /datater/wu/data/enterovirus/split_forward/position_7874-8378.fasta
    output: /datater/wu/data/enterovirus/dsk/forward_7874-8378.h5
    jobid: 8
    wildcards: sample=enterovirus, seg=7874-8378


[Wed Mar 10 10:06:37 2021]
rule dskForward:
    input: /datater/wu/data/enterovirus/split_forward/position_7366-7870.fasta
    output: /datater/wu/data/enterovirus/dsk/forward_7366-7870.h5
    jobid: 16
    wildcards: sample=enterovirus, seg=7366-7870


[Wed Mar 10 10:06:37 2021]
rule dskForward:
    input: /datater/wu/data/enterovirus/split_forward/position_5842-6346.fasta
    output: /datater/wu/data/enterovirus/dsk/forward_5842-6346.h5
    jobid: 23
    wildcards: sample=enterovirus, seg=5842-6346


[Wed Mar 10 10:06:37 2021]
rule dskForward:
    input: /datater/wu/data/enterovirus/split_forward/position_7620-8124.fasta
    output: /datater/wu/data/enterovirus/dsk/forward_7620-8124.h5
    jobid: 31
    wildcards: sample=enterovirus, seg=7620-8124


[Wed Mar 10 10:06:37 2021]
rule dskForward:
    input: /datater/wu/data/enterovirus/split_forward/position_7112-7616.fasta
    output: /datater/wu/data/enterovirus/dsk/forward_7112-7616.h5
    jobid: 38
    wildcards: sample=enterovirus, seg=7112-7616


[Wed Mar 10 10:06:37 2021]
rule dskForward:
    input: /datater/wu/data/enterovirus/split_forward/position_4064-4568.fasta
    output: /datater/wu/data/enterovirus/dsk/forward_4064-4568.h5
    jobid: 30
    wildcards: sample=enterovirus, seg=4064-4568


[Wed Mar 10 10:06:37 2021]
rule dskForward:
    input: /datater/wu/data/enterovirus/split_forward/position_8636-9140.fasta
    output: /datater/wu/data/enterovirus/dsk/forward_8636-9140.h5
    jobid: 15
    wildcards: sample=enterovirus, seg=8636-9140


[Wed Mar 10 10:06:37 2021]
rule dskForward:
    input: /datater/wu/data/enterovirus/split_forward/position_2794-3298.fasta
    output: /datater/wu/data/enterovirus/dsk/forward_2794-3298.h5
    jobid: 37
    wildcards: sample=enterovirus, seg=2794-3298


[Wed Mar 10 10:06:37 2021]
rule dskForward:
    input: /datater/wu/data/enterovirus/split_forward/position_9144-9382.fasta
    output: /datater/wu/data/enterovirus/dsk/forward_9144-9382.h5
    jobid: 22
    wildcards: sample=enterovirus, seg=9144-9382


[Wed Mar 10 10:06:37 2021]
rule dskForward:
    input: /datater/wu/data/enterovirus/split_forward/position_8890-9394.fasta
    output: /datater/wu/data/enterovirus/dsk/forward_8890-9394.h5
    jobid: 9
    wildcards: sample=enterovirus, seg=8890-9394


[Wed Mar 10 10:06:37 2021]
rule dskForward:
    input: /datater/wu/data/enterovirus/split_forward/position_6858-7362.fasta
    output: /datater/wu/data/enterovirus/dsk/forward_6858-7362.h5
    jobid: 24
    wildcards: sample=enterovirus, seg=6858-7362

[Wed Mar 10 10:06:39 2021]
Finished job 30.
1 of 38 steps (3%) done
Select jobs to execute...

[Wed Mar 10 10:06:39 2021]
rule dskForward:
    input: /datater/wu/data/enterovirus/split_forward/position_1778-2282.fasta
    output: /datater/wu/data/enterovirus/dsk/forward_1778-2282.h5
    jobid: 25
    wildcards: sample=enterovirus, seg=1778-2282

[Wed Mar 10 10:06:39 2021]
Finished job 8.
2 of 38 steps (5%) done
Select jobs to execute...

[Wed Mar 10 10:06:39 2021]
rule dskForward:
    input: /datater/wu/data/enterovirus/split_forward/position_3810-4314.fasta
    output: /datater/wu/data/enterovirus/dsk/forward_3810-4314.h5
    jobid: 10
    wildcards: sample=enterovirus, seg=3810-4314

[Wed Mar 10 10:06:39 2021]
Finished job 16.
3 of 38 steps (8%) done
[Wed Mar 10 10:06:39 2021]
Finished job 31.
4 of 38 steps (11%) done
Select jobs to execute...
[Wed Mar 10 10:06:39 2021]
Finished job 9.
5 of 38 steps (13%) done

[Wed Mar 10 10:06:39 2021]
rule dskForward:
    input: /datater/wu/data/enterovirus/split_forward/position_8128-8632.fasta
    output: /datater/wu/data/enterovirus/dsk/forward_8128-8632.h5
    jobid: 29
    wildcards: sample=enterovirus, seg=8128-8632


[Wed Mar 10 10:06:39 2021]
rule dskForward:
    input: /datater/wu/data/enterovirus/split_forward/position_4318-4822.fasta
    output: /datater/wu/data/enterovirus/dsk/forward_4318-4822.h5
    jobid: 27
    wildcards: sample=enterovirus, seg=4318-4822

Select jobs to execute...
[Wed Mar 10 10:06:39 2021]
Finished job 32.
6 of 38 steps (16%) done
[Wed Mar 10 10:06:39 2021]
Finished job 15.
7 of 38 steps (18%) done
[Wed Mar 10 10:06:39 2021]
Finished job 37.
8 of 38 steps (21%) done
[Wed Mar 10 10:06:39 2021]
Finished job 22.
9 of 38 steps (24%) done

[Wed Mar 10 10:06:39 2021]
rule dskForward:
    input: /datater/wu/data/enterovirus/split_forward/position_5080-5584.fasta
    output: /datater/wu/data/enterovirus/dsk/forward_5080-5584.h5
    jobid: 17
    wildcards: sample=enterovirus, seg=5080-5584

Select jobs to execute...

[Wed Mar 10 10:06:39 2021]
rule dskForward:
    input: /datater/wu/data/enterovirus/split_forward/position_5334-5838.fasta
    output: /datater/wu/data/enterovirus/dsk/forward_5334-5838.h5
    jobid: 42
    wildcards: sample=enterovirus, seg=5334-5838


[Wed Mar 10 10:06:39 2021]
rule dskForward:
    input: /datater/wu/data/enterovirus/split_forward/position_6350-6854.fasta
    output: /datater/wu/data/enterovirus/dsk/forward_6350-6854.h5
    jobid: 19
    wildcards: sample=enterovirus, seg=6350-6854


[Wed Mar 10 10:06:39 2021]
rule dskForward:
    input: /datater/wu/data/enterovirus/split_forward/position_6096-6600.fasta
    output: /datater/wu/data/enterovirus/dsk/forward_6096-6600.h5
    jobid: 34
    wildcards: sample=enterovirus, seg=6096-6600


[Wed Mar 10 10:06:39 2021]
rule dskForward:
    input: /datater/wu/data/enterovirus/split_forward/position_1270-1774.fasta
    output: /datater/wu/data/enterovirus/dsk/forward_1270-1774.h5
    jobid: 7
    wildcards: sample=enterovirus, seg=1270-1774

[Wed Mar 10 10:06:39 2021]
Finished job 24.
10 of 38 steps (26%) done
Select jobs to execute...
[Wed Mar 10 10:06:39 2021]
Finished job 38.
11 of 38 steps (29%) done

[Wed Mar 10 10:06:39 2021]
rule dskForward:
    input: /datater/wu/data/enterovirus/split_forward/position_1524-2028.fasta
    output: /datater/wu/data/enterovirus/dsk/forward_1524-2028.h5
    jobid: 40
    wildcards: sample=enterovirus, seg=1524-2028

Select jobs to execute...

[Wed Mar 10 10:06:39 2021]
rule dskForward:
    input: /datater/wu/data/enterovirus/split_forward/position_8382-8886.fasta
    output: /datater/wu/data/enterovirus/dsk/forward_8382-8886.h5
    jobid: 41
    wildcards: sample=enterovirus, seg=8382-8886

Select jobs to execute...
Select jobs to execute...
Select jobs to execute...
Select jobs to execute...
[Wed Mar 10 10:06:39 2021]
Finished job 23.
12 of 38 steps (32%) done
Select jobs to execute...

[Wed Mar 10 10:06:39 2021]
rule dskForward:
    input: /datater/wu/data/enterovirus/split_forward/position_5588-6092.fasta
    output: /datater/wu/data/enterovirus/dsk/forward_5588-6092.h5
    jobid: 20
    wildcards: sample=enterovirus, seg=5588-6092

[Wed Mar 10 10:06:42 2021]
Finished job 27.
13 of 38 steps (34%) done
Select jobs to execute...
[Wed Mar 10 10:06:42 2021]
Finished job 25.
14 of 38 steps (37%) done
[Wed Mar 10 10:06:42 2021]
Finished job 29.
15 of 38 steps (39%) done

[Wed Mar 10 10:06:42 2021]
rule dskForward:
    input: /datater/wu/data/enterovirus/split_forward/position_3302-3806.fasta
    output: /datater/wu/data/enterovirus/dsk/forward_3302-3806.h5
    jobid: 28
    wildcards: sample=enterovirus, seg=3302-3806

Select jobs to execute...
[Wed Mar 10 10:06:42 2021]
Finished job 17.
16 of 38 steps (42%) done

[Wed Mar 10 10:06:42 2021]
rule dskForward:
    input: /datater/wu/data/enterovirus/split_forward/position_762-1266.fasta
    output: /datater/wu/data/enterovirus/dsk/forward_762-1266.h5
    jobid: 14
    wildcards: sample=enterovirus, seg=762-1266


[Wed Mar 10 10:06:42 2021]
rule dskForward:
    input: /datater/wu/data/enterovirus/split_forward/position_2286-2790.fasta
    output: /datater/wu/data/enterovirus/dsk/forward_2286-2790.h5
    jobid: 12
    wildcards: sample=enterovirus, seg=2286-2790

Select jobs to execute...
[Wed Mar 10 10:06:42 2021]
Finished job 42.
17 of 38 steps (45%) done

[Wed Mar 10 10:06:42 2021]
rule dskForward:
    input: /datater/wu/data/enterovirus/split_forward/position_4572-5076.fasta
    output: /datater/wu/data/enterovirus/dsk/forward_4572-5076.h5
    jobid: 39
    wildcards: sample=enterovirus, seg=4572-5076

Select jobs to execute...

[Wed Mar 10 10:06:42 2021]
rule dskForward:
    input: /datater/wu/data/enterovirus/split_forward/position_3048-3552.fasta
    output: /datater/wu/data/enterovirus/dsk/forward_3048-3552.h5
    jobid: 43
    wildcards: sample=enterovirus, seg=3048-3552

Select jobs to execute...
[Wed Mar 10 10:06:42 2021]
Finished job 10.
18 of 38 steps (47%) done
Select jobs to execute...

[Wed Mar 10 10:06:42 2021]
rule dskForward:
    input: /datater/wu/data/enterovirus/split_forward/position_6604-7108.fasta
    output: /datater/wu/data/enterovirus/dsk/forward_6604-7108.h5
    jobid: 35
    wildcards: sample=enterovirus, seg=6604-7108

[Wed Mar 10 10:06:42 2021]
Finished job 34.
19 of 38 steps (50%) done
Select jobs to execute...
[Wed Mar 10 10:06:42 2021]
Finished job 7.
20 of 38 steps (53%) done

[Wed Mar 10 10:06:42 2021]
rule dskForward:
    input: /datater/wu/data/enterovirus/split_forward/position_0-504.fasta
    output: /datater/wu/data/enterovirus/dsk/forward_0-504.h5
    jobid: 18
    wildcards: sample=enterovirus, seg=0-504

Select jobs to execute...
[Wed Mar 10 10:06:42 2021]
Finished job 41.
21 of 38 steps (55%) done

[Wed Mar 10 10:06:42 2021]
rule dskForward:
    input: /datater/wu/data/enterovirus/split_forward/position_508-1012.fasta
    output: /datater/wu/data/enterovirus/dsk/forward_508-1012.h5
    jobid: 33
    wildcards: sample=enterovirus, seg=508-1012

Select jobs to execute...
[Wed Mar 10 10:06:42 2021]
Finished job 20.
22 of 38 steps (58%) done
[Wed Mar 10 10:06:42 2021]
Finished job 19.
23 of 38 steps (61%) done

[Wed Mar 10 10:06:42 2021]
rule dskForward:
    input: /datater/wu/data/enterovirus/split_forward/position_254-758.fasta
    output: /datater/wu/data/enterovirus/dsk/forward_254-758.h5
    jobid: 13
    wildcards: sample=enterovirus, seg=254-758

Select jobs to execute...

[Wed Mar 10 10:06:42 2021]
rule dskForward:
    input: /datater/wu/data/enterovirus/split_forward/position_1016-1520.fasta
    output: /datater/wu/data/enterovirus/dsk/forward_1016-1520.h5
    jobid: 26
    wildcards: sample=enterovirus, seg=1016-1520


[Wed Mar 10 10:06:42 2021]
rule dskForward:
    input: /datater/wu/data/enterovirus/split_forward/position_3556-4060.fasta
    output: /datater/wu/data/enterovirus/dsk/forward_3556-4060.h5
    jobid: 11
    wildcards: sample=enterovirus, seg=3556-4060

Select jobs to execute...
[Wed Mar 10 10:06:42 2021]
Finished job 40.
24 of 38 steps (63%) done
Select jobs to execute...

[Wed Mar 10 10:06:42 2021]
rule dskForward:
    input: /datater/wu/data/enterovirus/split_forward/position_2540-3044.fasta
    output: /datater/wu/data/enterovirus/dsk/forward_2540-3044.h5
    jobid: 21
    wildcards: sample=enterovirus, seg=2540-3044

[Wed Mar 10 10:06:44 2021]
Finished job 14.
25 of 38 steps (66%) done
Select jobs to execute...

[Wed Mar 10 10:06:44 2021]
rule dskForward:
    input: /datater/wu/data/enterovirus/split_forward/position_2032-2536.fasta
    output: /datater/wu/data/enterovirus/dsk/forward_2032-2536.h5
    jobid: 36
    wildcards: sample=enterovirus, seg=2032-2536

[Wed Mar 10 10:06:44 2021]
Finished job 12.
26 of 38 steps (68%) done
[Wed Mar 10 10:06:44 2021]
Finished job 43.
27 of 38 steps (71%) done
[Wed Mar 10 10:06:44 2021]
Finished job 28.
28 of 38 steps (74%) done
[Wed Mar 10 10:06:44 2021]
Finished job 13.
29 of 38 steps (76%) done
[Wed Mar 10 10:06:44 2021]
Finished job 39.
30 of 38 steps (79%) done
[Wed Mar 10 10:06:44 2021]
Finished job 33.
31 of 38 steps (82%) done
[Wed Mar 10 10:06:44 2021]
Finished job 18.
32 of 38 steps (84%) done
[Wed Mar 10 10:06:44 2021]
Finished job 11.
33 of 38 steps (87%) done
[Wed Mar 10 10:06:44 2021]
Finished job 35.
34 of 38 steps (89%) done
[Wed Mar 10 10:06:44 2021]
Finished job 21.
35 of 38 steps (92%) done
[Wed Mar 10 10:06:44 2021]
Finished job 26.
36 of 38 steps (95%) done
[Wed Mar 10 10:06:47 2021]
Finished job 36.
37 of 38 steps (97%) done
Select jobs to execute...

[Wed Mar 10 10:06:47 2021]
localrule all:
    input: /datater/wu/data/duplicate_removed/enterovirus.uniq, /datater/wu/data/msa/enterovirus.msa, /datater/wu/data/enterovirus/split_forward/position_1270-1774.fasta, /datater/wu/data/enterovirus/split_forward/position_7874-8378.fasta, /datater/wu/data/enterovirus/split_forward/position_8890-9394.fasta, /datater/wu/data/enterovirus/split_forward/position_3810-4314.fasta, /datater/wu/data/enterovirus/split_forward/position_3556-4060.fasta, /datater/wu/data/enterovirus/split_forward/position_2286-2790.fasta, /datater/wu/data/enterovirus/split_forward/position_254-758.fasta, /datater/wu/data/enterovirus/split_forward/position_762-1266.fasta, /datater/wu/data/enterovirus/split_forward/position_8636-9140.fasta, /datater/wu/data/enterovirus/split_forward/position_7366-7870.fasta, /datater/wu/data/enterovirus/split_forward/position_5080-5584.fasta, /datater/wu/data/enterovirus/split_forward/position_0-504.fasta, /datater/wu/data/enterovirus/split_forward/position_6350-6854.fasta, /datater/wu/data/enterovirus/split_forward/position_5588-6092.fasta, /datater/wu/data/enterovirus/split_forward/position_2540-3044.fasta, /datater/wu/data/enterovirus/split_forward/position_9144-9382.fasta, /datater/wu/data/enterovirus/split_forward/position_5842-6346.fasta, /datater/wu/data/enterovirus/split_forward/position_6858-7362.fasta, /datater/wu/data/enterovirus/split_forward/position_1778-2282.fasta, /datater/wu/data/enterovirus/split_forward/position_1016-1520.fasta, /datater/wu/data/enterovirus/split_forward/position_4318-4822.fasta, /datater/wu/data/enterovirus/split_forward/position_3302-3806.fasta, /datater/wu/data/enterovirus/split_forward/position_8128-8632.fasta, /datater/wu/data/enterovirus/split_forward/position_4064-4568.fasta, /datater/wu/data/enterovirus/split_forward/position_7620-8124.fasta, /datater/wu/data/enterovirus/split_forward/position_4826-5330.fasta, /datater/wu/data/enterovirus/split_forward/position_508-1012.fasta, /datater/wu/data/enterovirus/split_forward/position_6096-6600.fasta, /datater/wu/data/enterovirus/split_forward/position_6604-7108.fasta, /datater/wu/data/enterovirus/split_forward/position_2032-2536.fasta, /datater/wu/data/enterovirus/split_forward/position_2794-3298.fasta, /datater/wu/data/enterovirus/split_forward/position_7112-7616.fasta, /datater/wu/data/enterovirus/split_forward/position_4572-5076.fasta, /datater/wu/data/enterovirus/split_forward/position_1524-2028.fasta, /datater/wu/data/enterovirus/split_forward/position_8382-8886.fasta, /datater/wu/data/enterovirus/split_forward/position_5334-5838.fasta, /datater/wu/data/enterovirus/split_forward/position_3048-3552.fasta, /datater/wu/data/enterovirus/dsk/forward_1270-1774.h5, /datater/wu/data/enterovirus/dsk/forward_7874-8378.h5, /datater/wu/data/enterovirus/dsk/forward_8890-9394.h5, /datater/wu/data/enterovirus/dsk/forward_3810-4314.h5, /datater/wu/data/enterovirus/dsk/forward_3556-4060.h5, /datater/wu/data/enterovirus/dsk/forward_2286-2790.h5, /datater/wu/data/enterovirus/dsk/forward_254-758.h5, /datater/wu/data/enterovirus/dsk/forward_762-1266.h5, /datater/wu/data/enterovirus/dsk/forward_8636-9140.h5, /datater/wu/data/enterovirus/dsk/forward_7366-7870.h5, /datater/wu/data/enterovirus/dsk/forward_5080-5584.h5, /datater/wu/data/enterovirus/dsk/forward_0-504.h5, /datater/wu/data/enterovirus/dsk/forward_6350-6854.h5, /datater/wu/data/enterovirus/dsk/forward_5588-6092.h5, /datater/wu/data/enterovirus/dsk/forward_2540-3044.h5, /datater/wu/data/enterovirus/dsk/forward_9144-9382.h5, /datater/wu/data/enterovirus/dsk/forward_5842-6346.h5, /datater/wu/data/enterovirus/dsk/forward_6858-7362.h5, /datater/wu/data/enterovirus/dsk/forward_1778-2282.h5, /datater/wu/data/enterovirus/dsk/forward_1016-1520.h5, /datater/wu/data/enterovirus/dsk/forward_4318-4822.h5, /datater/wu/data/enterovirus/dsk/forward_3302-3806.h5, /datater/wu/data/enterovirus/dsk/forward_8128-8632.h5, /datater/wu/data/enterovirus/dsk/forward_4064-4568.h5, /datater/wu/data/enterovirus/dsk/forward_7620-8124.h5, /datater/wu/data/enterovirus/dsk/forward_4826-5330.h5, /datater/wu/data/enterovirus/dsk/forward_508-1012.h5, /datater/wu/data/enterovirus/dsk/forward_6096-6600.h5, /datater/wu/data/enterovirus/dsk/forward_6604-7108.h5, /datater/wu/data/enterovirus/dsk/forward_2032-2536.h5, /datater/wu/data/enterovirus/dsk/forward_2794-3298.h5, /datater/wu/data/enterovirus/dsk/forward_7112-7616.h5, /datater/wu/data/enterovirus/dsk/forward_4572-5076.h5, /datater/wu/data/enterovirus/dsk/forward_1524-2028.h5, /datater/wu/data/enterovirus/dsk/forward_8382-8886.h5, /datater/wu/data/enterovirus/dsk/forward_5334-5838.h5, /datater/wu/data/enterovirus/dsk/forward_3048-3552.h5
    jobid: 0

[Wed Mar 10 10:06:47 2021]
Finished job 0.
38 of 38 steps (100%) done
Complete log: /datater/wu/stage_m2/.snakemake/log/2021-03-10T100636.727511.snakemake.log
