Building DAG of jobs...
Using shell: /bin/bash
Provided cores: 32
Rules claiming more threads will be scaled down.
Conda environments: ignored
Job counts:
	count	jobs
	1	all
	1	evaluation2
	2
Select jobs to execute...

[Sun May  2 17:23:33 2021]
rule evaluation2:
    input: /datater/wu/data/MSSPE-variant/enterovirus/kmer15/allOligo.set, /datater/wu/data/MSSPE-variant/enterovirus/kmer15/intermediate/aceID-taxID-species.tsv, /datater/wu/data/MSSPE-variant/enterovirus/kmer15/intermediate/allKmerCount.sorted.calculated.bowtie
    output: /datater/wu/data/MSSPE-variant/enterovirus/kmer15/evaluation/allOligo.set.coverage
    jobid: 19
    wildcards: sample=enterovirus

[Sun May  2 17:23:48 2021]
Finished job 19.
1 of 2 steps (50%) done
Select jobs to execute...

[Sun May  2 17:23:48 2021]
localrule all:
    input: /datater/wu/data/MSSPE-variant/enterovirus/enterovirus.uniq, /datater/wu/data/MSSPE-variant/enterovirus/kmer15/intermediate/allKmerCount.int.kmc_pre, /datater/wu/data/MSSPE-variant/enterovirus/kmer15/intermediate/allKmerCount.int.kmc_suf, /datater/wu/data/MSSPE-variant/enterovirus/kmer15/intermediate/allKmerCount.txt, /datater/wu/data/MSSPE-variant/enterovirus/kmer15/intermediate/allKmerCount.sorted.txt, /datater/wu/data/MSSPE-variant/enterovirus/kmer15/allKmerCount.sorted.calculated.txt, /datater/wu/data/MSSPE-variant/enterovirus/kmer15/allKmerCount.sorted.calculated.filtered.txt, /datater/wu/data/MSSPE-variant/enterovirus/kmer15/intermediate/allKmerCount.sorted.calculated.filtered.fasta, /datater/wu/data/RefSeqProkaryota/RefSeqProkaryota.fna.DB.1.ebwt, /datater/wu/data/RefSeqProkaryota/RefSeqProkaryota.fna.DB.2.ebwt, /datater/wu/data/RefSeqProkaryota/RefSeqProkaryota.fna.DB.3.ebwt, /datater/wu/data/RefSeqProkaryota/RefSeqProkaryota.fna.DB.4.ebwt, /datater/wu/data/RefSeqProkaryota/RefSeqProkaryota.fna.DB.rev.1.ebwt, /datater/wu/data/RefSeqProkaryota/RefSeqProkaryota.fna.DB.rev.2.ebwt, /datater/wu/data/MSSPE-variant/enterovirus/kmer15/intermediate/allKmerCount.sorted.calculated.filtered.bowtie, /datater/wu/data/MSSPE-variant/enterovirus/kmer15/allKmerCount.sorted.calculated.filtered.spec.txt, /datater/wu/data/MSSPE-variant/enterovirus/enterovirus0.99.uniq, /datater/wu/data/MSSPE-variant/enterovirus/enterovirus0.99.msa, /datater/wu/data/MSSPE-variant/enterovirus/kmer15/intermediate/allKmerCount.sorted.calculated.fasta, /datater/wu/data/MSSPE-variant/enterovirus/enterovirus0.99.msa.DB.1.ebwt, /datater/wu/data/MSSPE-variant/enterovirus/enterovirus0.99.msa.DB.2.ebwt, /datater/wu/data/MSSPE-variant/enterovirus/enterovirus0.99.msa.DB.3.ebwt, /datater/wu/data/MSSPE-variant/enterovirus/enterovirus0.99.msa.DB.4.ebwt, /datater/wu/data/MSSPE-variant/enterovirus/enterovirus0.99.msa.DB.rev.1.ebwt, /datater/wu/data/MSSPE-variant/enterovirus/enterovirus0.99.msa.DB.rev.2.ebwt, /datater/wu/data/MSSPE-variant/enterovirus/kmer15/intermediate/allKmerCount.sorted.calculated.bowtie, /datater/wu/data/MSSPE-variant/enterovirus/kmer15/intermediate/allKmerCount.sorted.calculated.position, /datater/wu/data/MSSPE-variant/enterovirus/kmer15/allOligo.set, /datater/wu/data/MSSPE-variant/enterovirus/kmer15/intermediate/aceID-taxID-species.tsv, /datater/wu/data/MSSPE-variant/enterovirus/kmer15/evaluation/allOligo.set.coverage, /datater/wu/data/MSSPE-variant/enterovirus/kmer15/evaluation/allOligo_before.tsv, /datater/wu/data/MSSPE-variant/enterovirus/kmer15/evaluation/allOligo_after1.tsv, /datater/wu/data/MSSPE-variant/enterovirus/kmer15/evaluation/allOligo_after2.tsv, /datater/wu/data/MSSPE-variant/enterovirus/kmer15/evaluation/allOligo_after3.tsv
    jobid: 0

[Sun May  2 17:23:48 2021]
Finished job 0.
2 of 2 steps (100%) done
Complete log: /datater/wu/MSSPE/.snakemake/log/2021-05-02T172332.370310.snakemake.log
