Building DAG of jobs...
Using shell: /bin/bash
Provided cores: 12
Rules claiming more threads will be scaled down.
Job counts:
	count	jobs
	1	all
	1	test1
	2
Select jobs to execute...

[Sat May  8 16:41:38 2021]
rule test1:
    input: /datater/wu/data/tmp/sars2_variants.msa
    output: /datater/wu/data/tmp/sars2_variants.msa.1.ebwt, /datater/wu/data/tmp/sars2_variants.msa.2.ebwt, /datater/wu/data/tmp/sars2_variants.msa.3.ebwt, /datater/wu/data/tmp/sars2_variants.msa.4.ebwt, /datater/wu/data/tmp/sars2_variants.msa.rev.1.ebwt, /datater/wu/data/tmp/sars2_variants.msa.rev.2.ebwt
    jobid: 2

[Sat May  8 16:41:47 2021]
Finished job 2.
1 of 2 steps (50%) done
Select jobs to execute...

[Sat May  8 16:41:47 2021]
localrule all:
    input: /datater/wu/data/tmp/sars2_variants.msa, /datater/wu/data/tmp/sars2_variants.msa.1.ebwt, /datater/wu/data/tmp/sars2_variants.msa.2.ebwt, /datater/wu/data/tmp/sars2_variants.msa.3.ebwt, /datater/wu/data/tmp/sars2_variants.msa.4.ebwt, /datater/wu/data/tmp/sars2_variants.msa.rev.1.ebwt, /datater/wu/data/tmp/sars2_variants.msa.rev.2.ebwt
    jobid: 0

[Sat May  8 16:41:47 2021]
Finished job 0.
2 of 2 steps (100%) done
Complete log: /datater/wu/MSSPE/.snakemake/log/2021-05-08T164137.662841.snakemake.log
