Building DAG of jobs...
Using shell: /bin/bash
Provided cores: 12
Rules claiming more threads will be scaled down.
Conda environments: ignored
Job counts:
	count	jobs
	37	add_LC
	1	all
	37	filtering
	37	linguistic_complexity
	37	reverse_parameters
	37	toFasta
	186
Select jobs to execute...

[Fri Mar 12 15:23:13 2021]
rule reverse_parameters:
    input: /datater/wu/data/enterovirus/dsk/reverse1778-2282.kCountSorted
    output: /datater/wu/data/enterovirus/filtering/reverse1778-2282.calculated
    jobid: 133
    wildcards: sample=enterovirus, seg=1778-2282

[Fri Mar 12 15:23:13 2021]
rule reverse_parameters:
    input: /datater/wu/data/enterovirus/dsk/reverse3556-4060.kCountSorted
    output: /datater/wu/data/enterovirus/filtering/reverse3556-4060.calculated
    jobid: 154
    wildcards: sample=enterovirus, seg=3556-4060

[Fri Mar 12 15:23:13 2021]
rule reverse_parameters:
    input: /datater/wu/data/enterovirus/dsk/reverse508-1012.kCountSorted
    output: /datater/wu/data/enterovirus/filtering/reverse508-1012.calculated
    jobid: 139
    wildcards: sample=enterovirus, seg=508-1012

[Fri Mar 12 15:23:13 2021]
rule reverse_parameters:
    input: /datater/wu/data/enterovirus/dsk/reverse6350-6854.kCountSorted
    output: /datater/wu/data/enterovirus/filtering/reverse6350-6854.calculated
    jobid: 132
    wildcards: sample=enterovirus, seg=6350-6854

[Fri Mar 12 15:23:13 2021]
rule reverse_parameters:
    input: /datater/wu/data/enterovirus/dsk/reverse1016-1520.kCountSorted
    output: /datater/wu/data/enterovirus/filtering/reverse1016-1520.calculated
    jobid: 147
    wildcards: sample=enterovirus, seg=1016-1520

[Fri Mar 12 15:23:13 2021]
rule reverse_parameters:
    input: /datater/wu/data/enterovirus/dsk/reverse8382-8886.kCountSorted
    output: /datater/wu/data/enterovirus/filtering/reverse8382-8886.calculated
    jobid: 138
    wildcards: sample=enterovirus, seg=8382-8886

[Fri Mar 12 15:23:13 2021]
rule reverse_parameters:
    input: /datater/wu/data/enterovirus/dsk/reverse0-504.kCountSorted
    output: /datater/wu/data/enterovirus/filtering/reverse0-504.calculated
    jobid: 131
    wildcards: sample=enterovirus, seg=0-504

[Fri Mar 12 15:23:13 2021]
rule reverse_parameters:
    input: /datater/wu/data/enterovirus/dsk/reverse4826-5330.kCountSorted
    output: /datater/wu/data/enterovirus/filtering/reverse4826-5330.calculated
    jobid: 161
    wildcards: sample=enterovirus, seg=4826-5330

[Fri Mar 12 15:23:13 2021]
rule reverse_parameters:
    input: /datater/wu/data/enterovirus/dsk/reverse1270-1774.kCountSorted
    output: /datater/wu/data/enterovirus/filtering/reverse1270-1774.calculated
    jobid: 153
    wildcards: sample=enterovirus, seg=1270-1774

[Fri Mar 12 15:23:13 2021]
rule reverse_parameters:
    input: /datater/wu/data/enterovirus/dsk/reverse5588-6092.kCountSorted
    output: /datater/wu/data/enterovirus/filtering/reverse5588-6092.calculated
    jobid: 146
    wildcards: sample=enterovirus, seg=5588-6092

[Fri Mar 12 15:23:13 2021]
rule reverse_parameters:
    input: /datater/wu/data/enterovirus/dsk/reverse6096-6600.kCountSorted
    output: /datater/wu/data/enterovirus/filtering/reverse6096-6600.calculated
    jobid: 155
    wildcards: sample=enterovirus, seg=6096-6600

[Fri Mar 12 15:23:13 2021]
rule reverse_parameters:
    input: /datater/wu/data/enterovirus/dsk/reverse2794-3298.kCountSorted
    output: /datater/wu/data/enterovirus/filtering/reverse2794-3298.calculated
    jobid: 125
    wildcards: sample=enterovirus, seg=2794-3298

[Fri Mar 12 15:23:14 2021]
Finished job 138.
1 of 186 steps (0.54%) done
Shutting down, this might take some time.
Exiting because a job execution failed. Look above for error message
Complete log: /datater/wu/stage_m2/.snakemake/log/2021-03-12T152312.642323.snakemake.log
