Building DAG of jobs...
Using shell: /bin/bash
Provided cores: 12
Rules claiming more threads will be scaled down.
Conda environments: ignored
Job counts:
	count	jobs
	1	aggregate_allReverseOligo
	1	all
	1	mafft
	1	reverse_filtering
	1	seqkit
	1	splitFiles
	6
Select jobs to execute...

[Thu Mar 25 15:06:13 2021]
rule seqkit:
    input: /datater/wu/data/enterovirus.fasta
    output: /datater/wu/data/enterovirus/enterovirus.uniq
    jobid: 5
    wildcards: sample=enterovirus

[Thu Mar 25 15:06:13 2021]
Finished job 5.
1 of 6 steps (17%) done
Select jobs to execute...

[Thu Mar 25 15:06:13 2021]
rule mafft:
    input: /datater/wu/data/enterovirus/enterovirus.uniq
    output: /datater/wu/data/enterovirus/enterovirus.msa
    log: /datater/wu/data/enterovirus/log/mafft.log
    jobid: 4
    wildcards: sample=enterovirus

[Thu Mar 25 15:09:20 2021]
Finished job 4.
2 of 6 steps (33%) done
Select jobs to execute...

[Thu Mar 25 15:09:20 2021]
checkpoint splitFiles:
    input: /datater/wu/data/enterovirus/enterovirus.msa
    output: /datater/wu/data/enterovirus/splitFiles
    jobid: 3
    wildcards: sample=enterovirus
Downstream jobs will be updated after completion.

Updating job aggregate_allReverseOligo.
MissingInputException in line 1 of /datater/wu/stage_m2/rules/reverse_kmer_dsk.smk:
Missing input files for rule dskReverse:
/datater/wu/data/enterovirus/splitFiles/reverse5842-6346.nessieOut/datater/wu/data/enterovirus/splitFiles/reverse5842-6346.LC.fasta
Removing output files of failed job splitFiles since they might be corrupted:
/datater/wu/data/enterovirus/splitFiles
Shutting down, this might take some time.
Exiting because a job execution failed. Look above for error message
Complete log: /datater/wu/stage_m2/.snakemake/log/2021-03-25T150613.119848.snakemake.log
