Building DAG of jobs...
Using shell: /bin/bash
Provided cores: 12
Rules claiming more threads will be scaled down.
Conda environments: ignored
Job counts:
	count	jobs
	1	all
	37	dskForwardOutput
	37	dskForwardOutputSort
	37	filter_within_seg
	112
Select jobs to execute...

[Wed Mar 10 10:09:14 2021]
rule dskForwardOutput:
    input: /datater/wu/data/enterovirus/dsk/forward_5842-6346.h5
    output: /datater/wu/data/enterovirus/dsk/forward_5842-6346.kCount
    jobid: 76
    wildcards: sample=enterovirus, seg=5842-6346


[Wed Mar 10 10:09:14 2021]
rule dskForwardOutput:
    input: /datater/wu/data/enterovirus/dsk/forward_5334-5838.h5
    output: /datater/wu/data/enterovirus/dsk/forward_5334-5838.kCount
    jobid: 52
    wildcards: sample=enterovirus, seg=5334-5838


[Wed Mar 10 10:09:14 2021]
rule dskForwardOutput:
    input: /datater/wu/data/enterovirus/dsk/forward_4826-5330.h5
    output: /datater/wu/data/enterovirus/dsk/forward_4826-5330.kCount
    jobid: 67
    wildcards: sample=enterovirus, seg=4826-5330


[Wed Mar 10 10:09:14 2021]
rule dskForwardOutput:
    input: /datater/wu/data/enterovirus/dsk/forward_1016-1520.h5
    output: /datater/wu/data/enterovirus/dsk/forward_1016-1520.kCount
    jobid: 82
    wildcards: sample=enterovirus, seg=1016-1520


[Wed Mar 10 10:09:14 2021]
rule dskForwardOutput:
    input: /datater/wu/data/enterovirus/dsk/forward_7366-7870.h5
    output: /datater/wu/data/enterovirus/dsk/forward_7366-7870.kCount
    jobid: 60
    wildcards: sample=enterovirus, seg=7366-7870


[Wed Mar 10 10:09:14 2021]
rule dskForwardOutput:
    input: /datater/wu/data/enterovirus/dsk/forward_5080-5584.h5
    output: /datater/wu/data/enterovirus/dsk/forward_5080-5584.kCount
    jobid: 75
    wildcards: sample=enterovirus, seg=5080-5584


[Wed Mar 10 10:09:14 2021]
rule dskForwardOutput:
    input: /datater/wu/data/enterovirus/dsk/forward_2032-2536.h5
    output: /datater/wu/data/enterovirus/dsk/forward_2032-2536.kCount
    jobid: 81
    wildcards: sample=enterovirus, seg=2032-2536


[Wed Mar 10 10:09:14 2021]
[Wed Mar 10 10:09:14 2021]
Finished job 52.
rule dskForwardOutput:
    input: /datater/wu/data/enterovirus/dsk/forward_8890-9394.h5
    output: /datater/wu/data/enterovirus/dsk/forward_8890-9394.kCount
    jobid: 59
    wildcards: sample=enterovirus, seg=8890-9394
1 of 112 steps (0.89%) done


[Wed Mar 10 10:09:14 2021]
rule dskForwardOutput:
    input: /datater/wu/data/enterovirus/dsk/forward_1778-2282.h5
    output: /datater/wu/data/enterovirus/dsk/forward_1778-2282.kCount
    jobid: 74
    wildcards: sample=enterovirus, seg=1778-2282

[Wed Mar 10 10:09:14 2021]
Finished job 67.
2 of 112 steps (2%) done

[Wed Mar 10 10:09:14 2021]
rule dskForwardOutput:
    input: /datater/wu/data/enterovirus/dsk/forward_6096-6600.h5
    output: /datater/wu/data/enterovirus/dsk/forward_6096-6600.kCount
    jobid: 66
    wildcards: sample=enterovirus, seg=6096-6600

[Wed Mar 10 10:09:14 2021]
Finished job 82.
3 of 112 steps (3%) done

[Wed Mar 10 10:09:14 2021]
rule dskForwardOutput:
    input: /datater/wu/data/enterovirus/dsk/forward_8636-9140.h5
    output: /datater/wu/data/enterovirus/dsk/forward_8636-9140.kCount
    jobid: 53
    wildcards: sample=enterovirus, seg=8636-9140

[Wed Mar 10 10:09:14 2021]
Finished job 60.

4 of 112 steps (4%) done
[Wed Mar 10 10:09:14 2021]
rule dskForwardOutput:
    input: /datater/wu/data/enterovirus/dsk/forward_7620-8124.h5
    output: /datater/wu/data/enterovirus/dsk/forward_7620-8124.kCount
    jobid: 68
    wildcards: sample=enterovirus, seg=7620-8124

[Wed Mar 10 10:09:14 2021]
Finished job 76.
5 of 112 steps (4%) done
[Wed Mar 10 10:09:14 2021]
Finished job 75.
6 of 112 steps (5%) done
[Wed Mar 10 10:09:14 2021]
Finished job 59.
7 of 112 steps (6%) done
[Wed Mar 10 10:09:14 2021]
Finished job 81.
8 of 112 steps (7%) done
Select jobs to execute...
[Wed Mar 10 10:09:14 2021]
Finished job 74.
9 of 112 steps (8%) done
[Wed Mar 10 10:09:14 2021]
Finished job 66.
10 of 112 steps (9%) done
[Wed Mar 10 10:09:14 2021]
Finished job 53.
11 of 112 steps (10%) done
[Wed Mar 10 10:09:14 2021]
Finished job 68.
12 of 112 steps (11%) done

[Wed Mar 10 10:09:14 2021]
rule dskForwardOutputSort:
    input: /datater/wu/data/enterovirus/dsk/forward_7366-7870.kCount
    output: /datater/wu/data/enterovirus/dsk/forward_7366-7870.kCountSorted
    jobid: 97
    wildcards: sample=enterovirus, seg=7366-7870

[Wed Mar 10 10:09:14 2021]
rule dskForwardOutputSort:
    input: /datater/wu/data/enterovirus/dsk/forward_5080-5584.kCount
    output: /datater/wu/data/enterovirus/dsk/forward_5080-5584.kCountSorted
    jobid: 112
    wildcards: sample=enterovirus, seg=5080-5584

[Wed Mar 10 10:09:14 2021]
rule dskForwardOutputSort:
    input: /datater/wu/data/enterovirus/dsk/forward_1016-1520.kCount
    output: /datater/wu/data/enterovirus/dsk/forward_1016-1520.kCountSorted
    jobid: 119
    wildcards: sample=enterovirus, seg=1016-1520

[Wed Mar 10 10:09:14 2021]
rule dskForwardOutputSort:
    input: /datater/wu/data/enterovirus/dsk/forward_5334-5838.kCount
    output: /datater/wu/data/enterovirus/dsk/forward_5334-5838.kCountSorted
    jobid: 89
    wildcards: sample=enterovirus, seg=5334-5838

[Wed Mar 10 10:09:14 2021]
rule dskForwardOutput:
    input: /datater/wu/data/enterovirus/dsk/forward_3556-4060.h5
    output: /datater/wu/data/enterovirus/dsk/forward_3556-4060.kCount
    jobid: 47
    wildcards: sample=enterovirus, seg=3556-4060


[Wed Mar 10 10:09:14 2021]
rule dskForwardOutputSort:
    input: /datater/wu/data/enterovirus/dsk/forward_4826-5330.kCount
    output: /datater/wu/data/enterovirus/dsk/forward_4826-5330.kCountSorted
    jobid: 104
    wildcards: sample=enterovirus, seg=4826-5330

[Wed Mar 10 10:09:14 2021]
rule dskForwardOutput:
    input: /datater/wu/data/enterovirus/dsk/forward_3810-4314.h5
    output: /datater/wu/data/enterovirus/dsk/forward_3810-4314.kCount
    jobid: 51
    wildcards: sample=enterovirus, seg=3810-4314


[Wed Mar 10 10:09:14 2021]
rule dskForwardOutputSort:
    input: /datater/wu/data/enterovirus/dsk/forward_8890-9394.kCount
    output: /datater/wu/data/enterovirus/dsk/forward_8890-9394.kCountSorted
    jobid: 96
    wildcards: sample=enterovirus, seg=8890-9394

[Wed Mar 10 10:09:14 2021]
rule dskForwardOutput:
    input: /datater/wu/data/enterovirus/dsk/forward_8128-8632.h5
    output: /datater/wu/data/enterovirus/dsk/forward_8128-8632.kCount
    jobid: 83
    wildcards: sample=enterovirus, seg=8128-8632

Select jobs to execute...
[Wed Mar 10 10:09:14 2021]
Finished job 51.
13 of 112 steps (12%) done
[Wed Mar 10 10:09:14 2021]
Finished job 47.
14 of 112 steps (12%) done
[Wed Mar 10 10:09:14 2021]
Finished job 83.
15 of 112 steps (13%) done

[Wed Mar 10 10:09:14 2021]
rule dskForwardOutput:
    input: /datater/wu/data/enterovirus/dsk/forward_254-758.h5
    output: /datater/wu/data/enterovirus/dsk/forward_254-758.kCount
    jobid: 73
    wildcards: sample=enterovirus, seg=254-758


[Wed Mar 10 10:09:15 2021]
rule dskForwardOutput:
    input: /datater/wu/data/enterovirus/dsk/forward_4318-4822.h5
    output: /datater/wu/data/enterovirus/dsk/forward_4318-4822.kCount
    jobid: 63
    wildcards: sample=enterovirus, seg=4318-4822


[Wed Mar 10 10:09:15 2021]
rule dskForwardOutput:
    input: /datater/wu/data/enterovirus/dsk/forward_8382-8886.h5
    output: /datater/wu/data/enterovirus/dsk/forward_8382-8886.kCount
    jobid: 78
    wildcards: sample=enterovirus, seg=8382-8886

Select jobs to execute...
[Wed Mar 10 10:09:15 2021]
Finished job 73.
16 of 112 steps (14%) done
[Wed Mar 10 10:09:15 2021]
Finished job 63.
17 of 112 steps (15%) done
[Wed Mar 10 10:09:15 2021]
Finished job 78.
18 of 112 steps (16%) done

[Wed Mar 10 10:09:15 2021]
rule dskForwardOutput:
    input: /datater/wu/data/enterovirus/dsk/forward_6858-7362.h5
    output: /datater/wu/data/enterovirus/dsk/forward_6858-7362.kCount
    jobid: 56
    wildcards: sample=enterovirus, seg=6858-7362


[Wed Mar 10 10:09:15 2021]
rule dskForwardOutputSort:
    input: /datater/wu/data/enterovirus/dsk/forward_6096-6600.kCount
    output: /datater/wu/data/enterovirus/dsk/forward_6096-6600.kCountSorted
    jobid: 103
    wildcards: sample=enterovirus, seg=6096-6600

[Wed Mar 10 10:09:15 2021]
rule dskForwardOutput:
    input: /datater/wu/data/enterovirus/dsk/forward_6350-6854.h5
    output: /datater/wu/data/enterovirus/dsk/forward_6350-6854.kCount
    jobid: 48
    wildcards: sample=enterovirus, seg=6350-6854

Select jobs to execute...
[Wed Mar 10 10:09:15 2021]
Finished job 56.
19 of 112 steps (17%) done
[Wed Mar 10 10:09:15 2021]
Finished job 48.
20 of 112 steps (18%) done

[Wed Mar 10 10:09:15 2021]
rule dskForwardOutputSort:
    input: /datater/wu/data/enterovirus/dsk/forward_8382-8886.kCount
    output: /datater/wu/data/enterovirus/dsk/forward_8382-8886.kCountSorted
    jobid: 115
    wildcards: sample=enterovirus, seg=8382-8886

[Wed Mar 10 10:09:15 2021]
rule dskForwardOutputSort:
    input: /datater/wu/data/enterovirus/dsk/forward_3810-4314.kCount
    output: /datater/wu/data/enterovirus/dsk/forward_3810-4314.kCountSorted
    jobid: 88
    wildcards: sample=enterovirus, seg=3810-4314

[Wed Mar 10 10:09:15 2021]
rule dskForwardOutputSort:
    input: /datater/wu/data/enterovirus/dsk/forward_4318-4822.kCount
    output: /datater/wu/data/enterovirus/dsk/forward_4318-4822.kCountSorted
    jobid: 100
    wildcards: sample=enterovirus, seg=4318-4822

Select jobs to execute...

[Wed Mar 10 10:09:15 2021]
rule dskForwardOutputSort:
    input: /datater/wu/data/enterovirus/dsk/forward_2032-2536.kCount
    output: /datater/wu/data/enterovirus/dsk/forward_2032-2536.kCountSorted
    jobid: 118
    wildcards: sample=enterovirus, seg=2032-2536

[Wed Mar 10 10:09:15 2021]
rule dskForwardOutput:
    input: /datater/wu/data/enterovirus/dsk/forward_762-1266.h5
    output: /datater/wu/data/enterovirus/dsk/forward_762-1266.kCount
    jobid: 71
    wildcards: sample=enterovirus, seg=762-1266

Select jobs to execute...
Select jobs to execute...
Select jobs to execute...
Select jobs to execute...
Select jobs to execute...
Select jobs to execute...
Select jobs to execute...
Select jobs to execute...
Select jobs to execute...
Select jobs to execute...
Select jobs to execute...
Select jobs to execute...
Select jobs to execute...
Select jobs to execute...
Select jobs to execute...
[Wed Mar 10 10:09:15 2021]
Finished job 71.
21 of 112 steps (19%) done
Select jobs to execute...

[Wed Mar 10 10:09:15 2021]
rule dskForwardOutput:
    input: /datater/wu/data/enterovirus/dsk/forward_4064-4568.h5
    output: /datater/wu/data/enterovirus/dsk/forward_4064-4568.kCount
    jobid: 54
    wildcards: sample=enterovirus, seg=4064-4568

[Wed Mar 10 10:09:15 2021]
Finished job 54.
22 of 112 steps (20%) done
Select jobs to execute...

[Wed Mar 10 10:09:15 2021]
rule dskForwardOutput:
    input: /datater/wu/data/enterovirus/dsk/forward_508-1012.h5
    output: /datater/wu/data/enterovirus/dsk/forward_508-1012.kCount
    jobid: 61
    wildcards: sample=enterovirus, seg=508-1012

[Wed Mar 10 10:09:15 2021]
Finished job 61.
23 of 112 steps (21%) done
Select jobs to execute...

[Wed Mar 10 10:09:15 2021]
rule dskForwardOutput:
    input: /datater/wu/data/enterovirus/dsk/forward_9144-9382.h5
    output: /datater/wu/data/enterovirus/dsk/forward_9144-9382.kCount
    jobid: 69
    wildcards: sample=enterovirus, seg=9144-9382

[Wed Mar 10 10:09:15 2021]
Finished job 69.
24 of 112 steps (21%) done
Select jobs to execute...

[Wed Mar 10 10:09:15 2021]
rule dskForwardOutputSort:
    input: /datater/wu/data/enterovirus/dsk/forward_4064-4568.kCount
    output: /datater/wu/data/enterovirus/dsk/forward_4064-4568.kCountSorted
    jobid: 91
    wildcards: sample=enterovirus, seg=4064-4568

[Wed Mar 10 10:09:15 2021]
Finished job 119.
25 of 112 steps (22%) done
[Wed Mar 10 10:09:15 2021]
Finished job 112.
26 of 112 steps (23%) done
Select jobs to execute...
[Wed Mar 10 10:09:15 2021]
Finished job 89.
27 of 112 steps (24%) done

[Wed Mar 10 10:09:15 2021]
rule dskForwardOutputSort:
    input: /datater/wu/data/enterovirus/dsk/forward_8636-9140.kCount
    output: /datater/wu/data/enterovirus/dsk/forward_8636-9140.kCountSorted
    jobid: 90
    wildcards: sample=enterovirus, seg=8636-9140

[Wed Mar 10 10:09:15 2021]
rule dskForwardOutput:
    input: /datater/wu/data/enterovirus/dsk/forward_2794-3298.h5
    output: /datater/wu/data/enterovirus/dsk/forward_2794-3298.kCount
    jobid: 49
    wildcards: sample=enterovirus, seg=2794-3298

[Wed Mar 10 10:09:15 2021]
Finished job 96.
28 of 112 steps (25%) done
Select jobs to execute...
[Wed Mar 10 10:09:15 2021]
Finished job 104.
29 of 112 steps (26%) done
[Wed Mar 10 10:09:15 2021]
Finished job 49.
30 of 112 steps (27%) done
[Wed Mar 10 10:09:15 2021]
Finished job 97.
31 of 112 steps (28%) done

[Wed Mar 10 10:09:15 2021]
rule dskForwardOutputSort:
    input: /datater/wu/data/enterovirus/dsk/forward_7620-8124.kCount
    output: /datater/wu/data/enterovirus/dsk/forward_7620-8124.kCountSorted
    jobid: 105
    wildcards: sample=enterovirus, seg=7620-8124

[Wed Mar 10 10:09:15 2021]
rule dskForwardOutput:
    input: /datater/wu/data/enterovirus/dsk/forward_6604-7108.h5
    output: /datater/wu/data/enterovirus/dsk/forward_6604-7108.kCount
    jobid: 64
    wildcards: sample=enterovirus, seg=6604-7108

Select jobs to execute...
[Wed Mar 10 10:09:15 2021]
Finished job 103.
32 of 112 steps (29%) done
[Wed Mar 10 10:09:15 2021]
Finished job 88.
33 of 112 steps (29%) done
[Wed Mar 10 10:09:15 2021]
Finished job 64.
34 of 112 steps (30%) done

[Wed Mar 10 10:09:15 2021]
rule filter_within_seg:
    input: /datater/wu/data/enterovirus/dsk/forward_1016-1520.kCountSorted
    output: /datater/wu/data/enterovirus/primer3_Tm/forward_1016-1520.Tm
    jobid: 156
    wildcards: sample=enterovirus, seg=1016-1520

[Wed Mar 10 10:09:15 2021]
rule dskForwardOutputSort:
    input: /datater/wu/data/enterovirus/dsk/forward_2794-3298.kCount
    output: /datater/wu/data/enterovirus/dsk/forward_2794-3298.kCountSorted
    jobid: 86
    wildcards: sample=enterovirus, seg=2794-3298

[Wed Mar 10 10:09:15 2021]
rule dskForwardOutputSort:
    input: /datater/wu/data/enterovirus/dsk/forward_762-1266.kCount
    output: /datater/wu/data/enterovirus/dsk/forward_762-1266.kCountSorted
    jobid: 108
    wildcards: sample=enterovirus, seg=762-1266

Select jobs to execute...
[Wed Mar 10 10:09:15 2021]
Finished job 100.
35 of 112 steps (31%) done

[Wed Mar 10 10:09:15 2021]
rule dskForwardOutputSort:
    input: /datater/wu/data/enterovirus/dsk/forward_8128-8632.kCount
    output: /datater/wu/data/enterovirus/dsk/forward_8128-8632.kCountSorted
    jobid: 120
    wildcards: sample=enterovirus, seg=8128-8632

[Wed Mar 10 10:09:15 2021]
rule dskForwardOutputSort:
    input: /datater/wu/data/enterovirus/dsk/forward_6604-7108.kCount
    output: /datater/wu/data/enterovirus/dsk/forward_6604-7108.kCountSorted
    jobid: 101
    wildcards: sample=enterovirus, seg=6604-7108

[Wed Mar 10 10:09:15 2021]
rule dskForwardOutput:
    input: /datater/wu/data/enterovirus/dsk/forward_1524-2028.h5
    output: /datater/wu/data/enterovirus/dsk/forward_1524-2028.kCount
    jobid: 79
    wildcards: sample=enterovirus, seg=1524-2028

[Wed Mar 10 10:09:15 2021]
Finished job 115.
36 of 112 steps (32%) done
Select jobs to execute...
[Wed Mar 10 10:09:15 2021]
Finished job 118.
37 of 112 steps (33%) done
[Wed Mar 10 10:09:15 2021]
Finished job 79.
38 of 112 steps (34%) done

[Wed Mar 10 10:09:15 2021]
rule filter_within_seg:
    input: /datater/wu/data/enterovirus/dsk/forward_8382-8886.kCountSorted
    output: /datater/wu/data/enterovirus/primer3_Tm/forward_8382-8886.Tm
    jobid: 152
    wildcards: sample=enterovirus, seg=8382-8886

[Wed Mar 10 10:09:15 2021]
rule filter_within_seg:
    input: /datater/wu/data/enterovirus/dsk/forward_3810-4314.kCountSorted
    output: /datater/wu/data/enterovirus/primer3_Tm/forward_3810-4314.Tm
    jobid: 125
    wildcards: sample=enterovirus, seg=3810-4314

Select jobs to execute...

[Wed Mar 10 10:09:15 2021]
rule dskForwardOutputSort:
    input: /datater/wu/data/enterovirus/dsk/forward_1524-2028.kCount
    output: /datater/wu/data/enterovirus/dsk/forward_1524-2028.kCountSorted
    jobid: 116
    wildcards: sample=enterovirus, seg=1524-2028

[Wed Mar 10 10:09:15 2021]
rule filter_within_seg:
    input: /datater/wu/data/enterovirus/dsk/forward_2032-2536.kCountSorted
    output: /datater/wu/data/enterovirus/primer3_Tm/forward_2032-2536.Tm
    jobid: 155
    wildcards: sample=enterovirus, seg=2032-2536

Select jobs to execute...
Select jobs to execute...
Select jobs to execute...
Select jobs to execute...
Select jobs to execute...
Select jobs to execute...
Select jobs to execute...
Select jobs to execute...
[Wed Mar 10 10:09:16 2021]
Finished job 91.
39 of 112 steps (35%) done
Select jobs to execute...

[Wed Mar 10 10:09:16 2021]
rule dskForwardOutputSort:
    input: /datater/wu/data/enterovirus/dsk/forward_3556-4060.kCount
    output: /datater/wu/data/enterovirus/dsk/forward_3556-4060.kCountSorted
    jobid: 84
    wildcards: sample=enterovirus, seg=3556-4060

[Wed Mar 10 10:09:16 2021]
Finished job 105.
40 of 112 steps (36%) done
[Wed Mar 10 10:09:16 2021]
Finished job 90.
41 of 112 steps (37%) done
Select jobs to execute...

[Wed Mar 10 10:09:16 2021]
rule filter_within_seg:
    input: /datater/wu/data/enterovirus/dsk/forward_5334-5838.kCountSorted
    output: /datater/wu/data/enterovirus/primer3_Tm/forward_5334-5838.Tm
    jobid: 126
    wildcards: sample=enterovirus, seg=5334-5838

[Wed Mar 10 10:09:16 2021]
rule dskForwardOutput:
    input: /datater/wu/data/enterovirus/dsk/forward_0-504.h5
    output: /datater/wu/data/enterovirus/dsk/forward_0-504.kCount
    jobid: 57
    wildcards: sample=enterovirus, seg=0-504

Select jobs to execute...
[Wed Mar 10 10:09:16 2021]
Finished job 101.
42 of 112 steps (38%) done
[Wed Mar 10 10:09:16 2021]
Finished job 108.
43 of 112 steps (38%) done
Select jobs to execute...
[Wed Mar 10 10:09:16 2021]
Finished job 57.
44 of 112 steps (39%) done

[Wed Mar 10 10:09:16 2021]
rule filter_within_seg:
    input: /datater/wu/data/enterovirus/dsk/forward_5080-5584.kCountSorted
    output: /datater/wu/data/enterovirus/primer3_Tm/forward_5080-5584.Tm
    jobid: 149
    wildcards: sample=enterovirus, seg=5080-5584

[Wed Mar 10 10:09:16 2021]
rule filter_within_seg:
    input: /datater/wu/data/enterovirus/dsk/forward_762-1266.kCountSorted
    output: /datater/wu/data/enterovirus/primer3_Tm/forward_762-1266.Tm
    jobid: 145
    wildcards: sample=enterovirus, seg=762-1266

Select jobs to execute...
[Wed Mar 10 10:09:16 2021]
Finished job 120.
45 of 112 steps (40%) done
[Wed Mar 10 10:09:16 2021]
Finished job 86.
46 of 112 steps (41%) done

[Wed Mar 10 10:09:16 2021]
rule dskForwardOutputSort:
    input: /datater/wu/data/enterovirus/dsk/forward_9144-9382.kCount
    output: /datater/wu/data/enterovirus/dsk/forward_9144-9382.kCountSorted
    jobid: 106
    wildcards: sample=enterovirus, seg=9144-9382

Select jobs to execute...

[Wed Mar 10 10:09:16 2021]
rule filter_within_seg:
    input: /datater/wu/data/enterovirus/dsk/forward_4826-5330.kCountSorted
    output: /datater/wu/data/enterovirus/primer3_Tm/forward_4826-5330.Tm
    jobid: 141
    wildcards: sample=enterovirus, seg=4826-5330

[Wed Mar 10 10:09:16 2021]
rule filter_within_seg:
    input: /datater/wu/data/enterovirus/dsk/forward_6604-7108.kCountSorted
    output: /datater/wu/data/enterovirus/primer3_Tm/forward_6604-7108.Tm
    jobid: 138
    wildcards: sample=enterovirus, seg=6604-7108

Select jobs to execute...
Select jobs to execute...
[Wed Mar 10 10:09:16 2021]
Finished job 116.
47 of 112 steps (42%) done
Select jobs to execute...
[Wed Mar 10 10:09:16 2021]
Finished job 156.
48 of 112 steps (43%) done

[Wed Mar 10 10:09:16 2021]
rule dskForwardOutput:
    input: /datater/wu/data/enterovirus/dsk/forward_7874-8378.h5
    output: /datater/wu/data/enterovirus/dsk/forward_7874-8378.kCount
    jobid: 70
    wildcards: sample=enterovirus, seg=7874-8378

Select jobs to execute...
[Wed Mar 10 10:09:16 2021]
Finished job 70.
49 of 112 steps (44%) done

[Wed Mar 10 10:09:16 2021]
rule dskForwardOutput:
    input: /datater/wu/data/enterovirus/dsk/forward_3048-3552.h5
    output: /datater/wu/data/enterovirus/dsk/forward_3048-3552.kCount
    jobid: 55
    wildcards: sample=enterovirus, seg=3048-3552

Select jobs to execute...

[Wed Mar 10 10:09:16 2021]
rule dskForwardOutputSort:
    input: /datater/wu/data/enterovirus/dsk/forward_6350-6854.kCount
    output: /datater/wu/data/enterovirus/dsk/forward_6350-6854.kCountSorted
    jobid: 85
    wildcards: sample=enterovirus, seg=6350-6854

[Wed Mar 10 10:09:16 2021]
Finished job 55.
50 of 112 steps (45%) done
Select jobs to execute...

[Wed Mar 10 10:09:16 2021]
rule dskForwardOutputSort:
    input: /datater/wu/data/enterovirus/dsk/forward_3048-3552.kCount
    output: /datater/wu/data/enterovirus/dsk/forward_3048-3552.kCountSorted
    jobid: 92
    wildcards: sample=enterovirus, seg=3048-3552

[Wed Mar 10 10:09:16 2021]
Finished job 84.
51 of 112 steps (46%) done
Select jobs to execute...

[Wed Mar 10 10:09:16 2021]
rule filter_within_seg:
    input: /datater/wu/data/enterovirus/dsk/forward_3556-4060.kCountSorted
    output: /datater/wu/data/enterovirus/primer3_Tm/forward_3556-4060.Tm
    jobid: 121
    wildcards: sample=enterovirus, seg=3556-4060

[Wed Mar 10 10:09:17 2021]
Finished job 106.
52 of 112 steps (46%) done
Select jobs to execute...

[Wed Mar 10 10:09:17 2021]
rule filter_within_seg:
    input: /datater/wu/data/enterovirus/dsk/forward_4064-4568.kCountSorted
    output: /datater/wu/data/enterovirus/primer3_Tm/forward_4064-4568.Tm
    jobid: 128
    wildcards: sample=enterovirus, seg=4064-4568

[Wed Mar 10 10:09:17 2021]
Finished job 85.
53 of 112 steps (47%) done
Select jobs to execute...

[Wed Mar 10 10:09:17 2021]
rule dskForwardOutput:
    input: /datater/wu/data/enterovirus/dsk/forward_2286-2790.h5
    output: /datater/wu/data/enterovirus/dsk/forward_2286-2790.kCount
    jobid: 77
    wildcards: sample=enterovirus, seg=2286-2790

[Wed Mar 10 10:09:17 2021]
Finished job 92.
54 of 112 steps (48%) done
Select jobs to execute...
[Wed Mar 10 10:09:17 2021]
Finished job 77.
55 of 112 steps (49%) done

[Wed Mar 10 10:09:17 2021]
rule filter_within_seg:
    input: /datater/wu/data/enterovirus/dsk/forward_3048-3552.kCountSorted
    output: /datater/wu/data/enterovirus/primer3_Tm/forward_3048-3552.Tm
    jobid: 129
    wildcards: sample=enterovirus, seg=3048-3552

Select jobs to execute...

[Wed Mar 10 10:09:17 2021]
rule filter_within_seg:
    input: /datater/wu/data/enterovirus/dsk/forward_9144-9382.kCountSorted
    output: /datater/wu/data/enterovirus/primer3_Tm/forward_9144-9382.Tm
    jobid: 143
    wildcards: sample=enterovirus, seg=9144-9382

[Wed Mar 10 10:09:19 2021]
Finished job 143.
56 of 112 steps (50%) done
Select jobs to execute...

[Wed Mar 10 10:09:19 2021]
rule dskForwardOutput:
    input: /datater/wu/data/enterovirus/dsk/forward_3302-3806.h5
    output: /datater/wu/data/enterovirus/dsk/forward_3302-3806.kCount
    jobid: 62
    wildcards: sample=enterovirus, seg=3302-3806

[Wed Mar 10 10:09:19 2021]
Finished job 62.
57 of 112 steps (51%) done
Select jobs to execute...

[Wed Mar 10 10:09:19 2021]
rule dskForwardOutputSort:
    input: /datater/wu/data/enterovirus/dsk/forward_2286-2790.kCount
    output: /datater/wu/data/enterovirus/dsk/forward_2286-2790.kCountSorted
    jobid: 114
    wildcards: sample=enterovirus, seg=2286-2790

[Wed Mar 10 10:09:19 2021]
Finished job 145.
58 of 112 steps (52%) done
Select jobs to execute...

[Wed Mar 10 10:09:19 2021]
rule dskForwardOutputSort:
    input: /datater/wu/data/enterovirus/dsk/forward_7874-8378.kCount
    output: /datater/wu/data/enterovirus/dsk/forward_7874-8378.kCountSorted
    jobid: 107
    wildcards: sample=enterovirus, seg=7874-8378

[Wed Mar 10 10:09:20 2021]
Finished job 114.
59 of 112 steps (53%) done
Select jobs to execute...

[Wed Mar 10 10:09:20 2021]
rule filter_within_seg:
    input: /datater/wu/data/enterovirus/dsk/forward_2286-2790.kCountSorted
    output: /datater/wu/data/enterovirus/primer3_Tm/forward_2286-2790.Tm
    jobid: 151
    wildcards: sample=enterovirus, seg=2286-2790

[Wed Mar 10 10:09:20 2021]
Finished job 107.
60 of 112 steps (54%) done
Select jobs to execute...

[Wed Mar 10 10:09:20 2021]
rule filter_within_seg:
    input: /datater/wu/data/enterovirus/dsk/forward_7874-8378.kCountSorted
    output: /datater/wu/data/enterovirus/primer3_Tm/forward_7874-8378.Tm
    jobid: 144
    wildcards: sample=enterovirus, seg=7874-8378

[Wed Mar 10 10:09:45 2021]
Finished job 126.
61 of 112 steps (54%) done
Select jobs to execute...

[Wed Mar 10 10:09:45 2021]
rule filter_within_seg:
    input: /datater/wu/data/enterovirus/dsk/forward_6350-6854.kCountSorted
    output: /datater/wu/data/enterovirus/primer3_Tm/forward_6350-6854.Tm
    jobid: 122
    wildcards: sample=enterovirus, seg=6350-6854

[Wed Mar 10 10:09:45 2021]
Finished job 125.
62 of 112 steps (55%) done
Select jobs to execute...

[Wed Mar 10 10:09:45 2021]
rule dskForwardOutputSort:
    input: /datater/wu/data/enterovirus/dsk/forward_6858-7362.kCount
    output: /datater/wu/data/enterovirus/dsk/forward_6858-7362.kCountSorted
    jobid: 93
    wildcards: sample=enterovirus, seg=6858-7362

[Wed Mar 10 10:09:46 2021]
Finished job 93.
63 of 112 steps (56%) done
Select jobs to execute...

[Wed Mar 10 10:09:46 2021]
rule filter_within_seg:
    input: /datater/wu/data/enterovirus/dsk/forward_6858-7362.kCountSorted
    output: /datater/wu/data/enterovirus/primer3_Tm/forward_6858-7362.Tm
    jobid: 130
    wildcards: sample=enterovirus, seg=6858-7362

[Wed Mar 10 10:10:08 2021]
Finished job 138.
64 of 112 steps (57%) done
Select jobs to execute...

[Wed Mar 10 10:10:08 2021]
rule filter_within_seg:
    input: /datater/wu/data/enterovirus/dsk/forward_4318-4822.kCountSorted
    output: /datater/wu/data/enterovirus/primer3_Tm/forward_4318-4822.Tm
    jobid: 137
    wildcards: sample=enterovirus, seg=4318-4822

[Wed Mar 10 10:10:08 2021]
Finished job 151.
65 of 112 steps (58%) done
Select jobs to execute...

[Wed Mar 10 10:10:08 2021]
rule dskForwardOutput:
    input: /datater/wu/data/enterovirus/dsk/forward_4572-5076.h5
    output: /datater/wu/data/enterovirus/dsk/forward_4572-5076.kCount
    jobid: 72
    wildcards: sample=enterovirus, seg=4572-5076

[Wed Mar 10 10:10:09 2021]
Finished job 72.
66 of 112 steps (59%) done
Select jobs to execute...

[Wed Mar 10 10:10:09 2021]
rule dskForwardOutputSort:
    input: /datater/wu/data/enterovirus/dsk/forward_4572-5076.kCount
    output: /datater/wu/data/enterovirus/dsk/forward_4572-5076.kCountSorted
    jobid: 109
    wildcards: sample=enterovirus, seg=4572-5076

[Wed Mar 10 10:10:10 2021]
Finished job 109.
67 of 112 steps (60%) done
Select jobs to execute...

[Wed Mar 10 10:10:10 2021]
rule filter_within_seg:
    input: /datater/wu/data/enterovirus/dsk/forward_4572-5076.kCountSorted
    output: /datater/wu/data/enterovirus/primer3_Tm/forward_4572-5076.Tm
    jobid: 146
    wildcards: sample=enterovirus, seg=4572-5076

[Wed Mar 10 10:10:11 2021]
Finished job 152.
68 of 112 steps (61%) done
Select jobs to execute...

[Wed Mar 10 10:10:11 2021]
rule dskForwardOutputSort:
    input: /datater/wu/data/enterovirus/dsk/forward_3302-3806.kCount
    output: /datater/wu/data/enterovirus/dsk/forward_3302-3806.kCountSorted
    jobid: 99
    wildcards: sample=enterovirus, seg=3302-3806

[Wed Mar 10 10:10:12 2021]
Finished job 99.
69 of 112 steps (62%) done
Select jobs to execute...

[Wed Mar 10 10:10:12 2021]
rule dskForwardOutput:
    input: /datater/wu/data/enterovirus/dsk/forward_1270-1774.h5
    output: /datater/wu/data/enterovirus/dsk/forward_1270-1774.kCount
    jobid: 65
    wildcards: sample=enterovirus, seg=1270-1774

[Wed Mar 10 10:10:12 2021]
Finished job 65.
70 of 112 steps (62%) done
Select jobs to execute...

[Wed Mar 10 10:10:12 2021]
rule dskForwardOutput:
    input: /datater/wu/data/enterovirus/dsk/forward_2540-3044.h5
    output: /datater/wu/data/enterovirus/dsk/forward_2540-3044.kCount
    jobid: 80
    wildcards: sample=enterovirus, seg=2540-3044

[Wed Mar 10 10:10:12 2021]
Finished job 80.
71 of 112 steps (63%) done
Select jobs to execute...

[Wed Mar 10 10:10:12 2021]
rule dskForwardOutput:
    input: /datater/wu/data/enterovirus/dsk/forward_7112-7616.h5
    output: /datater/wu/data/enterovirus/dsk/forward_7112-7616.kCount
    jobid: 58
    wildcards: sample=enterovirus, seg=7112-7616

[Wed Mar 10 10:10:12 2021]
Finished job 58.
72 of 112 steps (64%) done
Select jobs to execute...

[Wed Mar 10 10:10:12 2021]
rule dskForwardOutputSort:
    input: /datater/wu/data/enterovirus/dsk/forward_254-758.kCount
    output: /datater/wu/data/enterovirus/dsk/forward_254-758.kCountSorted
    jobid: 110
    wildcards: sample=enterovirus, seg=254-758

[Wed Mar 10 10:10:13 2021]
Finished job 110.
73 of 112 steps (65%) done
Select jobs to execute...

[Wed Mar 10 10:10:13 2021]
rule dskForwardOutputSort:
    input: /datater/wu/data/enterovirus/dsk/forward_7112-7616.kCount
    output: /datater/wu/data/enterovirus/dsk/forward_7112-7616.kCountSorted
    jobid: 95
    wildcards: sample=enterovirus, seg=7112-7616

[Wed Mar 10 10:10:14 2021]
Finished job 129.
74 of 112 steps (66%) done
Select jobs to execute...

[Wed Mar 10 10:10:14 2021]
rule filter_within_seg:
    input: /datater/wu/data/enterovirus/dsk/forward_254-758.kCountSorted
    output: /datater/wu/data/enterovirus/primer3_Tm/forward_254-758.Tm
    jobid: 147
    wildcards: sample=enterovirus, seg=254-758

[Wed Mar 10 10:10:14 2021]
Finished job 95.
75 of 112 steps (67%) done
Select jobs to execute...

[Wed Mar 10 10:10:14 2021]
rule filter_within_seg:
    input: /datater/wu/data/enterovirus/dsk/forward_7112-7616.kCountSorted
    output: /datater/wu/data/enterovirus/primer3_Tm/forward_7112-7616.Tm
    jobid: 132
    wildcards: sample=enterovirus, seg=7112-7616

[Wed Mar 10 10:10:15 2021]
Finished job 147.
76 of 112 steps (68%) done
Select jobs to execute...

[Wed Mar 10 10:10:15 2021]
rule filter_within_seg:
    input: /datater/wu/data/enterovirus/dsk/forward_7366-7870.kCountSorted
    output: /datater/wu/data/enterovirus/primer3_Tm/forward_7366-7870.Tm
    jobid: 134
    wildcards: sample=enterovirus, seg=7366-7870

[Wed Mar 10 10:10:18 2021]
Finished job 141.
77 of 112 steps (69%) done
Select jobs to execute...

[Wed Mar 10 10:10:18 2021]
rule dskForwardOutputSort:
    input: /datater/wu/data/enterovirus/dsk/forward_2540-3044.kCount
    output: /datater/wu/data/enterovirus/dsk/forward_2540-3044.kCountSorted
    jobid: 117
    wildcards: sample=enterovirus, seg=2540-3044

[Wed Mar 10 10:10:19 2021]
Finished job 117.
78 of 112 steps (70%) done
Select jobs to execute...

[Wed Mar 10 10:10:19 2021]
rule dskForwardOutputSort:
    input: /datater/wu/data/enterovirus/dsk/forward_1778-2282.kCount
    output: /datater/wu/data/enterovirus/dsk/forward_1778-2282.kCountSorted
    jobid: 111
    wildcards: sample=enterovirus, seg=1778-2282

[Wed Mar 10 10:10:20 2021]
Finished job 111.
79 of 112 steps (71%) done
Select jobs to execute...

[Wed Mar 10 10:10:20 2021]
rule filter_within_seg:
    input: /datater/wu/data/enterovirus/dsk/forward_8890-9394.kCountSorted
    output: /datater/wu/data/enterovirus/primer3_Tm/forward_8890-9394.Tm
    jobid: 133
    wildcards: sample=enterovirus, seg=8890-9394

[Wed Mar 10 10:10:21 2021]
Finished job 128.
80 of 112 steps (71%) done
Select jobs to execute...

[Wed Mar 10 10:10:22 2021]
rule filter_within_seg:
    input: /datater/wu/data/enterovirus/dsk/forward_1778-2282.kCountSorted
    output: /datater/wu/data/enterovirus/primer3_Tm/forward_1778-2282.Tm
    jobid: 148
    wildcards: sample=enterovirus, seg=1778-2282

[Wed Mar 10 10:10:22 2021]
Finished job 133.
81 of 112 steps (72%) done
Select jobs to execute...

[Wed Mar 10 10:10:22 2021]
rule dskForwardOutputSort:
    input: /datater/wu/data/enterovirus/dsk/forward_5842-6346.kCount
    output: /datater/wu/data/enterovirus/dsk/forward_5842-6346.kCountSorted
    jobid: 113
    wildcards: sample=enterovirus, seg=5842-6346

[Wed Mar 10 10:10:22 2021]
Finished job 155.
82 of 112 steps (73%) done
Select jobs to execute...

[Wed Mar 10 10:10:22 2021]
rule filter_within_seg:
    input: /datater/wu/data/enterovirus/dsk/forward_7620-8124.kCountSorted
    output: /datater/wu/data/enterovirus/primer3_Tm/forward_7620-8124.Tm
    jobid: 142
    wildcards: sample=enterovirus, seg=7620-8124

[Wed Mar 10 10:10:23 2021]
Finished job 113.
83 of 112 steps (74%) done
Select jobs to execute...

[Wed Mar 10 10:10:23 2021]
rule dskForwardOutputSort:
    input: /datater/wu/data/enterovirus/dsk/forward_508-1012.kCount
    output: /datater/wu/data/enterovirus/dsk/forward_508-1012.kCountSorted
    jobid: 98
    wildcards: sample=enterovirus, seg=508-1012

[Wed Mar 10 10:10:23 2021]
Finished job 144.
84 of 112 steps (75%) done
Select jobs to execute...

[Wed Mar 10 10:10:23 2021]
rule filter_within_seg:
    input: /datater/wu/data/enterovirus/dsk/forward_8636-9140.kCountSorted
    output: /datater/wu/data/enterovirus/primer3_Tm/forward_8636-9140.Tm
    jobid: 127
    wildcards: sample=enterovirus, seg=8636-9140

[Wed Mar 10 10:10:24 2021]
Finished job 98.
85 of 112 steps (76%) done
Select jobs to execute...

[Wed Mar 10 10:10:24 2021]
rule dskForwardOutputSort:
    input: /datater/wu/data/enterovirus/dsk/forward_1270-1774.kCount
    output: /datater/wu/data/enterovirus/dsk/forward_1270-1774.kCountSorted
    jobid: 102
    wildcards: sample=enterovirus, seg=1270-1774

[Wed Mar 10 10:10:25 2021]
Finished job 102.
86 of 112 steps (77%) done
Select jobs to execute...

[Wed Mar 10 10:10:25 2021]
rule filter_within_seg:
    input: /datater/wu/data/enterovirus/dsk/forward_1524-2028.kCountSorted
    output: /datater/wu/data/enterovirus/primer3_Tm/forward_1524-2028.Tm
    jobid: 153
    wildcards: sample=enterovirus, seg=1524-2028

[Wed Mar 10 10:10:31 2021]
Finished job 149.
87 of 112 steps (78%) done
Select jobs to execute...

[Wed Mar 10 10:10:31 2021]
rule filter_within_seg:
    input: /datater/wu/data/enterovirus/dsk/forward_8128-8632.kCountSorted
    output: /datater/wu/data/enterovirus/primer3_Tm/forward_8128-8632.Tm
    jobid: 157
    wildcards: sample=enterovirus, seg=8128-8632

[Wed Mar 10 10:10:32 2021]
Finished job 121.
88 of 112 steps (79%) done
Select jobs to execute...

[Wed Mar 10 10:10:32 2021]
rule filter_within_seg:
    input: /datater/wu/data/enterovirus/dsk/forward_2794-3298.kCountSorted
    output: /datater/wu/data/enterovirus/primer3_Tm/forward_2794-3298.Tm
    jobid: 123
    wildcards: sample=enterovirus, seg=2794-3298

[Wed Mar 10 10:10:36 2021]
Finished job 148.
89 of 112 steps (79%) done
Select jobs to execute...

[Wed Mar 10 10:10:36 2021]
rule dskForwardOutputSort:
    input: /datater/wu/data/enterovirus/dsk/forward_0-504.kCount
    output: /datater/wu/data/enterovirus/dsk/forward_0-504.kCountSorted
    jobid: 94
    wildcards: sample=enterovirus, seg=0-504

[Wed Mar 10 10:10:37 2021]
Finished job 153.
90 of 112 steps (80%) done
Select jobs to execute...

[Wed Mar 10 10:10:37 2021]
rule filter_within_seg:
    input: /datater/wu/data/enterovirus/dsk/forward_6096-6600.kCountSorted
    output: /datater/wu/data/enterovirus/primer3_Tm/forward_6096-6600.Tm
    jobid: 140
    wildcards: sample=enterovirus, seg=6096-6600

[Wed Mar 10 10:10:37 2021]
Finished job 94.
91 of 112 steps (81%) done
Select jobs to execute...

[Wed Mar 10 10:10:37 2021]
rule filter_within_seg:
    input: /datater/wu/data/enterovirus/dsk/forward_0-504.kCountSorted
    output: /datater/wu/data/enterovirus/primer3_Tm/forward_0-504.Tm
    jobid: 131
    wildcards: sample=enterovirus, seg=0-504

[Wed Mar 10 10:10:38 2021]
Finished job 131.
92 of 112 steps (82%) done
Select jobs to execute...

[Wed Mar 10 10:10:38 2021]
rule filter_within_seg:
    input: /datater/wu/data/enterovirus/dsk/forward_3302-3806.kCountSorted
    output: /datater/wu/data/enterovirus/primer3_Tm/forward_3302-3806.Tm
    jobid: 136
    wildcards: sample=enterovirus, seg=3302-3806

[Wed Mar 10 10:10:48 2021]
Finished job 136.
93 of 112 steps (83%) done
Select jobs to execute...

[Wed Mar 10 10:10:48 2021]
rule dskForwardOutput:
    input: /datater/wu/data/enterovirus/dsk/forward_5588-6092.h5
    output: /datater/wu/data/enterovirus/dsk/forward_5588-6092.kCount
    jobid: 50
    wildcards: sample=enterovirus, seg=5588-6092

[Wed Mar 10 10:10:48 2021]
Finished job 50.
94 of 112 steps (84%) done
Select jobs to execute...

[Wed Mar 10 10:10:48 2021]
rule dskForwardOutputSort:
    input: /datater/wu/data/enterovirus/dsk/forward_5588-6092.kCount
    output: /datater/wu/data/enterovirus/dsk/forward_5588-6092.kCountSorted
    jobid: 87
    wildcards: sample=enterovirus, seg=5588-6092

[Wed Mar 10 10:10:49 2021]
Finished job 87.
95 of 112 steps (85%) done
Select jobs to execute...

[Wed Mar 10 10:10:49 2021]
rule filter_within_seg:
    input: /datater/wu/data/enterovirus/dsk/forward_2540-3044.kCountSorted
    output: /datater/wu/data/enterovirus/primer3_Tm/forward_2540-3044.Tm
    jobid: 154
    wildcards: sample=enterovirus, seg=2540-3044

[Wed Mar 10 10:10:58 2021]
Finished job 122.
96 of 112 steps (86%) done
Select jobs to execute...

[Wed Mar 10 10:10:58 2021]
rule filter_within_seg:
    input: /datater/wu/data/enterovirus/dsk/forward_1270-1774.kCountSorted
    output: /datater/wu/data/enterovirus/primer3_Tm/forward_1270-1774.Tm
    jobid: 139
    wildcards: sample=enterovirus, seg=1270-1774

[Wed Mar 10 10:11:03 2021]
Finished job 130.
97 of 112 steps (87%) done
Select jobs to execute...

[Wed Mar 10 10:11:03 2021]
rule filter_within_seg:
    input: /datater/wu/data/enterovirus/dsk/forward_5588-6092.kCountSorted
    output: /datater/wu/data/enterovirus/primer3_Tm/forward_5588-6092.Tm
    jobid: 124
    wildcards: sample=enterovirus, seg=5588-6092

[Wed Mar 10 10:11:14 2021]
Finished job 146.
98 of 112 steps (88%) done
Select jobs to execute...

[Wed Mar 10 10:11:14 2021]
rule filter_within_seg:
    input: /datater/wu/data/enterovirus/dsk/forward_5842-6346.kCountSorted
    output: /datater/wu/data/enterovirus/primer3_Tm/forward_5842-6346.Tm
    jobid: 150
    wildcards: sample=enterovirus, seg=5842-6346

[Wed Mar 10 10:11:19 2021]
Finished job 127.
99 of 112 steps (88%) done
Select jobs to execute...

[Wed Mar 10 10:11:19 2021]
rule filter_within_seg:
    input: /datater/wu/data/enterovirus/dsk/forward_508-1012.kCountSorted
    output: /datater/wu/data/enterovirus/primer3_Tm/forward_508-1012.Tm
    jobid: 135
    wildcards: sample=enterovirus, seg=508-1012

[Wed Mar 10 10:11:20 2021]
Finished job 132.
100 of 112 steps (89%) done
[Wed Mar 10 10:11:21 2021]
Finished job 134.
101 of 112 steps (90%) done
[Wed Mar 10 10:11:24 2021]
Finished job 137.
102 of 112 steps (91%) done
[Wed Mar 10 10:11:25 2021]
Finished job 135.
103 of 112 steps (92%) done
[Wed Mar 10 10:11:26 2021]
Finished job 139.
104 of 112 steps (93%) done
[Wed Mar 10 10:11:27 2021]
Finished job 157.
105 of 112 steps (94%) done
[Wed Mar 10 10:11:32 2021]
Finished job 150.
106 of 112 steps (95%) done
[Wed Mar 10 10:11:32 2021]
Finished job 142.
107 of 112 steps (96%) done
[Wed Mar 10 10:11:44 2021]
Finished job 140.
108 of 112 steps (96%) done
[Wed Mar 10 10:11:45 2021]
Finished job 123.
109 of 112 steps (97%) done
[Wed Mar 10 10:11:55 2021]
Finished job 124.
110 of 112 steps (98%) done
[Wed Mar 10 10:12:17 2021]
Finished job 154.
111 of 112 steps (99%) done
Select jobs to execute...

[Wed Mar 10 10:12:17 2021]
localrule all:
    input: /datater/wu/data/duplicate_removed/enterovirus.uniq, /datater/wu/data/msa/enterovirus.msa, /datater/wu/data/enterovirus/split_forward/position_3556-4060.fasta, /datater/wu/data/enterovirus/split_forward/position_6350-6854.fasta, /datater/wu/data/enterovirus/split_forward/position_2794-3298.fasta, /datater/wu/data/enterovirus/split_forward/position_5588-6092.fasta, /datater/wu/data/enterovirus/split_forward/position_3810-4314.fasta, /datater/wu/data/enterovirus/split_forward/position_5334-5838.fasta, /datater/wu/data/enterovirus/split_forward/position_8636-9140.fasta, /datater/wu/data/enterovirus/split_forward/position_4064-4568.fasta, /datater/wu/data/enterovirus/split_forward/position_3048-3552.fasta, /datater/wu/data/enterovirus/split_forward/position_6858-7362.fasta, /datater/wu/data/enterovirus/split_forward/position_0-504.fasta, /datater/wu/data/enterovirus/split_forward/position_7112-7616.fasta, /datater/wu/data/enterovirus/split_forward/position_8890-9394.fasta, /datater/wu/data/enterovirus/split_forward/position_7366-7870.fasta, /datater/wu/data/enterovirus/split_forward/position_508-1012.fasta, /datater/wu/data/enterovirus/split_forward/position_3302-3806.fasta, /datater/wu/data/enterovirus/split_forward/position_4318-4822.fasta, /datater/wu/data/enterovirus/split_forward/position_6604-7108.fasta, /datater/wu/data/enterovirus/split_forward/position_1270-1774.fasta, /datater/wu/data/enterovirus/split_forward/position_6096-6600.fasta, /datater/wu/data/enterovirus/split_forward/position_4826-5330.fasta, /datater/wu/data/enterovirus/split_forward/position_7620-8124.fasta, /datater/wu/data/enterovirus/split_forward/position_9144-9382.fasta, /datater/wu/data/enterovirus/split_forward/position_7874-8378.fasta, /datater/wu/data/enterovirus/split_forward/position_762-1266.fasta, /datater/wu/data/enterovirus/split_forward/position_4572-5076.fasta, /datater/wu/data/enterovirus/split_forward/position_254-758.fasta, /datater/wu/data/enterovirus/split_forward/position_1778-2282.fasta, /datater/wu/data/enterovirus/split_forward/position_5080-5584.fasta, /datater/wu/data/enterovirus/split_forward/position_5842-6346.fasta, /datater/wu/data/enterovirus/split_forward/position_2286-2790.fasta, /datater/wu/data/enterovirus/split_forward/position_8382-8886.fasta, /datater/wu/data/enterovirus/split_forward/position_1524-2028.fasta, /datater/wu/data/enterovirus/split_forward/position_2540-3044.fasta, /datater/wu/data/enterovirus/split_forward/position_2032-2536.fasta, /datater/wu/data/enterovirus/split_forward/position_1016-1520.fasta, /datater/wu/data/enterovirus/split_forward/position_8128-8632.fasta, /datater/wu/data/enterovirus/dsk/forward_3556-4060.h5, /datater/wu/data/enterovirus/dsk/forward_6350-6854.h5, /datater/wu/data/enterovirus/dsk/forward_2794-3298.h5, /datater/wu/data/enterovirus/dsk/forward_5588-6092.h5, /datater/wu/data/enterovirus/dsk/forward_3810-4314.h5, /datater/wu/data/enterovirus/dsk/forward_5334-5838.h5, /datater/wu/data/enterovirus/dsk/forward_8636-9140.h5, /datater/wu/data/enterovirus/dsk/forward_4064-4568.h5, /datater/wu/data/enterovirus/dsk/forward_3048-3552.h5, /datater/wu/data/enterovirus/dsk/forward_6858-7362.h5, /datater/wu/data/enterovirus/dsk/forward_0-504.h5, /datater/wu/data/enterovirus/dsk/forward_7112-7616.h5, /datater/wu/data/enterovirus/dsk/forward_8890-9394.h5, /datater/wu/data/enterovirus/dsk/forward_7366-7870.h5, /datater/wu/data/enterovirus/dsk/forward_508-1012.h5, /datater/wu/data/enterovirus/dsk/forward_3302-3806.h5, /datater/wu/data/enterovirus/dsk/forward_4318-4822.h5, /datater/wu/data/enterovirus/dsk/forward_6604-7108.h5, /datater/wu/data/enterovirus/dsk/forward_1270-1774.h5, /datater/wu/data/enterovirus/dsk/forward_6096-6600.h5, /datater/wu/data/enterovirus/dsk/forward_4826-5330.h5, /datater/wu/data/enterovirus/dsk/forward_7620-8124.h5, /datater/wu/data/enterovirus/dsk/forward_9144-9382.h5, /datater/wu/data/enterovirus/dsk/forward_7874-8378.h5, /datater/wu/data/enterovirus/dsk/forward_762-1266.h5, /datater/wu/data/enterovirus/dsk/forward_4572-5076.h5, /datater/wu/data/enterovirus/dsk/forward_254-758.h5, /datater/wu/data/enterovirus/dsk/forward_1778-2282.h5, /datater/wu/data/enterovirus/dsk/forward_5080-5584.h5, /datater/wu/data/enterovirus/dsk/forward_5842-6346.h5, /datater/wu/data/enterovirus/dsk/forward_2286-2790.h5, /datater/wu/data/enterovirus/dsk/forward_8382-8886.h5, /datater/wu/data/enterovirus/dsk/forward_1524-2028.h5, /datater/wu/data/enterovirus/dsk/forward_2540-3044.h5, /datater/wu/data/enterovirus/dsk/forward_2032-2536.h5, /datater/wu/data/enterovirus/dsk/forward_1016-1520.h5, /datater/wu/data/enterovirus/dsk/forward_8128-8632.h5, /datater/wu/data/enterovirus/dsk/forward_3556-4060.kCount, /datater/wu/data/enterovirus/dsk/forward_6350-6854.kCount, /datater/wu/data/enterovirus/dsk/forward_2794-3298.kCount, /datater/wu/data/enterovirus/dsk/forward_5588-6092.kCount, /datater/wu/data/enterovirus/dsk/forward_3810-4314.kCount, /datater/wu/data/enterovirus/dsk/forward_5334-5838.kCount, /datater/wu/data/enterovirus/dsk/forward_8636-9140.kCount, /datater/wu/data/enterovirus/dsk/forward_4064-4568.kCount, /datater/wu/data/enterovirus/dsk/forward_3048-3552.kCount, /datater/wu/data/enterovirus/dsk/forward_6858-7362.kCount, /datater/wu/data/enterovirus/dsk/forward_0-504.kCount, /datater/wu/data/enterovirus/dsk/forward_7112-7616.kCount, /datater/wu/data/enterovirus/dsk/forward_8890-9394.kCount, /datater/wu/data/enterovirus/dsk/forward_7366-7870.kCount, /datater/wu/data/enterovirus/dsk/forward_508-1012.kCount, /datater/wu/data/enterovirus/dsk/forward_3302-3806.kCount, /datater/wu/data/enterovirus/dsk/forward_4318-4822.kCount, /datater/wu/data/enterovirus/dsk/forward_6604-7108.kCount, /datater/wu/data/enterovirus/dsk/forward_1270-1774.kCount, /datater/wu/data/enterovirus/dsk/forward_6096-6600.kCount, /datater/wu/data/enterovirus/dsk/forward_4826-5330.kCount, /datater/wu/data/enterovirus/dsk/forward_7620-8124.kCount, /datater/wu/data/enterovirus/dsk/forward_9144-9382.kCount, /datater/wu/data/enterovirus/dsk/forward_7874-8378.kCount, /datater/wu/data/enterovirus/dsk/forward_762-1266.kCount, /datater/wu/data/enterovirus/dsk/forward_4572-5076.kCount, /datater/wu/data/enterovirus/dsk/forward_254-758.kCount, /datater/wu/data/enterovirus/dsk/forward_1778-2282.kCount, /datater/wu/data/enterovirus/dsk/forward_5080-5584.kCount, /datater/wu/data/enterovirus/dsk/forward_5842-6346.kCount, /datater/wu/data/enterovirus/dsk/forward_2286-2790.kCount, /datater/wu/data/enterovirus/dsk/forward_8382-8886.kCount, /datater/wu/data/enterovirus/dsk/forward_1524-2028.kCount, /datater/wu/data/enterovirus/dsk/forward_2540-3044.kCount, /datater/wu/data/enterovirus/dsk/forward_2032-2536.kCount, /datater/wu/data/enterovirus/dsk/forward_1016-1520.kCount, /datater/wu/data/enterovirus/dsk/forward_8128-8632.kCount, /datater/wu/data/enterovirus/dsk/forward_3556-4060.kCountSorted, /datater/wu/data/enterovirus/dsk/forward_6350-6854.kCountSorted, /datater/wu/data/enterovirus/dsk/forward_2794-3298.kCountSorted, /datater/wu/data/enterovirus/dsk/forward_5588-6092.kCountSorted, /datater/wu/data/enterovirus/dsk/forward_3810-4314.kCountSorted, /datater/wu/data/enterovirus/dsk/forward_5334-5838.kCountSorted, /datater/wu/data/enterovirus/dsk/forward_8636-9140.kCountSorted, /datater/wu/data/enterovirus/dsk/forward_4064-4568.kCountSorted, /datater/wu/data/enterovirus/dsk/forward_3048-3552.kCountSorted, /datater/wu/data/enterovirus/dsk/forward_6858-7362.kCountSorted, /datater/wu/data/enterovirus/dsk/forward_0-504.kCountSorted, /datater/wu/data/enterovirus/dsk/forward_7112-7616.kCountSorted, /datater/wu/data/enterovirus/dsk/forward_8890-9394.kCountSorted, /datater/wu/data/enterovirus/dsk/forward_7366-7870.kCountSorted, /datater/wu/data/enterovirus/dsk/forward_508-1012.kCountSorted, /datater/wu/data/enterovirus/dsk/forward_3302-3806.kCountSorted, /datater/wu/data/enterovirus/dsk/forward_4318-4822.kCountSorted, /datater/wu/data/enterovirus/dsk/forward_6604-7108.kCountSorted, /datater/wu/data/enterovirus/dsk/forward_1270-1774.kCountSorted, /datater/wu/data/enterovirus/dsk/forward_6096-6600.kCountSorted, /datater/wu/data/enterovirus/dsk/forward_4826-5330.kCountSorted, /datater/wu/data/enterovirus/dsk/forward_7620-8124.kCountSorted, /datater/wu/data/enterovirus/dsk/forward_9144-9382.kCountSorted, /datater/wu/data/enterovirus/dsk/forward_7874-8378.kCountSorted, /datater/wu/data/enterovirus/dsk/forward_762-1266.kCountSorted, /datater/wu/data/enterovirus/dsk/forward_4572-5076.kCountSorted, /datater/wu/data/enterovirus/dsk/forward_254-758.kCountSorted, /datater/wu/data/enterovirus/dsk/forward_1778-2282.kCountSorted, /datater/wu/data/enterovirus/dsk/forward_5080-5584.kCountSorted, /datater/wu/data/enterovirus/dsk/forward_5842-6346.kCountSorted, /datater/wu/data/enterovirus/dsk/forward_2286-2790.kCountSorted, /datater/wu/data/enterovirus/dsk/forward_8382-8886.kCountSorted, /datater/wu/data/enterovirus/dsk/forward_1524-2028.kCountSorted, /datater/wu/data/enterovirus/dsk/forward_2540-3044.kCountSorted, /datater/wu/data/enterovirus/dsk/forward_2032-2536.kCountSorted, /datater/wu/data/enterovirus/dsk/forward_1016-1520.kCountSorted, /datater/wu/data/enterovirus/dsk/forward_8128-8632.kCountSorted, /datater/wu/data/enterovirus/primer3_Tm/forward_3556-4060.Tm, /datater/wu/data/enterovirus/primer3_Tm/forward_6350-6854.Tm, /datater/wu/data/enterovirus/primer3_Tm/forward_2794-3298.Tm, /datater/wu/data/enterovirus/primer3_Tm/forward_5588-6092.Tm, /datater/wu/data/enterovirus/primer3_Tm/forward_3810-4314.Tm, /datater/wu/data/enterovirus/primer3_Tm/forward_5334-5838.Tm, /datater/wu/data/enterovirus/primer3_Tm/forward_8636-9140.Tm, /datater/wu/data/enterovirus/primer3_Tm/forward_4064-4568.Tm, /datater/wu/data/enterovirus/primer3_Tm/forward_3048-3552.Tm, /datater/wu/data/enterovirus/primer3_Tm/forward_6858-7362.Tm, /datater/wu/data/enterovirus/primer3_Tm/forward_0-504.Tm, /datater/wu/data/enterovirus/primer3_Tm/forward_7112-7616.Tm, /datater/wu/data/enterovirus/primer3_Tm/forward_8890-9394.Tm, /datater/wu/data/enterovirus/primer3_Tm/forward_7366-7870.Tm, /datater/wu/data/enterovirus/primer3_Tm/forward_508-1012.Tm, /datater/wu/data/enterovirus/primer3_Tm/forward_3302-3806.Tm, /datater/wu/data/enterovirus/primer3_Tm/forward_4318-4822.Tm, /datater/wu/data/enterovirus/primer3_Tm/forward_6604-7108.Tm, /datater/wu/data/enterovirus/primer3_Tm/forward_1270-1774.Tm, /datater/wu/data/enterovirus/primer3_Tm/forward_6096-6600.Tm, /datater/wu/data/enterovirus/primer3_Tm/forward_4826-5330.Tm, /datater/wu/data/enterovirus/primer3_Tm/forward_7620-8124.Tm, /datater/wu/data/enterovirus/primer3_Tm/forward_9144-9382.Tm, /datater/wu/data/enterovirus/primer3_Tm/forward_7874-8378.Tm, /datater/wu/data/enterovirus/primer3_Tm/forward_762-1266.Tm, /datater/wu/data/enterovirus/primer3_Tm/forward_4572-5076.Tm, /datater/wu/data/enterovirus/primer3_Tm/forward_254-758.Tm, /datater/wu/data/enterovirus/primer3_Tm/forward_1778-2282.Tm, /datater/wu/data/enterovirus/primer3_Tm/forward_5080-5584.Tm, /datater/wu/data/enterovirus/primer3_Tm/forward_5842-6346.Tm, /datater/wu/data/enterovirus/primer3_Tm/forward_2286-2790.Tm, /datater/wu/data/enterovirus/primer3_Tm/forward_8382-8886.Tm, /datater/wu/data/enterovirus/primer3_Tm/forward_1524-2028.Tm, /datater/wu/data/enterovirus/primer3_Tm/forward_2540-3044.Tm, /datater/wu/data/enterovirus/primer3_Tm/forward_2032-2536.Tm, /datater/wu/data/enterovirus/primer3_Tm/forward_1016-1520.Tm, /datater/wu/data/enterovirus/primer3_Tm/forward_8128-8632.Tm
    jobid: 0

[Wed Mar 10 10:12:17 2021]
Finished job 0.
112 of 112 steps (100%) done
Complete log: /datater/wu/stage_m2/.snakemake/log/2021-03-10T100914.092039.snakemake.log
