Building DAG of jobs...
MissingInputException in line 44 of /datater/wu/stage_m2/Snakefile:
Missing input files for rule all:
/datater/wu/datakmerCounting/enterovirus.forward.4845-5350.kmc_pre
/datater/wu/datakmerCounting/enterovirus.forward.6120-6625.kmc_suf
/datater/wu/datakmerCounting/enterovirus.reverse.510-1015.kmc_pre
/datater/wu/datakmerCounting/enterovirus.forward.1020-1525.kmc_suf
/datater/wu/datakmerCounting/enterovirus.forward.5610-6115.kmc_suf
/datater/wu/datakmerCounting/enterovirus.forward.6630-7135.kmc_suf
/datater/wu/datakmerCounting/enterovirus.reverse.7650-8155.kmc_suf
/datater/wu/datakmerCounting/enterovirus.forward.3570-4075.kmc_pre
/datater/wu/datakmerCounting/enterovirus.reverse.8415-8920.kmc_suf
/datater/wu/datakmerCounting/enterovirus.reverse.3315-3820.kmc_pre
/datater/wu/datakmerCounting/enterovirus.reverse.6630-7135.kmc_pre
/datater/wu/datakmerCounting/enterovirus.reverse.2040-2545.kmc_suf
/datater/wu/datakmerCounting/enterovirus.forward.4080-4585.kmc_suf
/datater/wu/datakmerCounting/enterovirus.reverse.765-1270.kmc_pre
/datater/wu/datakmerCounting/enterovirus.reverse.5610-6115.kmc_suf
/datater/wu/datakmerCounting/enterovirus.reverse.8160-8665.kmc_pre
/datater/wu/datakmerCounting/enterovirus.reverse.9180-9398.kmc_pre
/datater/wu/datakmerCounting/enterovirus.reverse.5610-6115.kmc_pre
/datater/wu/datakmerCounting/enterovirus.forward.7650-8155.kmc_suf
/datater/wu/datakmerCounting/enterovirus.forward.7140-7645.kmc_suf
/datater/wu/datakmerCounting/enterovirus.reverse.2295-2800.kmc_pre
/datater/wu/datakmerCounting/enterovirus.forward.8415-8920.kmc_suf
/datater/wu/datakmerCounting/enterovirus.forward.7905-8410.kmc_suf
/datater/wu/datakmerCounting/enterovirus.reverse.6120-6625.kmc_suf
/datater/wu/datakmerCounting/enterovirus.reverse.3570-4075.kmc_pre
/datater/wu/datakmerCounting/enterovirus.reverse.6375-6880.kmc_suf
/datater/wu/datakmerCounting/enterovirus.reverse.6120-6625.kmc_pre
/datater/wu/datakmerCounting/enterovirus.reverse.8670-9175.kmc_suf
/datater/wu/datakmerCounting/enterovirus.forward.8925-9430.kmc_suf
/datater/wu/datakmerCounting/enterovirus.reverse.9180-9398.kmc_suf
/datater/wu/datakmerCounting/enterovirus.forward.4335-4840.kmc_suf
/datater/wu/datakmerCounting/enterovirus.forward.6375-6880.kmc_pre
/datater/wu/datakmerCounting/enterovirus.reverse.4590-5095.kmc_suf
/datater/wu/datakmerCounting/enterovirus.forward.5865-6370.kmc_suf
/datater/wu/datakmerCounting/enterovirus.reverse.1275-1780.kmc_suf
/datater/wu/datakmerCounting/enterovirus.reverse.3060-3565.kmc_suf
/datater/wu/datakmerCounting/enterovirus.forward.2040-2545.kmc_pre
/datater/wu/datakmerCounting/enterovirus.reverse.8925-9430.kmc_pre
/datater/wu/datakmerCounting/enterovirus.reverse.3825-4330.kmc_pre
/datater/wu/datakmerCounting/enterovirus.reverse.5865-6370.kmc_suf
/datater/wu/datakmerCounting/enterovirus.reverse.255-760.kmc_suf
/datater/wu/datakmerCounting/enterovirus.forward.1785-2290.kmc_suf
/datater/wu/datakmerCounting/enterovirus.forward.5610-6115.kmc_pre
/datater/wu/datakmerCounting/enterovirus.reverse.4335-4840.kmc_pre
/datater/wu/datakmerCounting/enterovirus.forward.8160-8665.kmc_pre
/datater/wu/datakmerCounting/enterovirus.forward.8160-8665.kmc_suf
/datater/wu/datakmerCounting/enterovirus.reverse.1020-1525.kmc_pre
/datater/wu/datakmerCounting/enterovirus.forward.4590-5095.kmc_pre
/datater/wu/datakmerCounting/enterovirus.reverse.6375-6880.kmc_pre
/datater/wu/datakmerCounting/enterovirus.reverse.7140-7645.kmc_pre
/datater/wu/datakmerCounting/enterovirus.forward.8925-9430.kmc_pre
/datater/wu/datakmerCounting/enterovirus.forward.510-1015.kmc_pre
/datater/wu/datakmerCounting/enterovirus.reverse.7905-8410.kmc_pre
/datater/wu/datakmerCounting/enterovirus.reverse.1530-2035.kmc_pre
/datater/wu/datakmerCounting/enterovirus.reverse.3315-3820.kmc_suf
/datater/wu/datakmerCounting/enterovirus.forward.5355-5860.kmc_pre
/datater/wu/datakmerCounting/enterovirus.reverse.1530-2035.kmc_suf
/datater/wu/datakmerCounting/enterovirus.forward.1530-2035.kmc_pre
/datater/wu/datakmerCounting/enterovirus.reverse.255-760.kmc_pre
/datater/wu/datakmerCounting/enterovirus.forward.1530-2035.kmc_suf
/datater/wu/datakmerCounting/enterovirus.reverse.6885-7390.kmc_suf
/datater/wu/datakmerCounting/enterovirus.reverse.3570-4075.kmc_suf
/datater/wu/datakmerCounting/enterovirus.reverse.7395-7900.kmc_pre
/datater/wu/datakmerCounting/enterovirus.reverse.3060-3565.kmc_pre
/datater/wu/datakmerCounting/enterovirus.reverse.4845-5350.kmc_suf
/datater/wu/datakmerCounting/enterovirus.forward.5100-5605.kmc_suf
/datater/wu/datakmerCounting/enterovirus.reverse.1785-2290.kmc_suf
/datater/wu/datakmerCounting/enterovirus.reverse.5355-5860.kmc_suf
/datater/wu/datakmerCounting/enterovirus.forward.8670-9175.kmc_pre
/datater/wu/datakmerCounting/enterovirus.forward.5355-5860.kmc_suf
/datater/wu/datakmerCounting/enterovirus.forward.8670-9175.kmc_suf
/datater/wu/datakmerCounting/enterovirus.forward.6375-6880.kmc_suf
/datater/wu/datakmerCounting/enterovirus.forward.0-505.kmc_pre
/datater/wu/datakmerCounting/enterovirus.reverse.1785-2290.kmc_pre
/datater/wu/datakmerCounting/enterovirus.reverse.4335-4840.kmc_suf
/datater/wu/datakmerCounting/enterovirus.reverse.4845-5350.kmc_pre
/datater/wu/datakmerCounting/enterovirus.forward.7650-8155.kmc_pre
/datater/wu/datakmerCounting/enterovirus.forward.2550-3055.kmc_suf
/datater/wu/datakmerCounting/enterovirus.forward.7395-7900.kmc_suf
/datater/wu/datakmerCounting/enterovirus.reverse.1275-1780.kmc_pre
/datater/wu/datakmerCounting/enterovirus.reverse.6885-7390.kmc_pre
/datater/wu/datakmerCounting/enterovirus.forward.8415-8920.kmc_pre
/datater/wu/datakmerCounting/enterovirus.forward.3060-3565.kmc_suf
/datater/wu/datakmerCounting/enterovirus.reverse.5100-5605.kmc_pre
/datater/wu/datakmerCounting/enterovirus.reverse.7395-7900.kmc_suf
/datater/wu/datakmerCounting/enterovirus.forward.7905-8410.kmc_pre
/datater/wu/datakmerCounting/enterovirus.forward.255-760.kmc_suf
/datater/wu/datakmerCounting/enterovirus.forward.9180-9398.kmc_suf
/datater/wu/datakmerCounting/enterovirus.forward.2550-3055.kmc_pre
/datater/wu/datakmerCounting/enterovirus.forward.9180-9398.kmc_pre
/datater/wu/datakmerCounting/enterovirus.forward.3825-4330.kmc_suf
/datater/wu/datakmerCounting/enterovirus.reverse.2805-3310.kmc_pre
/datater/wu/datakmerCounting/enterovirus.reverse.0-505.kmc_suf
/datater/wu/datakmerCounting/enterovirus.forward.2040-2545.kmc_suf
/datater/wu/datakmerCounting/enterovirus.forward.4335-4840.kmc_pre
/datater/wu/datakmerCounting/enterovirus.forward.6885-7390.kmc_suf
/datater/wu/datakmerCounting/enterovirus.reverse.510-1015.kmc_suf
/datater/wu/datakmerCounting/enterovirus.forward.2805-3310.kmc_pre
/datater/wu/datakmerCounting/enterovirus.forward.765-1270.kmc_pre
/datater/wu/datakmerCounting/enterovirus.reverse.8415-8920.kmc_pre
/datater/wu/datakmerCounting/enterovirus.forward.3315-3820.kmc_suf
/datater/wu/datakmerCounting/enterovirus.reverse.6630-7135.kmc_suf
/datater/wu/datakmerCounting/enterovirus.reverse.2295-2800.kmc_suf
/datater/wu/datakmerCounting/enterovirus.forward.0-505.kmc_suf
/datater/wu/datakmerCounting/enterovirus.reverse.4590-5095.kmc_pre
/datater/wu/datakmerCounting/enterovirus.forward.4080-4585.kmc_pre
/datater/wu/datakmerCounting/enterovirus.forward.4845-5350.kmc_suf
/datater/wu/datakmerCounting/enterovirus.reverse.7650-8155.kmc_pre
/datater/wu/datakmerCounting/enterovirus.forward.1275-1780.kmc_pre
/datater/wu/datakmerCounting/enterovirus.forward.6885-7390.kmc_pre
/datater/wu/datakmerCounting/enterovirus.reverse.2550-3055.kmc_suf
/datater/wu/datakmerCounting/enterovirus.reverse.2805-3310.kmc_suf
/datater/wu/datakmerCounting/enterovirus.reverse.4080-4585.kmc_suf
/datater/wu/datakmerCounting/enterovirus.forward.3315-3820.kmc_pre
/datater/wu/datakmerCounting/enterovirus.forward.6630-7135.kmc_pre
/datater/wu/datakmerCounting/enterovirus.reverse.7905-8410.kmc_suf
/datater/wu/datakmerCounting/enterovirus.forward.7140-7645.kmc_pre
/datater/wu/datakmerCounting/enterovirus.reverse.8925-9430.kmc_suf
/datater/wu/datakmerCounting/enterovirus.reverse.1020-1525.kmc_suf
/datater/wu/datakmerCounting/enterovirus.forward.1785-2290.kmc_pre
/datater/wu/datakmerCounting/enterovirus.reverse.8160-8665.kmc_suf
/datater/wu/datakmerCounting/enterovirus.forward.1020-1525.kmc_pre
/datater/wu/datakmerCounting/enterovirus.forward.6120-6625.kmc_pre
/datater/wu/datakmerCounting/enterovirus.reverse.5100-5605.kmc_suf
/datater/wu/datakmerCounting/enterovirus.reverse.7140-7645.kmc_suf
/datater/wu/datakmerCounting/enterovirus.reverse.5865-6370.kmc_pre
/datater/wu/datakmerCounting/enterovirus.forward.5865-6370.kmc_pre
/datater/wu/datakmerCounting/enterovirus.forward.3060-3565.kmc_pre
/datater/wu/datakmerCounting/enterovirus.forward.7395-7900.kmc_pre
/datater/wu/datakmerCounting/enterovirus.forward.2295-2800.kmc_suf
/datater/wu/datakmerCounting/enterovirus.forward.2295-2800.kmc_pre
/datater/wu/datakmerCounting/enterovirus.forward.5100-5605.kmc_pre
/datater/wu/datakmerCounting/enterovirus.reverse.4080-4585.kmc_pre
/datater/wu/datakmerCounting/enterovirus.forward.3570-4075.kmc_suf
/datater/wu/datakmerCounting/enterovirus.reverse.5355-5860.kmc_pre
/datater/wu/datakmerCounting/enterovirus.forward.4590-5095.kmc_suf
/datater/wu/datakmerCounting/enterovirus.reverse.0-505.kmc_pre
/datater/wu/datakmerCounting/enterovirus.reverse.8670-9175.kmc_pre
/datater/wu/datakmerCounting/enterovirus.reverse.765-1270.kmc_suf
/datater/wu/datakmerCounting/enterovirus.reverse.2040-2545.kmc_pre
/datater/wu/datakmerCounting/enterovirus.forward.2805-3310.kmc_suf
/datater/wu/datakmerCounting/enterovirus.reverse.3825-4330.kmc_suf
/datater/wu/datakmerCounting/enterovirus.forward.255-760.kmc_pre
/datater/wu/datakmerCounting/enterovirus.forward.3825-4330.kmc_pre
/datater/wu/datakmerCounting/enterovirus.forward.765-1270.kmc_suf
/datater/wu/datakmerCounting/enterovirus.reverse.2550-3055.kmc_pre
/datater/wu/datakmerCounting/enterovirus.forward.1275-1780.kmc_suf
/datater/wu/datakmerCounting/enterovirus.forward.510-1015.kmc_suf
