Building DAG of jobs...
Updating job aggregateAllReverseOligo.
Using shell: /bin/bash
Provided cores: 12
Rules claiming more threads will be scaled down.
Conda environments: ignored
Job counts:
	count	jobs
	1	all
	1	allHeterodimerCheck
	1	blastDB
	1	filterOutUnSpecifickmer
	1	oligoSet
	5
Select jobs to execute...

[Thu Apr  1 16:10:02 2021]
rule blastDB:
    input: /datater/wu/RefSeqProkaryota/RefSeqProkaryota.fna
    output: /datater/wu/data/zika/checkSpecifity/references.DB.nhr, /datater/wu/data/zika/checkSpecifity/references.DB.nin, /datater/wu/data/zika/checkSpecifity/references.DB.nog, /datater/wu/data/zika/checkSpecifity/references.DB.nsd, /datater/wu/data/zika/checkSpecifity/references.DB.nsi, /datater/wu/data/zika/checkSpecifity/references.DB.nsq
    jobid: 1
    wildcards: sample=zika


[Thu Apr  1 16:10:02 2021]
rule filterOutUnSpecifickmer:
    input: /datater/wu/data/zika/checkSpecifity/allOligos_reverse.filtered.blastn.out, /datater/wu/data/zika/checkSpecifity/allOligos_reverse.filtered.fasta
    output: /datater/wu/data/zika/checkSpecifity/allOligos_reverse.filtered.spec.fasta
    jobid: 4
    wildcards: sample=zika

[Thu Apr  1 16:10:03 2021]
Finished job 1.
1 of 5 steps (20%) done
[Thu Apr  1 16:10:03 2021]
Finished job 4.
2 of 5 steps (40%) done
Select jobs to execute...

[Thu Apr  1 16:10:03 2021]
rule allHeterodimerCheck:
    input: /datater/wu/data/zika/checkSpecifity/allOligos_reverse.filtered.spec.fasta
    output: /datater/wu/data/zika/checkSpecifity/allOligos_reverse.filtered.spec.heterodimer
    jobid: 3
    wildcards: sample=zika

[Thu Apr  1 16:10:04 2021]
Finished job 3.
3 of 5 steps (60%) done
Select jobs to execute...

[Thu Apr  1 16:10:04 2021]
rule oligoSet:
    input: /datater/wu/data/zika/checkSpecifity/allOligos_reverse.filtered.spec.heterodimer, /datater/wu/data/zika/checkSpecifity/allOligos_reverse.filtered.spec.fasta
    output: /datater/wu/data/zika/checkSpecifity/allOligos_reverse.set, /datater/wu/data/zika/checkSpecifity/allOligos_reverse.set.fasta
    jobid: 2
    wildcards: sample=zika

[Thu Apr  1 16:10:06 2021]
Finished job 2.
4 of 5 steps (80%) done
Select jobs to execute...

[Thu Apr  1 16:10:06 2021]
localrule all:
    input: /datater/wu/data/zika/checkSpecifity/references.DB.nhr, /datater/wu/data/zika/checkSpecifity/references.DB.nin, /datater/wu/data/zika/checkSpecifity/references.DB.nog, /datater/wu/data/zika/checkSpecifity/references.DB.nsd, /datater/wu/data/zika/checkSpecifity/references.DB.nsi, /datater/wu/data/zika/checkSpecifity/references.DB.nsq, /datater/wu/data/zika/checkSpecifity/allOligos_reverse.set
    jobid: 0

[Thu Apr  1 16:10:06 2021]
Finished job 0.
5 of 5 steps (100%) done
Complete log: /datater/wu/stage_m2/.snakemake/log/2021-04-01T161001.431238.snakemake.log
