Building DAG of jobs...
Using shell: /bin/bash
Provided cores: 12
Rules claiming more threads will be scaled down.
Conda environments: ignored
Job counts:
	count	jobs
	37	add_LC
	1	all
	38
Select jobs to execute...

[Fri Mar 12 09:43:36 2021]
rule add_LC:
    input: /datater/wu/data/enterovirus/filtering/forward_8890-9394.nessieOut
    output: /datater/wu/data/enterovirus/filtering/forward_8890-9394.calculated2
    jobid: 262
    wildcards: sample=enterovirus, seg=8890-9394

[Fri Mar 12 09:43:36 2021]
rule add_LC:
    input: /datater/wu/data/enterovirus/filtering/forward_6350-6854.nessieOut
    output: /datater/wu/data/enterovirus/filtering/forward_6350-6854.calculated2
    jobid: 238
    wildcards: sample=enterovirus, seg=6350-6854

[Fri Mar 12 09:43:36 2021]
rule add_LC:
    input: /datater/wu/data/enterovirus/filtering/forward_5334-5838.nessieOut
    output: /datater/wu/data/enterovirus/filtering/forward_5334-5838.calculated2
    jobid: 245
    wildcards: sample=enterovirus, seg=5334-5838

[Fri Mar 12 09:43:36 2021]
rule add_LC:
    input: /datater/wu/data/enterovirus/filtering/forward_9144-9382.nessieOut
    output: /datater/wu/data/enterovirus/filtering/forward_9144-9382.calculated2
    jobid: 253
    wildcards: sample=enterovirus, seg=9144-9382

[Fri Mar 12 09:43:36 2021]
rule add_LC:
    input: /datater/wu/data/enterovirus/filtering/forward_8128-8632.nessieOut
    output: /datater/wu/data/enterovirus/filtering/forward_8128-8632.calculated2
    jobid: 260
    wildcards: sample=enterovirus, seg=8128-8632

[Fri Mar 12 09:43:36 2021]
rule add_LC:
    input: /datater/wu/data/enterovirus/filtering/forward_2286-2790.nessieOut
    output: /datater/wu/data/enterovirus/filtering/forward_2286-2790.calculated2
    jobid: 268
    wildcards: sample=enterovirus, seg=2286-2790

[Fri Mar 12 09:43:36 2021]
rule add_LC:
    input: /datater/wu/data/enterovirus/filtering/forward_7366-7870.nessieOut
    output: /datater/wu/data/enterovirus/filtering/forward_7366-7870.calculated2
    jobid: 259
    wildcards: sample=enterovirus, seg=7366-7870

[Fri Mar 12 09:43:36 2021]
rule add_LC:
    input: /datater/wu/data/enterovirus/filtering/forward_3302-3806.nessieOut
    output: /datater/wu/data/enterovirus/filtering/forward_3302-3806.calculated2
    jobid: 237
    wildcards: sample=enterovirus, seg=3302-3806

[Fri Mar 12 09:43:36 2021]
rule add_LC:
    input: /datater/wu/data/enterovirus/filtering/forward_7620-8124.nessieOut
    output: /datater/wu/data/enterovirus/filtering/forward_7620-8124.calculated2
    jobid: 252
    wildcards: sample=enterovirus, seg=7620-8124

[Fri Mar 12 09:43:36 2021]
rule add_LC:
    input: /datater/wu/data/enterovirus/filtering/forward_4826-5330.nessieOut
    output: /datater/wu/data/enterovirus/filtering/forward_4826-5330.calculated2
    jobid: 244
    wildcards: sample=enterovirus, seg=4826-5330

[Fri Mar 12 09:43:36 2021]
rule add_LC:
    input: /datater/wu/data/enterovirus/filtering/forward_8636-9140.nessieOut
    output: /datater/wu/data/enterovirus/filtering/forward_8636-9140.calculated2
    jobid: 267
    wildcards: sample=enterovirus, seg=8636-9140

[Fri Mar 12 09:43:36 2021]
rule add_LC:
    input: /datater/wu/data/enterovirus/filtering/forward_2540-3044.nessieOut
    output: /datater/wu/data/enterovirus/filtering/forward_2540-3044.calculated2
    jobid: 246
    wildcards: sample=enterovirus, seg=2540-3044

Shutting down, this might take some time.
Exiting because a job execution failed. Look above for error message
Complete log: /datater/wu/stage_m2/.snakemake/log/2021-03-12T094335.458444.snakemake.log
