Building DAG of jobs...
Using shell: /bin/bash
Provided cores: 12
Rules claiming more threads will be scaled down.
Conda environments: ignored
Job counts:
	count	jobs
	1	aggregate_allReverseOligo
	1	all
	1	allToFasta
	38	dskReverse
	38	dskReverseOutput
	38	dskReverseOutputSort
	38	reverse_add_LC
	1	reverse_filtering
	38	reverse_linguistic_complexity
	38	reverse_parameters
	38	reverse_toFasta
	38	splitFiles
	308
Select jobs to execute...

[Mon Mar 15 13:03:12 2021]
rule splitFiles:
    input: /datater/wu/data/msa/zika.msa
    output: /datater/wu/data/zika/splitFiles/forward6350-6854.fasta (dynamic), /datater/wu/data/zika/splitFiles/reverse6350-6854.fasta (dynamic)
    jobid: 291
    wildcards: sample=zika, seg=6350-6854

Subsequent jobs will be added dynamically depending on the output of this job

[Mon Mar 15 13:03:12 2021]
rule splitFiles:
    input: /datater/wu/data/msa/zika.msa
    output: /datater/wu/data/zika/splitFiles/forward4064-4568.fasta (dynamic), /datater/wu/data/zika/splitFiles/reverse4064-4568.fasta (dynamic)
    jobid: 299
    wildcards: sample=zika, seg=4064-4568

Subsequent jobs will be added dynamically depending on the output of this job

[Mon Mar 15 13:03:13 2021]
rule splitFiles:
    input: /datater/wu/data/msa/zika.msa
    output: /datater/wu/data/zika/splitFiles/forward2286-2790.fasta (dynamic), /datater/wu/data/zika/splitFiles/reverse2286-2790.fasta (dynamic)
    jobid: 219
    wildcards: sample=zika, seg=2286-2790

Subsequent jobs will be added dynamically depending on the output of this job

[Mon Mar 15 13:03:13 2021]
rule splitFiles:
    input: /datater/wu/data/msa/zika.msa
    output: /datater/wu/data/zika/splitFiles/forward{*}.fasta (dynamic), /datater/wu/data/zika/splitFiles/reverse{*}.fasta (dynamic)
    jobid: 3
    wildcards: sample=zika

Subsequent jobs will be added dynamically depending on the output of this job

[Mon Mar 15 13:03:13 2021]
rule splitFiles:
    input: /datater/wu/data/msa/zika.msa
    output: /datater/wu/data/zika/splitFiles/forward3302-3806.fasta (dynamic), /datater/wu/data/zika/splitFiles/reverse3302-3806.fasta (dynamic)
    jobid: 187
    wildcards: sample=zika, seg=3302-3806

Subsequent jobs will be added dynamically depending on the output of this job

[Mon Mar 15 13:03:13 2021]
rule splitFiles:
    input: /datater/wu/data/msa/zika.msa
    output: /datater/wu/data/zika/splitFiles/forward4826-5330.fasta (dynamic), /datater/wu/data/zika/splitFiles/reverse4826-5330.fasta (dynamic)
    jobid: 195
    wildcards: sample=zika, seg=4826-5330

Subsequent jobs will be added dynamically depending on the output of this job

[Mon Mar 15 13:03:13 2021]
rule splitFiles:
    input: /datater/wu/data/msa/zika.msa
    output: /datater/wu/data/zika/splitFiles/forward8128-8632.fasta (dynamic), /datater/wu/data/zika/splitFiles/reverse8128-8632.fasta (dynamic)
    jobid: 67
    wildcards: sample=zika, seg=8128-8632

Subsequent jobs will be added dynamically depending on the output of this job

[Mon Mar 15 13:03:13 2021]
rule splitFiles:
    input: /datater/wu/data/msa/zika.msa
    output: /datater/wu/data/zika/splitFiles/forward7620-8124.fasta (dynamic), /datater/wu/data/zika/splitFiles/reverse7620-8124.fasta (dynamic)
    jobid: 75
    wildcards: sample=zika, seg=7620-8124

Subsequent jobs will be added dynamically depending on the output of this job

[Mon Mar 15 13:03:13 2021]
rule splitFiles:
    input: /datater/wu/data/msa/zika.msa
    output: /datater/wu/data/zika/splitFiles/forward0-504.fasta (dynamic), /datater/wu/data/zika/splitFiles/reverse0-504.fasta (dynamic)
    jobid: 283
    wildcards: sample=zika, seg=0-504

Subsequent jobs will be added dynamically depending on the output of this job

[Mon Mar 15 13:03:13 2021]
rule splitFiles:
    input: /datater/wu/data/msa/zika.msa
    output: /datater/wu/data/zika/splitFiles/forward3810-4314.fasta (dynamic), /datater/wu/data/zika/splitFiles/reverse3810-4314.fasta (dynamic)
    jobid: 275
    wildcards: sample=zika, seg=3810-4314

Subsequent jobs will be added dynamically depending on the output of this job

[Mon Mar 15 13:03:13 2021]
rule splitFiles:
    input: /datater/wu/data/msa/zika.msa
    output: /datater/wu/data/zika/splitFiles/forward8890-9394.fasta (dynamic), /datater/wu/data/zika/splitFiles/reverse8890-9394.fasta (dynamic)
    jobid: 83
    wildcards: sample=zika, seg=8890-9394

Subsequent jobs will be added dynamically depending on the output of this job

[Mon Mar 15 13:03:13 2021]
rule splitFiles:
    input: /datater/wu/data/msa/zika.msa
    output: /datater/wu/data/zika/splitFiles/forward5334-5838.fasta (dynamic), /datater/wu/data/zika/splitFiles/reverse5334-5838.fasta (dynamic)
    jobid: 203
    wildcards: sample=zika, seg=5334-5838

Subsequent jobs will be added dynamically depending on the output of this job
Dynamically updating jobs
[Mon Mar 15 13:03:15 2021]
Finished job 3.
1 of 602 steps (0.17%) done
Select jobs to execute...

[Mon Mar 15 13:03:15 2021]
rule dskReverse:
    input: /datater/wu/data/zika/splitFiles/reverse8785-9286.fasta
    output: /datater/wu/data/zika/dsk/reverse8785-9286.h5
    jobid: 322
    wildcards: sample=zika, seg=8785-9286

[Mon Mar 15 13:03:18 2021]
Finished job 322.
2 of 602 steps (0.33%) done
Select jobs to execute...

[Mon Mar 15 13:03:18 2021]
rule dskReverse:
    input: /datater/wu/data/zika/splitFiles/reverse6024-6525.fasta
    output: /datater/wu/data/zika/dsk/reverse6024-6525.h5
    jobid: 345
    wildcards: sample=zika, seg=6024-6525

[Mon Mar 15 13:03:21 2021]
Finished job 345.
3 of 602 steps (0.50%) done
Shutting down, this might take some time.
Exiting because a job execution failed. Look above for error message
Complete log: /datater/wu/stage_m2/.snakemake/log/2021-03-15T130309.867621.snakemake.log
