Building DAG of jobs...
Updating job filtering2.
Updating job filtering2.
Using shell: /bin/bash
Provided cores: 12
Rules claiming more threads will be scaled down.
Conda environments: ignored
Job counts:
	count	jobs
	1	all
	2	oligoCount
	3
Select jobs to execute...

[Mon Apr 26 18:25:15 2021]
rule oligoCount:
    input: /datater/wu/data/MSSPE-basic/enterovirus/kmer15/allKmercount.sorted.calculated.txt, /datater/wu/data/MSSPE-basic/enterovirus/kmer15/allKmerCount.sorted.calculated.filtered.txt, /datater/wu/data/MSSPE-basic/enterovirus/kmer15/allKmerCount.sorted.calculated.filtered.spec.txt, /datater/wu/data/MSSPE-basic/enterovirus/kmer15/allOligo.set
    output: /datater/wu/data/MSSPE-basic/enterovirus/kmer15/evaluation/allOligo_before.tsv, /datater/wu/data/MSSPE-basic/enterovirus/kmer15/evaluation/allOligo_after1.tsv, /datater/wu/data/MSSPE-basic/enterovirus/kmer15/evaluation/allOligo_after2.tsv, /datater/wu/data/MSSPE-basic/enterovirus/kmer15/evaluation/allOligo_after3.tsv
    jobid: 24
    wildcards: sample=enterovirus

[Mon Apr 26 18:25:15 2021]
rule oligoCount:
    input: /datater/wu/data/MSSPE-basic/zika/kmer15/allKmercount.sorted.calculated.txt, /datater/wu/data/MSSPE-basic/zika/kmer15/allKmerCount.sorted.calculated.filtered.txt, /datater/wu/data/MSSPE-basic/zika/kmer15/allKmerCount.sorted.calculated.filtered.spec.txt, /datater/wu/data/MSSPE-basic/zika/kmer15/allOligo.set
    output: /datater/wu/data/MSSPE-basic/zika/kmer15/evaluation/allOligo_before.tsv, /datater/wu/data/MSSPE-basic/zika/kmer15/evaluation/allOligo_after1.tsv, /datater/wu/data/MSSPE-basic/zika/kmer15/evaluation/allOligo_after2.tsv, /datater/wu/data/MSSPE-basic/zika/kmer15/evaluation/allOligo_after3.tsv
    jobid: 25
    wildcards: sample=zika

[Mon Apr 26 18:25:16 2021]
Finished job 25.
1 of 3 steps (33%) done
[Mon Apr 26 18:25:18 2021]
Finished job 24.
2 of 3 steps (67%) done
Select jobs to execute...

[Mon Apr 26 18:25:18 2021]
localrule all:
    input: /datater/wu/data/MSSPE-basic/enterovirus/enterovirus.uniq, /datater/wu/data/MSSPE-basic/zika/zika.uniq, /datater/wu/data/MSSPE-basic/enterovirus/enterovirus.msa, /datater/wu/data/MSSPE-basic/zika/zika.msa, /datater/wu/data/MSSPE-basic/enterovirus/kmer15/allKmercount.sorted.calculated.txt, /datater/wu/data/MSSPE-basic/zika/kmer15/allKmercount.sorted.calculated.txt, /datater/wu/data/MSSPE-basic/enterovirus/kmer15/allKmerCount.sorted.calculated.filtered.txt, /datater/wu/data/MSSPE-basic/zika/kmer15/allKmerCount.sorted.calculated.filtered.txt, /datater/wu/data/MSSPE-basic/enterovirus/kmer15/intermediate/allKmerCount.sorted.calculated.filtered.fasta, /datater/wu/data/MSSPE-basic/zika/kmer15/intermediate/allKmerCount.sorted.calculated.filtered.fasta, /datater/wu/data/RefSeqProkaryota/RefSeqProkaryota.DB.1.ebwt, /datater/wu/data/RefSeqProkaryota/RefSeqProkaryota.DB.2.ebwt, /datater/wu/data/RefSeqProkaryota/RefSeqProkaryota.DB.3.ebwt, /datater/wu/data/RefSeqProkaryota/RefSeqProkaryota.DB.4.ebwt, /datater/wu/data/RefSeqProkaryota/RefSeqProkaryota.DB.rev.1.ebwt, /datater/wu/data/RefSeqProkaryota/RefSeqProkaryota.DB.rev.2.ebwt, /datater/wu/data/MSSPE-basic/enterovirus/kmer15/intermediate/allKmerCount.sorted.calculated.filtered.bowtie, /datater/wu/data/MSSPE-basic/zika/kmer15/intermediate/allKmerCount.sorted.calculated.filtered.bowtie, /datater/wu/data/MSSPE-basic/enterovirus/kmer15/allKmerCount.sorted.calculated.filtered.spec.txt, /datater/wu/data/MSSPE-basic/zika/kmer15/allKmerCount.sorted.calculated.filtered.spec.txt, /datater/wu/data/MSSPE-basic/enterovirus/kmer15/allOligo.set, /datater/wu/data/MSSPE-basic/zika/kmer15/allOligo.set, /datater/wu/data/MSSPE-basic/enterovirus/kmer15/intermediate/aceID-taxID-species.tsv, /datater/wu/data/MSSPE-basic/zika/kmer15/intermediate/aceID-taxID-species.tsv, /datater/wu/data/MSSPE-basic/enterovirus/kmer15/evaluation/allOligos_reverse.set.coverage, /datater/wu/data/MSSPE-basic/zika/kmer15/evaluation/allOligos_reverse.set.coverage, /datater/wu/data/MSSPE-basic/enterovirus/kmer15/evaluation/allOligo_before.tsv, /datater/wu/data/MSSPE-basic/zika/kmer15/evaluation/allOligo_before.tsv, /datater/wu/data/MSSPE-basic/enterovirus/kmer15/evaluation/allOligo_after1.tsv, /datater/wu/data/MSSPE-basic/zika/kmer15/evaluation/allOligo_after1.tsv, /datater/wu/data/MSSPE-basic/enterovirus/kmer15/evaluation/allOligo_after2.tsv, /datater/wu/data/MSSPE-basic/zika/kmer15/evaluation/allOligo_after2.tsv, /datater/wu/data/MSSPE-basic/enterovirus/kmer15/evaluation/allOligo_after3.tsv, /datater/wu/data/MSSPE-basic/zika/kmer15/evaluation/allOligo_after3.tsv
    jobid: 0

[Mon Apr 26 18:25:18 2021]
Finished job 0.
3 of 3 steps (100%) done
Complete log: /datater/wu/MSSPE/.snakemake/log/2021-04-26T182514.186456.snakemake.log
