Building DAG of jobs...
Using shell: /bin/bash
Provided cores: 12
Rules claiming more threads will be scaled down.
Conda environments: ignored
Job counts:
	count	jobs
	1	all
	1	reverse_filtering
	2
Select jobs to execute...

[Mon Mar 15 14:50:47 2021]
rule reverse_filtering:
    input: /datater/wu/data/zika/filtering/allOligos_reverse.calculated2
    output: /datater/wu/data/zika/filtering/allOligos_reverse.filtered
    jobid: 11
    wildcards: sample=zika

Shutting down, this might take some time.
Exiting because a job execution failed. Look above for error message
Complete log: /datater/wu/stage_m2/.snakemake/log/2021-03-15T145039.417505.snakemake.log
