Building DAG of jobs...
Using shell: /bin/bash
Provided cores: 1 (use --cores to define parallelism)
Rules claiming more threads will be scaled down.
Conda environments: ignored
Job counts:
	count	jobs
	1	all
	1	split_overlap_chunks
	2
Select jobs to execute...

[Sun Feb 28 18:24:59 2021]
rule split_overlap_chunks:
    input: /home/wu/Documents/data/msa/enterovirus.msa.fasta
    output: /home/wu/Documents/data/splitFiles/enterovirus.split.fasta
    jobid: 3
    wildcards: sample=enterovirus

Shutting down, this might take some time.
Exiting because a job execution failed. Look above for error message
Complete log: /home/wu/Documents/stage_m2/.snakemake/log/2021-02-28T182459.325535.snakemake.log
