Building DAG of jobs...
Using shell: /bin/bash
Provided cores: 1 (use --cores to define parallelism)
Rules claiming more threads will be scaled down.
Conda environments: ignored
Job counts:
	count	jobs
	1	all
	1	split_overlap_chunks
	2
Select jobs to execute...

[Thu Mar  4 10:47:24 2021]
checkpoint split_overlap_chunks:
    input: /home/meijun/Documents/data/msa/zika.msa.fasta
    output: /home/meijun/Documents/data/splitFiles/zika/forward.{*}.fasta (dynamic), /home/meijun/Documents/data/splitFiles/zika/reverse.{*}.fasta (dynamic)
    jobid: 3
    wildcards: sample=zika
Downstream jobs will be updated after completion.

Subsequent jobs will be added dynamically depending on the output of this job
Updating job all.
Dynamically updating jobs
[Thu Mar  4 10:47:25 2021]
Finished job 3.
1 of 1 steps (100%) done
Complete log: /home/meijun/Documents/stage_m2/.snakemake/log/2021-03-04T104724.233812.snakemake.log
