Building DAG of jobs...
Updating job aggregate_allReverseOligo.
Using shell: /bin/bash
Provided cores: 12
Rules claiming more threads will be scaled down.
Conda environments: ignored
Job counts:
	count	jobs
	1	all
	1	splitFilteredTable
	1	splitTableToFasta
	3
Select jobs to execute...

[Thu Mar 25 15:45:22 2021]
rule splitFilteredTable:
    input: /datater/wu/data/zika/filtering/allOligos_reverse.filtered
    output: /datater/wu/data/zika/checkSpecifity/reverse{*}_filtered.tsv (dynamic)
    jobid: 2
    wildcards: sample=zika

Subsequent jobs will be added dynamically depending on the output of this job
Shutting down, this might take some time.
Exiting because a job execution failed. Look above for error message
Complete log: /datater/wu/stage_m2/.snakemake/log/2021-03-25T154522.116335.snakemake.log
