Building DAG of jobs...
Updating job aggregate_allReverseOligo.
Using shell: /bin/bash
Provided cores: 12
Rules claiming more threads will be scaled down.
Conda environments: ignored
Job counts:
	count	jobs
	1	RNAtoDNA
	1	all
	1	lastdb_index
	3
Select jobs to execute...

[Wed Mar 17 14:44:17 2021]
rule RNAtoDNA:
    input: /datater/wu/data/zika/zika.uniq
    output: /datater/wu/data/zika/zika.uniq.dna.fasta
    jobid: 1
    wildcards: sample=zika

[Wed Mar 17 14:44:17 2021]
Finished job 1.
1 of 3 steps (33%) done
Select jobs to execute...

[Wed Mar 17 14:44:17 2021]
rule lastdb_index:
    input: /datater/wu/data/zika/zika.uniq.dna.fasta
    output: /datater/wu/data/zika/zika.index.bck, /datater/wu/data/zika/zika.index.des, /datater/wu/data/zika/zika.index.prj, /datater/wu/data/zika/zika.index.sds, /datater/wu/data/zika/zika.index.ssp, /datater/wu/data/zika/zika.index.suf, /datater/wu/data/zika/zika.index.tis
    jobid: 3
    wildcards: sample=zika

[Wed Mar 17 14:44:17 2021]
Error in rule lastdb_index:
    jobid: 3
    output: /datater/wu/data/zika/zika.index.bck, /datater/wu/data/zika/zika.index.des, /datater/wu/data/zika/zika.index.prj, /datater/wu/data/zika/zika.index.sds, /datater/wu/data/zika/zika.index.ssp, /datater/wu/data/zika/zika.index.suf, /datater/wu/data/zika/zika.index.tis
    shell:
        lib/last-1179/src/lastdb -S 2 -Q fasta -v /datater/wu/data/zika/zika.index /datater/wu/data/zika/zika.uniq.dna.fasta
        (one of the commands exited with non-zero exit code; note that snakemake uses bash strict mode!)

Shutting down, this might take some time.
Exiting because a job execution failed. Look above for error message
Complete log: /datater/wu/stage_m2/.snakemake/log/2021-03-17T144416.893377.snakemake.log
