The flag 'directory' used in rule count_kmers is only valid for outputs, not inputs.
Building DAG of jobs...
Using shell: /bin/bash
Provided cores: 1 (use --cores to define parallelism)
Rules claiming more threads will be scaled down.
Conda environments: ignored
Job counts:
	count	jobs
	1	count_kmers
	1
Select jobs to execute...

[Thu Feb 25 09:21:45 2021]
rule count_kmers:
    input: test/splitFiles
    output: test/kmerCounting/dsk
    log: test/dsk_output
    jobid: 0

[Thu Feb 25 09:21:45 2021]
Error in rule count_kmers:
    jobid: 0
    output: test/kmerCounting/dsk
    log: test/dsk_output (check log file(s) for error message)
    shell:
        scripts/dsk.sh
        (one of the commands exited with non-zero exit code; note that snakemake uses bash strict mode!)

Shutting down, this might take some time.
Exiting because a job execution failed. Look above for error message
Complete log: /databis/wu/stage_m2/.snakemake/log/2021-02-25T092144.896316.snakemake.log
