Building DAG of jobs...
Using shell: /bin/bash
Provided cores: 12
Rules claiming more threads will be scaled down.
Conda environments: ignored
Job counts:
	count	jobs
	1	aggregate_allReverseOligo
	1	all
	1	allToFasta
	38	dskReverse
	38	dskReverseOutput
	38	dskReverseOutputSort
	38	reverse_add_LC
	1	reverse_filtering
	38	reverse_linguistic_complexity
	38	reverse_parameters
	38	reverse_toFasta
	38	splitFiles
	308
Select jobs to execute...

[Mon Mar 15 11:25:46 2021]
rule splitFiles:
    input: /datater/wu/data/msa/zika.msa
    output: /datater/wu/data/zika/splitFiles/reverse6350-6854.fasta (dynamic)
    jobid: 291
    wildcards: sample=zika, seg=6350-6854

Subsequent jobs will be added dynamically depending on the output of this job

[Mon Mar 15 11:25:46 2021]
rule splitFiles:
    input: /datater/wu/data/msa/zika.msa
    output: /datater/wu/data/zika/splitFiles/reverse2286-2790.fasta (dynamic)
    jobid: 219
    wildcards: sample=zika, seg=2286-2790

Subsequent jobs will be added dynamically depending on the output of this job

[Mon Mar 15 11:25:46 2021]
rule splitFiles:
    input: /datater/wu/data/msa/zika.msa
    output: /datater/wu/data/zika/splitFiles/reverse4064-4568.fasta (dynamic)
    jobid: 299
    wildcards: sample=zika, seg=4064-4568

Subsequent jobs will be added dynamically depending on the output of this job

[Mon Mar 15 11:25:47 2021]
rule splitFiles:
    input: /datater/wu/data/msa/zika.msa
    output: /datater/wu/data/zika/splitFiles/reverse{*}.fasta (dynamic)
    jobid: 3
    wildcards: sample=zika

Subsequent jobs will be added dynamically depending on the output of this job

[Mon Mar 15 11:25:47 2021]
rule splitFiles:
    input: /datater/wu/data/msa/zika.msa
    output: /datater/wu/data/zika/splitFiles/reverse8128-8632.fasta (dynamic)
    jobid: 67
    wildcards: sample=zika, seg=8128-8632

Subsequent jobs will be added dynamically depending on the output of this job

[Mon Mar 15 11:25:47 2021]
rule splitFiles:
    input: /datater/wu/data/msa/zika.msa
    output: /datater/wu/data/zika/splitFiles/reverse7620-8124.fasta (dynamic)
    jobid: 75
    wildcards: sample=zika, seg=7620-8124

Subsequent jobs will be added dynamically depending on the output of this job

[Mon Mar 15 11:25:47 2021]
rule splitFiles:
    input: /datater/wu/data/msa/zika.msa
    output: /datater/wu/data/zika/splitFiles/reverse3302-3806.fasta (dynamic)
    jobid: 187
    wildcards: sample=zika, seg=3302-3806

Subsequent jobs will be added dynamically depending on the output of this job

[Mon Mar 15 11:25:47 2021]
rule splitFiles:
    input: /datater/wu/data/msa/zika.msa
    output: /datater/wu/data/zika/splitFiles/reverse4826-5330.fasta (dynamic)
    jobid: 195
    wildcards: sample=zika, seg=4826-5330

Subsequent jobs will be added dynamically depending on the output of this job

[Mon Mar 15 11:25:47 2021]
rule splitFiles:
    input: /datater/wu/data/msa/zika.msa
    output: /datater/wu/data/zika/splitFiles/reverse6858-7362.fasta (dynamic)
    jobid: 179
    wildcards: sample=zika, seg=6858-7362

Subsequent jobs will be added dynamically depending on the output of this job

[Mon Mar 15 11:25:47 2021]
rule splitFiles:
    input: /datater/wu/data/msa/zika.msa
    output: /datater/wu/data/zika/splitFiles/reverse6096-6600.fasta (dynamic)
    jobid: 171
    wildcards: sample=zika, seg=6096-6600

Subsequent jobs will be added dynamically depending on the output of this job

[Mon Mar 15 11:25:47 2021]
rule splitFiles:
    input: /datater/wu/data/msa/zika.msa
    output: /datater/wu/data/zika/splitFiles/reverse8636-9140.fasta (dynamic)
    jobid: 307
    wildcards: sample=zika, seg=8636-9140

Subsequent jobs will be added dynamically depending on the output of this job

[Mon Mar 15 11:25:47 2021]
rule splitFiles:
    input: /datater/wu/data/msa/zika.msa
    output: /datater/wu/data/zika/splitFiles/reverse5334-5838.fasta (dynamic)
    jobid: 203
    wildcards: sample=zika, seg=5334-5838

Subsequent jobs will be added dynamically depending on the output of this job
Dynamically updating jobs
[Mon Mar 15 11:25:49 2021]
Finished job 3.
1 of 602 steps (0.17%) done
Select jobs to execute...

[Mon Mar 15 11:25:49 2021]
rule splitFiles:
    input: /datater/wu/data/msa/zika.msa
    output: /datater/wu/data/zika/splitFiles/reverse8382-8886.fasta (dynamic)
    jobid: 123
    wildcards: sample=zika, seg=8382-8886

Subsequent jobs will be added dynamically depending on the output of this job
Shutting down, this might take some time.
Exiting because a job execution failed. Look above for error message
Complete log: /datater/wu/stage_m2/.snakemake/log/2021-03-15T112544.639783.snakemake.log
