Building DAG of jobs...
Updating job aggregateAllReverseOligo.
Using shell: /bin/bash
Provided cores: 12
Rules claiming more threads will be scaled down.
Conda environments: ignored
Job counts:
	count	jobs
	1	all
	1	allHeterodimerCheck
	1	oligoSet
	3
Select jobs to execute...

[Tue Mar 30 11:33:50 2021]
rule allHeterodimerCheck:
    input: /datater/wu/data/enterovirus/checkSpecifity/allOligos_reverse.filtered.spec.fasta
    output: /datater/wu/data/enterovirus/checkSpecifity/allOligos_reverse.filtered.spec.heterodimer
    jobid: 2
    wildcards: sample=enterovirus

[Tue Mar 30 11:37:10 2021]
Finished job 2.
1 of 3 steps (33%) done
Select jobs to execute...

[Tue Mar 30 11:37:10 2021]
rule oligoSet:
    input: /datater/wu/data/enterovirus/checkSpecifity/allOligos_reverse.filtered.spec.heterodimer
    output: /datater/wu/data/enterovirus/checkSpecifity/allOligos_reverse.set
    jobid: 1
    wildcards: sample=enterovirus

Shutting down, this might take some time.
Exiting because a job execution failed. Look above for error message
Complete log: /datater/wu/stage_m2/.snakemake/log/2021-03-30T113349.736385.snakemake.log
