Building DAG of jobs...
Using shell: /bin/bash
Provided cores: 12
Rules claiming more threads will be scaled down.
Conda environments: ignored
Job counts:
	count	jobs
	1	all
	74	kmc
	75
Select jobs to execute...

[Tue Mar  2 10:41:04 2021]
rule kmc:
    input: /datater/wu/data/splitFiles/enterovirus.reverse.8160-8665.fasta
    output: /datater/wu/data/kmerCounting/enterovirus.reverse.8160-8665.kmc_pre, /datater/wu/data/kmerCounting/enterovirus.reverse.8160-8665.kmc_suf
    jobid: 106
    wildcards: prefix=enterovirus.reverse.8160-8665


[Tue Mar  2 10:41:04 2021]
rule kmc:
    input: /datater/wu/data/splitFiles/enterovirus.reverse.6630-7135.fasta
    output: /datater/wu/data/kmerCounting/enterovirus.reverse.6630-7135.kmc_pre, /datater/wu/data/kmerCounting/enterovirus.reverse.6630-7135.kmc_suf
    jobid: 98
    wildcards: prefix=enterovirus.reverse.6630-7135


[Tue Mar  2 10:41:04 2021]
rule kmc:
    input: /datater/wu/data/splitFiles/enterovirus.forward.7650-8155.fasta
    output: /datater/wu/data/kmerCounting/enterovirus.forward.7650-8155.kmc_pre, /datater/wu/data/kmerCounting/enterovirus.forward.7650-8155.kmc_suf
    jobid: 8
    wildcards: prefix=enterovirus.forward.7650-8155


[Tue Mar  2 10:41:04 2021]
rule kmc:
    input: /datater/wu/data/splitFiles/enterovirus.forward.4080-4585.fasta
    output: /datater/wu/data/kmerCounting/enterovirus.forward.4080-4585.kmc_pre, /datater/wu/data/kmerCounting/enterovirus.forward.4080-4585.kmc_suf
    jobid: 30
    wildcards: prefix=enterovirus.forward.4080-4585


[Tue Mar  2 10:41:04 2021]
rule kmc:
    input: /datater/wu/data/splitFiles/enterovirus.reverse.8925-9430.fasta
    output: /datater/wu/data/kmerCounting/enterovirus.reverse.8925-9430.kmc_pre, /datater/wu/data/kmerCounting/enterovirus.reverse.8925-9430.kmc_suf
    jobid: 44
    wildcards: prefix=enterovirus.reverse.8925-9430


[Tue Mar  2 10:41:04 2021]
rule kmc:
    input: /datater/wu/data/splitFiles/enterovirus.reverse.8670-9175.fasta
    output: /datater/wu/data/kmerCounting/enterovirus.reverse.8670-9175.kmc_pre, /datater/wu/data/kmerCounting/enterovirus.reverse.8670-9175.kmc_suf
    jobid: 14
    wildcards: prefix=enterovirus.reverse.8670-9175


[Tue Mar  2 10:41:04 2021]
rule kmc:
    input: /datater/wu/data/splitFiles/enterovirus.reverse.7650-8155.fasta
    output: /datater/wu/data/kmerCounting/enterovirus.reverse.7650-8155.kmc_pre, /datater/wu/data/kmerCounting/enterovirus.reverse.7650-8155.kmc_suf
    jobid: 111
    wildcards: prefix=enterovirus.reverse.7650-8155


[Tue Mar  2 10:41:04 2021]
rule kmc:
    input: /datater/wu/data/splitFiles/enterovirus.reverse.4080-4585.fasta
    output: /datater/wu/data/kmerCounting/enterovirus.reverse.4080-4585.kmc_pre, /datater/wu/data/kmerCounting/enterovirus.reverse.4080-4585.kmc_suf
    jobid: 103
    wildcards: prefix=enterovirus.reverse.4080-4585


[Tue Mar  2 10:41:04 2021]
rule kmc:
    input: /datater/wu/data/splitFiles/enterovirus.forward.0-505.fasta
    output: /datater/wu/data/kmerCounting/enterovirus.forward.0-505.kmc_pre, /datater/wu/data/kmerCounting/enterovirus.forward.0-505.kmc_suf
    jobid: 22
    wildcards: prefix=enterovirus.forward.0-505


[Tue Mar  2 10:41:04 2021]
rule kmc:
    input: /datater/wu/data/splitFiles/enterovirus.reverse.1020-1525.fasta
    output: /datater/wu/data/kmerCounting/enterovirus.reverse.1020-1525.kmc_pre, /datater/wu/data/kmerCounting/enterovirus.reverse.1020-1525.kmc_suf
    jobid: 36
    wildcards: prefix=enterovirus.reverse.1020-1525


[Tue Mar  2 10:41:04 2021]
rule kmc:
    input: /datater/wu/data/splitFiles/enterovirus.forward.3570-4075.fasta
    output: /datater/wu/data/kmerCounting/enterovirus.forward.3570-4075.kmc_pre, /datater/wu/data/kmerCounting/enterovirus.forward.3570-4075.kmc_suf
    jobid: 51
    wildcards: prefix=enterovirus.forward.3570-4075


[Tue Mar  2 10:41:04 2021]
rule kmc:
    input: /datater/wu/data/splitFiles/enterovirus.reverse.1785-2290.fasta
    output: /datater/wu/data/kmerCounting/enterovirus.reverse.1785-2290.kmc_pre, /datater/wu/data/kmerCounting/enterovirus.reverse.1785-2290.kmc_suf
    jobid: 58
    wildcards: prefix=enterovirus.reverse.1785-2290

Waiting at most 5 seconds for missing files.
MissingOutputException in line 229 of /datater/wu/stage_m2/Snakefile:
Job Missing files after 5 seconds:
/datater/wu/data/kmerCounting/enterovirus.reverse.6630-7135.kmc_pre
/datater/wu/data/kmerCounting/enterovirus.reverse.6630-7135.kmc_suf
This might be due to filesystem latency. If that is the case, consider to increase the wait time with --latency-wait.
Job id: 98 completed successfully, but some output files are missing. 98
  File "/datater/wu/miniconda3/envs/snakemake/lib/python3.9/site-packages/snakemake/executors/__init__.py", line 583, in handle_job_success
  File "/datater/wu/miniconda3/envs/snakemake/lib/python3.9/site-packages/snakemake/executors/__init__.py", line 252, in handle_job_success
Waiting at most 5 seconds for missing files.
MissingOutputException in line 229 of /datater/wu/stage_m2/Snakefile:
Job Missing files after 5 seconds:
/datater/wu/data/kmerCounting/enterovirus.reverse.8925-9430.kmc_pre
/datater/wu/data/kmerCounting/enterovirus.reverse.8925-9430.kmc_suf
This might be due to filesystem latency. If that is the case, consider to increase the wait time with --latency-wait.
Job id: 44 completed successfully, but some output files are missing. 44
  File "/datater/wu/miniconda3/envs/snakemake/lib/python3.9/site-packages/snakemake/executors/__init__.py", line 583, in handle_job_success
  File "/datater/wu/miniconda3/envs/snakemake/lib/python3.9/site-packages/snakemake/executors/__init__.py", line 252, in handle_job_success
Waiting at most 5 seconds for missing files.
MissingOutputException in line 229 of /datater/wu/stage_m2/Snakefile:
Job Missing files after 5 seconds:
/datater/wu/data/kmerCounting/enterovirus.reverse.7650-8155.kmc_pre
/datater/wu/data/kmerCounting/enterovirus.reverse.7650-8155.kmc_suf
This might be due to filesystem latency. If that is the case, consider to increase the wait time with --latency-wait.
Job id: 111 completed successfully, but some output files are missing. 111
  File "/datater/wu/miniconda3/envs/snakemake/lib/python3.9/site-packages/snakemake/executors/__init__.py", line 583, in handle_job_success
  File "/datater/wu/miniconda3/envs/snakemake/lib/python3.9/site-packages/snakemake/executors/__init__.py", line 252, in handle_job_success
Waiting at most 5 seconds for missing files.
MissingOutputException in line 229 of /datater/wu/stage_m2/Snakefile:
Job Missing files after 5 seconds:
/datater/wu/data/kmerCounting/enterovirus.reverse.1785-2290.kmc_pre
/datater/wu/data/kmerCounting/enterovirus.reverse.1785-2290.kmc_suf
This might be due to filesystem latency. If that is the case, consider to increase the wait time with --latency-wait.
Job id: 58 completed successfully, but some output files are missing. 58
  File "/datater/wu/miniconda3/envs/snakemake/lib/python3.9/site-packages/snakemake/executors/__init__.py", line 583, in handle_job_success
  File "/datater/wu/miniconda3/envs/snakemake/lib/python3.9/site-packages/snakemake/executors/__init__.py", line 252, in handle_job_success
Waiting at most 5 seconds for missing files.
MissingOutputException in line 229 of /datater/wu/stage_m2/Snakefile:
Job Missing files after 5 seconds:
/datater/wu/data/kmerCounting/enterovirus.forward.0-505.kmc_pre
/datater/wu/data/kmerCounting/enterovirus.forward.0-505.kmc_suf
This might be due to filesystem latency. If that is the case, consider to increase the wait time with --latency-wait.
Job id: 22 completed successfully, but some output files are missing. 22
  File "/datater/wu/miniconda3/envs/snakemake/lib/python3.9/site-packages/snakemake/executors/__init__.py", line 583, in handle_job_success
  File "/datater/wu/miniconda3/envs/snakemake/lib/python3.9/site-packages/snakemake/executors/__init__.py", line 252, in handle_job_success
Waiting at most 5 seconds for missing files.
MissingOutputException in line 229 of /datater/wu/stage_m2/Snakefile:
Job Missing files after 5 seconds:
/datater/wu/data/kmerCounting/enterovirus.forward.3570-4075.kmc_pre
/datater/wu/data/kmerCounting/enterovirus.forward.3570-4075.kmc_suf
This might be due to filesystem latency. If that is the case, consider to increase the wait time with --latency-wait.
Job id: 51 completed successfully, but some output files are missing. 51
  File "/datater/wu/miniconda3/envs/snakemake/lib/python3.9/site-packages/snakemake/executors/__init__.py", line 583, in handle_job_success
  File "/datater/wu/miniconda3/envs/snakemake/lib/python3.9/site-packages/snakemake/executors/__init__.py", line 252, in handle_job_success
Waiting at most 5 seconds for missing files.
MissingOutputException in line 229 of /datater/wu/stage_m2/Snakefile:
Job Missing files after 5 seconds:
/datater/wu/data/kmerCounting/enterovirus.reverse.1020-1525.kmc_pre
/datater/wu/data/kmerCounting/enterovirus.reverse.1020-1525.kmc_suf
This might be due to filesystem latency. If that is the case, consider to increase the wait time with --latency-wait.
Job id: 36 completed successfully, but some output files are missing. 36
  File "/datater/wu/miniconda3/envs/snakemake/lib/python3.9/site-packages/snakemake/executors/__init__.py", line 583, in handle_job_success
  File "/datater/wu/miniconda3/envs/snakemake/lib/python3.9/site-packages/snakemake/executors/__init__.py", line 252, in handle_job_success
Waiting at most 5 seconds for missing files.
MissingOutputException in line 229 of /datater/wu/stage_m2/Snakefile:
Job Missing files after 5 seconds:
/datater/wu/data/kmerCounting/enterovirus.reverse.8160-8665.kmc_pre
/datater/wu/data/kmerCounting/enterovirus.reverse.8160-8665.kmc_suf
This might be due to filesystem latency. If that is the case, consider to increase the wait time with --latency-wait.
Job id: 106 completed successfully, but some output files are missing. 106
  File "/datater/wu/miniconda3/envs/snakemake/lib/python3.9/site-packages/snakemake/executors/__init__.py", line 583, in handle_job_success
  File "/datater/wu/miniconda3/envs/snakemake/lib/python3.9/site-packages/snakemake/executors/__init__.py", line 252, in handle_job_success
Waiting at most 5 seconds for missing files.
MissingOutputException in line 229 of /datater/wu/stage_m2/Snakefile:
Job Missing files after 5 seconds:
/datater/wu/data/kmerCounting/enterovirus.reverse.8670-9175.kmc_pre
/datater/wu/data/kmerCounting/enterovirus.reverse.8670-9175.kmc_suf
This might be due to filesystem latency. If that is the case, consider to increase the wait time with --latency-wait.
Job id: 14 completed successfully, but some output files are missing. 14
  File "/datater/wu/miniconda3/envs/snakemake/lib/python3.9/site-packages/snakemake/executors/__init__.py", line 583, in handle_job_success
  File "/datater/wu/miniconda3/envs/snakemake/lib/python3.9/site-packages/snakemake/executors/__init__.py", line 252, in handle_job_success
Waiting at most 5 seconds for missing files.
MissingOutputException in line 229 of /datater/wu/stage_m2/Snakefile:
Job Missing files after 5 seconds:
/datater/wu/data/kmerCounting/enterovirus.forward.4080-4585.kmc_pre
/datater/wu/data/kmerCounting/enterovirus.forward.4080-4585.kmc_suf
This might be due to filesystem latency. If that is the case, consider to increase the wait time with --latency-wait.
Job id: 30 completed successfully, but some output files are missing. 30
  File "/datater/wu/miniconda3/envs/snakemake/lib/python3.9/site-packages/snakemake/executors/__init__.py", line 583, in handle_job_success
  File "/datater/wu/miniconda3/envs/snakemake/lib/python3.9/site-packages/snakemake/executors/__init__.py", line 252, in handle_job_success
Waiting at most 5 seconds for missing files.
MissingOutputException in line 229 of /datater/wu/stage_m2/Snakefile:
Job Missing files after 5 seconds:
/datater/wu/data/kmerCounting/enterovirus.forward.7650-8155.kmc_pre
/datater/wu/data/kmerCounting/enterovirus.forward.7650-8155.kmc_suf
This might be due to filesystem latency. If that is the case, consider to increase the wait time with --latency-wait.
Job id: 8 completed successfully, but some output files are missing. 8
  File "/datater/wu/miniconda3/envs/snakemake/lib/python3.9/site-packages/snakemake/executors/__init__.py", line 583, in handle_job_success
  File "/datater/wu/miniconda3/envs/snakemake/lib/python3.9/site-packages/snakemake/executors/__init__.py", line 252, in handle_job_success
Waiting at most 5 seconds for missing files.
MissingOutputException in line 229 of /datater/wu/stage_m2/Snakefile:
Job Missing files after 5 seconds:
/datater/wu/data/kmerCounting/enterovirus.reverse.4080-4585.kmc_pre
/datater/wu/data/kmerCounting/enterovirus.reverse.4080-4585.kmc_suf
This might be due to filesystem latency. If that is the case, consider to increase the wait time with --latency-wait.
Job id: 103 completed successfully, but some output files are missing. 103
  File "/datater/wu/miniconda3/envs/snakemake/lib/python3.9/site-packages/snakemake/executors/__init__.py", line 583, in handle_job_success
  File "/datater/wu/miniconda3/envs/snakemake/lib/python3.9/site-packages/snakemake/executors/__init__.py", line 252, in handle_job_success
Shutting down, this might take some time.
Exiting because a job execution failed. Look above for error message
Complete log: /datater/wu/stage_m2/.snakemake/log/2021-03-02T104103.004445.snakemake.log
