Building DAG of jobs...
Using shell: /bin/bash
Provided cores: 12
Rules claiming more threads will be scaled down.
Conda environments: ignored
Job counts:
	count	jobs
	1	all
	37	filterOut_within_segments
	38
Select jobs to execute...

[Fri Mar 12 13:25:57 2021]
rule filterOut_within_segments:
    input: /datater/wu/data/enterovirus/filtering/forward_7112-7616.calculated2
    output: /datater/wu/data/enterovirus/filtering/forward_7112-7616.filtered
    jobid: 298
    wildcards: sample=enterovirus, seg=7112-7616

[Fri Mar 12 13:25:57 2021]
rule filterOut_within_segments:
    input: /datater/wu/data/enterovirus/filtering/forward_2286-2790.calculated2
    output: /datater/wu/data/enterovirus/filtering/forward_2286-2790.filtered
    jobid: 274
    wildcards: sample=enterovirus, seg=2286-2790

[Fri Mar 12 13:25:57 2021]
rule filterOut_within_segments:
    input: /datater/wu/data/enterovirus/filtering/forward_1270-1774.calculated2
    output: /datater/wu/data/enterovirus/filtering/forward_1270-1774.filtered
    jobid: 282
    wildcards: sample=enterovirus, seg=1270-1774

[Fri Mar 12 13:25:57 2021]
rule filterOut_within_segments:
    input: /datater/wu/data/enterovirus/filtering/forward_2794-3298.calculated2
    output: /datater/wu/data/enterovirus/filtering/forward_2794-3298.filtered
    jobid: 289
    wildcards: sample=enterovirus, seg=2794-3298

[Fri Mar 12 13:25:57 2021]
rule filterOut_within_segments:
    input: /datater/wu/data/enterovirus/filtering/forward_8890-9394.calculated2
    output: /datater/wu/data/enterovirus/filtering/forward_8890-9394.filtered
    jobid: 297
    wildcards: sample=enterovirus, seg=8890-9394

[Fri Mar 12 13:25:57 2021]
rule filterOut_within_segments:
    input: /datater/wu/data/enterovirus/filtering/forward_3048-3552.calculated2
    output: /datater/wu/data/enterovirus/filtering/forward_3048-3552.filtered
    jobid: 304
    wildcards: sample=enterovirus, seg=3048-3552

[Fri Mar 12 13:25:57 2021]
rule filterOut_within_segments:
    input: /datater/wu/data/enterovirus/filtering/forward_3302-3806.calculated2
    output: /datater/wu/data/enterovirus/filtering/forward_3302-3806.filtered
    jobid: 296
    wildcards: sample=enterovirus, seg=3302-3806

[Fri Mar 12 13:25:57 2021]
rule filterOut_within_segments:
    input: /datater/wu/data/enterovirus/filtering/forward_7620-8124.calculated2
    output: /datater/wu/data/enterovirus/filtering/forward_7620-8124.filtered
    jobid: 281
    wildcards: sample=enterovirus, seg=7620-8124

[Fri Mar 12 13:25:57 2021]
rule filterOut_within_segments:
    input: /datater/wu/data/enterovirus/filtering/forward_4826-5330.calculated2
    output: /datater/wu/data/enterovirus/filtering/forward_4826-5330.filtered
    jobid: 303
    wildcards: sample=enterovirus, seg=4826-5330

[Fri Mar 12 13:25:57 2021]
rule filterOut_within_segments:
    input: /datater/wu/data/enterovirus/filtering/forward_8636-9140.calculated2
    output: /datater/wu/data/enterovirus/filtering/forward_8636-9140.filtered
    jobid: 288
    wildcards: sample=enterovirus, seg=8636-9140

[Fri Mar 12 13:25:57 2021]
rule filterOut_within_segments:
    input: /datater/wu/data/enterovirus/filtering/forward_9144-9382.calculated2
    output: /datater/wu/data/enterovirus/filtering/forward_9144-9382.filtered
    jobid: 275
    wildcards: sample=enterovirus, seg=9144-9382

[Fri Mar 12 13:25:57 2021]
rule filterOut_within_segments:
    input: /datater/wu/data/enterovirus/filtering/forward_2032-2536.calculated2
    output: /datater/wu/data/enterovirus/filtering/forward_2032-2536.filtered
    jobid: 290
    wildcards: sample=enterovirus, seg=2032-2536

Shutting down, this might take some time.
Exiting because a job execution failed. Look above for error message
Complete log: /datater/wu/stage_m2/.snakemake/log/2021-03-12T132556.399704.snakemake.log
