Building DAG of jobs...
Updating job merge_all_kmers.
Updating job merge_all_kmers.
Updating job merge_all_kmers.
Updating job merge_all_kmers.
Updating job merge_all_kmers.
Updating job merge_all_kmers.
Updating job merge_all_kmers.
Updating job merge_all_kmers.
Updating job merge_all_kmers.
Updating job merge_all_kmers.
Updating job merge_all_kmers.
Updating job merge_all_kmers.
Updating job merge_all_kmers.
Updating job merge_all_kmers.
Updating job merge_all_kmers.
Updating job merge_all_kmers.
Updating job merge_all_kmers.
Updating job merge_all_kmers.
Updating job merge_all_kmers.
Updating job merge_all_kmers.
Updating job merge_all_kmers.
Updating job merge_all_kmers.
Updating job merge_all_kmers.
Updating job merge_all_kmers.
Updating job merge_all_kmers.
Updating job merge_all_kmers.
Updating job merge_all_kmers.
Using shell: /bin/bash
Provided cores: 12
Rules claiming more threads will be scaled down.
Conda environments: ignored
Job counts:
	count	jobs
	1	all
	1	dimer_mfeprimer
	1	dimer_ntthal
	16	filterOut_Tm
	1	hairpin_mfeprimer
	1	hairpin_ntthal
	1	merge_all_kmers
	1	transforme_to_fasta
	23
Select jobs to execute...

[Tue Mar  9 16:37:39 2021]
checkpoint filterOut_Tm:
    input: /datater/wu/data/zika/primer3_Tm/forward_8283-8784.Tm
    output: /datater/wu/data/zika/primer3_Tm/forward_8283-8784.TmFilterered
    jobid: 166
    wildcards: sample=zika, seg=8283-8784
Downstream jobs will be updated after completion.

[Tue Mar  9 16:37:39 2021]
checkpoint filterOut_Tm:
    input: /datater/wu/data/zika/primer3_Tm/forward_2761-3262.Tm
    output: /datater/wu/data/zika/primer3_Tm/forward_2761-3262.TmFilterered
    jobid: 16
    wildcards: sample=zika, seg=2761-3262
Downstream jobs will be updated after completion.

[Tue Mar  9 16:37:39 2021]
checkpoint filterOut_Tm:
    input: /datater/wu/data/zika/primer3_Tm/forward_5271-5772.Tm
    output: /datater/wu/data/zika/primer3_Tm/forward_5271-5772.TmFilterered
    jobid: 334
    wildcards: sample=zika, seg=5271-5772
Downstream jobs will be updated after completion.

[Tue Mar  9 16:37:39 2021]
checkpoint filterOut_Tm:
    input: /datater/wu/data/zika/primer3_Tm/forward_8785-9286.Tm
    output: /datater/wu/data/zika/primer3_Tm/forward_8785-9286.TmFilterered
    jobid: 46
    wildcards: sample=zika, seg=8785-9286
Downstream jobs will be updated after completion.

[Tue Mar  9 16:37:39 2021]
checkpoint filterOut_Tm:
    input: /datater/wu/data/zika/primer3_Tm/forward_7028-7529.Tm
    output: /datater/wu/data/zika/primer3_Tm/forward_7028-7529.TmFilterered
    jobid: 40
    wildcards: sample=zika, seg=7028-7529
Downstream jobs will be updated after completion.

[Tue Mar  9 16:37:39 2021]
checkpoint filterOut_Tm:
    input: /datater/wu/data/zika/primer3_Tm/forward_9538-10039.Tm
    output: /datater/wu/data/zika/primer3_Tm/forward_9538-10039.TmFilterered
    jobid: 336
    wildcards: sample=zika, seg=9538-10039
Downstream jobs will be updated after completion.

[Tue Mar  9 16:37:39 2021]
checkpoint filterOut_Tm:
    input: /datater/wu/data/zika/primer3_Tm/forward_2259-2760.Tm
    output: /datater/wu/data/zika/primer3_Tm/forward_2259-2760.TmFilterered
    jobid: 333
    wildcards: sample=zika, seg=2259-2760
Downstream jobs will be updated after completion.

[Tue Mar  9 16:37:39 2021]
checkpoint filterOut_Tm:
    input: /datater/wu/data/zika/primer3_Tm/forward_9036-9537.Tm
    output: /datater/wu/data/zika/primer3_Tm/forward_9036-9537.TmFilterered
    jobid: 64
    wildcards: sample=zika, seg=9036-9537
Downstream jobs will be updated after completion.

[Tue Mar  9 16:37:39 2021]
checkpoint filterOut_Tm:
    input: /datater/wu/data/zika/primer3_Tm/forward_251-752.Tm
    output: /datater/wu/data/zika/primer3_Tm/forward_251-752.TmFilterered
    jobid: 34
    wildcards: sample=zika, seg=251-752
Downstream jobs will be updated after completion.

[Tue Mar  9 16:37:39 2021]
checkpoint filterOut_Tm:
    input: /datater/wu/data/zika/primer3_Tm/forward_753-1254.Tm
    output: /datater/wu/data/zika/primer3_Tm/forward_753-1254.TmFilterered
    jobid: 335
    wildcards: sample=zika, seg=753-1254
Downstream jobs will be updated after completion.

[Tue Mar  9 16:37:39 2021]
checkpoint filterOut_Tm:
    input: /datater/wu/data/zika/primer3_Tm/forward_7530-8031.Tm
    output: /datater/wu/data/zika/primer3_Tm/forward_7530-8031.TmFilterered
    jobid: 208
    wildcards: sample=zika, seg=7530-8031
Downstream jobs will be updated after completion.

[Tue Mar  9 16:37:39 2021]
checkpoint filterOut_Tm:
    input: /datater/wu/data/zika/primer3_Tm/forward_5773-6274.Tm
    output: /datater/wu/data/zika/primer3_Tm/forward_5773-6274.TmFilterered
    jobid: 238
    wildcards: sample=zika, seg=5773-6274
Downstream jobs will be updated after completion.

Updating job merge_all_kmers.
Updating job all.
AmbiguousRuleException:
Rules splitFiles and splitFiles are ambiguous for the file /datater/wu/data/zika/split_forward/position_502-1003.fasta.
Consider starting rule output with a unique prefix, constrain your wildcards, or use the ruleorder directive.
Wildcards:
	splitFiles: sample=zika,seg=502-1003
	splitFiles: sample=zika
Expected input files:
	splitFiles: /datater/wu/data/msa/zika.msa
	splitFiles: /datater/wu/data/msa/zika.msaExpected output files:
	splitFiles: /datater/wu/data/zika/split_forward/position_502-1003.fasta /datater/wu/data/zika/split_reverse/position_502-1003.fasta
	splitFiles: /datater/wu/data/zika/split_forward/position_2259-2760.fasta /datater/wu/data/zika/split_forward/position_502-1003.fasta /datater/wu/data/zika/split_forward/position_10040-10541.fasta /datater/wu/data/zika/split_forward/position_4016-4517.fasta /datater/wu/data/zika/split_forward/position_8534-9035.fasta /datater/wu/data/zika/split_forward/position_2008-2509.fasta /datater/wu/data/zika/split_forward/position_5020-5521.fasta /datater/wu/data/zika/split_forward/position_9036-9537.fasta /datater/wu/data/zika/split_forward/position_7530-8031.fasta /datater/wu/data/zika/split_forward/position_4267-4768.fasta /datater/wu/data/zika/split_forward/position_3514-4015.fasta /datater/wu/data/zika/split_forward/position_0-501.fasta /datater/wu/data/zika/split_forward/position_6275-6776.fasta /datater/wu/data/zika/split_forward/position_9789-10290.fasta /datater/wu/data/zika/split_forward/position_1004-1505.fasta /datater/wu/data/zika/split_forward/position_3263-3764.fasta /datater/wu/data/zika/split_forward/position_5271-5772.fasta /datater/wu/data/zika/split_forward/position_10291-10792.fasta /datater/wu/data/zika/split_forward/position_7028-7529.fasta /datater/wu/data/zika/split_forward/position_4518-5019.fasta /datater/wu/data/zika/split_forward/position_6777-7278.fasta /datater/wu/data/zika/split_forward/position_5773-6274.fasta /datater/wu/data/zika/split_forward/position_2761-3262.fasta /datater/wu/data/zika/split_forward/position_4769-5270.fasta /datater/wu/data/zika/split_forward/position_8032-8533.fasta /datater/wu/data/zika/split_forward/position_3765-4266.fasta /datater/wu/data/zika/split_forward/position_1255-1756.fasta /datater/wu/data/zika/split_forward/position_753-1254.fasta /datater/wu/data/zika/split_forward/position_7279-7780.fasta /datater/wu/data/zika/split_forward/position_1757-2258.fasta /datater/wu/data/zika/split_forward/position_3012-3513.fasta /datater/wu/data/zika/split_forward/position_1506-2007.fasta /datater/wu/data/zika/split_forward/position_2510-3011.fasta /datater/wu/data/zika/split_forward/position_6526-7027.fasta /datater/wu/data/zika/split_forward/position_8785-9286.fasta /datater/wu/data/zika/split_forward/position_9287-9788.fasta /datater/wu/data/zika/split_forward/position_6024-6525.fasta /datater/wu/data/zika/split_forward/position_7781-8282.fasta /datater/wu/data/zika/split_forward/position_251-752.fasta /datater/wu/data/zika/split_forward/position_5522-6023.fasta /datater/wu/data/zika/split_forward/position_8283-8784.fasta /datater/wu/data/zika/split_forward/position_10542-10780.fasta /datater/wu/data/zika/split_forward/position_9538-10039.fasta /datater/wu/data/zika/split_reverse/position_2259-2760.fasta /datater/wu/data/zika/split_reverse/position_502-1003.fasta /datater/wu/data/zika/split_reverse/position_10040-10541.fasta /datater/wu/data/zika/split_reverse/position_4016-4517.fasta /datater/wu/data/zika/split_reverse/position_8534-9035.fasta /datater/wu/data/zika/split_reverse/position_2008-2509.fasta /datater/wu/data/zika/split_reverse/position_5020-5521.fasta /datater/wu/data/zika/split_reverse/position_9036-9537.fasta /datater/wu/data/zika/split_reverse/position_7530-8031.fasta /datater/wu/data/zika/split_reverse/position_4267-4768.fasta /datater/wu/data/zika/split_reverse/position_3514-4015.fasta /datater/wu/data/zika/split_reverse/position_0-501.fasta /datater/wu/data/zika/split_reverse/position_6275-6776.fasta /datater/wu/data/zika/split_reverse/position_9789-10290.fasta /datater/wu/data/zika/split_reverse/position_1004-1505.fasta /datater/wu/data/zika/split_reverse/position_3263-3764.fasta /datater/wu/data/zika/split_reverse/position_5271-5772.fasta /datater/wu/data/zika/split_reverse/position_10291-10792.fasta /datater/wu/data/zika/split_reverse/position_7028-7529.fasta /datater/wu/data/zika/split_reverse/position_4518-5019.fasta /datater/wu/data/zika/split_reverse/position_6777-7278.fasta /datater/wu/data/zika/split_reverse/position_5773-6274.fasta /datater/wu/data/zika/split_reverse/position_2761-3262.fasta /datater/wu/data/zika/split_reverse/position_4769-5270.fasta /datater/wu/data/zika/split_reverse/position_8032-8533.fasta /datater/wu/data/zika/split_reverse/position_3765-4266.fasta /datater/wu/data/zika/split_reverse/position_1255-1756.fasta /datater/wu/data/zika/split_reverse/position_753-1254.fasta /datater/wu/data/zika/split_reverse/position_7279-7780.fasta /datater/wu/data/zika/split_reverse/position_1757-2258.fasta /datater/wu/data/zika/split_reverse/position_3012-3513.fasta /datater/wu/data/zika/split_reverse/position_1506-2007.fasta /datater/wu/data/zika/split_reverse/position_2510-3011.fasta /datater/wu/data/zika/split_reverse/position_6526-7027.fasta /datater/wu/data/zika/split_reverse/position_8785-9286.fasta /datater/wu/data/zika/split_reverse/position_9287-9788.fasta /datater/wu/data/zika/split_reverse/position_6024-6525.fasta /datater/wu/data/zika/split_reverse/position_7781-8282.fasta /datater/wu/data/zika/split_reverse/position_251-752.fasta /datater/wu/data/zika/split_reverse/position_5522-6023.fasta /datater/wu/data/zika/split_reverse/position_8283-8784.fasta /datater/wu/data/zika/split_reverse/position_10542-10780.fasta /datater/wu/data/zika/split_reverse/position_9538-10039.fasta
Removing output files of failed job filterOut_Tm since they might be corrupted:
/datater/wu/data/zika/primer3_Tm/forward_8283-8784.TmFilterered
Updating job merge_all_kmers.
[Tue Mar  9 16:37:41 2021]
Finished job 46.
1 of 3 steps (33%) done
[Tue Mar  9 16:37:41 2021]
Finished job 334.
2 of 3 steps (67%) done
[Tue Mar  9 16:37:41 2021]
Finished job 238.
3 of 3 steps (100%) done
[Tue Mar  9 16:37:41 2021]
Finished job 336.
4 of 3 steps (133%) done
[Tue Mar  9 16:37:41 2021]
Finished job 333.
5 of 3 steps (167%) done
[Tue Mar  9 16:37:41 2021]
Finished job 34.
6 of 3 steps (200%) done
[Tue Mar  9 16:37:41 2021]
Finished job 16.
7 of 3 steps (233%) done
[Tue Mar  9 16:37:41 2021]
Finished job 64.
8 of 3 steps (267%) done
[Tue Mar  9 16:37:41 2021]
Finished job 40.
9 of 3 steps (300%) done
[Tue Mar  9 16:37:41 2021]
Finished job 208.
10 of 3 steps (333%) done
[Tue Mar  9 16:37:41 2021]
Finished job 335.
11 of 3 steps (367%) done
Shutting down, this might take some time.
Exiting because a job execution failed. Look above for error message
Complete log: /datater/wu/stage_m2/.snakemake/log/2021-03-09T163737.350400.snakemake.log
