Building DAG of jobs...
Updating job aggregateAllReverseOligo.
Using shell: /bin/bash
Provided cores: 12
Rules claiming more threads will be scaled down.
Conda environments: ignored
Job counts:
	count	jobs
	1	all
	1	oligoSet
	2
Select jobs to execute...

[Wed Mar 31 09:53:27 2021]
rule oligoSet:
    input: /datater/wu/data/enterovirus/checkSpecifity/allOligos_reverse.filtered.spec.heterodimer
    output: /datater/wu/data/enterovirus/checkSpecifity/allOligos_reverse.set
    jobid: 1
    wildcards: sample=enterovirus

Shutting down, this might take some time.
Exiting because a job execution failed. Look above for error message
Complete log: /datater/wu/stage_m2/.snakemake/log/2021-03-31T095326.475715.snakemake.log
