Building DAG of jobs...
Updating job filtering2.
Using shell: /bin/bash
Provided cores: 1 (use --cores to define parallelism)
Rules claiming more threads will be scaled down.
Conda environments: ignored
Job counts:
	count	jobs
	1	all
	33	calculateKmer_sort
	1	checkHeterodimer
	33	countKmer1
	33	countKmer2
	1	evaluation2
	1	evaluation3
	33	filtering1
	1	filtering2
	1	filtering3
	1	specific1
	1	specific3
	1	specific4
	141
Select jobs to execute...

[Tue May  4 10:00:14 2021]
rule countKmer1:
    input: /datater/wu/data/MSSPE-basic/enterovirusCurated/splitFiles/reverse2805-3310.fasta
    output: /datater/wu/data/MSSPE-basic/enterovirusCurated/kmer13/intermediate/reverse2805-3310.int.kmc_pre, /datater/wu/data/MSSPE-basic/enterovirusCurated/kmer13/intermediate/reverse2805-3310.int.kmc_suf
    jobid: 38
    wildcards: sample=enterovirusCurated, seg=2805-3310

[Tue May  4 10:00:40 2021]
Finished job 38.
1 of 141 steps (0.71%) done
Select jobs to execute...

[Tue May  4 10:00:40 2021]
rule countKmer2:
    input: /datater/wu/data/MSSPE-basic/enterovirusCurated/kmer13/intermediate/reverse2805-3310.int.kmc_pre, /datater/wu/data/MSSPE-basic/enterovirusCurated/kmer13/intermediate/reverse2805-3310.int.kmc_suf
    output: /datater/wu/data/MSSPE-basic/enterovirusCurated/kmer13/intermediate/reverse2805-3310.Kmercount.txt
    jobid: 37
    wildcards: sample=enterovirusCurated, seg=2805-3310

[Tue May  4 10:00:40 2021]
Finished job 37.
2 of 141 steps (1%) done
Select jobs to execute...

[Tue May  4 10:00:40 2021]
rule countKmer1:
    input: /datater/wu/data/MSSPE-basic/enterovirusCurated/splitFiles/reverse1020-1525.fasta
    output: /datater/wu/data/MSSPE-basic/enterovirusCurated/kmer13/intermediate/reverse1020-1525.int.kmc_pre, /datater/wu/data/MSSPE-basic/enterovirusCurated/kmer13/intermediate/reverse1020-1525.int.kmc_suf
    jobid: 90
    wildcards: sample=enterovirusCurated, seg=1020-1525

[Tue May  4 10:01:06 2021]
Finished job 90.
3 of 141 steps (2%) done
Select jobs to execute...

[Tue May  4 10:01:06 2021]
rule countKmer1:
    input: /datater/wu/data/MSSPE-basic/enterovirusCurated/splitFiles/reverse3825-4330.fasta
    output: /datater/wu/data/MSSPE-basic/enterovirusCurated/kmer13/intermediate/reverse3825-4330.int.kmc_pre, /datater/wu/data/MSSPE-basic/enterovirusCurated/kmer13/intermediate/reverse3825-4330.int.kmc_suf
    jobid: 30
    wildcards: sample=enterovirusCurated, seg=3825-4330

[Tue May  4 10:01:31 2021]
Finished job 30.
4 of 141 steps (3%) done
Select jobs to execute...

[Tue May  4 10:01:32 2021]
rule countKmer1:
    input: /datater/wu/data/MSSPE-basic/enterovirusCurated/splitFiles/reverse4335-4840.fasta
    output: /datater/wu/data/MSSPE-basic/enterovirusCurated/kmer13/intermediate/reverse4335-4840.int.kmc_pre, /datater/wu/data/MSSPE-basic/enterovirusCurated/kmer13/intermediate/reverse4335-4840.int.kmc_suf
    jobid: 142
    wildcards: sample=enterovirusCurated, seg=4335-4840

[Tue May  4 10:01:57 2021]
Finished job 142.
5 of 141 steps (4%) done
Select jobs to execute...

[Tue May  4 10:01:57 2021]
rule countKmer1:
    input: /datater/wu/data/MSSPE-basic/enterovirusCurated/splitFiles/reverse4080-4585.fasta
    output: /datater/wu/data/MSSPE-basic/enterovirusCurated/kmer13/intermediate/reverse4080-4585.int.kmc_pre, /datater/wu/data/MSSPE-basic/enterovirusCurated/kmer13/intermediate/reverse4080-4585.int.kmc_suf
    jobid: 82
    wildcards: sample=enterovirusCurated, seg=4080-4585

[Tue May  4 10:02:24 2021]
Finished job 82.
6 of 141 steps (4%) done
Select jobs to execute...

[Tue May  4 10:02:24 2021]
rule countKmer1:
    input: /datater/wu/data/MSSPE-basic/enterovirusCurated/splitFiles/reverse5100-5605.fasta
    output: /datater/wu/data/MSSPE-basic/enterovirusCurated/kmer13/intermediate/reverse5100-5605.int.kmc_pre, /datater/wu/data/MSSPE-basic/enterovirusCurated/kmer13/intermediate/reverse5100-5605.int.kmc_suf
    jobid: 22
    wildcards: sample=enterovirusCurated, seg=5100-5605

Terminating processes on user request, this might take some time.
[Tue May  4 10:02:35 2021]
Error in rule countKmer1:
    jobid: 22
    output: /datater/wu/data/MSSPE-basic/enterovirusCurated/kmer13/intermediate/reverse5100-5605.int.kmc_pre, /datater/wu/data/MSSPE-basic/enterovirusCurated/kmer13/intermediate/reverse5100-5605.int.kmc_suf
    shell:
        kmc -k13         -m12 -b         -cs4294967295         -r12         -fm /datater/wu/data/MSSPE-basic/enterovirusCurated/splitFiles/reverse5100-5605.fasta         /datater/wu/data/MSSPE-basic/enterovirusCurated/kmer13/intermediate/reverse5100-5605.int /datater/wu/data/MSSPE-basic/enterovirusCurated/kmer13/intermediate
        (one of the commands exited with non-zero exit code; note that snakemake uses bash strict mode!)

Complete log: /datater/wu/MSSPE/.snakemake/log/2021-05-04T100014.189124.snakemake.log
