Building DAG of jobs...
Using shell: /bin/bash
Provided cores: 12
Rules claiming more threads will be scaled down.
Conda environments: ignored
Job counts:
	count	jobs
	1	all
	74	kmcOutput
	75
Select jobs to execute...

[Tue Mar  2 11:08:19 2021]
rule kmcOutput:
    input: /datater/wu/data/kmerCounting/enterovirus.forward.8160-8665.kmc_pre, /datater/wu/data/kmerCounting/enterovirus.forward.8160-8665.kmc_suf
    output: /datater/wu/data/kmerCounting/enterovirus.forward.8160-8665.kmc.txt
    jobid: 162
    wildcards: prefix=enterovirus.forward.8160-8665


[Tue Mar  2 11:08:19 2021]
rule kmcOutput:
    input: /datater/wu/data/kmerCounting/enterovirus.forward.5610-6115.kmc_pre, /datater/wu/data/kmerCounting/enterovirus.forward.5610-6115.kmc_suf
    output: /datater/wu/data/kmerCounting/enterovirus.forward.5610-6115.kmc.txt
    jobid: 169
    wildcards: prefix=enterovirus.forward.5610-6115


[Tue Mar  2 11:08:19 2021]
rule kmcOutput:
    input: /datater/wu/data/kmerCounting/enterovirus.reverse.2040-2545.kmc_pre, /datater/wu/data/kmerCounting/enterovirus.reverse.2040-2545.kmc_suf
    output: /datater/wu/data/kmerCounting/enterovirus.reverse.2040-2545.kmc.txt
    jobid: 183
    wildcards: prefix=enterovirus.reverse.2040-2545


[Tue Mar  2 11:08:19 2021]
rule kmcOutput:
    input: /datater/wu/data/kmerCounting/enterovirus.reverse.5610-6115.kmc_pre, /datater/wu/data/kmerCounting/enterovirus.reverse.5610-6115.kmc_suf
    output: /datater/wu/data/kmerCounting/enterovirus.reverse.5610-6115.kmc.txt
    jobid: 139
    wildcards: prefix=enterovirus.reverse.5610-6115


[Tue Mar  2 11:08:19 2021]
rule kmcOutput:
    input: /datater/wu/data/kmerCounting/enterovirus.forward.0-505.kmc_pre, /datater/wu/data/kmerCounting/enterovirus.forward.0-505.kmc_suf
    output: /datater/wu/data/kmerCounting/enterovirus.forward.0-505.kmc.txt
    jobid: 124
    wildcards: prefix=enterovirus.forward.0-505


[Tue Mar  2 11:08:19 2021]
rule kmcOutput:
    input: /datater/wu/data/kmerCounting/enterovirus.forward.8670-9175.kmc_pre, /datater/wu/data/kmerCounting/enterovirus.forward.8670-9175.kmc_suf
    output: /datater/wu/data/kmerCounting/enterovirus.forward.8670-9175.kmc.txt
    jobid: 131
    wildcards: prefix=enterovirus.forward.8670-9175


[Tue Mar  2 11:08:20 2021]
rule kmcOutput:
    input: /datater/wu/data/kmerCounting/enterovirus.reverse.2295-2800.kmc_pre, /datater/wu/data/kmerCounting/enterovirus.reverse.2295-2800.kmc_suf
    output: /datater/wu/data/kmerCounting/enterovirus.reverse.2295-2800.kmc.txt
    jobid: 145
    wildcards: prefix=enterovirus.reverse.2295-2800


[Tue Mar  2 11:08:20 2021]
rule kmcOutput:
    input: /datater/wu/data/kmerCounting/enterovirus.forward.6120-6625.kmc_pre, /datater/wu/data/kmerCounting/enterovirus.forward.6120-6625.kmc_suf
    output: /datater/wu/data/kmerCounting/enterovirus.forward.6120-6625.kmc.txt
    jobid: 153
    wildcards: prefix=enterovirus.forward.6120-6625


[Tue Mar  2 11:08:20 2021]
rule kmcOutput:
    input: /datater/wu/data/kmerCounting/enterovirus.forward.1530-2035.kmc_pre, /datater/wu/data/kmerCounting/enterovirus.forward.1530-2035.kmc_suf
    output: /datater/wu/data/kmerCounting/enterovirus.forward.1530-2035.kmc.txt
    jobid: 159
    wildcards: prefix=enterovirus.forward.1530-2035


[Tue Mar  2 11:08:20 2021]
rule kmcOutput:
    input: /datater/wu/data/kmerCounting/enterovirus.reverse.4590-5095.kmc_pre, /datater/wu/data/kmerCounting/enterovirus.reverse.4590-5095.kmc_suf
    output: /datater/wu/data/kmerCounting/enterovirus.reverse.4590-5095.kmc.txt
    jobid: 167
    wildcards: prefix=enterovirus.reverse.4590-5095


[Tue Mar  2 11:08:20 2021]
rule kmcOutput:
    input: /datater/wu/data/kmerCounting/enterovirus.forward.7905-8410.kmc_pre, /datater/wu/data/kmerCounting/enterovirus.forward.7905-8410.kmc_suf
    output: /datater/wu/data/kmerCounting/enterovirus.forward.7905-8410.kmc.txt
    jobid: 174
    wildcards: prefix=enterovirus.forward.7905-8410


[Tue Mar  2 11:08:20 2021]
rule kmcOutput:
    input: /datater/wu/data/kmerCounting/enterovirus.forward.4845-5350.kmc_pre, /datater/wu/data/kmerCounting/enterovirus.forward.4845-5350.kmc_suf
    output: /datater/wu/data/kmerCounting/enterovirus.forward.4845-5350.kmc.txt
    jobid: 182
    wildcards: prefix=enterovirus.forward.4845-5350

[Tue Mar  2 11:08:20 2021]
Error in rule kmcOutput:
    jobid: 162
    output: /datater/wu/data/kmerCounting/enterovirus.forward.8160-8665.kmc.txt
    shell:
        kmc_dump merge /datater/wu/data/kmerCounting/enterovirus.forward.8160-8665.kmc.txt
        (one of the commands exited with non-zero exit code; note that snakemake uses bash strict mode!)

Removing output files of failed job kmcOutput since they might be corrupted:
/datater/wu/data/kmerCounting/enterovirus.forward.8160-8665.kmc.txt
[Tue Mar  2 11:08:20 2021]
Error in rule kmcOutput:
    jobid: 169
    output: /datater/wu/data/kmerCounting/enterovirus.forward.5610-6115.kmc.txt
    shell:
        kmc_dump merge /datater/wu/data/kmerCounting/enterovirus.forward.5610-6115.kmc.txt
        (one of the commands exited with non-zero exit code; note that snakemake uses bash strict mode!)

Removing output files of failed job kmcOutput since they might be corrupted:
/datater/wu/data/kmerCounting/enterovirus.forward.5610-6115.kmc.txt
[Tue Mar  2 11:08:20 2021]
Error in rule kmcOutput:
    jobid: 139
    output: /datater/wu/data/kmerCounting/enterovirus.reverse.5610-6115.kmc.txt
    shell:
        kmc_dump merge /datater/wu/data/kmerCounting/enterovirus.reverse.5610-6115.kmc.txt
        (one of the commands exited with non-zero exit code; note that snakemake uses bash strict mode!)

Removing output files of failed job kmcOutput since they might be corrupted:
/datater/wu/data/kmerCounting/enterovirus.reverse.5610-6115.kmc.txt
[Tue Mar  2 11:08:20 2021]
Error in rule kmcOutput:
    jobid: 183
    output: /datater/wu/data/kmerCounting/enterovirus.reverse.2040-2545.kmc.txt
    shell:
        kmc_dump merge /datater/wu/data/kmerCounting/enterovirus.reverse.2040-2545.kmc.txt
        (one of the commands exited with non-zero exit code; note that snakemake uses bash strict mode!)

Removing output files of failed job kmcOutput since they might be corrupted:
/datater/wu/data/kmerCounting/enterovirus.reverse.2040-2545.kmc.txt
[Tue Mar  2 11:08:20 2021]
Error in rule kmcOutput:
    jobid: 124
    output: /datater/wu/data/kmerCounting/enterovirus.forward.0-505.kmc.txt
    shell:
        kmc_dump merge /datater/wu/data/kmerCounting/enterovirus.forward.0-505.kmc.txt
        (one of the commands exited with non-zero exit code; note that snakemake uses bash strict mode!)

Removing output files of failed job kmcOutput since they might be corrupted:
/datater/wu/data/kmerCounting/enterovirus.forward.0-505.kmc.txt
[Tue Mar  2 11:08:20 2021]
Error in rule kmcOutput:
    jobid: 131
    output: /datater/wu/data/kmerCounting/enterovirus.forward.8670-9175.kmc.txt
    shell:
        kmc_dump merge /datater/wu/data/kmerCounting/enterovirus.forward.8670-9175.kmc.txt
        (one of the commands exited with non-zero exit code; note that snakemake uses bash strict mode!)

Removing output files of failed job kmcOutput since they might be corrupted:
/datater/wu/data/kmerCounting/enterovirus.forward.8670-9175.kmc.txt
[Tue Mar  2 11:08:20 2021]
Error in rule kmcOutput:
    jobid: 145
    output: /datater/wu/data/kmerCounting/enterovirus.reverse.2295-2800.kmc.txt
    shell:
        kmc_dump merge /datater/wu/data/kmerCounting/enterovirus.reverse.2295-2800.kmc.txt
        (one of the commands exited with non-zero exit code; note that snakemake uses bash strict mode!)

Removing output files of failed job kmcOutput since they might be corrupted:
/datater/wu/data/kmerCounting/enterovirus.reverse.2295-2800.kmc.txt
[Tue Mar  2 11:08:20 2021]
Error in rule kmcOutput:
    jobid: 159
    output: /datater/wu/data/kmerCounting/enterovirus.forward.1530-2035.kmc.txt
    shell:
        kmc_dump merge /datater/wu/data/kmerCounting/enterovirus.forward.1530-2035.kmc.txt
        (one of the commands exited with non-zero exit code; note that snakemake uses bash strict mode!)

Removing output files of failed job kmcOutput since they might be corrupted:
/datater/wu/data/kmerCounting/enterovirus.forward.1530-2035.kmc.txt
[Tue Mar  2 11:08:20 2021]
Error in rule kmcOutput:
    jobid: 167
    output: /datater/wu/data/kmerCounting/enterovirus.reverse.4590-5095.kmc.txt
    shell:
        kmc_dump merge /datater/wu/data/kmerCounting/enterovirus.reverse.4590-5095.kmc.txt
        (one of the commands exited with non-zero exit code; note that snakemake uses bash strict mode!)

Removing output files of failed job kmcOutput since they might be corrupted:
/datater/wu/data/kmerCounting/enterovirus.reverse.4590-5095.kmc.txt
[Tue Mar  2 11:08:20 2021]
Error in rule kmcOutput:
    jobid: 153
    output: /datater/wu/data/kmerCounting/enterovirus.forward.6120-6625.kmc.txt
    shell:
        kmc_dump merge /datater/wu/data/kmerCounting/enterovirus.forward.6120-6625.kmc.txt
        (one of the commands exited with non-zero exit code; note that snakemake uses bash strict mode!)

Removing output files of failed job kmcOutput since they might be corrupted:
/datater/wu/data/kmerCounting/enterovirus.forward.6120-6625.kmc.txt
[Tue Mar  2 11:08:20 2021]
Error in rule kmcOutput:
    jobid: 182
    output: /datater/wu/data/kmerCounting/enterovirus.forward.4845-5350.kmc.txt
    shell:
        kmc_dump merge /datater/wu/data/kmerCounting/enterovirus.forward.4845-5350.kmc.txt
        (one of the commands exited with non-zero exit code; note that snakemake uses bash strict mode!)

Removing output files of failed job kmcOutput since they might be corrupted:
/datater/wu/data/kmerCounting/enterovirus.forward.4845-5350.kmc.txt
[Tue Mar  2 11:08:20 2021]
Error in rule kmcOutput:
    jobid: 174
    output: /datater/wu/data/kmerCounting/enterovirus.forward.7905-8410.kmc.txt
    shell:
        kmc_dump merge /datater/wu/data/kmerCounting/enterovirus.forward.7905-8410.kmc.txt
        (one of the commands exited with non-zero exit code; note that snakemake uses bash strict mode!)

Removing output files of failed job kmcOutput since they might be corrupted:
/datater/wu/data/kmerCounting/enterovirus.forward.7905-8410.kmc.txt
Shutting down, this might take some time.
Exiting because a job execution failed. Look above for error message
Complete log: /datater/wu/stage_m2/.snakemake/log/2021-03-02T110818.308277.snakemake.log
