Building DAG of jobs...
Using shell: /bin/bash
Provided cores: 12
Rules claiming more threads will be scaled down.
Conda environments: ignored
Job counts:
	count	jobs
	1	all
	43	dskReverse
	44
Select jobs to execute...

[Mon Mar 15 11:23:09 2021]
rule dskReverse:
    input: /datater/wu/data/zika/splitFiles/reverse9789-10290.fasta
    output: /datater/wu/data/zika/dsk/reverse9789-10290.h5
    jobid: 48
    wildcards: sample=zika, seg=9789-10290


[Mon Mar 15 11:23:09 2021]
rule dskReverse:
    input: /datater/wu/data/zika/splitFiles/reverse4518-5019.fasta
    output: /datater/wu/data/zika/dsk/reverse4518-5019.h5
    jobid: 21
    wildcards: sample=zika, seg=4518-5019


[Mon Mar 15 11:23:09 2021]
rule dskReverse:
    input: /datater/wu/data/zika/splitFiles/reverse10542-10780.fasta
    output: /datater/wu/data/zika/dsk/reverse10542-10780.h5
    jobid: 12
    wildcards: sample=zika, seg=10542-10780


[Mon Mar 15 11:23:09 2021]
rule dskReverse:
    input: /datater/wu/data/zika/splitFiles/reverse9036-9537.fasta
    output: /datater/wu/data/zika/dsk/reverse9036-9537.h5
    jobid: 20
    wildcards: sample=zika, seg=9036-9537


[Mon Mar 15 11:23:09 2021]
rule dskReverse:
    input: /datater/wu/data/zika/splitFiles/reverse3012-3513.fasta
    output: /datater/wu/data/zika/dsk/reverse3012-3513.h5
    jobid: 27
    wildcards: sample=zika, seg=3012-3513


[Mon Mar 15 11:23:09 2021]
rule dskReverse:
    input: /datater/wu/data/zika/splitFiles/reverse2008-2509.fasta
    output: /datater/wu/data/zika/dsk/reverse2008-2509.h5
    jobid: 35
    wildcards: sample=zika, seg=2008-2509


[Mon Mar 15 11:23:09 2021]
rule dskReverse:
    input: /datater/wu/data/zika/splitFiles/reverse3765-4266.fasta
    output: /datater/wu/data/zika/dsk/reverse3765-4266.h5
    jobid: 19
    wildcards: sample=zika, seg=3765-4266


[Mon Mar 15 11:23:09 2021]
rule dskReverse:
    input: /datater/wu/data/zika/splitFiles/reverse5522-6023.fasta
    output: /datater/wu/data/zika/dsk/reverse5522-6023.h5
    jobid: 26
    wildcards: sample=zika, seg=5522-6023


[Mon Mar 15 11:23:09 2021]
rule dskReverse:
    input: /datater/wu/data/zika/splitFiles/reverse5020-5521.fasta
    output: /datater/wu/data/zika/dsk/reverse5020-5521.h5
    jobid: 11
    wildcards: sample=zika, seg=5020-5521


[Mon Mar 15 11:23:09 2021]
rule dskReverse:
    input: /datater/wu/data/zika/splitFiles/reverse8283-8784.fasta
    output: /datater/wu/data/zika/dsk/reverse8283-8784.h5
    jobid: 34
    wildcards: sample=zika, seg=8283-8784


[Mon Mar 15 11:23:09 2021]
rule dskReverse:
    input: /datater/wu/data/zika/splitFiles/reverse9287-9788.fasta
    output: /datater/wu/data/zika/dsk/reverse9287-9788.h5
    jobid: 41
    wildcards: sample=zika, seg=9287-9788


[Mon Mar 15 11:23:09 2021]
rule dskReverse:
    input: /datater/wu/data/zika/splitFiles/reverse2761-3262.fasta
    output: /datater/wu/data/zika/dsk/reverse2761-3262.h5
    jobid: 49
    wildcards: sample=zika, seg=2761-3262

[Mon Mar 15 11:23:11 2021]
Finished job 12.
1 of 44 steps (2%) done
Select jobs to execute...
[Mon Mar 15 11:23:11 2021]
Finished job 19.
2 of 44 steps (5%) done
[Mon Mar 15 11:23:11 2021]
Finished job 41.
3 of 44 steps (7%) done
[Mon Mar 15 11:23:11 2021]
Finished job 27.
4 of 44 steps (9%) done
[Mon Mar 15 11:23:11 2021]
Finished job 11.
5 of 44 steps (11%) done
[Mon Mar 15 11:23:11 2021]
Finished job 20.
6 of 44 steps (14%) done

[Mon Mar 15 11:23:11 2021]
rule dskReverse:
    input: /datater/wu/data/zika/splitFiles/reverse0-501.fasta
    output: /datater/wu/data/zika/dsk/reverse0-501.h5
    jobid: 14
    wildcards: sample=zika, seg=0-501

Select jobs to execute...
[Mon Mar 15 11:23:11 2021]
Finished job 26.
7 of 44 steps (16%) done

[Mon Mar 15 11:23:12 2021]
rule dskReverse:
    input: /datater/wu/data/zika/splitFiles/reverse7279-7780.fasta
    output: /datater/wu/data/zika/dsk/reverse7279-7780.h5
    jobid: 18
    wildcards: sample=zika, seg=7279-7780


[Mon Mar 15 11:23:12 2021]
rule dskReverse:
    input: /datater/wu/data/zika/splitFiles/reverse7028-7529.fasta
    output: /datater/wu/data/zika/dsk/reverse7028-7529.h5
    jobid: 8
    wildcards: sample=zika, seg=7028-7529

[Mon Mar 15 11:23:12 2021]

Finished job 48.
[Mon Mar 15 11:23:12 2021]
8 of 44 steps (18%) done
rule dskReverse:
    input: /datater/wu/data/zika/splitFiles/reverse10040-10541.fasta
    output: /datater/wu/data/zika/dsk/reverse10040-10541.h5
    jobid: 45
    wildcards: sample=zika, seg=10040-10541

[Mon Mar 15 11:23:12 2021]
Finished job 21.
9 of 44 steps (20%) done

[Mon Mar 15 11:23:12 2021]
rule dskReverse:
    input: /datater/wu/data/zika/splitFiles/reverse10291-10792.fasta
    output: /datater/wu/data/zika/dsk/reverse10291-10792.h5
    jobid: 30
    wildcards: sample=zika, seg=10291-10792

[Mon Mar 15 11:23:12 2021]
Finished job 49.

10 of 44 steps (23%) done
[Mon Mar 15 11:23:12 2021]
rule dskReverse:
    input: /datater/wu/data/zika/splitFiles/reverse1757-2258.fasta
    output: /datater/wu/data/zika/dsk/reverse1757-2258.h5
    jobid: 37
    wildcards: sample=zika, seg=1757-2258

[Mon Mar 15 11:23:12 2021]
Finished job 34.
11 of 44 steps (25%) done
Select jobs to execute...
[Mon Mar 15 11:23:12 2021]
Finished job 35.
12 of 44 steps (27%) done

[Mon Mar 15 11:23:12 2021]
rule dskReverse:
    input: /datater/wu/data/zika/splitFiles/reverse1255-1756.fasta
    output: /datater/wu/data/zika/dsk/reverse1255-1756.h5
    jobid: 16
    wildcards: sample=zika, seg=1255-1756


[Mon Mar 15 11:23:12 2021]
rule dskReverse:
    input: /datater/wu/data/zika/splitFiles/reverse3514-4015.fasta
    output: /datater/wu/data/zika/dsk/reverse3514-4015.h5
    jobid: 38
    wildcards: sample=zika, seg=3514-4015


[Mon Mar 15 11:23:12 2021]
rule dskReverse:
    input: /datater/wu/data/zika/splitFiles/reverse8785-9286.fasta
    output: /datater/wu/data/zika/dsk/reverse8785-9286.h5
    jobid: 36
    wildcards: sample=zika, seg=8785-9286


[Mon Mar 15 11:23:12 2021]
rule dskReverse:
    input: /datater/wu/data/zika/splitFiles/reverse4016-4517.fasta
    output: /datater/wu/data/zika/dsk/reverse4016-4517.h5
    jobid: 23
    wildcards: sample=zika, seg=4016-4517


[Mon Mar 15 11:23:12 2021]
rule dskReverse:
    input: /datater/wu/data/zika/splitFiles/reverse1506-2007.fasta
    output: /datater/wu/data/zika/dsk/reverse1506-2007.h5
    jobid: 31
    wildcards: sample=zika, seg=1506-2007

Select jobs to execute...

[Mon Mar 15 11:23:12 2021]
rule dskReverse:
    input: /datater/wu/data/zika/splitFiles/reverse251-752.fasta
    output: /datater/wu/data/zika/dsk/reverse251-752.h5
    jobid: 29
    wildcards: sample=zika, seg=251-752

Select jobs to execute...
Select jobs to execute...
Select jobs to execute...
Select jobs to execute...
Select jobs to execute...
Select jobs to execute...
Select jobs to execute...
Select jobs to execute...
[Mon Mar 15 11:23:14 2021]
Finished job 30.
13 of 44 steps (30%) done
Select jobs to execute...
[Mon Mar 15 11:23:14 2021]
Finished job 36.
14 of 44 steps (32%) done
[Mon Mar 15 11:23:14 2021]
Finished job 8.
15 of 44 steps (34%) done

[Mon Mar 15 11:23:14 2021]
rule dskReverse:
    input: /datater/wu/data/zika/splitFiles/reverse3263-3764.fasta
    output: /datater/wu/data/zika/dsk/reverse3263-3764.h5
    jobid: 15
    wildcards: sample=zika, seg=3263-3764

Select jobs to execute...
[Mon Mar 15 11:23:14 2021]
Finished job 16.
16 of 44 steps (36%) done
[Mon Mar 15 11:23:14 2021]
Finished job 45.
17 of 44 steps (39%) done
[Mon Mar 15 11:23:14 2021]
Finished job 18.
18 of 44 steps (41%) done

[Mon Mar 15 11:23:14 2021]
rule dskReverse:
    input: /datater/wu/data/zika/splitFiles/reverse7530-8031.fasta
    output: /datater/wu/data/zika/dsk/reverse7530-8031.h5
    jobid: 28
    wildcards: sample=zika, seg=7530-8031


[Mon Mar 15 11:23:14 2021]
rule dskReverse:
    input: /datater/wu/data/zika/splitFiles/reverse6275-6776.fasta
    output: /datater/wu/data/zika/dsk/reverse6275-6776.h5
    jobid: 7
    wildcards: sample=zika, seg=6275-6776
[Mon Mar 15 11:23:14 2021]

Finished job 37.
19 of 44 steps (43%) done

[Mon Mar 15 11:23:14 2021]
rule dskReverse:
    input: /datater/wu/data/zika/splitFiles/reverse1004-1505.fasta
    output: /datater/wu/data/zika/dsk/reverse1004-1505.h5
    jobid: 22
    wildcards: sample=zika, seg=1004-1505

Select jobs to execute...
[Mon Mar 15 11:23:14 2021]
Finished job 14.
20 of 44 steps (45%) done

[Mon Mar 15 11:23:14 2021]
rule dskReverse:
    input: /datater/wu/data/zika/splitFiles/reverse4267-4768.fasta
    output: /datater/wu/data/zika/dsk/reverse4267-4768.h5
    jobid: 44
    wildcards: sample=zika, seg=4267-4768


[Mon Mar 15 11:23:14 2021]
rule dskReverse:
    input: /datater/wu/data/zika/splitFiles/reverse7781-8282.fasta
    output: /datater/wu/data/zika/dsk/reverse7781-8282.h5
    jobid: 32
    wildcards: sample=zika, seg=7781-8282

[Mon Mar 15 11:23:14 2021]
Finished job 31.
21 of 44 steps (48%) done

[Mon Mar 15 11:23:14 2021]
rule dskReverse:
    input: /datater/wu/data/zika/splitFiles/reverse8032-8533.fasta
    output: /datater/wu/data/zika/dsk/reverse8032-8533.h5
    jobid: 46
    wildcards: sample=zika, seg=8032-8533
[Mon Mar 15 11:23:14 2021]

Finished job 23.
22 of 44 steps (50%) done
Select jobs to execute...
[Mon Mar 15 11:23:14 2021]
Finished job 29.
23 of 44 steps (52%) done

[Mon Mar 15 11:23:14 2021]
rule dskReverse:
    input: /datater/wu/data/zika/splitFiles/reverse5271-5772.fasta
    output: /datater/wu/data/zika/dsk/reverse5271-5772.h5
    jobid: 13
    wildcards: sample=zika, seg=5271-5772


[Mon Mar 15 11:23:14 2021]
rule dskReverse:
    input: /datater/wu/data/zika/splitFiles/reverse2259-2760.fasta
    output: /datater/wu/data/zika/dsk/reverse2259-2760.h5
    jobid: 10
    wildcards: sample=zika, seg=2259-2760


[Mon Mar 15 11:23:14 2021]
rule dskReverse:
    input: /datater/wu/data/zika/splitFiles/reverse6777-7278.fasta
    output: /datater/wu/data/zika/dsk/reverse6777-7278.h5
    jobid: 25
    wildcards: sample=zika, seg=6777-7278

Select jobs to execute...
[Mon Mar 15 11:23:14 2021]
Finished job 38.
24 of 44 steps (55%) done

[Mon Mar 15 11:23:14 2021]
rule dskReverse:
    input: /datater/wu/data/zika/splitFiles/reverse2510-3011.fasta
    output: /datater/wu/data/zika/dsk/reverse2510-3011.h5
    jobid: 43
    wildcards: sample=zika, seg=2510-3011

Select jobs to execute...

[Mon Mar 15 11:23:14 2021]
rule dskReverse:
    input: /datater/wu/data/zika/splitFiles/reverse6024-6525.fasta
    output: /datater/wu/data/zika/dsk/reverse6024-6525.h5
    jobid: 47
    wildcards: sample=zika, seg=6024-6525

Select jobs to execute...
Select jobs to execute...
Select jobs to execute...
Select jobs to execute...
Select jobs to execute...
Select jobs to execute...
[Mon Mar 15 11:23:16 2021]
Finished job 28.
25 of 44 steps (57%) done
Select jobs to execute...

[Mon Mar 15 11:23:16 2021]
rule dskReverse:
    input: /datater/wu/data/zika/splitFiles/reverse8534-9035.fasta
    output: /datater/wu/data/zika/dsk/reverse8534-9035.h5
    jobid: 39
    wildcards: sample=zika, seg=8534-9035

[Mon Mar 15 11:23:16 2021]
Finished job 22.
26 of 44 steps (59%) done
Select jobs to execute...
[Mon Mar 15 11:23:16 2021]
Finished job 15.
27 of 44 steps (61%) done
[Mon Mar 15 11:23:16 2021]
Finished job 32.
28 of 44 steps (64%) done
[Mon Mar 15 11:23:16 2021]
Finished job 44.
29 of 44 steps (66%) done
[Mon Mar 15 11:23:16 2021]
Finished job 7.
30 of 44 steps (68%) done

[Mon Mar 15 11:23:16 2021]
rule dskReverse:
    input: /datater/wu/data/zika/splitFiles/reverse753-1254.fasta
    output: /datater/wu/data/zika/dsk/reverse753-1254.h5
    jobid: 24
    wildcards: sample=zika, seg=753-1254

Select jobs to execute...

[Mon Mar 15 11:23:16 2021]
rule dskReverse:
    input: /datater/wu/data/zika/splitFiles/reverse5773-6274.fasta
    output: /datater/wu/data/zika/dsk/reverse5773-6274.h5
    jobid: 17
    wildcards: sample=zika, seg=5773-6274


[Mon Mar 15 11:23:16 2021]
rule dskReverse:
    input: /datater/wu/data/zika/splitFiles/reverse9538-10039.fasta
    output: /datater/wu/data/zika/dsk/reverse9538-10039.h5
    jobid: 33
    wildcards: sample=zika, seg=9538-10039


[Mon Mar 15 11:23:16 2021]
rule dskReverse:
    input: /datater/wu/data/zika/splitFiles/reverse502-1003.fasta
    output: /datater/wu/data/zika/dsk/reverse502-1003.h5
    jobid: 42
    wildcards: sample=zika, seg=502-1003


[Mon Mar 15 11:23:16 2021]
rule dskReverse:
    input: /datater/wu/data/zika/splitFiles/reverse6526-7027.fasta
    output: /datater/wu/data/zika/dsk/reverse6526-7027.h5
    jobid: 40
    wildcards: sample=zika, seg=6526-7027

Select jobs to execute...
Select jobs to execute...
Select jobs to execute...
[Mon Mar 15 11:23:16 2021]
Finished job 46.
31 of 44 steps (70%) done
Select jobs to execute...

[Mon Mar 15 11:23:17 2021]
rule dskReverse:
    input: /datater/wu/data/zika/splitFiles/reverse4769-5270.fasta
    output: /datater/wu/data/zika/dsk/reverse4769-5270.h5
    jobid: 9
    wildcards: sample=zika, seg=4769-5270

[Mon Mar 15 11:23:17 2021]
Finished job 13.
32 of 44 steps (73%) done
[Mon Mar 15 11:23:17 2021]
Finished job 25.
33 of 44 steps (75%) done
[Mon Mar 15 11:23:17 2021]
Finished job 43.
34 of 44 steps (77%) done
[Mon Mar 15 11:23:17 2021]
Finished job 10.
35 of 44 steps (80%) done
[Mon Mar 15 11:23:17 2021]
Finished job 47.
36 of 44 steps (82%) done
[Mon Mar 15 11:23:19 2021]
Finished job 39.
37 of 44 steps (84%) done
[Mon Mar 15 11:23:19 2021]
Finished job 24.
38 of 44 steps (86%) done
[Mon Mar 15 11:23:19 2021]
Finished job 33.
39 of 44 steps (89%) done
[Mon Mar 15 11:23:19 2021]
Finished job 42.
40 of 44 steps (91%) done
[Mon Mar 15 11:23:19 2021]
Finished job 40.
41 of 44 steps (93%) done
[Mon Mar 15 11:23:19 2021]
Finished job 17.
42 of 44 steps (95%) done
[Mon Mar 15 11:23:19 2021]
Finished job 9.
43 of 44 steps (98%) done
Select jobs to execute...

[Mon Mar 15 11:23:19 2021]
localrule all:
    input: /datater/wu/data/duplicate_removed/zika.uniq, /datater/wu/data/msa/zika.msa, /datater/wu/data/zika/splitFiles/reverse6275-6776.fasta, /datater/wu/data/zika/splitFiles/reverse7028-7529.fasta, /datater/wu/data/zika/splitFiles/reverse4769-5270.fasta, /datater/wu/data/zika/splitFiles/reverse2259-2760.fasta, /datater/wu/data/zika/splitFiles/reverse5020-5521.fasta, /datater/wu/data/zika/splitFiles/reverse10542-10780.fasta, /datater/wu/data/zika/splitFiles/reverse5271-5772.fasta, /datater/wu/data/zika/splitFiles/reverse0-501.fasta, /datater/wu/data/zika/splitFiles/reverse3263-3764.fasta, /datater/wu/data/zika/splitFiles/reverse1255-1756.fasta, /datater/wu/data/zika/splitFiles/reverse5773-6274.fasta, /datater/wu/data/zika/splitFiles/reverse7279-7780.fasta, /datater/wu/data/zika/splitFiles/reverse3765-4266.fasta, /datater/wu/data/zika/splitFiles/reverse9036-9537.fasta, /datater/wu/data/zika/splitFiles/reverse4518-5019.fasta, /datater/wu/data/zika/splitFiles/reverse1004-1505.fasta, /datater/wu/data/zika/splitFiles/reverse4016-4517.fasta, /datater/wu/data/zika/splitFiles/reverse753-1254.fasta, /datater/wu/data/zika/splitFiles/reverse6777-7278.fasta, /datater/wu/data/zika/splitFiles/reverse5522-6023.fasta, /datater/wu/data/zika/splitFiles/reverse3012-3513.fasta, /datater/wu/data/zika/splitFiles/reverse7530-8031.fasta, /datater/wu/data/zika/splitFiles/reverse251-752.fasta, /datater/wu/data/zika/splitFiles/reverse10291-10792.fasta, /datater/wu/data/zika/splitFiles/reverse1506-2007.fasta, /datater/wu/data/zika/splitFiles/reverse7781-8282.fasta, /datater/wu/data/zika/splitFiles/reverse9538-10039.fasta, /datater/wu/data/zika/splitFiles/reverse8283-8784.fasta, /datater/wu/data/zika/splitFiles/reverse2008-2509.fasta, /datater/wu/data/zika/splitFiles/reverse8785-9286.fasta, /datater/wu/data/zika/splitFiles/reverse1757-2258.fasta, /datater/wu/data/zika/splitFiles/reverse3514-4015.fasta, /datater/wu/data/zika/splitFiles/reverse8534-9035.fasta, /datater/wu/data/zika/splitFiles/reverse6526-7027.fasta, /datater/wu/data/zika/splitFiles/reverse9287-9788.fasta, /datater/wu/data/zika/splitFiles/reverse502-1003.fasta, /datater/wu/data/zika/splitFiles/reverse2510-3011.fasta, /datater/wu/data/zika/splitFiles/reverse4267-4768.fasta, /datater/wu/data/zika/splitFiles/reverse10040-10541.fasta, /datater/wu/data/zika/splitFiles/reverse8032-8533.fasta, /datater/wu/data/zika/splitFiles/reverse6024-6525.fasta, /datater/wu/data/zika/splitFiles/reverse9789-10290.fasta, /datater/wu/data/zika/splitFiles/reverse2761-3262.fasta, /datater/wu/data/zika/dsk/reverse6275-6776.h5, /datater/wu/data/zika/dsk/reverse7028-7529.h5, /datater/wu/data/zika/dsk/reverse4769-5270.h5, /datater/wu/data/zika/dsk/reverse2259-2760.h5, /datater/wu/data/zika/dsk/reverse5020-5521.h5, /datater/wu/data/zika/dsk/reverse10542-10780.h5, /datater/wu/data/zika/dsk/reverse5271-5772.h5, /datater/wu/data/zika/dsk/reverse0-501.h5, /datater/wu/data/zika/dsk/reverse3263-3764.h5, /datater/wu/data/zika/dsk/reverse1255-1756.h5, /datater/wu/data/zika/dsk/reverse5773-6274.h5, /datater/wu/data/zika/dsk/reverse7279-7780.h5, /datater/wu/data/zika/dsk/reverse3765-4266.h5, /datater/wu/data/zika/dsk/reverse9036-9537.h5, /datater/wu/data/zika/dsk/reverse4518-5019.h5, /datater/wu/data/zika/dsk/reverse1004-1505.h5, /datater/wu/data/zika/dsk/reverse4016-4517.h5, /datater/wu/data/zika/dsk/reverse753-1254.h5, /datater/wu/data/zika/dsk/reverse6777-7278.h5, /datater/wu/data/zika/dsk/reverse5522-6023.h5, /datater/wu/data/zika/dsk/reverse3012-3513.h5, /datater/wu/data/zika/dsk/reverse7530-8031.h5, /datater/wu/data/zika/dsk/reverse251-752.h5, /datater/wu/data/zika/dsk/reverse10291-10792.h5, /datater/wu/data/zika/dsk/reverse1506-2007.h5, /datater/wu/data/zika/dsk/reverse7781-8282.h5, /datater/wu/data/zika/dsk/reverse9538-10039.h5, /datater/wu/data/zika/dsk/reverse8283-8784.h5, /datater/wu/data/zika/dsk/reverse2008-2509.h5, /datater/wu/data/zika/dsk/reverse8785-9286.h5, /datater/wu/data/zika/dsk/reverse1757-2258.h5, /datater/wu/data/zika/dsk/reverse3514-4015.h5, /datater/wu/data/zika/dsk/reverse8534-9035.h5, /datater/wu/data/zika/dsk/reverse6526-7027.h5, /datater/wu/data/zika/dsk/reverse9287-9788.h5, /datater/wu/data/zika/dsk/reverse502-1003.h5, /datater/wu/data/zika/dsk/reverse2510-3011.h5, /datater/wu/data/zika/dsk/reverse4267-4768.h5, /datater/wu/data/zika/dsk/reverse10040-10541.h5, /datater/wu/data/zika/dsk/reverse8032-8533.h5, /datater/wu/data/zika/dsk/reverse6024-6525.h5, /datater/wu/data/zika/dsk/reverse9789-10290.h5, /datater/wu/data/zika/dsk/reverse2761-3262.h5
    jobid: 0

[Mon Mar 15 11:23:19 2021]
Finished job 0.
44 of 44 steps (100%) done
Complete log: /datater/wu/stage_m2/.snakemake/log/2021-03-15T112309.009384.snakemake.log
