Building DAG of jobs...
Using shell: /bin/bash
Provided cores: 1 (use --cores to define parallelism)
Rules claiming more threads will be scaled down.
Conda environments: ignored
Job counts:
	count	jobs
	1	all
	1	mafft
	1	seqkit
	1	split_overlap_chunks
	4

[Thu Mar  4 10:10:16 2021]
rule seqkit:
    input: /home/meijun/Documents/data/ZIKV-96seqs.fasta
    output: /home/meijun/Documents/data/duplicate_removed/zika.uniq.fasta
    log: /home/meijun/Documents/data/duplicate_removed/zika.uniq.fasta
    jobid: 1
    wildcards: sample=zika

[Thu Mar  4 10:10:16 2021]
Error in rule seqkit:
    jobid: 1
    output: /home/meijun/Documents/data/duplicate_removed/zika.uniq.fasta
    log: /home/meijun/Documents/data/duplicate_removed/zika.uniq.fasta (check log file(s) for error message)
    shell:
        cat /home/meijun/Documents/data/ZIKV-96seqs.fasta | seqkit rmdup -s -o /home/meijun/Documents/data/duplicate_removed/zika.uniq.fasta
        (one of the commands exited with non-zero exit code; note that snakemake uses bash strict mode!)

Removing output files of failed job seqkit since they might be corrupted:
/home/meijun/Documents/data/duplicate_removed/zika.uniq.fasta
Shutting down, this might take some time.
Exiting because a job execution failed. Look above for error message
Complete log: /home/meijun/Documents/stage_m2/.snakemake/log/2021-03-04T101016.010477.snakemake.log
