Building DAG of jobs...
Updating job aggregate_allReverseOligo.
Using shell: /bin/bash
Provided cores: 12
Rules claiming more threads will be scaled down.
Conda environments: ignored
Job counts:
	count	jobs
	1	aggregate_allReverseOligo
	1	all
	2
Select jobs to execute...

[Wed Mar 17 11:27:21 2021]
rule aggregate_allReverseOligo:
    input: /datater/wu/data/zika/filtering/reverse3263-3764.calculated2, /datater/wu/data/zika/filtering/reverse10542-10780.calculated2, /datater/wu/data/zika/filtering/reverse1506-2007.calculated2, /datater/wu/data/zika/filtering/reverse10040-10541.calculated2, /datater/wu/data/zika/filtering/reverse2259-2760.calculated2, /datater/wu/data/zika/filtering/reverse3514-4015.calculated2, /datater/wu/data/zika/filtering/reverse1255-1756.calculated2, /datater/wu/data/zika/filtering/reverse3012-3513.calculated2, /datater/wu/data/zika/filtering/reverse7028-7529.calculated2, /datater/wu/data/zika/filtering/reverse8785-9286.calculated2, /datater/wu/data/zika/filtering/reverse5271-5772.calculated2, /datater/wu/data/zika/filtering/reverse4769-5270.calculated2, /datater/wu/data/zika/filtering/reverse8032-8533.calculated2, /datater/wu/data/zika/filtering/reverse9789-10290.calculated2, /datater/wu/data/zika/filtering/reverse502-1003.calculated2, /datater/wu/data/zika/filtering/reverse9538-10039.calculated2, /datater/wu/data/zika/filtering/reverse8534-9035.calculated2, /datater/wu/data/zika/filtering/reverse1757-2258.calculated2, /datater/wu/data/zika/filtering/reverse9036-9537.calculated2, /datater/wu/data/zika/filtering/reverse6526-7027.calculated2, /datater/wu/data/zika/filtering/reverse5522-6023.calculated2, /datater/wu/data/zika/filtering/reverse5773-6274.calculated2, /datater/wu/data/zika/filtering/reverse1004-1505.calculated2, /datater/wu/data/zika/filtering/reverse4267-4768.calculated2, /datater/wu/data/zika/filtering/reverse0-501.calculated2, /datater/wu/data/zika/filtering/reverse3765-4266.calculated2, /datater/wu/data/zika/filtering/reverse10291-10792.calculated2, /datater/wu/data/zika/filtering/reverse8283-8784.calculated2, /datater/wu/data/zika/filtering/reverse9287-9788.calculated2, /datater/wu/data/zika/filtering/reverse6777-7278.calculated2, /datater/wu/data/zika/filtering/reverse5020-5521.calculated2, /datater/wu/data/zika/filtering/reverse251-752.calculated2, /datater/wu/data/zika/filtering/reverse6275-6776.calculated2, /datater/wu/data/zika/filtering/reverse6024-6525.calculated2, /datater/wu/data/zika/filtering/reverse2008-2509.calculated2, /datater/wu/data/zika/filtering/reverse7781-8282.calculated2, /datater/wu/data/zika/filtering/reverse7530-8031.calculated2, /datater/wu/data/zika/filtering/reverse753-1254.calculated2, /datater/wu/data/zika/filtering/reverse4518-5019.calculated2, /datater/wu/data/zika/filtering/reverse2761-3262.calculated2, /datater/wu/data/zika/filtering/reverse7279-7780.calculated2, /datater/wu/data/zika/filtering/reverse4016-4517.calculated2, /datater/wu/data/zika/filtering/reverse2510-3011.calculated2
    output: /datater/wu/data/zika/filtering/allOligos_reverse.calculated2
    jobid: 1
    wildcards: sample=zika

[Wed Mar 17 11:27:21 2021]
Finished job 1.
1 of 2 steps (50%) done
Select jobs to execute...

[Wed Mar 17 11:27:21 2021]
localrule all:
    input: /datater/wu/data/zika/filtering/allOligos_reverse.calculated2
    jobid: 0

[Wed Mar 17 11:27:21 2021]
Finished job 0.
2 of 2 steps (100%) done
Complete log: /datater/wu/stage_m2/.snakemake/log/2021-03-17T112721.052740.snakemake.log
