Building DAG of jobs...
Using shell: /bin/bash
Provided cores: 12
Rules claiming more threads will be scaled down.
Conda environments: ignored
Job counts:
	count	jobs
	1	all
	43	filterOut_within_segments
	44
Select jobs to execute...

[Wed Mar 10 17:13:12 2021]
checkpoint filterOut_within_segments:
    input: /datater/wu/data/zika/primer3/forward_8032-8533.calculated
    output: /datater/wu/data/zika/primer3/forward_8032-8533.filtered
    jobid: 189
    wildcards: sample=zika, seg=8032-8533
Downstream jobs will be updated after completion.

[Wed Mar 10 17:13:12 2021]
checkpoint filterOut_within_segments:
    input: /datater/wu/data/zika/primer3/forward_3514-4015.calculated
    output: /datater/wu/data/zika/primer3/forward_3514-4015.filtered
    jobid: 223
    wildcards: sample=zika, seg=3514-4015
Downstream jobs will be updated after completion.

[Wed Mar 10 17:13:12 2021]
checkpoint filterOut_within_segments:
    input: /datater/wu/data/zika/primer3/forward_8785-9286.calculated
    output: /datater/wu/data/zika/primer3/forward_8785-9286.filtered
    jobid: 188
    wildcards: sample=zika, seg=8785-9286
Downstream jobs will be updated after completion.

[Wed Mar 10 17:13:12 2021]
checkpoint filterOut_within_segments:
    input: /datater/wu/data/zika/primer3/forward_1757-2258.calculated
    output: /datater/wu/data/zika/primer3/forward_1757-2258.filtered
    jobid: 195
    wildcards: sample=zika, seg=1757-2258
Downstream jobs will be updated after completion.

[Wed Mar 10 17:13:12 2021]
checkpoint filterOut_within_segments:
    input: /datater/wu/data/zika/primer3/forward_502-1003.calculated
    output: /datater/wu/data/zika/primer3/forward_502-1003.filtered
    jobid: 203
    wildcards: sample=zika, seg=502-1003
Downstream jobs will be updated after completion.

[Wed Mar 10 17:13:12 2021]
checkpoint filterOut_within_segments:
    input: /datater/wu/data/zika/primer3/forward_4267-4768.calculated
    output: /datater/wu/data/zika/primer3/forward_4267-4768.filtered
    jobid: 210
    wildcards: sample=zika, seg=4267-4768
Downstream jobs will be updated after completion.

[Wed Mar 10 17:13:12 2021]
checkpoint filterOut_within_segments:
    input: /datater/wu/data/zika/primer3/forward_2259-2760.calculated
    output: /datater/wu/data/zika/primer3/forward_2259-2760.filtered
    jobid: 194
    wildcards: sample=zika, seg=2259-2760
Downstream jobs will be updated after completion.

[Wed Mar 10 17:13:12 2021]
checkpoint filterOut_within_segments:
    input: /datater/wu/data/zika/primer3/forward_5271-5772.calculated
    output: /datater/wu/data/zika/primer3/forward_5271-5772.filtered
    jobid: 187
    wildcards: sample=zika, seg=5271-5772
Downstream jobs will be updated after completion.

[Wed Mar 10 17:13:12 2021]
checkpoint filterOut_within_segments:
    input: /datater/wu/data/zika/primer3/forward_7279-7780.calculated
    output: /datater/wu/data/zika/primer3/forward_7279-7780.filtered
    jobid: 202
    wildcards: sample=zika, seg=7279-7780
Downstream jobs will be updated after completion.

[Wed Mar 10 17:13:12 2021]
checkpoint filterOut_within_segments:
    input: /datater/wu/data/zika/primer3/forward_4518-5019.calculated
    output: /datater/wu/data/zika/primer3/forward_4518-5019.filtered
    jobid: 209
    wildcards: sample=zika, seg=4518-5019
Downstream jobs will be updated after completion.

[Wed Mar 10 17:13:12 2021]
checkpoint filterOut_within_segments:
    input: /datater/wu/data/zika/primer3/forward_8534-9035.calculated
    output: /datater/wu/data/zika/primer3/forward_8534-9035.filtered
    jobid: 217
    wildcards: sample=zika, seg=8534-9035
Downstream jobs will be updated after completion.

[Wed Mar 10 17:13:12 2021]
checkpoint filterOut_within_segments:
    input: /datater/wu/data/zika/primer3/forward_1255-1756.calculated
    output: /datater/wu/data/zika/primer3/forward_1255-1756.filtered
    jobid: 224
    wildcards: sample=zika, seg=1255-1756
Downstream jobs will be updated after completion.

Shutting down, this might take some time.
Exiting because a job execution failed. Look above for error message
Complete log: /datater/wu/stage_m2/.snakemake/log/2021-03-10T171311.370731.snakemake.log
