Building DAG of jobs...
Updating job aggregate_allReverseOligo.
Using shell: /bin/bash
Provided cores: 12
Rules claiming more threads will be scaled down.
Conda environments: ignored
Job counts:
	count	jobs
	43	after_LCfiltering
	1	aggregate_allReverseOligo
	1	all
	1	reverse_filtering
	46
Select jobs to execute...

[Thu Mar 25 14:51:25 2021]
rule after_LCfiltering:
    input: /datater/wu/data/zika/filtering/reverse8283-8784.LC.fasta
    output: /datater/wu/data/zika/filtering/reverse8283-8784.LC.calculated2
    jobid: 196
    wildcards: sample=zika, seg=8283-8784

[Thu Mar 25 14:51:25 2021]
rule after_LCfiltering:
    input: /datater/wu/data/zika/filtering/reverse1506-2007.LC.fasta
    output: /datater/wu/data/zika/filtering/reverse1506-2007.LC.calculated2
    jobid: 21
    wildcards: sample=zika, seg=1506-2007

[Thu Mar 25 14:51:25 2021]
rule after_LCfiltering:
    input: /datater/wu/data/zika/filtering/reverse4769-5270.LC.fasta
    output: /datater/wu/data/zika/filtering/reverse4769-5270.LC.calculated2
    jobid: 84
    wildcards: sample=zika, seg=4769-5270

[Thu Mar 25 14:51:25 2021]
rule after_LCfiltering:
    input: /datater/wu/data/zika/filtering/reverse1757-2258.LC.fasta
    output: /datater/wu/data/zika/filtering/reverse1757-2258.LC.calculated2
    jobid: 126
    wildcards: sample=zika, seg=1757-2258

[Thu Mar 25 14:51:25 2021]
rule after_LCfiltering:
    input: /datater/wu/data/zika/filtering/reverse3765-4266.LC.fasta
    output: /datater/wu/data/zika/filtering/reverse3765-4266.LC.calculated2
    jobid: 182
    wildcards: sample=zika, seg=3765-4266

[Thu Mar 25 14:51:25 2021]
rule after_LCfiltering:
    input: /datater/wu/data/zika/filtering/reverse6777-7278.LC.fasta
    output: /datater/wu/data/zika/filtering/reverse6777-7278.LC.calculated2
    jobid: 210
    wildcards: sample=zika, seg=6777-7278

[Thu Mar 25 14:51:25 2021]
rule after_LCfiltering:
    input: /datater/wu/data/zika/filtering/reverse753-1254.LC.fasta
    output: /datater/wu/data/zika/filtering/reverse753-1254.LC.calculated2
    jobid: 266
    wildcards: sample=zika, seg=753-1254

[Thu Mar 25 14:51:25 2021]
rule after_LCfiltering:
    input: /datater/wu/data/zika/filtering/reverse2761-3262.LC.fasta
    output: /datater/wu/data/zika/filtering/reverse2761-3262.LC.calculated2
    jobid: 280
    wildcards: sample=zika, seg=2761-3262

[Thu Mar 25 14:51:25 2021]
rule after_LCfiltering:
    input: /datater/wu/data/zika/filtering/reverse4016-4517.LC.fasta
    output: /datater/wu/data/zika/filtering/reverse4016-4517.LC.calculated2
    jobid: 294
    wildcards: sample=zika, seg=4016-4517

[Thu Mar 25 14:51:25 2021]
rule after_LCfiltering:
    input: /datater/wu/data/zika/filtering/reverse5020-5521.LC.fasta
    output: /datater/wu/data/zika/filtering/reverse5020-5521.LC.calculated2
    jobid: 217
    wildcards: sample=zika, seg=5020-5521

[Thu Mar 25 14:51:25 2021]
rule after_LCfiltering:
    input: /datater/wu/data/zika/filtering/reverse9036-9537.LC.fasta
    output: /datater/wu/data/zika/filtering/reverse9036-9537.LC.calculated2
    jobid: 133
    wildcards: sample=zika, seg=9036-9537

[Thu Mar 25 14:51:25 2021]
rule after_LCfiltering:
    input: /datater/wu/data/zika/filtering/reverse8032-8533.LC.fasta
    output: /datater/wu/data/zika/filtering/reverse8032-8533.LC.calculated2
    jobid: 91
    wildcards: sample=zika, seg=8032-8533

[Thu Mar 25 14:51:26 2021]
Finished job 182.
1 of 46 steps (2%) done
Select jobs to execute...
[Thu Mar 25 14:51:26 2021]
Finished job 126.
2 of 46 steps (4%) done

[Thu Mar 25 14:51:26 2021]
rule after_LCfiltering:
    input: /datater/wu/data/zika/filtering/reverse8785-9286.LC.fasta
    output: /datater/wu/data/zika/filtering/reverse8785-9286.LC.calculated2
    jobid: 70
    wildcards: sample=zika, seg=8785-9286

Select jobs to execute...
[Thu Mar 25 14:51:26 2021]
Finished job 196.
3 of 46 steps (7%) done
[Thu Mar 25 14:51:26 2021]
Finished job 84.
4 of 46 steps (9%) done
[Thu Mar 25 14:51:26 2021]
Finished job 210.
5 of 46 steps (11%) done
[Thu Mar 25 14:51:26 2021]
Finished job 280.
6 of 46 steps (13%) done
[Thu Mar 25 14:51:26 2021]
Finished job 294.
7 of 46 steps (15%) done
[Thu Mar 25 14:51:26 2021]
Finished job 133.
8 of 46 steps (17%) done
[Thu Mar 25 14:51:26 2021]
Finished job 217.
9 of 46 steps (20%) done
[Thu Mar 25 14:51:26 2021]
Finished job 91.
10 of 46 steps (22%) done

[Thu Mar 25 14:51:26 2021]
rule after_LCfiltering:
    input: /datater/wu/data/zika/filtering/reverse4267-4768.LC.fasta
    output: /datater/wu/data/zika/filtering/reverse4267-4768.LC.calculated2
    jobid: 168
    wildcards: sample=zika, seg=4267-4768

Select jobs to execute...
[Thu Mar 25 14:51:26 2021]
Finished job 266.
11 of 46 steps (24%) done
[Thu Mar 25 14:51:26 2021]
Finished job 21.
12 of 46 steps (26%) done

[Thu Mar 25 14:51:26 2021]
rule after_LCfiltering:
    input: /datater/wu/data/zika/filtering/reverse1255-1756.LC.fasta
    output: /datater/wu/data/zika/filtering/reverse1255-1756.LC.calculated2
    jobid: 49
    wildcards: sample=zika, seg=1255-1756

[Thu Mar 25 14:51:26 2021]
rule after_LCfiltering:
    input: /datater/wu/data/zika/filtering/reverse9287-9788.LC.fasta
    output: /datater/wu/data/zika/filtering/reverse9287-9788.LC.calculated2
    jobid: 203
    wildcards: sample=zika, seg=9287-9788

[Thu Mar 25 14:51:26 2021]
rule after_LCfiltering:
    input: /datater/wu/data/zika/filtering/reverse3263-3764.LC.fasta
    output: /datater/wu/data/zika/filtering/reverse3263-3764.LC.calculated2
    jobid: 7
    wildcards: sample=zika, seg=3263-3764

[Thu Mar 25 14:51:26 2021]
rule after_LCfiltering:
    input: /datater/wu/data/zika/filtering/reverse6526-7027.LC.fasta
    output: /datater/wu/data/zika/filtering/reverse6526-7027.LC.calculated2
    jobid: 140
    wildcards: sample=zika, seg=6526-7027

[Thu Mar 25 14:51:26 2021]
rule after_LCfiltering:
    input: /datater/wu/data/zika/filtering/reverse10291-10792.LC.fasta
    output: /datater/wu/data/zika/filtering/reverse10291-10792.LC.calculated2
    jobid: 189
    wildcards: sample=zika, seg=10291-10792

[Thu Mar 25 14:51:26 2021]
rule after_LCfiltering:
    input: /datater/wu/data/zika/filtering/reverse7028-7529.LC.fasta
    output: /datater/wu/data/zika/filtering/reverse7028-7529.LC.calculated2
    jobid: 63
    wildcards: sample=zika, seg=7028-7529

[Thu Mar 25 14:51:26 2021]
rule after_LCfiltering:
    input: /datater/wu/data/zika/filtering/reverse1004-1505.LC.fasta
    output: /datater/wu/data/zika/filtering/reverse1004-1505.LC.calculated2
    jobid: 161
    wildcards: sample=zika, seg=1004-1505

[Thu Mar 25 14:51:26 2021]
rule after_LCfiltering:
    input: /datater/wu/data/zika/filtering/reverse2008-2509.LC.fasta
    output: /datater/wu/data/zika/filtering/reverse2008-2509.LC.calculated2
    jobid: 245
    wildcards: sample=zika, seg=2008-2509

Select jobs to execute...

[Thu Mar 25 14:51:26 2021]
rule after_LCfiltering:
    input: /datater/wu/data/zika/filtering/reverse5271-5772.LC.fasta
    output: /datater/wu/data/zika/filtering/reverse5271-5772.LC.calculated2
    jobid: 77
    wildcards: sample=zika, seg=5271-5772

[Thu Mar 25 14:51:26 2021]
rule after_LCfiltering:
    input: /datater/wu/data/zika/filtering/reverse5522-6023.LC.fasta
    output: /datater/wu/data/zika/filtering/reverse5522-6023.LC.calculated2
    jobid: 147
    wildcards: sample=zika, seg=5522-6023

Select jobs to execute...
Select jobs to execute...
Select jobs to execute...
Select jobs to execute...
Select jobs to execute...
Select jobs to execute...
Select jobs to execute...
Select jobs to execute...
[Thu Mar 25 14:51:26 2021]
Finished job 168.
13 of 46 steps (28%) done
Select jobs to execute...
[Thu Mar 25 14:51:27 2021]
Finished job 70.
14 of 46 steps (30%) done

[Thu Mar 25 14:51:27 2021]
rule after_LCfiltering:
    input: /datater/wu/data/zika/filtering/reverse10542-10780.LC.fasta
    output: /datater/wu/data/zika/filtering/reverse10542-10780.LC.calculated2
    jobid: 14
    wildcards: sample=zika, seg=10542-10780

Select jobs to execute...
[Thu Mar 25 14:51:27 2021]
Finished job 203.
15 of 46 steps (33%) done
[Thu Mar 25 14:51:27 2021]
Finished job 140.
16 of 46 steps (35%) done
[Thu Mar 25 14:51:27 2021]
Finished job 49.
17 of 46 steps (37%) done

[Thu Mar 25 14:51:27 2021]
rule after_LCfiltering:
    input: /datater/wu/data/zika/filtering/reverse5773-6274.LC.fasta
    output: /datater/wu/data/zika/filtering/reverse5773-6274.LC.calculated2
    jobid: 154
    wildcards: sample=zika, seg=5773-6274

Select jobs to execute...
[Thu Mar 25 14:51:27 2021]
Finished job 161.
18 of 46 steps (39%) done
[Thu Mar 25 14:51:27 2021]
Finished job 63.
19 of 46 steps (41%) done
[Thu Mar 25 14:51:27 2021]
Finished job 189.
20 of 46 steps (43%) done
[Thu Mar 25 14:51:27 2021]
Finished job 7.
21 of 46 steps (46%) done

[Thu Mar 25 14:51:27 2021]
rule after_LCfiltering:
    input: /datater/wu/data/zika/filtering/reverse7530-8031.LC.fasta
    output: /datater/wu/data/zika/filtering/reverse7530-8031.LC.calculated2
    jobid: 259
    wildcards: sample=zika, seg=7530-8031

[Thu Mar 25 14:51:27 2021]
rule after_LCfiltering:
    input: /datater/wu/data/zika/filtering/reverse2510-3011.LC.fasta
    output: /datater/wu/data/zika/filtering/reverse2510-3011.LC.calculated2
    jobid: 301
    wildcards: sample=zika, seg=2510-3011

[Thu Mar 25 14:51:27 2021]
rule after_LCfiltering:
    input: /datater/wu/data/zika/filtering/reverse251-752.LC.fasta
    output: /datater/wu/data/zika/filtering/reverse251-752.LC.calculated2
    jobid: 224
    wildcards: sample=zika, seg=251-752

Select jobs to execute...
[Thu Mar 25 14:51:27 2021]
Finished job 147.
22 of 46 steps (48%) done

[Thu Mar 25 14:51:27 2021]
rule after_LCfiltering:
    input: /datater/wu/data/zika/filtering/reverse6024-6525.LC.fasta
    output: /datater/wu/data/zika/filtering/reverse6024-6525.LC.calculated2
    jobid: 238
    wildcards: sample=zika, seg=6024-6525

[Thu Mar 25 14:51:27 2021]
rule after_LCfiltering:
    input: /datater/wu/data/zika/filtering/reverse8534-9035.LC.fasta
    output: /datater/wu/data/zika/filtering/reverse8534-9035.LC.calculated2
    jobid: 119
    wildcards: sample=zika, seg=8534-9035

[Thu Mar 25 14:51:27 2021]
Finished job 245.
[Thu Mar 25 14:51:27 2021]
23 of 46 steps (50%) done
rule after_LCfiltering:
    input: /datater/wu/data/zika/filtering/reverse502-1003.LC.fasta
    output: /datater/wu/data/zika/filtering/reverse502-1003.LC.calculated2
    jobid: 105
    wildcards: sample=zika, seg=502-1003

[Thu Mar 25 14:51:27 2021]
rule after_LCfiltering:
    input: /datater/wu/data/zika/filtering/reverse6275-6776.LC.fasta
    output: /datater/wu/data/zika/filtering/reverse6275-6776.LC.calculated2
    jobid: 231
    wildcards: sample=zika, seg=6275-6776

[Thu Mar 25 14:51:27 2021]
Finished job 77.
24 of 46 steps (52%) done
Select jobs to execute...

[Thu Mar 25 14:51:27 2021]
rule after_LCfiltering:
    input: /datater/wu/data/zika/filtering/reverse7781-8282.LC.fasta
    output: /datater/wu/data/zika/filtering/reverse7781-8282.LC.calculated2
    jobid: 252
    wildcards: sample=zika, seg=7781-8282

[Thu Mar 25 14:51:27 2021]
rule after_LCfiltering:
    input: /datater/wu/data/zika/filtering/reverse2259-2760.LC.fasta
    output: /datater/wu/data/zika/filtering/reverse2259-2760.LC.calculated2
    jobid: 35
    wildcards: sample=zika, seg=2259-2760

[Thu Mar 25 14:51:27 2021]
rule after_LCfiltering:
    input: /datater/wu/data/zika/filtering/reverse3012-3513.LC.fasta
    output: /datater/wu/data/zika/filtering/reverse3012-3513.LC.calculated2
    jobid: 56
    wildcards: sample=zika, seg=3012-3513

Select jobs to execute...
Select jobs to execute...
Select jobs to execute...
Select jobs to execute...
Select jobs to execute...
Select jobs to execute...
Select jobs to execute...
[Thu Mar 25 14:51:27 2021]
Finished job 14.
25 of 46 steps (54%) done
Select jobs to execute...

[Thu Mar 25 14:51:27 2021]
rule after_LCfiltering:
    input: /datater/wu/data/zika/filtering/reverse0-501.LC.fasta
    output: /datater/wu/data/zika/filtering/reverse0-501.LC.calculated2
    jobid: 175
    wildcards: sample=zika, seg=0-501

[Thu Mar 25 14:51:27 2021]
Finished job 154.
26 of 46 steps (57%) done
Select jobs to execute...
[Thu Mar 25 14:51:27 2021]
Finished job 301.
27 of 46 steps (59%) done
[Thu Mar 25 14:51:27 2021]
Finished job 259.
28 of 46 steps (61%) done

[Thu Mar 25 14:51:27 2021]
rule after_LCfiltering:
    input: /datater/wu/data/zika/filtering/reverse3514-4015.LC.fasta
    output: /datater/wu/data/zika/filtering/reverse3514-4015.LC.calculated2
    jobid: 42
    wildcards: sample=zika, seg=3514-4015

Select jobs to execute...
[Thu Mar 25 14:51:27 2021]
Finished job 105.
29 of 46 steps (63%) done

[Thu Mar 25 14:51:27 2021]
rule after_LCfiltering:
    input: /datater/wu/data/zika/filtering/reverse7279-7780.LC.fasta
    output: /datater/wu/data/zika/filtering/reverse7279-7780.LC.calculated2
    jobid: 287
    wildcards: sample=zika, seg=7279-7780

[Thu Mar 25 14:51:27 2021]
rule after_LCfiltering:
    input: /datater/wu/data/zika/filtering/reverse4518-5019.LC.fasta
    output: /datater/wu/data/zika/filtering/reverse4518-5019.LC.calculated2
    jobid: 273
    wildcards: sample=zika, seg=4518-5019

[Thu Mar 25 14:51:27 2021]
Finished job 224.
30 of 46 steps (65%) done
Select jobs to execute...
[Thu Mar 25 14:51:27 2021]
Finished job 231.
31 of 46 steps (67%) done
[Thu Mar 25 14:51:27 2021]
Finished job 119.
32 of 46 steps (70%) done
[Thu Mar 25 14:51:27 2021]
Finished job 238.
33 of 46 steps (72%) done

[Thu Mar 25 14:51:27 2021]
rule after_LCfiltering:
    input: /datater/wu/data/zika/filtering/reverse10040-10541.LC.fasta
    output: /datater/wu/data/zika/filtering/reverse10040-10541.LC.calculated2
    jobid: 28
    wildcards: sample=zika, seg=10040-10541

[Thu Mar 25 14:51:27 2021]
rule after_LCfiltering:
    input: /datater/wu/data/zika/filtering/reverse9789-10290.LC.fasta
    output: /datater/wu/data/zika/filtering/reverse9789-10290.LC.calculated2
    jobid: 98
    wildcards: sample=zika, seg=9789-10290

Select jobs to execute...
[Thu Mar 25 14:51:27 2021]
Finished job 35.
34 of 46 steps (74%) done

[Thu Mar 25 14:51:27 2021]
rule after_LCfiltering:
    input: /datater/wu/data/zika/filtering/reverse9538-10039.LC.fasta
    output: /datater/wu/data/zika/filtering/reverse9538-10039.LC.calculated2
    jobid: 112
    wildcards: sample=zika, seg=9538-10039

[Thu Mar 25 14:51:27 2021]
Finished job 252.
35 of 46 steps (76%) done
[Thu Mar 25 14:51:28 2021]
Finished job 56.
36 of 46 steps (78%) done
[Thu Mar 25 14:51:28 2021]
Finished job 175.
37 of 46 steps (80%) done
[Thu Mar 25 14:51:28 2021]
Finished job 287.
38 of 46 steps (83%) done
[Thu Mar 25 14:51:28 2021]
Finished job 273.
39 of 46 steps (85%) done
[Thu Mar 25 14:51:28 2021]
Finished job 42.
40 of 46 steps (87%) done
[Thu Mar 25 14:51:28 2021]
Finished job 112.
41 of 46 steps (89%) done
[Thu Mar 25 14:51:28 2021]
Finished job 98.
42 of 46 steps (91%) done
[Thu Mar 25 14:51:28 2021]
Finished job 28.
43 of 46 steps (93%) done
Select jobs to execute...

[Thu Mar 25 14:51:28 2021]
rule aggregate_allReverseOligo:
    input: /datater/wu/data/zika/filtering/reverse3263-3764.LC.calculated2, /datater/wu/data/zika/filtering/reverse10542-10780.LC.calculated2, /datater/wu/data/zika/filtering/reverse1506-2007.LC.calculated2, /datater/wu/data/zika/filtering/reverse10040-10541.LC.calculated2, /datater/wu/data/zika/filtering/reverse2259-2760.LC.calculated2, /datater/wu/data/zika/filtering/reverse3514-4015.LC.calculated2, /datater/wu/data/zika/filtering/reverse1255-1756.LC.calculated2, /datater/wu/data/zika/filtering/reverse3012-3513.LC.calculated2, /datater/wu/data/zika/filtering/reverse7028-7529.LC.calculated2, /datater/wu/data/zika/filtering/reverse8785-9286.LC.calculated2, /datater/wu/data/zika/filtering/reverse5271-5772.LC.calculated2, /datater/wu/data/zika/filtering/reverse4769-5270.LC.calculated2, /datater/wu/data/zika/filtering/reverse8032-8533.LC.calculated2, /datater/wu/data/zika/filtering/reverse9789-10290.LC.calculated2, /datater/wu/data/zika/filtering/reverse502-1003.LC.calculated2, /datater/wu/data/zika/filtering/reverse9538-10039.LC.calculated2, /datater/wu/data/zika/filtering/reverse8534-9035.LC.calculated2, /datater/wu/data/zika/filtering/reverse1757-2258.LC.calculated2, /datater/wu/data/zika/filtering/reverse9036-9537.LC.calculated2, /datater/wu/data/zika/filtering/reverse6526-7027.LC.calculated2, /datater/wu/data/zika/filtering/reverse5522-6023.LC.calculated2, /datater/wu/data/zika/filtering/reverse5773-6274.LC.calculated2, /datater/wu/data/zika/filtering/reverse1004-1505.LC.calculated2, /datater/wu/data/zika/filtering/reverse4267-4768.LC.calculated2, /datater/wu/data/zika/filtering/reverse0-501.LC.calculated2, /datater/wu/data/zika/filtering/reverse3765-4266.LC.calculated2, /datater/wu/data/zika/filtering/reverse10291-10792.LC.calculated2, /datater/wu/data/zika/filtering/reverse8283-8784.LC.calculated2, /datater/wu/data/zika/filtering/reverse9287-9788.LC.calculated2, /datater/wu/data/zika/filtering/reverse6777-7278.LC.calculated2, /datater/wu/data/zika/filtering/reverse5020-5521.LC.calculated2, /datater/wu/data/zika/filtering/reverse251-752.LC.calculated2, /datater/wu/data/zika/filtering/reverse6275-6776.LC.calculated2, /datater/wu/data/zika/filtering/reverse6024-6525.LC.calculated2, /datater/wu/data/zika/filtering/reverse2008-2509.LC.calculated2, /datater/wu/data/zika/filtering/reverse7781-8282.LC.calculated2, /datater/wu/data/zika/filtering/reverse7530-8031.LC.calculated2, /datater/wu/data/zika/filtering/reverse753-1254.LC.calculated2, /datater/wu/data/zika/filtering/reverse4518-5019.LC.calculated2, /datater/wu/data/zika/filtering/reverse2761-3262.LC.calculated2, /datater/wu/data/zika/filtering/reverse7279-7780.LC.calculated2, /datater/wu/data/zika/filtering/reverse4016-4517.LC.calculated2, /datater/wu/data/zika/filtering/reverse2510-3011.LC.calculated2
    output: /datater/wu/data/zika/filtering/allOligos_reverse.calculated2
    jobid: 2
    wildcards: sample=zika

[Thu Mar 25 14:51:28 2021]
Finished job 2.
44 of 46 steps (96%) done
Select jobs to execute...

[Thu Mar 25 14:51:28 2021]
rule reverse_filtering:
    input: /datater/wu/data/zika/filtering/allOligos_reverse.calculated2
    output: /datater/wu/data/zika/filtering/allOligos_reverse.filtered
    jobid: 1
    wildcards: sample=zika

[Thu Mar 25 14:51:30 2021]
Finished job 1.
45 of 46 steps (98%) done
Select jobs to execute...

[Thu Mar 25 14:51:30 2021]
localrule all:
    input: /datater/wu/data/zika/filtering/allOligos_reverse.filtered
    jobid: 0

[Thu Mar 25 14:51:30 2021]
Finished job 0.
46 of 46 steps (100%) done
Complete log: /datater/wu/stage_m2/.snakemake/log/2021-03-25T145124.822797.snakemake.log
