Building DAG of jobs...
Using shell: /bin/bash
Provided cores: 12
Rules claiming more threads will be scaled down.
Conda environments: ignored
Job counts:
	count	jobs
	1	MSA
	1	all
	1	checkHeterodimer
	1	evaluation1
	1	evaluation2
	1	evaluation3
	1	filtering2
	1	filtering3
	1	removeDuplicateSeq
	1	specific1
	1	specific3
	1	specific4
	1	splitIntoOverlappingWindows
	13
Select jobs to execute...

[Fri Apr 30 17:00:00 2021]
rule removeDuplicateSeq:
    input: /datater/wu/data/enterovirusCurated.fasta
    output: /datater/wu/data/MSSPE-basic/enterovirusCurated/enterovirusCurated.uniq
    jobid: 1
    wildcards: sample=enterovirusCurated

[Fri Apr 30 17:00:00 2021]
Finished job 1.
1 of 13 steps (8%) done
Select jobs to execute...

[Fri Apr 30 17:00:00 2021]
rule evaluation1:
    input: /datater/wu/data/MSSPE-basic/enterovirusCurated/enterovirusCurated.uniq, /datater/wu/data/ncbiTaxonomy/nucl_gb.accession2taxid, /datater/wu/data/ncbiTaxonomy/ncbi_lineages_2021-04-23.csv
    output: /datater/wu/data/MSSPE-basic/enterovirusCurated/kmer15/intermediate/aceID-taxID-species.tsv
    jobid: 11
    wildcards: sample=enterovirusCurated

[Fri Apr 30 17:00:00 2021]
rule MSA:
    input: /datater/wu/data/MSSPE-basic/enterovirusCurated/enterovirusCurated.uniq
    output: /datater/wu/data/MSSPE-basic/enterovirusCurated/enterovirusCurated.msa
    log: /datater/wu/data/MSSPE-basic/enterovirusCurated/log/mafft.log
    jobid: 2
    wildcards: sample=enterovirusCurated

[Fri Apr 30 17:02:54 2021]
Finished job 2.
2 of 13 steps (15%) done
Select jobs to execute...

[Fri Apr 30 17:02:54 2021]
checkpoint splitIntoOverlappingWindows:
    input: /datater/wu/data/MSSPE-basic/enterovirusCurated/enterovirusCurated.msa
    output: /datater/wu/data/MSSPE-basic/enterovirusCurated/splitFiles
    jobid: 4
    wildcards: sample=enterovirusCurated
Downstream jobs will be updated after completion.

Updating job filtering2.
[Fri Apr 30 17:02:56 2021]
Finished job 4.
3 of 153 steps (2%) done
Select jobs to execute...

[Fri Apr 30 17:02:56 2021]
rule countKmer1:
    input: /datater/wu/data/MSSPE-basic/enterovirusCurated/splitFiles/reverse4335-4840.fasta
    output: /datater/wu/data/MSSPE-basic/enterovirusCurated/kmer15/intermediate/reverse4335-4840.int.kmc_pre, /datater/wu/data/MSSPE-basic/enterovirusCurated/kmer15/intermediate/reverse4335-4840.int.kmc_suf
    jobid: 150
    wildcards: sample=enterovirusCurated, seg=4335-4840


[Fri Apr 30 17:02:56 2021]
rule countKmer1:
    input: /datater/wu/data/MSSPE-basic/enterovirusCurated/splitFiles/reverse7905-8410.fasta
    output: /datater/wu/data/MSSPE-basic/enterovirusCurated/kmer15/intermediate/reverse7905-8410.int.kmc_pre, /datater/wu/data/MSSPE-basic/enterovirusCurated/kmer15/intermediate/reverse7905-8410.int.kmc_suf
    jobid: 18
    wildcards: sample=enterovirusCurated, seg=7905-8410


[Fri Apr 30 17:02:56 2021]
rule countKmer1:
    input: /datater/wu/data/MSSPE-basic/enterovirusCurated/splitFiles/reverse7395-7900.fasta
    output: /datater/wu/data/MSSPE-basic/enterovirusCurated/kmer15/intermediate/reverse7395-7900.int.kmc_pre, /datater/wu/data/MSSPE-basic/enterovirusCurated/kmer15/intermediate/reverse7395-7900.int.kmc_suf
    jobid: 54
    wildcards: sample=enterovirusCurated, seg=7395-7900


[Fri Apr 30 17:02:56 2021]
rule countKmer1:
    input: /datater/wu/data/MSSPE-basic/enterovirusCurated/splitFiles/reverse7650-8155.fasta
    output: /datater/wu/data/MSSPE-basic/enterovirusCurated/kmer15/intermediate/reverse7650-8155.int.kmc_pre, /datater/wu/data/MSSPE-basic/enterovirusCurated/kmer15/intermediate/reverse7650-8155.int.kmc_suf
    jobid: 62
    wildcards: sample=enterovirusCurated, seg=7650-8155


[Fri Apr 30 17:02:56 2021]
rule countKmer1:
    input: /datater/wu/data/MSSPE-basic/enterovirusCurated/splitFiles/reverse0-505.fasta
    output: /datater/wu/data/MSSPE-basic/enterovirusCurated/kmer15/intermediate/reverse0-505.int.kmc_pre, /datater/wu/data/MSSPE-basic/enterovirusCurated/kmer15/intermediate/reverse0-505.int.kmc_suf
    jobid: 114
    wildcards: sample=enterovirusCurated, seg=0-505


[Fri Apr 30 17:02:57 2021]
rule countKmer1:
    input: /datater/wu/data/MSSPE-basic/enterovirusCurated/splitFiles/reverse1275-1780.fasta
    output: /datater/wu/data/MSSPE-basic/enterovirusCurated/kmer15/intermediate/reverse1275-1780.int.kmc_pre, /datater/wu/data/MSSPE-basic/enterovirusCurated/kmer15/intermediate/reverse1275-1780.int.kmc_suf
    jobid: 122
    wildcards: sample=enterovirusCurated, seg=1275-1780


[Fri Apr 30 17:02:57 2021]
rule countKmer1:
    input: /datater/wu/data/MSSPE-basic/enterovirusCurated/splitFiles/reverse4845-5350.fasta
    output: /datater/wu/data/MSSPE-basic/enterovirusCurated/kmer15/intermediate/reverse4845-5350.int.kmc_pre, /datater/wu/data/MSSPE-basic/enterovirusCurated/kmer15/intermediate/reverse4845-5350.int.kmc_suf
    jobid: 46
    wildcards: sample=enterovirusCurated, seg=4845-5350


[Fri Apr 30 17:02:57 2021]
rule countKmer1:
    input: /datater/wu/data/MSSPE-basic/enterovirusCurated/splitFiles/reverse6630-7135.fasta
    output: /datater/wu/data/MSSPE-basic/enterovirusCurated/kmer15/intermediate/reverse6630-7135.int.kmc_pre, /datater/wu/data/MSSPE-basic/enterovirusCurated/kmer15/intermediate/reverse6630-7135.int.kmc_suf
    jobid: 98
    wildcards: sample=enterovirusCurated, seg=6630-7135


[Fri Apr 30 17:02:57 2021]
rule countKmer1:
    input: /datater/wu/data/MSSPE-basic/enterovirusCurated/splitFiles/reverse5865-6370.fasta
    output: /datater/wu/data/MSSPE-basic/enterovirusCurated/kmer15/intermediate/reverse5865-6370.int.kmc_pre, /datater/wu/data/MSSPE-basic/enterovirusCurated/kmer15/intermediate/reverse5865-6370.int.kmc_suf
    jobid: 38
    wildcards: sample=enterovirusCurated, seg=5865-6370


[Fri Apr 30 17:02:57 2021]
rule countKmer1:
    input: /datater/wu/data/MSSPE-basic/enterovirusCurated/splitFiles/reverse6885-7390.fasta
    output: /datater/wu/data/MSSPE-basic/enterovirusCurated/kmer15/intermediate/reverse6885-7390.int.kmc_pre, /datater/wu/data/MSSPE-basic/enterovirusCurated/kmer15/intermediate/reverse6885-7390.int.kmc_suf
    jobid: 106
    wildcards: sample=enterovirusCurated, seg=6885-7390


[Fri Apr 30 17:02:57 2021]
rule countKmer1:
    input: /datater/wu/data/MSSPE-basic/enterovirusCurated/splitFiles/reverse4590-5095.fasta
    output: /datater/wu/data/MSSPE-basic/enterovirusCurated/kmer15/intermediate/reverse4590-5095.int.kmc_pre, /datater/wu/data/MSSPE-basic/enterovirusCurated/kmer15/intermediate/reverse4590-5095.int.kmc_suf
    jobid: 70
    wildcards: sample=enterovirusCurated, seg=4590-5095

[Fri Apr 30 17:02:59 2021]
Finished job 46.
4 of 153 steps (3%) done
Select jobs to execute...
[Fri Apr 30 17:02:59 2021]
Finished job 106.
5 of 153 steps (3%) done

[Fri Apr 30 17:02:59 2021]
rule countKmer1:
    input: /datater/wu/data/MSSPE-basic/enterovirusCurated/splitFiles/reverse2295-2800.fasta
    output: /datater/wu/data/MSSPE-basic/enterovirusCurated/kmer15/intermediate/reverse2295-2800.int.kmc_pre, /datater/wu/data/MSSPE-basic/enterovirusCurated/kmer15/intermediate/reverse2295-2800.int.kmc_suf
    jobid: 146
    wildcards: sample=enterovirusCurated, seg=2295-2800

Select jobs to execute...

[Fri Apr 30 17:02:59 2021]
rule countKmer1:
    input: /datater/wu/data/MSSPE-basic/enterovirusCurated/splitFiles/reverse765-1270.fasta
    output: /datater/wu/data/MSSPE-basic/enterovirusCurated/kmer15/intermediate/reverse765-1270.int.kmc_pre, /datater/wu/data/MSSPE-basic/enterovirusCurated/kmer15/intermediate/reverse765-1270.int.kmc_suf
    jobid: 78
    wildcards: sample=enterovirusCurated, seg=765-1270

[Fri Apr 30 17:02:59 2021]
Finished job 38.
6 of 153 steps (4%) done
Select jobs to execute...
[Fri Apr 30 17:02:59 2021]
Finished job 98.
7 of 153 steps (5%) done

[Fri Apr 30 17:02:59 2021]
rule countKmer1:
    input: /datater/wu/data/MSSPE-basic/enterovirusCurated/splitFiles/reverse4080-4585.fasta
    output: /datater/wu/data/MSSPE-basic/enterovirusCurated/kmer15/intermediate/reverse4080-4585.int.kmc_pre, /datater/wu/data/MSSPE-basic/enterovirusCurated/kmer15/intermediate/reverse4080-4585.int.kmc_suf
    jobid: 86
    wildcards: sample=enterovirusCurated, seg=4080-4585

Select jobs to execute...
[Fri Apr 30 17:02:59 2021]
Finished job 114.
8 of 153 steps (5%) done

[Fri Apr 30 17:02:59 2021]
rule countKmer1:
    input: /datater/wu/data/MSSPE-basic/enterovirusCurated/splitFiles/reverse1785-2290.fasta
    output: /datater/wu/data/MSSPE-basic/enterovirusCurated/kmer15/intermediate/reverse1785-2290.int.kmc_pre, /datater/wu/data/MSSPE-basic/enterovirusCurated/kmer15/intermediate/reverse1785-2290.int.kmc_suf
    jobid: 154
    wildcards: sample=enterovirusCurated, seg=1785-2290


[Fri Apr 30 17:02:59 2021]
rule countKmer1:
    input: /datater/wu/data/MSSPE-basic/enterovirusCurated/splitFiles/reverse3060-3565.fasta
    output: /datater/wu/data/MSSPE-basic/enterovirusCurated/kmer15/intermediate/reverse3060-3565.int.kmc_pre, /datater/wu/data/MSSPE-basic/enterovirusCurated/kmer15/intermediate/reverse3060-3565.int.kmc_suf
    jobid: 110
    wildcards: sample=enterovirusCurated, seg=3060-3565

Select jobs to execute...
[Fri Apr 30 17:02:59 2021]
Finished job 18.
9 of 153 steps (6%) done
Select jobs to execute...
[Fri Apr 30 17:02:59 2021]
Finished job 62.
10 of 153 steps (7%) done
[Fri Apr 30 17:02:59 2021]
Finished job 54.
11 of 153 steps (7%) done

[Fri Apr 30 17:02:59 2021]
rule countKmer1:
    input: /datater/wu/data/MSSPE-basic/enterovirusCurated/splitFiles/reverse2550-3055.fasta
    output: /datater/wu/data/MSSPE-basic/enterovirusCurated/kmer15/intermediate/reverse2550-3055.int.kmc_pre, /datater/wu/data/MSSPE-basic/enterovirusCurated/kmer15/intermediate/reverse2550-3055.int.kmc_suf
    jobid: 138
    wildcards: sample=enterovirusCurated, seg=2550-3055

Select jobs to execute...
[Fri Apr 30 17:02:59 2021]
Finished job 150.
12 of 153 steps (8%) done
[Fri Apr 30 17:02:59 2021]
Finished job 70.
13 of 153 steps (8%) done

[Fri Apr 30 17:02:59 2021]
rule countKmer1:
    input: /datater/wu/data/MSSPE-basic/enterovirusCurated/splitFiles/reverse510-1015.fasta
    output: /datater/wu/data/MSSPE-basic/enterovirusCurated/kmer15/intermediate/reverse510-1015.int.kmc_pre, /datater/wu/data/MSSPE-basic/enterovirusCurated/kmer15/intermediate/reverse510-1015.int.kmc_suf
    jobid: 134
    wildcards: sample=enterovirusCurated, seg=510-1015


[Fri Apr 30 17:02:59 2021]
rule countKmer2:
    input: /datater/wu/data/MSSPE-basic/enterovirusCurated/kmer15/intermediate/reverse6630-7135.int.kmc_pre, /datater/wu/data/MSSPE-basic/enterovirusCurated/kmer15/intermediate/reverse6630-7135.int.kmc_suf
    output: /datater/wu/data/MSSPE-basic/enterovirusCurated/kmer15/intermediate/reverse6630-7135.Kmercount.txt
    jobid: 97
    wildcards: sample=enterovirusCurated, seg=6630-7135

Select jobs to execute...
[Fri Apr 30 17:02:59 2021]
Finished job 122.
14 of 153 steps (9%) done

[Fri Apr 30 17:02:59 2021]
rule countKmer1:
    input: /datater/wu/data/MSSPE-basic/enterovirusCurated/splitFiles/reverse5610-6115.fasta
    output: /datater/wu/data/MSSPE-basic/enterovirusCurated/kmer15/intermediate/reverse5610-6115.int.kmc_pre, /datater/wu/data/MSSPE-basic/enterovirusCurated/kmer15/intermediate/reverse5610-6115.int.kmc_suf
    jobid: 66
    wildcards: sample=enterovirusCurated, seg=5610-6115


[Fri Apr 30 17:02:59 2021]
rule countKmer2:
    input: /datater/wu/data/MSSPE-basic/enterovirusCurated/kmer15/intermediate/reverse0-505.int.kmc_pre, /datater/wu/data/MSSPE-basic/enterovirusCurated/kmer15/intermediate/reverse0-505.int.kmc_suf
    output: /datater/wu/data/MSSPE-basic/enterovirusCurated/kmer15/intermediate/reverse0-505.Kmercount.txt
    jobid: 113
    wildcards: sample=enterovirusCurated, seg=0-505

Select jobs to execute...

[Fri Apr 30 17:02:59 2021]
rule countKmer1:
    input: /datater/wu/data/MSSPE-basic/enterovirusCurated/splitFiles/reverse2805-3310.fasta
    output: /datater/wu/data/MSSPE-basic/enterovirusCurated/kmer15/intermediate/reverse2805-3310.int.kmc_pre, /datater/wu/data/MSSPE-basic/enterovirusCurated/kmer15/intermediate/reverse2805-3310.int.kmc_suf
    jobid: 42
    wildcards: sample=enterovirusCurated, seg=2805-3310

Select jobs to execute...
Select jobs to execute...
[Fri Apr 30 17:03:00 2021]
Finished job 97.
15 of 153 steps (10%) done
Select jobs to execute...

[Fri Apr 30 17:03:00 2021]
rule countKmer1:
    input: /datater/wu/data/MSSPE-basic/enterovirusCurated/splitFiles/reverse6120-6625.fasta
    output: /datater/wu/data/MSSPE-basic/enterovirusCurated/kmer15/intermediate/reverse6120-6625.int.kmc_pre, /datater/wu/data/MSSPE-basic/enterovirusCurated/kmer15/intermediate/reverse6120-6625.int.kmc_suf
    jobid: 102
    wildcards: sample=enterovirusCurated, seg=6120-6625

[Fri Apr 30 17:03:00 2021]
Finished job 113.
16 of 153 steps (10%) done
Select jobs to execute...

[Fri Apr 30 17:03:00 2021]
rule countKmer1:
    input: /datater/wu/data/MSSPE-basic/enterovirusCurated/splitFiles/reverse3825-4330.fasta
    output: /datater/wu/data/MSSPE-basic/enterovirusCurated/kmer15/intermediate/reverse3825-4330.int.kmc_pre, /datater/wu/data/MSSPE-basic/enterovirusCurated/kmer15/intermediate/reverse3825-4330.int.kmc_suf
    jobid: 34
    wildcards: sample=enterovirusCurated, seg=3825-4330

[Fri Apr 30 17:03:02 2021]
Finished job 146.
17 of 153 steps (11%) done
Select jobs to execute...

[Fri Apr 30 17:03:02 2021]
rule countKmer1:
    input: /datater/wu/data/MSSPE-basic/enterovirusCurated/splitFiles/reverse1020-1525.fasta
    output: /datater/wu/data/MSSPE-basic/enterovirusCurated/kmer15/intermediate/reverse1020-1525.int.kmc_pre, /datater/wu/data/MSSPE-basic/enterovirusCurated/kmer15/intermediate/reverse1020-1525.int.kmc_suf
    jobid: 94
    wildcards: sample=enterovirusCurated, seg=1020-1525

[Fri Apr 30 17:03:02 2021]
Finished job 78.
18 of 153 steps (12%) done
Select jobs to execute...

[Fri Apr 30 17:03:02 2021]
rule countKmer1:
    input: /datater/wu/data/MSSPE-basic/enterovirusCurated/splitFiles/reverse255-760.fasta
    output: /datater/wu/data/MSSPE-basic/enterovirusCurated/kmer15/intermediate/reverse255-760.int.kmc_pre, /datater/wu/data/MSSPE-basic/enterovirusCurated/kmer15/intermediate/reverse255-760.int.kmc_suf
    jobid: 58
    wildcards: sample=enterovirusCurated, seg=255-760

[Fri Apr 30 17:03:02 2021]
Finished job 86.
19 of 153 steps (12%) done
Select jobs to execute...

[Fri Apr 30 17:03:02 2021]
rule countKmer1:
    input: /datater/wu/data/MSSPE-basic/enterovirusCurated/splitFiles/reverse7140-7645.fasta
    output: /datater/wu/data/MSSPE-basic/enterovirusCurated/kmer15/intermediate/reverse7140-7645.int.kmc_pre, /datater/wu/data/MSSPE-basic/enterovirusCurated/kmer15/intermediate/reverse7140-7645.int.kmc_suf
    jobid: 118
    wildcards: sample=enterovirusCurated, seg=7140-7645

[Fri Apr 30 17:03:02 2021]
Finished job 110.
20 of 153 steps (13%) done
Select jobs to execute...

[Fri Apr 30 17:03:02 2021]
rule countKmer2:
    input: /datater/wu/data/MSSPE-basic/enterovirusCurated/kmer15/intermediate/reverse3060-3565.int.kmc_pre, /datater/wu/data/MSSPE-basic/enterovirusCurated/kmer15/intermediate/reverse3060-3565.int.kmc_suf
    output: /datater/wu/data/MSSPE-basic/enterovirusCurated/kmer15/intermediate/reverse3060-3565.Kmercount.txt
    jobid: 109
    wildcards: sample=enterovirusCurated, seg=3060-3565

[Fri Apr 30 17:03:02 2021]
Finished job 42.
21 of 153 steps (14%) done
Select jobs to execute...

[Fri Apr 30 17:03:02 2021]
rule countKmer1:
    input: /datater/wu/data/MSSPE-basic/enterovirusCurated/splitFiles/reverse5100-5605.fasta
    output: /datater/wu/data/MSSPE-basic/enterovirusCurated/kmer15/intermediate/reverse5100-5605.int.kmc_pre, /datater/wu/data/MSSPE-basic/enterovirusCurated/kmer15/intermediate/reverse5100-5605.int.kmc_suf
    jobid: 26
    wildcards: sample=enterovirusCurated, seg=5100-5605

[Fri Apr 30 17:03:02 2021]
Finished job 154.
22 of 153 steps (14%) done
Select jobs to execute...
[Fri Apr 30 17:03:02 2021]
Finished job 134.
23 of 153 steps (15%) done

[Fri Apr 30 17:03:02 2021]
rule countKmer2:
    input: /datater/wu/data/MSSPE-basic/enterovirusCurated/kmer15/intermediate/reverse1785-2290.int.kmc_pre, /datater/wu/data/MSSPE-basic/enterovirusCurated/kmer15/intermediate/reverse1785-2290.int.kmc_suf
    output: /datater/wu/data/MSSPE-basic/enterovirusCurated/kmer15/intermediate/reverse1785-2290.Kmercount.txt
    jobid: 153
    wildcards: sample=enterovirusCurated, seg=1785-2290

Select jobs to execute...
[Fri Apr 30 17:03:02 2021]
Finished job 66.
24 of 153 steps (16%) done

[Fri Apr 30 17:03:02 2021]
rule countKmer2:
    input: /datater/wu/data/MSSPE-basic/enterovirusCurated/kmer15/intermediate/reverse510-1015.int.kmc_pre, /datater/wu/data/MSSPE-basic/enterovirusCurated/kmer15/intermediate/reverse510-1015.int.kmc_suf
    output: /datater/wu/data/MSSPE-basic/enterovirusCurated/kmer15/intermediate/reverse510-1015.Kmercount.txt
    jobid: 133
    wildcards: sample=enterovirusCurated, seg=510-1015

Select jobs to execute...

[Fri Apr 30 17:03:02 2021]
rule countKmer2:
    input: /datater/wu/data/MSSPE-basic/enterovirusCurated/kmer15/intermediate/reverse5610-6115.int.kmc_pre, /datater/wu/data/MSSPE-basic/enterovirusCurated/kmer15/intermediate/reverse5610-6115.int.kmc_suf
    output: /datater/wu/data/MSSPE-basic/enterovirusCurated/kmer15/intermediate/reverse5610-6115.Kmercount.txt
    jobid: 65
    wildcards: sample=enterovirusCurated, seg=5610-6115

[Fri Apr 30 17:03:02 2021]
Finished job 138.
25 of 153 steps (16%) done
Select jobs to execute...

[Fri Apr 30 17:03:02 2021]
rule countKmer1:
    input: /datater/wu/data/MSSPE-basic/enterovirusCurated/splitFiles/reverse3570-4075.fasta
    output: /datater/wu/data/MSSPE-basic/enterovirusCurated/kmer15/intermediate/reverse3570-4075.int.kmc_pre, /datater/wu/data/MSSPE-basic/enterovirusCurated/kmer15/intermediate/reverse3570-4075.int.kmc_suf
    jobid: 50
    wildcards: sample=enterovirusCurated, seg=3570-4075

[Fri Apr 30 17:03:03 2021]
Finished job 109.
26 of 153 steps (17%) done
Select jobs to execute...

[Fri Apr 30 17:03:03 2021]
rule calculateKmer_sort:
    input: /datater/wu/data/MSSPE-basic/enterovirusCurated/kmer15/intermediate/reverse3060-3565.Kmercount.txt
    output: /datater/wu/data/MSSPE-basic/enterovirusCurated/kmer15/intermediate/reverse3060-3565.Kmercount.sorted.txt
    jobid: 108
    wildcards: sample=enterovirusCurated, seg=3060-3565

[Fri Apr 30 17:03:03 2021]
Finished job 108.
27 of 153 steps (18%) done
Select jobs to execute...

[Fri Apr 30 17:03:03 2021]
rule calculateKmer_sort:
    input: /datater/wu/data/MSSPE-basic/enterovirusCurated/kmer15/intermediate/reverse6630-7135.Kmercount.txt
    output: /datater/wu/data/MSSPE-basic/enterovirusCurated/kmer15/intermediate/reverse6630-7135.Kmercount.sorted.txt
    jobid: 96
    wildcards: sample=enterovirusCurated, seg=6630-7135

[Fri Apr 30 17:03:03 2021]
Finished job 96.
28 of 153 steps (18%) done
Select jobs to execute...

[Fri Apr 30 17:03:03 2021]
rule filtering1:
    input: /datater/wu/data/MSSPE-basic/enterovirusCurated/kmer15/intermediate/reverse6630-7135.Kmercount.sorted.txt
    output: /datater/wu/data/MSSPE-basic/enterovirusCurated/kmer15/intermediate/reverse6630-7135.Kmercount.sorted.calculated.txt
    jobid: 95
    wildcards: sample=enterovirusCurated, seg=6630-7135

[Fri Apr 30 17:03:03 2021]
Finished job 34.
29 of 153 steps (19%) done
[Fri Apr 30 17:03:03 2021]
Finished job 102.
30 of 153 steps (20%) done
Select jobs to execute...
[Fri Apr 30 17:03:03 2021]
Finished job 153.
31 of 153 steps (20%) done

[Fri Apr 30 17:03:03 2021]
rule countKmer2:
    input: /datater/wu/data/MSSPE-basic/enterovirusCurated/kmer15/intermediate/reverse765-1270.int.kmc_pre, /datater/wu/data/MSSPE-basic/enterovirusCurated/kmer15/intermediate/reverse765-1270.int.kmc_suf
    output: /datater/wu/data/MSSPE-basic/enterovirusCurated/kmer15/intermediate/reverse765-1270.Kmercount.txt
    jobid: 77
    wildcards: sample=enterovirusCurated, seg=765-1270


[Fri Apr 30 17:03:03 2021]
rule countKmer1:
    input: /datater/wu/data/MSSPE-basic/enterovirusCurated/splitFiles/reverse8160-8665.fasta
    output: /datater/wu/data/MSSPE-basic/enterovirusCurated/kmer15/intermediate/reverse8160-8665.int.kmc_pre, /datater/wu/data/MSSPE-basic/enterovirusCurated/kmer15/intermediate/reverse8160-8665.int.kmc_suf
    jobid: 142
    wildcards: sample=enterovirusCurated, seg=8160-8665

Select jobs to execute...
[Fri Apr 30 17:03:03 2021]
Finished job 65.
32 of 153 steps (21%) done

[Fri Apr 30 17:03:03 2021]
rule countKmer2:
    input: /datater/wu/data/MSSPE-basic/enterovirusCurated/kmer15/intermediate/reverse2805-3310.int.kmc_pre, /datater/wu/data/MSSPE-basic/enterovirusCurated/kmer15/intermediate/reverse2805-3310.int.kmc_suf
    output: /datater/wu/data/MSSPE-basic/enterovirusCurated/kmer15/intermediate/reverse2805-3310.Kmercount.txt
    jobid: 41
    wildcards: sample=enterovirusCurated, seg=2805-3310

Select jobs to execute...

[Fri Apr 30 17:03:03 2021]
rule countKmer2:
    input: /datater/wu/data/MSSPE-basic/enterovirusCurated/kmer15/intermediate/reverse3825-4330.int.kmc_pre, /datater/wu/data/MSSPE-basic/enterovirusCurated/kmer15/intermediate/reverse3825-4330.int.kmc_suf
    output: /datater/wu/data/MSSPE-basic/enterovirusCurated/kmer15/intermediate/reverse3825-4330.Kmercount.txt
    jobid: 33
    wildcards: sample=enterovirusCurated, seg=3825-4330

Select jobs to execute...
[Fri Apr 30 17:03:03 2021]
Finished job 133.
33 of 153 steps (22%) done
Select jobs to execute...

[Fri Apr 30 17:03:03 2021]
rule calculateKmer_sort:
    input: /datater/wu/data/MSSPE-basic/enterovirusCurated/kmer15/intermediate/reverse510-1015.Kmercount.txt
    output: /datater/wu/data/MSSPE-basic/enterovirusCurated/kmer15/intermediate/reverse510-1015.Kmercount.sorted.txt
    jobid: 132
    wildcards: sample=enterovirusCurated, seg=510-1015

[Fri Apr 30 17:03:03 2021]
Finished job 132.
34 of 153 steps (22%) done
Select jobs to execute...

[Fri Apr 30 17:03:03 2021]
rule countKmer2:
    input: /datater/wu/data/MSSPE-basic/enterovirusCurated/kmer15/intermediate/reverse6120-6625.int.kmc_pre, /datater/wu/data/MSSPE-basic/enterovirusCurated/kmer15/intermediate/reverse6120-6625.int.kmc_suf
    output: /datater/wu/data/MSSPE-basic/enterovirusCurated/kmer15/intermediate/reverse6120-6625.Kmercount.txt
    jobid: 101
    wildcards: sample=enterovirusCurated, seg=6120-6625

[Fri Apr 30 17:03:03 2021]
Finished job 77.
35 of 153 steps (23%) done
Select jobs to execute...
[Fri Apr 30 17:03:03 2021]
Finished job 41.
36 of 153 steps (24%) done

[Fri Apr 30 17:03:03 2021]
rule calculateKmer_sort:
    input: /datater/wu/data/MSSPE-basic/enterovirusCurated/kmer15/intermediate/reverse5610-6115.Kmercount.txt
    output: /datater/wu/data/MSSPE-basic/enterovirusCurated/kmer15/intermediate/reverse5610-6115.Kmercount.sorted.txt
    jobid: 64
    wildcards: sample=enterovirusCurated, seg=5610-6115

Select jobs to execute...
[Fri Apr 30 17:03:03 2021]
Finished job 64.
37 of 153 steps (24%) done

[Fri Apr 30 17:03:03 2021]
rule countKmer1:
    input: /datater/wu/data/MSSPE-basic/enterovirusCurated/splitFiles/reverse8415-8920.fasta
    output: /datater/wu/data/MSSPE-basic/enterovirusCurated/kmer15/intermediate/reverse8415-8920.int.kmc_pre, /datater/wu/data/MSSPE-basic/enterovirusCurated/kmer15/intermediate/reverse8415-8920.int.kmc_suf
    jobid: 74
    wildcards: sample=enterovirusCurated, seg=8415-8920

Select jobs to execute...
[Fri Apr 30 17:03:03 2021]
Finished job 33.
38 of 153 steps (25%) done

[Fri Apr 30 17:03:03 2021]
rule filtering1:
    input: /datater/wu/data/MSSPE-basic/enterovirusCurated/kmer15/intermediate/reverse5610-6115.Kmercount.sorted.txt
    output: /datater/wu/data/MSSPE-basic/enterovirusCurated/kmer15/intermediate/reverse5610-6115.Kmercount.sorted.calculated.txt
    jobid: 63
    wildcards: sample=enterovirusCurated, seg=5610-6115

Select jobs to execute...

[Fri Apr 30 17:03:03 2021]
rule countKmer2:
    input: /datater/wu/data/MSSPE-basic/enterovirusCurated/kmer15/intermediate/reverse4335-4840.int.kmc_pre, /datater/wu/data/MSSPE-basic/enterovirusCurated/kmer15/intermediate/reverse4335-4840.int.kmc_suf
    output: /datater/wu/data/MSSPE-basic/enterovirusCurated/kmer15/intermediate/reverse4335-4840.Kmercount.txt
    jobid: 149
    wildcards: sample=enterovirusCurated, seg=4335-4840

[Fri Apr 30 17:03:03 2021]
Finished job 101.
39 of 153 steps (25%) done
Select jobs to execute...

[Fri Apr 30 17:03:03 2021]
rule countKmer1:
    input: /datater/wu/data/MSSPE-basic/enterovirusCurated/splitFiles/reverse8670-8920.fasta
    output: /datater/wu/data/MSSPE-basic/enterovirusCurated/kmer15/intermediate/reverse8670-8920.int.kmc_pre, /datater/wu/data/MSSPE-basic/enterovirusCurated/kmer15/intermediate/reverse8670-8920.int.kmc_suf
    jobid: 126
    wildcards: sample=enterovirusCurated, seg=8670-8920

[Fri Apr 30 17:03:04 2021]
Finished job 149.
40 of 153 steps (26%) done
Select jobs to execute...

[Fri Apr 30 17:03:04 2021]
rule calculateKmer_sort:
    input: /datater/wu/data/MSSPE-basic/enterovirusCurated/kmer15/intermediate/reverse4335-4840.Kmercount.txt
    output: /datater/wu/data/MSSPE-basic/enterovirusCurated/kmer15/intermediate/reverse4335-4840.Kmercount.sorted.txt
    jobid: 148
    wildcards: sample=enterovirusCurated, seg=4335-4840

[Fri Apr 30 17:03:04 2021]
Finished job 148.
41 of 153 steps (27%) done
Select jobs to execute...

[Fri Apr 30 17:03:04 2021]
rule filtering1:
    input: /datater/wu/data/MSSPE-basic/enterovirusCurated/kmer15/intermediate/reverse4335-4840.Kmercount.sorted.txt
    output: /datater/wu/data/MSSPE-basic/enterovirusCurated/kmer15/intermediate/reverse4335-4840.Kmercount.sorted.calculated.txt
    jobid: 147
    wildcards: sample=enterovirusCurated, seg=4335-4840

[Fri Apr 30 17:03:04 2021]
Finished job 95.
42 of 153 steps (27%) done
Select jobs to execute...

[Fri Apr 30 17:03:04 2021]
rule countKmer1:
    input: /datater/wu/data/MSSPE-basic/enterovirusCurated/splitFiles/reverse5355-5860.fasta
    output: /datater/wu/data/MSSPE-basic/enterovirusCurated/kmer15/intermediate/reverse5355-5860.int.kmc_pre, /datater/wu/data/MSSPE-basic/enterovirusCurated/kmer15/intermediate/reverse5355-5860.int.kmc_suf
    jobid: 30
    wildcards: sample=enterovirusCurated, seg=5355-5860

[Fri Apr 30 17:03:05 2021]
Finished job 94.
43 of 153 steps (28%) done
Select jobs to execute...
[Fri Apr 30 17:03:05 2021]
Finished job 58.
44 of 153 steps (29%) done

[Fri Apr 30 17:03:05 2021]
rule countKmer2:
    input: /datater/wu/data/MSSPE-basic/enterovirusCurated/kmer15/intermediate/reverse1020-1525.int.kmc_pre, /datater/wu/data/MSSPE-basic/enterovirusCurated/kmer15/intermediate/reverse1020-1525.int.kmc_suf
    output: /datater/wu/data/MSSPE-basic/enterovirusCurated/kmer15/intermediate/reverse1020-1525.Kmercount.txt
    jobid: 93
    wildcards: sample=enterovirusCurated, seg=1020-1525

Select jobs to execute...

[Fri Apr 30 17:03:05 2021]
rule countKmer2:
    input: /datater/wu/data/MSSPE-basic/enterovirusCurated/kmer15/intermediate/reverse255-760.int.kmc_pre, /datater/wu/data/MSSPE-basic/enterovirusCurated/kmer15/intermediate/reverse255-760.int.kmc_suf
    output: /datater/wu/data/MSSPE-basic/enterovirusCurated/kmer15/intermediate/reverse255-760.Kmercount.txt
    jobid: 57
    wildcards: sample=enterovirusCurated, seg=255-760

[Fri Apr 30 17:03:05 2021]
Finished job 118.
45 of 153 steps (29%) done
Select jobs to execute...

[Fri Apr 30 17:03:05 2021]
rule countKmer2:
    input: /datater/wu/data/MSSPE-basic/enterovirusCurated/kmer15/intermediate/reverse7140-7645.int.kmc_pre, /datater/wu/data/MSSPE-basic/enterovirusCurated/kmer15/intermediate/reverse7140-7645.int.kmc_suf
    output: /datater/wu/data/MSSPE-basic/enterovirusCurated/kmer15/intermediate/reverse7140-7645.Kmercount.txt
    jobid: 117
    wildcards: sample=enterovirusCurated, seg=7140-7645

[Fri Apr 30 17:03:05 2021]
Finished job 63.
46 of 153 steps (30%) done
Select jobs to execute...

[Fri Apr 30 17:03:05 2021]
rule countKmer2:
    input: /datater/wu/data/MSSPE-basic/enterovirusCurated/kmer15/intermediate/reverse4845-5350.int.kmc_pre, /datater/wu/data/MSSPE-basic/enterovirusCurated/kmer15/intermediate/reverse4845-5350.int.kmc_suf
    output: /datater/wu/data/MSSPE-basic/enterovirusCurated/kmer15/intermediate/reverse4845-5350.Kmercount.txt
    jobid: 45
    wildcards: sample=enterovirusCurated, seg=4845-5350

[Fri Apr 30 17:03:05 2021]
Finished job 26.
47 of 153 steps (31%) done
Select jobs to execute...

[Fri Apr 30 17:03:05 2021]
rule countKmer2:
    input: /datater/wu/data/MSSPE-basic/enterovirusCurated/kmer15/intermediate/reverse6885-7390.int.kmc_pre, /datater/wu/data/MSSPE-basic/enterovirusCurated/kmer15/intermediate/reverse6885-7390.int.kmc_suf
    output: /datater/wu/data/MSSPE-basic/enterovirusCurated/kmer15/intermediate/reverse6885-7390.Kmercount.txt
    jobid: 105
    wildcards: sample=enterovirusCurated, seg=6885-7390

[Fri Apr 30 17:03:05 2021]
Finished job 50.
48 of 153 steps (31%) done
Select jobs to execute...

[Fri Apr 30 17:03:05 2021]
rule countKmer2:
    input: /datater/wu/data/MSSPE-basic/enterovirusCurated/kmer15/intermediate/reverse3570-4075.int.kmc_pre, /datater/wu/data/MSSPE-basic/enterovirusCurated/kmer15/intermediate/reverse3570-4075.int.kmc_suf
    output: /datater/wu/data/MSSPE-basic/enterovirusCurated/kmer15/intermediate/reverse3570-4075.Kmercount.txt
    jobid: 49
    wildcards: sample=enterovirusCurated, seg=3570-4075

[Fri Apr 30 17:03:05 2021]
Finished job 93.
49 of 153 steps (32%) done
Select jobs to execute...
[Fri Apr 30 17:03:05 2021]
Finished job 57.
50 of 153 steps (33%) done

[Fri Apr 30 17:03:05 2021]
rule countKmer1:
    input: /datater/wu/data/MSSPE-basic/enterovirusCurated/splitFiles/reverse2040-2545.fasta
    output: /datater/wu/data/MSSPE-basic/enterovirusCurated/kmer15/intermediate/reverse2040-2545.int.kmc_pre, /datater/wu/data/MSSPE-basic/enterovirusCurated/kmer15/intermediate/reverse2040-2545.int.kmc_suf
    jobid: 90
    wildcards: sample=enterovirusCurated, seg=2040-2545

Select jobs to execute...

[Fri Apr 30 17:03:05 2021]
rule filtering1:
    input: /datater/wu/data/MSSPE-basic/enterovirusCurated/kmer15/intermediate/reverse510-1015.Kmercount.sorted.txt
    output: /datater/wu/data/MSSPE-basic/enterovirusCurated/kmer15/intermediate/reverse510-1015.Kmercount.sorted.calculated.txt
    jobid: 131
    wildcards: sample=enterovirusCurated, seg=510-1015

[Fri Apr 30 17:03:05 2021]
Finished job 45.
51 of 153 steps (33%) done
Select jobs to execute...
[Fri Apr 30 17:03:05 2021]
Finished job 117.
52 of 153 steps (34%) done

[Fri Apr 30 17:03:05 2021]
rule calculateKmer_sort:
    input: /datater/wu/data/MSSPE-basic/enterovirusCurated/kmer15/intermediate/reverse4845-5350.Kmercount.txt
    output: /datater/wu/data/MSSPE-basic/enterovirusCurated/kmer15/intermediate/reverse4845-5350.Kmercount.sorted.txt
    jobid: 44
    wildcards: sample=enterovirusCurated, seg=4845-5350

Select jobs to execute...
[Fri Apr 30 17:03:05 2021]
Finished job 44.
53 of 153 steps (35%) done

[Fri Apr 30 17:03:05 2021]
rule calculateKmer_sort:
    input: /datater/wu/data/MSSPE-basic/enterovirusCurated/kmer15/intermediate/reverse255-760.Kmercount.txt
    output: /datater/wu/data/MSSPE-basic/enterovirusCurated/kmer15/intermediate/reverse255-760.Kmercount.sorted.txt
    jobid: 56
    wildcards: sample=enterovirusCurated, seg=255-760

Select jobs to execute...
[Fri Apr 30 17:03:05 2021]
Finished job 56.
54 of 153 steps (35%) done

[Fri Apr 30 17:03:05 2021]
rule filtering1:
    input: /datater/wu/data/MSSPE-basic/enterovirusCurated/kmer15/intermediate/reverse4845-5350.Kmercount.sorted.txt
    output: /datater/wu/data/MSSPE-basic/enterovirusCurated/kmer15/intermediate/reverse4845-5350.Kmercount.sorted.calculated.txt
    jobid: 43
    wildcards: sample=enterovirusCurated, seg=4845-5350

Select jobs to execute...
[Fri Apr 30 17:03:05 2021]
Finished job 147.
55 of 153 steps (36%) done

[Fri Apr 30 17:03:05 2021]
rule calculateKmer_sort:
    input: /datater/wu/data/MSSPE-basic/enterovirusCurated/kmer15/intermediate/reverse0-505.Kmercount.txt
    output: /datater/wu/data/MSSPE-basic/enterovirusCurated/kmer15/intermediate/reverse0-505.Kmercount.sorted.txt
    jobid: 112
    wildcards: sample=enterovirusCurated, seg=0-505

Select jobs to execute...
[Fri Apr 30 17:03:05 2021]
Finished job 112.
56 of 153 steps (37%) done
[Fri Apr 30 17:03:05 2021]
Finished job 142.
57 of 153 steps (37%) done

[Fri Apr 30 17:03:05 2021]
rule countKmer1:
    input: /datater/wu/data/MSSPE-basic/enterovirusCurated/splitFiles/reverse1530-2035.fasta
    output: /datater/wu/data/MSSPE-basic/enterovirusCurated/kmer15/intermediate/reverse1530-2035.int.kmc_pre, /datater/wu/data/MSSPE-basic/enterovirusCurated/kmer15/intermediate/reverse1530-2035.int.kmc_suf
    jobid: 22
    wildcards: sample=enterovirusCurated, seg=1530-2035

Select jobs to execute...

[Fri Apr 30 17:03:05 2021]
rule calculateKmer_sort:
    input: /datater/wu/data/MSSPE-basic/enterovirusCurated/kmer15/intermediate/reverse2805-3310.Kmercount.txt
    output: /datater/wu/data/MSSPE-basic/enterovirusCurated/kmer15/intermediate/reverse2805-3310.Kmercount.sorted.txt
    jobid: 40
    wildcards: sample=enterovirusCurated, seg=2805-3310


[Fri Apr 30 17:03:05 2021]
rule countKmer2:
    input: /datater/wu/data/MSSPE-basic/enterovirusCurated/kmer15/intermediate/reverse7905-8410.int.kmc_pre, /datater/wu/data/MSSPE-basic/enterovirusCurated/kmer15/intermediate/reverse7905-8410.int.kmc_suf
    output: /datater/wu/data/MSSPE-basic/enterovirusCurated/kmer15/intermediate/reverse7905-8410.Kmercount.txt
    jobid: 17
    wildcards: sample=enterovirusCurated, seg=7905-8410

Select jobs to execute...
[Fri Apr 30 17:03:05 2021]
Finished job 40.
58 of 153 steps (38%) done
Select jobs to execute...
[Fri Apr 30 17:03:05 2021]
Finished job 105.
59 of 153 steps (39%) done

[Fri Apr 30 17:03:05 2021]
rule countKmer2:
    input: /datater/wu/data/MSSPE-basic/enterovirusCurated/kmer15/intermediate/reverse8160-8665.int.kmc_pre, /datater/wu/data/MSSPE-basic/enterovirusCurated/kmer15/intermediate/reverse8160-8665.int.kmc_suf
    output: /datater/wu/data/MSSPE-basic/enterovirusCurated/kmer15/intermediate/reverse8160-8665.Kmercount.txt
    jobid: 141
    wildcards: sample=enterovirusCurated, seg=8160-8665

Select jobs to execute...

[Fri Apr 30 17:03:05 2021]
rule calculateKmer_sort:
    input: /datater/wu/data/MSSPE-basic/enterovirusCurated/kmer15/intermediate/reverse6885-7390.Kmercount.txt
    output: /datater/wu/data/MSSPE-basic/enterovirusCurated/kmer15/intermediate/reverse6885-7390.Kmercount.sorted.txt
    jobid: 104
    wildcards: sample=enterovirusCurated, seg=6885-7390

[Fri Apr 30 17:03:05 2021]
Finished job 104.
60 of 153 steps (39%) done
Select jobs to execute...

[Fri Apr 30 17:03:06 2021]
rule filtering1:
    input: /datater/wu/data/MSSPE-basic/enterovirusCurated/kmer15/intermediate/reverse6885-7390.Kmercount.sorted.txt
    output: /datater/wu/data/MSSPE-basic/enterovirusCurated/kmer15/intermediate/reverse6885-7390.Kmercount.sorted.calculated.txt
    jobid: 103
    wildcards: sample=enterovirusCurated, seg=6885-7390

[Fri Apr 30 17:03:06 2021]
Finished job 49.
61 of 153 steps (40%) done
Select jobs to execute...

[Fri Apr 30 17:03:06 2021]
rule calculateKmer_sort:
    input: /datater/wu/data/MSSPE-basic/enterovirusCurated/kmer15/intermediate/reverse3570-4075.Kmercount.txt
    output: /datater/wu/data/MSSPE-basic/enterovirusCurated/kmer15/intermediate/reverse3570-4075.Kmercount.sorted.txt
    jobid: 48
    wildcards: sample=enterovirusCurated, seg=3570-4075

[Fri Apr 30 17:03:06 2021]
Finished job 48.
62 of 153 steps (41%) done
Select jobs to execute...

[Fri Apr 30 17:03:06 2021]
rule filtering1:
    input: /datater/wu/data/MSSPE-basic/enterovirusCurated/kmer15/intermediate/reverse0-505.Kmercount.sorted.txt
    output: /datater/wu/data/MSSPE-basic/enterovirusCurated/kmer15/intermediate/reverse0-505.Kmercount.sorted.calculated.txt
    jobid: 111
    wildcards: sample=enterovirusCurated, seg=0-505

[Fri Apr 30 17:03:06 2021]
Finished job 17.
63 of 153 steps (41%) done
Select jobs to execute...

[Fri Apr 30 17:03:06 2021]
rule countKmer2:
    input: /datater/wu/data/MSSPE-basic/enterovirusCurated/kmer15/intermediate/reverse5865-6370.int.kmc_pre, /datater/wu/data/MSSPE-basic/enterovirusCurated/kmer15/intermediate/reverse5865-6370.int.kmc_suf
    output: /datater/wu/data/MSSPE-basic/enterovirusCurated/kmer15/intermediate/reverse5865-6370.Kmercount.txt
    jobid: 37
    wildcards: sample=enterovirusCurated, seg=5865-6370

[Fri Apr 30 17:03:06 2021]
Finished job 74.
64 of 153 steps (42%) done
[Fri Apr 30 17:03:06 2021]
Finished job 141.
65 of 153 steps (42%) done
Select jobs to execute...

[Fri Apr 30 17:03:06 2021]
rule countKmer2:
    input: /datater/wu/data/MSSPE-basic/enterovirusCurated/kmer15/intermediate/reverse4080-4585.int.kmc_pre, /datater/wu/data/MSSPE-basic/enterovirusCurated/kmer15/intermediate/reverse4080-4585.int.kmc_suf
    output: /datater/wu/data/MSSPE-basic/enterovirusCurated/kmer15/intermediate/reverse4080-4585.Kmercount.txt
    jobid: 85
    wildcards: sample=enterovirusCurated, seg=4080-4585


[Fri Apr 30 17:03:06 2021]
rule countKmer2:
    input: /datater/wu/data/MSSPE-basic/enterovirusCurated/kmer15/intermediate/reverse4590-5095.int.kmc_pre, /datater/wu/data/MSSPE-basic/enterovirusCurated/kmer15/intermediate/reverse4590-5095.int.kmc_suf
    output: /datater/wu/data/MSSPE-basic/enterovirusCurated/kmer15/intermediate/reverse4590-5095.Kmercount.txt
    jobid: 69
    wildcards: sample=enterovirusCurated, seg=4590-5095

Select jobs to execute...
[Fri Apr 30 17:03:06 2021]
Finished job 126.
66 of 153 steps (43%) done
Select jobs to execute...

[Fri Apr 30 17:03:06 2021]
rule countKmer2:
    input: /datater/wu/data/MSSPE-basic/enterovirusCurated/kmer15/intermediate/reverse8670-8920.int.kmc_pre, /datater/wu/data/MSSPE-basic/enterovirusCurated/kmer15/intermediate/reverse8670-8920.int.kmc_suf
    output: /datater/wu/data/MSSPE-basic/enterovirusCurated/kmer15/intermediate/reverse8670-8920.Kmercount.txt
    jobid: 125
    wildcards: sample=enterovirusCurated, seg=8670-8920

[Fri Apr 30 17:03:06 2021]
Finished job 131.
67 of 153 steps (44%) done
Select jobs to execute...

[Fri Apr 30 17:03:06 2021]
rule countKmer2:
    input: /datater/wu/data/MSSPE-basic/enterovirusCurated/kmer15/intermediate/reverse8415-8920.int.kmc_pre, /datater/wu/data/MSSPE-basic/enterovirusCurated/kmer15/intermediate/reverse8415-8920.int.kmc_suf
    output: /datater/wu/data/MSSPE-basic/enterovirusCurated/kmer15/intermediate/reverse8415-8920.Kmercount.txt
    jobid: 73
    wildcards: sample=enterovirusCurated, seg=8415-8920

[Fri Apr 30 17:03:06 2021]
Finished job 37.
68 of 153 steps (44%) done
Select jobs to execute...

[Fri Apr 30 17:03:06 2021]
rule calculateKmer_sort:
    input: /datater/wu/data/MSSPE-basic/enterovirusCurated/kmer15/intermediate/reverse8160-8665.Kmercount.txt
    output: /datater/wu/data/MSSPE-basic/enterovirusCurated/kmer15/intermediate/reverse8160-8665.Kmercount.sorted.txt
    jobid: 140
    wildcards: sample=enterovirusCurated, seg=8160-8665

[Fri Apr 30 17:03:06 2021]
Finished job 43.
69 of 153 steps (45%) done
Select jobs to execute...
[Fri Apr 30 17:03:06 2021]
Finished job 140.
70 of 153 steps (46%) done
[Fri Apr 30 17:03:06 2021]
Finished job 85.
71 of 153 steps (46%) done
[Fri Apr 30 17:03:06 2021]
Finished job 69.
72 of 153 steps (47%) done

[Fri Apr 30 17:03:06 2021]
rule calculateKmer_sort:
    input: /datater/wu/data/MSSPE-basic/enterovirusCurated/kmer15/intermediate/reverse5865-6370.Kmercount.txt
    output: /datater/wu/data/MSSPE-basic/enterovirusCurated/kmer15/intermediate/reverse5865-6370.Kmercount.sorted.txt
    jobid: 36
    wildcards: sample=enterovirusCurated, seg=5865-6370

Select jobs to execute...
[Fri Apr 30 17:03:06 2021]
Finished job 36.
73 of 153 steps (48%) done

[Fri Apr 30 17:03:07 2021]
rule calculateKmer_sort:
    input: /datater/wu/data/MSSPE-basic/enterovirusCurated/kmer15/intermediate/reverse6120-6625.Kmercount.txt
    output: /datater/wu/data/MSSPE-basic/enterovirusCurated/kmer15/intermediate/reverse6120-6625.Kmercount.sorted.txt
    jobid: 100
    wildcards: sample=enterovirusCurated, seg=6120-6625


[Fri Apr 30 17:03:07 2021]
rule calculateKmer_sort:
    input: /datater/wu/data/MSSPE-basic/enterovirusCurated/kmer15/intermediate/reverse4590-5095.Kmercount.txt
    output: /datater/wu/data/MSSPE-basic/enterovirusCurated/kmer15/intermediate/reverse4590-5095.Kmercount.sorted.txt
    jobid: 68
    wildcards: sample=enterovirusCurated, seg=4590-5095


[Fri Apr 30 17:03:07 2021]
rule countKmer2:
    input: /datater/wu/data/MSSPE-basic/enterovirusCurated/kmer15/intermediate/reverse2550-3055.int.kmc_pre, /datater/wu/data/MSSPE-basic/enterovirusCurated/kmer15/intermediate/reverse2550-3055.int.kmc_suf
    output: /datater/wu/data/MSSPE-basic/enterovirusCurated/kmer15/intermediate/reverse2550-3055.Kmercount.txt
    jobid: 137
    wildcards: sample=enterovirusCurated, seg=2550-3055

[Fri Apr 30 17:03:07 2021]
Finished job 100.
74 of 153 steps (48%) done
Select jobs to execute...
[Fri Apr 30 17:03:07 2021]
Finished job 68.
75 of 153 steps (49%) done

[Fri Apr 30 17:03:07 2021]
rule countKmer2:
    input: /datater/wu/data/MSSPE-basic/enterovirusCurated/kmer15/intermediate/reverse2295-2800.int.kmc_pre, /datater/wu/data/MSSPE-basic/enterovirusCurated/kmer15/intermediate/reverse2295-2800.int.kmc_suf
    output: /datater/wu/data/MSSPE-basic/enterovirusCurated/kmer15/intermediate/reverse2295-2800.Kmercount.txt
    jobid: 145
    wildcards: sample=enterovirusCurated, seg=2295-2800


[Fri Apr 30 17:03:07 2021]
rule filtering1:
    input: /datater/wu/data/MSSPE-basic/enterovirusCurated/kmer15/intermediate/reverse3060-3565.Kmercount.sorted.txt
    output: /datater/wu/data/MSSPE-basic/enterovirusCurated/kmer15/intermediate/reverse3060-3565.Kmercount.sorted.calculated.txt
    jobid: 107
    wildcards: sample=enterovirusCurated, seg=3060-3565

[Fri Apr 30 17:03:07 2021]
rule calculateKmer_sort:
    input: /datater/wu/data/MSSPE-basic/enterovirusCurated/kmer15/intermediate/reverse7905-8410.Kmercount.txt
    output: /datater/wu/data/MSSPE-basic/enterovirusCurated/kmer15/intermediate/reverse7905-8410.Kmercount.sorted.txt
    jobid: 16
    wildcards: sample=enterovirusCurated, seg=7905-8410

Select jobs to execute...
Select jobs to execute...
Select jobs to execute...
Select jobs to execute...
[Fri Apr 30 17:03:07 2021]
Finished job 16.
76 of 153 steps (50%) done
Select jobs to execute...

[Fri Apr 30 17:03:07 2021]
rule filtering1:
    input: /datater/wu/data/MSSPE-basic/enterovirusCurated/kmer15/intermediate/reverse8160-8665.Kmercount.sorted.txt
    output: /datater/wu/data/MSSPE-basic/enterovirusCurated/kmer15/intermediate/reverse8160-8665.Kmercount.sorted.calculated.txt
    jobid: 139
    wildcards: sample=enterovirusCurated, seg=8160-8665

[Fri Apr 30 17:03:07 2021]
Finished job 111.
77 of 153 steps (50%) done
Select jobs to execute...
[Fri Apr 30 17:03:07 2021]
Finished job 125.
78 of 153 steps (51%) done

[Fri Apr 30 17:03:07 2021]
rule filtering1:
    input: /datater/wu/data/MSSPE-basic/enterovirusCurated/kmer15/intermediate/reverse7905-8410.Kmercount.sorted.txt
    output: /datater/wu/data/MSSPE-basic/enterovirusCurated/kmer15/intermediate/reverse7905-8410.Kmercount.sorted.calculated.txt
    jobid: 15
    wildcards: sample=enterovirusCurated, seg=7905-8410

Select jobs to execute...
[Fri Apr 30 17:03:07 2021]
Finished job 30.
79 of 153 steps (52%) done

[Fri Apr 30 17:03:07 2021]
rule calculateKmer_sort:
    input: /datater/wu/data/MSSPE-basic/enterovirusCurated/kmer15/intermediate/reverse8670-8920.Kmercount.txt
    output: /datater/wu/data/MSSPE-basic/enterovirusCurated/kmer15/intermediate/reverse8670-8920.Kmercount.sorted.txt
    jobid: 124
    wildcards: sample=enterovirusCurated, seg=8670-8920

Select jobs to execute...
[Fri Apr 30 17:03:07 2021]
Finished job 124.
80 of 153 steps (52%) done
[Fri Apr 30 17:03:07 2021]
Finished job 73.
81 of 153 steps (53%) done

[Fri Apr 30 17:03:07 2021]
rule filtering1:
    input: /datater/wu/data/MSSPE-basic/enterovirusCurated/kmer15/intermediate/reverse5865-6370.Kmercount.sorted.txt
    output: /datater/wu/data/MSSPE-basic/enterovirusCurated/kmer15/intermediate/reverse5865-6370.Kmercount.sorted.calculated.txt
    jobid: 35
    wildcards: sample=enterovirusCurated, seg=5865-6370

Select jobs to execute...

[Fri Apr 30 17:03:07 2021]
rule countKmer2:
    input: /datater/wu/data/MSSPE-basic/enterovirusCurated/kmer15/intermediate/reverse5100-5605.int.kmc_pre, /datater/wu/data/MSSPE-basic/enterovirusCurated/kmer15/intermediate/reverse5100-5605.int.kmc_suf
    output: /datater/wu/data/MSSPE-basic/enterovirusCurated/kmer15/intermediate/reverse5100-5605.Kmercount.txt
    jobid: 25
    wildcards: sample=enterovirusCurated, seg=5100-5605


[Fri Apr 30 17:03:07 2021]
rule calculateKmer_sort:
    input: /datater/wu/data/MSSPE-basic/enterovirusCurated/kmer15/intermediate/reverse765-1270.Kmercount.txt
    output: /datater/wu/data/MSSPE-basic/enterovirusCurated/kmer15/intermediate/reverse765-1270.Kmercount.sorted.txt
    jobid: 76
    wildcards: sample=enterovirusCurated, seg=765-1270

Select jobs to execute...
[Fri Apr 30 17:03:07 2021]
Finished job 76.
82 of 153 steps (54%) done
Select jobs to execute...

[Fri Apr 30 17:03:07 2021]
rule filtering1:
    input: /datater/wu/data/MSSPE-basic/enterovirusCurated/kmer15/intermediate/reverse8670-8920.Kmercount.sorted.txt
    output: /datater/wu/data/MSSPE-basic/enterovirusCurated/kmer15/intermediate/reverse8670-8920.Kmercount.sorted.calculated.txt
    jobid: 123
    wildcards: sample=enterovirusCurated, seg=8670-8920

[Fri Apr 30 17:03:07 2021]
Finished job 103.
83 of 153 steps (54%) done
Select jobs to execute...

[Fri Apr 30 17:03:07 2021]
rule calculateKmer_sort:
    input: /datater/wu/data/MSSPE-basic/enterovirusCurated/kmer15/intermediate/reverse7140-7645.Kmercount.txt
    output: /datater/wu/data/MSSPE-basic/enterovirusCurated/kmer15/intermediate/reverse7140-7645.Kmercount.sorted.txt
    jobid: 116
    wildcards: sample=enterovirusCurated, seg=7140-7645

[Fri Apr 30 17:03:07 2021]
Finished job 116.
84 of 153 steps (55%) done
Select jobs to execute...

[Fri Apr 30 17:03:07 2021]
rule filtering1:
    input: /datater/wu/data/MSSPE-basic/enterovirusCurated/kmer15/intermediate/reverse765-1270.Kmercount.sorted.txt
    output: /datater/wu/data/MSSPE-basic/enterovirusCurated/kmer15/intermediate/reverse765-1270.Kmercount.sorted.calculated.txt
    jobid: 75
    wildcards: sample=enterovirusCurated, seg=765-1270

[Fri Apr 30 17:03:07 2021]
Finished job 137.
85 of 153 steps (56%) done
Select jobs to execute...

[Fri Apr 30 17:03:07 2021]
rule countKmer1:
    input: /datater/wu/data/MSSPE-basic/enterovirusCurated/splitFiles/reverse6375-6880.fasta
    output: /datater/wu/data/MSSPE-basic/enterovirusCurated/kmer15/intermediate/reverse6375-6880.int.kmc_pre, /datater/wu/data/MSSPE-basic/enterovirusCurated/kmer15/intermediate/reverse6375-6880.int.kmc_suf
    jobid: 82
    wildcards: sample=enterovirusCurated, seg=6375-6880

[Fri Apr 30 17:03:07 2021]
Finished job 145.
86 of 153 steps (56%) done
Select jobs to execute...

[Fri Apr 30 17:03:07 2021]
rule calculateKmer_sort:
    input: /datater/wu/data/MSSPE-basic/enterovirusCurated/kmer15/intermediate/reverse1785-2290.Kmercount.txt
    output: /datater/wu/data/MSSPE-basic/enterovirusCurated/kmer15/intermediate/reverse1785-2290.Kmercount.sorted.txt
    jobid: 152
    wildcards: sample=enterovirusCurated, seg=1785-2290

[Fri Apr 30 17:03:07 2021]
Finished job 152.
87 of 153 steps (57%) done
Select jobs to execute...

[Fri Apr 30 17:03:07 2021]
rule calculateKmer_sort:
    input: /datater/wu/data/MSSPE-basic/enterovirusCurated/kmer15/intermediate/reverse3825-4330.Kmercount.txt
    output: /datater/wu/data/MSSPE-basic/enterovirusCurated/kmer15/intermediate/reverse3825-4330.Kmercount.sorted.txt
    jobid: 32
    wildcards: sample=enterovirusCurated, seg=3825-4330

[Fri Apr 30 17:03:07 2021]
Finished job 32.
88 of 153 steps (58%) done
Select jobs to execute...

[Fri Apr 30 17:03:07 2021]
rule calculateKmer_sort:
    input: /datater/wu/data/MSSPE-basic/enterovirusCurated/kmer15/intermediate/reverse1020-1525.Kmercount.txt
    output: /datater/wu/data/MSSPE-basic/enterovirusCurated/kmer15/intermediate/reverse1020-1525.Kmercount.sorted.txt
    jobid: 92
    wildcards: sample=enterovirusCurated, seg=1020-1525

[Fri Apr 30 17:03:07 2021]
Finished job 92.
89 of 153 steps (58%) done
Select jobs to execute...

[Fri Apr 30 17:03:07 2021]
rule filtering1:
    input: /datater/wu/data/MSSPE-basic/enterovirusCurated/kmer15/intermediate/reverse2805-3310.Kmercount.sorted.txt
    output: /datater/wu/data/MSSPE-basic/enterovirusCurated/kmer15/intermediate/reverse2805-3310.Kmercount.sorted.calculated.txt
    jobid: 39
    wildcards: sample=enterovirusCurated, seg=2805-3310

[Fri Apr 30 17:03:07 2021]
Finished job 25.
90 of 153 steps (59%) done
Select jobs to execute...

[Fri Apr 30 17:03:07 2021]
rule filtering1:
    input: /datater/wu/data/MSSPE-basic/enterovirusCurated/kmer15/intermediate/reverse3570-4075.Kmercount.sorted.txt
    output: /datater/wu/data/MSSPE-basic/enterovirusCurated/kmer15/intermediate/reverse3570-4075.Kmercount.sorted.calculated.txt
    jobid: 47
    wildcards: sample=enterovirusCurated, seg=3570-4075

[Fri Apr 30 17:03:08 2021]
Finished job 139.
91 of 153 steps (59%) done
Select jobs to execute...
[Fri Apr 30 17:03:08 2021]
Finished job 107.
92 of 153 steps (60%) done

[Fri Apr 30 17:03:08 2021]
rule calculateKmer_sort:
    input: /datater/wu/data/MSSPE-basic/enterovirusCurated/kmer15/intermediate/reverse4080-4585.Kmercount.txt
    output: /datater/wu/data/MSSPE-basic/enterovirusCurated/kmer15/intermediate/reverse4080-4585.Kmercount.sorted.txt
    jobid: 84
    wildcards: sample=enterovirusCurated, seg=4080-4585

Select jobs to execute...
[Fri Apr 30 17:03:08 2021]
Finished job 84.
93 of 153 steps (61%) done

[Fri Apr 30 17:03:08 2021]
rule filtering1:
    input: /datater/wu/data/MSSPE-basic/enterovirusCurated/kmer15/intermediate/reverse6120-6625.Kmercount.sorted.txt
    output: /datater/wu/data/MSSPE-basic/enterovirusCurated/kmer15/intermediate/reverse6120-6625.Kmercount.sorted.calculated.txt
    jobid: 99
    wildcards: sample=enterovirusCurated, seg=6120-6625

Select jobs to execute...

[Fri Apr 30 17:03:08 2021]
rule filtering1:
    input: /datater/wu/data/MSSPE-basic/enterovirusCurated/kmer15/intermediate/reverse4590-5095.Kmercount.sorted.txt
    output: /datater/wu/data/MSSPE-basic/enterovirusCurated/kmer15/intermediate/reverse4590-5095.Kmercount.sorted.calculated.txt
    jobid: 67
    wildcards: sample=enterovirusCurated, seg=4590-5095

[Fri Apr 30 17:03:08 2021]
Finished job 123.
94 of 153 steps (61%) done
Select jobs to execute...
[Fri Apr 30 17:03:08 2021]
Finished job 90.
95 of 153 steps (62%) done

[Fri Apr 30 17:03:08 2021]
rule calculateKmer_sort:
    input: /datater/wu/data/MSSPE-basic/enterovirusCurated/kmer15/intermediate/reverse2295-2800.Kmercount.txt
    output: /datater/wu/data/MSSPE-basic/enterovirusCurated/kmer15/intermediate/reverse2295-2800.Kmercount.sorted.txt
    jobid: 144
    wildcards: sample=enterovirusCurated, seg=2295-2800


[Fri Apr 30 17:03:08 2021]
rule countKmer1:
    input: /datater/wu/data/MSSPE-basic/enterovirusCurated/splitFiles/reverse3315-3820.fasta
    output: /datater/wu/data/MSSPE-basic/enterovirusCurated/kmer15/intermediate/reverse3315-3820.int.kmc_pre, /datater/wu/data/MSSPE-basic/enterovirusCurated/kmer15/intermediate/reverse3315-3820.int.kmc_suf
    jobid: 130
    wildcards: sample=enterovirusCurated, seg=3315-3820

Select jobs to execute...
[Fri Apr 30 17:03:08 2021]
Finished job 144.
96 of 153 steps (63%) done

[Fri Apr 30 17:03:08 2021]
rule countKmer2:
    input: /datater/wu/data/MSSPE-basic/enterovirusCurated/kmer15/intermediate/reverse1275-1780.int.kmc_pre, /datater/wu/data/MSSPE-basic/enterovirusCurated/kmer15/intermediate/reverse1275-1780.int.kmc_suf
    output: /datater/wu/data/MSSPE-basic/enterovirusCurated/kmer15/intermediate/reverse1275-1780.Kmercount.txt
    jobid: 121
    wildcards: sample=enterovirusCurated, seg=1275-1780

Select jobs to execute...
[Fri Apr 30 17:03:08 2021]
Finished job 35.
97 of 153 steps (63%) done
Select jobs to execute...
[Fri Apr 30 17:03:08 2021]
Finished job 15.
98 of 153 steps (64%) done

[Fri Apr 30 17:03:08 2021]
rule filtering1:
    input: /datater/wu/data/MSSPE-basic/enterovirusCurated/kmer15/intermediate/reverse1785-2290.Kmercount.sorted.txt
    output: /datater/wu/data/MSSPE-basic/enterovirusCurated/kmer15/intermediate/reverse1785-2290.Kmercount.sorted.calculated.txt
    jobid: 151
    wildcards: sample=enterovirusCurated, seg=1785-2290

Select jobs to execute...
[Fri Apr 30 17:03:08 2021]
Finished job 22.
99 of 153 steps (65%) done

[Fri Apr 30 17:03:08 2021]
rule filtering1:
    input: /datater/wu/data/MSSPE-basic/enterovirusCurated/kmer15/intermediate/reverse3825-4330.Kmercount.sorted.txt
    output: /datater/wu/data/MSSPE-basic/enterovirusCurated/kmer15/intermediate/reverse3825-4330.Kmercount.sorted.calculated.txt
    jobid: 31
    wildcards: sample=enterovirusCurated, seg=3825-4330

Select jobs to execute...

[Fri Apr 30 17:03:08 2021]
rule calculateKmer_sort:
    input: /datater/wu/data/MSSPE-basic/enterovirusCurated/kmer15/intermediate/reverse2550-3055.Kmercount.txt
    output: /datater/wu/data/MSSPE-basic/enterovirusCurated/kmer15/intermediate/reverse2550-3055.Kmercount.sorted.txt
    jobid: 136
    wildcards: sample=enterovirusCurated, seg=2550-3055

[Fri Apr 30 17:03:08 2021]
Finished job 136.
100 of 153 steps (65%) done
Select jobs to execute...

[Fri Apr 30 17:03:08 2021]
rule filtering1:
    input: /datater/wu/data/MSSPE-basic/enterovirusCurated/kmer15/intermediate/reverse1020-1525.Kmercount.sorted.txt
    output: /datater/wu/data/MSSPE-basic/enterovirusCurated/kmer15/intermediate/reverse1020-1525.Kmercount.sorted.calculated.txt
    jobid: 91
    wildcards: sample=enterovirusCurated, seg=1020-1525

[Fri Apr 30 17:03:08 2021]
Finished job 121.
101 of 153 steps (66%) done
Select jobs to execute...

[Fri Apr 30 17:03:08 2021]
rule filtering1:
    input: /datater/wu/data/MSSPE-basic/enterovirusCurated/kmer15/intermediate/reverse4080-4585.Kmercount.sorted.txt
    output: /datater/wu/data/MSSPE-basic/enterovirusCurated/kmer15/intermediate/reverse4080-4585.Kmercount.sorted.calculated.txt
    jobid: 83
    wildcards: sample=enterovirusCurated, seg=4080-4585

[Fri Apr 30 17:03:08 2021]
Finished job 47.
102 of 153 steps (67%) done
Select jobs to execute...

[Fri Apr 30 17:03:08 2021]
rule filtering1:
    input: /datater/wu/data/MSSPE-basic/enterovirusCurated/kmer15/intermediate/reverse2295-2800.Kmercount.sorted.txt
    output: /datater/wu/data/MSSPE-basic/enterovirusCurated/kmer15/intermediate/reverse2295-2800.Kmercount.sorted.calculated.txt
    jobid: 143
    wildcards: sample=enterovirusCurated, seg=2295-2800

[Fri Apr 30 17:03:09 2021]
Finished job 75.
103 of 153 steps (67%) done
Select jobs to execute...

[Fri Apr 30 17:03:09 2021]
rule filtering1:
    input: /datater/wu/data/MSSPE-basic/enterovirusCurated/kmer15/intermediate/reverse255-760.Kmercount.sorted.txt
    output: /datater/wu/data/MSSPE-basic/enterovirusCurated/kmer15/intermediate/reverse255-760.Kmercount.sorted.calculated.txt
    jobid: 55
    wildcards: sample=enterovirusCurated, seg=255-760

[Fri Apr 30 17:03:09 2021]
Finished job 39.
104 of 153 steps (68%) done
Select jobs to execute...

[Fri Apr 30 17:03:09 2021]
rule filtering1:
    input: /datater/wu/data/MSSPE-basic/enterovirusCurated/kmer15/intermediate/reverse7140-7645.Kmercount.sorted.txt
    output: /datater/wu/data/MSSPE-basic/enterovirusCurated/kmer15/intermediate/reverse7140-7645.Kmercount.sorted.calculated.txt
    jobid: 115
    wildcards: sample=enterovirusCurated, seg=7140-7645

[Fri Apr 30 17:03:09 2021]
Finished job 99.
105 of 153 steps (69%) done
Select jobs to execute...

[Fri Apr 30 17:03:09 2021]
rule countKmer2:
    input: /datater/wu/data/MSSPE-basic/enterovirusCurated/kmer15/intermediate/reverse7395-7900.int.kmc_pre, /datater/wu/data/MSSPE-basic/enterovirusCurated/kmer15/intermediate/reverse7395-7900.int.kmc_suf
    output: /datater/wu/data/MSSPE-basic/enterovirusCurated/kmer15/intermediate/reverse7395-7900.Kmercount.txt
    jobid: 53
    wildcards: sample=enterovirusCurated, seg=7395-7900

[Fri Apr 30 17:03:09 2021]
Finished job 67.
106 of 153 steps (69%) done
Select jobs to execute...

[Fri Apr 30 17:03:09 2021]
rule countKmer2:
    input: /datater/wu/data/MSSPE-basic/enterovirusCurated/kmer15/intermediate/reverse7650-8155.int.kmc_pre, /datater/wu/data/MSSPE-basic/enterovirusCurated/kmer15/intermediate/reverse7650-8155.int.kmc_suf
    output: /datater/wu/data/MSSPE-basic/enterovirusCurated/kmer15/intermediate/reverse7650-8155.Kmercount.txt
    jobid: 61
    wildcards: sample=enterovirusCurated, seg=7650-8155

[Fri Apr 30 17:03:09 2021]
Finished job 151.
107 of 153 steps (70%) done
Select jobs to execute...
[Fri Apr 30 17:03:09 2021]
Finished job 83.
108 of 153 steps (71%) done

[Fri Apr 30 17:03:09 2021]
rule countKmer2:
    input: /datater/wu/data/MSSPE-basic/enterovirusCurated/kmer15/intermediate/reverse1530-2035.int.kmc_pre, /datater/wu/data/MSSPE-basic/enterovirusCurated/kmer15/intermediate/reverse1530-2035.int.kmc_suf
    output: /datater/wu/data/MSSPE-basic/enterovirusCurated/kmer15/intermediate/reverse1530-2035.Kmercount.txt
    jobid: 21
    wildcards: sample=enterovirusCurated, seg=1530-2035

Select jobs to execute...

[Fri Apr 30 17:03:10 2021]
rule calculateKmer_sort:
    input: /datater/wu/data/MSSPE-basic/enterovirusCurated/kmer15/intermediate/reverse8415-8920.Kmercount.txt
    output: /datater/wu/data/MSSPE-basic/enterovirusCurated/kmer15/intermediate/reverse8415-8920.Kmercount.sorted.txt
    jobid: 72
    wildcards: sample=enterovirusCurated, seg=8415-8920

[Fri Apr 30 17:03:10 2021]
Finished job 72.
109 of 153 steps (71%) done
Select jobs to execute...

[Fri Apr 30 17:03:10 2021]
rule countKmer2:
    input: /datater/wu/data/MSSPE-basic/enterovirusCurated/kmer15/intermediate/reverse5355-5860.int.kmc_pre, /datater/wu/data/MSSPE-basic/enterovirusCurated/kmer15/intermediate/reverse5355-5860.int.kmc_suf
    output: /datater/wu/data/MSSPE-basic/enterovirusCurated/kmer15/intermediate/reverse5355-5860.Kmercount.txt
    jobid: 29
    wildcards: sample=enterovirusCurated, seg=5355-5860

[Fri Apr 30 17:03:10 2021]
Finished job 91.
110 of 153 steps (72%) done
Select jobs to execute...
[Fri Apr 30 17:03:10 2021]
Finished job 55.
111 of 153 steps (73%) done

[Fri Apr 30 17:03:10 2021]
rule countKmer2:
    input: /datater/wu/data/MSSPE-basic/enterovirusCurated/kmer15/intermediate/reverse2040-2545.int.kmc_pre, /datater/wu/data/MSSPE-basic/enterovirusCurated/kmer15/intermediate/reverse2040-2545.int.kmc_suf
    output: /datater/wu/data/MSSPE-basic/enterovirusCurated/kmer15/intermediate/reverse2040-2545.Kmercount.txt
    jobid: 89
    wildcards: sample=enterovirusCurated, seg=2040-2545

Select jobs to execute...

[Fri Apr 30 17:03:10 2021]
rule filtering1:
    input: /datater/wu/data/MSSPE-basic/enterovirusCurated/kmer15/intermediate/reverse8415-8920.Kmercount.sorted.txt
    output: /datater/wu/data/MSSPE-basic/enterovirusCurated/kmer15/intermediate/reverse8415-8920.Kmercount.sorted.calculated.txt
    jobid: 71
    wildcards: sample=enterovirusCurated, seg=8415-8920

[Fri Apr 30 17:03:10 2021]
Finished job 53.
112 of 153 steps (73%) done
Select jobs to execute...

[Fri Apr 30 17:03:10 2021]
rule calculateKmer_sort:
    input: /datater/wu/data/MSSPE-basic/enterovirusCurated/kmer15/intermediate/reverse7395-7900.Kmercount.txt
    output: /datater/wu/data/MSSPE-basic/enterovirusCurated/kmer15/intermediate/reverse7395-7900.Kmercount.sorted.txt
    jobid: 52
    wildcards: sample=enterovirusCurated, seg=7395-7900

[Fri Apr 30 17:03:10 2021]
Finished job 31.
113 of 153 steps (74%) done
Select jobs to execute...
[Fri Apr 30 17:03:10 2021]
Finished job 61.
114 of 153 steps (75%) done
[Fri Apr 30 17:03:10 2021]
Finished job 52.
115 of 153 steps (75%) done
[Fri Apr 30 17:03:10 2021]
Finished job 82.
116 of 153 steps (76%) done

[Fri Apr 30 17:03:10 2021]
rule filtering1:
    input: /datater/wu/data/MSSPE-basic/enterovirusCurated/kmer15/intermediate/reverse2550-3055.Kmercount.sorted.txt
    output: /datater/wu/data/MSSPE-basic/enterovirusCurated/kmer15/intermediate/reverse2550-3055.Kmercount.sorted.calculated.txt
    jobid: 135
    wildcards: sample=enterovirusCurated, seg=2550-3055

Select jobs to execute...

[Fri Apr 30 17:03:10 2021]
rule calculateKmer_sort:
    input: /datater/wu/data/MSSPE-basic/enterovirusCurated/kmer15/intermediate/reverse1275-1780.Kmercount.txt
    output: /datater/wu/data/MSSPE-basic/enterovirusCurated/kmer15/intermediate/reverse1275-1780.Kmercount.sorted.txt
    jobid: 120
    wildcards: sample=enterovirusCurated, seg=1275-1780


[Fri Apr 30 17:03:10 2021]
rule calculateKmer_sort:
    input: /datater/wu/data/MSSPE-basic/enterovirusCurated/kmer15/intermediate/reverse7650-8155.Kmercount.txt
    output: /datater/wu/data/MSSPE-basic/enterovirusCurated/kmer15/intermediate/reverse7650-8155.Kmercount.sorted.txt
    jobid: 60
    wildcards: sample=enterovirusCurated, seg=7650-8155


[Fri Apr 30 17:03:10 2021]
rule calculateKmer_sort:
    input: /datater/wu/data/MSSPE-basic/enterovirusCurated/kmer15/intermediate/reverse5100-5605.Kmercount.txt
    output: /datater/wu/data/MSSPE-basic/enterovirusCurated/kmer15/intermediate/reverse5100-5605.Kmercount.sorted.txt
    jobid: 24
    wildcards: sample=enterovirusCurated, seg=5100-5605

[Fri Apr 30 17:03:10 2021]
Finished job 143.
117 of 153 steps (76%) done
[Fri Apr 30 17:03:10 2021]
Finished job 120.
118 of 153 steps (77%) done
Select jobs to execute...
[Fri Apr 30 17:03:10 2021]
Finished job 60.
119 of 153 steps (78%) done
[Fri Apr 30 17:03:10 2021]
Finished job 24.
120 of 153 steps (78%) done

[Fri Apr 30 17:03:10 2021]
rule countKmer2:
    input: /datater/wu/data/MSSPE-basic/enterovirusCurated/kmer15/intermediate/reverse6375-6880.int.kmc_pre, /datater/wu/data/MSSPE-basic/enterovirusCurated/kmer15/intermediate/reverse6375-6880.int.kmc_suf
    output: /datater/wu/data/MSSPE-basic/enterovirusCurated/kmer15/intermediate/reverse6375-6880.Kmercount.txt
    jobid: 81
    wildcards: sample=enterovirusCurated, seg=6375-6880


[Fri Apr 30 17:03:10 2021]
rule filtering1:
    input: /datater/wu/data/MSSPE-basic/enterovirusCurated/kmer15/intermediate/reverse1275-1780.Kmercount.sorted.txt
    output: /datater/wu/data/MSSPE-basic/enterovirusCurated/kmer15/intermediate/reverse1275-1780.Kmercount.sorted.calculated.txt
    jobid: 119
    wildcards: sample=enterovirusCurated, seg=1275-1780

[Fri Apr 30 17:03:10 2021]
rule filtering1:
    input: /datater/wu/data/MSSPE-basic/enterovirusCurated/kmer15/intermediate/reverse7395-7900.Kmercount.sorted.txt
    output: /datater/wu/data/MSSPE-basic/enterovirusCurated/kmer15/intermediate/reverse7395-7900.Kmercount.sorted.calculated.txt
    jobid: 51
    wildcards: sample=enterovirusCurated, seg=7395-7900

Select jobs to execute...

[Fri Apr 30 17:03:10 2021]
rule filtering1:
    input: /datater/wu/data/MSSPE-basic/enterovirusCurated/kmer15/intermediate/reverse7650-8155.Kmercount.sorted.txt
    output: /datater/wu/data/MSSPE-basic/enterovirusCurated/kmer15/intermediate/reverse7650-8155.Kmercount.sorted.calculated.txt
    jobid: 59
    wildcards: sample=enterovirusCurated, seg=7650-8155

Select jobs to execute...
Select jobs to execute...
Select jobs to execute...
Select jobs to execute...
[Fri Apr 30 17:03:10 2021]
Finished job 21.
121 of 153 steps (79%) done
Select jobs to execute...

[Fri Apr 30 17:03:10 2021]
rule calculateKmer_sort:
    input: /datater/wu/data/MSSPE-basic/enterovirusCurated/kmer15/intermediate/reverse1530-2035.Kmercount.txt
    output: /datater/wu/data/MSSPE-basic/enterovirusCurated/kmer15/intermediate/reverse1530-2035.Kmercount.sorted.txt
    jobid: 20
    wildcards: sample=enterovirusCurated, seg=1530-2035

[Fri Apr 30 17:03:10 2021]
Finished job 20.
122 of 153 steps (80%) done
Select jobs to execute...

[Fri Apr 30 17:03:10 2021]
rule filtering1:
    input: /datater/wu/data/MSSPE-basic/enterovirusCurated/kmer15/intermediate/reverse5100-5605.Kmercount.sorted.txt
    output: /datater/wu/data/MSSPE-basic/enterovirusCurated/kmer15/intermediate/reverse5100-5605.Kmercount.sorted.calculated.txt
    jobid: 23
    wildcards: sample=enterovirusCurated, seg=5100-5605

[Fri Apr 30 17:03:10 2021]
Finished job 29.
123 of 153 steps (80%) done
Select jobs to execute...

[Fri Apr 30 17:03:10 2021]
rule calculateKmer_sort:
    input: /datater/wu/data/MSSPE-basic/enterovirusCurated/kmer15/intermediate/reverse5355-5860.Kmercount.txt
    output: /datater/wu/data/MSSPE-basic/enterovirusCurated/kmer15/intermediate/reverse5355-5860.Kmercount.sorted.txt
    jobid: 28
    wildcards: sample=enterovirusCurated, seg=5355-5860

[Fri Apr 30 17:03:10 2021]
Finished job 89.
124 of 153 steps (81%) done
Select jobs to execute...
[Fri Apr 30 17:03:10 2021]
Finished job 28.
125 of 153 steps (82%) done

[Fri Apr 30 17:03:10 2021]
rule calculateKmer_sort:
    input: /datater/wu/data/MSSPE-basic/enterovirusCurated/kmer15/intermediate/reverse2040-2545.Kmercount.txt
    output: /datater/wu/data/MSSPE-basic/enterovirusCurated/kmer15/intermediate/reverse2040-2545.Kmercount.sorted.txt
    jobid: 88
    wildcards: sample=enterovirusCurated, seg=2040-2545

Select jobs to execute...
[Fri Apr 30 17:03:10 2021]
Finished job 88.
126 of 153 steps (82%) done

[Fri Apr 30 17:03:10 2021]
rule filtering1:
    input: /datater/wu/data/MSSPE-basic/enterovirusCurated/kmer15/intermediate/reverse5355-5860.Kmercount.sorted.txt
    output: /datater/wu/data/MSSPE-basic/enterovirusCurated/kmer15/intermediate/reverse5355-5860.Kmercount.sorted.calculated.txt
    jobid: 27
    wildcards: sample=enterovirusCurated, seg=5355-5860

Select jobs to execute...

[Fri Apr 30 17:03:10 2021]
rule filtering1:
    input: /datater/wu/data/MSSPE-basic/enterovirusCurated/kmer15/intermediate/reverse2040-2545.Kmercount.sorted.txt
    output: /datater/wu/data/MSSPE-basic/enterovirusCurated/kmer15/intermediate/reverse2040-2545.Kmercount.sorted.calculated.txt
    jobid: 87
    wildcards: sample=enterovirusCurated, seg=2040-2545

[Fri Apr 30 17:03:10 2021]
Finished job 81.
127 of 153 steps (83%) done
Select jobs to execute...

[Fri Apr 30 17:03:10 2021]
rule filtering1:
    input: /datater/wu/data/MSSPE-basic/enterovirusCurated/kmer15/intermediate/reverse1530-2035.Kmercount.sorted.txt
    output: /datater/wu/data/MSSPE-basic/enterovirusCurated/kmer15/intermediate/reverse1530-2035.Kmercount.sorted.calculated.txt
    jobid: 19
    wildcards: sample=enterovirusCurated, seg=1530-2035

[Fri Apr 30 17:03:10 2021]
Finished job 115.
128 of 153 steps (84%) done
Select jobs to execute...
[Fri Apr 30 17:03:11 2021]
Finished job 130.
129 of 153 steps (84%) done

[Fri Apr 30 17:03:11 2021]
rule calculateKmer_sort:
    input: /datater/wu/data/MSSPE-basic/enterovirusCurated/kmer15/intermediate/reverse6375-6880.Kmercount.txt
    output: /datater/wu/data/MSSPE-basic/enterovirusCurated/kmer15/intermediate/reverse6375-6880.Kmercount.sorted.txt
    jobid: 80
    wildcards: sample=enterovirusCurated, seg=6375-6880

Select jobs to execute...
[Fri Apr 30 17:03:11 2021]
Finished job 80.
130 of 153 steps (85%) done

[Fri Apr 30 17:03:11 2021]
rule countKmer2:
    input: /datater/wu/data/MSSPE-basic/enterovirusCurated/kmer15/intermediate/reverse3315-3820.int.kmc_pre, /datater/wu/data/MSSPE-basic/enterovirusCurated/kmer15/intermediate/reverse3315-3820.int.kmc_suf
    output: /datater/wu/data/MSSPE-basic/enterovirusCurated/kmer15/intermediate/reverse3315-3820.Kmercount.txt
    jobid: 129
    wildcards: sample=enterovirusCurated, seg=3315-3820

Select jobs to execute...
[Fri Apr 30 17:03:11 2021]
Finished job 71.
131 of 153 steps (86%) done

[Fri Apr 30 17:03:11 2021]
rule filtering1:
    input: /datater/wu/data/MSSPE-basic/enterovirusCurated/kmer15/intermediate/reverse6375-6880.Kmercount.sorted.txt
    output: /datater/wu/data/MSSPE-basic/enterovirusCurated/kmer15/intermediate/reverse6375-6880.Kmercount.sorted.calculated.txt
    jobid: 79
    wildcards: sample=enterovirusCurated, seg=6375-6880

[Fri Apr 30 17:03:11 2021]
Finished job 129.
132 of 153 steps (86%) done
Select jobs to execute...

[Fri Apr 30 17:03:11 2021]
rule calculateKmer_sort:
    input: /datater/wu/data/MSSPE-basic/enterovirusCurated/kmer15/intermediate/reverse3315-3820.Kmercount.txt
    output: /datater/wu/data/MSSPE-basic/enterovirusCurated/kmer15/intermediate/reverse3315-3820.Kmercount.sorted.txt
    jobid: 128
    wildcards: sample=enterovirusCurated, seg=3315-3820

[Fri Apr 30 17:03:11 2021]
Finished job 128.
133 of 153 steps (87%) done
Select jobs to execute...
[Fri Apr 30 17:03:11 2021]
Finished job 23.
134 of 153 steps (88%) done
[Fri Apr 30 17:03:11 2021]
Finished job 119.
135 of 153 steps (88%) done
[Fri Apr 30 17:03:11 2021]
Finished job 51.
136 of 153 steps (89%) done

[Fri Apr 30 17:03:11 2021]
rule filtering1:
    input: /datater/wu/data/MSSPE-basic/enterovirusCurated/kmer15/intermediate/reverse3315-3820.Kmercount.sorted.txt
    output: /datater/wu/data/MSSPE-basic/enterovirusCurated/kmer15/intermediate/reverse3315-3820.Kmercount.sorted.calculated.txt
    jobid: 127
    wildcards: sample=enterovirusCurated, seg=3315-3820

[Fri Apr 30 17:03:11 2021]
Finished job 59.
137 of 153 steps (90%) done
[Fri Apr 30 17:03:11 2021]
Finished job 135.
138 of 153 steps (90%) done
[Fri Apr 30 17:03:11 2021]
Finished job 27.
139 of 153 steps (91%) done
[Fri Apr 30 17:03:12 2021]
Finished job 87.
140 of 153 steps (92%) done
[Fri Apr 30 17:03:12 2021]
Finished job 19.
141 of 153 steps (92%) done
[Fri Apr 30 17:03:12 2021]
Finished job 79.
142 of 153 steps (93%) done
[Fri Apr 30 17:03:12 2021]
Finished job 127.
143 of 153 steps (93%) done
Select jobs to execute...

[Fri Apr 30 17:03:12 2021]
rule filtering2:
    input: /datater/wu/data/MSSPE-basic/enterovirusCurated/kmer15/intermediate/reverse7905-8410.Kmercount.sorted.calculated.txt, /datater/wu/data/MSSPE-basic/enterovirusCurated/kmer15/intermediate/reverse1530-2035.Kmercount.sorted.calculated.txt, /datater/wu/data/MSSPE-basic/enterovirusCurated/kmer15/intermediate/reverse5100-5605.Kmercount.sorted.calculated.txt, /datater/wu/data/MSSPE-basic/enterovirusCurated/kmer15/intermediate/reverse5355-5860.Kmercount.sorted.calculated.txt, /datater/wu/data/MSSPE-basic/enterovirusCurated/kmer15/intermediate/reverse3825-4330.Kmercount.sorted.calculated.txt, /datater/wu/data/MSSPE-basic/enterovirusCurated/kmer15/intermediate/reverse5865-6370.Kmercount.sorted.calculated.txt, /datater/wu/data/MSSPE-basic/enterovirusCurated/kmer15/intermediate/reverse2805-3310.Kmercount.sorted.calculated.txt, /datater/wu/data/MSSPE-basic/enterovirusCurated/kmer15/intermediate/reverse4845-5350.Kmercount.sorted.calculated.txt, /datater/wu/data/MSSPE-basic/enterovirusCurated/kmer15/intermediate/reverse3570-4075.Kmercount.sorted.calculated.txt, /datater/wu/data/MSSPE-basic/enterovirusCurated/kmer15/intermediate/reverse7395-7900.Kmercount.sorted.calculated.txt, /datater/wu/data/MSSPE-basic/enterovirusCurated/kmer15/intermediate/reverse255-760.Kmercount.sorted.calculated.txt, /datater/wu/data/MSSPE-basic/enterovirusCurated/kmer15/intermediate/reverse7650-8155.Kmercount.sorted.calculated.txt, /datater/wu/data/MSSPE-basic/enterovirusCurated/kmer15/intermediate/reverse5610-6115.Kmercount.sorted.calculated.txt, /datater/wu/data/MSSPE-basic/enterovirusCurated/kmer15/intermediate/reverse4590-5095.Kmercount.sorted.calculated.txt, /datater/wu/data/MSSPE-basic/enterovirusCurated/kmer15/intermediate/reverse8415-8920.Kmercount.sorted.calculated.txt, /datater/wu/data/MSSPE-basic/enterovirusCurated/kmer15/intermediate/reverse765-1270.Kmercount.sorted.calculated.txt, /datater/wu/data/MSSPE-basic/enterovirusCurated/kmer15/intermediate/reverse6375-6880.Kmercount.sorted.calculated.txt, /datater/wu/data/MSSPE-basic/enterovirusCurated/kmer15/intermediate/reverse4080-4585.Kmercount.sorted.calculated.txt, /datater/wu/data/MSSPE-basic/enterovirusCurated/kmer15/intermediate/reverse2040-2545.Kmercount.sorted.calculated.txt, /datater/wu/data/MSSPE-basic/enterovirusCurated/kmer15/intermediate/reverse1020-1525.Kmercount.sorted.calculated.txt, /datater/wu/data/MSSPE-basic/enterovirusCurated/kmer15/intermediate/reverse6630-7135.Kmercount.sorted.calculated.txt, /datater/wu/data/MSSPE-basic/enterovirusCurated/kmer15/intermediate/reverse6120-6625.Kmercount.sorted.calculated.txt, /datater/wu/data/MSSPE-basic/enterovirusCurated/kmer15/intermediate/reverse6885-7390.Kmercount.sorted.calculated.txt, /datater/wu/data/MSSPE-basic/enterovirusCurated/kmer15/intermediate/reverse3060-3565.Kmercount.sorted.calculated.txt, /datater/wu/data/MSSPE-basic/enterovirusCurated/kmer15/intermediate/reverse0-505.Kmercount.sorted.calculated.txt, /datater/wu/data/MSSPE-basic/enterovirusCurated/kmer15/intermediate/reverse7140-7645.Kmercount.sorted.calculated.txt, /datater/wu/data/MSSPE-basic/enterovirusCurated/kmer15/intermediate/reverse1275-1780.Kmercount.sorted.calculated.txt, /datater/wu/data/MSSPE-basic/enterovirusCurated/kmer15/intermediate/reverse8670-8920.Kmercount.sorted.calculated.txt, /datater/wu/data/MSSPE-basic/enterovirusCurated/kmer15/intermediate/reverse3315-3820.Kmercount.sorted.calculated.txt, /datater/wu/data/MSSPE-basic/enterovirusCurated/kmer15/intermediate/reverse510-1015.Kmercount.sorted.calculated.txt, /datater/wu/data/MSSPE-basic/enterovirusCurated/kmer15/intermediate/reverse2550-3055.Kmercount.sorted.calculated.txt, /datater/wu/data/MSSPE-basic/enterovirusCurated/kmer15/intermediate/reverse8160-8665.Kmercount.sorted.calculated.txt, /datater/wu/data/MSSPE-basic/enterovirusCurated/kmer15/intermediate/reverse2295-2800.Kmercount.sorted.calculated.txt, /datater/wu/data/MSSPE-basic/enterovirusCurated/kmer15/intermediate/reverse4335-4840.Kmercount.sorted.calculated.txt, /datater/wu/data/MSSPE-basic/enterovirusCurated/kmer15/intermediate/reverse1785-2290.Kmercount.sorted.calculated.txt
    output: /datater/wu/data/MSSPE-basic/enterovirusCurated/kmer15/allKmercount.sorted.calculated.txt
    jobid: 3
    wildcards: sample=enterovirusCurated

[Fri Apr 30 17:03:14 2021]
Finished job 3.
144 of 153 steps (94%) done
Select jobs to execute...

[Fri Apr 30 17:03:14 2021]
rule filtering3:
    input: /datater/wu/data/MSSPE-basic/enterovirusCurated/kmer15/allKmercount.sorted.calculated.txt
    output: /datater/wu/data/MSSPE-basic/enterovirusCurated/kmer15/allKmerCount.sorted.calculated.filtered.txt
    jobid: 5
    wildcards: sample=enterovirusCurated

[Fri Apr 30 17:03:16 2021]
Finished job 5.
145 of 153 steps (95%) done
Select jobs to execute...

[Fri Apr 30 17:03:16 2021]
rule specific1:
    input: /datater/wu/data/MSSPE-basic/enterovirusCurated/kmer15/allKmerCount.sorted.calculated.filtered.txt
    output: /datater/wu/data/MSSPE-basic/enterovirusCurated/kmer15/intermediate/allKmerCount.sorted.calculated.filtered.fasta
    jobid: 6
    wildcards: sample=enterovirusCurated

[Fri Apr 30 17:03:17 2021]
Finished job 6.
146 of 153 steps (95%) done
Select jobs to execute...

[Fri Apr 30 17:03:17 2021]
rule specific3:
    input: /datater/wu/data/MSSPE-basic/enterovirusCurated/kmer15/intermediate/allKmerCount.sorted.calculated.filtered.fasta, /datater/wu/data/RefSeqProkaryota/RefSeqProkaryota.DB.1.ebwt, /datater/wu/data/RefSeqProkaryota/RefSeqProkaryota.DB.2.ebwt, /datater/wu/data/RefSeqProkaryota/RefSeqProkaryota.DB.3.ebwt, /datater/wu/data/RefSeqProkaryota/RefSeqProkaryota.DB.4.ebwt, /datater/wu/data/RefSeqProkaryota/RefSeqProkaryota.DB.rev.1.ebwt, /datater/wu/data/RefSeqProkaryota/RefSeqProkaryota.DB.rev.2.ebwt
    output: /datater/wu/data/MSSPE-basic/enterovirusCurated/kmer15/intermediate/allKmerCount.sorted.calculated.filtered.bowtie
    jobid: 8
    wildcards: sample=enterovirusCurated

[Fri Apr 30 17:03:18 2021]
Finished job 8.
147 of 153 steps (96%) done
Select jobs to execute...

[Fri Apr 30 17:03:18 2021]
rule specific4:
    input: /datater/wu/data/MSSPE-basic/enterovirusCurated/kmer15/intermediate/allKmerCount.sorted.calculated.filtered.bowtie, /datater/wu/data/MSSPE-basic/enterovirusCurated/kmer15/allKmerCount.sorted.calculated.filtered.txt
    output: /datater/wu/data/MSSPE-basic/enterovirusCurated/kmer15/allKmerCount.sorted.calculated.filtered.spec.txt
    jobid: 9
    wildcards: sample=enterovirusCurated

[Fri Apr 30 17:03:19 2021]
Finished job 9.
148 of 153 steps (97%) done
Select jobs to execute...

[Fri Apr 30 17:03:19 2021]
rule checkHeterodimer:
    input: /datater/wu/data/MSSPE-basic/enterovirusCurated/kmer15/allKmerCount.sorted.calculated.filtered.spec.txt
    output: /datater/wu/data/MSSPE-basic/enterovirusCurated/kmer15/allOligo.set
    jobid: 10
    wildcards: sample=enterovirusCurated

[Fri Apr 30 17:03:22 2021]
Finished job 10.
149 of 153 steps (97%) done
Select jobs to execute...

[Fri Apr 30 17:03:22 2021]
rule evaluation3:
    input: /datater/wu/data/MSSPE-basic/enterovirusCurated/kmer15/allKmercount.sorted.calculated.txt, /datater/wu/data/MSSPE-basic/enterovirusCurated/kmer15/allKmerCount.sorted.calculated.filtered.txt, /datater/wu/data/MSSPE-basic/enterovirusCurated/kmer15/allKmerCount.sorted.calculated.filtered.spec.txt, /datater/wu/data/MSSPE-basic/enterovirusCurated/kmer15/allOligo.set
    output: /datater/wu/data/MSSPE-basic/enterovirusCurated/kmer15/evaluation/allOligo_before.tsv, /datater/wu/data/MSSPE-basic/enterovirusCurated/kmer15/evaluation/allOligo_after1.tsv, /datater/wu/data/MSSPE-basic/enterovirusCurated/kmer15/evaluation/allOligo_after2.tsv, /datater/wu/data/MSSPE-basic/enterovirusCurated/kmer15/evaluation/allOligo_after3.tsv
    jobid: 13
    wildcards: sample=enterovirusCurated

[Fri Apr 30 17:03:23 2021]
Finished job 13.
150 of 153 steps (98%) done
[Fri Apr 30 17:03:28 2021]
Finished job 11.
151 of 153 steps (99%) done
Select jobs to execute...

[Fri Apr 30 17:03:28 2021]
rule evaluation2:
    input: /datater/wu/data/MSSPE-basic/enterovirusCurated/kmer15/allOligo.set, /datater/wu/data/MSSPE-basic/enterovirusCurated/kmer15/intermediate/aceID-taxID-species.tsv
    output: /datater/wu/data/MSSPE-basic/enterovirusCurated/kmer15/evaluation/allOligo.set.coverage
    jobid: 12
    wildcards: sample=enterovirusCurated

[Fri Apr 30 17:03:29 2021]
Finished job 12.
152 of 153 steps (99%) done
Select jobs to execute...

[Fri Apr 30 17:03:29 2021]
localrule all:
    input: /datater/wu/data/MSSPE-basic/enterovirusCurated/enterovirusCurated.uniq, /datater/wu/data/MSSPE-basic/enterovirusCurated/enterovirusCurated.msa, /datater/wu/data/MSSPE-basic/enterovirusCurated/kmer15/allKmercount.sorted.calculated.txt, /datater/wu/data/MSSPE-basic/enterovirusCurated/kmer15/allKmerCount.sorted.calculated.filtered.txt, /datater/wu/data/MSSPE-basic/enterovirusCurated/kmer15/intermediate/allKmerCount.sorted.calculated.filtered.fasta, /datater/wu/data/RefSeqProkaryota/RefSeqProkaryota.DB.1.ebwt, /datater/wu/data/RefSeqProkaryota/RefSeqProkaryota.DB.2.ebwt, /datater/wu/data/RefSeqProkaryota/RefSeqProkaryota.DB.3.ebwt, /datater/wu/data/RefSeqProkaryota/RefSeqProkaryota.DB.4.ebwt, /datater/wu/data/RefSeqProkaryota/RefSeqProkaryota.DB.rev.1.ebwt, /datater/wu/data/RefSeqProkaryota/RefSeqProkaryota.DB.rev.2.ebwt, /datater/wu/data/MSSPE-basic/enterovirusCurated/kmer15/intermediate/allKmerCount.sorted.calculated.filtered.bowtie, /datater/wu/data/MSSPE-basic/enterovirusCurated/kmer15/allKmerCount.sorted.calculated.filtered.spec.txt, /datater/wu/data/MSSPE-basic/enterovirusCurated/kmer15/allOligo.set, /datater/wu/data/MSSPE-basic/enterovirusCurated/kmer15/intermediate/aceID-taxID-species.tsv, /datater/wu/data/MSSPE-basic/enterovirusCurated/kmer15/evaluation/allOligo.set.coverage, /datater/wu/data/MSSPE-basic/enterovirusCurated/kmer15/evaluation/allOligo_before.tsv, /datater/wu/data/MSSPE-basic/enterovirusCurated/kmer15/evaluation/allOligo_after1.tsv, /datater/wu/data/MSSPE-basic/enterovirusCurated/kmer15/evaluation/allOligo_after2.tsv, /datater/wu/data/MSSPE-basic/enterovirusCurated/kmer15/evaluation/allOligo_after3.tsv
    jobid: 0

[Fri Apr 30 17:03:29 2021]
Finished job 0.
153 of 153 steps (100%) done
Complete log: /datater/wu/MSSPE/.snakemake/log/2021-04-30T165959.974288.snakemake.log
