Building DAG of jobs...
Using shell: /bin/bash
Provided cores: 12
Rules claiming more threads will be scaled down.
Conda environments: ignored
Job counts:
	count	jobs
	1	all
	148	dsk
	148	dskOutput
	74	kmc
	74	kmcOutput
	37	split_overlap_chunks
	482
Select jobs to execute...

[Tue Mar  2 16:47:46 2021]
rule dsk:
    input: /datater/wu/data/splitFiles/enterovirus.reverse.9180-9398.fasta
    output: /datater/wu/data/kmerCounting/dsk/enterovirus.reverse.9180-9398.h5
    jobid: 32
    wildcards: prefix=enterovirus.reverse.9180-9398


[Tue Mar  2 16:47:47 2021]
rule kmc:
    input: /datater/wu/data/splitFiles/enterovirus.forward.8670-9175.fasta
    output: /datater/wu/data/kmerCounting/kmc/enterovirus.forward.8670-9175.kmc_pre, /datater/wu/data/kmerCounting/kmc/enterovirus.forward.8670-9175.kmc_suf
    jobid: 390
    wildcards: prefix=enterovirus.forward.8670-9175


[Tue Mar  2 16:47:47 2021]
rule dsk:
    input: /datater/wu/data/splitFiles/enterovirus.forward.9180-9398.fasta
    output: /datater/wu/data/kmerCounting/dsk/enterovirus.forward.9180-9398.h5
    jobid: 24
    wildcards: prefix=enterovirus.forward.9180-9398


[Tue Mar  2 16:47:47 2021]
rule dsk:
    input: /datater/wu/data/splitFiles/enterovirus.forward.7395-7900.fasta
    output: /datater/wu/data/kmerCounting/dsk/enterovirus.forward.7395-7900.h5
    jobid: 62
    wildcards: prefix=enterovirus.forward.7395-7900


[Tue Mar  2 16:47:47 2021]
rule dsk:
    input: /datater/wu/data/splitFiles/enterovirus.reverse.4590-5095.fasta
    output: /datater/wu/data/kmerCounting/dsk/enterovirus.reverse.4590-5095.h5
    jobid: 92
    wildcards: prefix=enterovirus.reverse.4590-5095


[Tue Mar  2 16:47:47 2021]
rule kmc:
    input: /datater/wu/data/splitFiles/enterovirus.forward.2040-2545.fasta
    output: /datater/wu/data/kmerCounting/kmc/enterovirus.forward.2040-2545.kmc_pre, /datater/wu/data/kmerCounting/kmc/enterovirus.forward.2040-2545.kmc_suf
    jobid: 375
    wildcards: prefix=enterovirus.forward.2040-2545


[Tue Mar  2 16:47:47 2021]
rule split_overlap_chunks:
    input: /datater/wu/data/msa/enterovirus.msa.fasta
    output: /datater/wu/data/splitFiles/enterovirus.forward.4335-4840.sort.fasta (dynamic), /datater/wu/data/splitFiles/enterovirus.reverse.4335-4840.sort.fasta (dynamic)
    jobid: 271
    wildcards: sample=enterovirus, seg=4335-4840.sort

Subsequent jobs will be added dynamically depending on the output of this job

[Tue Mar  2 16:47:47 2021]
rule split_overlap_chunks:
    input: /datater/wu/data/msa/enterovirus.msa.fasta
    output: /datater/wu/data/splitFiles/enterovirus.forward.765-1270.sort.fasta (dynamic), /datater/wu/data/splitFiles/enterovirus.reverse.765-1270.sort.fasta (dynamic)
    jobid: 227
    wildcards: sample=enterovirus, seg=765-1270.sort

Subsequent jobs will be added dynamically depending on the output of this job

[Tue Mar  2 16:47:47 2021]
rule split_overlap_chunks:
    input: /datater/wu/data/msa/enterovirus.msa.fasta
    output: /datater/wu/data/splitFiles/enterovirus.forward.6630-7135.sort.fasta (dynamic), /datater/wu/data/splitFiles/enterovirus.reverse.6630-7135.sort.fasta (dynamic)
    jobid: 212
    wildcards: sample=enterovirus, seg=6630-7135.sort

Subsequent jobs will be added dynamically depending on the output of this job

[Tue Mar  2 16:47:47 2021]
rule dsk:
    input: /datater/wu/data/splitFiles/enterovirus.reverse.8415-8920.fasta
    output: /datater/wu/data/kmerCounting/dsk/enterovirus.reverse.8415-8920.h5
    jobid: 33
    wildcards: prefix=enterovirus.reverse.8415-8920


[Tue Mar  2 16:47:47 2021]
rule dsk:
    input: /datater/wu/data/splitFiles/enterovirus.reverse.510-1015.fasta
    output: /datater/wu/data/kmerCounting/dsk/enterovirus.reverse.510-1015.h5
    jobid: 93
    wildcards: prefix=enterovirus.reverse.510-1015


[Tue Mar  2 16:47:47 2021]
rule kmc:
    input: /datater/wu/data/splitFiles/enterovirus.reverse.1020-1525.fasta
    output: /datater/wu/data/kmerCounting/kmc/enterovirus.reverse.1020-1525.kmc_pre, /datater/wu/data/kmerCounting/kmc/enterovirus.reverse.1020-1525.kmc_suf
    jobid: 391
    wildcards: prefix=enterovirus.reverse.1020-1525

[Tue Mar  2 16:47:50 2021]
Finished job 93.
1 of 482 steps (0.21%) done
Select jobs to execute...

[Tue Mar  2 16:47:50 2021]
rule kmc:
    input: /datater/wu/data/splitFiles/enterovirus.reverse.7395-7900.fasta
    output: /datater/wu/data/kmerCounting/kmc/enterovirus.reverse.7395-7900.kmc_pre, /datater/wu/data/kmerCounting/kmc/enterovirus.reverse.7395-7900.kmc_suf
    jobid: 407
    wildcards: prefix=enterovirus.reverse.7395-7900

[Tue Mar  2 16:47:50 2021]
Finished job 32.
2 of 482 steps (0.41%) done
Select jobs to execute...
[Tue Mar  2 16:47:50 2021]
Finished job 62.
3 of 482 steps (0.62%) done

[Tue Mar  2 16:47:50 2021]
rule dsk:
    input: /datater/wu/data/splitFiles/enterovirus.forward.3570-4075.fasta
    output: /datater/wu/data/kmerCounting/dsk/enterovirus.forward.3570-4075.h5
    jobid: 51
    wildcards: prefix=enterovirus.forward.3570-4075

Select jobs to execute...
[Tue Mar  2 16:47:50 2021]
Finished job 24.
4 of 482 steps (0.83%) done

[Tue Mar  2 16:47:50 2021]
rule dsk:
    input: /datater/wu/data/splitFiles/enterovirus.reverse.7650-8155.fasta
    output: /datater/wu/data/kmerCounting/dsk/enterovirus.reverse.7650-8155.h5
    jobid: 111
    wildcards: prefix=enterovirus.reverse.7650-8155

Select jobs to execute...

[Tue Mar  2 16:47:50 2021]
rule dsk:
    input: /datater/wu/data/splitFiles/enterovirus.forward.1530-2035.fasta
    output: /datater/wu/data/kmerCounting/dsk/enterovirus.forward.1530-2035.h5
    jobid: 81
    wildcards: prefix=enterovirus.forward.1530-2035

[Tue Mar  2 16:47:50 2021]
Finished job 92.
5 of 482 steps (1%) done
Select jobs to execute...

[Tue Mar  2 16:47:50 2021]
rule kmc:
    input: /datater/wu/data/splitFiles/enterovirus.forward.8160-8665.fasta
    output: /datater/wu/data/kmerCounting/kmc/enterovirus.forward.8160-8665.kmc_pre, /datater/wu/data/kmerCounting/kmc/enterovirus.forward.8160-8665.kmc_suf
    jobid: 421
    wildcards: prefix=enterovirus.forward.8160-8665

[Tue Mar  2 16:47:50 2021]
Finished job 33.
6 of 482 steps (1%) done
Select jobs to execute...

[Tue Mar  2 16:47:50 2021]
rule dsk:
    input: /datater/wu/data/splitFiles/enterovirus.reverse.6120-6625.fasta
    output: /datater/wu/data/kmerCounting/dsk/enterovirus.reverse.6120-6625.h5
    jobid: 20
    wildcards: prefix=enterovirus.reverse.6120-6625

[Tue Mar  2 16:47:53 2021]
Finished job 111.
7 of 482 steps (1%) done
Select jobs to execute...
[Tue Mar  2 16:47:53 2021]
Finished job 51.
8 of 482 steps (2%) done

[Tue Mar  2 16:47:53 2021]
rule split_overlap_chunks:
    input: /datater/wu/data/msa/enterovirus.msa.fasta
    output: /datater/wu/data/splitFiles/enterovirus.forward.7140-7645.sort.fasta (dynamic), /datater/wu/data/splitFiles/enterovirus.reverse.7140-7645.sort.fasta (dynamic)
    jobid: 243
    wildcards: sample=enterovirus, seg=7140-7645.sort

Subsequent jobs will be added dynamically depending on the output of this job
Select jobs to execute...

[Tue Mar  2 16:47:53 2021]
rule kmc:
    input: /datater/wu/data/splitFiles/enterovirus.reverse.4080-4585.fasta
    output: /datater/wu/data/kmerCounting/kmc/enterovirus.reverse.4080-4585.kmc_pre, /datater/wu/data/kmerCounting/kmc/enterovirus.reverse.4080-4585.kmc_suf
    jobid: 436
    wildcards: prefix=enterovirus.reverse.4080-4585

[Tue Mar  2 16:47:53 2021]
Finished job 81.
9 of 482 steps (2%) done
Select jobs to execute...

[Tue Mar  2 16:47:53 2021]
rule kmc:
    input: /datater/wu/data/splitFiles/enterovirus.forward.8415-8920.fasta
    output: /datater/wu/data/kmerCounting/kmc/enterovirus.forward.8415-8920.kmc_pre, /datater/wu/data/kmerCounting/kmc/enterovirus.forward.8415-8920.kmc_suf
    jobid: 406
    wildcards: prefix=enterovirus.forward.8415-8920

[Tue Mar  2 16:47:54 2021]
Finished job 20.
10 of 482 steps (2%) done
Select jobs to execute...

[Tue Mar  2 16:47:54 2021]
rule dsk:
    input: /datater/wu/data/splitFiles/enterovirus.forward.510-1015.fasta
    output: /datater/wu/data/kmerCounting/dsk/enterovirus.forward.510-1015.h5
    jobid: 110
    wildcards: prefix=enterovirus.forward.510-1015

[Tue Mar  2 16:47:57 2021]
Finished job 110.
11 of 482 steps (2%) done
Select jobs to execute...

[Tue Mar  2 16:47:57 2021]
rule dsk:
    input: /datater/wu/data/splitFiles/enterovirus.forward.8925-9430.fasta
    output: /datater/wu/data/kmerCounting/dsk/enterovirus.forward.8925-9430.h5
    jobid: 80
    wildcards: prefix=enterovirus.forward.8925-9430

[Tue Mar  2 16:47:59 2021]
Finished job 80.
12 of 482 steps (2%) done
Select jobs to execute...

[Tue Mar  2 16:47:59 2021]
rule split_overlap_chunks:
    input: /datater/wu/data/msa/enterovirus.msa.fasta
    output: /datater/wu/data/splitFiles/enterovirus.forward.5100-5605.sort.fasta (dynamic), /datater/wu/data/splitFiles/enterovirus.reverse.5100-5605.sort.fasta (dynamic)
    jobid: 317
    wildcards: sample=enterovirus, seg=5100-5605.sort

Subsequent jobs will be added dynamically depending on the output of this job
[Tue Mar  2 16:48:12 2021]
Finished job 375.
13 of 482 steps (3%) done
[Tue Mar  2 16:48:13 2021]
Finished job 391.
14 of 482 steps (3%) done
[Tue Mar  2 16:48:15 2021]
Finished job 390.
15 of 482 steps (3%) done
[Tue Mar  2 16:48:16 2021]
Finished job 421.
16 of 482 steps (3%) done
[Tue Mar  2 16:48:17 2021]
Finished job 407.
17 of 482 steps (4%) done
[Tue Mar  2 16:48:18 2021]
Finished job 436.
18 of 482 steps (4%) done
[Tue Mar  2 16:48:18 2021]
Finished job 406.
19 of 482 steps (4%) done
Shutting down, this might take some time.
Exiting because a job execution failed. Look above for error message
Complete log: /datater/wu/stage_m2/.snakemake/log/2021-03-02T164744.536202.snakemake.log
