Building DAG of jobs...
Using shell: /bin/bash
Provided cores: 12
Rules claiming more threads will be scaled down.
Conda environments: ignored
Job counts:
	count	jobs
	1	all
	37	filterOut_within_segments
	37	within_segments
	75
Select jobs to execute...

[Wed Mar 10 11:47:54 2021]
rule within_segments:
    input: /datater/wu/data/enterovirus/dsk/forward_8128-8632.kCountSorted
    output: /datater/wu/data/enterovirus/primer3/forward_8128-8632.calculated
    jobid: 150
    wildcards: sample=enterovirus, seg=8128-8632

[Wed Mar 10 11:47:54 2021]
rule within_segments:
    input: /datater/wu/data/enterovirus/dsk/forward_3810-4314.kCountSorted
    output: /datater/wu/data/enterovirus/primer3/forward_3810-4314.calculated
    jobid: 126
    wildcards: sample=enterovirus, seg=3810-4314

[Wed Mar 10 11:47:54 2021]
rule within_segments:
    input: /datater/wu/data/enterovirus/dsk/forward_7620-8124.kCountSorted
    output: /datater/wu/data/enterovirus/primer3/forward_7620-8124.calculated
    jobid: 134
    wildcards: sample=enterovirus, seg=7620-8124

[Wed Mar 10 11:47:54 2021]
rule within_segments:
    input: /datater/wu/data/enterovirus/dsk/forward_6096-6600.kCountSorted
    output: /datater/wu/data/enterovirus/primer3/forward_6096-6600.calculated
    jobid: 141
    wildcards: sample=enterovirus, seg=6096-6600

[Wed Mar 10 11:47:54 2021]
rule within_segments:
    input: /datater/wu/data/enterovirus/dsk/forward_8636-9140.kCountSorted
    output: /datater/wu/data/enterovirus/primer3/forward_8636-9140.calculated
    jobid: 149
    wildcards: sample=enterovirus, seg=8636-9140

[Wed Mar 10 11:47:54 2021]
rule within_segments:
    input: /datater/wu/data/enterovirus/dsk/forward_3302-3806.kCountSorted
    output: /datater/wu/data/enterovirus/primer3/forward_3302-3806.calculated
    jobid: 156
    wildcards: sample=enterovirus, seg=3302-3806

[Wed Mar 10 11:47:54 2021]
rule within_segments:
    input: /datater/wu/data/enterovirus/dsk/forward_2032-2536.kCountSorted
    output: /datater/wu/data/enterovirus/primer3/forward_2032-2536.calculated
    jobid: 133
    wildcards: sample=enterovirus, seg=2032-2536

[Wed Mar 10 11:47:54 2021]
rule within_segments:
    input: /datater/wu/data/enterovirus/dsk/forward_6858-7362.kCountSorted
    output: /datater/wu/data/enterovirus/primer3/forward_6858-7362.calculated
    jobid: 155
    wildcards: sample=enterovirus, seg=6858-7362

[Wed Mar 10 11:47:54 2021]
rule within_segments:
    input: /datater/wu/data/enterovirus/dsk/forward_0-504.kCountSorted
    output: /datater/wu/data/enterovirus/primer3/forward_0-504.calculated
    jobid: 148
    wildcards: sample=enterovirus, seg=0-504

[Wed Mar 10 11:47:54 2021]
rule within_segments:
    input: /datater/wu/data/enterovirus/dsk/forward_1016-1520.kCountSorted
    output: /datater/wu/data/enterovirus/primer3/forward_1016-1520.calculated
    jobid: 140
    wildcards: sample=enterovirus, seg=1016-1520

[Wed Mar 10 11:47:54 2021]
rule within_segments:
    input: /datater/wu/data/enterovirus/dsk/forward_8382-8886.kCountSorted
    output: /datater/wu/data/enterovirus/primer3/forward_8382-8886.calculated
    jobid: 127
    wildcards: sample=enterovirus, seg=8382-8886

[Wed Mar 10 11:47:54 2021]
rule within_segments:
    input: /datater/wu/data/enterovirus/dsk/forward_4064-4568.kCountSorted
    output: /datater/wu/data/enterovirus/primer3/forward_4064-4568.calculated
    jobid: 142
    wildcards: sample=enterovirus, seg=4064-4568

[Wed Mar 10 11:47:55 2021]
Finished job 148.
1 of 75 steps (1%) done
Select jobs to execute...

[Wed Mar 10 11:47:55 2021]
rule within_segments:
    input: /datater/wu/data/enterovirus/dsk/forward_4318-4822.kCountSorted
    output: /datater/wu/data/enterovirus/primer3/forward_4318-4822.calculated
    jobid: 143
    wildcards: sample=enterovirus, seg=4318-4822

[Wed Mar 10 11:47:55 2021]
Finished job 140.
2 of 75 steps (3%) done
Select jobs to execute...

[Wed Mar 10 11:47:55 2021]
rule within_segments:
    input: /datater/wu/data/enterovirus/dsk/forward_3556-4060.kCountSorted
    output: /datater/wu/data/enterovirus/primer3/forward_3556-4060.calculated
    jobid: 128
    wildcards: sample=enterovirus, seg=3556-4060

[Wed Mar 10 11:48:02 2021]
Finished job 156.
3 of 75 steps (4%) done
Select jobs to execute...

[Wed Mar 10 11:48:02 2021]
rule within_segments:
    input: /datater/wu/data/enterovirus/dsk/forward_5080-5584.kCountSorted
    output: /datater/wu/data/enterovirus/primer3/forward_5080-5584.calculated
    jobid: 135
    wildcards: sample=enterovirus, seg=5080-5584

[Wed Mar 10 11:48:23 2021]
Finished job 126.
4 of 75 steps (5%) done
Select jobs to execute...

[Wed Mar 10 11:48:23 2021]
rule within_segments:
    input: /datater/wu/data/enterovirus/dsk/forward_5334-5838.kCountSorted
    output: /datater/wu/data/enterovirus/primer3/forward_5334-5838.calculated
    jobid: 129
    wildcards: sample=enterovirus, seg=5334-5838

[Wed Mar 10 11:48:41 2021]
Finished job 149.
5 of 75 steps (7%) done
Select jobs to execute...

[Wed Mar 10 11:48:41 2021]
rule within_segments:
    input: /datater/wu/data/enterovirus/dsk/forward_6350-6854.kCountSorted
    output: /datater/wu/data/enterovirus/primer3/forward_6350-6854.calculated
    jobid: 144
    wildcards: sample=enterovirus, seg=6350-6854

[Wed Mar 10 11:48:42 2021]
Finished job 150.
6 of 75 steps (8%) done
Select jobs to execute...

[Wed Mar 10 11:48:42 2021]
rule within_segments:
    input: /datater/wu/data/enterovirus/dsk/forward_2540-3044.kCountSorted
    output: /datater/wu/data/enterovirus/primer3/forward_2540-3044.calculated
    jobid: 151
    wildcards: sample=enterovirus, seg=2540-3044

[Wed Mar 10 11:48:49 2021]
Finished job 127.
7 of 75 steps (9%) done
Select jobs to execute...

[Wed Mar 10 11:48:49 2021]
rule within_segments:
    input: /datater/wu/data/enterovirus/dsk/forward_7112-7616.kCountSorted
    output: /datater/wu/data/enterovirus/primer3/forward_7112-7616.calculated
    jobid: 136
    wildcards: sample=enterovirus, seg=7112-7616

[Wed Mar 10 11:48:49 2021]
Finished job 141.
8 of 75 steps (11%) done
Select jobs to execute...

[Wed Mar 10 11:48:49 2021]
rule within_segments:
    input: /datater/wu/data/enterovirus/dsk/forward_8890-9394.kCountSorted
    output: /datater/wu/data/enterovirus/primer3/forward_8890-9394.calculated
    jobid: 145
    wildcards: sample=enterovirus, seg=8890-9394

[Wed Mar 10 11:48:51 2021]
Finished job 145.
9 of 75 steps (12%) done
Select jobs to execute...

[Wed Mar 10 11:48:51 2021]
rule within_segments:
    input: /datater/wu/data/enterovirus/dsk/forward_254-758.kCountSorted
    output: /datater/wu/data/enterovirus/primer3/forward_254-758.calculated
    jobid: 130
    wildcards: sample=enterovirus, seg=254-758

[Wed Mar 10 11:48:52 2021]
Finished job 130.
10 of 75 steps (13%) done
Select jobs to execute...

[Wed Mar 10 11:48:52 2021]
checkpoint filterOut_within_segments:
    input: /datater/wu/data/enterovirus/primer3/forward_8890-9394.calculated
    output: /datater/wu/data/enterovirus/primer3/forward_8890-9394.filtered
    jobid: 182
    wildcards: sample=enterovirus, seg=8890-9394
Downstream jobs will be updated after completion.

[Wed Mar 10 11:48:52 2021]
Finished job 142.
11 of 75 steps (15%) done
Select jobs to execute...

[Wed Mar 10 11:48:52 2021]
checkpoint filterOut_within_segments:
    input: /datater/wu/data/enterovirus/primer3/forward_254-758.calculated
    output: /datater/wu/data/enterovirus/primer3/forward_254-758.filtered
    jobid: 167
    wildcards: sample=enterovirus, seg=254-758
Downstream jobs will be updated after completion.

[Wed Mar 10 11:48:53 2021]
Finished job 129.
12 of 75 steps (16%) done
Select jobs to execute...

[Wed Mar 10 11:48:53 2021]
checkpoint filterOut_within_segments:
    input: /datater/wu/data/enterovirus/primer3/forward_5334-5838.calculated
    output: /datater/wu/data/enterovirus/primer3/forward_5334-5838.filtered
    jobid: 166
    wildcards: sample=enterovirus, seg=5334-5838
Downstream jobs will be updated after completion.

[Wed Mar 10 11:48:56 2021]
Finished job 134.
13 of 75 steps (17%) done
[Wed Mar 10 11:49:04 2021]
Finished job 155.
14 of 75 steps (19%) done
[Wed Mar 10 11:49:04 2021]
Finished job 133.
15 of 75 steps (20%) done
[Wed Mar 10 11:49:08 2021]
Finished job 143.
16 of 75 steps (21%) done
[Wed Mar 10 11:49:14 2021]
Finished job 128.
17 of 75 steps (23%) done
[Wed Mar 10 11:49:24 2021]
Finished job 135.
18 of 75 steps (24%) done
Terminating processes on user request, this might take some time.
Complete log: /datater/wu/stage_m2/.snakemake/log/2021-03-10T114753.611760.snakemake.log
