Building DAG of jobs...
Updating job aggregateAllReverseOligo.
Using shell: /bin/bash
Provided cores: 12
Rules claiming more threads will be scaled down.
Conda environments: ignored
Job counts:
	count	jobs
	1	all
	1	species_coverage
	1	taxID_and_specieName
	3
Select jobs to execute...

[Mon Apr 12 15:52:06 2021]
rule taxID_and_specieName:
    input: /datater/wu/data/enterovirus/enterovirus.uniq
    output: /datater/wu/data/enterovirus/evaluation13/aceID-taxID-species.tsv
    jobid: 12
    wildcards: sample=enterovirus

Terminating processes on user request, this might take some time.
Cancelling snakemake on user request.
