Building DAG of jobs...
Using shell: /bin/bash
Provided cores: 1 (use --cores to define parallelism)
Rules claiming more threads will be scaled down.
Conda environments: ignored
Job counts:
	count	jobs
	1	all
	1	removeDuplicateSeq
	2
Select jobs to execute...

[Fri May  7 10:09:57 2021]
rule removeDuplicateSeq:
    input: /datater/wu/data/tmp/sars2_variants.fasta
    output: /datater/wu/data/tmp/sars2_variants.uniq.fasta
    jobid: 1

[Fri May  7 10:09:58 2021]
Finished job 1.
1 of 2 steps (50%) done
Select jobs to execute...

[Fri May  7 10:09:58 2021]
localrule all:
    input: /datater/wu/data/tmp/sars2_variants.uniq.fasta
    jobid: 0

[Fri May  7 10:09:58 2021]
Finished job 0.
2 of 2 steps (100%) done
Complete log: /datater/wu/MSSPE/.snakemake/log/2021-05-07T100956.696934.snakemake.log
