Building DAG of jobs...
Using shell: /bin/bash
Provided cores: 12
Rules claiming more threads will be scaled down.
Conda environments: ignored
Job counts:
	count	jobs
	1	all
	43	filter_within_seg
	44
Select jobs to execute...

[Tue Mar  9 17:49:53 2021]
rule filter_within_seg:
    input: /datater/wu/data/zika/dsk/forward_2761-3262.kCountSorted
    output: /datater/wu/data/zika/primer3_Tm/forward_2761-3262.Tm
    jobid: 152
    wildcards: sample=zika, seg=2761-3262

[Tue Mar  9 17:49:53 2021]
rule filter_within_seg:
    input: /datater/wu/data/zika/dsk/forward_9036-9537.kCountSorted
    output: /datater/wu/data/zika/primer3_Tm/forward_9036-9537.Tm
    jobid: 143
    wildcards: sample=zika, seg=9036-9537

[Tue Mar  9 17:49:53 2021]
rule filter_within_seg:
    input: /datater/wu/data/zika/dsk/forward_5773-6274.kCountSorted
    output: /datater/wu/data/zika/primer3_Tm/forward_5773-6274.Tm
    jobid: 150
    wildcards: sample=zika, seg=5773-6274

[Tue Mar  9 17:49:53 2021]
rule filter_within_seg:
    input: /datater/wu/data/zika/dsk/forward_1506-2007.kCountSorted
    output: /datater/wu/data/zika/primer3_Tm/forward_1506-2007.Tm
    jobid: 158
    wildcards: sample=zika, seg=1506-2007

[Tue Mar  9 17:49:53 2021]
rule filter_within_seg:
    input: /datater/wu/data/zika/dsk/forward_1004-1505.kCountSorted
    output: /datater/wu/data/zika/primer3_Tm/forward_1004-1505.Tm
    jobid: 165
    wildcards: sample=zika, seg=1004-1505

[Tue Mar  9 17:49:53 2021]
rule filter_within_seg:
    input: /datater/wu/data/zika/dsk/forward_3765-4266.kCountSorted
    output: /datater/wu/data/zika/primer3_Tm/forward_3765-4266.Tm
    jobid: 173
    wildcards: sample=zika, seg=3765-4266

[Tue Mar  9 17:49:53 2021]
rule filter_within_seg:
    input: /datater/wu/data/zika/dsk/forward_9538-10039.kCountSorted
    output: /datater/wu/data/zika/primer3_Tm/forward_9538-10039.Tm
    jobid: 164
    wildcards: sample=zika, seg=9538-10039

[Tue Mar  9 17:49:53 2021]
rule filter_within_seg:
    input: /datater/wu/data/zika/dsk/forward_5271-5772.kCountSorted
    output: /datater/wu/data/zika/primer3_Tm/forward_5271-5772.Tm
    jobid: 142
    wildcards: sample=zika, seg=5271-5772

[Tue Mar  9 17:49:53 2021]
rule filter_within_seg:
    input: /datater/wu/data/zika/dsk/forward_1757-2258.kCountSorted
    output: /datater/wu/data/zika/primer3_Tm/forward_1757-2258.Tm
    jobid: 157
    wildcards: sample=zika, seg=1757-2258

[Tue Mar  9 17:49:53 2021]
rule filter_within_seg:
    input: /datater/wu/data/zika/dsk/forward_9287-9788.kCountSorted
    output: /datater/wu/data/zika/primer3_Tm/forward_9287-9788.Tm
    jobid: 149
    wildcards: sample=zika, seg=9287-9788

[Tue Mar  9 17:49:53 2021]
rule filter_within_seg:
    input: /datater/wu/data/zika/dsk/forward_3263-3764.kCountSorted
    output: /datater/wu/data/zika/primer3_Tm/forward_3263-3764.Tm
    jobid: 172
    wildcards: sample=zika, seg=3263-3764

[Tue Mar  9 17:49:53 2021]
rule filter_within_seg:
    input: /datater/wu/data/zika/dsk/forward_8785-9286.kCountSorted
    output: /datater/wu/data/zika/primer3_Tm/forward_8785-9286.Tm
    jobid: 179
    wildcards: sample=zika, seg=8785-9286

Shutting down, this might take some time.
Exiting because a job execution failed. Look above for error message
Complete log: /datater/wu/stage_m2/.snakemake/log/2021-03-09T174952.683034.snakemake.log
