Building DAG of jobs...
Using shell: /bin/bash
Provided cores: 12
Rules claiming more threads will be scaled down.
Conda environments: ignored
Job counts:
	count	jobs
	1	MSA
	1	all
	1	checkHeterodimer
	1	evaluation1
	1	evaluation2
	1	evaluation3
	1	filtering2
	1	filtering3
	1	removeDuplicateSeq
	1	specific1
	1	specific2
	1	specific3
	1	specific4
	1	splitIntoOverlappingWindows
	14
Select jobs to execute...

[Fri Apr 30 09:49:04 2021]
rule removeDuplicateSeq:
    input: /datater/wu/data/enterovirusCurated.fasta
    output: /datater/wu/data/MSSPE-basic/enterovirusCurated/enterovirusCurated.uniq
    jobid: 1
    wildcards: sample=enterovirusCurated


[Fri Apr 30 09:49:04 2021]
rule specific2:
    input: /datater/wu/data/RefSeqProkaryota/RefSeqProkaryota.fna
    output: /datater/wu/data/RefSeqProkaryota/RefSeqProkaryota.DB.1.ebwt, /datater/wu/data/RefSeqProkaryota/RefSeqProkaryota.DB.2.ebwt, /datater/wu/data/RefSeqProkaryota/RefSeqProkaryota.DB.3.ebwt, /datater/wu/data/RefSeqProkaryota/RefSeqProkaryota.DB.4.ebwt, /datater/wu/data/RefSeqProkaryota/RefSeqProkaryota.DB.rev.1.ebwt, /datater/wu/data/RefSeqProkaryota/RefSeqProkaryota.DB.rev.2.ebwt
    jobid: 7

[Fri Apr 30 09:49:04 2021]
Finished job 1.
1 of 14 steps (7%) done
Select jobs to execute...

[Fri Apr 30 09:49:04 2021]
rule evaluation1:
    input: /datater/wu/data/MSSPE-basic/enterovirusCurated/enterovirusCurated.uniq, /datater/wu/data/ncbiTaxonomy/nucl_gb.accession2taxid, /datater/wu/data/ncbiTaxonomy/ncbi_lineages_2021-04-23.csv
    output: /datater/wu/data/MSSPE-basic/enterovirusCurated/kmer15/intermediate/aceID-taxID-species.tsv
    jobid: 11
    wildcards: sample=enterovirusCurated

[Fri Apr 30 09:49:04 2021]
rule MSA:
    input: /datater/wu/data/MSSPE-basic/enterovirusCurated/enterovirusCurated.uniq
    output: /datater/wu/data/MSSPE-basic/enterovirusCurated/enterovirusCurated.msa
    log: /datater/wu/data/MSSPE-basic/enterovirusCurated/mafft.log
    jobid: 2
    wildcards: sample=enterovirusCurated

[Fri Apr 30 09:49:39 2021]
Finished job 7.
2 of 14 steps (14%) done
[Fri Apr 30 09:53:31 2021]
Finished job 11.
3 of 14 steps (21%) done
[Fri Apr 30 09:55:51 2021]
Finished job 2.
4 of 14 steps (29%) done
Select jobs to execute...

[Fri Apr 30 09:55:51 2021]
checkpoint splitIntoOverlappingWindows:
    input: /datater/wu/data/MSSPE-basic/enterovirusCurated/enterovirusCurated.msa
    output: /datater/wu/data/MSSPE-basic/enterovirusCurated/splitFiles
    jobid: 4
    wildcards: sample=enterovirusCurated
Downstream jobs will be updated after completion.

Updating job filtering2.
[Fri Apr 30 09:55:53 2021]
Finished job 4.
5 of 142 steps (4%) done
Select jobs to execute...

[Fri Apr 30 09:55:53 2021]
rule countKmer1:
    input: /datater/wu/data/MSSPE-basic/enterovirusCurated/splitFiles/reverse2016-2518.fasta
    output: /datater/wu/data/MSSPE-basic/enterovirusCurated/kmer15/intermediate/reverse2016-2518.int.kmc_pre, /datater/wu/data/MSSPE-basic/enterovirusCurated/kmer15/intermediate/reverse2016-2518.int.kmc_suf
    jobid: 98
    wildcards: sample=enterovirusCurated, seg=2016-2518


[Fri Apr 30 09:55:53 2021]
rule countKmer1:
    input: /datater/wu/data/MSSPE-basic/enterovirusCurated/splitFiles/reverse5292-5794.fasta
    output: /datater/wu/data/MSSPE-basic/enterovirusCurated/kmer15/intermediate/reverse5292-5794.int.kmc_pre, /datater/wu/data/MSSPE-basic/enterovirusCurated/kmer15/intermediate/reverse5292-5794.int.kmc_suf
    jobid: 70
    wildcards: sample=enterovirusCurated, seg=5292-5794


[Fri Apr 30 09:55:53 2021]
rule countKmer1:
    input: /datater/wu/data/MSSPE-basic/enterovirusCurated/splitFiles/reverse1260-1762.fasta
    output: /datater/wu/data/MSSPE-basic/enterovirusCurated/kmer15/intermediate/reverse1260-1762.int.kmc_pre, /datater/wu/data/MSSPE-basic/enterovirusCurated/kmer15/intermediate/reverse1260-1762.int.kmc_suf
    jobid: 62
    wildcards: sample=enterovirusCurated, seg=1260-1762


[Fri Apr 30 09:55:53 2021]
rule countKmer1:
    input: /datater/wu/data/MSSPE-basic/enterovirusCurated/splitFiles/reverse7560-8051.fasta
    output: /datater/wu/data/MSSPE-basic/enterovirusCurated/kmer15/intermediate/reverse7560-8051.int.kmc_pre, /datater/wu/data/MSSPE-basic/enterovirusCurated/kmer15/intermediate/reverse7560-8051.int.kmc_suf
    jobid: 134
    wildcards: sample=enterovirusCurated, seg=7560-8051


[Fri Apr 30 09:55:53 2021]
rule countKmer1:
    input: /datater/wu/data/MSSPE-basic/enterovirusCurated/splitFiles/reverse6552-7054.fasta
    output: /datater/wu/data/MSSPE-basic/enterovirusCurated/kmer15/intermediate/reverse6552-7054.int.kmc_pre, /datater/wu/data/MSSPE-basic/enterovirusCurated/kmer15/intermediate/reverse6552-7054.int.kmc_suf
    jobid: 54
    wildcards: sample=enterovirusCurated, seg=6552-7054


[Fri Apr 30 09:55:53 2021]
rule countKmer1:
    input: /datater/wu/data/MSSPE-basic/enterovirusCurated/splitFiles/reverse6300-6802.fasta
    output: /datater/wu/data/MSSPE-basic/enterovirusCurated/kmer15/intermediate/reverse6300-6802.int.kmc_pre, /datater/wu/data/MSSPE-basic/enterovirusCurated/kmer15/intermediate/reverse6300-6802.int.kmc_suf
    jobid: 106
    wildcards: sample=enterovirusCurated, seg=6300-6802


[Fri Apr 30 09:55:53 2021]
rule countKmer1:
    input: /datater/wu/data/MSSPE-basic/enterovirusCurated/splitFiles/reverse6804-7306.fasta
    output: /datater/wu/data/MSSPE-basic/enterovirusCurated/kmer15/intermediate/reverse6804-7306.int.kmc_pre, /datater/wu/data/MSSPE-basic/enterovirusCurated/kmer15/intermediate/reverse6804-7306.int.kmc_suf
    jobid: 46
    wildcards: sample=enterovirusCurated, seg=6804-7306


[Fri Apr 30 09:55:53 2021]
rule countKmer1:
    input: /datater/wu/data/MSSPE-basic/enterovirusCurated/splitFiles/reverse2268-2770.fasta
    output: /datater/wu/data/MSSPE-basic/enterovirusCurated/kmer15/intermediate/reverse2268-2770.int.kmc_pre, /datater/wu/data/MSSPE-basic/enterovirusCurated/kmer15/intermediate/reverse2268-2770.int.kmc_suf
    jobid: 114
    wildcards: sample=enterovirusCurated, seg=2268-2770


[Fri Apr 30 09:55:53 2021]
rule countKmer1:
    input: /datater/wu/data/MSSPE-basic/enterovirusCurated/splitFiles/reverse1512-2014.fasta
    output: /datater/wu/data/MSSPE-basic/enterovirusCurated/kmer15/intermediate/reverse1512-2014.int.kmc_pre, /datater/wu/data/MSSPE-basic/enterovirusCurated/kmer15/intermediate/reverse1512-2014.int.kmc_suf
    jobid: 58
    wildcards: sample=enterovirusCurated, seg=1512-2014


[Fri Apr 30 09:55:53 2021]
rule countKmer1:
    input: /datater/wu/data/MSSPE-basic/enterovirusCurated/splitFiles/reverse2772-3274.fasta
    output: /datater/wu/data/MSSPE-basic/enterovirusCurated/kmer15/intermediate/reverse2772-3274.int.kmc_pre, /datater/wu/data/MSSPE-basic/enterovirusCurated/kmer15/intermediate/reverse2772-3274.int.kmc_suf
    jobid: 22
    wildcards: sample=enterovirusCurated, seg=2772-3274


[Fri Apr 30 09:55:53 2021]
rule countKmer1:
    input: /datater/wu/data/MSSPE-basic/enterovirusCurated/splitFiles/reverse3024-3526.fasta
    output: /datater/wu/data/MSSPE-basic/enterovirusCurated/kmer15/intermediate/reverse3024-3526.int.kmc_pre, /datater/wu/data/MSSPE-basic/enterovirusCurated/kmer15/intermediate/reverse3024-3526.int.kmc_suf
    jobid: 82
    wildcards: sample=enterovirusCurated, seg=3024-3526


[Fri Apr 30 09:55:53 2021]
rule countKmer1:
    input: /datater/wu/data/MSSPE-basic/enterovirusCurated/splitFiles/reverse4536-5038.fasta
    output: /datater/wu/data/MSSPE-basic/enterovirusCurated/kmer15/intermediate/reverse4536-5038.int.kmc_pre, /datater/wu/data/MSSPE-basic/enterovirusCurated/kmer15/intermediate/reverse4536-5038.int.kmc_suf
    jobid: 142
    wildcards: sample=enterovirusCurated, seg=4536-5038

[Fri Apr 30 09:55:55 2021]
Finished job 70.
6 of 142 steps (4%) done
Select jobs to execute...
[Fri Apr 30 09:55:55 2021]
Finished job 98.
7 of 142 steps (5%) done

[Fri Apr 30 09:55:55 2021]
rule countKmer1:
    input: /datater/wu/data/MSSPE-basic/enterovirusCurated/splitFiles/reverse1008-1510.fasta
    output: /datater/wu/data/MSSPE-basic/enterovirusCurated/kmer15/intermediate/reverse1008-1510.int.kmc_pre, /datater/wu/data/MSSPE-basic/enterovirusCurated/kmer15/intermediate/reverse1008-1510.int.kmc_suf
    jobid: 30
    wildcards: sample=enterovirusCurated, seg=1008-1510

Select jobs to execute...

[Fri Apr 30 09:55:55 2021]
rule countKmer1:
    input: /datater/wu/data/MSSPE-basic/enterovirusCurated/splitFiles/reverse7056-7558.fasta
    output: /datater/wu/data/MSSPE-basic/enterovirusCurated/kmer15/intermediate/reverse7056-7558.int.kmc_pre, /datater/wu/data/MSSPE-basic/enterovirusCurated/kmer15/intermediate/reverse7056-7558.int.kmc_suf
    jobid: 90
    wildcards: sample=enterovirusCurated, seg=7056-7558

[Fri Apr 30 09:55:55 2021]
Finished job 62.
8 of 142 steps (6%) done
Select jobs to execute...

[Fri Apr 30 09:55:55 2021]
rule countKmer2:
    input: /datater/wu/data/MSSPE-basic/enterovirusCurated/kmer15/intermediate/reverse5292-5794.int.kmc_pre, /datater/wu/data/MSSPE-basic/enterovirusCurated/kmer15/intermediate/reverse5292-5794.int.kmc_suf
    output: /datater/wu/data/MSSPE-basic/enterovirusCurated/kmer15/intermediate/reverse5292-5794.Kmercount.txt
    jobid: 69
    wildcards: sample=enterovirusCurated, seg=5292-5794

[Fri Apr 30 09:55:55 2021]
Finished job 134.
9 of 142 steps (6%) done
RuleException in line 22 of /datater/wu/MSSPE/rules-basic/reverse_kmer_kmerCount.smk:
'Params' object has no attribute 'output'
  File "/datater/wu/miniconda3/envs/snakemake/lib/python3.9/site-packages/snakemake/executors/__init__.py", line 136, in run_jobs
  File "/datater/wu/miniconda3/envs/snakemake/lib/python3.9/site-packages/snakemake/executors/__init__.py", line 441, in run
  File "/datater/wu/miniconda3/envs/snakemake/lib/python3.9/site-packages/snakemake/executors/__init__.py", line 230, in _run
  File "/datater/wu/miniconda3/envs/snakemake/lib/python3.9/site-packages/snakemake/executors/__init__.py", line 156, in _run
  File "/datater/wu/miniconda3/envs/snakemake/lib/python3.9/site-packages/snakemake/executors/__init__.py", line 162, in printjob
