Building DAG of jobs...
Using shell: /bin/bash
Provided cores: 12
Rules claiming more threads will be scaled down.
Conda environments: ignored
Job counts:
	count	jobs
	1	all
	74	dsk
	75
Select jobs to execute...

[Tue Mar  2 09:42:09 2021]
rule dsk:
    input: /datater/wu/data/splitFiles/enterovirus.forward.7395-7900.fasta
    output: /datater/wu/data/kmerCounting/enterovirus.forward.7395-7900.h5
    jobid: 62
    wildcards: prefix=enterovirus.forward.7395-7900


[Tue Mar  2 09:42:09 2021]
rule dsk:
    input: /datater/wu/data/splitFiles/enterovirus.forward.4335-4840.fasta
    output: /datater/wu/data/kmerCounting/enterovirus.forward.4335-4840.h5
    jobid: 69
    wildcards: prefix=enterovirus.forward.4335-4840


[Tue Mar  2 09:42:09 2021]
rule dsk:
    input: /datater/wu/data/splitFiles/enterovirus.reverse.7140-7645.fasta
    output: /datater/wu/data/kmerCounting/enterovirus.reverse.7140-7645.h5
    jobid: 114
    wildcards: prefix=enterovirus.reverse.7140-7645


[Tue Mar  2 09:42:09 2021]
rule dsk:
    input: /datater/wu/data/splitFiles/enterovirus.forward.2805-3310.fasta
    output: /datater/wu/data/kmerCounting/enterovirus.forward.2805-3310.h5
    jobid: 104
    wildcards: prefix=enterovirus.forward.2805-3310


[Tue Mar  2 09:42:09 2021]
rule dsk:
    input: /datater/wu/data/splitFiles/enterovirus.reverse.0-505.fasta
    output: /datater/wu/data/kmerCounting/enterovirus.reverse.0-505.h5
    jobid: 112
    wildcards: prefix=enterovirus.reverse.0-505


[Tue Mar  2 09:42:09 2021]
rule dsk:
    input: /datater/wu/data/splitFiles/enterovirus.forward.2040-2545.fasta
    output: /datater/wu/data/kmerCounting/enterovirus.forward.2040-2545.h5
    jobid: 6
    wildcards: prefix=enterovirus.forward.2040-2545


[Tue Mar  2 09:42:09 2021]
rule dsk:
    input: /datater/wu/data/splitFiles/enterovirus.reverse.8670-9175.fasta
    output: /datater/wu/data/kmerCounting/enterovirus.reverse.8670-9175.h5
    jobid: 14
    wildcards: prefix=enterovirus.reverse.8670-9175


[Tue Mar  2 09:42:09 2021]
rule dsk:
    input: /datater/wu/data/splitFiles/enterovirus.forward.0-505.fasta
    output: /datater/wu/data/kmerCounting/enterovirus.forward.0-505.h5
    jobid: 22
    wildcards: prefix=enterovirus.forward.0-505


[Tue Mar  2 09:42:09 2021]
rule dsk:
    input: /datater/wu/data/splitFiles/enterovirus.reverse.8925-9430.fasta
    output: /datater/wu/data/kmerCounting/enterovirus.reverse.8925-9430.h5
    jobid: 44
    wildcards: prefix=enterovirus.reverse.8925-9430


[Tue Mar  2 09:42:09 2021]
rule dsk:
    input: /datater/wu/data/splitFiles/enterovirus.reverse.7905-8410.fasta
    output: /datater/wu/data/kmerCounting/enterovirus.reverse.7905-8410.h5
    jobid: 52
    wildcards: prefix=enterovirus.reverse.7905-8410


[Tue Mar  2 09:42:09 2021]
rule dsk:
    input: /datater/wu/data/splitFiles/enterovirus.forward.3315-3820.fasta
    output: /datater/wu/data/kmerCounting/enterovirus.forward.3315-3820.h5
    jobid: 67
    wildcards: prefix=enterovirus.forward.3315-3820


[Tue Mar  2 09:42:09 2021]
rule dsk:
    input: /datater/wu/data/splitFiles/enterovirus.reverse.6375-6880.fasta
    output: /datater/wu/data/kmerCounting/enterovirus.reverse.6375-6880.h5
    jobid: 82
    wildcards: prefix=enterovirus.reverse.6375-6880

[Tue Mar  2 09:42:11 2021]
Finished job 104.
1 of 75 steps (1%) done
Select jobs to execute...

[Tue Mar  2 09:42:11 2021]
rule dsk:
    input: /datater/wu/data/splitFiles/enterovirus.forward.5610-6115.fasta
    output: /datater/wu/data/kmerCounting/enterovirus.forward.5610-6115.h5
    jobid: 95
    wildcards: prefix=enterovirus.forward.5610-6115

[Tue Mar  2 09:42:11 2021]
Finished job 62.
2 of 75 steps (3%) done
Select jobs to execute...
[Tue Mar  2 09:42:11 2021]
Finished job 69.
3 of 75 steps (4%) done
[Tue Mar  2 09:42:11 2021]
Finished job 112.
4 of 75 steps (5%) done

[Tue Mar  2 09:42:11 2021]
rule dsk:
    input: /datater/wu/data/splitFiles/enterovirus.reverse.765-1270.fasta
    output: /datater/wu/data/kmerCounting/enterovirus.reverse.765-1270.h5
    jobid: 28
    wildcards: prefix=enterovirus.reverse.765-1270

Select jobs to execute...
[Tue Mar  2 09:42:11 2021]
Finished job 6.
5 of 75 steps (7%) done
[Tue Mar  2 09:42:11 2021]
Finished job 114.
6 of 75 steps (8%) done

[Tue Mar  2 09:42:11 2021]
rule dsk:
    input: /datater/wu/data/splitFiles/enterovirus.forward.3570-4075.fasta
    output: /datater/wu/data/kmerCounting/enterovirus.forward.3570-4075.h5
    jobid: 51
    wildcards: prefix=enterovirus.forward.3570-4075


[Tue Mar  2 09:42:11 2021]
rule dsk:
    input: /datater/wu/data/splitFiles/enterovirus.reverse.3060-3565.fasta
    output: /datater/wu/data/kmerCounting/enterovirus.reverse.3060-3565.h5
    jobid: 77
    wildcards: prefix=enterovirus.reverse.3060-3565

Select jobs to execute...

[Tue Mar  2 09:42:11 2021]
rule dsk:
    input: /datater/wu/data/splitFiles/enterovirus.reverse.4845-5350.fasta
    output: /datater/wu/data/kmerCounting/enterovirus.reverse.4845-5350.h5
    jobid: 75
    wildcards: prefix=enterovirus.reverse.4845-5350


[Tue Mar  2 09:42:11 2021]
rule dsk:
    input: /datater/wu/data/splitFiles/enterovirus.reverse.1785-2290.fasta
    output: /datater/wu/data/kmerCounting/enterovirus.reverse.1785-2290.h5
    jobid: 58
    wildcards: prefix=enterovirus.reverse.1785-2290

Select jobs to execute...
Select jobs to execute...
[Tue Mar  2 09:42:12 2021]
Finished job 44.
7 of 75 steps (9%) done
Select jobs to execute...

[Tue Mar  2 09:42:12 2021]
rule dsk:
    input: /datater/wu/data/splitFiles/enterovirus.forward.6120-6625.fasta
    output: /datater/wu/data/kmerCounting/enterovirus.forward.6120-6625.h5
    jobid: 72
    wildcards: prefix=enterovirus.forward.6120-6625

[Tue Mar  2 09:42:12 2021]
Finished job 22.
8 of 75 steps (11%) done
Select jobs to execute...
[Tue Mar  2 09:42:12 2021]
Finished job 14.
9 of 75 steps (12%) done
[Tue Mar  2 09:42:12 2021]
Finished job 67.
10 of 75 steps (13%) done
[Tue Mar  2 09:42:12 2021]
Finished job 82.
11 of 75 steps (15%) done
[Tue Mar  2 09:42:12 2021]
Finished job 52.
12 of 75 steps (16%) done

[Tue Mar  2 09:42:12 2021]
rule dsk:
    input: /datater/wu/data/splitFiles/enterovirus.forward.8925-9430.fasta
    output: /datater/wu/data/kmerCounting/enterovirus.forward.8925-9430.h5
    jobid: 80
    wildcards: prefix=enterovirus.forward.8925-9430

Select jobs to execute...

[Tue Mar  2 09:42:12 2021]
rule dsk:
    input: /datater/wu/data/splitFiles/enterovirus.forward.1785-2290.fasta
    output: /datater/wu/data/kmerCounting/enterovirus.forward.1785-2290.h5
    jobid: 90
    wildcards: prefix=enterovirus.forward.1785-2290


[Tue Mar  2 09:42:12 2021]
rule dsk:
    input: /datater/wu/data/splitFiles/enterovirus.forward.1530-2035.fasta
    output: /datater/wu/data/kmerCounting/enterovirus.forward.1530-2035.h5
    jobid: 81
    wildcards: prefix=enterovirus.forward.1530-2035


[Tue Mar  2 09:42:12 2021]
rule dsk:
    input: /datater/wu/data/splitFiles/enterovirus.reverse.1275-1780.fasta
    output: /datater/wu/data/kmerCounting/enterovirus.reverse.1275-1780.h5
    jobid: 66
    wildcards: prefix=enterovirus.reverse.1275-1780


[Tue Mar  2 09:42:12 2021]
rule dsk:
    input: /datater/wu/data/splitFiles/enterovirus.forward.5355-5860.fasta
    output: /datater/wu/data/kmerCounting/enterovirus.forward.5355-5860.h5
    jobid: 73
    wildcards: prefix=enterovirus.forward.5355-5860

Select jobs to execute...
Select jobs to execute...
Select jobs to execute...
[Tue Mar  2 09:42:14 2021]
Finished job 95.
13 of 75 steps (17%) done
Select jobs to execute...

[Tue Mar  2 09:42:14 2021]
rule dsk:
    input: /datater/wu/data/splitFiles/enterovirus.forward.8670-9175.fasta
    output: /datater/wu/data/kmerCounting/enterovirus.forward.8670-9175.h5
    jobid: 35
    wildcards: prefix=enterovirus.forward.8670-9175

[Tue Mar  2 09:42:14 2021]
Finished job 28.
14 of 75 steps (19%) done
Select jobs to execute...

[Tue Mar  2 09:42:14 2021]
rule dsk:
    input: /datater/wu/data/splitFiles/enterovirus.reverse.2805-3310.fasta
    output: /datater/wu/data/kmerCounting/enterovirus.reverse.2805-3310.h5
    jobid: 42
    wildcards: prefix=enterovirus.reverse.2805-3310

[Tue Mar  2 09:42:14 2021]
Finished job 75.
15 of 75 steps (20%) done
Select jobs to execute...
[Tue Mar  2 09:42:14 2021]
Finished job 51.
16 of 75 steps (21%) done

[Tue Mar  2 09:42:14 2021]
rule dsk:
    input: /datater/wu/data/splitFiles/enterovirus.reverse.9180-9398.fasta
    output: /datater/wu/data/kmerCounting/enterovirus.reverse.9180-9398.h5
    jobid: 32
    wildcards: prefix=enterovirus.reverse.9180-9398

Select jobs to execute...
[Tue Mar  2 09:42:14 2021]
Finished job 58.
17 of 75 steps (23%) done

[Tue Mar  2 09:42:14 2021]
rule dsk:
    input: /datater/wu/data/splitFiles/enterovirus.forward.7650-8155.fasta
    output: /datater/wu/data/kmerCounting/enterovirus.forward.7650-8155.h5
    jobid: 8
    wildcards: prefix=enterovirus.forward.7650-8155

Select jobs to execute...

[Tue Mar  2 09:42:14 2021]
rule dsk:
    input: /datater/wu/data/splitFiles/enterovirus.reverse.1020-1525.fasta
    output: /datater/wu/data/kmerCounting/enterovirus.reverse.1020-1525.h5
    jobid: 36
    wildcards: prefix=enterovirus.reverse.1020-1525

[Tue Mar  2 09:42:14 2021]
Finished job 77.
18 of 75 steps (24%) done
Select jobs to execute...

[Tue Mar  2 09:42:14 2021]
rule dsk:
    input: /datater/wu/data/splitFiles/enterovirus.forward.3825-4330.fasta
    output: /datater/wu/data/kmerCounting/enterovirus.forward.3825-4330.h5
    jobid: 88
    wildcards: prefix=enterovirus.forward.3825-4330

[Tue Mar  2 09:42:14 2021]
Finished job 80.
19 of 75 steps (25%) done
Select jobs to execute...
[Tue Mar  2 09:42:14 2021]
Finished job 72.
20 of 75 steps (27%) done

[Tue Mar  2 09:42:14 2021]
rule dsk:
    input: /datater/wu/data/splitFiles/enterovirus.reverse.255-760.fasta
    output: /datater/wu/data/kmerCounting/enterovirus.reverse.255-760.h5
    jobid: 113
    wildcards: prefix=enterovirus.reverse.255-760


[Tue Mar  2 09:42:14 2021]
rule dsk:
    input: /datater/wu/data/splitFiles/enterovirus.forward.9180-9398.fasta
    output: /datater/wu/data/kmerCounting/enterovirus.forward.9180-9398.h5
    jobid: 24
    wildcards: prefix=enterovirus.forward.9180-9398

Select jobs to execute...
[Tue Mar  2 09:42:14 2021]
Finished job 90.
21 of 75 steps (28%) done
Select jobs to execute...

[Tue Mar  2 09:42:14 2021]
rule dsk:
    input: /datater/wu/data/splitFiles/enterovirus.reverse.7395-7900.fasta
    output: /datater/wu/data/kmerCounting/enterovirus.reverse.7395-7900.h5
    jobid: 65
    wildcards: prefix=enterovirus.reverse.7395-7900

[Tue Mar  2 09:42:14 2021]
Finished job 66.
22 of 75 steps (29%) done
Select jobs to execute...

[Tue Mar  2 09:42:14 2021]
rule dsk:
    input: /datater/wu/data/splitFiles/enterovirus.reverse.4080-4585.fasta
    output: /datater/wu/data/kmerCounting/enterovirus.reverse.4080-4585.h5
    jobid: 103
    wildcards: prefix=enterovirus.reverse.4080-4585

[Tue Mar  2 09:42:14 2021]
Finished job 73.
23 of 75 steps (31%) done
[Tue Mar  2 09:42:14 2021]
Finished job 81.
24 of 75 steps (32%) done
Select jobs to execute...

[Tue Mar  2 09:42:14 2021]
rule dsk:
    input: /datater/wu/data/splitFiles/enterovirus.reverse.3825-4330.fasta
    output: /datater/wu/data/kmerCounting/enterovirus.reverse.3825-4330.h5
    jobid: 16
    wildcards: prefix=enterovirus.reverse.3825-4330


[Tue Mar  2 09:42:14 2021]
rule dsk:
    input: /datater/wu/data/splitFiles/enterovirus.reverse.7650-8155.fasta
    output: /datater/wu/data/kmerCounting/enterovirus.reverse.7650-8155.h5
    jobid: 111
    wildcards: prefix=enterovirus.reverse.7650-8155

Select jobs to execute...
[Tue Mar  2 09:42:16 2021]
Finished job 32.
25 of 75 steps (33%) done
Select jobs to execute...

[Tue Mar  2 09:42:16 2021]
rule dsk:
    input: /datater/wu/data/splitFiles/enterovirus.forward.510-1015.fasta
    output: /datater/wu/data/kmerCounting/enterovirus.forward.510-1015.h5
    jobid: 110
    wildcards: prefix=enterovirus.forward.510-1015

[Tue Mar  2 09:42:16 2021]
Finished job 35.
26 of 75 steps (35%) done
Select jobs to execute...

[Tue Mar  2 09:42:16 2021]
rule dsk:
    input: /datater/wu/data/splitFiles/enterovirus.reverse.6120-6625.fasta
    output: /datater/wu/data/kmerCounting/enterovirus.reverse.6120-6625.h5
    jobid: 20
    wildcards: prefix=enterovirus.reverse.6120-6625

[Tue Mar  2 09:42:16 2021]
Finished job 8.
27 of 75 steps (36%) done
Select jobs to execute...

[Tue Mar  2 09:42:16 2021]
rule dsk:
    input: /datater/wu/data/splitFiles/enterovirus.forward.6885-7390.fasta
    output: /datater/wu/data/kmerCounting/enterovirus.forward.6885-7390.h5
    jobid: 12
    wildcards: prefix=enterovirus.forward.6885-7390

[Tue Mar  2 09:42:16 2021]
Finished job 36.
28 of 75 steps (37%) done
Select jobs to execute...

[Tue Mar  2 09:42:16 2021]
rule dsk:
    input: /datater/wu/data/splitFiles/enterovirus.forward.1020-1525.fasta
    output: /datater/wu/data/kmerCounting/enterovirus.forward.1020-1525.h5
    jobid: 96
    wildcards: prefix=enterovirus.forward.1020-1525

[Tue Mar  2 09:42:16 2021]
Finished job 42.
29 of 75 steps (39%) done
Select jobs to execute...

[Tue Mar  2 09:42:16 2021]
rule dsk:
    input: /datater/wu/data/splitFiles/enterovirus.forward.6375-6880.fasta
    output: /datater/wu/data/kmerCounting/enterovirus.forward.6375-6880.h5
    jobid: 102
    wildcards: prefix=enterovirus.forward.6375-6880

[Tue Mar  2 09:42:16 2021]
Finished job 16.
30 of 75 steps (40%) done
Select jobs to execute...
[Tue Mar  2 09:42:16 2021]
Finished job 111.
31 of 75 steps (41%) done
[Tue Mar  2 09:42:16 2021]
Finished job 103.
32 of 75 steps (43%) done

[Tue Mar  2 09:42:16 2021]
rule dsk:
    input: /datater/wu/data/splitFiles/enterovirus.reverse.6885-7390.fasta
    output: /datater/wu/data/kmerCounting/enterovirus.reverse.6885-7390.h5
    jobid: 89
    wildcards: prefix=enterovirus.reverse.6885-7390

Select jobs to execute...
[Tue Mar  2 09:42:16 2021]
Finished job 65.
33 of 75 steps (44%) done

[Tue Mar  2 09:42:16 2021]
rule dsk:
    input: /datater/wu/data/splitFiles/enterovirus.forward.3060-3565.fasta
    output: /datater/wu/data/kmerCounting/enterovirus.forward.3060-3565.h5
    jobid: 97
    wildcards: prefix=enterovirus.forward.3060-3565


[Tue Mar  2 09:42:16 2021]
rule dsk:
    input: /datater/wu/data/splitFiles/enterovirus.forward.7905-8410.fasta
    output: /datater/wu/data/kmerCounting/enterovirus.forward.7905-8410.h5
    jobid: 100
    wildcards: prefix=enterovirus.forward.7905-8410

Select jobs to execute...
[Tue Mar  2 09:42:16 2021]
Finished job 88.
34 of 75 steps (45%) done

[Tue Mar  2 09:42:16 2021]
rule dsk:
    input: /datater/wu/data/splitFiles/enterovirus.forward.1275-1780.fasta
    output: /datater/wu/data/kmerCounting/enterovirus.forward.1275-1780.h5
    jobid: 54
    wildcards: prefix=enterovirus.forward.1275-1780

Select jobs to execute...
[Tue Mar  2 09:42:16 2021]
Finished job 24.
35 of 75 steps (47%) done

[Tue Mar  2 09:42:16 2021]
rule dsk:
    input: /datater/wu/data/splitFiles/enterovirus.forward.4080-4585.fasta
    output: /datater/wu/data/kmerCounting/enterovirus.forward.4080-4585.h5
    jobid: 30
    wildcards: prefix=enterovirus.forward.4080-4585


[Tue Mar  2 09:42:16 2021]
rule dsk:
    input: /datater/wu/data/splitFiles/enterovirus.reverse.8415-8920.fasta
    output: /datater/wu/data/kmerCounting/enterovirus.reverse.8415-8920.h5
    jobid: 33
    wildcards: prefix=enterovirus.reverse.8415-8920

Select jobs to execute...
Select jobs to execute...
[Tue Mar  2 09:42:17 2021]
Finished job 113.
36 of 75 steps (48%) done
Select jobs to execute...

[Tue Mar  2 09:42:17 2021]
rule dsk:
    input: /datater/wu/data/splitFiles/enterovirus.reverse.5100-5605.fasta
    output: /datater/wu/data/kmerCounting/enterovirus.reverse.5100-5605.h5
    jobid: 84
    wildcards: prefix=enterovirus.reverse.5100-5605

[Tue Mar  2 09:42:18 2021]
Finished job 110.
37 of 75 steps (49%) done
Select jobs to execute...

[Tue Mar  2 09:42:18 2021]
rule dsk:
    input: /datater/wu/data/splitFiles/enterovirus.forward.255-760.fasta
    output: /datater/wu/data/kmerCounting/enterovirus.forward.255-760.h5
    jobid: 47
    wildcards: prefix=enterovirus.forward.255-760

[Tue Mar  2 09:42:18 2021]
Finished job 20.
38 of 75 steps (51%) done
Select jobs to execute...

[Tue Mar  2 09:42:18 2021]
rule dsk:
    input: /datater/wu/data/splitFiles/enterovirus.reverse.4590-5095.fasta
    output: /datater/wu/data/kmerCounting/enterovirus.reverse.4590-5095.h5
    jobid: 92
    wildcards: prefix=enterovirus.reverse.4590-5095

[Tue Mar  2 09:42:19 2021]
Finished job 12.
39 of 75 steps (52%) done
Select jobs to execute...

[Tue Mar  2 09:42:19 2021]
rule dsk:
    input: /datater/wu/data/splitFiles/enterovirus.forward.5100-5605.fasta
    output: /datater/wu/data/kmerCounting/enterovirus.forward.5100-5605.h5
    jobid: 107
    wildcards: prefix=enterovirus.forward.5100-5605

[Tue Mar  2 09:42:19 2021]
Finished job 96.
40 of 75 steps (53%) done
Select jobs to execute...
[Tue Mar  2 09:42:19 2021]
Finished job 97.
41 of 75 steps (55%) done
[Tue Mar  2 09:42:19 2021]
Finished job 102.
42 of 75 steps (56%) done

[Tue Mar  2 09:42:19 2021]
rule dsk:
    input: /datater/wu/data/splitFiles/enterovirus.forward.2550-3055.fasta
    output: /datater/wu/data/kmerCounting/enterovirus.forward.2550-3055.h5
    jobid: 70
    wildcards: prefix=enterovirus.forward.2550-3055

Select jobs to execute...
[Tue Mar  2 09:42:19 2021]
Finished job 54.
43 of 75 steps (57%) done
[Tue Mar  2 09:42:19 2021]
Finished job 89.
44 of 75 steps (59%) done

[Tue Mar  2 09:42:19 2021]
rule dsk:
    input: /datater/wu/data/splitFiles/enterovirus.forward.5865-6370.fasta
    output: /datater/wu/data/kmerCounting/enterovirus.forward.5865-6370.h5
    jobid: 46
    wildcards: prefix=enterovirus.forward.5865-6370


[Tue Mar  2 09:42:19 2021]
rule dsk:
    input: /datater/wu/data/splitFiles/enterovirus.forward.2295-2800.fasta
    output: /datater/wu/data/kmerCounting/enterovirus.forward.2295-2800.h5
    jobid: 101
    wildcards: prefix=enterovirus.forward.2295-2800

Select jobs to execute...

[Tue Mar  2 09:42:19 2021]
rule dsk:
    input: /datater/wu/data/splitFiles/enterovirus.reverse.5355-5860.fasta
    output: /datater/wu/data/kmerCounting/enterovirus.reverse.5355-5860.h5
    jobid: 91
    wildcards: prefix=enterovirus.reverse.5355-5860


[Tue Mar  2 09:42:19 2021]
rule dsk:
    input: /datater/wu/data/splitFiles/enterovirus.forward.4590-5095.fasta
    output: /datater/wu/data/kmerCounting/enterovirus.forward.4590-5095.h5
    jobid: 4
    wildcards: prefix=enterovirus.forward.4590-5095

Select jobs to execute...
Select jobs to execute...
[Tue Mar  2 09:42:19 2021]
Finished job 30.
45 of 75 steps (60%) done
Select jobs to execute...

[Tue Mar  2 09:42:19 2021]
rule dsk:
    input: /datater/wu/data/splitFiles/enterovirus.reverse.2550-3055.fasta
    output: /datater/wu/data/kmerCounting/enterovirus.reverse.2550-3055.h5
    jobid: 99
    wildcards: prefix=enterovirus.reverse.2550-3055

[Tue Mar  2 09:42:19 2021]
Finished job 100.
46 of 75 steps (61%) done
Select jobs to execute...
[Tue Mar  2 09:42:19 2021]
Finished job 33.
47 of 75 steps (63%) done

[Tue Mar  2 09:42:19 2021]
rule dsk:
    input: /datater/wu/data/splitFiles/enterovirus.forward.8160-8665.fasta
    output: /datater/wu/data/kmerCounting/enterovirus.forward.8160-8665.h5
    jobid: 86
    wildcards: prefix=enterovirus.forward.8160-8665

Select jobs to execute...
[Tue Mar  2 09:42:19 2021]
Finished job 84.
48 of 75 steps (64%) done

[Tue Mar  2 09:42:19 2021]
rule dsk:
    input: /datater/wu/data/splitFiles/enterovirus.reverse.2295-2800.fasta
    output: /datater/wu/data/kmerCounting/enterovirus.reverse.2295-2800.h5
    jobid: 60
    wildcards: prefix=enterovirus.reverse.2295-2800

Select jobs to execute...

[Tue Mar  2 09:42:19 2021]
rule dsk:
    input: /datater/wu/data/splitFiles/enterovirus.reverse.1530-2035.fasta
    output: /datater/wu/data/kmerCounting/enterovirus.reverse.1530-2035.h5
    jobid: 10
    wildcards: prefix=enterovirus.reverse.1530-2035

[Tue Mar  2 09:42:21 2021]
Finished job 47.
49 of 75 steps (65%) done
Select jobs to execute...

[Tue Mar  2 09:42:21 2021]
rule dsk:
    input: /datater/wu/data/splitFiles/enterovirus.reverse.8160-8665.fasta
    output: /datater/wu/data/kmerCounting/enterovirus.reverse.8160-8665.h5
    jobid: 106
    wildcards: prefix=enterovirus.reverse.8160-8665

[Tue Mar  2 09:42:21 2021]
Finished job 70.
50 of 75 steps (67%) done
[Tue Mar  2 09:42:21 2021]
Finished job 107.
51 of 75 steps (68%) done
Select jobs to execute...
[Tue Mar  2 09:42:21 2021]
Finished job 46.
52 of 75 steps (69%) done
[Tue Mar  2 09:42:21 2021]
Finished job 4.
53 of 75 steps (71%) done
[Tue Mar  2 09:42:21 2021]
Finished job 101.
54 of 75 steps (72%) done

[Tue Mar  2 09:42:21 2021]
rule dsk:
    input: /datater/wu/data/splitFiles/enterovirus.forward.765-1270.fasta
    output: /datater/wu/data/kmerCounting/enterovirus.forward.765-1270.h5
    jobid: 105
    wildcards: prefix=enterovirus.forward.765-1270

[Tue Mar  2 09:42:21 2021]
Finished job 99.
55 of 75 steps (73%) done

[Tue Mar  2 09:42:21 2021]
rule dsk:
    input: /datater/wu/data/splitFiles/enterovirus.reverse.4335-4840.fasta
    output: /datater/wu/data/kmerCounting/enterovirus.reverse.4335-4840.h5
    jobid: 56
    wildcards: prefix=enterovirus.reverse.4335-4840


[Tue Mar  2 09:42:21 2021]
rule dsk:
    input: /datater/wu/data/splitFiles/enterovirus.reverse.5865-6370.fasta
    output: /datater/wu/data/kmerCounting/enterovirus.reverse.5865-6370.h5
    jobid: 40
    wildcards: prefix=enterovirus.reverse.5865-6370

[Tue Mar  2 09:42:21 2021]
Finished job 91.
56 of 75 steps (75%) done
Select jobs to execute...
[Tue Mar  2 09:42:21 2021]
Finished job 86.
57 of 75 steps (76%) done

[Tue Mar  2 09:42:21 2021]
rule dsk:
    input: /datater/wu/data/splitFiles/enterovirus.forward.8415-8920.fasta
    output: /datater/wu/data/kmerCounting/enterovirus.forward.8415-8920.h5
    jobid: 64
    wildcards: prefix=enterovirus.forward.8415-8920


[Tue Mar  2 09:42:21 2021]
rule dsk:
    input: /datater/wu/data/splitFiles/enterovirus.reverse.5610-6115.fasta
    output: /datater/wu/data/kmerCounting/enterovirus.reverse.5610-6115.h5
    jobid: 49
    wildcards: prefix=enterovirus.reverse.5610-6115


[Tue Mar  2 09:42:21 2021]
rule dsk:
    input: /datater/wu/data/splitFiles/enterovirus.reverse.3315-3820.fasta
    output: /datater/wu/data/kmerCounting/enterovirus.reverse.3315-3820.h5
    jobid: 79
    wildcards: prefix=enterovirus.reverse.3315-3820

[Tue Mar  2 09:42:21 2021]
Finished job 92.
58 of 75 steps (77%) done

[Tue Mar  2 09:42:21 2021]
rule dsk:
    input: /datater/wu/data/splitFiles/enterovirus.reverse.3570-4075.fasta
    output: /datater/wu/data/kmerCounting/enterovirus.reverse.3570-4075.h5
    jobid: 26
    wildcards: prefix=enterovirus.reverse.3570-4075

Select jobs to execute...

[Tue Mar  2 09:42:21 2021]
rule dsk:
    input: /datater/wu/data/splitFiles/enterovirus.reverse.2040-2545.fasta
    output: /datater/wu/data/kmerCounting/enterovirus.reverse.2040-2545.h5
    jobid: 109
    wildcards: prefix=enterovirus.reverse.2040-2545


[Tue Mar  2 09:42:21 2021]
rule dsk:
    input: /datater/wu/data/splitFiles/enterovirus.forward.7140-7645.fasta
    output: /datater/wu/data/kmerCounting/enterovirus.forward.7140-7645.h5
    jobid: 38
    wildcards: prefix=enterovirus.forward.7140-7645

Select jobs to execute...
Select jobs to execute...
Select jobs to execute...
Select jobs to execute...
Select jobs to execute...
Select jobs to execute...
[Tue Mar  2 09:42:21 2021]
Finished job 60.
59 of 75 steps (79%) done
Select jobs to execute...
[Tue Mar  2 09:42:21 2021]
Finished job 10.
60 of 75 steps (80%) done

[Tue Mar  2 09:42:21 2021]
rule dsk:
    input: /datater/wu/data/splitFiles/enterovirus.forward.6630-7135.fasta
    output: /datater/wu/data/kmerCounting/enterovirus.forward.6630-7135.h5
    jobid: 18
    wildcards: prefix=enterovirus.forward.6630-7135

Select jobs to execute...

[Tue Mar  2 09:42:21 2021]
rule dsk:
    input: /datater/wu/data/splitFiles/enterovirus.reverse.510-1015.fasta
    output: /datater/wu/data/kmerCounting/enterovirus.reverse.510-1015.h5
    jobid: 93
    wildcards: prefix=enterovirus.reverse.510-1015

[Tue Mar  2 09:42:23 2021]
Finished job 106.
61 of 75 steps (81%) done
Select jobs to execute...

[Tue Mar  2 09:42:23 2021]
rule dsk:
    input: /datater/wu/data/splitFiles/enterovirus.reverse.6630-7135.fasta
    output: /datater/wu/data/kmerCounting/enterovirus.reverse.6630-7135.h5
    jobid: 98
    wildcards: prefix=enterovirus.reverse.6630-7135

[Tue Mar  2 09:42:23 2021]
Finished job 49.
62 of 75 steps (83%) done
Select jobs to execute...
[Tue Mar  2 09:42:23 2021]
Finished job 40.
63 of 75 steps (84%) done

[Tue Mar  2 09:42:24 2021]
rule dsk:
    input: /datater/wu/data/splitFiles/enterovirus.forward.4845-5350.fasta
    output: /datater/wu/data/kmerCounting/enterovirus.forward.4845-5350.h5
    jobid: 108
    wildcards: prefix=enterovirus.forward.4845-5350

[Tue Mar  2 09:42:24 2021]
Finished job 109.
64 of 75 steps (85%) done
[Tue Mar  2 09:42:24 2021]
Finished job 105.
65 of 75 steps (87%) done
[Tue Mar  2 09:42:24 2021]
Finished job 64.
66 of 75 steps (88%) done
[Tue Mar  2 09:42:24 2021]
Finished job 26.
67 of 75 steps (89%) done
[Tue Mar  2 09:42:24 2021]
Finished job 18.
68 of 75 steps (91%) done
[Tue Mar  2 09:42:24 2021]
Finished job 56.
69 of 75 steps (92%) done
[Tue Mar  2 09:42:24 2021]
Finished job 93.
70 of 75 steps (93%) done
[Tue Mar  2 09:42:24 2021]
Finished job 38.
71 of 75 steps (95%) done
[Tue Mar  2 09:42:24 2021]
Finished job 79.
72 of 75 steps (96%) done
[Tue Mar  2 09:42:26 2021]
Finished job 98.
73 of 75 steps (97%) done
[Tue Mar  2 09:42:26 2021]
Finished job 108.
74 of 75 steps (99%) done
Select jobs to execute...

[Tue Mar  2 09:42:26 2021]
localrule all:
    input: /datater/wu/data/duplicate_removed/enterovirus.uniq.fasta, /datater/wu/data/msa/enterovirus.msa.fasta, /datater/wu/data/splitFiles/enterovirus.forward.765-1270.fasta, /datater/wu/data/splitFiles/enterovirus.forward.8415-8920.fasta, /datater/wu/data/splitFiles/enterovirus.forward.1275-1780.fasta, /datater/wu/data/splitFiles/enterovirus.forward.4845-5350.fasta, /datater/wu/data/splitFiles/enterovirus.forward.3570-4075.fasta, /datater/wu/data/splitFiles/enterovirus.forward.7140-7645.fasta, /datater/wu/data/splitFiles/enterovirus.forward.2295-2800.fasta, /datater/wu/data/splitFiles/enterovirus.forward.0-505.fasta, /datater/wu/data/splitFiles/enterovirus.forward.5100-5605.fasta, /datater/wu/data/splitFiles/enterovirus.forward.3825-4330.fasta, /datater/wu/data/splitFiles/enterovirus.forward.6120-6625.fasta, /datater/wu/data/splitFiles/enterovirus.forward.5610-6115.fasta, /datater/wu/data/splitFiles/enterovirus.forward.5355-5860.fasta, /datater/wu/data/splitFiles/enterovirus.forward.4080-4585.fasta, /datater/wu/data/splitFiles/enterovirus.forward.6630-7135.fasta, /datater/wu/data/splitFiles/enterovirus.forward.4590-5095.fasta, /datater/wu/data/splitFiles/enterovirus.forward.9180-9398.fasta, /datater/wu/data/splitFiles/enterovirus.forward.7650-8155.fasta, /datater/wu/data/splitFiles/enterovirus.forward.5865-6370.fasta, /datater/wu/data/splitFiles/enterovirus.forward.510-1015.fasta, /datater/wu/data/splitFiles/enterovirus.forward.1785-2290.fasta, /datater/wu/data/splitFiles/enterovirus.forward.6885-7390.fasta, /datater/wu/data/splitFiles/enterovirus.forward.8925-9430.fasta, /datater/wu/data/splitFiles/enterovirus.forward.3315-3820.fasta, /datater/wu/data/splitFiles/enterovirus.forward.255-760.fasta, /datater/wu/data/splitFiles/enterovirus.forward.7905-8410.fasta, /datater/wu/data/splitFiles/enterovirus.forward.8160-8665.fasta, /datater/wu/data/splitFiles/enterovirus.forward.8670-9175.fasta, /datater/wu/data/splitFiles/enterovirus.forward.2805-3310.fasta, /datater/wu/data/splitFiles/enterovirus.forward.4335-4840.fasta, /datater/wu/data/splitFiles/enterovirus.forward.3060-3565.fasta, /datater/wu/data/splitFiles/enterovirus.forward.7395-7900.fasta, /datater/wu/data/splitFiles/enterovirus.forward.2550-3055.fasta, /datater/wu/data/splitFiles/enterovirus.forward.2040-2545.fasta, /datater/wu/data/splitFiles/enterovirus.forward.6375-6880.fasta, /datater/wu/data/splitFiles/enterovirus.forward.1020-1525.fasta, /datater/wu/data/splitFiles/enterovirus.forward.1530-2035.fasta, /datater/wu/data/splitFiles/enterovirus.reverse.765-1270.fasta, /datater/wu/data/splitFiles/enterovirus.reverse.8415-8920.fasta, /datater/wu/data/splitFiles/enterovirus.reverse.1275-1780.fasta, /datater/wu/data/splitFiles/enterovirus.reverse.4845-5350.fasta, /datater/wu/data/splitFiles/enterovirus.reverse.3570-4075.fasta, /datater/wu/data/splitFiles/enterovirus.reverse.7140-7645.fasta, /datater/wu/data/splitFiles/enterovirus.reverse.2295-2800.fasta, /datater/wu/data/splitFiles/enterovirus.reverse.0-505.fasta, /datater/wu/data/splitFiles/enterovirus.reverse.5100-5605.fasta, /datater/wu/data/splitFiles/enterovirus.reverse.3825-4330.fasta, /datater/wu/data/splitFiles/enterovirus.reverse.6120-6625.fasta, /datater/wu/data/splitFiles/enterovirus.reverse.5610-6115.fasta, /datater/wu/data/splitFiles/enterovirus.reverse.5355-5860.fasta, /datater/wu/data/splitFiles/enterovirus.reverse.4080-4585.fasta, /datater/wu/data/splitFiles/enterovirus.reverse.6630-7135.fasta, /datater/wu/data/splitFiles/enterovirus.reverse.4590-5095.fasta, /datater/wu/data/splitFiles/enterovirus.reverse.9180-9398.fasta, /datater/wu/data/splitFiles/enterovirus.reverse.7650-8155.fasta, /datater/wu/data/splitFiles/enterovirus.reverse.5865-6370.fasta, /datater/wu/data/splitFiles/enterovirus.reverse.510-1015.fasta, /datater/wu/data/splitFiles/enterovirus.reverse.1785-2290.fasta, /datater/wu/data/splitFiles/enterovirus.reverse.6885-7390.fasta, /datater/wu/data/splitFiles/enterovirus.reverse.8925-9430.fasta, /datater/wu/data/splitFiles/enterovirus.reverse.3315-3820.fasta, /datater/wu/data/splitFiles/enterovirus.reverse.255-760.fasta, /datater/wu/data/splitFiles/enterovirus.reverse.7905-8410.fasta, /datater/wu/data/splitFiles/enterovirus.reverse.8160-8665.fasta, /datater/wu/data/splitFiles/enterovirus.reverse.8670-9175.fasta, /datater/wu/data/splitFiles/enterovirus.reverse.2805-3310.fasta, /datater/wu/data/splitFiles/enterovirus.reverse.4335-4840.fasta, /datater/wu/data/splitFiles/enterovirus.reverse.3060-3565.fasta, /datater/wu/data/splitFiles/enterovirus.reverse.7395-7900.fasta, /datater/wu/data/splitFiles/enterovirus.reverse.2550-3055.fasta, /datater/wu/data/splitFiles/enterovirus.reverse.2040-2545.fasta, /datater/wu/data/splitFiles/enterovirus.reverse.6375-6880.fasta, /datater/wu/data/splitFiles/enterovirus.reverse.1020-1525.fasta, /datater/wu/data/splitFiles/enterovirus.reverse.1530-2035.fasta, /datater/wu/data/kmerCounting/enterovirus.forward.4590-5095.h5, /datater/wu/data/kmerCounting/enterovirus.forward.2040-2545.h5, /datater/wu/data/kmerCounting/enterovirus.forward.7650-8155.h5, /datater/wu/data/kmerCounting/enterovirus.reverse.1530-2035.h5, /datater/wu/data/kmerCounting/enterovirus.forward.6885-7390.h5, /datater/wu/data/kmerCounting/enterovirus.reverse.8670-9175.h5, /datater/wu/data/kmerCounting/enterovirus.reverse.3825-4330.h5, /datater/wu/data/kmerCounting/enterovirus.forward.6630-7135.h5, /datater/wu/data/kmerCounting/enterovirus.reverse.6120-6625.h5, /datater/wu/data/kmerCounting/enterovirus.forward.0-505.h5, /datater/wu/data/kmerCounting/enterovirus.forward.9180-9398.h5, /datater/wu/data/kmerCounting/enterovirus.reverse.3570-4075.h5, /datater/wu/data/kmerCounting/enterovirus.reverse.765-1270.h5, /datater/wu/data/kmerCounting/enterovirus.forward.4080-4585.h5, /datater/wu/data/kmerCounting/enterovirus.reverse.9180-9398.h5, /datater/wu/data/kmerCounting/enterovirus.reverse.8415-8920.h5, /datater/wu/data/kmerCounting/enterovirus.forward.8670-9175.h5, /datater/wu/data/kmerCounting/enterovirus.reverse.1020-1525.h5, /datater/wu/data/kmerCounting/enterovirus.forward.7140-7645.h5, /datater/wu/data/kmerCounting/enterovirus.reverse.5865-6370.h5, /datater/wu/data/kmerCounting/enterovirus.reverse.2805-3310.h5, /datater/wu/data/kmerCounting/enterovirus.reverse.8925-9430.h5, /datater/wu/data/kmerCounting/enterovirus.forward.5865-6370.h5, /datater/wu/data/kmerCounting/enterovirus.forward.255-760.h5, /datater/wu/data/kmerCounting/enterovirus.reverse.5610-6115.h5, /datater/wu/data/kmerCounting/enterovirus.forward.3570-4075.h5, /datater/wu/data/kmerCounting/enterovirus.reverse.7905-8410.h5, /datater/wu/data/kmerCounting/enterovirus.forward.1275-1780.h5, /datater/wu/data/kmerCounting/enterovirus.reverse.4335-4840.h5, /datater/wu/data/kmerCounting/enterovirus.reverse.1785-2290.h5, /datater/wu/data/kmerCounting/enterovirus.reverse.2295-2800.h5, /datater/wu/data/kmerCounting/enterovirus.forward.7395-7900.h5, /datater/wu/data/kmerCounting/enterovirus.forward.8415-8920.h5, /datater/wu/data/kmerCounting/enterovirus.reverse.7395-7900.h5, /datater/wu/data/kmerCounting/enterovirus.reverse.1275-1780.h5, /datater/wu/data/kmerCounting/enterovirus.forward.3315-3820.h5, /datater/wu/data/kmerCounting/enterovirus.forward.4335-4840.h5, /datater/wu/data/kmerCounting/enterovirus.forward.2550-3055.h5, /datater/wu/data/kmerCounting/enterovirus.forward.6120-6625.h5, /datater/wu/data/kmerCounting/enterovirus.forward.5355-5860.h5, /datater/wu/data/kmerCounting/enterovirus.reverse.4845-5350.h5, /datater/wu/data/kmerCounting/enterovirus.reverse.3060-3565.h5, /datater/wu/data/kmerCounting/enterovirus.reverse.3315-3820.h5, /datater/wu/data/kmerCounting/enterovirus.forward.8925-9430.h5, /datater/wu/data/kmerCounting/enterovirus.forward.1530-2035.h5, /datater/wu/data/kmerCounting/enterovirus.reverse.6375-6880.h5, /datater/wu/data/kmerCounting/enterovirus.reverse.5100-5605.h5, /datater/wu/data/kmerCounting/enterovirus.forward.8160-8665.h5, /datater/wu/data/kmerCounting/enterovirus.forward.3825-4330.h5, /datater/wu/data/kmerCounting/enterovirus.reverse.6885-7390.h5, /datater/wu/data/kmerCounting/enterovirus.forward.1785-2290.h5, /datater/wu/data/kmerCounting/enterovirus.reverse.5355-5860.h5, /datater/wu/data/kmerCounting/enterovirus.reverse.4590-5095.h5, /datater/wu/data/kmerCounting/enterovirus.reverse.510-1015.h5, /datater/wu/data/kmerCounting/enterovirus.forward.5610-6115.h5, /datater/wu/data/kmerCounting/enterovirus.forward.1020-1525.h5, /datater/wu/data/kmerCounting/enterovirus.forward.3060-3565.h5, /datater/wu/data/kmerCounting/enterovirus.reverse.6630-7135.h5, /datater/wu/data/kmerCounting/enterovirus.reverse.2550-3055.h5, /datater/wu/data/kmerCounting/enterovirus.forward.7905-8410.h5, /datater/wu/data/kmerCounting/enterovirus.forward.2295-2800.h5, /datater/wu/data/kmerCounting/enterovirus.forward.6375-6880.h5, /datater/wu/data/kmerCounting/enterovirus.reverse.4080-4585.h5, /datater/wu/data/kmerCounting/enterovirus.forward.2805-3310.h5, /datater/wu/data/kmerCounting/enterovirus.forward.765-1270.h5, /datater/wu/data/kmerCounting/enterovirus.reverse.8160-8665.h5, /datater/wu/data/kmerCounting/enterovirus.forward.5100-5605.h5, /datater/wu/data/kmerCounting/enterovirus.forward.4845-5350.h5, /datater/wu/data/kmerCounting/enterovirus.reverse.2040-2545.h5, /datater/wu/data/kmerCounting/enterovirus.forward.510-1015.h5, /datater/wu/data/kmerCounting/enterovirus.reverse.7650-8155.h5, /datater/wu/data/kmerCounting/enterovirus.reverse.0-505.h5, /datater/wu/data/kmerCounting/enterovirus.reverse.255-760.h5, /datater/wu/data/kmerCounting/enterovirus.reverse.7140-7645.h5
    jobid: 0

[Tue Mar  2 09:42:26 2021]
Finished job 0.
75 of 75 steps (100%) done
Complete log: /datater/wu/stage_m2/.snakemake/log/2021-03-02T094207.803108.snakemake.log
