Building DAG of jobs...
Updating job aggregateAllReverseOligo.
Using shell: /bin/bash
Provided cores: 12
Rules claiming more threads will be scaled down.
Conda environments: ignored
Job counts:
	count	jobs
	1	all
	1	allHeterodimerCheck
	2
Select jobs to execute...

[Tue Mar 30 09:51:44 2021]
rule allHeterodimerCheck:
    input: /datater/wu/data/enterovirus/checkSpecifity/allOligos_reverse.filtered.spec.fasta
    output: /datater/wu/data/enterovirus/checkSpecifity/allOligos_reverse.filtered.spec.heterodimer
    jobid: 1
    wildcards: sample=enterovirus

Shutting down, this might take some time.
Exiting because a job execution failed. Look above for error message
Complete log: /datater/wu/stage_m2/.snakemake/log/2021-03-30T095144.187362.snakemake.log
