Building DAG of jobs...
Using shell: /bin/bash
Provided cores: 12
Rules claiming more threads will be scaled down.
Conda environments: ignored
Job counts:
	count	jobs
	1	aggregate_allReverseOligo
	1	all
	80	dskReverse
	80	dskReverseOutput
	80	dskReverseOutputSort
	80	reverse_add_LC
	80	reverse_linguistic_complexity
	80	reverse_parameters
	80	reverse_toFasta
	37	splitFiles
	599
Select jobs to execute...

[Mon Mar 15 13:40:48 2021]
rule splitFiles:
    input: /datater/wu/data/msa/zika.msa
    output: /datater/wu/data/zika/splitFiles/forward0-504.fasta (dynamic), /datater/wu/data/zika/splitFiles/reverse0-504.fasta (dynamic)
    jobid: 275
    wildcards: sample=zika, seg=0-504

Subsequent jobs will be added dynamically depending on the output of this job

[Mon Mar 15 13:40:48 2021]
rule dskReverse:
    input: /datater/wu/data/zika/splitFiles/reverse6777-7278.fasta
    output: /datater/wu/data/zika/dsk/reverse6777-7278.h5
    jobid: 634
    wildcards: sample=zika, seg=6777-7278


[Mon Mar 15 13:40:48 2021]
rule dskReverse:
    input: /datater/wu/data/zika/splitFiles/reverse4769-5270.fasta
    output: /datater/wu/data/zika/dsk/reverse4769-5270.h5
    jobid: 546
    wildcards: sample=zika, seg=4769-5270


[Mon Mar 15 13:40:48 2021]
rule splitFiles:
    input: /datater/wu/data/msa/zika.msa
    output: /datater/wu/data/zika/splitFiles/forward7620-8124.fasta (dynamic), /datater/wu/data/zika/splitFiles/reverse7620-8124.fasta (dynamic)
    jobid: 67
    wildcards: sample=zika, seg=7620-8124

Subsequent jobs will be added dynamically depending on the output of this job

[Mon Mar 15 13:40:48 2021]
rule dskReverse:
    input: /datater/wu/data/zika/splitFiles/reverse10291-10792.fasta
    output: /datater/wu/data/zika/dsk/reverse10291-10792.h5
    jobid: 306
    wildcards: sample=zika, seg=10291-10792


[Mon Mar 15 13:40:48 2021]
rule splitFiles:
    input: /datater/wu/data/msa/zika.msa
    output: /datater/wu/data/zika/splitFiles/forward4064-4568.fasta (dynamic), /datater/wu/data/zika/splitFiles/reverse4064-4568.fasta (dynamic)
    jobid: 291
    wildcards: sample=zika, seg=4064-4568

Subsequent jobs will be added dynamically depending on the output of this job

[Mon Mar 15 13:40:48 2021]
rule dskReverse:
    input: /datater/wu/data/zika/splitFiles/reverse0-501.fasta
    output: /datater/wu/data/zika/dsk/reverse0-501.h5
    jobid: 458
    wildcards: sample=zika, seg=0-501


[Mon Mar 15 13:40:48 2021]
rule splitFiles:
    input: /datater/wu/data/msa/zika.msa
    output: /datater/wu/data/zika/splitFiles/forward2032-2536.fasta (dynamic), /datater/wu/data/zika/splitFiles/reverse2032-2536.fasta (dynamic)
    jobid: 107
    wildcards: sample=zika, seg=2032-2536

Subsequent jobs will be added dynamically depending on the output of this job

[Mon Mar 15 13:40:48 2021]
rule splitFiles:
    input: /datater/wu/data/msa/zika.msa
    output: /datater/wu/data/zika/splitFiles/forward508-1012.fasta (dynamic), /datater/wu/data/zika/splitFiles/reverse508-1012.fasta (dynamic)
    jobid: 139
    wildcards: sample=zika, seg=508-1012

Subsequent jobs will be added dynamically depending on the output of this job

[Mon Mar 15 13:40:48 2021]
rule dskReverse:
    input: /datater/wu/data/zika/splitFiles/reverse7279-7780.fasta
    output: /datater/wu/data/zika/dsk/reverse7279-7780.h5
    jobid: 618
    wildcards: sample=zika, seg=7279-7780


[Mon Mar 15 13:40:48 2021]
rule dskReverse:
    input: /datater/wu/data/zika/splitFiles/reverse8283-8784.fasta
    output: /datater/wu/data/zika/dsk/reverse8283-8784.h5
    jobid: 410
    wildcards: sample=zika, seg=8283-8784


[Mon Mar 15 13:40:48 2021]
rule splitFiles:
    input: /datater/wu/data/msa/zika.msa
    output: /datater/wu/data/zika/splitFiles/forward1016-1520.fasta (dynamic), /datater/wu/data/zika/splitFiles/reverse1016-1520.fasta (dynamic)
    jobid: 203
    wildcards: sample=zika, seg=1016-1520

Subsequent jobs will be added dynamically depending on the output of this job
[Mon Mar 15 13:40:50 2021]
Finished job 634.
1 of 599 steps (0.17%) done
Select jobs to execute...

[Mon Mar 15 13:40:50 2021]
rule dskReverse:
    input: /datater/wu/data/zika/splitFiles/reverse8534-9035.fasta
    output: /datater/wu/data/zika/dsk/reverse8534-9035.h5
    jobid: 610
    wildcards: sample=zika, seg=8534-9035

[Mon Mar 15 13:40:50 2021]
Finished job 546.
2 of 599 steps (0.33%) done
Select jobs to execute...

[Mon Mar 15 13:40:50 2021]
rule splitFiles:
    input: /datater/wu/data/msa/zika.msa
    output: /datater/wu/data/zika/splitFiles/forward9144-9382.fasta (dynamic), /datater/wu/data/zika/splitFiles/reverse9144-9382.fasta (dynamic)
    jobid: 131
    wildcards: sample=zika, seg=9144-9382

Subsequent jobs will be added dynamically depending on the output of this job
[Mon Mar 15 13:40:50 2021]
Finished job 458.
3 of 599 steps (0.50%) done
Select jobs to execute...
[Mon Mar 15 13:40:50 2021]
Finished job 306.
4 of 599 steps (0.67%) done
[Mon Mar 15 13:40:50 2021]
Finished job 618.
5 of 599 steps (0.83%) done

[Mon Mar 15 13:40:50 2021]
rule splitFiles:
    input: /datater/wu/data/msa/zika.msa
    output: /datater/wu/data/zika/splitFiles/forward7366-7870.fasta (dynamic), /datater/wu/data/zika/splitFiles/reverse7366-7870.fasta (dynamic)
    jobid: 251
    wildcards: sample=zika, seg=7366-7870

Subsequent jobs will be added dynamically depending on the output of this job
Select jobs to execute...

[Mon Mar 15 13:40:50 2021]
rule dskReverse:
    input: /datater/wu/data/zika/splitFiles/reverse9538-10039.fasta
    output: /datater/wu/data/zika/dsk/reverse9538-10039.h5
    jobid: 418
    wildcards: sample=zika, seg=9538-10039


[Mon Mar 15 13:40:50 2021]
rule splitFiles:
    input: /datater/wu/data/msa/zika.msa
    output: /datater/wu/data/zika/splitFiles/forward3556-4060.fasta (dynamic), /datater/wu/data/zika/splitFiles/reverse3556-4060.fasta (dynamic)
    jobid: 51
    wildcards: sample=zika, seg=3556-4060

Subsequent jobs will be added dynamically depending on the output of this job
[Mon Mar 15 13:40:50 2021]
Finished job 410.
6 of 599 steps (1%) done
Select jobs to execute...

[Mon Mar 15 13:40:50 2021]
rule splitFiles:
    input: /datater/wu/data/msa/zika.msa
    output: /datater/wu/data/zika/splitFiles/forward3048-3552.fasta (dynamic), /datater/wu/data/zika/splitFiles/reverse3048-3552.fasta (dynamic)
    jobid: 243
    wildcards: sample=zika, seg=3048-3552

Subsequent jobs will be added dynamically depending on the output of this job
Select jobs to execute...
[Mon Mar 15 13:40:52 2021]
Finished job 610.
7 of 599 steps (1%) done
Select jobs to execute...

[Mon Mar 15 13:40:52 2021]
rule dskReverse:
    input: /datater/wu/data/zika/splitFiles/reverse6275-6776.fasta
    output: /datater/wu/data/zika/dsk/reverse6275-6776.h5
    jobid: 362
    wildcards: sample=zika, seg=6275-6776

[Mon Mar 15 13:40:53 2021]
Finished job 418.
8 of 599 steps (1%) done
Select jobs to execute...

[Mon Mar 15 13:40:53 2021]
rule dskReverseOutput:
    input: /datater/wu/data/zika/dsk/reverse6777-7278.h5
    output: /datater/wu/data/zika/dsk/reverse6777-7278.kCount
    jobid: 633
    wildcards: sample=zika, seg=6777-7278

[Mon Mar 15 13:40:53 2021]
Finished job 633.
9 of 599 steps (2%) done
Select jobs to execute...

[Mon Mar 15 13:40:53 2021]
rule dskReverse:
    input: /datater/wu/data/zika/splitFiles/reverse1004-1505.fasta
    output: /datater/wu/data/zika/dsk/reverse1004-1505.h5
    jobid: 370
    wildcards: sample=zika, seg=1004-1505

[Mon Mar 15 13:40:55 2021]
Finished job 362.
10 of 599 steps (2%) done
[Mon Mar 15 13:40:55 2021]
Finished job 370.
11 of 599 steps (2%) done
Shutting down, this might take some time.
Exiting because a job execution failed. Look above for error message
Complete log: /datater/wu/stage_m2/.snakemake/log/2021-03-15T134039.534737.snakemake.log
