Building DAG of jobs...
Updating job aggregate_allReverseOligo.
Using shell: /bin/bash
Provided cores: 1 (use --cores to define parallelism)
Rules claiming more threads will be scaled down.
Conda environments: ignored
Job counts:
	count	jobs
	1	all
	1	splitFilteredTable
	2
Select jobs to execute...

[Thu Mar 25 10:55:35 2021]
rule splitFilteredTable:
    input: /datater/wu/data/zika/filtering/allOligos_reverse.filtered
    output: /datater/wu/data/zika/checkSpecifity/reverse{*}_filtered.tsv (dynamic)
    jobid: 1
    wildcards: sample=zika

Subsequent jobs will be added dynamically depending on the output of this job
Dynamically updating jobs
[Thu Mar 25 10:55:37 2021]
Finished job 1.
1 of 1 steps (100%) done
Complete log: /datater/wu/stage_m2/.snakemake/log/2021-03-25T105534.570600.snakemake.log
