Building DAG of jobs...
Using shell: /bin/bash
Provided cores: 12
Rules claiming more threads will be scaled down.
Conda environments: ignored
Job counts:
	count	jobs
	1	MSA
	1	all
	1	checkHeterodimer
	1	clustering
	1	countAllKmer1
	1	countAllKmer2
	1	evaluation1
	1	evaluation2
	1	evaluation3
	1	filtering1
	1	filtering2
	1	getKmerPosition1
	1	getKmerPosition2
	1	getKmerPosition3
	1	getKmerPosition4
	1	removeDuplicateSeq
	1	sortAllKmer
	1	specific1
	1	specific2
	1	specific3
	1	specific4
	21
Select jobs to execute...

[Sun May  2 01:28:54 2021]
rule countAllKmer1:
    input: /datater/wu/data/enterovirusCurated.fasta
    output: /datater/wu/data/MSSPE-variant/enterovirusCurated/kmer13/intermediate/allKmerCount.int.kmc_pre, /datater/wu/data/MSSPE-variant/enterovirusCurated/kmer13/intermediate/allKmerCount.int.kmc_suf
    jobid: 2
    wildcards: sample=enterovirusCurated


[Sun May  2 01:28:54 2021]
rule specific2:
    input: /datater/wu/data/RefSeqProkaryota/RefSeqProkaryota.fna
    output: /datater/wu/data/RefSeqProkaryota/RefSeqProkaryota.fna.DB.1.ebwt, /datater/wu/data/RefSeqProkaryota/RefSeqProkaryota.fna.DB.2.ebwt, /datater/wu/data/RefSeqProkaryota/RefSeqProkaryota.fna.DB.3.ebwt, /datater/wu/data/RefSeqProkaryota/RefSeqProkaryota.fna.DB.4.ebwt, /datater/wu/data/RefSeqProkaryota/RefSeqProkaryota.fna.DB.rev.1.ebwt, /datater/wu/data/RefSeqProkaryota/RefSeqProkaryota.fna.DB.rev.2.ebwt
    jobid: 8


[Sun May  2 01:28:54 2021]
rule removeDuplicateSeq:
    input: /datater/wu/data/enterovirusCurated.fasta
    output: /datater/wu/data/MSSPE-variant/enterovirusCurated/enterovirusCurated.uniq
    jobid: 1
    wildcards: sample=enterovirusCurated


[Sun May  2 01:28:54 2021]
rule evaluation1:
    input: /datater/wu/data/enterovirusCurated.fasta, /datater/wu/data/ncbiTaxonomy/nucl_gb.accession2taxid, /datater/wu/data/ncbiTaxonomy/ncbi_lineages_2021-04-23.csv
    output: /datater/wu/data/MSSPE-variant/enterovirusCurated/kmer13/intermediate/aceID-taxID-species.tsv
    jobid: 18
    wildcards: sample=enterovirusCurated

[Sun May  2 01:28:54 2021]
Finished job 1.
1 of 21 steps (5%) done
Select jobs to execute...

[Sun May  2 01:28:54 2021]
rule clustering:
    input: /datater/wu/data/MSSPE-variant/enterovirusCurated/enterovirusCurated.uniq
    output: /datater/wu/data/MSSPE-variant/enterovirusCurated/enterovirusCurated0.99.uniq
    jobid: 11
    wildcards: sample=enterovirusCurated

[Sun May  2 01:28:55 2021]
Finished job 11.
2 of 21 steps (10%) done
Select jobs to execute...
[Sun May  2 01:28:55 2021]
Error in rule countAllKmer1:
    jobid: 2
    output: /datater/wu/data/MSSPE-variant/enterovirusCurated/kmer13/intermediate/allKmerCount.int.kmc_pre, /datater/wu/data/MSSPE-variant/enterovirusCurated/kmer13/intermediate/allKmerCount.int.kmc_suf
    shell:
        kmc -k13         -m12 -b         -cs4294967295         -r12         -fa /datater/wu/data/enterovirusCurated.fasta         /datater/wu/data/MSSPE-variant/enterovirusCurated/kmer13/intermediate/allKmerCount.int /datater/wu/data/MSSPE-variant/enterovirusCurated/kmer13/intermediate
        (one of the commands exited with non-zero exit code; note that snakemake uses bash strict mode!)


[Sun May  2 01:28:55 2021]
rule MSA:
    input: /datater/wu/data/MSSPE-variant/enterovirusCurated/enterovirusCurated0.99.uniq
    output: /datater/wu/data/MSSPE-variant/enterovirusCurated/enterovirusCurated0.99.msa
    log: /datater/wu/data/MSSPE-variant/enterovirusCurated/log/mafft.log
    jobid: 12
    wildcards: sample=enterovirusCurated

[Sun May  2 01:29:28 2021]
Finished job 8.
3 of 21 steps (14%) done
[Sun May  2 01:30:15 2021]
Finished job 12.
4 of 21 steps (19%) done
Terminating processes on user request, this might take some time.
Removing output files of failed job evaluation1 since they might be corrupted:
/datater/wu/data/MSSPE-variant/enterovirusCurated/kmer13/intermediate/aceID-taxID-species.tsv
Complete log: /datater/wu/MSSPE/.snakemake/log/2021-05-02T012854.289702.snakemake.log
