Building DAG of jobs...
Updating job aggregate_allReverseOligo.
Using shell: /bin/bash
Provided cores: 12
Rules claiming more threads will be scaled down.
Conda environments: ignored
Job counts:
	count	jobs
	1	aggregate_allReverseOligo
	1	all
	43	dskReverseOutputSort
	43	reverse_add_LC
	43	reverse_linguistic_complexity
	43	reverse_parameters
	43	reverse_toFasta
	217
Select jobs to execute...

[Wed Mar 17 10:33:26 2021]
rule dskReverseOutputSort:
    input: /datater/wu/data/zika/dsk/reverse9036-9537.kCount
    output: /datater/wu/data/zika/dsk/reverse9036-9537.kCountSorted
    jobid: 136
    wildcards: sample=zika, seg=9036-9537

[Wed Mar 17 10:33:26 2021]
rule dskReverseOutputSort:
    input: /datater/wu/data/zika/dsk/reverse8283-8784.kCount
    output: /datater/wu/data/zika/dsk/reverse8283-8784.kCountSorted
    jobid: 199
    wildcards: sample=zika, seg=8283-8784

[Wed Mar 17 10:33:26 2021]
rule dskReverseOutputSort:
    input: /datater/wu/data/zika/dsk/reverse6024-6525.kCount
    output: /datater/wu/data/zika/dsk/reverse6024-6525.kCountSorted
    jobid: 241
    wildcards: sample=zika, seg=6024-6525

[Wed Mar 17 10:33:26 2021]
rule dskReverseOutputSort:
    input: /datater/wu/data/zika/dsk/reverse3263-3764.kCount
    output: /datater/wu/data/zika/dsk/reverse3263-3764.kCountSorted
    jobid: 10
    wildcards: sample=zika, seg=3263-3764

[Wed Mar 17 10:33:26 2021]
rule dskReverseOutputSort:
    input: /datater/wu/data/zika/dsk/reverse5020-5521.kCount
    output: /datater/wu/data/zika/dsk/reverse5020-5521.kCountSorted
    jobid: 220
    wildcards: sample=zika, seg=5020-5521

[Wed Mar 17 10:33:26 2021]
rule dskReverseOutputSort:
    input: /datater/wu/data/zika/dsk/reverse502-1003.kCount
    output: /datater/wu/data/zika/dsk/reverse502-1003.kCountSorted
    jobid: 108
    wildcards: sample=zika, seg=502-1003

[Wed Mar 17 10:33:26 2021]
rule dskReverseOutputSort:
    input: /datater/wu/data/zika/dsk/reverse10542-10780.kCount
    output: /datater/wu/data/zika/dsk/reverse10542-10780.kCountSorted
    jobid: 17
    wildcards: sample=zika, seg=10542-10780

[Wed Mar 17 10:33:26 2021]
rule dskReverseOutputSort:
    input: /datater/wu/data/zika/dsk/reverse251-752.kCount
    output: /datater/wu/data/zika/dsk/reverse251-752.kCountSorted
    jobid: 227
    wildcards: sample=zika, seg=251-752

[Wed Mar 17 10:33:26 2021]
rule dskReverseOutputSort:
    input: /datater/wu/data/zika/dsk/reverse1506-2007.kCount
    output: /datater/wu/data/zika/dsk/reverse1506-2007.kCountSorted
    jobid: 24
    wildcards: sample=zika, seg=1506-2007

[Wed Mar 17 10:33:26 2021]
rule dskReverseOutputSort:
    input: /datater/wu/data/zika/dsk/reverse1757-2258.kCount
    output: /datater/wu/data/zika/dsk/reverse1757-2258.kCountSorted
    jobid: 129
    wildcards: sample=zika, seg=1757-2258

[Wed Mar 17 10:33:26 2021]
rule dskReverseOutputSort:
    input: /datater/wu/data/zika/dsk/reverse6275-6776.kCount
    output: /datater/wu/data/zika/dsk/reverse6275-6776.kCountSorted
    jobid: 234
    wildcards: sample=zika, seg=6275-6776

[Wed Mar 17 10:33:26 2021]
rule dskReverseOutputSort:
    input: /datater/wu/data/zika/dsk/reverse8534-9035.kCount
    output: /datater/wu/data/zika/dsk/reverse8534-9035.kCountSorted
    jobid: 122
    wildcards: sample=zika, seg=8534-9035

[Wed Mar 17 10:33:26 2021]
Finished job 241.
1 of 217 steps (0.46%) done
[Wed Mar 17 10:33:26 2021]
Finished job 10.
2 of 217 steps (0.92%) done
Select jobs to execute...
[Wed Mar 17 10:33:26 2021]
Finished job 136.
3 of 217 steps (1%) done
[Wed Mar 17 10:33:26 2021]
Finished job 220.
4 of 217 steps (2%) done

[Wed Mar 17 10:33:26 2021]
rule dskReverseOutputSort:
    input: /datater/wu/data/zika/dsk/reverse9789-10290.kCount
    output: /datater/wu/data/zika/dsk/reverse9789-10290.kCountSorted
    jobid: 101
    wildcards: sample=zika, seg=9789-10290

[Wed Mar 17 10:33:26 2021]
[Wed Mar 17 10:33:26 2021]
rule dskReverseOutputSort:
    input: /datater/wu/data/zika/dsk/reverse2259-2760.kCount
    output: /datater/wu/data/zika/dsk/reverse2259-2760.kCountSorted
    jobid: 38
    wildcards: sample=zika, seg=2259-2760
Finished job 199.

5 of 217 steps (2%) done
Select jobs to execute...

[Wed Mar 17 10:33:26 2021]
rule dskReverseOutputSort:
    input: /datater/wu/data/zika/dsk/reverse2008-2509.kCount
    output: /datater/wu/data/zika/dsk/reverse2008-2509.kCountSorted
    jobid: 248
    wildcards: sample=zika, seg=2008-2509

[Wed Mar 17 10:33:26 2021]
rule reverse_parameters:
    input: /datater/wu/data/zika/dsk/reverse8283-8784.kCountSorted
    output: /datater/wu/data/zika/filtering/reverse8283-8784.calculated
    jobid: 198
    wildcards: sample=zika, seg=8283-8784

[Wed Mar 17 10:33:26 2021]
rule dskReverseOutputSort:
    input: /datater/wu/data/zika/dsk/reverse6526-7027.kCount
    output: /datater/wu/data/zika/dsk/reverse6526-7027.kCountSorted
    jobid: 143
    wildcards: sample=zika, seg=6526-7027

Select jobs to execute...
Select jobs to execute...
Select jobs to execute...
[Wed Mar 17 10:33:27 2021]
Finished job 24.
6 of 217 steps (3%) done
Select jobs to execute...

[Wed Mar 17 10:33:27 2021]
rule dskReverseOutputSort:
    input: /datater/wu/data/zika/dsk/reverse4016-4517.kCount
    output: /datater/wu/data/zika/dsk/reverse4016-4517.kCountSorted
    jobid: 297
    wildcards: sample=zika, seg=4016-4517

[Wed Mar 17 10:33:27 2021]
Finished job 108.
7 of 217 steps (3%) done
[Wed Mar 17 10:33:27 2021]
Finished job 227.
8 of 217 steps (4%) done
Select jobs to execute...
[Wed Mar 17 10:33:27 2021]
Finished job 17.
9 of 217 steps (4%) done

[Wed Mar 17 10:33:27 2021]
rule dskReverseOutputSort:
    input: /datater/wu/data/zika/dsk/reverse6777-7278.kCount
    output: /datater/wu/data/zika/dsk/reverse6777-7278.kCountSorted
    jobid: 213
    wildcards: sample=zika, seg=6777-7278

[Wed Mar 17 10:33:27 2021]
rule dskReverseOutputSort:
    input: /datater/wu/data/zika/dsk/reverse10040-10541.kCount
    output: /datater/wu/data/zika/dsk/reverse10040-10541.kCountSorted
    jobid: 31
    wildcards: sample=zika, seg=10040-10541

[Wed Mar 17 10:33:27 2021]
Finished job 234.
10 of 217 steps (5%) done
[Wed Mar 17 10:33:27 2021]
Finished job 129.
11 of 217 steps (5%) done
[Wed Mar 17 10:33:27 2021]
Finished job 122.
12 of 217 steps (6%) done
Select jobs to execute...

[Wed Mar 17 10:33:27 2021]
rule reverse_parameters:
    input: /datater/wu/data/zika/dsk/reverse502-1003.kCountSorted
    output: /datater/wu/data/zika/filtering/reverse502-1003.calculated
    jobid: 107
    wildcards: sample=zika, seg=502-1003

[Wed Mar 17 10:33:27 2021]
rule reverse_parameters:
    input: /datater/wu/data/zika/dsk/reverse10542-10780.kCountSorted
    output: /datater/wu/data/zika/filtering/reverse10542-10780.calculated
    jobid: 16
    wildcards: sample=zika, seg=10542-10780

[Wed Mar 17 10:33:27 2021]
rule reverse_parameters:
    input: /datater/wu/data/zika/dsk/reverse251-752.kCountSorted
    output: /datater/wu/data/zika/filtering/reverse251-752.calculated
    jobid: 226
    wildcards: sample=zika, seg=251-752

[Wed Mar 17 10:33:27 2021]
rule reverse_parameters:
    input: /datater/wu/data/zika/dsk/reverse1506-2007.kCountSorted
    output: /datater/wu/data/zika/filtering/reverse1506-2007.calculated
    jobid: 23
    wildcards: sample=zika, seg=1506-2007

Select jobs to execute...
Select jobs to execute...
Select jobs to execute...
Select jobs to execute...
[Wed Mar 17 10:33:27 2021]
Finished job 38.
13 of 217 steps (6%) done
Select jobs to execute...
[Wed Mar 17 10:33:27 2021]
Finished job 101.
14 of 217 steps (6%) done

[Wed Mar 17 10:33:27 2021]
rule dskReverseOutputSort:
    input: /datater/wu/data/zika/dsk/reverse8032-8533.kCount
    output: /datater/wu/data/zika/dsk/reverse8032-8533.kCountSorted
    jobid: 94
    wildcards: sample=zika, seg=8032-8533

Select jobs to execute...
[Wed Mar 17 10:33:27 2021]
Finished job 248.
15 of 217 steps (7%) done
[Wed Mar 17 10:33:27 2021]
Finished job 143.
16 of 217 steps (7%) done

[Wed Mar 17 10:33:27 2021]
rule dskReverseOutputSort:
    input: /datater/wu/data/zika/dsk/reverse4769-5270.kCount
    output: /datater/wu/data/zika/dsk/reverse4769-5270.kCountSorted
    jobid: 87
    wildcards: sample=zika, seg=4769-5270

Select jobs to execute...

[Wed Mar 17 10:33:27 2021]
rule reverse_parameters:
    input: /datater/wu/data/zika/dsk/reverse8534-9035.kCountSorted
    output: /datater/wu/data/zika/filtering/reverse8534-9035.calculated
    jobid: 121
    wildcards: sample=zika, seg=8534-9035

[Wed Mar 17 10:33:27 2021]
rule reverse_parameters:
    input: /datater/wu/data/zika/dsk/reverse2008-2509.kCountSorted
    output: /datater/wu/data/zika/filtering/reverse2008-2509.calculated
    jobid: 247
    wildcards: sample=zika, seg=2008-2509

Select jobs to execute...
[Wed Mar 17 10:33:27 2021]
Finished job 198.
17 of 217 steps (8%) done
Select jobs to execute...

[Wed Mar 17 10:33:27 2021]
rule dskReverseOutputSort:
    input: /datater/wu/data/zika/dsk/reverse2761-3262.kCount
    output: /datater/wu/data/zika/dsk/reverse2761-3262.kCountSorted
    jobid: 283
    wildcards: sample=zika, seg=2761-3262

[Wed Mar 17 10:33:28 2021]
Finished job 297.
18 of 217 steps (8%) done
Select jobs to execute...

[Wed Mar 17 10:33:28 2021]
rule dskReverseOutputSort:
    input: /datater/wu/data/zika/dsk/reverse2510-3011.kCount
    output: /datater/wu/data/zika/dsk/reverse2510-3011.kCountSorted
    jobid: 304
    wildcards: sample=zika, seg=2510-3011

[Wed Mar 17 10:33:28 2021]
Finished job 107.
19 of 217 steps (9%) done
Select jobs to execute...
[Wed Mar 17 10:33:28 2021]
Finished job 213.
20 of 217 steps (9%) done

[Wed Mar 17 10:33:28 2021]
rule dskReverseOutputSort:
    input: /datater/wu/data/zika/dsk/reverse8785-9286.kCount
    output: /datater/wu/data/zika/dsk/reverse8785-9286.kCountSorted
    jobid: 73
    wildcards: sample=zika, seg=8785-9286

[Wed Mar 17 10:33:28 2021]
Finished job 31.
21 of 217 steps (10%) done
Select jobs to execute...
[Wed Mar 17 10:33:28 2021]
Finished job 226.
22 of 217 steps (10%) done

[Wed Mar 17 10:33:28 2021]
rule dskReverseOutputSort:
    input: /datater/wu/data/zika/dsk/reverse9287-9788.kCount
    output: /datater/wu/data/zika/dsk/reverse9287-9788.kCountSorted
    jobid: 206
    wildcards: sample=zika, seg=9287-9788

[Wed Mar 17 10:33:28 2021]
rule reverse_parameters:
    input: /datater/wu/data/zika/dsk/reverse1757-2258.kCountSorted
    output: /datater/wu/data/zika/filtering/reverse1757-2258.calculated
    jobid: 128
    wildcards: sample=zika, seg=1757-2258

Select jobs to execute...

[Wed Mar 17 10:33:28 2021]
rule dskReverseOutputSort:
    input: /datater/wu/data/zika/dsk/reverse10291-10792.kCount
    output: /datater/wu/data/zika/dsk/reverse10291-10792.kCountSorted
    jobid: 192
    wildcards: sample=zika, seg=10291-10792

Select jobs to execute...
[Wed Mar 17 10:33:28 2021]
Finished job 23.
23 of 217 steps (11%) done
[Wed Mar 17 10:33:28 2021]
Finished job 16.
24 of 217 steps (11%) done
Select jobs to execute...

[Wed Mar 17 10:33:28 2021]
rule reverse_toFasta:
    input: /datater/wu/data/zika/filtering/reverse10542-10780.calculated
    output: /datater/wu/data/zika/filtering/reverse10542-10780.fasta
    jobid: 15
    wildcards: sample=zika, seg=10542-10780

[Wed Mar 17 10:33:28 2021]
rule reverse_toFasta:
    input: /datater/wu/data/zika/filtering/reverse502-1003.calculated
    output: /datater/wu/data/zika/filtering/reverse502-1003.fasta
    jobid: 106
    wildcards: sample=zika, seg=502-1003

Select jobs to execute...
[Wed Mar 17 10:33:28 2021]
Finished job 87.
25 of 217 steps (12%) done
Select jobs to execute...

[Wed Mar 17 10:33:28 2021]
rule dskReverseOutputSort:
    input: /datater/wu/data/zika/dsk/reverse5271-5772.kCount
    output: /datater/wu/data/zika/dsk/reverse5271-5772.kCountSorted
    jobid: 80
    wildcards: sample=zika, seg=5271-5772

[Wed Mar 17 10:33:28 2021]
Finished job 121.
26 of 217 steps (12%) done
Select jobs to execute...
[Wed Mar 17 10:33:28 2021]
Finished job 94.
27 of 217 steps (12%) done

[Wed Mar 17 10:33:28 2021]
rule dskReverseOutputSort:
    input: /datater/wu/data/zika/dsk/reverse0-501.kCount
    output: /datater/wu/data/zika/dsk/reverse0-501.kCountSorted
    jobid: 178
    wildcards: sample=zika, seg=0-501

Select jobs to execute...

[Wed Mar 17 10:33:28 2021]
rule dskReverseOutputSort:
    input: /datater/wu/data/zika/dsk/reverse3765-4266.kCount
    output: /datater/wu/data/zika/dsk/reverse3765-4266.kCountSorted
    jobid: 185
    wildcards: sample=zika, seg=3765-4266

[Wed Mar 17 10:33:28 2021]
Finished job 283.
28 of 217 steps (13%) done
Select jobs to execute...

[Wed Mar 17 10:33:28 2021]
rule reverse_parameters:
    input: /datater/wu/data/zika/dsk/reverse2761-3262.kCountSorted
    output: /datater/wu/data/zika/filtering/reverse2761-3262.calculated
    jobid: 282
    wildcards: sample=zika, seg=2761-3262

[Wed Mar 17 10:33:28 2021]
Finished job 247.
29 of 217 steps (13%) done
Select jobs to execute...
[Wed Mar 17 10:33:28 2021]
Finished job 304.
30 of 217 steps (14%) done

[Wed Mar 17 10:33:28 2021]
rule dskReverseOutputSort:
    input: /datater/wu/data/zika/dsk/reverse7279-7780.kCount
    output: /datater/wu/data/zika/dsk/reverse7279-7780.kCountSorted
    jobid: 290
    wildcards: sample=zika, seg=7279-7780

Select jobs to execute...

[Wed Mar 17 10:33:28 2021]
rule reverse_parameters:
    input: /datater/wu/data/zika/dsk/reverse2510-3011.kCountSorted
    output: /datater/wu/data/zika/filtering/reverse2510-3011.calculated
    jobid: 303
    wildcards: sample=zika, seg=2510-3011

[Wed Mar 17 10:33:28 2021]
Finished job 206.
31 of 217 steps (14%) done
Select jobs to execute...

[Wed Mar 17 10:33:28 2021]
rule reverse_toFasta:
    input: /datater/wu/data/zika/filtering/reverse2008-2509.calculated
    output: /datater/wu/data/zika/filtering/reverse2008-2509.fasta
    jobid: 246
    wildcards: sample=zika, seg=2008-2509

[Wed Mar 17 10:33:28 2021]
Finished job 73.
32 of 217 steps (15%) done
Select jobs to execute...
[Wed Mar 17 10:33:29 2021]
Finished job 192.
33 of 217 steps (15%) done

[Wed Mar 17 10:33:29 2021]
rule reverse_parameters:
    input: /datater/wu/data/zika/dsk/reverse8785-9286.kCountSorted
    output: /datater/wu/data/zika/filtering/reverse8785-9286.calculated
    jobid: 72
    wildcards: sample=zika, seg=8785-9286

Select jobs to execute...
[Wed Mar 17 10:33:29 2021]
Finished job 106.
34 of 217 steps (16%) done
[Wed Mar 17 10:33:29 2021]
Finished job 15.
35 of 217 steps (16%) done

[Wed Mar 17 10:33:29 2021]
rule dskReverseOutputSort:
    input: /datater/wu/data/zika/dsk/reverse4518-5019.kCount
    output: /datater/wu/data/zika/dsk/reverse4518-5019.kCountSorted
    jobid: 276
    wildcards: sample=zika, seg=4518-5019

Select jobs to execute...
[Wed Mar 17 10:33:29 2021]
Finished job 128.
36 of 217 steps (17%) done

[Wed Mar 17 10:33:29 2021]
rule reverse_parameters:
    input: /datater/wu/data/zika/dsk/reverse4016-4517.kCountSorted
    output: /datater/wu/data/zika/filtering/reverse4016-4517.calculated
    jobid: 296
    wildcards: sample=zika, seg=4016-4517

[Wed Mar 17 10:33:29 2021]
rule reverse_toFasta:
    input: /datater/wu/data/zika/filtering/reverse8283-8784.calculated
    output: /datater/wu/data/zika/filtering/reverse8283-8784.fasta
    jobid: 197
    wildcards: sample=zika, seg=8283-8784

Select jobs to execute...

[Wed Mar 17 10:33:29 2021]
rule reverse_linguistic_complexity:
    input: /datater/wu/data/zika/filtering/reverse10542-10780.fasta
    output: /datater/wu/data/zika/filtering/reverse10542-10780.nessieOut
    jobid: 14
    wildcards: sample=zika, seg=10542-10780

Select jobs to execute...
[Wed Mar 17 10:33:29 2021]
Finished job 14.
37 of 217 steps (17%) done
Select jobs to execute...

[Wed Mar 17 10:33:29 2021]
rule dskReverseOutputSort:
    input: /datater/wu/data/zika/dsk/reverse7028-7529.kCount
    output: /datater/wu/data/zika/dsk/reverse7028-7529.kCountSorted
    jobid: 66
    wildcards: sample=zika, seg=7028-7529

[Wed Mar 17 10:33:29 2021]
Finished job 80.
38 of 217 steps (18%) done
Select jobs to execute...

[Wed Mar 17 10:33:29 2021]
rule reverse_parameters:
    input: /datater/wu/data/zika/dsk/reverse5271-5772.kCountSorted
    output: /datater/wu/data/zika/filtering/reverse5271-5772.calculated
    jobid: 79
    wildcards: sample=zika, seg=5271-5772

[Wed Mar 17 10:33:29 2021]
Finished job 178.
39 of 217 steps (18%) done
Select jobs to execute...

[Wed Mar 17 10:33:29 2021]
rule reverse_parameters:
    input: /datater/wu/data/zika/dsk/reverse0-501.kCountSorted
    output: /datater/wu/data/zika/filtering/reverse0-501.calculated
    jobid: 177
    wildcards: sample=zika, seg=0-501

[Wed Mar 17 10:33:29 2021]
Finished job 185.
40 of 217 steps (18%) done
Select jobs to execute...

[Wed Mar 17 10:33:29 2021]
rule reverse_parameters:
    input: /datater/wu/data/zika/dsk/reverse3765-4266.kCountSorted
    output: /datater/wu/data/zika/filtering/reverse3765-4266.calculated
    jobid: 184
    wildcards: sample=zika, seg=3765-4266

[Wed Mar 17 10:33:29 2021]
Finished job 303.
41 of 217 steps (19%) done
Select jobs to execute...
[Wed Mar 17 10:33:29 2021]
Finished job 290.
42 of 217 steps (19%) done
[Wed Mar 17 10:33:29 2021]
Finished job 282.
43 of 217 steps (20%) done

[Wed Mar 17 10:33:29 2021]
rule dskReverseOutputSort:
    input: /datater/wu/data/zika/dsk/reverse4267-4768.kCount
    output: /datater/wu/data/zika/dsk/reverse4267-4768.kCountSorted
    jobid: 171
    wildcards: sample=zika, seg=4267-4768

Select jobs to execute...

[Wed Mar 17 10:33:29 2021]
rule reverse_parameters:
    input: /datater/wu/data/zika/dsk/reverse4769-5270.kCountSorted
    output: /datater/wu/data/zika/filtering/reverse4769-5270.calculated
    jobid: 86
    wildcards: sample=zika, seg=4769-5270

[Wed Mar 17 10:33:29 2021]
rule dskReverseOutputSort:
    input: /datater/wu/data/zika/dsk/reverse9538-10039.kCount
    output: /datater/wu/data/zika/dsk/reverse9538-10039.kCountSorted
    jobid: 115
    wildcards: sample=zika, seg=9538-10039

Select jobs to execute...
[Wed Mar 17 10:33:29 2021]
Finished job 246.
44 of 217 steps (20%) done
Select jobs to execute...

[Wed Mar 17 10:33:29 2021]
rule reverse_parameters:
    input: /datater/wu/data/zika/dsk/reverse7279-7780.kCountSorted
    output: /datater/wu/data/zika/filtering/reverse7279-7780.calculated
    jobid: 289
    wildcards: sample=zika, seg=7279-7780

[Wed Mar 17 10:33:29 2021]
Finished job 276.
45 of 217 steps (21%) done
[Wed Mar 17 10:33:29 2021]
Finished job 72.
46 of 217 steps (21%) done
Select jobs to execute...

[Wed Mar 17 10:33:29 2021]
rule reverse_add_LC:
    input: /datater/wu/data/zika/filtering/reverse10542-10780.nessieOut, /datater/wu/data/zika/filtering/reverse10542-10780.fasta
    output: /datater/wu/data/zika/filtering/reverse10542-10780.calculated2
    jobid: 13
    wildcards: sample=zika, seg=10542-10780

[Wed Mar 17 10:33:29 2021]
rule reverse_toFasta:
    input: /datater/wu/data/zika/filtering/reverse8534-9035.calculated
    output: /datater/wu/data/zika/filtering/reverse8534-9035.fasta
    jobid: 120
    wildcards: sample=zika, seg=8534-9035

Select jobs to execute...
[Wed Mar 17 10:33:29 2021]
Finished job 66.
47 of 217 steps (22%) done
Select jobs to execute...

[Wed Mar 17 10:33:29 2021]
rule reverse_linguistic_complexity:
    input: /datater/wu/data/zika/filtering/reverse2008-2509.fasta
    output: /datater/wu/data/zika/filtering/reverse2008-2509.nessieOut
    jobid: 245
    wildcards: sample=zika, seg=2008-2509

[Wed Mar 17 10:33:29 2021]
Finished job 296.
48 of 217 steps (22%) done
Select jobs to execute...
[Wed Mar 17 10:33:29 2021]
Finished job 197.
49 of 217 steps (23%) done
[Wed Mar 17 10:33:29 2021]
Finished job 245.
50 of 217 steps (23%) done

[Wed Mar 17 10:33:30 2021]
rule reverse_parameters:
    input: /datater/wu/data/zika/dsk/reverse4518-5019.kCountSorted
    output: /datater/wu/data/zika/filtering/reverse4518-5019.calculated
    jobid: 275
    wildcards: sample=zika, seg=4518-5019

Select jobs to execute...

[Wed Mar 17 10:33:30 2021]
rule reverse_toFasta:
    input: /datater/wu/data/zika/filtering/reverse8785-9286.calculated
    output: /datater/wu/data/zika/filtering/reverse8785-9286.fasta
    jobid: 71
    wildcards: sample=zika, seg=8785-9286

[Wed Mar 17 10:33:30 2021]
rule reverse_add_LC:
    input: /datater/wu/data/zika/filtering/reverse2008-2509.nessieOut, /datater/wu/data/zika/filtering/reverse2008-2509.fasta
    output: /datater/wu/data/zika/filtering/reverse2008-2509.calculated2
    jobid: 244
    wildcards: sample=zika, seg=2008-2509

Select jobs to execute...
[Wed Mar 17 10:33:30 2021]
Finished job 79.
51 of 217 steps (24%) done
Select jobs to execute...
[Wed Mar 17 10:33:30 2021]
Finished job 171.
52 of 217 steps (24%) done

[Wed Mar 17 10:33:30 2021]
rule reverse_parameters:
    input: /datater/wu/data/zika/dsk/reverse7028-7529.kCountSorted
    output: /datater/wu/data/zika/filtering/reverse7028-7529.calculated
    jobid: 65
    wildcards: sample=zika, seg=7028-7529

Select jobs to execute...

[Wed Mar 17 10:33:30 2021]
rule reverse_parameters:
    input: /datater/wu/data/zika/dsk/reverse4267-4768.kCountSorted
    output: /datater/wu/data/zika/filtering/reverse4267-4768.calculated
    jobid: 170
    wildcards: sample=zika, seg=4267-4768

[Wed Mar 17 10:33:30 2021]
Finished job 177.
53 of 217 steps (24%) done
Select jobs to execute...

[Wed Mar 17 10:33:30 2021]
rule dskReverseOutputSort:
    input: /datater/wu/data/zika/dsk/reverse3012-3513.kCount
    output: /datater/wu/data/zika/dsk/reverse3012-3513.kCountSorted
    jobid: 59
    wildcards: sample=zika, seg=3012-3513

[Wed Mar 17 10:33:30 2021]
Finished job 184.
54 of 217 steps (25%) done
Select jobs to execute...
[Wed Mar 17 10:33:30 2021]
Finished job 289.
55 of 217 steps (25%) done

[Wed Mar 17 10:33:30 2021]
rule dskReverseOutputSort:
    input: /datater/wu/data/zika/dsk/reverse753-1254.kCount
    output: /datater/wu/data/zika/dsk/reverse753-1254.kCountSorted
    jobid: 269
    wildcards: sample=zika, seg=753-1254

Select jobs to execute...
[Wed Mar 17 10:33:30 2021]
Finished job 13.
56 of 217 steps (26%) done

[Wed Mar 17 10:33:30 2021]
rule dskReverseOutputSort:
    input: /datater/wu/data/zika/dsk/reverse1004-1505.kCount
    output: /datater/wu/data/zika/dsk/reverse1004-1505.kCountSorted
    jobid: 164
    wildcards: sample=zika, seg=1004-1505

Select jobs to execute...
[Wed Mar 17 10:33:30 2021]
Finished job 115.
57 of 217 steps (26%) done
[Wed Mar 17 10:33:30 2021]
Finished job 86.
58 of 217 steps (27%) done

[Wed Mar 17 10:33:30 2021]
rule reverse_linguistic_complexity:
    input: /datater/wu/data/zika/filtering/reverse502-1003.fasta
    output: /datater/wu/data/zika/filtering/reverse502-1003.nessieOut
    jobid: 105
    wildcards: sample=zika, seg=502-1003

Select jobs to execute...
[Wed Mar 17 10:33:30 2021]
Finished job 105.
59 of 217 steps (27%) done

[Wed Mar 17 10:33:30 2021]
rule reverse_toFasta:
    input: /datater/wu/data/zika/filtering/reverse4769-5270.calculated
    output: /datater/wu/data/zika/filtering/reverse4769-5270.fasta
    jobid: 85
    wildcards: sample=zika, seg=4769-5270

[Wed Mar 17 10:33:30 2021]
rule reverse_toFasta:
    input: /datater/wu/data/zika/filtering/reverse1757-2258.calculated
    output: /datater/wu/data/zika/filtering/reverse1757-2258.fasta
    jobid: 127
    wildcards: sample=zika, seg=1757-2258

Select jobs to execute...
[Wed Mar 17 10:33:30 2021]
Finished job 120.
60 of 217 steps (28%) done

[Wed Mar 17 10:33:30 2021]
rule reverse_add_LC:
    input: /datater/wu/data/zika/filtering/reverse502-1003.nessieOut, /datater/wu/data/zika/filtering/reverse502-1003.fasta
    output: /datater/wu/data/zika/filtering/reverse502-1003.calculated2
    jobid: 104
    wildcards: sample=zika, seg=502-1003

Select jobs to execute...

[Wed Mar 17 10:33:30 2021]
rule reverse_linguistic_complexity:
    input: /datater/wu/data/zika/filtering/reverse8534-9035.fasta
    output: /datater/wu/data/zika/filtering/reverse8534-9035.nessieOut
    jobid: 119
    wildcards: sample=zika, seg=8534-9035

Select jobs to execute...
[Wed Mar 17 10:33:30 2021]
Finished job 119.
61 of 217 steps (28%) done
Select jobs to execute...
[Wed Mar 17 10:33:30 2021]
Finished job 71.
62 of 217 steps (29%) done

[Wed Mar 17 10:33:30 2021]
rule reverse_toFasta:
    input: /datater/wu/data/zika/filtering/reverse251-752.calculated
    output: /datater/wu/data/zika/filtering/reverse251-752.fasta
    jobid: 225
    wildcards: sample=zika, seg=251-752

Select jobs to execute...

[Wed Mar 17 10:33:30 2021]
rule dskReverseOutputSort:
    input: /datater/wu/data/zika/dsk/reverse3514-4015.kCount
    output: /datater/wu/data/zika/dsk/reverse3514-4015.kCountSorted
    jobid: 45
    wildcards: sample=zika, seg=3514-4015

[Wed Mar 17 10:33:30 2021]
Finished job 244.
63 of 217 steps (29%) done
Select jobs to execute...

[Wed Mar 17 10:33:30 2021]
rule dskReverseOutputSort:
    input: /datater/wu/data/zika/dsk/reverse5773-6274.kCount
    output: /datater/wu/data/zika/dsk/reverse5773-6274.kCountSorted
    jobid: 157
    wildcards: sample=zika, seg=5773-6274

[Wed Mar 17 10:33:30 2021]
Finished job 275.
64 of 217 steps (29%) done
Select jobs to execute...

[Wed Mar 17 10:33:30 2021]
rule dskReverseOutputSort:
    input: /datater/wu/data/zika/dsk/reverse7781-8282.kCount
    output: /datater/wu/data/zika/dsk/reverse7781-8282.kCountSorted
    jobid: 255
    wildcards: sample=zika, seg=7781-8282

[Wed Mar 17 10:33:31 2021]
Finished job 170.
65 of 217 steps (30%) done
Select jobs to execute...

[Wed Mar 17 10:33:31 2021]
rule reverse_toFasta:
    input: /datater/wu/data/zika/filtering/reverse4267-4768.calculated
    output: /datater/wu/data/zika/filtering/reverse4267-4768.fasta
    jobid: 169
    wildcards: sample=zika, seg=4267-4768

[Wed Mar 17 10:33:31 2021]
Finished job 164.
66 of 217 steps (30%) done
Select jobs to execute...

[Wed Mar 17 10:33:31 2021]
rule reverse_parameters:
    input: /datater/wu/data/zika/dsk/reverse1004-1505.kCountSorted
    output: /datater/wu/data/zika/filtering/reverse1004-1505.calculated
    jobid: 163
    wildcards: sample=zika, seg=1004-1505

[Wed Mar 17 10:33:31 2021]
Finished job 65.
67 of 217 steps (31%) done
Select jobs to execute...
[Wed Mar 17 10:33:31 2021]
Finished job 59.
68 of 217 steps (31%) done

[Wed Mar 17 10:33:31 2021]
rule reverse_toFasta:
    input: /datater/wu/data/zika/filtering/reverse7028-7529.calculated
    output: /datater/wu/data/zika/filtering/reverse7028-7529.fasta
    jobid: 64
    wildcards: sample=zika, seg=7028-7529

Select jobs to execute...
[Wed Mar 17 10:33:31 2021]
Finished job 127.
69 of 217 steps (32%) done

[Wed Mar 17 10:33:31 2021]
rule reverse_parameters:
    input: /datater/wu/data/zika/dsk/reverse3012-3513.kCountSorted
    output: /datater/wu/data/zika/filtering/reverse3012-3513.calculated
    jobid: 58
    wildcards: sample=zika, seg=3012-3513

Select jobs to execute...
[Wed Mar 17 10:33:31 2021]
Finished job 104.
70 of 217 steps (32%) done

[Wed Mar 17 10:33:31 2021]
rule reverse_linguistic_complexity:
    input: /datater/wu/data/zika/filtering/reverse1757-2258.fasta
    output: /datater/wu/data/zika/filtering/reverse1757-2258.nessieOut
    jobid: 126
    wildcards: sample=zika, seg=1757-2258

Select jobs to execute...
[Wed Mar 17 10:33:31 2021]
Finished job 85.
71 of 217 steps (33%) done
[Wed Mar 17 10:33:31 2021]
Finished job 126.
72 of 217 steps (33%) done

[Wed Mar 17 10:33:31 2021]
rule dskReverseOutputSort:
    input: /datater/wu/data/zika/dsk/reverse5522-6023.kCount
    output: /datater/wu/data/zika/dsk/reverse5522-6023.kCountSorted
    jobid: 150
    wildcards: sample=zika, seg=5522-6023

Select jobs to execute...
[Wed Mar 17 10:33:31 2021]
Finished job 269.
73 of 217 steps (34%) done

[Wed Mar 17 10:33:31 2021]
rule reverse_linguistic_complexity:
    input: /datater/wu/data/zika/filtering/reverse8283-8784.fasta
    output: /datater/wu/data/zika/filtering/reverse8283-8784.nessieOut
    jobid: 196
    wildcards: sample=zika, seg=8283-8784


[Wed Mar 17 10:33:31 2021]
rule reverse_toFasta:
    input: /datater/wu/data/zika/filtering/reverse5271-5772.calculated
    output: /datater/wu/data/zika/filtering/reverse5271-5772.fasta
    jobid: 78
    wildcards: sample=zika, seg=5271-5772

Select jobs to execute...
[Wed Mar 17 10:33:31 2021]
Finished job 196.
74 of 217 steps (34%) done

[Wed Mar 17 10:33:31 2021]
rule reverse_parameters:
    input: /datater/wu/data/zika/dsk/reverse753-1254.kCountSorted
    output: /datater/wu/data/zika/filtering/reverse753-1254.calculated
    jobid: 268
    wildcards: sample=zika, seg=753-1254

Select jobs to execute...

[Wed Mar 17 10:33:31 2021]
rule reverse_add_LC:
    input: /datater/wu/data/zika/filtering/reverse8283-8784.nessieOut, /datater/wu/data/zika/filtering/reverse8283-8784.fasta
    output: /datater/wu/data/zika/filtering/reverse8283-8784.calculated2
    jobid: 195
    wildcards: sample=zika, seg=8283-8784

Select jobs to execute...
[Wed Mar 17 10:33:31 2021]
Finished job 45.
75 of 217 steps (35%) done
Select jobs to execute...
[Wed Mar 17 10:33:31 2021]
Finished job 225.
76 of 217 steps (35%) done

[Wed Mar 17 10:33:31 2021]
rule reverse_parameters:
    input: /datater/wu/data/zika/dsk/reverse3514-4015.kCountSorted
    output: /datater/wu/data/zika/filtering/reverse3514-4015.calculated
    jobid: 44
    wildcards: sample=zika, seg=3514-4015

Select jobs to execute...

[Wed Mar 17 10:33:31 2021]
rule reverse_linguistic_complexity:
    input: /datater/wu/data/zika/filtering/reverse251-752.fasta
    output: /datater/wu/data/zika/filtering/reverse251-752.nessieOut
    jobid: 224
    wildcards: sample=zika, seg=251-752

[Wed Mar 17 10:33:31 2021]
Finished job 224.
77 of 217 steps (35%) done
Select jobs to execute...

[Wed Mar 17 10:33:31 2021]
rule reverse_parameters:
    input: /datater/wu/data/zika/dsk/reverse2259-2760.kCountSorted
    output: /datater/wu/data/zika/filtering/reverse2259-2760.calculated
    jobid: 37
    wildcards: sample=zika, seg=2259-2760

[Wed Mar 17 10:33:31 2021]
Finished job 157.
78 of 217 steps (36%) done
Select jobs to execute...

[Wed Mar 17 10:33:31 2021]
rule reverse_parameters:
    input: /datater/wu/data/zika/dsk/reverse5773-6274.kCountSorted
    output: /datater/wu/data/zika/filtering/reverse5773-6274.calculated
    jobid: 156
    wildcards: sample=zika, seg=5773-6274

[Wed Mar 17 10:33:31 2021]
Finished job 255.
79 of 217 steps (36%) done
Select jobs to execute...

[Wed Mar 17 10:33:31 2021]
rule reverse_parameters:
    input: /datater/wu/data/zika/dsk/reverse7781-8282.kCountSorted
    output: /datater/wu/data/zika/filtering/reverse7781-8282.calculated
    jobid: 254
    wildcards: sample=zika, seg=7781-8282

[Wed Mar 17 10:33:32 2021]
Finished job 169.
80 of 217 steps (37%) done
Select jobs to execute...

[Wed Mar 17 10:33:32 2021]
rule reverse_toFasta:
    input: /datater/wu/data/zika/filtering/reverse1506-2007.calculated
    output: /datater/wu/data/zika/filtering/reverse1506-2007.fasta
    jobid: 22
    wildcards: sample=zika, seg=1506-2007

[Wed Mar 17 10:33:32 2021]
Finished job 64.
81 of 217 steps (37%) done
Select jobs to execute...
[Wed Mar 17 10:33:32 2021]
Finished job 163.
82 of 217 steps (38%) done

[Wed Mar 17 10:33:32 2021]
rule reverse_parameters:
    input: /datater/wu/data/zika/dsk/reverse6024-6525.kCountSorted
    output: /datater/wu/data/zika/filtering/reverse6024-6525.calculated
    jobid: 240
    wildcards: sample=zika, seg=6024-6525

Select jobs to execute...

[Wed Mar 17 10:33:32 2021]
rule reverse_toFasta:
    input: /datater/wu/data/zika/filtering/reverse1004-1505.calculated
    output: /datater/wu/data/zika/filtering/reverse1004-1505.fasta
    jobid: 162
    wildcards: sample=zika, seg=1004-1505

[Wed Mar 17 10:33:32 2021]
Finished job 58.
83 of 217 steps (38%) done
Select jobs to execute...
[Wed Mar 17 10:33:32 2021]
Finished job 150.
84 of 217 steps (39%) done

[Wed Mar 17 10:33:32 2021]
rule reverse_toFasta:
    input: /datater/wu/data/zika/filtering/reverse3012-3513.calculated
    output: /datater/wu/data/zika/filtering/reverse3012-3513.fasta
    jobid: 57
    wildcards: sample=zika, seg=3012-3513

Select jobs to execute...
[Wed Mar 17 10:33:32 2021]
Finished job 78.
85 of 217 steps (39%) done

[Wed Mar 17 10:33:32 2021]
rule reverse_parameters:
    input: /datater/wu/data/zika/dsk/reverse5522-6023.kCountSorted
    output: /datater/wu/data/zika/filtering/reverse5522-6023.calculated
    jobid: 149
    wildcards: sample=zika, seg=5522-6023

Select jobs to execute...

[Wed Mar 17 10:33:32 2021]
rule reverse_parameters:
    input: /datater/wu/data/zika/dsk/reverse9036-9537.kCountSorted
    output: /datater/wu/data/zika/filtering/reverse9036-9537.calculated
    jobid: 135
    wildcards: sample=zika, seg=9036-9537

[Wed Mar 17 10:33:32 2021]
Finished job 195.
86 of 217 steps (40%) done
Select jobs to execute...
[Wed Mar 17 10:33:32 2021]
Finished job 268.
87 of 217 steps (40%) done

[Wed Mar 17 10:33:32 2021]
rule reverse_parameters:
    input: /datater/wu/data/zika/dsk/reverse10040-10541.kCountSorted
    output: /datater/wu/data/zika/filtering/reverse10040-10541.calculated
    jobid: 30
    wildcards: sample=zika, seg=10040-10541

Select jobs to execute...

[Wed Mar 17 10:33:32 2021]
rule reverse_toFasta:
    input: /datater/wu/data/zika/filtering/reverse4518-5019.calculated
    output: /datater/wu/data/zika/filtering/reverse4518-5019.fasta
    jobid: 274
    wildcards: sample=zika, seg=4518-5019

[Wed Mar 17 10:33:32 2021]
Finished job 44.
88 of 217 steps (41%) done
Select jobs to execute...

[Wed Mar 17 10:33:32 2021]
rule reverse_toFasta:
    input: /datater/wu/data/zika/filtering/reverse3514-4015.calculated
    output: /datater/wu/data/zika/filtering/reverse3514-4015.fasta
    jobid: 43
    wildcards: sample=zika, seg=3514-4015

[Wed Mar 17 10:33:32 2021]
Finished job 37.
89 of 217 steps (41%) done
Select jobs to execute...

[Wed Mar 17 10:33:32 2021]
rule reverse_toFasta:
    input: /datater/wu/data/zika/filtering/reverse2259-2760.calculated
    output: /datater/wu/data/zika/filtering/reverse2259-2760.fasta
    jobid: 36
    wildcards: sample=zika, seg=2259-2760

[Wed Mar 17 10:33:32 2021]
Finished job 156.
90 of 217 steps (41%) done
Select jobs to execute...
[Wed Mar 17 10:33:32 2021]
Finished job 254.
91 of 217 steps (42%) done

[Wed Mar 17 10:33:32 2021]
rule reverse_toFasta:
    input: /datater/wu/data/zika/filtering/reverse5773-6274.calculated
    output: /datater/wu/data/zika/filtering/reverse5773-6274.fasta
    jobid: 155
    wildcards: sample=zika, seg=5773-6274

Select jobs to execute...

[Wed Mar 17 10:33:32 2021]
rule reverse_toFasta:
    input: /datater/wu/data/zika/filtering/reverse7781-8282.calculated
    output: /datater/wu/data/zika/filtering/reverse7781-8282.fasta
    jobid: 253
    wildcards: sample=zika, seg=7781-8282

[Wed Mar 17 10:33:32 2021]
Finished job 22.
92 of 217 steps (42%) done
Select jobs to execute...

[Wed Mar 17 10:33:32 2021]
rule reverse_linguistic_complexity:
    input: /datater/wu/data/zika/filtering/reverse1506-2007.fasta
    output: /datater/wu/data/zika/filtering/reverse1506-2007.nessieOut
    jobid: 21
    wildcards: sample=zika, seg=1506-2007

[Wed Mar 17 10:33:32 2021]
Finished job 21.
93 of 217 steps (43%) done
Select jobs to execute...

[Wed Mar 17 10:33:32 2021]
rule dskReverseOutputSort:
    input: /datater/wu/data/zika/dsk/reverse1255-1756.kCount
    output: /datater/wu/data/zika/dsk/reverse1255-1756.kCountSorted
    jobid: 52
    wildcards: sample=zika, seg=1255-1756

[Wed Mar 17 10:33:33 2021]
Finished job 57.
94 of 217 steps (43%) done
Select jobs to execute...

[Wed Mar 17 10:33:33 2021]
rule reverse_parameters:
    input: /datater/wu/data/zika/dsk/reverse6526-7027.kCountSorted
    output: /datater/wu/data/zika/filtering/reverse6526-7027.calculated
    jobid: 142
    wildcards: sample=zika, seg=6526-7027

[Wed Mar 17 10:33:33 2021]
Finished job 135.
95 of 217 steps (44%) done
[Wed Mar 17 10:33:33 2021]
Finished job 240.
96 of 217 steps (44%) done
Select jobs to execute...
[Wed Mar 17 10:33:33 2021]
Finished job 162.
97 of 217 steps (45%) done

[Wed Mar 17 10:33:33 2021]
rule reverse_parameters:
    input: /datater/wu/data/zika/dsk/reverse9538-10039.kCountSorted
    output: /datater/wu/data/zika/filtering/reverse9538-10039.calculated
    jobid: 114
    wildcards: sample=zika, seg=9538-10039

[Wed Mar 17 10:33:33 2021]
rule reverse_add_LC:
    input: /datater/wu/data/zika/filtering/reverse1757-2258.nessieOut, /datater/wu/data/zika/filtering/reverse1757-2258.fasta
    output: /datater/wu/data/zika/filtering/reverse1757-2258.calculated2
    jobid: 125
    wildcards: sample=zika, seg=1757-2258

Select jobs to execute...
[Wed Mar 17 10:33:33 2021]
Finished job 274.
98 of 217 steps (45%) done
[Wed Mar 17 10:33:33 2021]
Finished job 30.
99 of 217 steps (46%) done

[Wed Mar 17 10:33:33 2021]
rule reverse_toFasta:
    input: /datater/wu/data/zika/filtering/reverse6024-6525.calculated
    output: /datater/wu/data/zika/filtering/reverse6024-6525.fasta
    jobid: 239
    wildcards: sample=zika, seg=6024-6525

Select jobs to execute...

[Wed Mar 17 10:33:33 2021]
rule reverse_linguistic_complexity:
    input: /datater/wu/data/zika/filtering/reverse8785-9286.fasta
    output: /datater/wu/data/zika/filtering/reverse8785-9286.nessieOut
    jobid: 70
    wildcards: sample=zika, seg=8785-9286


[Wed Mar 17 10:33:33 2021]
rule reverse_toFasta:
    input: /datater/wu/data/zika/filtering/reverse7279-7780.calculated
    output: /datater/wu/data/zika/filtering/reverse7279-7780.fasta
    jobid: 288
    wildcards: sample=zika, seg=7279-7780

Select jobs to execute...
Select jobs to execute...
[Wed Mar 17 10:33:33 2021]
Finished job 70.
100 of 217 steps (46%) done
Select jobs to execute...
[Wed Mar 17 10:33:33 2021]
Finished job 149.
101 of 217 steps (47%) done

[Wed Mar 17 10:33:33 2021]
rule reverse_toFasta:
    input: /datater/wu/data/zika/filtering/reverse10040-10541.calculated
    output: /datater/wu/data/zika/filtering/reverse10040-10541.fasta
    jobid: 29
    wildcards: sample=zika, seg=10040-10541

Select jobs to execute...

[Wed Mar 17 10:33:33 2021]
rule reverse_toFasta:
    input: /datater/wu/data/zika/filtering/reverse5522-6023.calculated
    output: /datater/wu/data/zika/filtering/reverse5522-6023.fasta
    jobid: 148
    wildcards: sample=zika, seg=5522-6023

[Wed Mar 17 10:33:33 2021]
Finished job 43.
102 of 217 steps (47%) done
Select jobs to execute...

[Wed Mar 17 10:33:33 2021]
rule reverse_toFasta:
    input: /datater/wu/data/zika/filtering/reverse9036-9537.calculated
    output: /datater/wu/data/zika/filtering/reverse9036-9537.fasta
    jobid: 134
    wildcards: sample=zika, seg=9036-9537

[Wed Mar 17 10:33:33 2021]
Finished job 36.
103 of 217 steps (47%) done
Select jobs to execute...

[Wed Mar 17 10:33:33 2021]
rule reverse_linguistic_complexity:
    input: /datater/wu/data/zika/filtering/reverse2259-2760.fasta
    output: /datater/wu/data/zika/filtering/reverse2259-2760.nessieOut
    jobid: 35
    wildcards: sample=zika, seg=2259-2760

[Wed Mar 17 10:33:33 2021]
Finished job 155.
104 of 217 steps (48%) done
[Wed Mar 17 10:33:33 2021]
Finished job 35.
105 of 217 steps (48%) done
Select jobs to execute...

[Wed Mar 17 10:33:33 2021]
rule reverse_add_LC:
    input: /datater/wu/data/zika/filtering/reverse1506-2007.nessieOut, /datater/wu/data/zika/filtering/reverse1506-2007.fasta
    output: /datater/wu/data/zika/filtering/reverse1506-2007.calculated2
    jobid: 20
    wildcards: sample=zika, seg=1506-2007

[Wed Mar 17 10:33:33 2021]
rule reverse_linguistic_complexity:
    input: /datater/wu/data/zika/filtering/reverse4267-4768.fasta
    output: /datater/wu/data/zika/filtering/reverse4267-4768.nessieOut
    jobid: 168
    wildcards: sample=zika, seg=4267-4768

Select jobs to execute...
[Wed Mar 17 10:33:33 2021]
Finished job 168.
106 of 217 steps (49%) done
Select jobs to execute...
[Wed Mar 17 10:33:33 2021]
Finished job 52.
107 of 217 steps (49%) done

[Wed Mar 17 10:33:33 2021]
rule dskReverseOutputSort:
    input: /datater/wu/data/zika/dsk/reverse7530-8031.kCount
    output: /datater/wu/data/zika/dsk/reverse7530-8031.kCountSorted
    jobid: 262
    wildcards: sample=zika, seg=7530-8031

Select jobs to execute...

[Wed Mar 17 10:33:33 2021]
rule reverse_parameters:
    input: /datater/wu/data/zika/dsk/reverse1255-1756.kCountSorted
    output: /datater/wu/data/zika/filtering/reverse1255-1756.calculated
    jobid: 51
    wildcards: sample=zika, seg=1255-1756

[Wed Mar 17 10:33:33 2021]
Finished job 253.
108 of 217 steps (50%) done
Select jobs to execute...

[Wed Mar 17 10:33:33 2021]
rule reverse_add_LC:
    input: /datater/wu/data/zika/filtering/reverse4267-4768.nessieOut, /datater/wu/data/zika/filtering/reverse4267-4768.fasta
    output: /datater/wu/data/zika/filtering/reverse4267-4768.calculated2
    jobid: 167
    wildcards: sample=zika, seg=4267-4768

[Wed Mar 17 10:33:33 2021]
Finished job 114.
109 of 217 steps (50%) done
Select jobs to execute...
[Wed Mar 17 10:33:34 2021]
Finished job 239.
110 of 217 steps (51%) done

[Wed Mar 17 10:33:34 2021]
rule reverse_add_LC:
    input: /datater/wu/data/zika/filtering/reverse8785-9286.nessieOut, /datater/wu/data/zika/filtering/reverse8785-9286.fasta
    output: /datater/wu/data/zika/filtering/reverse8785-9286.calculated2
    jobid: 69
    wildcards: sample=zika, seg=8785-9286

Select jobs to execute...
[Wed Mar 17 10:33:34 2021]
Finished job 125.
111 of 217 steps (51%) done

[Wed Mar 17 10:33:34 2021]
rule reverse_toFasta:
    input: /datater/wu/data/zika/filtering/reverse753-1254.calculated
    output: /datater/wu/data/zika/filtering/reverse753-1254.fasta
    jobid: 267
    wildcards: sample=zika, seg=753-1254

Select jobs to execute...
[Wed Mar 17 10:33:34 2021]
Finished job 29.
112 of 217 steps (52%) done

[Wed Mar 17 10:33:34 2021]
rule reverse_linguistic_complexity:
    input: /datater/wu/data/zika/filtering/reverse4769-5270.fasta
    output: /datater/wu/data/zika/filtering/reverse4769-5270.nessieOut
    jobid: 84
    wildcards: sample=zika, seg=4769-5270

Select jobs to execute...
[Wed Mar 17 10:33:34 2021]
Finished job 142.
113 of 217 steps (52%) done
[Wed Mar 17 10:33:34 2021]
Finished job 84.
114 of 217 steps (53%) done

[Wed Mar 17 10:33:34 2021]
rule reverse_linguistic_complexity:
    input: /datater/wu/data/zika/filtering/reverse6024-6525.fasta
    output: /datater/wu/data/zika/filtering/reverse6024-6525.nessieOut
    jobid: 238
    wildcards: sample=zika, seg=6024-6525

Select jobs to execute...
[Wed Mar 17 10:33:34 2021]
Finished job 238.
115 of 217 steps (53%) done
[Wed Mar 17 10:33:34 2021]
Finished job 288.
116 of 217 steps (53%) done

[Wed Mar 17 10:33:34 2021]
rule reverse_parameters:
    input: /datater/wu/data/zika/dsk/reverse10291-10792.kCountSorted
    output: /datater/wu/data/zika/filtering/reverse10291-10792.calculated
    jobid: 191
    wildcards: sample=zika, seg=10291-10792

[Wed Mar 17 10:33:34 2021]
[Wed Mar 17 10:33:34 2021]
Finished job 148.
rule reverse_linguistic_complexity:
    input: /datater/wu/data/zika/filtering/reverse7028-7529.fasta
    output: /datater/wu/data/zika/filtering/reverse7028-7529.nessieOut
    jobid: 63
    wildcards: sample=zika, seg=7028-7529
117 of 217 steps (54%) done

Select jobs to execute...
[Wed Mar 17 10:33:34 2021]
Finished job 63.
118 of 217 steps (54%) done

[Wed Mar 17 10:33:34 2021]
rule reverse_linguistic_complexity:
    input: /datater/wu/data/zika/filtering/reverse3012-3513.fasta
    output: /datater/wu/data/zika/filtering/reverse3012-3513.nessieOut
    jobid: 56
    wildcards: sample=zika, seg=3012-3513


[Wed Mar 17 10:33:34 2021]
rule reverse_parameters:
    input: /datater/wu/data/zika/dsk/reverse6777-7278.kCountSorted
    output: /datater/wu/data/zika/filtering/reverse6777-7278.calculated
    jobid: 212
    wildcards: sample=zika, seg=6777-7278

[Wed Mar 17 10:33:34 2021]
rule reverse_parameters:
    input: /datater/wu/data/zika/dsk/reverse5020-5521.kCountSorted
    output: /datater/wu/data/zika/filtering/reverse5020-5521.calculated
    jobid: 219
    wildcards: sample=zika, seg=5020-5521

Select jobs to execute...
[Wed Mar 17 10:33:34 2021]
Finished job 56.
119 of 217 steps (55%) done

[Wed Mar 17 10:33:34 2021]
rule reverse_add_LC:
    input: /datater/wu/data/zika/filtering/reverse4769-5270.nessieOut, /datater/wu/data/zika/filtering/reverse4769-5270.fasta
    output: /datater/wu/data/zika/filtering/reverse4769-5270.calculated2
    jobid: 83
    wildcards: sample=zika, seg=4769-5270

Select jobs to execute...
[Wed Mar 17 10:33:34 2021]
Finished job 134.
120 of 217 steps (55%) done

[Wed Mar 17 10:33:34 2021]
rule reverse_toFasta:
    input: /datater/wu/data/zika/filtering/reverse6526-7027.calculated
    output: /datater/wu/data/zika/filtering/reverse6526-7027.fasta
    jobid: 141
    wildcards: sample=zika, seg=6526-7027

Select jobs to execute...

[Wed Mar 17 10:33:34 2021]
rule reverse_linguistic_complexity:
    input: /datater/wu/data/zika/filtering/reverse10040-10541.fasta
    output: /datater/wu/data/zika/filtering/reverse10040-10541.nessieOut
    jobid: 28
    wildcards: sample=zika, seg=10040-10541

Select jobs to execute...
Select jobs to execute...
Select jobs to execute...
[Wed Mar 17 10:33:34 2021]
Finished job 28.
121 of 217 steps (56%) done
Select jobs to execute...

[Wed Mar 17 10:33:34 2021]
rule reverse_add_LC:
    input: /datater/wu/data/zika/filtering/reverse7028-7529.nessieOut, /datater/wu/data/zika/filtering/reverse7028-7529.fasta
    output: /datater/wu/data/zika/filtering/reverse7028-7529.calculated2
    jobid: 62
    wildcards: sample=zika, seg=7028-7529

[Wed Mar 17 10:33:34 2021]
Finished job 20.
122 of 217 steps (56%) done
Select jobs to execute...

[Wed Mar 17 10:33:34 2021]
rule reverse_linguistic_complexity:
    input: /datater/wu/data/zika/filtering/reverse7279-7780.fasta
    output: /datater/wu/data/zika/filtering/reverse7279-7780.nessieOut
    jobid: 287
    wildcards: sample=zika, seg=7279-7780

[Wed Mar 17 10:33:34 2021]
Finished job 287.
123 of 217 steps (57%) done
Select jobs to execute...

[Wed Mar 17 10:33:34 2021]
rule reverse_add_LC:
    input: /datater/wu/data/zika/filtering/reverse7279-7780.nessieOut, /datater/wu/data/zika/filtering/reverse7279-7780.fasta
    output: /datater/wu/data/zika/filtering/reverse7279-7780.calculated2
    jobid: 286
    wildcards: sample=zika, seg=7279-7780

[Wed Mar 17 10:33:34 2021]
Finished job 262.
124 of 217 steps (57%) done
Select jobs to execute...

[Wed Mar 17 10:33:34 2021]
rule reverse_parameters:
    input: /datater/wu/data/zika/dsk/reverse7530-8031.kCountSorted
    output: /datater/wu/data/zika/filtering/reverse7530-8031.calculated
    jobid: 261
    wildcards: sample=zika, seg=7530-8031

[Wed Mar 17 10:33:34 2021]
Finished job 51.
125 of 217 steps (58%) done
Select jobs to execute...

[Wed Mar 17 10:33:34 2021]
rule reverse_toFasta:
    input: /datater/wu/data/zika/filtering/reverse1255-1756.calculated
    output: /datater/wu/data/zika/filtering/reverse1255-1756.fasta
    jobid: 50
    wildcards: sample=zika, seg=1255-1756

[Wed Mar 17 10:33:34 2021]
Finished job 167.
126 of 217 steps (58%) done
Select jobs to execute...

[Wed Mar 17 10:33:34 2021]
rule reverse_add_LC:
    input: /datater/wu/data/zika/filtering/reverse3012-3513.nessieOut, /datater/wu/data/zika/filtering/reverse3012-3513.fasta
    output: /datater/wu/data/zika/filtering/reverse3012-3513.calculated2
    jobid: 55
    wildcards: sample=zika, seg=3012-3513

[Wed Mar 17 10:33:34 2021]
Finished job 69.
127 of 217 steps (59%) done
Select jobs to execute...

[Wed Mar 17 10:33:34 2021]
rule reverse_linguistic_complexity:
    input: /datater/wu/data/zika/filtering/reverse5271-5772.fasta
    output: /datater/wu/data/zika/filtering/reverse5271-5772.nessieOut
    jobid: 77
    wildcards: sample=zika, seg=5271-5772

[Wed Mar 17 10:33:34 2021]
Finished job 77.
128 of 217 steps (59%) done
Select jobs to execute...
[Wed Mar 17 10:33:34 2021]
Finished job 267.
129 of 217 steps (59%) done

[Wed Mar 17 10:33:34 2021]
rule reverse_add_LC:
    input: /datater/wu/data/zika/filtering/reverse5271-5772.nessieOut, /datater/wu/data/zika/filtering/reverse5271-5772.fasta
    output: /datater/wu/data/zika/filtering/reverse5271-5772.calculated2
    jobid: 76
    wildcards: sample=zika, seg=5271-5772

Select jobs to execute...

[Wed Mar 17 10:33:34 2021]
rule reverse_toFasta:
    input: /datater/wu/data/zika/filtering/reverse3765-4266.calculated
    output: /datater/wu/data/zika/filtering/reverse3765-4266.fasta
    jobid: 183
    wildcards: sample=zika, seg=3765-4266

[Wed Mar 17 10:33:35 2021]
Finished job 191.
130 of 217 steps (60%) done
Select jobs to execute...
[Wed Mar 17 10:33:35 2021]
Finished job 83.
131 of 217 steps (60%) done
[Wed Mar 17 10:33:35 2021]
Finished job 212.
132 of 217 steps (61%) done

[Wed Mar 17 10:33:35 2021]
rule reverse_parameters:
    input: /datater/wu/data/zika/dsk/reverse8032-8533.kCountSorted
    output: /datater/wu/data/zika/filtering/reverse8032-8533.calculated
    jobid: 93
    wildcards: sample=zika, seg=8032-8533

Select jobs to execute...

[Wed Mar 17 10:33:35 2021]
rule reverse_toFasta:
    input: /datater/wu/data/zika/filtering/reverse2510-3011.calculated
    output: /datater/wu/data/zika/filtering/reverse2510-3011.fasta
    jobid: 302
    wildcards: sample=zika, seg=2510-3011

[Wed Mar 17 10:33:35 2021]
rule reverse_parameters:
    input: /datater/wu/data/zika/dsk/reverse6275-6776.kCountSorted
    output: /datater/wu/data/zika/filtering/reverse6275-6776.calculated
    jobid: 233
    wildcards: sample=zika, seg=6275-6776

Select jobs to execute...
[Wed Mar 17 10:33:35 2021]
Finished job 219.
133 of 217 steps (61%) done
Select jobs to execute...

[Wed Mar 17 10:33:35 2021]
rule reverse_toFasta:
    input: /datater/wu/data/zika/filtering/reverse6777-7278.calculated
    output: /datater/wu/data/zika/filtering/reverse6777-7278.fasta
    jobid: 211
    wildcards: sample=zika, seg=6777-7278

[Wed Mar 17 10:33:35 2021]
Finished job 141.
134 of 217 steps (62%) done
Select jobs to execute...
[Wed Mar 17 10:33:35 2021]
Finished job 62.
135 of 217 steps (62%) done
[Wed Mar 17 10:33:35 2021]
Finished job 286.
136 of 217 steps (63%) done

[Wed Mar 17 10:33:35 2021]
rule reverse_linguistic_complexity:
    input: /datater/wu/data/zika/filtering/reverse6526-7027.fasta
    output: /datater/wu/data/zika/filtering/reverse6526-7027.nessieOut
    jobid: 140
    wildcards: sample=zika, seg=6526-7027

Select jobs to execute...
[Wed Mar 17 10:33:35 2021]
Finished job 140.
137 of 217 steps (63%) done

[Wed Mar 17 10:33:35 2021]
rule reverse_linguistic_complexity:
    input: /datater/wu/data/zika/filtering/reverse3514-4015.fasta
    output: /datater/wu/data/zika/filtering/reverse3514-4015.nessieOut
    jobid: 42
    wildcards: sample=zika, seg=3514-4015


[Wed Mar 17 10:33:35 2021]
rule reverse_linguistic_complexity:
    input: /datater/wu/data/zika/filtering/reverse5773-6274.fasta
    output: /datater/wu/data/zika/filtering/reverse5773-6274.nessieOut
    jobid: 154
    wildcards: sample=zika, seg=5773-6274

Select jobs to execute...
[Wed Mar 17 10:33:35 2021]
Finished job 42.
138 of 217 steps (64%) done
[Wed Mar 17 10:33:35 2021]
Finished job 154.
139 of 217 steps (64%) done

[Wed Mar 17 10:33:35 2021]
rule reverse_toFasta:
    input: /datater/wu/data/zika/filtering/reverse5020-5521.calculated
    output: /datater/wu/data/zika/filtering/reverse5020-5521.fasta
    jobid: 218
    wildcards: sample=zika, seg=5020-5521

Select jobs to execute...

[Wed Mar 17 10:33:35 2021]
rule reverse_add_LC:
    input: /datater/wu/data/zika/filtering/reverse251-752.nessieOut, /datater/wu/data/zika/filtering/reverse251-752.fasta
    output: /datater/wu/data/zika/filtering/reverse251-752.calculated2
    jobid: 223
    wildcards: sample=zika, seg=251-752

[Wed Mar 17 10:33:35 2021]
rule reverse_toFasta:
    input: /datater/wu/data/zika/filtering/reverse10291-10792.calculated
    output: /datater/wu/data/zika/filtering/reverse10291-10792.fasta
    jobid: 190
    wildcards: sample=zika, seg=10291-10792

Select jobs to execute...
Select jobs to execute...
[Wed Mar 17 10:33:35 2021]
Finished job 50.
140 of 217 steps (65%) done
Select jobs to execute...

[Wed Mar 17 10:33:35 2021]
rule reverse_add_LC:
    input: /datater/wu/data/zika/filtering/reverse5773-6274.nessieOut, /datater/wu/data/zika/filtering/reverse5773-6274.fasta
    output: /datater/wu/data/zika/filtering/reverse5773-6274.calculated2
    jobid: 153
    wildcards: sample=zika, seg=5773-6274

[Wed Mar 17 10:33:35 2021]
Finished job 261.
141 of 217 steps (65%) done
Select jobs to execute...

[Wed Mar 17 10:33:35 2021]
rule reverse_toFasta:
    input: /datater/wu/data/zika/filtering/reverse7530-8031.calculated
    output: /datater/wu/data/zika/filtering/reverse7530-8031.fasta
    jobid: 260
    wildcards: sample=zika, seg=7530-8031

[Wed Mar 17 10:33:35 2021]
Finished job 55.
142 of 217 steps (65%) done
Select jobs to execute...

[Wed Mar 17 10:33:35 2021]
rule reverse_toFasta:
    input: /datater/wu/data/zika/filtering/reverse9538-10039.calculated
    output: /datater/wu/data/zika/filtering/reverse9538-10039.fasta
    jobid: 113
    wildcards: sample=zika, seg=9538-10039

[Wed Mar 17 10:33:35 2021]
Finished job 183.
143 of 217 steps (66%) done
Select jobs to execute...

[Wed Mar 17 10:33:35 2021]
rule reverse_linguistic_complexity:
    input: /datater/wu/data/zika/filtering/reverse3765-4266.fasta
    output: /datater/wu/data/zika/filtering/reverse3765-4266.nessieOut
    jobid: 182
    wildcards: sample=zika, seg=3765-4266

[Wed Mar 17 10:33:35 2021]
Finished job 182.
144 of 217 steps (66%) done
Select jobs to execute...

[Wed Mar 17 10:33:35 2021]
rule reverse_add_LC:
    input: /datater/wu/data/zika/filtering/reverse3765-4266.nessieOut, /datater/wu/data/zika/filtering/reverse3765-4266.fasta
    output: /datater/wu/data/zika/filtering/reverse3765-4266.calculated2
    jobid: 181
    wildcards: sample=zika, seg=3765-4266

[Wed Mar 17 10:33:35 2021]
Finished job 76.
145 of 217 steps (67%) done
Select jobs to execute...

[Wed Mar 17 10:33:35 2021]
rule reverse_linguistic_complexity:
    input: /datater/wu/data/zika/filtering/reverse4518-5019.fasta
    output: /datater/wu/data/zika/filtering/reverse4518-5019.nessieOut
    jobid: 273
    wildcards: sample=zika, seg=4518-5019

[Wed Mar 17 10:33:35 2021]
Finished job 273.
146 of 217 steps (67%) done
Select jobs to execute...

[Wed Mar 17 10:33:35 2021]
rule reverse_add_LC:
    input: /datater/wu/data/zika/filtering/reverse4518-5019.nessieOut, /datater/wu/data/zika/filtering/reverse4518-5019.fasta
    output: /datater/wu/data/zika/filtering/reverse4518-5019.calculated2
    jobid: 272
    wildcards: sample=zika, seg=4518-5019

[Wed Mar 17 10:33:35 2021]
Finished job 302.
147 of 217 steps (68%) done
Select jobs to execute...
[Wed Mar 17 10:33:35 2021]
Finished job 93.
148 of 217 steps (68%) done

[Wed Mar 17 10:33:35 2021]
rule reverse_add_LC:
    input: /datater/wu/data/zika/filtering/reverse2259-2760.nessieOut, /datater/wu/data/zika/filtering/reverse2259-2760.fasta
    output: /datater/wu/data/zika/filtering/reverse2259-2760.calculated2
    jobid: 34
    wildcards: sample=zika, seg=2259-2760

Select jobs to execute...
[Wed Mar 17 10:33:35 2021]
Finished job 211.
149 of 217 steps (69%) done
[Wed Mar 17 10:33:35 2021]
Finished job 233.
150 of 217 steps (69%) done

[Wed Mar 17 10:33:35 2021]
rule reverse_add_LC:
    input: /datater/wu/data/zika/filtering/reverse6526-7027.nessieOut, /datater/wu/data/zika/filtering/reverse6526-7027.fasta
    output: /datater/wu/data/zika/filtering/reverse6526-7027.calculated2
    jobid: 139
    wildcards: sample=zika, seg=6526-7027

Select jobs to execute...

[Wed Mar 17 10:33:36 2021]
rule reverse_linguistic_complexity:
    input: /datater/wu/data/zika/filtering/reverse7781-8282.fasta
    output: /datater/wu/data/zika/filtering/reverse7781-8282.nessieOut
    jobid: 252
    wildcards: sample=zika, seg=7781-8282


[Wed Mar 17 10:33:36 2021]
rule reverse_linguistic_complexity:
    input: /datater/wu/data/zika/filtering/reverse1004-1505.fasta
    output: /datater/wu/data/zika/filtering/reverse1004-1505.nessieOut
    jobid: 161
    wildcards: sample=zika, seg=1004-1505

Select jobs to execute...
[Wed Mar 17 10:33:36 2021]
Finished job 252.
151 of 217 steps (70%) done
Select jobs to execute...
[Wed Mar 17 10:33:36 2021]
Finished job 161.
152 of 217 steps (70%) done
[Wed Mar 17 10:33:36 2021]
Finished job 218.
153 of 217 steps (71%) done

[Wed Mar 17 10:33:36 2021]
rule reverse_linguistic_complexity:
    input: /datater/wu/data/zika/filtering/reverse6777-7278.fasta
    output: /datater/wu/data/zika/filtering/reverse6777-7278.nessieOut
    jobid: 210
    wildcards: sample=zika, seg=6777-7278

Select jobs to execute...
[Wed Mar 17 10:33:36 2021]
Finished job 223.
154 of 217 steps (71%) done
[Wed Mar 17 10:33:36 2021]
Finished job 190.
155 of 217 steps (71%) done
[Wed Mar 17 10:33:36 2021]
Finished job 210.
156 of 217 steps (72%) done

[Wed Mar 17 10:33:36 2021]
rule reverse_add_LC:
    input: /datater/wu/data/zika/filtering/reverse8534-9035.nessieOut, /datater/wu/data/zika/filtering/reverse8534-9035.fasta
    output: /datater/wu/data/zika/filtering/reverse8534-9035.calculated2
    jobid: 118
    wildcards: sample=zika, seg=8534-9035

[Wed Mar 17 10:33:36 2021]
rule reverse_linguistic_complexity:
    input: /datater/wu/data/zika/filtering/reverse753-1254.fasta
    output: /datater/wu/data/zika/filtering/reverse753-1254.nessieOut
    jobid: 266
    wildcards: sample=zika, seg=753-1254

Select jobs to execute...
[Wed Mar 17 10:33:36 2021]
Finished job 266.
157 of 217 steps (72%) done

[Wed Mar 17 10:33:36 2021]
rule reverse_toFasta:
    input: /datater/wu/data/zika/filtering/reverse0-501.calculated
    output: /datater/wu/data/zika/filtering/reverse0-501.fasta
    jobid: 176
    wildcards: sample=zika, seg=0-501

[Wed Mar 17 10:33:36 2021]
rule reverse_toFasta:
    input: /datater/wu/data/zika/filtering/reverse8032-8533.calculated
    output: /datater/wu/data/zika/filtering/reverse8032-8533.fasta
    jobid: 92
    wildcards: sample=zika, seg=8032-8533

[Wed Mar 17 10:33:36 2021]
rule reverse_linguistic_complexity:
    input: /datater/wu/data/zika/filtering/reverse2510-3011.fasta
    output: /datater/wu/data/zika/filtering/reverse2510-3011.nessieOut
    jobid: 301
    wildcards: sample=zika, seg=2510-3011

Select jobs to execute...
[Wed Mar 17 10:33:36 2021]
Finished job 153.
158 of 217 steps (73%) done
[Wed Mar 17 10:33:36 2021]
Finished job 301.
159 of 217 steps (73%) done

[Wed Mar 17 10:33:36 2021]
rule reverse_add_LC:
    input: /datater/wu/data/zika/filtering/reverse6777-7278.nessieOut, /datater/wu/data/zika/filtering/reverse6777-7278.fasta
    output: /datater/wu/data/zika/filtering/reverse6777-7278.calculated2
    jobid: 209
    wildcards: sample=zika, seg=6777-7278

Select jobs to execute...

[Wed Mar 17 10:33:36 2021]
rule reverse_linguistic_complexity:
    input: /datater/wu/data/zika/filtering/reverse5522-6023.fasta
    output: /datater/wu/data/zika/filtering/reverse5522-6023.nessieOut
    jobid: 147
    wildcards: sample=zika, seg=5522-6023


[Wed Mar 17 10:33:36 2021]
rule reverse_toFasta:
    input: /datater/wu/data/zika/filtering/reverse4016-4517.calculated
    output: /datater/wu/data/zika/filtering/reverse4016-4517.fasta
    jobid: 295
    wildcards: sample=zika, seg=4016-4517

Select jobs to execute...
Select jobs to execute...
Select jobs to execute...
Select jobs to execute...
[Wed Mar 17 10:33:36 2021]
Finished job 147.
160 of 217 steps (74%) done
Select jobs to execute...

[Wed Mar 17 10:33:36 2021]
rule reverse_linguistic_complexity:
    input: /datater/wu/data/zika/filtering/reverse5020-5521.fasta
    output: /datater/wu/data/zika/filtering/reverse5020-5521.nessieOut
    jobid: 217
    wildcards: sample=zika, seg=5020-5521

[Wed Mar 17 10:33:36 2021]
Finished job 260.
161 of 217 steps (74%) done
Select jobs to execute...
[Wed Mar 17 10:33:36 2021]
Finished job 217.
162 of 217 steps (75%) done

[Wed Mar 17 10:33:36 2021]
rule reverse_linguistic_complexity:
    input: /datater/wu/data/zika/filtering/reverse10291-10792.fasta
    output: /datater/wu/data/zika/filtering/reverse10291-10792.nessieOut
    jobid: 189
    wildcards: sample=zika, seg=10291-10792

Select jobs to execute...
[Wed Mar 17 10:33:36 2021]
Finished job 189.
163 of 217 steps (75%) done

[Wed Mar 17 10:33:36 2021]
rule reverse_add_LC:
    input: /datater/wu/data/zika/filtering/reverse5020-5521.nessieOut, /datater/wu/data/zika/filtering/reverse5020-5521.fasta
    output: /datater/wu/data/zika/filtering/reverse5020-5521.calculated2
    jobid: 216
    wildcards: sample=zika, seg=5020-5521

Select jobs to execute...
[Wed Mar 17 10:33:36 2021]
Finished job 113.
164 of 217 steps (76%) done

[Wed Mar 17 10:33:36 2021]
rule reverse_add_LC:
    input: /datater/wu/data/zika/filtering/reverse10291-10792.nessieOut, /datater/wu/data/zika/filtering/reverse10291-10792.fasta
    output: /datater/wu/data/zika/filtering/reverse10291-10792.calculated2
    jobid: 188
    wildcards: sample=zika, seg=10291-10792

Select jobs to execute...

[Wed Mar 17 10:33:36 2021]
rule reverse_linguistic_complexity:
    input: /datater/wu/data/zika/filtering/reverse9538-10039.fasta
    output: /datater/wu/data/zika/filtering/reverse9538-10039.nessieOut
    jobid: 112
    wildcards: sample=zika, seg=9538-10039

[Wed Mar 17 10:33:36 2021]
Finished job 112.
165 of 217 steps (76%) done
Select jobs to execute...

[Wed Mar 17 10:33:36 2021]
rule reverse_add_LC:
    input: /datater/wu/data/zika/filtering/reverse9538-10039.nessieOut, /datater/wu/data/zika/filtering/reverse9538-10039.fasta
    output: /datater/wu/data/zika/filtering/reverse9538-10039.calculated2
    jobid: 111
    wildcards: sample=zika, seg=9538-10039

[Wed Mar 17 10:33:36 2021]
Finished job 181.
166 of 217 steps (76%) done
Select jobs to execute...

[Wed Mar 17 10:33:36 2021]
rule reverse_add_LC:
    input: /datater/wu/data/zika/filtering/reverse753-1254.nessieOut, /datater/wu/data/zika/filtering/reverse753-1254.fasta
    output: /datater/wu/data/zika/filtering/reverse753-1254.calculated2
    jobid: 265
    wildcards: sample=zika, seg=753-1254

[Wed Mar 17 10:33:36 2021]
Finished job 34.
167 of 217 steps (77%) done
Select jobs to execute...

[Wed Mar 17 10:33:36 2021]
rule reverse_parameters:
    input: /datater/wu/data/zika/dsk/reverse3263-3764.kCountSorted
    output: /datater/wu/data/zika/filtering/reverse3263-3764.calculated
    jobid: 9
    wildcards: sample=zika, seg=3263-3764

[Wed Mar 17 10:33:36 2021]
Finished job 139.
168 of 217 steps (77%) done
[Wed Mar 17 10:33:36 2021]
Finished job 272.
169 of 217 steps (78%) done
Select jobs to execute...

[Wed Mar 17 10:33:36 2021]
rule reverse_linguistic_complexity:
    input: /datater/wu/data/zika/filtering/reverse9036-9537.fasta
    output: /datater/wu/data/zika/filtering/reverse9036-9537.nessieOut
    jobid: 133
    wildcards: sample=zika, seg=9036-9537


[Wed Mar 17 10:33:36 2021]
rule reverse_add_LC:
    input: /datater/wu/data/zika/filtering/reverse1004-1505.nessieOut, /datater/wu/data/zika/filtering/reverse1004-1505.fasta
    output: /datater/wu/data/zika/filtering/reverse1004-1505.calculated2
    jobid: 160
    wildcards: sample=zika, seg=1004-1505

Select jobs to execute...
[Wed Mar 17 10:33:36 2021]
Finished job 133.
170 of 217 steps (78%) done
Select jobs to execute...

[Wed Mar 17 10:33:36 2021]
rule reverse_add_LC:
    input: /datater/wu/data/zika/filtering/reverse7781-8282.nessieOut, /datater/wu/data/zika/filtering/reverse7781-8282.fasta
    output: /datater/wu/data/zika/filtering/reverse7781-8282.calculated2
    jobid: 251
    wildcards: sample=zika, seg=7781-8282

[Wed Mar 17 10:33:36 2021]
Finished job 118.
171 of 217 steps (79%) done
Select jobs to execute...

[Wed Mar 17 10:33:36 2021]
rule reverse_toFasta:
    input: /datater/wu/data/zika/filtering/reverse6275-6776.calculated
    output: /datater/wu/data/zika/filtering/reverse6275-6776.fasta
    jobid: 232
    wildcards: sample=zika, seg=6275-6776

[Wed Mar 17 10:33:36 2021]
Finished job 176.
172 of 217 steps (79%) done
Select jobs to execute...

[Wed Mar 17 10:33:36 2021]
rule reverse_add_LC:
    input: /datater/wu/data/zika/filtering/reverse2510-3011.nessieOut, /datater/wu/data/zika/filtering/reverse2510-3011.fasta
    output: /datater/wu/data/zika/filtering/reverse2510-3011.calculated2
    jobid: 300
    wildcards: sample=zika, seg=2510-3011

[Wed Mar 17 10:33:36 2021]
Finished job 209.
173 of 217 steps (80%) done
Select jobs to execute...

[Wed Mar 17 10:33:36 2021]
rule reverse_add_LC:
    input: /datater/wu/data/zika/filtering/reverse5522-6023.nessieOut, /datater/wu/data/zika/filtering/reverse5522-6023.fasta
    output: /datater/wu/data/zika/filtering/reverse5522-6023.calculated2
    jobid: 146
    wildcards: sample=zika, seg=5522-6023

[Wed Mar 17 10:33:36 2021]
Finished job 92.
174 of 217 steps (80%) done
Select jobs to execute...
[Wed Mar 17 10:33:36 2021]
Finished job 295.
175 of 217 steps (81%) done

[Wed Mar 17 10:33:36 2021]
rule reverse_add_LC:
    input: /datater/wu/data/zika/filtering/reverse3514-4015.nessieOut, /datater/wu/data/zika/filtering/reverse3514-4015.fasta
    output: /datater/wu/data/zika/filtering/reverse3514-4015.calculated2
    jobid: 41
    wildcards: sample=zika, seg=3514-4015

Select jobs to execute...

[Wed Mar 17 10:33:37 2021]
rule reverse_linguistic_complexity:
    input: /datater/wu/data/zika/filtering/reverse8032-8533.fasta
    output: /datater/wu/data/zika/filtering/reverse8032-8533.nessieOut
    jobid: 91
    wildcards: sample=zika, seg=8032-8533

[Wed Mar 17 10:33:37 2021]
Finished job 91.
176 of 217 steps (81%) done
Select jobs to execute...

[Wed Mar 17 10:33:37 2021]
rule reverse_add_LC:
    input: /datater/wu/data/zika/filtering/reverse8032-8533.nessieOut, /datater/wu/data/zika/filtering/reverse8032-8533.fasta
    output: /datater/wu/data/zika/filtering/reverse8032-8533.calculated2
    jobid: 90
    wildcards: sample=zika, seg=8032-8533

[Wed Mar 17 10:33:37 2021]
Finished job 216.
177 of 217 steps (82%) done
Select jobs to execute...

[Wed Mar 17 10:33:37 2021]
rule reverse_toFasta:
    input: /datater/wu/data/zika/filtering/reverse2761-3262.calculated
    output: /datater/wu/data/zika/filtering/reverse2761-3262.fasta
    jobid: 281
    wildcards: sample=zika, seg=2761-3262

[Wed Mar 17 10:33:37 2021]
Finished job 188.
178 of 217 steps (82%) done
Select jobs to execute...

[Wed Mar 17 10:33:37 2021]
rule reverse_linguistic_complexity:
    input: /datater/wu/data/zika/filtering/reverse0-501.fasta
    output: /datater/wu/data/zika/filtering/reverse0-501.nessieOut
    jobid: 175
    wildcards: sample=zika, seg=0-501

[Wed Mar 17 10:33:37 2021]
Finished job 111.
179 of 217 steps (82%) done
Select jobs to execute...
[Wed Mar 17 10:33:37 2021]
Finished job 175.
180 of 217 steps (83%) done

[Wed Mar 17 10:33:37 2021]
rule reverse_add_LC:
    input: /datater/wu/data/zika/filtering/reverse9036-9537.nessieOut, /datater/wu/data/zika/filtering/reverse9036-9537.fasta
    output: /datater/wu/data/zika/filtering/reverse9036-9537.calculated2
    jobid: 132
    wildcards: sample=zika, seg=9036-9537

Select jobs to execute...

[Wed Mar 17 10:33:37 2021]
rule reverse_add_LC:
    input: /datater/wu/data/zika/filtering/reverse0-501.nessieOut, /datater/wu/data/zika/filtering/reverse0-501.fasta
    output: /datater/wu/data/zika/filtering/reverse0-501.calculated2
    jobid: 174
    wildcards: sample=zika, seg=0-501

[Wed Mar 17 10:33:37 2021]
Finished job 9.
181 of 217 steps (83%) done
Select jobs to execute...
[Wed Mar 17 10:33:37 2021]
Finished job 265.
182 of 217 steps (84%) done

[Wed Mar 17 10:33:37 2021]
rule reverse_linguistic_complexity:
    input: /datater/wu/data/zika/filtering/reverse7530-8031.fasta
    output: /datater/wu/data/zika/filtering/reverse7530-8031.nessieOut
    jobid: 259
    wildcards: sample=zika, seg=7530-8031

Select jobs to execute...
[Wed Mar 17 10:33:37 2021]
Finished job 259.
183 of 217 steps (84%) done

[Wed Mar 17 10:33:37 2021]
rule reverse_add_LC:
    input: /datater/wu/data/zika/filtering/reverse10040-10541.nessieOut, /datater/wu/data/zika/filtering/reverse10040-10541.fasta
    output: /datater/wu/data/zika/filtering/reverse10040-10541.calculated2
    jobid: 27
    wildcards: sample=zika, seg=10040-10541

Select jobs to execute...

[Wed Mar 17 10:33:37 2021]
rule reverse_parameters:
    input: /datater/wu/data/zika/dsk/reverse9287-9788.kCountSorted
    output: /datater/wu/data/zika/filtering/reverse9287-9788.calculated
    jobid: 205
    wildcards: sample=zika, seg=9287-9788

[Wed Mar 17 10:33:37 2021]
Finished job 232.
184 of 217 steps (85%) done
Select jobs to execute...
[Wed Mar 17 10:33:37 2021]
Finished job 160.
185 of 217 steps (85%) done

[Wed Mar 17 10:33:37 2021]
rule reverse_linguistic_complexity:
    input: /datater/wu/data/zika/filtering/reverse6275-6776.fasta
    output: /datater/wu/data/zika/filtering/reverse6275-6776.nessieOut
    jobid: 231
    wildcards: sample=zika, seg=6275-6776

Select jobs to execute...
[Wed Mar 17 10:33:37 2021]
Finished job 300.
186 of 217 steps (86%) done
[Wed Mar 17 10:33:37 2021]
Finished job 231.
187 of 217 steps (86%) done

[Wed Mar 17 10:33:37 2021]
rule reverse_parameters:
    input: /datater/wu/data/zika/dsk/reverse9789-10290.kCountSorted
    output: /datater/wu/data/zika/filtering/reverse9789-10290.calculated
    jobid: 100
    wildcards: sample=zika, seg=9789-10290

Select jobs to execute...
[Wed Mar 17 10:33:37 2021]
Finished job 251.
188 of 217 steps (87%) done
[Wed Mar 17 10:33:37 2021]
Finished job 146.
189 of 217 steps (87%) done

[Wed Mar 17 10:33:37 2021]
rule reverse_linguistic_complexity:
    input: /datater/wu/data/zika/filtering/reverse1255-1756.fasta
    output: /datater/wu/data/zika/filtering/reverse1255-1756.nessieOut
    jobid: 49
    wildcards: sample=zika, seg=1255-1756


[Wed Mar 17 10:33:37 2021]
rule reverse_add_LC:
    input: /datater/wu/data/zika/filtering/reverse6024-6525.nessieOut, /datater/wu/data/zika/filtering/reverse6024-6525.fasta
    output: /datater/wu/data/zika/filtering/reverse6024-6525.calculated2
    jobid: 237
    wildcards: sample=zika, seg=6024-6525

Select jobs to execute...
[Wed Mar 17 10:33:37 2021]
Finished job 49.
190 of 217 steps (88%) done

[Wed Mar 17 10:33:37 2021]
rule reverse_add_LC:
    input: /datater/wu/data/zika/filtering/reverse7530-8031.nessieOut, /datater/wu/data/zika/filtering/reverse7530-8031.fasta
    output: /datater/wu/data/zika/filtering/reverse7530-8031.calculated2
    jobid: 258
    wildcards: sample=zika, seg=7530-8031

[Wed Mar 17 10:33:37 2021]
rule reverse_add_LC:
    input: /datater/wu/data/zika/filtering/reverse6275-6776.nessieOut, /datater/wu/data/zika/filtering/reverse6275-6776.fasta
    output: /datater/wu/data/zika/filtering/reverse6275-6776.calculated2
    jobid: 230
    wildcards: sample=zika, seg=6275-6776

Select jobs to execute...

[Wed Mar 17 10:33:37 2021]
rule reverse_toFasta:
    input: /datater/wu/data/zika/filtering/reverse3263-3764.calculated
    output: /datater/wu/data/zika/filtering/reverse3263-3764.fasta
    jobid: 8
    wildcards: sample=zika, seg=3263-3764

Select jobs to execute...
Select jobs to execute...
[Wed Mar 17 10:33:37 2021]
Finished job 90.
191 of 217 steps (88%) done
Select jobs to execute...
[Wed Mar 17 10:33:37 2021]
Finished job 41.
192 of 217 steps (88%) done

[Wed Mar 17 10:33:37 2021]
rule reverse_add_LC:
    input: /datater/wu/data/zika/filtering/reverse1255-1756.nessieOut, /datater/wu/data/zika/filtering/reverse1255-1756.fasta
    output: /datater/wu/data/zika/filtering/reverse1255-1756.calculated2
    jobid: 48
    wildcards: sample=zika, seg=1255-1756

Select jobs to execute...

[Wed Mar 17 10:33:37 2021]
rule reverse_linguistic_complexity:
    input: /datater/wu/data/zika/filtering/reverse4016-4517.fasta
    output: /datater/wu/data/zika/filtering/reverse4016-4517.nessieOut
    jobid: 294
    wildcards: sample=zika, seg=4016-4517

[Wed Mar 17 10:33:37 2021]
Finished job 294.
193 of 217 steps (89%) done
Select jobs to execute...

[Wed Mar 17 10:33:37 2021]
rule reverse_add_LC:
    input: /datater/wu/data/zika/filtering/reverse4016-4517.nessieOut, /datater/wu/data/zika/filtering/reverse4016-4517.fasta
    output: /datater/wu/data/zika/filtering/reverse4016-4517.calculated2
    jobid: 293
    wildcards: sample=zika, seg=4016-4517

[Wed Mar 17 10:33:38 2021]
Finished job 281.
194 of 217 steps (89%) done
Select jobs to execute...

[Wed Mar 17 10:33:38 2021]
rule reverse_linguistic_complexity:
    input: /datater/wu/data/zika/filtering/reverse2761-3262.fasta
    output: /datater/wu/data/zika/filtering/reverse2761-3262.nessieOut
    jobid: 280
    wildcards: sample=zika, seg=2761-3262

[Wed Mar 17 10:33:38 2021]
Finished job 280.
195 of 217 steps (90%) done
Select jobs to execute...

[Wed Mar 17 10:33:38 2021]
rule reverse_add_LC:
    input: /datater/wu/data/zika/filtering/reverse2761-3262.nessieOut, /datater/wu/data/zika/filtering/reverse2761-3262.fasta
    output: /datater/wu/data/zika/filtering/reverse2761-3262.calculated2
    jobid: 279
    wildcards: sample=zika, seg=2761-3262

[Wed Mar 17 10:33:38 2021]
Finished job 174.
196 of 217 steps (90%) done
[Wed Mar 17 10:33:38 2021]
Finished job 132.
197 of 217 steps (91%) done
[Wed Mar 17 10:33:38 2021]
Finished job 27.
198 of 217 steps (91%) done
[Wed Mar 17 10:33:38 2021]
Finished job 237.
199 of 217 steps (92%) done
[Wed Mar 17 10:33:38 2021]
Finished job 205.
200 of 217 steps (92%) done
Select jobs to execute...
[Wed Mar 17 10:33:38 2021]
Finished job 230.
201 of 217 steps (93%) done

[Wed Mar 17 10:33:38 2021]
rule reverse_toFasta:
    input: /datater/wu/data/zika/filtering/reverse9287-9788.calculated
    output: /datater/wu/data/zika/filtering/reverse9287-9788.fasta
    jobid: 204
    wildcards: sample=zika, seg=9287-9788

[Wed Mar 17 10:33:38 2021]
Finished job 8.
202 of 217 steps (93%) done
Select jobs to execute...
[Wed Mar 17 10:33:38 2021]
Finished job 100.
203 of 217 steps (94%) done

[Wed Mar 17 10:33:38 2021]
rule reverse_linguistic_complexity:
    input: /datater/wu/data/zika/filtering/reverse3263-3764.fasta
    output: /datater/wu/data/zika/filtering/reverse3263-3764.nessieOut
    jobid: 7
    wildcards: sample=zika, seg=3263-3764

Select jobs to execute...
[Wed Mar 17 10:33:38 2021]
Finished job 258.
204 of 217 steps (94%) done
[Wed Mar 17 10:33:38 2021]
Finished job 7.
205 of 217 steps (94%) done

[Wed Mar 17 10:33:38 2021]
rule reverse_toFasta:
    input: /datater/wu/data/zika/filtering/reverse9789-10290.calculated
    output: /datater/wu/data/zika/filtering/reverse9789-10290.fasta
    jobid: 99
    wildcards: sample=zika, seg=9789-10290

Select jobs to execute...
[Wed Mar 17 10:33:38 2021]
Finished job 48.
206 of 217 steps (95%) done

[Wed Mar 17 10:33:38 2021]
rule reverse_add_LC:
    input: /datater/wu/data/zika/filtering/reverse3263-3764.nessieOut, /datater/wu/data/zika/filtering/reverse3263-3764.fasta
    output: /datater/wu/data/zika/filtering/reverse3263-3764.calculated2
    jobid: 6
    wildcards: sample=zika, seg=3263-3764

[Wed Mar 17 10:33:38 2021]
Finished job 293.
207 of 217 steps (95%) done
[Wed Mar 17 10:33:38 2021]
Finished job 279.
208 of 217 steps (96%) done
[Wed Mar 17 10:33:39 2021]
Finished job 204.
209 of 217 steps (96%) done
Select jobs to execute...

[Wed Mar 17 10:33:39 2021]
rule reverse_linguistic_complexity:
    input: /datater/wu/data/zika/filtering/reverse9287-9788.fasta
    output: /datater/wu/data/zika/filtering/reverse9287-9788.nessieOut
    jobid: 203
    wildcards: sample=zika, seg=9287-9788

[Wed Mar 17 10:33:39 2021]
Finished job 203.
210 of 217 steps (97%) done
Select jobs to execute...

[Wed Mar 17 10:33:39 2021]
rule reverse_add_LC:
    input: /datater/wu/data/zika/filtering/reverse9287-9788.nessieOut, /datater/wu/data/zika/filtering/reverse9287-9788.fasta
    output: /datater/wu/data/zika/filtering/reverse9287-9788.calculated2
    jobid: 202
    wildcards: sample=zika, seg=9287-9788

[Wed Mar 17 10:33:39 2021]
Finished job 99.
211 of 217 steps (97%) done
Select jobs to execute...

[Wed Mar 17 10:33:39 2021]
rule reverse_linguistic_complexity:
    input: /datater/wu/data/zika/filtering/reverse9789-10290.fasta
    output: /datater/wu/data/zika/filtering/reverse9789-10290.nessieOut
    jobid: 98
    wildcards: sample=zika, seg=9789-10290

[Wed Mar 17 10:33:39 2021]
Finished job 6.
212 of 217 steps (98%) done
[Wed Mar 17 10:33:39 2021]
Finished job 98.
213 of 217 steps (98%) done
Select jobs to execute...

[Wed Mar 17 10:33:39 2021]
rule reverse_add_LC:
    input: /datater/wu/data/zika/filtering/reverse9789-10290.nessieOut, /datater/wu/data/zika/filtering/reverse9789-10290.fasta
    output: /datater/wu/data/zika/filtering/reverse9789-10290.calculated2
    jobid: 97
    wildcards: sample=zika, seg=9789-10290

[Wed Mar 17 10:33:39 2021]
Finished job 202.
214 of 217 steps (99%) done
[Wed Mar 17 10:33:40 2021]
Finished job 97.
215 of 217 steps (99%) done
Select jobs to execute...

[Wed Mar 17 10:33:40 2021]
rule aggregate_allReverseOligo:
    input: /datater/wu/data/zika/filtering/reverse3263-3764.calculated2, /datater/wu/data/zika/filtering/reverse10542-10780.calculated2, /datater/wu/data/zika/filtering/reverse1506-2007.calculated2, /datater/wu/data/zika/filtering/reverse10040-10541.calculated2, /datater/wu/data/zika/filtering/reverse2259-2760.calculated2, /datater/wu/data/zika/filtering/reverse3514-4015.calculated2, /datater/wu/data/zika/filtering/reverse1255-1756.calculated2, /datater/wu/data/zika/filtering/reverse3012-3513.calculated2, /datater/wu/data/zika/filtering/reverse7028-7529.calculated2, /datater/wu/data/zika/filtering/reverse8785-9286.calculated2, /datater/wu/data/zika/filtering/reverse5271-5772.calculated2, /datater/wu/data/zika/filtering/reverse4769-5270.calculated2, /datater/wu/data/zika/filtering/reverse8032-8533.calculated2, /datater/wu/data/zika/filtering/reverse9789-10290.calculated2, /datater/wu/data/zika/filtering/reverse502-1003.calculated2, /datater/wu/data/zika/filtering/reverse9538-10039.calculated2, /datater/wu/data/zika/filtering/reverse8534-9035.calculated2, /datater/wu/data/zika/filtering/reverse1757-2258.calculated2, /datater/wu/data/zika/filtering/reverse9036-9537.calculated2, /datater/wu/data/zika/filtering/reverse6526-7027.calculated2, /datater/wu/data/zika/filtering/reverse5522-6023.calculated2, /datater/wu/data/zika/filtering/reverse5773-6274.calculated2, /datater/wu/data/zika/filtering/reverse1004-1505.calculated2, /datater/wu/data/zika/filtering/reverse4267-4768.calculated2, /datater/wu/data/zika/filtering/reverse0-501.calculated2, /datater/wu/data/zika/filtering/reverse3765-4266.calculated2, /datater/wu/data/zika/filtering/reverse10291-10792.calculated2, /datater/wu/data/zika/filtering/reverse8283-8784.calculated2, /datater/wu/data/zika/filtering/reverse9287-9788.calculated2, /datater/wu/data/zika/filtering/reverse6777-7278.calculated2, /datater/wu/data/zika/filtering/reverse5020-5521.calculated2, /datater/wu/data/zika/filtering/reverse251-752.calculated2, /datater/wu/data/zika/filtering/reverse6275-6776.calculated2, /datater/wu/data/zika/filtering/reverse6024-6525.calculated2, /datater/wu/data/zika/filtering/reverse2008-2509.calculated2, /datater/wu/data/zika/filtering/reverse7781-8282.calculated2, /datater/wu/data/zika/filtering/reverse7530-8031.calculated2, /datater/wu/data/zika/filtering/reverse753-1254.calculated2, /datater/wu/data/zika/filtering/reverse4518-5019.calculated2, /datater/wu/data/zika/filtering/reverse2761-3262.calculated2, /datater/wu/data/zika/filtering/reverse7279-7780.calculated2, /datater/wu/data/zika/filtering/reverse4016-4517.calculated2, /datater/wu/data/zika/filtering/reverse2510-3011.calculated2
    output: /datater/wu/data/zika/filtering/allOligos_reverse.calculated2
    jobid: 1
    wildcards: sample=zika

[Wed Mar 17 10:33:40 2021]
Finished job 1.
216 of 217 steps (100%) done
Select jobs to execute...

[Wed Mar 17 10:33:40 2021]
localrule all:
    input: /datater/wu/data/zika/filtering/allOligos_reverse.calculated2
    jobid: 0

[Wed Mar 17 10:33:40 2021]
Finished job 0.
217 of 217 steps (100%) done
Complete log: /datater/wu/stage_m2/.snakemake/log/2021-03-17T103325.654359.snakemake.log
