Building DAG of jobs...
Using shell: /bin/bash
Provided cores: 12
Rules claiming more threads will be scaled down.
Conda environments: ignored
Job counts:
	count	jobs
	1	aggregate_allReverseOligo
	1	all
	1	allToFasta
	75	dskReverse
	80	dskReverseOutput
	80	dskReverseOutputSort
	80	reverse_add_LC
	1	reverse_filtering
	80	reverse_linguistic_complexity
	80	reverse_parameters
	80	reverse_toFasta
	37	splitFiles
	596
Select jobs to execute...

[Mon Mar 15 11:14:11 2021]
rule dskReverse:
    input: /datater/wu/data/zika/splitFiles/reverse10542-10780.fasta
    output: /datater/wu/data/zika/dsk/reverse10542-10780.h5
    jobid: 326
    wildcards: sample=zika, seg=10542-10780


[Mon Mar 15 11:14:11 2021]
rule dskReverse:
    input: /datater/wu/data/zika/splitFiles/reverse1255-1756.fasta
    output: /datater/wu/data/zika/dsk/reverse1255-1756.h5
    jobid: 337
    wildcards: sample=zika, seg=1255-1756


[Mon Mar 15 11:14:11 2021]
rule splitFiles:
    input: /datater/wu/data/msa/zika.msa
    output: /datater/wu/data/zika/splitFiles/forward6350-6854.fasta (dynamic), /datater/wu/data/zika/splitFiles/reverse6350-6854.fasta (dynamic)
    jobid: 291
    wildcards: sample=zika, seg=6350-6854

Subsequent jobs will be added dynamically depending on the output of this job

[Mon Mar 15 11:14:11 2021]
rule dskReverse:
    input: /datater/wu/data/zika/splitFiles/reverse9036-9537.fasta
    output: /datater/wu/data/zika/dsk/reverse9036-9537.h5
    jobid: 313
    wildcards: sample=zika, seg=9036-9537


[Mon Mar 15 11:14:11 2021]
rule dskReverse:
    input: /datater/wu/data/zika/splitFiles/reverse2259-2760.fasta
    output: /datater/wu/data/zika/dsk/reverse2259-2760.h5
    jobid: 328
    wildcards: sample=zika, seg=2259-2760


[Mon Mar 15 11:14:11 2021]
rule splitFiles:
    input: /datater/wu/data/msa/zika.msa
    output: /datater/wu/data/zika/splitFiles/forward5588-6092.fasta (dynamic), /datater/wu/data/zika/splitFiles/reverse5588-6092.fasta (dynamic)
    jobid: 99
    wildcards: sample=zika, seg=5588-6092

Subsequent jobs will be added dynamically depending on the output of this job

[Mon Mar 15 11:14:11 2021]
rule splitFiles:
    input: /datater/wu/data/msa/zika.msa
    output: /datater/wu/data/zika/splitFiles/forward5334-5838.fasta (dynamic), /datater/wu/data/zika/splitFiles/reverse5334-5838.fasta (dynamic)
    jobid: 203
    wildcards: sample=zika, seg=5334-5838

Subsequent jobs will be added dynamically depending on the output of this job

[Mon Mar 15 11:14:11 2021]
rule dskReverse:
    input: /datater/wu/data/zika/splitFiles/reverse5522-6023.fasta
    output: /datater/wu/data/zika/dsk/reverse5522-6023.h5
    jobid: 312
    wildcards: sample=zika, seg=5522-6023


[Mon Mar 15 11:14:11 2021]
rule dskReverse:
    input: /datater/wu/data/zika/splitFiles/reverse9538-10039.fasta
    output: /datater/wu/data/zika/dsk/reverse9538-10039.h5
    jobid: 327
    wildcards: sample=zika, seg=9538-10039


[Mon Mar 15 11:14:11 2021]
rule dskReverseOutput:
    input: /datater/wu/data/zika/dsk/reverse1506-2007.h5
    output: /datater/wu/data/zika/dsk/reverse1506-2007.kCount
    jobid: 372
    wildcards: sample=zika, seg=1506-2007

[Mon Mar 15 11:14:11 2021]
Finished job 372.
1 of 596 steps (0.17%) done

[Mon Mar 15 11:14:11 2021]
rule splitFiles:
    input: /datater/wu/data/msa/zika.msa
    output: /datater/wu/data/zika/splitFiles/forward8636-9140.fasta (dynamic), /datater/wu/data/zika/splitFiles/reverse8636-9140.fasta (dynamic)
    jobid: 307
    wildcards: sample=zika, seg=8636-9140

Subsequent jobs will be added dynamically depending on the output of this job

[Mon Mar 15 11:14:11 2021]
rule splitFiles:
    input: /datater/wu/data/msa/zika.msa
    output: /datater/wu/data/zika/splitFiles/forward8890-9394.fasta (dynamic), /datater/wu/data/zika/splitFiles/reverse8890-9394.fasta (dynamic)
    jobid: 83
    wildcards: sample=zika, seg=8890-9394

Subsequent jobs will be added dynamically depending on the output of this job
Select jobs to execute...

[Mon Mar 15 11:14:12 2021]
rule splitFiles:
    input: /datater/wu/data/msa/zika.msa
    output: /datater/wu/data/zika/splitFiles/forward6858-7362.fasta (dynamic), /datater/wu/data/zika/splitFiles/reverse6858-7362.fasta (dynamic)
    jobid: 179
    wildcards: sample=zika, seg=6858-7362

Subsequent jobs will be added dynamically depending on the output of this job
[Mon Mar 15 11:14:13 2021]
Finished job 337.
2 of 596 steps (0.34%) done
Select jobs to execute...
[Mon Mar 15 11:14:13 2021]
Finished job 327.
3 of 596 steps (0.50%) done

[Mon Mar 15 11:14:13 2021]
rule splitFiles:
    input: /datater/wu/data/msa/zika.msa
    output: /datater/wu/data/zika/splitFiles/forward3048-3552.fasta (dynamic), /datater/wu/data/zika/splitFiles/reverse3048-3552.fasta (dynamic)
    jobid: 251
    wildcards: sample=zika, seg=3048-3552

Subsequent jobs will be added dynamically depending on the output of this job
Select jobs to execute...

[Mon Mar 15 11:14:14 2021]
rule dskReverse:
    input: /datater/wu/data/zika/splitFiles/reverse7028-7529.fasta
    output: /datater/wu/data/zika/dsk/reverse7028-7529.h5
    jobid: 338
    wildcards: sample=zika, seg=7028-7529

[Mon Mar 15 11:14:14 2021]
Finished job 326.
4 of 596 steps (0.67%) done
Select jobs to execute...
[Mon Mar 15 11:14:14 2021]
Finished job 328.
5 of 596 steps (0.84%) done

[Mon Mar 15 11:14:14 2021]
rule splitFiles:
    input: /datater/wu/data/msa/zika.msa
    output: /datater/wu/data/zika/splitFiles/forward7112-7616.fasta (dynamic), /datater/wu/data/zika/splitFiles/reverse7112-7616.fasta (dynamic)
    jobid: 19
    wildcards: sample=zika, seg=7112-7616

Subsequent jobs will be added dynamically depending on the output of this job
Select jobs to execute...
[Mon Mar 15 11:14:14 2021]
Finished job 313.
6 of 596 steps (1%) done
[Mon Mar 15 11:14:14 2021]
Finished job 312.
7 of 596 steps (1%) done

[Mon Mar 15 11:14:14 2021]
rule splitFiles:
    input: /datater/wu/data/msa/zika.msa
    output: /datater/wu/data/zika/splitFiles/forward9144-9382.fasta (dynamic), /datater/wu/data/zika/splitFiles/reverse9144-9382.fasta (dynamic)
    jobid: 139
    wildcards: sample=zika, seg=9144-9382

Subsequent jobs will be added dynamically depending on the output of this job
Select jobs to execute...

[Mon Mar 15 11:14:14 2021]
rule dskReverseOutputSort:
    input: /datater/wu/data/zika/dsk/reverse1506-2007.kCount
    output: /datater/wu/data/zika/dsk/reverse1506-2007.kCountSorted
    jobid: 415
    wildcards: sample=zika, seg=1506-2007

[Mon Mar 15 11:14:14 2021]
rule dskReverseOutput:
    input: /datater/wu/data/zika/dsk/reverse5522-6023.h5
    output: /datater/wu/data/zika/dsk/reverse5522-6023.kCount
    jobid: 355
    wildcards: sample=zika, seg=5522-6023

Select jobs to execute...
[Mon Mar 15 11:14:14 2021]
Finished job 355.
8 of 596 steps (1%) done
Select jobs to execute...

[Mon Mar 15 11:14:14 2021]
rule dskReverse:
    input: /datater/wu/data/zika/splitFiles/reverse10040-10541.fasta
    output: /datater/wu/data/zika/dsk/reverse10040-10541.h5
    jobid: 334
    wildcards: sample=zika, seg=10040-10541

[Mon Mar 15 11:14:14 2021]
Finished job 415.
9 of 596 steps (2%) done
Select jobs to execute...

[Mon Mar 15 11:14:14 2021]
rule splitFiles:
    input: /datater/wu/data/msa/zika.msa
    output: /datater/wu/data/zika/splitFiles/forward7366-7870.fasta (dynamic), /datater/wu/data/zika/splitFiles/reverse7366-7870.fasta (dynamic)
    jobid: 259
    wildcards: sample=zika, seg=7366-7870

Subsequent jobs will be added dynamically depending on the output of this job
[Mon Mar 15 11:14:16 2021]
Finished job 338.
10 of 596 steps (2%) done
Select jobs to execute...

[Mon Mar 15 11:14:16 2021]
rule dskReverse:
    input: /datater/wu/data/zika/splitFiles/reverse7279-7780.fasta
    output: /datater/wu/data/zika/dsk/reverse7279-7780.h5
    jobid: 314
    wildcards: sample=zika, seg=7279-7780

[Mon Mar 15 11:14:16 2021]
Finished job 334.
11 of 596 steps (2%) done
Select jobs to execute...

[Mon Mar 15 11:14:16 2021]
rule dskReverseOutput:
    input: /datater/wu/data/zika/dsk/reverse10040-10541.h5
    output: /datater/wu/data/zika/dsk/reverse10040-10541.kCount
    jobid: 377
    wildcards: sample=zika, seg=10040-10541

[Mon Mar 15 11:14:16 2021]
Finished job 377.
12 of 596 steps (2%) done
Select jobs to execute...

[Mon Mar 15 11:14:16 2021]
rule dskReverse:
    input: /datater/wu/data/zika/splitFiles/reverse251-752.fasta
    output: /datater/wu/data/zika/dsk/reverse251-752.h5
    jobid: 330
    wildcards: sample=zika, seg=251-752

[Mon Mar 15 11:14:18 2021]
Finished job 330.
13 of 596 steps (2%) done
[Mon Mar 15 11:14:18 2021]
Finished job 314.
14 of 596 steps (2%) done
Shutting down, this might take some time.
Exiting because a job execution failed. Look above for error message
Complete log: /datater/wu/stage_m2/.snakemake/log/2021-03-15T111407.106841.snakemake.log
