Building DAG of jobs...
Updating job aggregate_allReverseOligo.
Using shell: /bin/bash
Provided cores: 12
Rules claiming more threads will be scaled down.
Conda environments: ignored
Job counts:
	count	jobs
	1	RNAtoDNA
	1	all
	1	lastdb_index
	3
Select jobs to execute...

[Wed Mar 17 14:45:43 2021]
rule RNAtoDNA:
    input: /datater/wu/data/zika/zika.uniq
    output: /datater/wu/data/zika/zika.uniq.dna
    jobid: 1
    wildcards: sample=zika

[Wed Mar 17 14:45:44 2021]
Finished job 1.
1 of 3 steps (33%) done
Select jobs to execute...

[Wed Mar 17 14:45:44 2021]
rule lastdb_index:
    input: /datater/wu/data/zika/zika.uniq.dna
    output: /datater/wu/data/zika/zika.index.bck, /datater/wu/data/zika/zika.index.des, /datater/wu/data/zika/zika.index.prj, /datater/wu/data/zika/zika.index.sds, /datater/wu/data/zika/zika.index.ssp, /datater/wu/data/zika/zika.index.suf, /datater/wu/data/zika/zika.index.tis
    jobid: 3
    wildcards: sample=zika

[Wed Mar 17 14:45:53 2021]
Finished job 3.
2 of 3 steps (67%) done
Select jobs to execute...

[Wed Mar 17 14:45:53 2021]
localrule all:
    input: /datater/wu/data/zika/zika.uniq.dna, /datater/wu/data/zika/zika.index.bck, /datater/wu/data/zika/zika.index.des, /datater/wu/data/zika/zika.index.prj, /datater/wu/data/zika/zika.index.sds, /datater/wu/data/zika/zika.index.ssp, /datater/wu/data/zika/zika.index.suf, /datater/wu/data/zika/zika.index.tis, /datater/wu/data/zika/checkSpecifity/lastal.out
    jobid: 0

[Wed Mar 17 14:45:53 2021]
Finished job 0.
3 of 3 steps (100%) done
Complete log: /datater/wu/stage_m2/.snakemake/log/2021-03-17T144543.325454.snakemake.log
