Building DAG of jobs...
Updating job splitTableToFasta.
Updating job aggregate_allReverseOligo.
Using shell: /bin/bash
Provided cores: 12
Rules claiming more threads will be scaled down.
Conda environments: ignored
Job counts:
	count	jobs
	1	all
	33	splitTableToFasta
	34
Select jobs to execute...

[Thu Mar 25 15:26:05 2021]
rule splitTableToFasta:
    input: /datater/wu/data/enterovirus/checkSpecifity/reverse2282_filtered.tsv
    output: /datater/wu/data/enterovirus/checkSpecifity/reverse2282_filtered.fasta
    jobid: 272
    wildcards: sample=enterovirus, seg=2282

[Thu Mar 25 15:26:05 2021]
rule splitTableToFasta:
    input: /datater/wu/data/enterovirus/checkSpecifity/reverse7362_filtered.tsv
    output: /datater/wu/data/enterovirus/checkSpecifity/reverse7362_filtered.fasta
    jobid: 287
    wildcards: sample=enterovirus, seg=7362

[Thu Mar 25 15:26:05 2021]
rule splitTableToFasta:
    input: /datater/wu/data/enterovirus/checkSpecifity/reverse1012_filtered.tsv
    output: /datater/wu/data/enterovirus/checkSpecifity/reverse1012_filtered.fasta
    jobid: 275
    wildcards: sample=enterovirus, seg=1012

[Thu Mar 25 15:26:05 2021]
rule splitTableToFasta:
    input: /datater/wu/data/enterovirus/checkSpecifity/reverse8378_filtered.tsv
    output: /datater/wu/data/enterovirus/checkSpecifity/reverse8378_filtered.fasta
    jobid: 279
    wildcards: sample=enterovirus, seg=8378

[Thu Mar 25 15:26:05 2021]
rule splitTableToFasta:
    input: /datater/wu/data/enterovirus/checkSpecifity/reverse3298_filtered.tsv
    output: /datater/wu/data/enterovirus/checkSpecifity/reverse3298_filtered.fasta
    jobid: 290
    wildcards: sample=enterovirus, seg=3298

[Thu Mar 25 15:26:05 2021]
rule splitTableToFasta:
    input: /datater/wu/data/enterovirus/checkSpecifity/reverse5838_filtered.tsv
    output: /datater/wu/data/enterovirus/checkSpecifity/reverse5838_filtered.fasta
    jobid: 294
    wildcards: sample=enterovirus, seg=5838

[Thu Mar 25 15:26:05 2021]
rule splitTableToFasta:
    input: /datater/wu/data/enterovirus/checkSpecifity/reverse8632_filtered.tsv
    output: /datater/wu/data/enterovirus/checkSpecifity/reverse8632_filtered.fasta
    jobid: 297
    wildcards: sample=enterovirus, seg=8632

[Thu Mar 25 15:26:05 2021]
rule splitTableToFasta:
    input: /datater/wu/data/enterovirus/checkSpecifity/reverse5330_filtered.tsv
    output: /datater/wu/data/enterovirus/checkSpecifity/reverse5330_filtered.fasta
    jobid: 286
    wildcards: sample=enterovirus, seg=5330

[Thu Mar 25 15:26:05 2021]
rule splitTableToFasta:
    input: /datater/wu/data/enterovirus/checkSpecifity/reverse1266_filtered.tsv
    output: /datater/wu/data/enterovirus/checkSpecifity/reverse1266_filtered.fasta
    jobid: 282
    wildcards: sample=enterovirus, seg=1266

[Thu Mar 25 15:26:05 2021]
rule splitTableToFasta:
    input: /datater/wu/data/enterovirus/checkSpecifity/reverse1520_filtered.tsv
    output: /datater/wu/data/enterovirus/checkSpecifity/reverse1520_filtered.fasta
    jobid: 301
    wildcards: sample=enterovirus, seg=1520

[Thu Mar 25 15:26:05 2021]
rule splitTableToFasta:
    input: /datater/wu/data/enterovirus/checkSpecifity/reverse758_filtered.tsv
    output: /datater/wu/data/enterovirus/checkSpecifity/reverse758_filtered.fasta
    jobid: 283
    wildcards: sample=enterovirus, seg=758

[Thu Mar 25 15:26:05 2021]
rule splitTableToFasta:
    input: /datater/wu/data/enterovirus/checkSpecifity/reverse3806_filtered.tsv
    output: /datater/wu/data/enterovirus/checkSpecifity/reverse3806_filtered.fasta
    jobid: 298
    wildcards: sample=enterovirus, seg=3806

[Thu Mar 25 15:26:06 2021]
Finished job 272.
1 of 34 steps (3%) done
Select jobs to execute...

[Thu Mar 25 15:26:06 2021]
rule splitTableToFasta:
    input: /datater/wu/data/enterovirus/checkSpecifity/reverse3044_filtered.tsv
    output: /datater/wu/data/enterovirus/checkSpecifity/reverse3044_filtered.fasta
    jobid: 291
    wildcards: sample=enterovirus, seg=3044

[Thu Mar 25 15:26:06 2021]
Finished job 275.
2 of 34 steps (6%) done
[Thu Mar 25 15:26:06 2021]
Finished job 286.
3 of 34 steps (9%) done
Select jobs to execute...
[Thu Mar 25 15:26:06 2021]
Finished job 297.
4 of 34 steps (12%) done
[Thu Mar 25 15:26:06 2021]
Finished job 279.
5 of 34 steps (15%) done
[Thu Mar 25 15:26:06 2021]
Finished job 287.
6 of 34 steps (18%) done
[Thu Mar 25 15:26:06 2021]
Finished job 282.
7 of 34 steps (21%) done
[Thu Mar 25 15:26:06 2021]
Finished job 290.
8 of 34 steps (24%) done
[Thu Mar 25 15:26:06 2021]
Finished job 298.
9 of 34 steps (26%) done

[Thu Mar 25 15:26:06 2021]
rule splitTableToFasta:
    input: /datater/wu/data/enterovirus/checkSpecifity/reverse7616_filtered.tsv
    output: /datater/wu/data/enterovirus/checkSpecifity/reverse7616_filtered.fasta
    jobid: 277
    wildcards: sample=enterovirus, seg=7616

[Thu Mar 25 15:26:06 2021]
rule splitTableToFasta:
    input: /datater/wu/data/enterovirus/checkSpecifity/reverse7870_filtered.tsv
    output: /datater/wu/data/enterovirus/checkSpecifity/reverse7870_filtered.fasta
    jobid: 293
    wildcards: sample=enterovirus, seg=7870

[Thu Mar 25 15:26:06 2021]
rule splitTableToFasta:
    input: /datater/wu/data/enterovirus/checkSpecifity/reverse6600_filtered.tsv
    output: /datater/wu/data/enterovirus/checkSpecifity/reverse6600_filtered.fasta
    jobid: 273
    wildcards: sample=enterovirus, seg=6600

[Thu Mar 25 15:26:06 2021]
rule splitTableToFasta:
    input: /datater/wu/data/enterovirus/checkSpecifity/reverse4060_filtered.tsv
    output: /datater/wu/data/enterovirus/checkSpecifity/reverse4060_filtered.fasta
    jobid: 288
    wildcards: sample=enterovirus, seg=4060

[Thu Mar 25 15:26:06 2021]
rule splitTableToFasta:
    input: /datater/wu/data/enterovirus/checkSpecifity/reverse5584_filtered.tsv
    output: /datater/wu/data/enterovirus/checkSpecifity/reverse5584_filtered.fasta
    jobid: 292
    wildcards: sample=enterovirus, seg=5584

[Thu Mar 25 15:26:06 2021]
Finished job 294.
10 of 34 steps (29%) done
Select jobs to execute...
[Thu Mar 25 15:26:06 2021]
Finished job 283.
11 of 34 steps (32%) done
[Thu Mar 25 15:26:06 2021]
Finished job 301.
12 of 34 steps (35%) done

[Thu Mar 25 15:26:06 2021]
rule splitTableToFasta:
    input: /datater/wu/data/enterovirus/checkSpecifity/reverse5076_filtered.tsv
    output: /datater/wu/data/enterovirus/checkSpecifity/reverse5076_filtered.fasta
    jobid: 285
    wildcards: sample=enterovirus, seg=5076

[Thu Mar 25 15:26:06 2021]
rule splitTableToFasta:
    input: /datater/wu/data/enterovirus/checkSpecifity/reverse7108_filtered.tsv
    output: /datater/wu/data/enterovirus/checkSpecifity/reverse7108_filtered.fasta
    jobid: 276
    wildcards: sample=enterovirus, seg=7108

[Thu Mar 25 15:26:06 2021]
rule splitTableToFasta:
    input: /datater/wu/data/enterovirus/checkSpecifity/reverse2028_filtered.tsv
    output: /datater/wu/data/enterovirus/checkSpecifity/reverse2028_filtered.fasta
    jobid: 302
    wildcards: sample=enterovirus, seg=2028

[Thu Mar 25 15:26:06 2021]
rule splitTableToFasta:
    input: /datater/wu/data/enterovirus/checkSpecifity/reverse4568_filtered.tsv
    output: /datater/wu/data/enterovirus/checkSpecifity/reverse4568_filtered.fasta
    jobid: 281
    wildcards: sample=enterovirus, seg=4568

Select jobs to execute...

[Thu Mar 25 15:26:06 2021]
rule splitTableToFasta:
    input: /datater/wu/data/enterovirus/checkSpecifity/reverse3552_filtered.tsv
    output: /datater/wu/data/enterovirus/checkSpecifity/reverse3552_filtered.fasta
    jobid: 303
    wildcards: sample=enterovirus, seg=3552

[Thu Mar 25 15:26:06 2021]
rule splitTableToFasta:
    input: /datater/wu/data/enterovirus/checkSpecifity/reverse6092_filtered.tsv
    output: /datater/wu/data/enterovirus/checkSpecifity/reverse6092_filtered.fasta
    jobid: 274
    wildcards: sample=enterovirus, seg=6092

Select jobs to execute...
Select jobs to execute...
Select jobs to execute...
Select jobs to execute...
Select jobs to execute...
Select jobs to execute...
Select jobs to execute...
Select jobs to execute...
[Thu Mar 25 15:26:07 2021]
Finished job 291.
13 of 34 steps (38%) done
Select jobs to execute...

[Thu Mar 25 15:26:07 2021]
rule splitTableToFasta:
    input: /datater/wu/data/enterovirus/checkSpecifity/reverse8124_filtered.tsv
    output: /datater/wu/data/enterovirus/checkSpecifity/reverse8124_filtered.fasta
    jobid: 271
    wildcards: sample=enterovirus, seg=8124

[Thu Mar 25 15:26:07 2021]
Finished job 288.
14 of 34 steps (41%) done
Select jobs to execute...
[Thu Mar 25 15:26:07 2021]
Finished job 292.
15 of 34 steps (44%) done
[Thu Mar 25 15:26:07 2021]
Finished job 293.
16 of 34 steps (47%) done
[Thu Mar 25 15:26:07 2021]
Finished job 277.
17 of 34 steps (50%) done

[Thu Mar 25 15:26:07 2021]
rule splitTableToFasta:
    input: /datater/wu/data/enterovirus/checkSpecifity/reverse6854_filtered.tsv
    output: /datater/wu/data/enterovirus/checkSpecifity/reverse6854_filtered.fasta
    jobid: 300
    wildcards: sample=enterovirus, seg=6854

Select jobs to execute...
[Thu Mar 25 15:26:07 2021]
Finished job 276.
18 of 34 steps (53%) done
[Thu Mar 25 15:26:07 2021]
Finished job 302.
19 of 34 steps (56%) done
[Thu Mar 25 15:26:07 2021]
Finished job 273.
20 of 34 steps (59%) done
[Thu Mar 25 15:26:07 2021]
Finished job 285.
21 of 34 steps (62%) done

[Thu Mar 25 15:26:07 2021]
rule splitTableToFasta:
    input: /datater/wu/data/enterovirus/checkSpecifity/reverse2790_filtered.tsv
    output: /datater/wu/data/enterovirus/checkSpecifity/reverse2790_filtered.fasta
    jobid: 284
    wildcards: sample=enterovirus, seg=2790

[Thu Mar 25 15:26:07 2021]
rule splitTableToFasta:
    input: /datater/wu/data/enterovirus/checkSpecifity/reverse1774_filtered.tsv
    output: /datater/wu/data/enterovirus/checkSpecifity/reverse1774_filtered.fasta
    jobid: 278
    wildcards: sample=enterovirus, seg=1774

[Thu Mar 25 15:26:07 2021]
rule splitTableToFasta:
    input: /datater/wu/data/enterovirus/checkSpecifity/reverse4822_filtered.tsv
    output: /datater/wu/data/enterovirus/checkSpecifity/reverse4822_filtered.fasta
    jobid: 289
    wildcards: sample=enterovirus, seg=4822

[Thu Mar 25 15:26:07 2021]
Finished job 281.
22 of 34 steps (65%) done
Select jobs to execute...
[Thu Mar 25 15:26:07 2021]
Finished job 274.
23 of 34 steps (68%) done
[Thu Mar 25 15:26:07 2021]
Finished job 303.
24 of 34 steps (71%) done

[Thu Mar 25 15:26:07 2021]
rule splitTableToFasta:
    input: /datater/wu/data/enterovirus/checkSpecifity/reverse6346_filtered.tsv
    output: /datater/wu/data/enterovirus/checkSpecifity/reverse6346_filtered.fasta
    jobid: 299
    wildcards: sample=enterovirus, seg=6346

[Thu Mar 25 15:26:07 2021]
rule splitTableToFasta:
    input: /datater/wu/data/enterovirus/checkSpecifity/reverse504_filtered.tsv
    output: /datater/wu/data/enterovirus/checkSpecifity/reverse504_filtered.fasta
    jobid: 280
    wildcards: sample=enterovirus, seg=504

[Thu Mar 25 15:26:07 2021]
rule splitTableToFasta:
    input: /datater/wu/data/enterovirus/checkSpecifity/reverse2536_filtered.tsv
    output: /datater/wu/data/enterovirus/checkSpecifity/reverse2536_filtered.fasta
    jobid: 296
    wildcards: sample=enterovirus, seg=2536

[Thu Mar 25 15:26:07 2021]
rule splitTableToFasta:
    input: /datater/wu/data/enterovirus/checkSpecifity/reverse4314_filtered.tsv
    output: /datater/wu/data/enterovirus/checkSpecifity/reverse4314_filtered.fasta
    jobid: 295
    wildcards: sample=enterovirus, seg=4314

[Thu Mar 25 15:26:08 2021]
Finished job 271.
25 of 34 steps (74%) done
[Thu Mar 25 15:26:08 2021]
Finished job 300.
26 of 34 steps (76%) done
[Thu Mar 25 15:26:08 2021]
Finished job 284.
27 of 34 steps (79%) done
[Thu Mar 25 15:26:08 2021]
Finished job 278.
28 of 34 steps (82%) done
[Thu Mar 25 15:26:08 2021]
Finished job 289.
29 of 34 steps (85%) done
[Thu Mar 25 15:26:08 2021]
Finished job 280.
30 of 34 steps (88%) done
[Thu Mar 25 15:26:08 2021]
Finished job 299.
31 of 34 steps (91%) done
[Thu Mar 25 15:26:08 2021]
Finished job 296.
32 of 34 steps (94%) done
[Thu Mar 25 15:26:08 2021]
Finished job 295.
33 of 34 steps (97%) done
Select jobs to execute...

[Thu Mar 25 15:26:08 2021]
localrule all:
    input: /datater/wu/data/enterovirus/checkSpecifity/reverse8124_filtered.fasta, /datater/wu/data/enterovirus/checkSpecifity/reverse2282_filtered.fasta, /datater/wu/data/enterovirus/checkSpecifity/reverse6600_filtered.fasta, /datater/wu/data/enterovirus/checkSpecifity/reverse6092_filtered.fasta, /datater/wu/data/enterovirus/checkSpecifity/reverse1012_filtered.fasta, /datater/wu/data/enterovirus/checkSpecifity/reverse7108_filtered.fasta, /datater/wu/data/enterovirus/checkSpecifity/reverse7616_filtered.fasta, /datater/wu/data/enterovirus/checkSpecifity/reverse1774_filtered.fasta, /datater/wu/data/enterovirus/checkSpecifity/reverse8378_filtered.fasta, /datater/wu/data/enterovirus/checkSpecifity/reverse504_filtered.fasta, /datater/wu/data/enterovirus/checkSpecifity/reverse4568_filtered.fasta, /datater/wu/data/enterovirus/checkSpecifity/reverse1266_filtered.fasta, /datater/wu/data/enterovirus/checkSpecifity/reverse758_filtered.fasta, /datater/wu/data/enterovirus/checkSpecifity/reverse2790_filtered.fasta, /datater/wu/data/enterovirus/checkSpecifity/reverse5076_filtered.fasta, /datater/wu/data/enterovirus/checkSpecifity/reverse5330_filtered.fasta, /datater/wu/data/enterovirus/checkSpecifity/reverse7362_filtered.fasta, /datater/wu/data/enterovirus/checkSpecifity/reverse4060_filtered.fasta, /datater/wu/data/enterovirus/checkSpecifity/reverse4822_filtered.fasta, /datater/wu/data/enterovirus/checkSpecifity/reverse3298_filtered.fasta, /datater/wu/data/enterovirus/checkSpecifity/reverse3044_filtered.fasta, /datater/wu/data/enterovirus/checkSpecifity/reverse5584_filtered.fasta, /datater/wu/data/enterovirus/checkSpecifity/reverse7870_filtered.fasta, /datater/wu/data/enterovirus/checkSpecifity/reverse5838_filtered.fasta, /datater/wu/data/enterovirus/checkSpecifity/reverse4314_filtered.fasta, /datater/wu/data/enterovirus/checkSpecifity/reverse2536_filtered.fasta, /datater/wu/data/enterovirus/checkSpecifity/reverse8632_filtered.fasta, /datater/wu/data/enterovirus/checkSpecifity/reverse3806_filtered.fasta, /datater/wu/data/enterovirus/checkSpecifity/reverse6346_filtered.fasta, /datater/wu/data/enterovirus/checkSpecifity/reverse6854_filtered.fasta, /datater/wu/data/enterovirus/checkSpecifity/reverse1520_filtered.fasta, /datater/wu/data/enterovirus/checkSpecifity/reverse2028_filtered.fasta, /datater/wu/data/enterovirus/checkSpecifity/reverse3552_filtered.fasta
    jobid: 0

[Thu Mar 25 15:26:08 2021]
Finished job 0.
34 of 34 steps (100%) done
Complete log: /datater/wu/stage_m2/.snakemake/log/2021-03-25T152604.937718.snakemake.log
