Building DAG of jobs...
Using shell: /bin/bash
Provided cores: 12
Rules claiming more threads will be scaled down.
Conda environments: ignored
Job counts:
	count	jobs
	1	all
	43	filter_within_seg
	44
Select jobs to execute...

[Tue Mar  9 17:50:40 2021]
rule filter_within_seg:
    input: /datater/wu/data/zika/dsk/forward_5773-6274.kCountSorted
    output: /datater/wu/data/zika/primer3_Tm/forward_5773-6274.Tm
    jobid: 143
    wildcards: sample=zika, seg=5773-6274

[Tue Mar  9 17:50:40 2021]
rule filter_within_seg:
    input: /datater/wu/data/zika/dsk/forward_1506-2007.kCountSorted
    output: /datater/wu/data/zika/primer3_Tm/forward_1506-2007.Tm
    jobid: 142
    wildcards: sample=zika, seg=1506-2007

[Tue Mar  9 17:50:40 2021]
rule filter_within_seg:
    input: /datater/wu/data/zika/dsk/forward_10040-10541.kCountSorted
    output: /datater/wu/data/zika/primer3_Tm/forward_10040-10541.Tm
    jobid: 149
    wildcards: sample=zika, seg=10040-10541

[Tue Mar  9 17:50:40 2021]
rule filter_within_seg:
    input: /datater/wu/data/zika/dsk/forward_9036-9537.kCountSorted
    output: /datater/wu/data/zika/primer3_Tm/forward_9036-9537.Tm
    jobid: 157
    wildcards: sample=zika, seg=9036-9537

[Tue Mar  9 17:50:40 2021]
rule filter_within_seg:
    input: /datater/wu/data/zika/dsk/forward_1004-1505.kCountSorted
    output: /datater/wu/data/zika/primer3_Tm/forward_1004-1505.Tm
    jobid: 164
    wildcards: sample=zika, seg=1004-1505

[Tue Mar  9 17:50:40 2021]
rule filter_within_seg:
    input: /datater/wu/data/zika/dsk/forward_7781-8282.kCountSorted
    output: /datater/wu/data/zika/primer3_Tm/forward_7781-8282.Tm
    jobid: 172
    wildcards: sample=zika, seg=7781-8282

[Tue Mar  9 17:50:40 2021]
rule filter_within_seg:
    input: /datater/wu/data/zika/dsk/forward_9789-10290.kCountSorted
    output: /datater/wu/data/zika/primer3_Tm/forward_9789-10290.Tm
    jobid: 163
    wildcards: sample=zika, seg=9789-10290

[Tue Mar  9 17:50:40 2021]
rule filter_within_seg:
    input: /datater/wu/data/zika/dsk/forward_753-1254.kCountSorted
    output: /datater/wu/data/zika/primer3_Tm/forward_753-1254.Tm
    jobid: 141
    wildcards: sample=zika, seg=753-1254

[Tue Mar  9 17:50:40 2021]
rule filter_within_seg:
    input: /datater/wu/data/zika/dsk/forward_251-752.kCountSorted
    output: /datater/wu/data/zika/primer3_Tm/forward_251-752.Tm
    jobid: 156
    wildcards: sample=zika, seg=251-752

[Tue Mar  9 17:50:40 2021]
rule filter_within_seg:
    input: /datater/wu/data/zika/dsk/forward_1255-1756.kCountSorted
    output: /datater/wu/data/zika/primer3_Tm/forward_1255-1756.Tm
    jobid: 148
    wildcards: sample=zika, seg=1255-1756

[Tue Mar  9 17:50:40 2021]
rule filter_within_seg:
    input: /datater/wu/data/zika/dsk/forward_6777-7278.kCountSorted
    output: /datater/wu/data/zika/primer3_Tm/forward_6777-7278.Tm
    jobid: 171
    wildcards: sample=zika, seg=6777-7278

[Tue Mar  9 17:50:40 2021]
rule filter_within_seg:
    input: /datater/wu/data/zika/dsk/forward_7279-7780.kCountSorted
    output: /datater/wu/data/zika/primer3_Tm/forward_7279-7780.Tm
    jobid: 178
    wildcards: sample=zika, seg=7279-7780

Shutting down, this might take some time.
Exiting because a job execution failed. Look above for error message
Complete log: /datater/wu/stage_m2/.snakemake/log/2021-03-09T175039.295969.snakemake.log
