Building DAG of jobs...
Using shell: /bin/bash
Provided cores: 12
Rules claiming more threads will be scaled down.
Conda environments: ignored
Job counts:
	count	jobs
	37	add_LC
	1	all
	38
Select jobs to execute...

[Fri Mar 12 09:42:49 2021]
rule add_LC:
    input: /datater/wu/data/enterovirus/filtering/forward_4318-4822.nessieOut
    output: /datater/wu/data/enterovirus/filtering/forward_4318-4822.calculated2
    jobid: 254
    wildcards: sample=enterovirus, seg=4318-4822

[Fri Mar 12 09:42:49 2021]
rule add_LC:
    input: /datater/wu/data/enterovirus/filtering/forward_3810-4314.nessieOut
    output: /datater/wu/data/enterovirus/filtering/forward_3810-4314.calculated2
    jobid: 238
    wildcards: sample=enterovirus, seg=3810-4314

[Fri Mar 12 09:42:49 2021]
rule add_LC:
    input: /datater/wu/data/enterovirus/filtering/forward_5588-6092.nessieOut
    output: /datater/wu/data/enterovirus/filtering/forward_5588-6092.calculated2
    jobid: 245
    wildcards: sample=enterovirus, seg=5588-6092

[Fri Mar 12 09:42:49 2021]
rule add_LC:
    input: /datater/wu/data/enterovirus/filtering/forward_6858-7362.nessieOut
    output: /datater/wu/data/enterovirus/filtering/forward_6858-7362.calculated2
    jobid: 253
    wildcards: sample=enterovirus, seg=6858-7362

[Fri Mar 12 09:42:49 2021]
rule add_LC:
    input: /datater/wu/data/enterovirus/filtering/forward_8890-9394.nessieOut
    output: /datater/wu/data/enterovirus/filtering/forward_8890-9394.calculated2
    jobid: 260
    wildcards: sample=enterovirus, seg=8890-9394

[Fri Mar 12 09:42:49 2021]
rule add_LC:
    input: /datater/wu/data/enterovirus/filtering/forward_5334-5838.nessieOut
    output: /datater/wu/data/enterovirus/filtering/forward_5334-5838.calculated2
    jobid: 268
    wildcards: sample=enterovirus, seg=5334-5838

[Fri Mar 12 09:42:49 2021]
rule add_LC:
    input: /datater/wu/data/enterovirus/filtering/forward_8128-8632.nessieOut
    output: /datater/wu/data/enterovirus/filtering/forward_8128-8632.calculated2
    jobid: 259
    wildcards: sample=enterovirus, seg=8128-8632

[Fri Mar 12 09:42:49 2021]
rule add_LC:
    input: /datater/wu/data/enterovirus/filtering/forward_5080-5584.nessieOut
    output: /datater/wu/data/enterovirus/filtering/forward_5080-5584.calculated2
    jobid: 252
    wildcards: sample=enterovirus, seg=5080-5584

[Fri Mar 12 09:42:49 2021]
rule add_LC:
    input: /datater/wu/data/enterovirus/filtering/forward_6096-6600.nessieOut
    output: /datater/wu/data/enterovirus/filtering/forward_6096-6600.calculated2
    jobid: 237
    wildcards: sample=enterovirus, seg=6096-6600

[Fri Mar 12 09:42:49 2021]
rule add_LC:
    input: /datater/wu/data/enterovirus/filtering/forward_5842-6346.nessieOut
    output: /datater/wu/data/enterovirus/filtering/forward_5842-6346.calculated2
    jobid: 244
    wildcards: sample=enterovirus, seg=5842-6346

[Fri Mar 12 09:42:49 2021]
rule add_LC:
    input: /datater/wu/data/enterovirus/filtering/forward_1524-2028.nessieOut
    output: /datater/wu/data/enterovirus/filtering/forward_1524-2028.calculated2
    jobid: 267
    wildcards: sample=enterovirus, seg=1524-2028

[Fri Mar 12 09:42:49 2021]
rule add_LC:
    input: /datater/wu/data/enterovirus/filtering/forward_7620-8124.nessieOut
    output: /datater/wu/data/enterovirus/filtering/forward_7620-8124.calculated2
    jobid: 246
    wildcards: sample=enterovirus, seg=7620-8124

Shutting down, this might take some time.
Exiting because a job execution failed. Look above for error message
Complete log: /datater/wu/stage_m2/.snakemake/log/2021-03-12T094249.217524.snakemake.log
