Building DAG of jobs...
Updating job aggregateAllReverseOligo.
Using shell: /bin/bash
Provided cores: 12
Rules claiming more threads will be scaled down.
Conda environments: ignored
Job counts:
	count	jobs
	1	all
	1	oligoSet
	2
Select jobs to execute...

[Thu Apr  1 15:56:39 2021]
rule oligoSet:
    input: /datater/wu/data/enterovirus/checkSpecifity/allOligos_reverse.filtered.spec.heterodimer, /datater/wu/data/enterovirus/checkSpecifity/allOligos_reverse.filtered.spec.fasta
    output: /datater/wu/data/enterovirus/checkSpecifity/allOligos_reverse.set, /datater/wu/data/enterovirus/checkSpecifity/allOligos_reverse.set.fasta
    jobid: 1
    wildcards: sample=enterovirus

Shutting down, this might take some time.
Exiting because a job execution failed. Look above for error message
Complete log: /datater/wu/stage_m2/.snakemake/log/2021-04-01T155638.941659.snakemake.log
