Building DAG of jobs...
Updating job reverse_filtering.
Using shell: /bin/bash
Provided cores: 12
Rules claiming more threads will be scaled down.
Conda environments: ignored
Job counts:
	count	jobs
	1	all
	1	reverse_filtering
	37	reverse_linguistic_complexity
	39
Select jobs to execute...

[Thu Mar 25 14:21:16 2021]
rule reverse_linguistic_complexity:
    input: /datater/wu/data/enterovirus/filtering/reverse5334-5838.fasta
    output: /datater/wu/data/enterovirus/filtering/reverse5334-5838.LC.fasta
    jobid: 198
    wildcards: sample=enterovirus, seg=5334-5838


[Thu Mar 25 14:21:16 2021]
rule reverse_linguistic_complexity:
    input: /datater/wu/data/enterovirus/filtering/reverse3048-3552.fasta
    output: /datater/wu/data/enterovirus/filtering/reverse3048-3552.LC.fasta
    jobid: 156
    wildcards: sample=enterovirus, seg=3048-3552


[Thu Mar 25 14:21:16 2021]
rule reverse_linguistic_complexity:
    input: /datater/wu/data/enterovirus/filtering/reverse9144-9382.fasta
    output: /datater/wu/data/enterovirus/filtering/reverse9144-9382.LC.fasta
    jobid: 210
    wildcards: sample=enterovirus, seg=9144-9382


[Thu Mar 25 14:21:16 2021]
rule reverse_linguistic_complexity:
    input: /datater/wu/data/enterovirus/filtering/reverse1016-1520.fasta
    output: /datater/wu/data/enterovirus/filtering/reverse1016-1520.LC.fasta
    jobid: 60
    wildcards: sample=enterovirus, seg=1016-1520


[Thu Mar 25 14:21:16 2021]
rule reverse_linguistic_complexity:
    input: /datater/wu/data/enterovirus/filtering/reverse7112-7616.fasta
    output: /datater/wu/data/enterovirus/filtering/reverse7112-7616.LC.fasta
    jobid: 90
    wildcards: sample=enterovirus, seg=7112-7616


[Thu Mar 25 14:21:16 2021]
rule reverse_linguistic_complexity:
    input: /datater/wu/data/enterovirus/filtering/reverse8890-9394.fasta
    output: /datater/wu/data/enterovirus/filtering/reverse8890-9394.LC.fasta
    jobid: 144
    wildcards: sample=enterovirus, seg=8890-9394


[Thu Mar 25 14:21:16 2021]
rule reverse_linguistic_complexity:
    input: /datater/wu/data/enterovirus/filtering/reverse7366-7870.fasta
    output: /datater/wu/data/enterovirus/filtering/reverse7366-7870.LC.fasta
    jobid: 48
    wildcards: sample=enterovirus, seg=7366-7870


[Thu Mar 25 14:21:16 2021]
rule reverse_linguistic_complexity:
    input: /datater/wu/data/enterovirus/filtering/reverse762-1266.fasta
    output: /datater/wu/data/enterovirus/filtering/reverse762-1266.LC.fasta
    jobid: 12
    wildcards: sample=enterovirus, seg=762-1266


[Thu Mar 25 14:21:16 2021]
rule reverse_linguistic_complexity:
    input: /datater/wu/data/enterovirus/filtering/reverse4572-5076.fasta
    output: /datater/wu/data/enterovirus/filtering/reverse4572-5076.LC.fasta
    jobid: 78
    wildcards: sample=enterovirus, seg=4572-5076


[Thu Mar 25 14:21:16 2021]
rule reverse_linguistic_complexity:
    input: /datater/wu/data/enterovirus/filtering/reverse1270-1774.fasta
    output: /datater/wu/data/enterovirus/filtering/reverse1270-1774.LC.fasta
    jobid: 108
    wildcards: sample=enterovirus, seg=1270-1774


[Thu Mar 25 14:21:16 2021]
rule reverse_linguistic_complexity:
    input: /datater/wu/data/enterovirus/filtering/reverse2794-3298.fasta
    output: /datater/wu/data/enterovirus/filtering/reverse2794-3298.LC.fasta
    jobid: 186
    wildcards: sample=enterovirus, seg=2794-3298


[Thu Mar 25 14:21:16 2021]
rule reverse_linguistic_complexity:
    input: /datater/wu/data/enterovirus/filtering/reverse6350-6854.fasta
    output: /datater/wu/data/enterovirus/filtering/reverse6350-6854.LC.fasta
    jobid: 24
    wildcards: sample=enterovirus, seg=6350-6854

[Thu Mar 25 14:21:19 2021]
Finished job 48.
1 of 39 steps (3%) done
Select jobs to execute...

[Thu Mar 25 14:21:19 2021]
rule reverse_linguistic_complexity:
    input: /datater/wu/data/enterovirus/filtering/reverse2286-2790.fasta
    output: /datater/wu/data/enterovirus/filtering/reverse2286-2790.LC.fasta
    jobid: 204
    wildcards: sample=enterovirus, seg=2286-2790

[Thu Mar 25 14:21:19 2021]
Finished job 12.
2 of 39 steps (5%) done
Select jobs to execute...

[Thu Mar 25 14:21:19 2021]
rule reverse_linguistic_complexity:
    input: /datater/wu/data/enterovirus/filtering/reverse2032-2536.fasta
    output: /datater/wu/data/enterovirus/filtering/reverse2032-2536.LC.fasta
    jobid: 42
    wildcards: sample=enterovirus, seg=2032-2536

[Thu Mar 25 14:21:19 2021]
Finished job 156.
3 of 39 steps (8%) done
Select jobs to execute...
[Thu Mar 25 14:21:20 2021]
Finished job 60.
4 of 39 steps (10%) done
[Thu Mar 25 14:21:20 2021]
Finished job 198.
5 of 39 steps (13%) done
[Thu Mar 25 14:21:20 2021]
Finished job 144.
6 of 39 steps (15%) done

[Thu Mar 25 14:21:20 2021]
rule reverse_linguistic_complexity:
    input: /datater/wu/data/enterovirus/filtering/reverse1524-2028.fasta
    output: /datater/wu/data/enterovirus/filtering/reverse1524-2028.LC.fasta
    jobid: 102
    wildcards: sample=enterovirus, seg=1524-2028

Select jobs to execute...

[Thu Mar 25 14:21:20 2021]
rule reverse_linguistic_complexity:
    input: /datater/wu/data/enterovirus/filtering/reverse508-1012.fasta
    output: /datater/wu/data/enterovirus/filtering/reverse508-1012.LC.fasta
    jobid: 54
    wildcards: sample=enterovirus, seg=508-1012


[Thu Mar 25 14:21:20 2021]
rule reverse_linguistic_complexity:
    input: /datater/wu/data/enterovirus/filtering/reverse254-758.fasta
    output: /datater/wu/data/enterovirus/filtering/reverse254-758.LC.fasta
    jobid: 84
    wildcards: sample=enterovirus, seg=254-758


[Thu Mar 25 14:21:20 2021]
rule reverse_linguistic_complexity:
    input: /datater/wu/data/enterovirus/filtering/reverse7620-8124.fasta
    output: /datater/wu/data/enterovirus/filtering/reverse7620-8124.LC.fasta
    jobid: 114
    wildcards: sample=enterovirus, seg=7620-8124

Select jobs to execute...
Select jobs to execute...
[Thu Mar 25 14:21:20 2021]
Finished job 90.
7 of 39 steps (18%) done
Select jobs to execute...
[Thu Mar 25 14:21:20 2021]
Finished job 210.
8 of 39 steps (21%) done

[Thu Mar 25 14:21:20 2021]
rule reverse_linguistic_complexity:
    input: /datater/wu/data/enterovirus/filtering/reverse5080-5584.fasta
    output: /datater/wu/data/enterovirus/filtering/reverse5080-5584.LC.fasta
    jobid: 72
    wildcards: sample=enterovirus, seg=5080-5584

Select jobs to execute...

[Thu Mar 25 14:21:20 2021]
rule reverse_linguistic_complexity:
    input: /datater/wu/data/enterovirus/filtering/reverse8128-8632.fasta
    output: /datater/wu/data/enterovirus/filtering/reverse8128-8632.LC.fasta
    jobid: 222
    wildcards: sample=enterovirus, seg=8128-8632

[Thu Mar 25 14:21:20 2021]
Finished job 108.
9 of 39 steps (23%) done
Select jobs to execute...
[Thu Mar 25 14:21:20 2021]
Finished job 78.
10 of 39 steps (26%) done

[Thu Mar 25 14:21:20 2021]
rule reverse_linguistic_complexity:
    input: /datater/wu/data/enterovirus/filtering/reverse4064-4568.fasta
    output: /datater/wu/data/enterovirus/filtering/reverse4064-4568.LC.fasta
    jobid: 126
    wildcards: sample=enterovirus, seg=4064-4568

Select jobs to execute...

[Thu Mar 25 14:21:20 2021]
rule reverse_linguistic_complexity:
    input: /datater/wu/data/enterovirus/filtering/reverse6858-7362.fasta
    output: /datater/wu/data/enterovirus/filtering/reverse6858-7362.LC.fasta
    jobid: 216
    wildcards: sample=enterovirus, seg=6858-7362

[Thu Mar 25 14:21:20 2021]
Finished job 186.
11 of 39 steps (28%) done
Select jobs to execute...
[Thu Mar 25 14:21:20 2021]
Finished job 24.
12 of 39 steps (31%) done

[Thu Mar 25 14:21:20 2021]
rule reverse_linguistic_complexity:
    input: /datater/wu/data/enterovirus/filtering/reverse1778-2282.fasta
    output: /datater/wu/data/enterovirus/filtering/reverse1778-2282.LC.fasta
    jobid: 66
    wildcards: sample=enterovirus, seg=1778-2282

Select jobs to execute...

[Thu Mar 25 14:21:20 2021]
rule reverse_linguistic_complexity:
    input: /datater/wu/data/enterovirus/filtering/reverse3810-4314.fasta
    output: /datater/wu/data/enterovirus/filtering/reverse3810-4314.LC.fasta
    jobid: 120
    wildcards: sample=enterovirus, seg=3810-4314

[Thu Mar 25 14:21:23 2021]
Finished job 42.
13 of 39 steps (33%) done
Select jobs to execute...

[Thu Mar 25 14:21:23 2021]
rule reverse_linguistic_complexity:
    input: /datater/wu/data/enterovirus/filtering/reverse8382-8886.fasta
    output: /datater/wu/data/enterovirus/filtering/reverse8382-8886.LC.fasta
    jobid: 150
    wildcards: sample=enterovirus, seg=8382-8886

[Thu Mar 25 14:21:23 2021]
Finished job 204.
14 of 39 steps (36%) done
Select jobs to execute...

[Thu Mar 25 14:21:23 2021]
rule reverse_linguistic_complexity:
    input: /datater/wu/data/enterovirus/filtering/reverse6096-6600.fasta
    output: /datater/wu/data/enterovirus/filtering/reverse6096-6600.LC.fasta
    jobid: 162
    wildcards: sample=enterovirus, seg=6096-6600

[Thu Mar 25 14:21:23 2021]
Finished job 114.
15 of 39 steps (38%) done
Select jobs to execute...

[Thu Mar 25 14:21:23 2021]
rule reverse_linguistic_complexity:
    input: /datater/wu/data/enterovirus/filtering/reverse4826-5330.fasta
    output: /datater/wu/data/enterovirus/filtering/reverse4826-5330.LC.fasta
    jobid: 174
    wildcards: sample=enterovirus, seg=4826-5330

[Thu Mar 25 14:21:24 2021]
Finished job 54.
16 of 39 steps (41%) done
Select jobs to execute...

[Thu Mar 25 14:21:24 2021]
rule reverse_linguistic_complexity:
    input: /datater/wu/data/enterovirus/filtering/reverse3556-4060.fasta
    output: /datater/wu/data/enterovirus/filtering/reverse3556-4060.LC.fasta
    jobid: 168
    wildcards: sample=enterovirus, seg=3556-4060

[Thu Mar 25 14:21:24 2021]
Finished job 84.
17 of 39 steps (44%) done
Select jobs to execute...

[Thu Mar 25 14:21:24 2021]
rule reverse_linguistic_complexity:
    input: /datater/wu/data/enterovirus/filtering/reverse7874-8378.fasta
    output: /datater/wu/data/enterovirus/filtering/reverse7874-8378.LC.fasta
    jobid: 96
    wildcards: sample=enterovirus, seg=7874-8378

[Thu Mar 25 14:21:24 2021]
Finished job 72.
18 of 39 steps (46%) done
Select jobs to execute...

[Thu Mar 25 14:21:24 2021]
rule reverse_linguistic_complexity:
    input: /datater/wu/data/enterovirus/filtering/reverse4318-4822.fasta
    output: /datater/wu/data/enterovirus/filtering/reverse4318-4822.LC.fasta
    jobid: 192
    wildcards: sample=enterovirus, seg=4318-4822

[Thu Mar 25 14:21:24 2021]
Finished job 102.
19 of 39 steps (49%) done
Select jobs to execute...

[Thu Mar 25 14:21:24 2021]
rule reverse_linguistic_complexity:
    input: /datater/wu/data/enterovirus/filtering/reverse8636-9140.fasta
    output: /datater/wu/data/enterovirus/filtering/reverse8636-9140.LC.fasta
    jobid: 36
    wildcards: sample=enterovirus, seg=8636-9140

[Thu Mar 25 14:21:24 2021]
Finished job 222.
20 of 39 steps (51%) done
Select jobs to execute...
[Thu Mar 25 14:21:24 2021]
Finished job 216.
21 of 39 steps (54%) done

[Thu Mar 25 14:21:24 2021]
rule reverse_linguistic_complexity:
    input: /datater/wu/data/enterovirus/filtering/reverse5842-6346.fasta
    output: /datater/wu/data/enterovirus/filtering/reverse5842-6346.LC.fasta
    jobid: 6
    wildcards: sample=enterovirus, seg=5842-6346

Select jobs to execute...
[Thu Mar 25 14:21:24 2021]
Finished job 120.
22 of 39 steps (56%) done

[Thu Mar 25 14:21:24 2021]
rule reverse_linguistic_complexity:
    input: /datater/wu/data/enterovirus/filtering/reverse6604-7108.fasta
    output: /datater/wu/data/enterovirus/filtering/reverse6604-7108.LC.fasta
    jobid: 138
    wildcards: sample=enterovirus, seg=6604-7108

Select jobs to execute...
[Thu Mar 25 14:21:24 2021]
Finished job 126.
23 of 39 steps (59%) done

[Thu Mar 25 14:21:24 2021]
rule reverse_linguistic_complexity:
    input: /datater/wu/data/enterovirus/filtering/reverse5588-6092.fasta
    output: /datater/wu/data/enterovirus/filtering/reverse5588-6092.LC.fasta
    jobid: 30
    wildcards: sample=enterovirus, seg=5588-6092

Select jobs to execute...

[Thu Mar 25 14:21:24 2021]
rule reverse_linguistic_complexity:
    input: /datater/wu/data/enterovirus/filtering/reverse0-504.fasta
    output: /datater/wu/data/enterovirus/filtering/reverse0-504.LC.fasta
    jobid: 180
    wildcards: sample=enterovirus, seg=0-504

[Thu Mar 25 14:21:24 2021]
Finished job 66.
24 of 39 steps (62%) done
Select jobs to execute...

[Thu Mar 25 14:21:24 2021]
rule reverse_linguistic_complexity:
    input: /datater/wu/data/enterovirus/filtering/reverse3302-3806.fasta
    output: /datater/wu/data/enterovirus/filtering/reverse3302-3806.LC.fasta
    jobid: 132
    wildcards: sample=enterovirus, seg=3302-3806

[Thu Mar 25 14:21:27 2021]
Finished job 150.
25 of 39 steps (64%) done
Select jobs to execute...

[Thu Mar 25 14:21:27 2021]
rule reverse_linguistic_complexity:
    input: /datater/wu/data/enterovirus/filtering/reverse2540-3044.fasta
    output: /datater/wu/data/enterovirus/filtering/reverse2540-3044.LC.fasta
    jobid: 18
    wildcards: sample=enterovirus, seg=2540-3044

[Thu Mar 25 14:21:27 2021]
Finished job 162.
26 of 39 steps (67%) done
[Thu Mar 25 14:21:27 2021]
Finished job 174.
27 of 39 steps (69%) done
[Thu Mar 25 14:21:27 2021]
Finished job 168.
28 of 39 steps (72%) done
[Thu Mar 25 14:21:27 2021]
Finished job 192.
29 of 39 steps (74%) done
[Thu Mar 25 14:21:28 2021]
Finished job 96.
30 of 39 steps (77%) done
[Thu Mar 25 14:21:28 2021]
Finished job 36.
31 of 39 steps (79%) done
[Thu Mar 25 14:21:28 2021]
Finished job 138.
32 of 39 steps (82%) done
[Thu Mar 25 14:21:28 2021]
Finished job 132.
33 of 39 steps (85%) done
[Thu Mar 25 14:21:28 2021]
Finished job 180.
34 of 39 steps (87%) done
[Thu Mar 25 14:21:28 2021]
Finished job 6.
35 of 39 steps (90%) done
[Thu Mar 25 14:21:28 2021]
Finished job 30.
36 of 39 steps (92%) done
[Thu Mar 25 14:21:30 2021]
Finished job 18.
37 of 39 steps (95%) done
Select jobs to execute...

[Thu Mar 25 14:21:30 2021]
rule reverse_filtering:
    input: /datater/wu/data/enterovirus/filtering/reverse5842-6346.LC.fasta, /datater/wu/data/enterovirus/filtering/reverse762-1266.LC.fasta, /datater/wu/data/enterovirus/filtering/reverse2540-3044.LC.fasta, /datater/wu/data/enterovirus/filtering/reverse6350-6854.LC.fasta, /datater/wu/data/enterovirus/filtering/reverse5588-6092.LC.fasta, /datater/wu/data/enterovirus/filtering/reverse8636-9140.LC.fasta, /datater/wu/data/enterovirus/filtering/reverse2032-2536.LC.fasta, /datater/wu/data/enterovirus/filtering/reverse7366-7870.LC.fasta, /datater/wu/data/enterovirus/filtering/reverse508-1012.LC.fasta, /datater/wu/data/enterovirus/filtering/reverse1016-1520.LC.fasta, /datater/wu/data/enterovirus/filtering/reverse1778-2282.LC.fasta, /datater/wu/data/enterovirus/filtering/reverse5080-5584.LC.fasta, /datater/wu/data/enterovirus/filtering/reverse4572-5076.LC.fasta, /datater/wu/data/enterovirus/filtering/reverse254-758.LC.fasta, /datater/wu/data/enterovirus/filtering/reverse7112-7616.LC.fasta, /datater/wu/data/enterovirus/filtering/reverse7874-8378.LC.fasta, /datater/wu/data/enterovirus/filtering/reverse1524-2028.LC.fasta, /datater/wu/data/enterovirus/filtering/reverse1270-1774.LC.fasta, /datater/wu/data/enterovirus/filtering/reverse7620-8124.LC.fasta, /datater/wu/data/enterovirus/filtering/reverse3810-4314.LC.fasta, /datater/wu/data/enterovirus/filtering/reverse4064-4568.LC.fasta, /datater/wu/data/enterovirus/filtering/reverse3302-3806.LC.fasta, /datater/wu/data/enterovirus/filtering/reverse6604-7108.LC.fasta, /datater/wu/data/enterovirus/filtering/reverse8890-9394.LC.fasta, /datater/wu/data/enterovirus/filtering/reverse8382-8886.LC.fasta, /datater/wu/data/enterovirus/filtering/reverse3048-3552.LC.fasta, /datater/wu/data/enterovirus/filtering/reverse6096-6600.LC.fasta, /datater/wu/data/enterovirus/filtering/reverse3556-4060.LC.fasta, /datater/wu/data/enterovirus/filtering/reverse4826-5330.LC.fasta, /datater/wu/data/enterovirus/filtering/reverse0-504.LC.fasta, /datater/wu/data/enterovirus/filtering/reverse2794-3298.LC.fasta, /datater/wu/data/enterovirus/filtering/reverse4318-4822.LC.fasta, /datater/wu/data/enterovirus/filtering/reverse5334-5838.LC.fasta, /datater/wu/data/enterovirus/filtering/reverse2286-2790.LC.fasta, /datater/wu/data/enterovirus/filtering/reverse9144-9382.LC.fasta, /datater/wu/data/enterovirus/filtering/reverse6858-7362.LC.fasta, /datater/wu/data/enterovirus/filtering/reverse8128-8632.LC.fasta
    output: /datater/wu/data/enterovirus/filtering/allOligos_reverse_avgTm.txt
    jobid: 1
    wildcards: sample=enterovirus

Terminating processes on user request, this might take some time.
[Thu Mar 25 14:27:22 2021]
Error in rule reverse_filtering:
    jobid: 1
    output: /datater/wu/data/enterovirus/filtering/allOligos_reverse_avgTm.txt
    shell:
        grep 'Tm [0-9]+.[0-9]' >> /datater/wu/data/enterovirus/filtering/allOligos_reverse_avgTm.txt
        (one of the commands exited with non-zero exit code; note that snakemake uses bash strict mode!)

Removing output files of failed job reverse_filtering since they might be corrupted:
/datater/wu/data/enterovirus/filtering/allOligos_reverse_avgTm.txt
Complete log: /datater/wu/stage_m2/.snakemake/log/2021-03-25T142115.364904.snakemake.log
