Building DAG of jobs...
Updating job filtering2.
Using shell: /bin/bash
Provided cores: 4
Rules claiming more threads will be scaled down.
Conda environments: ignored
Job counts:
	count	jobs
	1	all
	43	filtering1
	1	filtering2
	45
Select jobs to execute...

[Thu Apr 29 11:33:58 2021]
rule filtering1:
    input: /datater/wu/data/MSSPE-basic/zika/kmer15/intermediate/reverse5271-5772.Kmercount.sorted.txt
    output: /datater/wu/data/MSSPE-basic/zika/kmer15/intermediate/reverse5271-5772.Kmercount.sorted.calculated.txt
    jobid: 46
    wildcards: sample=zika, seg=5271-5772

[Thu Apr 29 11:33:58 2021]
rule filtering1:
    input: /datater/wu/data/MSSPE-basic/zika/kmer15/intermediate/reverse10040-10541.Kmercount.sorted.txt
    output: /datater/wu/data/MSSPE-basic/zika/kmer15/intermediate/reverse10040-10541.Kmercount.sorted.calculated.txt
    jobid: 18
    wildcards: sample=zika, seg=10040-10541

[Thu Apr 29 11:33:58 2021]
rule filtering1:
    input: /datater/wu/data/MSSPE-basic/zika/kmer15/intermediate/reverse6777-7278.Kmercount.sorted.txt
    output: /datater/wu/data/MSSPE-basic/zika/kmer15/intermediate/reverse6777-7278.Kmercount.sorted.calculated.txt
    jobid: 122
    wildcards: sample=zika, seg=6777-7278

[Thu Apr 29 11:33:58 2021]
rule filtering1:
    input: /datater/wu/data/MSSPE-basic/zika/kmer15/intermediate/reverse7028-7529.Kmercount.sorted.txt
    output: /datater/wu/data/MSSPE-basic/zika/kmer15/intermediate/reverse7028-7529.Kmercount.sorted.calculated.txt
    jobid: 38
    wildcards: sample=zika, seg=7028-7529

[Thu Apr 29 11:33:59 2021]
Finished job 18.
1 of 45 steps (2%) done
Select jobs to execute...
[Thu Apr 29 11:33:59 2021]
Finished job 46.
2 of 45 steps (4%) done

[Thu Apr 29 11:33:59 2021]
rule filtering1:
    input: /datater/wu/data/MSSPE-basic/zika/kmer15/intermediate/reverse2008-2509.Kmercount.sorted.txt
    output: /datater/wu/data/MSSPE-basic/zika/kmer15/intermediate/reverse2008-2509.Kmercount.sorted.calculated.txt
    jobid: 142
    wildcards: sample=zika, seg=2008-2509

Select jobs to execute...
[Thu Apr 29 11:33:59 2021]
Finished job 38.
3 of 45 steps (7%) done
[Thu Apr 29 11:33:59 2021]
Finished job 122.
4 of 45 steps (9%) done

[Thu Apr 29 11:33:59 2021]
rule filtering1:
    input: /datater/wu/data/MSSPE-basic/zika/kmer15/intermediate/reverse5522-6023.Kmercount.sorted.txt
    output: /datater/wu/data/MSSPE-basic/zika/kmer15/intermediate/reverse5522-6023.Kmercount.sorted.calculated.txt
    jobid: 90
    wildcards: sample=zika, seg=5522-6023

Select jobs to execute...

[Thu Apr 29 11:33:59 2021]
rule filtering1:
    input: /datater/wu/data/MSSPE-basic/zika/kmer15/intermediate/reverse10542-10780.Kmercount.sorted.txt
    output: /datater/wu/data/MSSPE-basic/zika/kmer15/intermediate/reverse10542-10780.Kmercount.sorted.calculated.txt
    jobid: 10
    wildcards: sample=zika, seg=10542-10780

[Thu Apr 29 11:33:59 2021]
rule filtering1:
    input: /datater/wu/data/MSSPE-basic/zika/kmer15/intermediate/reverse1004-1505.Kmercount.sorted.txt
    output: /datater/wu/data/MSSPE-basic/zika/kmer15/intermediate/reverse1004-1505.Kmercount.sorted.calculated.txt
    jobid: 98
    wildcards: sample=zika, seg=1004-1505

Select jobs to execute...
[Thu Apr 29 11:34:00 2021]
Finished job 98.
5 of 45 steps (11%) done
Select jobs to execute...

[Thu Apr 29 11:34:00 2021]
rule filtering1:
    input: /datater/wu/data/MSSPE-basic/zika/kmer15/intermediate/reverse9036-9537.Kmercount.sorted.txt
    output: /datater/wu/data/MSSPE-basic/zika/kmer15/intermediate/reverse9036-9537.Kmercount.sorted.calculated.txt
    jobid: 82
    wildcards: sample=zika, seg=9036-9537

[Thu Apr 29 11:34:00 2021]
Finished job 142.
6 of 45 steps (13%) done
Select jobs to execute...
[Thu Apr 29 11:34:00 2021]
Finished job 90.
7 of 45 steps (16%) done
[Thu Apr 29 11:34:00 2021]
Finished job 10.
8 of 45 steps (18%) done

[Thu Apr 29 11:34:00 2021]
rule filtering1:
    input: /datater/wu/data/MSSPE-basic/zika/kmer15/intermediate/reverse1255-1756.Kmercount.sorted.txt
    output: /datater/wu/data/MSSPE-basic/zika/kmer15/intermediate/reverse1255-1756.Kmercount.sorted.calculated.txt
    jobid: 30
    wildcards: sample=zika, seg=1255-1756

Select jobs to execute...

[Thu Apr 29 11:34:00 2021]
rule filtering1:
    input: /datater/wu/data/MSSPE-basic/zika/kmer15/intermediate/reverse9538-10039.Kmercount.sorted.txt
    output: /datater/wu/data/MSSPE-basic/zika/kmer15/intermediate/reverse9538-10039.Kmercount.sorted.calculated.txt
    jobid: 70
    wildcards: sample=zika, seg=9538-10039

[Thu Apr 29 11:34:00 2021]
rule filtering1:
    input: /datater/wu/data/MSSPE-basic/zika/kmer15/intermediate/reverse0-501.Kmercount.sorted.txt
    output: /datater/wu/data/MSSPE-basic/zika/kmer15/intermediate/reverse0-501.Kmercount.sorted.calculated.txt
    jobid: 106
    wildcards: sample=zika, seg=0-501

Select jobs to execute...
[Thu Apr 29 11:34:01 2021]
Finished job 82.
9 of 45 steps (20%) done
Select jobs to execute...

[Thu Apr 29 11:34:01 2021]
rule filtering1:
    input: /datater/wu/data/MSSPE-basic/zika/kmer15/intermediate/reverse3514-4015.Kmercount.sorted.txt
    output: /datater/wu/data/MSSPE-basic/zika/kmer15/intermediate/reverse3514-4015.Kmercount.sorted.calculated.txt
    jobid: 26
    wildcards: sample=zika, seg=3514-4015

[Thu Apr 29 11:34:01 2021]
Finished job 106.
10 of 45 steps (22%) done
Select jobs to execute...
[Thu Apr 29 11:34:01 2021]
Finished job 30.
11 of 45 steps (24%) done
[Thu Apr 29 11:34:01 2021]
Finished job 70.
12 of 45 steps (27%) done

[Thu Apr 29 11:34:01 2021]
rule filtering1:
    input: /datater/wu/data/MSSPE-basic/zika/kmer15/intermediate/reverse6526-7027.Kmercount.sorted.txt
    output: /datater/wu/data/MSSPE-basic/zika/kmer15/intermediate/reverse6526-7027.Kmercount.sorted.calculated.txt
    jobid: 86
    wildcards: sample=zika, seg=6526-7027

Select jobs to execute...

[Thu Apr 29 11:34:01 2021]
rule filtering1:
    input: /datater/wu/data/MSSPE-basic/zika/kmer15/intermediate/reverse7530-8031.Kmercount.sorted.txt
    output: /datater/wu/data/MSSPE-basic/zika/kmer15/intermediate/reverse7530-8031.Kmercount.sorted.calculated.txt
    jobid: 150
    wildcards: sample=zika, seg=7530-8031

[Thu Apr 29 11:34:01 2021]
rule filtering1:
    input: /datater/wu/data/MSSPE-basic/zika/kmer15/intermediate/reverse4769-5270.Kmercount.sorted.txt
    output: /datater/wu/data/MSSPE-basic/zika/kmer15/intermediate/reverse4769-5270.Kmercount.sorted.calculated.txt
    jobid: 50
    wildcards: sample=zika, seg=4769-5270

Select jobs to execute...
[Thu Apr 29 11:34:02 2021]
Finished job 26.
13 of 45 steps (29%) done
Select jobs to execute...

[Thu Apr 29 11:34:02 2021]
rule filtering1:
    input: /datater/wu/data/MSSPE-basic/zika/kmer15/intermediate/reverse6024-6525.Kmercount.sorted.txt
    output: /datater/wu/data/MSSPE-basic/zika/kmer15/intermediate/reverse6024-6525.Kmercount.sorted.calculated.txt
    jobid: 138
    wildcards: sample=zika, seg=6024-6525

[Thu Apr 29 11:34:02 2021]
Finished job 86.
14 of 45 steps (31%) done
Select jobs to execute...

[Thu Apr 29 11:34:02 2021]
rule filtering1:
    input: /datater/wu/data/MSSPE-basic/zika/kmer15/intermediate/reverse1757-2258.Kmercount.sorted.txt
    output: /datater/wu/data/MSSPE-basic/zika/kmer15/intermediate/reverse1757-2258.Kmercount.sorted.calculated.txt
    jobid: 78
    wildcards: sample=zika, seg=1757-2258

[Thu Apr 29 11:34:02 2021]
Finished job 150.
15 of 45 steps (33%) done
Select jobs to execute...

[Thu Apr 29 11:34:02 2021]
rule filtering1:
    input: /datater/wu/data/MSSPE-basic/zika/kmer15/intermediate/reverse8785-9286.Kmercount.sorted.txt
    output: /datater/wu/data/MSSPE-basic/zika/kmer15/intermediate/reverse8785-9286.Kmercount.sorted.calculated.txt
    jobid: 42
    wildcards: sample=zika, seg=8785-9286

[Thu Apr 29 11:34:02 2021]
Finished job 50.
16 of 45 steps (36%) done
Select jobs to execute...

[Thu Apr 29 11:34:02 2021]
rule filtering1:
    input: /datater/wu/data/MSSPE-basic/zika/kmer15/intermediate/reverse4267-4768.Kmercount.sorted.txt
    output: /datater/wu/data/MSSPE-basic/zika/kmer15/intermediate/reverse4267-4768.Kmercount.sorted.calculated.txt
    jobid: 102
    wildcards: sample=zika, seg=4267-4768

[Thu Apr 29 11:34:03 2021]
Finished job 138.
17 of 45 steps (38%) done
Select jobs to execute...
[Thu Apr 29 11:34:03 2021]
Finished job 78.
18 of 45 steps (40%) done

[Thu Apr 29 11:34:03 2021]
rule filtering1:
    input: /datater/wu/data/MSSPE-basic/zika/kmer15/intermediate/reverse2761-3262.Kmercount.sorted.txt
    output: /datater/wu/data/MSSPE-basic/zika/kmer15/intermediate/reverse2761-3262.Kmercount.sorted.calculated.txt
    jobid: 162
    wildcards: sample=zika, seg=2761-3262

Select jobs to execute...

[Thu Apr 29 11:34:03 2021]
rule filtering1:
    input: /datater/wu/data/MSSPE-basic/zika/kmer15/intermediate/reverse5773-6274.Kmercount.sorted.txt
    output: /datater/wu/data/MSSPE-basic/zika/kmer15/intermediate/reverse5773-6274.Kmercount.sorted.calculated.txt
    jobid: 94
    wildcards: sample=zika, seg=5773-6274

[Thu Apr 29 11:34:03 2021]
Finished job 42.
19 of 45 steps (42%) done
Select jobs to execute...

[Thu Apr 29 11:34:03 2021]
rule filtering1:
    input: /datater/wu/data/MSSPE-basic/zika/kmer15/intermediate/reverse3012-3513.Kmercount.sorted.txt
    output: /datater/wu/data/MSSPE-basic/zika/kmer15/intermediate/reverse3012-3513.Kmercount.sorted.calculated.txt
    jobid: 34
    wildcards: sample=zika, seg=3012-3513

[Thu Apr 29 11:34:03 2021]
Finished job 102.
20 of 45 steps (44%) done
Select jobs to execute...

[Thu Apr 29 11:34:03 2021]
rule filtering1:
    input: /datater/wu/data/MSSPE-basic/zika/kmer15/intermediate/reverse753-1254.Kmercount.sorted.txt
    output: /datater/wu/data/MSSPE-basic/zika/kmer15/intermediate/reverse753-1254.Kmercount.sorted.calculated.txt
    jobid: 154
    wildcards: sample=zika, seg=753-1254

[Thu Apr 29 11:34:04 2021]
Finished job 162.
21 of 45 steps (47%) done
Select jobs to execute...

[Thu Apr 29 11:34:04 2021]
rule filtering1:
    input: /datater/wu/data/MSSPE-basic/zika/kmer15/intermediate/reverse8032-8533.Kmercount.sorted.txt
    output: /datater/wu/data/MSSPE-basic/zika/kmer15/intermediate/reverse8032-8533.Kmercount.sorted.calculated.txt
    jobid: 58
    wildcards: sample=zika, seg=8032-8533

[Thu Apr 29 11:34:04 2021]
Finished job 94.
22 of 45 steps (49%) done
Select jobs to execute...

[Thu Apr 29 11:34:04 2021]
rule filtering1:
    input: /datater/wu/data/MSSPE-basic/zika/kmer15/intermediate/reverse7781-8282.Kmercount.sorted.txt
    output: /datater/wu/data/MSSPE-basic/zika/kmer15/intermediate/reverse7781-8282.Kmercount.sorted.calculated.txt
    jobid: 146
    wildcards: sample=zika, seg=7781-8282

[Thu Apr 29 11:34:04 2021]
Finished job 34.
23 of 45 steps (51%) done
Select jobs to execute...

[Thu Apr 29 11:34:04 2021]
rule filtering1:
    input: /datater/wu/data/MSSPE-basic/zika/kmer15/intermediate/reverse3765-4266.Kmercount.sorted.txt
    output: /datater/wu/data/MSSPE-basic/zika/kmer15/intermediate/reverse3765-4266.Kmercount.sorted.calculated.txt
    jobid: 110
    wildcards: sample=zika, seg=3765-4266

[Thu Apr 29 11:34:04 2021]
Finished job 154.
24 of 45 steps (53%) done
Select jobs to execute...

[Thu Apr 29 11:34:04 2021]
rule filtering1:
    input: /datater/wu/data/MSSPE-basic/zika/kmer15/intermediate/reverse4016-4517.Kmercount.sorted.txt
    output: /datater/wu/data/MSSPE-basic/zika/kmer15/intermediate/reverse4016-4517.Kmercount.sorted.calculated.txt
    jobid: 170
    wildcards: sample=zika, seg=4016-4517

[Thu Apr 29 11:34:05 2021]
Finished job 58.
25 of 45 steps (56%) done
Select jobs to execute...

[Thu Apr 29 11:34:05 2021]
rule filtering1:
    input: /datater/wu/data/MSSPE-basic/zika/kmer15/intermediate/reverse502-1003.Kmercount.sorted.txt
    output: /datater/wu/data/MSSPE-basic/zika/kmer15/intermediate/reverse502-1003.Kmercount.sorted.calculated.txt
    jobid: 66
    wildcards: sample=zika, seg=502-1003

[Thu Apr 29 11:34:05 2021]
Finished job 146.
26 of 45 steps (58%) done
Select jobs to execute...

[Thu Apr 29 11:34:05 2021]
rule filtering1:
    input: /datater/wu/data/MSSPE-basic/zika/kmer15/intermediate/reverse5020-5521.Kmercount.sorted.txt
    output: /datater/wu/data/MSSPE-basic/zika/kmer15/intermediate/reverse5020-5521.Kmercount.sorted.calculated.txt
    jobid: 126
    wildcards: sample=zika, seg=5020-5521

[Thu Apr 29 11:34:05 2021]
Finished job 110.
27 of 45 steps (60%) done
Select jobs to execute...

[Thu Apr 29 11:34:05 2021]
rule filtering1:
    input: /datater/wu/data/MSSPE-basic/zika/kmer15/intermediate/reverse8534-9035.Kmercount.sorted.txt
    output: /datater/wu/data/MSSPE-basic/zika/kmer15/intermediate/reverse8534-9035.Kmercount.sorted.calculated.txt
    jobid: 74
    wildcards: sample=zika, seg=8534-9035

[Thu Apr 29 11:34:05 2021]
Finished job 170.
28 of 45 steps (62%) done
Select jobs to execute...

[Thu Apr 29 11:34:05 2021]
rule filtering1:
    input: /datater/wu/data/MSSPE-basic/zika/kmer15/intermediate/reverse4518-5019.Kmercount.sorted.txt
    output: /datater/wu/data/MSSPE-basic/zika/kmer15/intermediate/reverse4518-5019.Kmercount.sorted.calculated.txt
    jobid: 158
    wildcards: sample=zika, seg=4518-5019

[Thu Apr 29 11:34:06 2021]
Finished job 66.
29 of 45 steps (64%) done
Select jobs to execute...

[Thu Apr 29 11:34:06 2021]
rule filtering1:
    input: /datater/wu/data/MSSPE-basic/zika/kmer15/intermediate/reverse6275-6776.Kmercount.sorted.txt
    output: /datater/wu/data/MSSPE-basic/zika/kmer15/intermediate/reverse6275-6776.Kmercount.sorted.calculated.txt
    jobid: 134
    wildcards: sample=zika, seg=6275-6776

[Thu Apr 29 11:34:06 2021]
Finished job 126.
30 of 45 steps (67%) done
Select jobs to execute...

[Thu Apr 29 11:34:06 2021]
rule filtering1:
    input: /datater/wu/data/MSSPE-basic/zika/kmer15/intermediate/reverse251-752.Kmercount.sorted.txt
    output: /datater/wu/data/MSSPE-basic/zika/kmer15/intermediate/reverse251-752.Kmercount.sorted.calculated.txt
    jobid: 130
    wildcards: sample=zika, seg=251-752

[Thu Apr 29 11:34:06 2021]
Finished job 74.
31 of 45 steps (69%) done
Select jobs to execute...

[Thu Apr 29 11:34:06 2021]
rule filtering1:
    input: /datater/wu/data/MSSPE-basic/zika/kmer15/intermediate/reverse1506-2007.Kmercount.sorted.txt
    output: /datater/wu/data/MSSPE-basic/zika/kmer15/intermediate/reverse1506-2007.Kmercount.sorted.calculated.txt
    jobid: 14
    wildcards: sample=zika, seg=1506-2007

[Thu Apr 29 11:34:06 2021]
Finished job 158.
32 of 45 steps (71%) done
Select jobs to execute...

[Thu Apr 29 11:34:06 2021]
rule filtering1:
    input: /datater/wu/data/MSSPE-basic/zika/kmer15/intermediate/reverse7279-7780.Kmercount.sorted.txt
    output: /datater/wu/data/MSSPE-basic/zika/kmer15/intermediate/reverse7279-7780.Kmercount.sorted.calculated.txt
    jobid: 166
    wildcards: sample=zika, seg=7279-7780

[Thu Apr 29 11:34:06 2021]
Finished job 134.
33 of 45 steps (73%) done
Select jobs to execute...

[Thu Apr 29 11:34:07 2021]
rule filtering1:
    input: /datater/wu/data/MSSPE-basic/zika/kmer15/intermediate/reverse2510-3011.Kmercount.sorted.txt
    output: /datater/wu/data/MSSPE-basic/zika/kmer15/intermediate/reverse2510-3011.Kmercount.sorted.calculated.txt
    jobid: 174
    wildcards: sample=zika, seg=2510-3011

[Thu Apr 29 11:34:07 2021]
Finished job 130.
34 of 45 steps (76%) done
Select jobs to execute...

[Thu Apr 29 11:34:07 2021]
rule filtering1:
    input: /datater/wu/data/MSSPE-basic/zika/kmer15/intermediate/reverse8283-8784.Kmercount.sorted.txt
    output: /datater/wu/data/MSSPE-basic/zika/kmer15/intermediate/reverse8283-8784.Kmercount.sorted.calculated.txt
    jobid: 114
    wildcards: sample=zika, seg=8283-8784

[Thu Apr 29 11:34:07 2021]
Finished job 14.
35 of 45 steps (78%) done
Select jobs to execute...

[Thu Apr 29 11:34:07 2021]
rule filtering1:
    input: /datater/wu/data/MSSPE-basic/zika/kmer15/intermediate/reverse2259-2760.Kmercount.sorted.txt
    output: /datater/wu/data/MSSPE-basic/zika/kmer15/intermediate/reverse2259-2760.Kmercount.sorted.calculated.txt
    jobid: 22
    wildcards: sample=zika, seg=2259-2760

[Thu Apr 29 11:34:07 2021]
Finished job 166.
36 of 45 steps (80%) done
Select jobs to execute...

[Thu Apr 29 11:34:07 2021]
rule filtering1:
    input: /datater/wu/data/MSSPE-basic/zika/kmer15/intermediate/reverse3263-3764.Kmercount.sorted.txt
    output: /datater/wu/data/MSSPE-basic/zika/kmer15/intermediate/reverse3263-3764.Kmercount.sorted.calculated.txt
    jobid: 6
    wildcards: sample=zika, seg=3263-3764

[Thu Apr 29 11:34:07 2021]
Finished job 174.
37 of 45 steps (82%) done
Select jobs to execute...

[Thu Apr 29 11:34:07 2021]
rule filtering1:
    input: /datater/wu/data/MSSPE-basic/zika/kmer15/intermediate/reverse9287-9788.Kmercount.sorted.txt
    output: /datater/wu/data/MSSPE-basic/zika/kmer15/intermediate/reverse9287-9788.Kmercount.sorted.calculated.txt
    jobid: 118
    wildcards: sample=zika, seg=9287-9788

[Thu Apr 29 11:34:08 2021]
Finished job 114.
38 of 45 steps (84%) done
Select jobs to execute...

[Thu Apr 29 11:34:08 2021]
rule filtering1:
    input: /datater/wu/data/MSSPE-basic/zika/kmer15/intermediate/reverse9789-10290.Kmercount.sorted.txt
    output: /datater/wu/data/MSSPE-basic/zika/kmer15/intermediate/reverse9789-10290.Kmercount.sorted.calculated.txt
    jobid: 62
    wildcards: sample=zika, seg=9789-10290

[Thu Apr 29 11:34:08 2021]
Finished job 22.
39 of 45 steps (87%) done
Select jobs to execute...

[Thu Apr 29 11:34:08 2021]
rule filtering1:
    input: /datater/wu/data/MSSPE-basic/zika/kmer15/intermediate/reverse10291-10780.Kmercount.sorted.txt
    output: /datater/wu/data/MSSPE-basic/zika/kmer15/intermediate/reverse10291-10780.Kmercount.sorted.calculated.txt
    jobid: 54
    wildcards: sample=zika, seg=10291-10780

[Thu Apr 29 11:34:08 2021]
Finished job 6.
40 of 45 steps (89%) done
[Thu Apr 29 11:34:08 2021]
Finished job 118.
41 of 45 steps (91%) done
[Thu Apr 29 11:34:08 2021]
Finished job 62.
42 of 45 steps (93%) done
[Thu Apr 29 11:34:09 2021]
Finished job 54.
43 of 45 steps (96%) done
Select jobs to execute...

[Thu Apr 29 11:34:09 2021]
rule filtering2:
    input: /datater/wu/data/MSSPE-basic/zika/kmer15/intermediate/reverse3263-3764.Kmercount.sorted.calculated.txt, /datater/wu/data/MSSPE-basic/zika/kmer15/intermediate/reverse10542-10780.Kmercount.sorted.calculated.txt, /datater/wu/data/MSSPE-basic/zika/kmer15/intermediate/reverse1506-2007.Kmercount.sorted.calculated.txt, /datater/wu/data/MSSPE-basic/zika/kmer15/intermediate/reverse10040-10541.Kmercount.sorted.calculated.txt, /datater/wu/data/MSSPE-basic/zika/kmer15/intermediate/reverse2259-2760.Kmercount.sorted.calculated.txt, /datater/wu/data/MSSPE-basic/zika/kmer15/intermediate/reverse3514-4015.Kmercount.sorted.calculated.txt, /datater/wu/data/MSSPE-basic/zika/kmer15/intermediate/reverse1255-1756.Kmercount.sorted.calculated.txt, /datater/wu/data/MSSPE-basic/zika/kmer15/intermediate/reverse3012-3513.Kmercount.sorted.calculated.txt, /datater/wu/data/MSSPE-basic/zika/kmer15/intermediate/reverse7028-7529.Kmercount.sorted.calculated.txt, /datater/wu/data/MSSPE-basic/zika/kmer15/intermediate/reverse8785-9286.Kmercount.sorted.calculated.txt, /datater/wu/data/MSSPE-basic/zika/kmer15/intermediate/reverse5271-5772.Kmercount.sorted.calculated.txt, /datater/wu/data/MSSPE-basic/zika/kmer15/intermediate/reverse4769-5270.Kmercount.sorted.calculated.txt, /datater/wu/data/MSSPE-basic/zika/kmer15/intermediate/reverse10291-10780.Kmercount.sorted.calculated.txt, /datater/wu/data/MSSPE-basic/zika/kmer15/intermediate/reverse8032-8533.Kmercount.sorted.calculated.txt, /datater/wu/data/MSSPE-basic/zika/kmer15/intermediate/reverse9789-10290.Kmercount.sorted.calculated.txt, /datater/wu/data/MSSPE-basic/zika/kmer15/intermediate/reverse502-1003.Kmercount.sorted.calculated.txt, /datater/wu/data/MSSPE-basic/zika/kmer15/intermediate/reverse9538-10039.Kmercount.sorted.calculated.txt, /datater/wu/data/MSSPE-basic/zika/kmer15/intermediate/reverse8534-9035.Kmercount.sorted.calculated.txt, /datater/wu/data/MSSPE-basic/zika/kmer15/intermediate/reverse1757-2258.Kmercount.sorted.calculated.txt, /datater/wu/data/MSSPE-basic/zika/kmer15/intermediate/reverse9036-9537.Kmercount.sorted.calculated.txt, /datater/wu/data/MSSPE-basic/zika/kmer15/intermediate/reverse6526-7027.Kmercount.sorted.calculated.txt, /datater/wu/data/MSSPE-basic/zika/kmer15/intermediate/reverse5522-6023.Kmercount.sorted.calculated.txt, /datater/wu/data/MSSPE-basic/zika/kmer15/intermediate/reverse5773-6274.Kmercount.sorted.calculated.txt, /datater/wu/data/MSSPE-basic/zika/kmer15/intermediate/reverse1004-1505.Kmercount.sorted.calculated.txt, /datater/wu/data/MSSPE-basic/zika/kmer15/intermediate/reverse4267-4768.Kmercount.sorted.calculated.txt, /datater/wu/data/MSSPE-basic/zika/kmer15/intermediate/reverse0-501.Kmercount.sorted.calculated.txt, /datater/wu/data/MSSPE-basic/zika/kmer15/intermediate/reverse3765-4266.Kmercount.sorted.calculated.txt, /datater/wu/data/MSSPE-basic/zika/kmer15/intermediate/reverse8283-8784.Kmercount.sorted.calculated.txt, /datater/wu/data/MSSPE-basic/zika/kmer15/intermediate/reverse9287-9788.Kmercount.sorted.calculated.txt, /datater/wu/data/MSSPE-basic/zika/kmer15/intermediate/reverse6777-7278.Kmercount.sorted.calculated.txt, /datater/wu/data/MSSPE-basic/zika/kmer15/intermediate/reverse5020-5521.Kmercount.sorted.calculated.txt, /datater/wu/data/MSSPE-basic/zika/kmer15/intermediate/reverse251-752.Kmercount.sorted.calculated.txt, /datater/wu/data/MSSPE-basic/zika/kmer15/intermediate/reverse6275-6776.Kmercount.sorted.calculated.txt, /datater/wu/data/MSSPE-basic/zika/kmer15/intermediate/reverse6024-6525.Kmercount.sorted.calculated.txt, /datater/wu/data/MSSPE-basic/zika/kmer15/intermediate/reverse2008-2509.Kmercount.sorted.calculated.txt, /datater/wu/data/MSSPE-basic/zika/kmer15/intermediate/reverse7781-8282.Kmercount.sorted.calculated.txt, /datater/wu/data/MSSPE-basic/zika/kmer15/intermediate/reverse7530-8031.Kmercount.sorted.calculated.txt, /datater/wu/data/MSSPE-basic/zika/kmer15/intermediate/reverse753-1254.Kmercount.sorted.calculated.txt, /datater/wu/data/MSSPE-basic/zika/kmer15/intermediate/reverse4518-5019.Kmercount.sorted.calculated.txt, /datater/wu/data/MSSPE-basic/zika/kmer15/intermediate/reverse2761-3262.Kmercount.sorted.calculated.txt, /datater/wu/data/MSSPE-basic/zika/kmer15/intermediate/reverse7279-7780.Kmercount.sorted.calculated.txt, /datater/wu/data/MSSPE-basic/zika/kmer15/intermediate/reverse4016-4517.Kmercount.sorted.calculated.txt, /datater/wu/data/MSSPE-basic/zika/kmer15/intermediate/reverse2510-3011.Kmercount.sorted.calculated.txt
    output: /datater/wu/data/MSSPE-basic/zika/kmer15/allKmercount.sorted.calculated.txt
    jobid: 3
    wildcards: sample=zika

[Thu Apr 29 11:34:09 2021]
Finished job 3.
44 of 45 steps (98%) done
Select jobs to execute...

[Thu Apr 29 11:34:09 2021]
localrule all:
    input: /datater/wu/data/MSSPE-basic/zika/zika.uniq, /datater/wu/data/MSSPE-basic/zika/zika.msa, /datater/wu/data/MSSPE-basic/zika/kmer15/allKmercount.sorted.calculated.txt
    jobid: 0

[Thu Apr 29 11:34:09 2021]
Finished job 0.
45 of 45 steps (100%) done
Complete log: /datater/wu/MSSPE/.snakemake/log/2021-04-29T113358.174017.snakemake.log
