Building DAG of jobs...
Using shell: /bin/bash
Provided cores: 12
Rules claiming more threads will be scaled down.
Conda environments: ignored
Job counts:
	count	jobs
	1	all
	43	filterOut_Tm
	44
Select jobs to execute...

[Tue Mar  9 16:49:41 2021]
checkpoint filterOut_Tm:
    input: /datater/wu/data/zika/primer3_Tm/forward_5271-5772.Tm
    output: /datater/wu/data/zika/primer3_Tm/forward_5271-5772.TmFilterered
    jobid: 101
    wildcards: sample=zika, seg=5271-5772
Downstream jobs will be updated after completion.

[Tue Mar  9 16:49:41 2021]
checkpoint filterOut_Tm:
    input: /datater/wu/data/zika/primer3_Tm/forward_10291-10792.Tm
    output: /datater/wu/data/zika/primer3_Tm/forward_10291-10792.TmFilterered
    jobid: 76
    wildcards: sample=zika, seg=10291-10792
Downstream jobs will be updated after completion.

[Tue Mar  9 16:49:41 2021]
checkpoint filterOut_Tm:
    input: /datater/wu/data/zika/primer3_Tm/forward_2008-2509.Tm
    output: /datater/wu/data/zika/primer3_Tm/forward_2008-2509.TmFilterered
    jobid: 131
    wildcards: sample=zika, seg=2008-2509
Downstream jobs will be updated after completion.

[Tue Mar  9 16:49:41 2021]
checkpoint filterOut_Tm:
    input: /datater/wu/data/zika/primer3_Tm/forward_1255-1756.Tm
    output: /datater/wu/data/zika/primer3_Tm/forward_1255-1756.TmFilterered
    jobid: 81
    wildcards: sample=zika, seg=1255-1756
Downstream jobs will be updated after completion.

[Tue Mar  9 16:49:41 2021]
checkpoint filterOut_Tm:
    input: /datater/wu/data/zika/primer3_Tm/forward_2510-3011.Tm
    output: /datater/wu/data/zika/primer3_Tm/forward_2510-3011.TmFilterered
    jobid: 56
    wildcards: sample=zika, seg=2510-3011
Downstream jobs will be updated after completion.

[Tue Mar  9 16:49:41 2021]
checkpoint filterOut_Tm:
    input: /datater/wu/data/zika/primer3_Tm/forward_6024-6525.Tm
    output: /datater/wu/data/zika/primer3_Tm/forward_6024-6525.TmFilterered
    jobid: 121
    wildcards: sample=zika, seg=6024-6525
Downstream jobs will be updated after completion.

[Tue Mar  9 16:49:41 2021]
checkpoint filterOut_Tm:
    input: /datater/wu/data/zika/primer3_Tm/forward_8785-9286.Tm
    output: /datater/wu/data/zika/primer3_Tm/forward_8785-9286.TmFilterered
    jobid: 106
    wildcards: sample=zika, seg=8785-9286
Downstream jobs will be updated after completion.

[Tue Mar  9 16:49:41 2021]
checkpoint filterOut_Tm:
    input: /datater/wu/data/zika/primer3_Tm/forward_10542-10780.Tm
    output: /datater/wu/data/zika/primer3_Tm/forward_10542-10780.TmFilterered
    jobid: 156
    wildcards: sample=zika, seg=10542-10780
Downstream jobs will be updated after completion.

[Tue Mar  9 16:49:41 2021]
checkpoint filterOut_Tm:
    input: /datater/wu/data/zika/primer3_Tm/forward_1004-1505.Tm
    output: /datater/wu/data/zika/primer3_Tm/forward_1004-1505.TmFilterered
    jobid: 181
    wildcards: sample=zika, seg=1004-1505
Downstream jobs will be updated after completion.

[Tue Mar  9 16:49:41 2021]
checkpoint filterOut_Tm:
    input: /datater/wu/data/zika/primer3_Tm/forward_9287-9788.Tm
    output: /datater/wu/data/zika/primer3_Tm/forward_9287-9788.TmFilterered
    jobid: 206
    wildcards: sample=zika, seg=9287-9788
Downstream jobs will be updated after completion.

[Tue Mar  9 16:49:41 2021]
checkpoint filterOut_Tm:
    input: /datater/wu/data/zika/primer3_Tm/forward_3263-3764.Tm
    output: /datater/wu/data/zika/primer3_Tm/forward_3263-3764.TmFilterered
    jobid: 26
    wildcards: sample=zika, seg=3263-3764
Downstream jobs will be updated after completion.

[Tue Mar  9 16:49:41 2021]
checkpoint filterOut_Tm:
    input: /datater/wu/data/zika/primer3_Tm/forward_9538-10039.Tm
    output: /datater/wu/data/zika/primer3_Tm/forward_9538-10039.TmFilterered
    jobid: 51
    wildcards: sample=zika, seg=9538-10039
Downstream jobs will be updated after completion.

Updating job all.
[Tue Mar  9 16:49:42 2021]
Finished job 131.
1 of 44 steps (2%) done
Select jobs to execute...
Updating job all.
[Tue Mar  9 16:49:42 2021]
Finished job 206.
2 of 44 steps (5%) done
Updating job all.
[Tue Mar  9 16:49:42 2021]
Finished job 156.
3 of 44 steps (7%) done
Updating job all.
[Tue Mar  9 16:49:42 2021]
Finished job 181.
4 of 44 steps (9%) done

[Tue Mar  9 16:49:42 2021]
checkpoint filterOut_Tm:
    input: /datater/wu/data/zika/primer3_Tm/forward_3765-4266.Tm
    output: /datater/wu/data/zika/primer3_Tm/forward_3765-4266.TmFilterered
    jobid: 46
    wildcards: sample=zika, seg=3765-4266
Downstream jobs will be updated after completion.

Updating job all.
[Tue Mar  9 16:49:42 2021]
Finished job 101.
5 of 44 steps (11%) done
Updating job all.
[Tue Mar  9 16:49:42 2021]
Finished job 76.
6 of 44 steps (14%) done
Updating job all.
[Tue Mar  9 16:49:42 2021]
Finished job 51.
7 of 44 steps (16%) done
Updating job all.
[Tue Mar  9 16:49:43 2021]
Finished job 56.
8 of 44 steps (18%) done
Updating job all.
[Tue Mar  9 16:49:43 2021]
Finished job 106.
9 of 44 steps (20%) done
Select jobs to execute...
Updating job all.
[Tue Mar  9 16:49:43 2021]
Finished job 121.
10 of 44 steps (23%) done
Updating job all.
[Tue Mar  9 16:49:43 2021]
Finished job 81.
11 of 44 steps (25%) done
Updating job all.
[Tue Mar  9 16:49:43 2021]
Finished job 26.
12 of 44 steps (27%) done

[Tue Mar  9 16:49:43 2021]
checkpoint filterOut_Tm:
    input: /datater/wu/data/zika/primer3_Tm/forward_2761-3262.Tm
    output: /datater/wu/data/zika/primer3_Tm/forward_2761-3262.TmFilterered
    jobid: 16
    wildcards: sample=zika, seg=2761-3262
Downstream jobs will be updated after completion.

[Tue Mar  9 16:49:43 2021]
checkpoint filterOut_Tm:
    input: /datater/wu/data/zika/primer3_Tm/forward_251-752.Tm
    output: /datater/wu/data/zika/primer3_Tm/forward_251-752.TmFilterered
    jobid: 41
    wildcards: sample=zika, seg=251-752
Downstream jobs will be updated after completion.

[Tue Mar  9 16:49:43 2021]
checkpoint filterOut_Tm:
    input: /datater/wu/data/zika/primer3_Tm/forward_5020-5521.Tm
    output: /datater/wu/data/zika/primer3_Tm/forward_5020-5521.TmFilterered
    jobid: 66
    wildcards: sample=zika, seg=5020-5521
Downstream jobs will be updated after completion.

[Tue Mar  9 16:49:43 2021]
checkpoint filterOut_Tm:
    input: /datater/wu/data/zika/primer3_Tm/forward_753-1254.Tm
    output: /datater/wu/data/zika/primer3_Tm/forward_753-1254.TmFilterered
    jobid: 161
    wildcards: sample=zika, seg=753-1254
Downstream jobs will be updated after completion.

[Tue Mar  9 16:49:43 2021]
checkpoint filterOut_Tm:
    input: /datater/wu/data/zika/primer3_Tm/forward_1757-2258.Tm
    output: /datater/wu/data/zika/primer3_Tm/forward_1757-2258.TmFilterered
    jobid: 196
    wildcards: sample=zika, seg=1757-2258
Downstream jobs will be updated after completion.

[Tue Mar  9 16:49:43 2021]
checkpoint filterOut_Tm:
    input: /datater/wu/data/zika/primer3_Tm/forward_8534-9035.Tm
    output: /datater/wu/data/zika/primer3_Tm/forward_8534-9035.TmFilterered
    jobid: 171
    wildcards: sample=zika, seg=8534-9035
Downstream jobs will be updated after completion.

[Tue Mar  9 16:49:43 2021]
checkpoint filterOut_Tm:
    input: /datater/wu/data/zika/primer3_Tm/forward_3012-3513.Tm
    output: /datater/wu/data/zika/primer3_Tm/forward_3012-3513.TmFilterered
    jobid: 71
    wildcards: sample=zika, seg=3012-3513
Downstream jobs will be updated after completion.

[Tue Mar  9 16:49:43 2021]
checkpoint filterOut_Tm:
    input: /datater/wu/data/zika/primer3_Tm/forward_8032-8533.Tm
    output: /datater/wu/data/zika/primer3_Tm/forward_8032-8533.TmFilterered
    jobid: 221
    wildcards: sample=zika, seg=8032-8533
Downstream jobs will be updated after completion.

[Tue Mar  9 16:49:43 2021]
checkpoint filterOut_Tm:
    input: /datater/wu/data/zika/primer3_Tm/forward_6526-7027.Tm
    output: /datater/wu/data/zika/primer3_Tm/forward_6526-7027.TmFilterered
    jobid: 151
    wildcards: sample=zika, seg=6526-7027
Downstream jobs will be updated after completion.

[Tue Mar  9 16:49:43 2021]
checkpoint filterOut_Tm:
    input: /datater/wu/data/zika/primer3_Tm/forward_1506-2007.Tm
    output: /datater/wu/data/zika/primer3_Tm/forward_1506-2007.TmFilterered
    jobid: 176
    wildcards: sample=zika, seg=1506-2007
Downstream jobs will be updated after completion.

[Tue Mar  9 16:49:43 2021]
checkpoint filterOut_Tm:
    input: /datater/wu/data/zika/primer3_Tm/forward_3514-4015.Tm
    output: /datater/wu/data/zika/primer3_Tm/forward_3514-4015.TmFilterered
    jobid: 201
    wildcards: sample=zika, seg=3514-4015
Downstream jobs will be updated after completion.

Select jobs to execute...
Select jobs to execute...
Select jobs to execute...
Select jobs to execute...
Select jobs to execute...
Select jobs to execute...
Select jobs to execute...
Select jobs to execute...
Select jobs to execute...
Select jobs to execute...
Updating job all.
[Tue Mar  9 16:49:44 2021]
Finished job 46.
13 of 44 steps (30%) done
Select jobs to execute...

[Tue Mar  9 16:49:44 2021]
checkpoint filterOut_Tm:
    input: /datater/wu/data/zika/primer3_Tm/forward_4769-5270.Tm
    output: /datater/wu/data/zika/primer3_Tm/forward_4769-5270.TmFilterered
    jobid: 146
    wildcards: sample=zika, seg=4769-5270
Downstream jobs will be updated after completion.

Updating job all.
[Tue Mar  9 16:49:44 2021]
Finished job 41.
14 of 44 steps (32%) done
Select jobs to execute...
Updating job all.
[Tue Mar  9 16:49:44 2021]
Finished job 196.
15 of 44 steps (34%) done
Updating job all.
[Tue Mar  9 16:49:44 2021]
Finished job 71.
16 of 44 steps (36%) done
Updating job all.
[Tue Mar  9 16:49:44 2021]
Finished job 161.
17 of 44 steps (39%) done

[Tue Mar  9 16:49:44 2021]
checkpoint filterOut_Tm:
    input: /datater/wu/data/zika/primer3_Tm/forward_8283-8784.Tm
    output: /datater/wu/data/zika/primer3_Tm/forward_8283-8784.TmFilterered
    jobid: 116
    wildcards: sample=zika, seg=8283-8784
Downstream jobs will be updated after completion.

Updating job all.
[Tue Mar  9 16:49:44 2021]
Finished job 151.
18 of 44 steps (41%) done
Updating job all.
[Tue Mar  9 16:49:44 2021]
Finished job 171.
19 of 44 steps (43%) done
Updating job all.
[Tue Mar  9 16:49:44 2021]
Finished job 201.
20 of 44 steps (45%) done
Updating job all.
[Tue Mar  9 16:49:44 2021]
Finished job 66.
21 of 44 steps (48%) done
Select jobs to execute...
Updating job all.
[Tue Mar  9 16:49:44 2021]
Finished job 221.
22 of 44 steps (50%) done
Updating job all.
[Tue Mar  9 16:49:44 2021]
Finished job 176.
23 of 44 steps (52%) done
Updating job all.
[Tue Mar  9 16:49:44 2021]
Finished job 16.
24 of 44 steps (55%) done

[Tue Mar  9 16:49:44 2021]
checkpoint filterOut_Tm:
    input: /datater/wu/data/zika/primer3_Tm/forward_0-501.Tm
    output: /datater/wu/data/zika/primer3_Tm/forward_0-501.TmFilterered
    jobid: 11
    wildcards: sample=zika, seg=0-501
Downstream jobs will be updated after completion.

[Tue Mar  9 16:49:44 2021]
checkpoint filterOut_Tm:
    input: /datater/wu/data/zika/primer3_Tm/forward_7279-7780.Tm
    output: /datater/wu/data/zika/primer3_Tm/forward_7279-7780.TmFilterered
    jobid: 141
    wildcards: sample=zika, seg=7279-7780
Downstream jobs will be updated after completion.

[Tue Mar  9 16:49:44 2021]
checkpoint filterOut_Tm:
    input: /datater/wu/data/zika/primer3_Tm/forward_502-1003.Tm
    output: /datater/wu/data/zika/primer3_Tm/forward_502-1003.TmFilterered
    jobid: 191
    wildcards: sample=zika, seg=502-1003
Downstream jobs will be updated after completion.

[Tue Mar  9 16:49:44 2021]
checkpoint filterOut_Tm:
    input: /datater/wu/data/zika/primer3_Tm/forward_10040-10541.Tm
    output: /datater/wu/data/zika/primer3_Tm/forward_10040-10541.TmFilterered
    jobid: 166
    wildcards: sample=zika, seg=10040-10541
Downstream jobs will be updated after completion.

[Tue Mar  9 16:49:44 2021]
checkpoint filterOut_Tm:
    input: /datater/wu/data/zika/primer3_Tm/forward_9036-9537.Tm
    output: /datater/wu/data/zika/primer3_Tm/forward_9036-9537.TmFilterered
    jobid: 216
    wildcards: sample=zika, seg=9036-9537
Downstream jobs will be updated after completion.

[Tue Mar  9 16:49:44 2021]
checkpoint filterOut_Tm:
    input: /datater/wu/data/zika/primer3_Tm/forward_9789-10290.Tm
    output: /datater/wu/data/zika/primer3_Tm/forward_9789-10290.TmFilterered
    jobid: 36
    wildcards: sample=zika, seg=9789-10290
Downstream jobs will be updated after completion.

[Tue Mar  9 16:49:44 2021]
checkpoint filterOut_Tm:
    input: /datater/wu/data/zika/primer3_Tm/forward_4267-4768.Tm
    output: /datater/wu/data/zika/primer3_Tm/forward_4267-4768.TmFilterered
    jobid: 61
    wildcards: sample=zika, seg=4267-4768
Downstream jobs will be updated after completion.

[Tue Mar  9 16:49:44 2021]
checkpoint filterOut_Tm:
    input: /datater/wu/data/zika/primer3_Tm/forward_5773-6274.Tm
    output: /datater/wu/data/zika/primer3_Tm/forward_5773-6274.TmFilterered
    jobid: 86
    wildcards: sample=zika, seg=5773-6274
Downstream jobs will be updated after completion.

[Tue Mar  9 16:49:44 2021]
checkpoint filterOut_Tm:
    input: /datater/wu/data/zika/primer3_Tm/forward_5522-6023.Tm
    output: /datater/wu/data/zika/primer3_Tm/forward_5522-6023.TmFilterered
    jobid: 111
    wildcards: sample=zika, seg=5522-6023
Downstream jobs will be updated after completion.

[Tue Mar  9 16:49:44 2021]
checkpoint filterOut_Tm:
    input: /datater/wu/data/zika/primer3_Tm/forward_7530-8031.Tm
    output: /datater/wu/data/zika/primer3_Tm/forward_7530-8031.TmFilterered
    jobid: 211
    wildcards: sample=zika, seg=7530-8031
Downstream jobs will be updated after completion.

Select jobs to execute...
Select jobs to execute...
Select jobs to execute...
Select jobs to execute...
Select jobs to execute...
Select jobs to execute...
Select jobs to execute...
Select jobs to execute...
Select jobs to execute...
Updating job all.
[Tue Mar  9 16:49:45 2021]
Finished job 146.
25 of 44 steps (57%) done
Select jobs to execute...

[Tue Mar  9 16:49:45 2021]
checkpoint filterOut_Tm:
    input: /datater/wu/data/zika/primer3_Tm/forward_6275-6776.Tm
    output: /datater/wu/data/zika/primer3_Tm/forward_6275-6776.TmFilterered
    jobid: 126
    wildcards: sample=zika, seg=6275-6776
Downstream jobs will be updated after completion.

Updating job all.
[Tue Mar  9 16:49:46 2021]
Finished job 116.
26 of 44 steps (59%) done
Select jobs to execute...

[Tue Mar  9 16:49:46 2021]
checkpoint filterOut_Tm:
    input: /datater/wu/data/zika/primer3_Tm/forward_6777-7278.Tm
    output: /datater/wu/data/zika/primer3_Tm/forward_6777-7278.TmFilterered
    jobid: 96
    wildcards: sample=zika, seg=6777-7278
Downstream jobs will be updated after completion.

Updating job all.
[Tue Mar  9 16:49:46 2021]
Finished job 166.
27 of 44 steps (61%) done
Updating job all.
[Tue Mar  9 16:49:46 2021]
Finished job 141.
28 of 44 steps (64%) done
Select jobs to execute...
Updating job all.
[Tue Mar  9 16:49:46 2021]
Finished job 191.
29 of 44 steps (66%) done
Updating job all.
[Tue Mar  9 16:49:46 2021]
Finished job 61.
30 of 44 steps (68%) done
Updating job all.
[Tue Mar  9 16:49:46 2021]
Finished job 211.
31 of 44 steps (70%) done

[Tue Mar  9 16:49:46 2021]
checkpoint filterOut_Tm:
    input: /datater/wu/data/zika/primer3_Tm/forward_4016-4517.Tm
    output: /datater/wu/data/zika/primer3_Tm/forward_4016-4517.TmFilterered
    jobid: 91
    wildcards: sample=zika, seg=4016-4517
Downstream jobs will be updated after completion.

Updating job all.

[Tue Mar  9 16:49:46 2021]
checkpoint filterOut_Tm:
    input: /datater/wu/data/zika/primer3_Tm/forward_7028-7529.Tm
    output: /datater/wu/data/zika/primer3_Tm/forward_7028-7529.TmFilterered
    jobid: 186
    wildcards: sample=zika, seg=7028-7529
Downstream jobs will be updated after completion.

[Tue Mar  9 16:49:46 2021]
Finished job 216.
32 of 44 steps (73%) done
Updating job all.
[Tue Mar  9 16:49:46 2021]
Finished job 11.
33 of 44 steps (75%) done
Updating job all.
[Tue Mar  9 16:49:46 2021]
Finished job 111.
34 of 44 steps (77%) done
Updating job all.
[Tue Mar  9 16:49:46 2021]
Finished job 36.
35 of 44 steps (80%) done
Select jobs to execute...

[Tue Mar  9 16:49:46 2021]
checkpoint filterOut_Tm:
    input: /datater/wu/data/zika/primer3_Tm/forward_2259-2760.Tm
    output: /datater/wu/data/zika/primer3_Tm/forward_2259-2760.TmFilterered
    jobid: 31
    wildcards: sample=zika, seg=2259-2760
Downstream jobs will be updated after completion.

[Tue Mar  9 16:49:46 2021]
checkpoint filterOut_Tm:
    input: /datater/wu/data/zika/primer3_Tm/forward_7781-8282.Tm
    output: /datater/wu/data/zika/primer3_Tm/forward_7781-8282.TmFilterered
    jobid: 21
    wildcards: sample=zika, seg=7781-8282
Downstream jobs will be updated after completion.

[Tue Mar  9 16:49:46 2021]
checkpoint filterOut_Tm:
    input: /datater/wu/data/zika/primer3_Tm/forward_4518-5019.Tm
    output: /datater/wu/data/zika/primer3_Tm/forward_4518-5019.TmFilterered
    jobid: 136
    wildcards: sample=zika, seg=4518-5019
Downstream jobs will be updated after completion.

Updating job all.
[Tue Mar  9 16:49:46 2021]
Finished job 86.
36 of 44 steps (82%) done
Updating job all.
[Tue Mar  9 16:49:47 2021]
Finished job 126.
37 of 44 steps (84%) done
Updating job all.
[Tue Mar  9 16:49:47 2021]
Finished job 96.
38 of 44 steps (86%) done
Updating job all.
[Tue Mar  9 16:49:47 2021]
Finished job 91.
39 of 44 steps (89%) done
Updating job all.
[Tue Mar  9 16:49:47 2021]
Finished job 31.
40 of 44 steps (91%) done
Updating job all.
[Tue Mar  9 16:49:47 2021]
Finished job 136.
41 of 44 steps (93%) done
Updating job all.
[Tue Mar  9 16:49:47 2021]
Finished job 186.
42 of 44 steps (95%) done
Updating job all.
[Tue Mar  9 16:49:48 2021]
Finished job 21.
43 of 43 steps (100%) done
Complete log: /datater/wu/stage_m2/.snakemake/log/2021-03-09T164940.842483.snakemake.log
