Building DAG of jobs...
Updating job aggregateAllReverseOligo.
Using shell: /bin/bash
Provided cores: 12
Rules claiming more threads will be scaled down.
Conda environments: ignored
Job counts:
	count	jobs
	1	all
	1	blastDB
	2
Select jobs to execute...

[Thu Apr  1 16:20:43 2021]
rule blastDB:
    input: /datater/wu/RefSeqProkaryota/RefSeqProkaryota.fna
    output: /datater/wu/data/zika/checkSpecifity/references.DB.nhr, /datater/wu/data/zika/checkSpecifity/references.DB.nin, /datater/wu/data/zika/checkSpecifity/references.DB.nog, /datater/wu/data/zika/checkSpecifity/references.DB.nsd, /datater/wu/data/zika/checkSpecifity/references.DB.nsi, /datater/wu/data/zika/checkSpecifity/references.DB.nsq
    jobid: 1
    wildcards: sample=zika

[Thu Apr  1 16:20:44 2021]
Finished job 1.
1 of 2 steps (50%) done
Select jobs to execute...

[Thu Apr  1 16:20:44 2021]
localrule all:
    input: /datater/wu/data/zika/checkSpecifity/references.DB.nhr, /datater/wu/data/zika/checkSpecifity/references.DB.nin, /datater/wu/data/zika/checkSpecifity/references.DB.nog, /datater/wu/data/zika/checkSpecifity/references.DB.nsd, /datater/wu/data/zika/checkSpecifity/references.DB.nsi, /datater/wu/data/zika/checkSpecifity/references.DB.nsq, /datater/wu/data/zika/checkSpecifity/allOligos_reverse.set
    jobid: 0

[Thu Apr  1 16:20:44 2021]
Finished job 0.
2 of 2 steps (100%) done
Complete log: /datater/wu/stage_m2/.snakemake/log/2021-04-01T162042.675717.snakemake.log
