Building DAG of jobs...
Using shell: /bin/bash
Provided cores: 12
Rules claiming more threads will be scaled down.
Conda environments: ignored
Job counts:
	count	jobs
	37	add_LC
	1	all
	37	linguistic_complexity
	37	reverse_parameters
	37	toFasta
	149
Select jobs to execute...

[Fri Mar 12 15:41:20 2021]
rule reverse_parameters:
    input: /datater/wu/data/enterovirus/dsk/reverse5334-5838.kCountSorted
    output: /datater/wu/data/enterovirus/filtering/reverse5334-5838.calculated
    jobid: 133
    wildcards: sample=enterovirus, seg=5334-5838

[Fri Mar 12 15:41:20 2021]
rule reverse_parameters:
    input: /datater/wu/data/enterovirus/dsk/reverse9144-9382.kCountSorted
    output: /datater/wu/data/enterovirus/filtering/reverse9144-9382.calculated
    jobid: 124
    wildcards: sample=enterovirus, seg=9144-9382

[Fri Mar 12 15:41:21 2021]
rule reverse_parameters:
    input: /datater/wu/data/enterovirus/dsk/reverse2032-2536.kCountSorted
    output: /datater/wu/data/enterovirus/filtering/reverse2032-2536.calculated
    jobid: 132
    wildcards: sample=enterovirus, seg=2032-2536

[Fri Mar 12 15:41:21 2021]
rule reverse_parameters:
    input: /datater/wu/data/enterovirus/dsk/reverse4064-4568.kCountSorted
    output: /datater/wu/data/enterovirus/filtering/reverse4064-4568.calculated
    jobid: 139
    wildcards: sample=enterovirus, seg=4064-4568

[Fri Mar 12 15:41:21 2021]
rule reverse_parameters:
    input: /datater/wu/data/enterovirus/dsk/reverse8382-8886.kCountSorted
    output: /datater/wu/data/enterovirus/filtering/reverse8382-8886.calculated
    jobid: 154
    wildcards: sample=enterovirus, seg=8382-8886

[Fri Mar 12 15:41:21 2021]
rule reverse_parameters:
    input: /datater/wu/data/enterovirus/dsk/reverse7366-7870.kCountSorted
    output: /datater/wu/data/enterovirus/filtering/reverse7366-7870.calculated
    jobid: 147
    wildcards: sample=enterovirus, seg=7366-7870

[Fri Mar 12 15:41:21 2021]
rule reverse_parameters:
    input: /datater/wu/data/enterovirus/dsk/reverse762-1266.kCountSorted
    output: /datater/wu/data/enterovirus/filtering/reverse762-1266.calculated
    jobid: 146
    wildcards: sample=enterovirus, seg=762-1266

[Fri Mar 12 15:41:21 2021]
rule reverse_parameters:
    input: /datater/wu/data/enterovirus/dsk/reverse1270-1774.kCountSorted
    output: /datater/wu/data/enterovirus/filtering/reverse1270-1774.calculated
    jobid: 153
    wildcards: sample=enterovirus, seg=1270-1774

[Fri Mar 12 15:41:21 2021]
rule reverse_parameters:
    input: /datater/wu/data/enterovirus/dsk/reverse7874-8378.kCountSorted
    output: /datater/wu/data/enterovirus/filtering/reverse7874-8378.calculated
    jobid: 131
    wildcards: sample=enterovirus, seg=7874-8378

[Fri Mar 12 15:41:21 2021]
rule reverse_parameters:
    input: /datater/wu/data/enterovirus/dsk/reverse5588-6092.kCountSorted
    output: /datater/wu/data/enterovirus/filtering/reverse5588-6092.calculated
    jobid: 138
    wildcards: sample=enterovirus, seg=5588-6092

[Fri Mar 12 15:41:21 2021]
rule reverse_parameters:
    input: /datater/wu/data/enterovirus/dsk/reverse8128-8632.kCountSorted
    output: /datater/wu/data/enterovirus/filtering/reverse8128-8632.calculated
    jobid: 125
    wildcards: sample=enterovirus, seg=8128-8632

[Fri Mar 12 15:41:21 2021]
rule reverse_parameters:
    input: /datater/wu/data/enterovirus/dsk/reverse4572-5076.kCountSorted
    output: /datater/wu/data/enterovirus/filtering/reverse4572-5076.calculated
    jobid: 140
    wildcards: sample=enterovirus, seg=4572-5076

[Fri Mar 12 15:41:21 2021]
Finished job 124.
1 of 149 steps (0.67%) done
Select jobs to execute...

[Fri Mar 12 15:41:21 2021]
rule reverse_parameters:
    input: /datater/wu/data/enterovirus/dsk/reverse1778-2282.kCountSorted
    output: /datater/wu/data/enterovirus/filtering/reverse1778-2282.calculated
    jobid: 126
    wildcards: sample=enterovirus, seg=1778-2282

[Fri Mar 12 15:41:21 2021]
Finished job 154.
2 of 149 steps (1%) done
Select jobs to execute...
[Fri Mar 12 15:41:21 2021]
Finished job 125.
3 of 149 steps (2%) done

[Fri Mar 12 15:41:21 2021]
rule reverse_parameters:
    input: /datater/wu/data/enterovirus/dsk/reverse8636-9140.kCountSorted
    output: /datater/wu/data/enterovirus/filtering/reverse8636-9140.calculated
    jobid: 148
    wildcards: sample=enterovirus, seg=8636-9140

Select jobs to execute...
[Fri Mar 12 15:41:21 2021]
Finished job 139.
4 of 149 steps (3%) done

[Fri Mar 12 15:41:21 2021]
rule reverse_parameters:
    input: /datater/wu/data/enterovirus/dsk/reverse5080-5584.kCountSorted
    output: /datater/wu/data/enterovirus/filtering/reverse5080-5584.calculated
    jobid: 141
    wildcards: sample=enterovirus, seg=5080-5584

Select jobs to execute...

[Fri Mar 12 15:41:21 2021]
rule reverse_parameters:
    input: /datater/wu/data/enterovirus/dsk/reverse3810-4314.kCountSorted
    output: /datater/wu/data/enterovirus/filtering/reverse3810-4314.calculated
    jobid: 127
    wildcards: sample=enterovirus, seg=3810-4314

[Fri Mar 12 15:41:21 2021]
Finished job 132.
5 of 149 steps (3%) done
Select jobs to execute...

[Fri Mar 12 15:41:22 2021]
rule reverse_parameters:
    input: /datater/wu/data/enterovirus/dsk/reverse4318-4822.kCountSorted
    output: /datater/wu/data/enterovirus/filtering/reverse4318-4822.calculated
    jobid: 142
    wildcards: sample=enterovirus, seg=4318-4822

[Fri Mar 12 15:41:22 2021]
Finished job 133.
6 of 149 steps (4%) done
Select jobs to execute...

[Fri Mar 12 15:41:22 2021]
rule reverse_parameters:
    input: /datater/wu/data/enterovirus/dsk/reverse0-504.kCountSorted
    output: /datater/wu/data/enterovirus/filtering/reverse0-504.calculated
    jobid: 157
    wildcards: sample=enterovirus, seg=0-504

[Fri Mar 12 15:41:22 2021]
Finished job 140.
7 of 149 steps (5%) done
Select jobs to execute...

[Fri Mar 12 15:41:22 2021]
rule reverse_parameters:
    input: /datater/wu/data/enterovirus/dsk/reverse3556-4060.kCountSorted
    output: /datater/wu/data/enterovirus/filtering/reverse3556-4060.calculated
    jobid: 149
    wildcards: sample=enterovirus, seg=3556-4060

[Fri Mar 12 15:41:22 2021]
Finished job 138.
8 of 149 steps (5%) done
Select jobs to execute...
[Fri Mar 12 15:41:22 2021]
Finished job 147.
9 of 149 steps (6%) done

[Fri Mar 12 15:41:22 2021]
rule reverse_parameters:
    input: /datater/wu/data/enterovirus/dsk/reverse6858-7362.kCountSorted
    output: /datater/wu/data/enterovirus/filtering/reverse6858-7362.calculated
    jobid: 134
    wildcards: sample=enterovirus, seg=6858-7362

Select jobs to execute...

[Fri Mar 12 15:41:22 2021]
rule reverse_parameters:
    input: /datater/wu/data/enterovirus/dsk/reverse3302-3806.kCountSorted
    output: /datater/wu/data/enterovirus/filtering/reverse3302-3806.calculated
    jobid: 128
    wildcards: sample=enterovirus, seg=3302-3806

[Fri Mar 12 15:41:22 2021]
Finished job 131.
10 of 149 steps (7%) done
Select jobs to execute...

[Fri Mar 12 15:41:22 2021]
rule reverse_parameters:
    input: /datater/wu/data/enterovirus/dsk/reverse3048-3552.kCountSorted
    output: /datater/wu/data/enterovirus/filtering/reverse3048-3552.calculated
    jobid: 143
    wildcards: sample=enterovirus, seg=3048-3552

[Fri Mar 12 15:41:22 2021]
Finished job 153.
11 of 149 steps (7%) done
Select jobs to execute...

[Fri Mar 12 15:41:22 2021]
rule reverse_parameters:
    input: /datater/wu/data/enterovirus/dsk/reverse254-758.kCountSorted
    output: /datater/wu/data/enterovirus/filtering/reverse254-758.calculated
    jobid: 158
    wildcards: sample=enterovirus, seg=254-758

[Fri Mar 12 15:41:22 2021]
Finished job 146.
12 of 149 steps (8%) done
Select jobs to execute...

[Fri Mar 12 15:41:22 2021]
rule reverse_parameters:
    input: /datater/wu/data/enterovirus/dsk/reverse4826-5330.kCountSorted
    output: /datater/wu/data/enterovirus/filtering/reverse4826-5330.calculated
    jobid: 135
    wildcards: sample=enterovirus, seg=4826-5330

[Fri Mar 12 15:41:22 2021]
Finished job 148.
13 of 149 steps (9%) done
Select jobs to execute...

[Fri Mar 12 15:41:22 2021]
rule reverse_parameters:
    input: /datater/wu/data/enterovirus/dsk/reverse2794-3298.kCountSorted
    output: /datater/wu/data/enterovirus/filtering/reverse2794-3298.calculated
    jobid: 150
    wildcards: sample=enterovirus, seg=2794-3298

[Fri Mar 12 15:41:22 2021]
Finished job 126.
14 of 149 steps (9%) done
Select jobs to execute...

[Fri Mar 12 15:41:22 2021]
rule toFasta:
    input: /datater/wu/data/enterovirus/filtering/reverse1778-2282.calculated
    output: /datater/wu/data/enterovirus/filtering/reverse1778-2282.fasta
    jobid: 163
    wildcards: sample=enterovirus, seg=1778-2282

[Fri Mar 12 15:41:23 2021]
Finished job 157.
15 of 149 steps (10%) done
Select jobs to execute...
[Fri Mar 12 15:41:23 2021]
Finished job 141.
16 of 149 steps (11%) done

[Fri Mar 12 15:41:23 2021]
rule toFasta:
    input: /datater/wu/data/enterovirus/filtering/reverse0-504.calculated
    output: /datater/wu/data/enterovirus/filtering/reverse0-504.fasta
    jobid: 194
    wildcards: sample=enterovirus, seg=0-504

Select jobs to execute...

[Fri Mar 12 15:41:23 2021]
rule toFasta:
    input: /datater/wu/data/enterovirus/filtering/reverse5080-5584.calculated
    output: /datater/wu/data/enterovirus/filtering/reverse5080-5584.fasta
    jobid: 178
    wildcards: sample=enterovirus, seg=5080-5584

[Fri Mar 12 15:41:23 2021]
Finished job 127.
17 of 149 steps (11%) done
Select jobs to execute...

[Fri Mar 12 15:41:23 2021]
rule toFasta:
    input: /datater/wu/data/enterovirus/filtering/reverse3810-4314.calculated
    output: /datater/wu/data/enterovirus/filtering/reverse3810-4314.fasta
    jobid: 164
    wildcards: sample=enterovirus, seg=3810-4314

[Fri Mar 12 15:41:23 2021]
Finished job 149.
18 of 149 steps (12%) done
Select jobs to execute...
[Fri Mar 12 15:41:23 2021]
Finished job 142.
19 of 149 steps (13%) done

[Fri Mar 12 15:41:23 2021]
rule reverse_parameters:
    input: /datater/wu/data/enterovirus/dsk/reverse2286-2790.kCountSorted
    output: /datater/wu/data/enterovirus/filtering/reverse2286-2790.calculated
    jobid: 156
    wildcards: sample=enterovirus, seg=2286-2790

Select jobs to execute...

[Fri Mar 12 15:41:23 2021]
rule toFasta:
    input: /datater/wu/data/enterovirus/filtering/reverse4318-4822.calculated
    output: /datater/wu/data/enterovirus/filtering/reverse4318-4822.fasta
    jobid: 179
    wildcards: sample=enterovirus, seg=4318-4822

[Fri Mar 12 15:41:23 2021]
Finished job 158.
20 of 149 steps (13%) done
Select jobs to execute...

[Fri Mar 12 15:41:23 2021]
rule toFasta:
    input: /datater/wu/data/enterovirus/filtering/reverse254-758.calculated
    output: /datater/wu/data/enterovirus/filtering/reverse254-758.fasta
    jobid: 195
    wildcards: sample=enterovirus, seg=254-758

[Fri Mar 12 15:41:23 2021]
Finished job 163.
21 of 149 steps (14%) done
Select jobs to execute...

[Fri Mar 12 15:41:23 2021]
rule reverse_parameters:
    input: /datater/wu/data/enterovirus/dsk/reverse6604-7108.kCountSorted
    output: /datater/wu/data/enterovirus/filtering/reverse6604-7108.calculated
    jobid: 129
    wildcards: sample=enterovirus, seg=6604-7108

[Fri Mar 12 15:41:23 2021]
Finished job 134.
22 of 149 steps (15%) done
Select jobs to execute...

[Fri Mar 12 15:41:23 2021]
rule toFasta:
    input: /datater/wu/data/enterovirus/filtering/reverse3556-4060.calculated
    output: /datater/wu/data/enterovirus/filtering/reverse3556-4060.fasta
    jobid: 186
    wildcards: sample=enterovirus, seg=3556-4060

[Fri Mar 12 15:41:23 2021]
Finished job 143.
23 of 149 steps (15%) done
Select jobs to execute...

[Fri Mar 12 15:41:23 2021]
rule toFasta:
    input: /datater/wu/data/enterovirus/filtering/reverse3048-3552.calculated
    output: /datater/wu/data/enterovirus/filtering/reverse3048-3552.fasta
    jobid: 180
    wildcards: sample=enterovirus, seg=3048-3552

[Fri Mar 12 15:41:23 2021]
Finished job 135.
24 of 149 steps (16%) done
Select jobs to execute...

[Fri Mar 12 15:41:23 2021]
rule toFasta:
    input: /datater/wu/data/enterovirus/filtering/reverse4826-5330.calculated
    output: /datater/wu/data/enterovirus/filtering/reverse4826-5330.fasta
    jobid: 172
    wildcards: sample=enterovirus, seg=4826-5330

[Fri Mar 12 15:41:23 2021]
Finished job 128.
25 of 149 steps (17%) done
Select jobs to execute...

[Fri Mar 12 15:41:23 2021]
rule toFasta:
    input: /datater/wu/data/enterovirus/filtering/reverse3302-3806.calculated
    output: /datater/wu/data/enterovirus/filtering/reverse3302-3806.fasta
    jobid: 165
    wildcards: sample=enterovirus, seg=3302-3806

[Fri Mar 12 15:41:23 2021]
Finished job 194.
26 of 149 steps (17%) done
Select jobs to execute...

[Fri Mar 12 15:41:24 2021]
rule toFasta:
    input: /datater/wu/data/enterovirus/filtering/reverse6858-7362.calculated
    output: /datater/wu/data/enterovirus/filtering/reverse6858-7362.fasta
    jobid: 171
    wildcards: sample=enterovirus, seg=6858-7362

[Fri Mar 12 15:41:24 2021]
Finished job 178.
27 of 149 steps (18%) done
Select jobs to execute...

[Fri Mar 12 15:41:24 2021]
rule reverse_parameters:
    input: /datater/wu/data/enterovirus/dsk/reverse6350-6854.kCountSorted
    output: /datater/wu/data/enterovirus/filtering/reverse6350-6854.calculated
    jobid: 144
    wildcards: sample=enterovirus, seg=6350-6854

[Fri Mar 12 15:41:24 2021]
Finished job 150.
28 of 149 steps (19%) done
Select jobs to execute...

[Fri Mar 12 15:41:24 2021]
rule toFasta:
    input: /datater/wu/data/enterovirus/filtering/reverse2794-3298.calculated
    output: /datater/wu/data/enterovirus/filtering/reverse2794-3298.fasta
    jobid: 187
    wildcards: sample=enterovirus, seg=2794-3298

[Fri Mar 12 15:41:24 2021]
Finished job 164.
29 of 149 steps (19%) done
Select jobs to execute...

[Fri Mar 12 15:41:24 2021]
rule linguistic_complexity:
    input: /datater/wu/data/enterovirus/filtering/reverse0-504.fasta
    output: /datater/wu/data/enterovirus/filtering/reverse0-504.nessieOut
    jobid: 231
    wildcards: sample=enterovirus, seg=0-504

[Fri Mar 12 15:41:24 2021]
Finished job 195.
30 of 149 steps (20%) done
Select jobs to execute...
[Fri Mar 12 15:41:24 2021]
Finished job 179.
31 of 149 steps (21%) done

[Fri Mar 12 15:41:24 2021]
rule linguistic_complexity:
    input: /datater/wu/data/enterovirus/filtering/reverse254-758.fasta
    output: /datater/wu/data/enterovirus/filtering/reverse254-758.nessieOut
    jobid: 232
    wildcards: sample=enterovirus, seg=254-758

Select jobs to execute...

[Fri Mar 12 15:41:24 2021]
rule linguistic_complexity:
    input: /datater/wu/data/enterovirus/filtering/reverse3810-4314.fasta
    output: /datater/wu/data/enterovirus/filtering/reverse3810-4314.nessieOut
    jobid: 201
    wildcards: sample=enterovirus, seg=3810-4314

[Fri Mar 12 15:41:24 2021]
Finished job 231.
32 of 149 steps (21%) done
Select jobs to execute...

[Fri Mar 12 15:41:24 2021]
checkpoint add_LC:
    input: /datater/wu/data/enterovirus/filtering/reverse0-504.nessieOut, /datater/wu/data/enterovirus/filtering/reverse0-504.fasta
    output: /datater/wu/data/enterovirus/filtering/reverse0-504.calculated2
    jobid: 268
    wildcards: sample=enterovirus, seg=0-504
Downstream jobs will be updated after completion.

[Fri Mar 12 15:41:24 2021]
Finished job 232.
33 of 149 steps (22%) done
Select jobs to execute...

[Fri Mar 12 15:41:24 2021]
checkpoint add_LC:
    input: /datater/wu/data/enterovirus/filtering/reverse254-758.nessieOut, /datater/wu/data/enterovirus/filtering/reverse254-758.fasta
    output: /datater/wu/data/enterovirus/filtering/reverse254-758.calculated2
    jobid: 269
    wildcards: sample=enterovirus, seg=254-758
Downstream jobs will be updated after completion.

[Fri Mar 12 15:41:24 2021]
Finished job 201.
34 of 149 steps (23%) done
Select jobs to execute...
[Fri Mar 12 15:41:24 2021]
Finished job 186.
35 of 149 steps (23%) done

[Fri Mar 12 15:41:24 2021]
checkpoint add_LC:
    input: /datater/wu/data/enterovirus/filtering/reverse3810-4314.nessieOut, /datater/wu/data/enterovirus/filtering/reverse3810-4314.fasta
    output: /datater/wu/data/enterovirus/filtering/reverse3810-4314.calculated2
    jobid: 238
    wildcards: sample=enterovirus, seg=3810-4314
Downstream jobs will be updated after completion.

Select jobs to execute...
[Fri Mar 12 15:41:24 2021]
Finished job 180.
36 of 149 steps (24%) done

[Fri Mar 12 15:41:24 2021]
rule linguistic_complexity:
    input: /datater/wu/data/enterovirus/filtering/reverse3556-4060.fasta
    output: /datater/wu/data/enterovirus/filtering/reverse3556-4060.nessieOut
    jobid: 223
    wildcards: sample=enterovirus, seg=3556-4060

Select jobs to execute...
[Fri Mar 12 15:41:24 2021]
Finished job 172.
37 of 149 steps (25%) done

[Fri Mar 12 15:41:24 2021]
rule linguistic_complexity:
    input: /datater/wu/data/enterovirus/filtering/reverse3048-3552.fasta
    output: /datater/wu/data/enterovirus/filtering/reverse3048-3552.nessieOut
    jobid: 217
    wildcards: sample=enterovirus, seg=3048-3552

Select jobs to execute...

[Fri Mar 12 15:41:24 2021]
rule linguistic_complexity:
    input: /datater/wu/data/enterovirus/filtering/reverse4826-5330.fasta
    output: /datater/wu/data/enterovirus/filtering/reverse4826-5330.nessieOut
    jobid: 209
    wildcards: sample=enterovirus, seg=4826-5330

[Fri Mar 12 15:41:24 2021]
Finished job 165.
38 of 149 steps (26%) done
Select jobs to execute...

[Fri Mar 12 15:41:24 2021]
rule linguistic_complexity:
    input: /datater/wu/data/enterovirus/filtering/reverse3302-3806.fasta
    output: /datater/wu/data/enterovirus/filtering/reverse3302-3806.nessieOut
    jobid: 202
    wildcards: sample=enterovirus, seg=3302-3806

[Fri Mar 12 15:41:24 2021]
Finished job 223.
39 of 149 steps (26%) done
Select jobs to execute...

[Fri Mar 12 15:41:24 2021]
rule reverse_parameters:
    input: /datater/wu/data/enterovirus/dsk/reverse2540-3044.kCountSorted
    output: /datater/wu/data/enterovirus/filtering/reverse2540-3044.calculated
    jobid: 159
    wildcards: sample=enterovirus, seg=2540-3044

[Fri Mar 12 15:41:24 2021]
Finished job 209.
40 of 149 steps (27%) done
[Fri Mar 12 15:41:24 2021]
Finished job 171.
41 of 149 steps (28%) done
Select jobs to execute...

[Fri Mar 12 15:41:24 2021]
rule toFasta:
    input: /datater/wu/data/enterovirus/filtering/reverse7366-7870.calculated
    output: /datater/wu/data/enterovirus/filtering/reverse7366-7870.fasta
    jobid: 184
    wildcards: sample=enterovirus, seg=7366-7870

[Fri Mar 12 15:41:24 2021]
rule reverse_parameters:
    input: /datater/wu/data/enterovirus/dsk/reverse5842-6346.kCountSorted
    output: /datater/wu/data/enterovirus/filtering/reverse5842-6346.calculated
    jobid: 160
    wildcards: sample=enterovirus, seg=5842-6346

Select jobs to execute...
[Fri Mar 12 15:41:24 2021]
Finished job 156.
42 of 149 steps (28%) done
Select jobs to execute...
[Fri Mar 12 15:41:24 2021]
Finished job 217.
43 of 149 steps (29%) done

[Fri Mar 12 15:41:24 2021]
rule linguistic_complexity:
    input: /datater/wu/data/enterovirus/filtering/reverse4318-4822.fasta
    output: /datater/wu/data/enterovirus/filtering/reverse4318-4822.nessieOut
    jobid: 216
    wildcards: sample=enterovirus, seg=4318-4822

Select jobs to execute...
[Fri Mar 12 15:41:24 2021]
Finished job 129.
44 of 149 steps (30%) done

[Fri Mar 12 15:41:24 2021]
rule linguistic_complexity:
    input: /datater/wu/data/enterovirus/filtering/reverse6858-7362.fasta
    output: /datater/wu/data/enterovirus/filtering/reverse6858-7362.nessieOut
    jobid: 208
    wildcards: sample=enterovirus, seg=6858-7362

Select jobs to execute...

[Fri Mar 12 15:41:24 2021]
rule toFasta:
    input: /datater/wu/data/enterovirus/filtering/reverse2286-2790.calculated
    output: /datater/wu/data/enterovirus/filtering/reverse2286-2790.fasta
    jobid: 193
    wildcards: sample=enterovirus, seg=2286-2790

[Fri Mar 12 15:41:24 2021]
Finished job 202.
45 of 149 steps (30%) done
Select jobs to execute...

[Fri Mar 12 15:41:25 2021]
checkpoint add_LC:
    input: /datater/wu/data/enterovirus/filtering/reverse3302-3806.nessieOut, /datater/wu/data/enterovirus/filtering/reverse3302-3806.fasta
    output: /datater/wu/data/enterovirus/filtering/reverse3302-3806.calculated2
    jobid: 239
    wildcards: sample=enterovirus, seg=3302-3806
Downstream jobs will be updated after completion.

[Fri Mar 12 15:41:25 2021]
Finished job 187.
46 of 149 steps (31%) done
Select jobs to execute...

[Fri Mar 12 15:41:25 2021]
rule linguistic_complexity:
    input: /datater/wu/data/enterovirus/filtering/reverse2794-3298.fasta
    output: /datater/wu/data/enterovirus/filtering/reverse2794-3298.nessieOut
    jobid: 224
    wildcards: sample=enterovirus, seg=2794-3298

[Fri Mar 12 15:41:25 2021]
Finished job 216.
47 of 149 steps (32%) done
Select jobs to execute...

[Fri Mar 12 15:41:25 2021]
checkpoint add_LC:
    input: /datater/wu/data/enterovirus/filtering/reverse4318-4822.nessieOut, /datater/wu/data/enterovirus/filtering/reverse4318-4822.fasta
    output: /datater/wu/data/enterovirus/filtering/reverse4318-4822.calculated2
    jobid: 253
    wildcards: sample=enterovirus, seg=4318-4822
Downstream jobs will be updated after completion.

[Fri Mar 12 15:41:25 2021]
Finished job 208.
48 of 149 steps (32%) done
Select jobs to execute...

[Fri Mar 12 15:41:25 2021]
checkpoint add_LC:
    input: /datater/wu/data/enterovirus/filtering/reverse3048-3552.nessieOut, /datater/wu/data/enterovirus/filtering/reverse3048-3552.fasta
    output: /datater/wu/data/enterovirus/filtering/reverse3048-3552.calculated2
    jobid: 254
    wildcards: sample=enterovirus, seg=3048-3552
Downstream jobs will be updated after completion.

[Fri Mar 12 15:41:25 2021]
Finished job 224.
49 of 149 steps (33%) done
Select jobs to execute...
Updating job all.
[Fri Mar 12 15:41:25 2021]
Finished job 268.
50 of 149 steps (34%) done

[Fri Mar 12 15:41:25 2021]
checkpoint add_LC:
    input: /datater/wu/data/enterovirus/filtering/reverse4826-5330.nessieOut, /datater/wu/data/enterovirus/filtering/reverse4826-5330.fasta
    output: /datater/wu/data/enterovirus/filtering/reverse4826-5330.calculated2
    jobid: 246
    wildcards: sample=enterovirus, seg=4826-5330
Downstream jobs will be updated after completion.

Select jobs to execute...

[Fri Mar 12 15:41:25 2021]
rule toFasta:
    input: /datater/wu/data/enterovirus/filtering/reverse6604-7108.calculated
    output: /datater/wu/data/enterovirus/filtering/reverse6604-7108.fasta
    jobid: 166
    wildcards: sample=enterovirus, seg=6604-7108

Updating job all.
[Fri Mar 12 15:41:25 2021]
Finished job 269.
51 of 149 steps (34%) done
[Fri Mar 12 15:41:25 2021]
Finished job 144.
52 of 149 steps (35%) done
Select jobs to execute...

[Fri Mar 12 15:41:25 2021]
rule toFasta:
    input: /datater/wu/data/enterovirus/filtering/reverse1270-1774.calculated
    output: /datater/wu/data/enterovirus/filtering/reverse1270-1774.fasta
    jobid: 190
    wildcards: sample=enterovirus, seg=1270-1774

[Fri Mar 12 15:41:25 2021]
rule reverse_parameters:
    input: /datater/wu/data/enterovirus/dsk/reverse8890-9394.kCountSorted
    output: /datater/wu/data/enterovirus/filtering/reverse8890-9394.calculated
    jobid: 136
    wildcards: sample=enterovirus, seg=8890-9394

Select jobs to execute...
[Fri Mar 12 15:41:25 2021]
Finished job 184.
53 of 149 steps (36%) done
Select jobs to execute...

[Fri Mar 12 15:41:25 2021]
rule toFasta:
    input: /datater/wu/data/enterovirus/filtering/reverse6350-6854.calculated
    output: /datater/wu/data/enterovirus/filtering/reverse6350-6854.fasta
    jobid: 181
    wildcards: sample=enterovirus, seg=6350-6854

[Fri Mar 12 15:41:25 2021]
Finished job 193.
54 of 149 steps (36%) done
Select jobs to execute...

[Fri Mar 12 15:41:25 2021]
rule reverse_parameters:
    input: /datater/wu/data/enterovirus/dsk/reverse508-1012.kCountSorted
    output: /datater/wu/data/enterovirus/filtering/reverse508-1012.calculated
    jobid: 151
    wildcards: sample=enterovirus, seg=508-1012

[Fri Mar 12 15:41:26 2021]
Finished job 159.
55 of 149 steps (37%) done
Select jobs to execute...

[Fri Mar 12 15:41:26 2021]
rule toFasta:
    input: /datater/wu/data/enterovirus/filtering/reverse2540-3044.calculated
    output: /datater/wu/data/enterovirus/filtering/reverse2540-3044.fasta
    jobid: 196
    wildcards: sample=enterovirus, seg=2540-3044

[Fri Mar 12 15:41:26 2021]
Finished job 166.
56 of 149 steps (38%) done
Select jobs to execute...

[Fri Mar 12 15:41:26 2021]
rule linguistic_complexity:
    input: /datater/wu/data/enterovirus/filtering/reverse6604-7108.fasta
    output: /datater/wu/data/enterovirus/filtering/reverse6604-7108.nessieOut
    jobid: 203
    wildcards: sample=enterovirus, seg=6604-7108

[Fri Mar 12 15:41:26 2021]
Finished job 160.
57 of 149 steps (38%) done
Select jobs to execute...
[Fri Mar 12 15:41:26 2021]
Finished job 190.
58 of 149 steps (39%) done

[Fri Mar 12 15:41:26 2021]
rule reverse_parameters:
    input: /datater/wu/data/enterovirus/dsk/reverse7620-8124.kCountSorted
    output: /datater/wu/data/enterovirus/filtering/reverse7620-8124.calculated
    jobid: 145
    wildcards: sample=enterovirus, seg=7620-8124

Select jobs to execute...
[Fri Mar 12 15:41:26 2021]
Finished job 136.
59 of 149 steps (40%) done

[Fri Mar 12 15:41:26 2021]
rule reverse_parameters:
    input: /datater/wu/data/enterovirus/dsk/reverse1016-1520.kCountSorted
    output: /datater/wu/data/enterovirus/filtering/reverse1016-1520.calculated
    jobid: 152
    wildcards: sample=enterovirus, seg=1016-1520

Select jobs to execute...
[Fri Mar 12 15:41:26 2021]
Finished job 203.
60 of 149 steps (40%) done

[Fri Mar 12 15:41:26 2021]
rule toFasta:
    input: /datater/wu/data/enterovirus/filtering/reverse8890-9394.calculated
    output: /datater/wu/data/enterovirus/filtering/reverse8890-9394.fasta
    jobid: 173
    wildcards: sample=enterovirus, seg=8890-9394

Select jobs to execute...

[Fri Mar 12 15:41:26 2021]
checkpoint add_LC:
    input: /datater/wu/data/enterovirus/filtering/reverse6604-7108.nessieOut, /datater/wu/data/enterovirus/filtering/reverse6604-7108.fasta
    output: /datater/wu/data/enterovirus/filtering/reverse6604-7108.calculated2
    jobid: 240
    wildcards: sample=enterovirus, seg=6604-7108
Downstream jobs will be updated after completion.

[Fri Mar 12 15:41:26 2021]
Finished job 181.
61 of 149 steps (41%) done
Select jobs to execute...

[Fri Mar 12 15:41:26 2021]
rule linguistic_complexity:
    input: /datater/wu/data/enterovirus/filtering/reverse6350-6854.fasta
    output: /datater/wu/data/enterovirus/filtering/reverse6350-6854.nessieOut
    jobid: 218
    wildcards: sample=enterovirus, seg=6350-6854

Updating job all.
[Fri Mar 12 15:41:26 2021]
Finished job 238.
62 of 149 steps (42%) done
[Fri Mar 12 15:41:26 2021]
Finished job 151.
63 of 149 steps (42%) done
[Fri Mar 12 15:41:26 2021]
Finished job 218.
64 of 149 steps (43%) done
Select jobs to execute...

[Fri Mar 12 15:41:26 2021]
rule toFasta:
    input: /datater/wu/data/enterovirus/filtering/reverse4064-4568.calculated
    output: /datater/wu/data/enterovirus/filtering/reverse4064-4568.fasta
    jobid: 176
    wildcards: sample=enterovirus, seg=4064-4568

[Fri Mar 12 15:41:26 2021]
rule toFasta:
    input: /datater/wu/data/enterovirus/filtering/reverse9144-9382.calculated
    output: /datater/wu/data/enterovirus/filtering/reverse9144-9382.fasta
    jobid: 161
    wildcards: sample=enterovirus, seg=9144-9382

[Fri Mar 12 15:41:26 2021]
checkpoint add_LC:
    input: /datater/wu/data/enterovirus/filtering/reverse6350-6854.nessieOut, /datater/wu/data/enterovirus/filtering/reverse6350-6854.fasta
    output: /datater/wu/data/enterovirus/filtering/reverse6350-6854.calculated2
    jobid: 255
    wildcards: sample=enterovirus, seg=6350-6854
Downstream jobs will be updated after completion.

Select jobs to execute...
Select jobs to execute...
Updating job all.
[Fri Mar 12 15:41:26 2021]
Finished job 246.
65 of 149 steps (44%) done
Select jobs to execute...

[Fri Mar 12 15:41:26 2021]
rule toFasta:
    input: /datater/wu/data/enterovirus/filtering/reverse508-1012.calculated
    output: /datater/wu/data/enterovirus/filtering/reverse508-1012.fasta
    jobid: 188
    wildcards: sample=enterovirus, seg=508-1012

[Fri Mar 12 15:41:26 2021]
Finished job 196.
66 of 149 steps (44%) done
Select jobs to execute...

[Fri Mar 12 15:41:26 2021]
rule linguistic_complexity:
    input: /datater/wu/data/enterovirus/filtering/reverse2540-3044.fasta
    output: /datater/wu/data/enterovirus/filtering/reverse2540-3044.nessieOut
    jobid: 233
    wildcards: sample=enterovirus, seg=2540-3044

[Fri Mar 12 15:41:27 2021]
Finished job 173.
67 of 149 steps (45%) done
Select jobs to execute...
[Fri Mar 12 15:41:27 2021]
Finished job 233.
68 of 149 steps (46%) done

[Fri Mar 12 15:41:27 2021]
rule linguistic_complexity:
    input: /datater/wu/data/enterovirus/filtering/reverse8890-9394.fasta
    output: /datater/wu/data/enterovirus/filtering/reverse8890-9394.nessieOut
    jobid: 210
    wildcards: sample=enterovirus, seg=8890-9394

Select jobs to execute...
[Fri Mar 12 15:41:27 2021]
Finished job 210.
69 of 149 steps (46%) done

[Fri Mar 12 15:41:27 2021]
checkpoint add_LC:
    input: /datater/wu/data/enterovirus/filtering/reverse2540-3044.nessieOut, /datater/wu/data/enterovirus/filtering/reverse2540-3044.fasta
    output: /datater/wu/data/enterovirus/filtering/reverse2540-3044.calculated2
    jobid: 270
    wildcards: sample=enterovirus, seg=2540-3044
Downstream jobs will be updated after completion.

Select jobs to execute...

[Fri Mar 12 15:41:27 2021]
checkpoint add_LC:
    input: /datater/wu/data/enterovirus/filtering/reverse8890-9394.nessieOut, /datater/wu/data/enterovirus/filtering/reverse8890-9394.fasta
    output: /datater/wu/data/enterovirus/filtering/reverse8890-9394.calculated2
    jobid: 247
    wildcards: sample=enterovirus, seg=8890-9394
Downstream jobs will be updated after completion.

[Fri Mar 12 15:41:27 2021]
Finished job 152.
70 of 149 steps (47%) done
Select jobs to execute...

[Fri Mar 12 15:41:27 2021]
rule toFasta:
    input: /datater/wu/data/enterovirus/filtering/reverse1016-1520.calculated
    output: /datater/wu/data/enterovirus/filtering/reverse1016-1520.fasta
    jobid: 189
    wildcards: sample=enterovirus, seg=1016-1520

[Fri Mar 12 15:41:27 2021]
Finished job 161.
71 of 149 steps (48%) done
Select jobs to execute...

[Fri Mar 12 15:41:27 2021]
rule reverse_parameters:
    input: /datater/wu/data/enterovirus/dsk/reverse1524-2028.kCountSorted
    output: /datater/wu/data/enterovirus/filtering/reverse1524-2028.calculated
    jobid: 137
    wildcards: sample=enterovirus, seg=1524-2028

[Fri Mar 12 15:41:27 2021]
Finished job 176.
72 of 149 steps (48%) done
Select jobs to execute...
Updating job all.
[Fri Mar 12 15:41:27 2021]
Finished job 253.
73 of 149 steps (49%) done

[Fri Mar 12 15:41:27 2021]
rule toFasta:
    input: /datater/wu/data/enterovirus/filtering/reverse5588-6092.calculated
    output: /datater/wu/data/enterovirus/filtering/reverse5588-6092.fasta
    jobid: 175
    wildcards: sample=enterovirus, seg=5588-6092

Select jobs to execute...
[Fri Mar 12 15:41:27 2021]
Finished job 188.
74 of 149 steps (50%) done

[Fri Mar 12 15:41:27 2021]
rule toFasta:
    input: /datater/wu/data/enterovirus/filtering/reverse5842-6346.calculated
    output: /datater/wu/data/enterovirus/filtering/reverse5842-6346.fasta
    jobid: 197
    wildcards: sample=enterovirus, seg=5842-6346

Select jobs to execute...

[Fri Mar 12 15:41:27 2021]
rule linguistic_complexity:
    input: /datater/wu/data/enterovirus/filtering/reverse508-1012.fasta
    output: /datater/wu/data/enterovirus/filtering/reverse508-1012.nessieOut
    jobid: 225
    wildcards: sample=enterovirus, seg=508-1012

Updating job all.
[Fri Mar 12 15:41:27 2021]
Finished job 239.
75 of 149 steps (50%) done
[Fri Mar 12 15:41:27 2021]
Finished job 225.
76 of 149 steps (51%) done
Select jobs to execute...
[Fri Mar 12 15:41:27 2021]
Finished job 145.
77 of 149 steps (52%) done

[Fri Mar 12 15:41:27 2021]
rule reverse_parameters:
    input: /datater/wu/data/enterovirus/dsk/reverse7112-7616.kCountSorted
    output: /datater/wu/data/enterovirus/filtering/reverse7112-7616.calculated
    jobid: 155
    wildcards: sample=enterovirus, seg=7112-7616

[Fri Mar 12 15:41:27 2021]
rule linguistic_complexity:
    input: /datater/wu/data/enterovirus/filtering/reverse7366-7870.fasta
    output: /datater/wu/data/enterovirus/filtering/reverse7366-7870.nessieOut
    jobid: 221
    wildcards: sample=enterovirus, seg=7366-7870

Select jobs to execute...

[Fri Mar 12 15:41:27 2021]
checkpoint add_LC:
    input: /datater/wu/data/enterovirus/filtering/reverse508-1012.nessieOut, /datater/wu/data/enterovirus/filtering/reverse508-1012.fasta
    output: /datater/wu/data/enterovirus/filtering/reverse508-1012.calculated2
    jobid: 262
    wildcards: sample=enterovirus, seg=508-1012
Downstream jobs will be updated after completion.

Select jobs to execute...
Updating job all.
[Fri Mar 12 15:41:27 2021]
Finished job 254.
78 of 149 steps (52%) done
Updating job all.
[Fri Mar 12 15:41:28 2021]
Finished job 247.
79 of 149 steps (53%) done
Select jobs to execute...
[Fri Mar 12 15:41:28 2021]
Finished job 221.
80 of 149 steps (54%) done

[Fri Mar 12 15:41:28 2021]
rule linguistic_complexity:
    input: /datater/wu/data/enterovirus/filtering/reverse5080-5584.fasta
    output: /datater/wu/data/enterovirus/filtering/reverse5080-5584.nessieOut
    jobid: 215
    wildcards: sample=enterovirus, seg=5080-5584


[Fri Mar 12 15:41:28 2021]
rule toFasta:
    input: /datater/wu/data/enterovirus/filtering/reverse8128-8632.calculated
    output: /datater/wu/data/enterovirus/filtering/reverse8128-8632.fasta
    jobid: 162
    wildcards: sample=enterovirus, seg=8128-8632

Updating job all.
[Fri Mar 12 15:41:28 2021]
Finished job 240.
81 of 149 steps (54%) done
Select jobs to execute...

[Fri Mar 12 15:41:28 2021]
checkpoint add_LC:
    input: /datater/wu/data/enterovirus/filtering/reverse6858-7362.nessieOut, /datater/wu/data/enterovirus/filtering/reverse6858-7362.fasta
    output: /datater/wu/data/enterovirus/filtering/reverse6858-7362.calculated2
    jobid: 245
    wildcards: sample=enterovirus, seg=6858-7362
Downstream jobs will be updated after completion.

[Fri Mar 12 15:41:28 2021]
rule toFasta:
    input: /datater/wu/data/enterovirus/filtering/reverse7874-8378.calculated
    output: /datater/wu/data/enterovirus/filtering/reverse7874-8378.fasta
    jobid: 168
    wildcards: sample=enterovirus, seg=7874-8378

Select jobs to execute...
Select jobs to execute...
[Fri Mar 12 15:41:28 2021]
Finished job 189.
82 of 149 steps (55%) done
Select jobs to execute...

[Fri Mar 12 15:41:28 2021]
rule reverse_parameters:
    input: /datater/wu/data/enterovirus/dsk/reverse6096-6600.kCountSorted
    output: /datater/wu/data/enterovirus/filtering/reverse6096-6600.calculated
    jobid: 130
    wildcards: sample=enterovirus, seg=6096-6600

[Fri Mar 12 15:41:28 2021]
Finished job 215.
83 of 149 steps (56%) done
Select jobs to execute...

[Fri Mar 12 15:41:28 2021]
rule linguistic_complexity:
    input: /datater/wu/data/enterovirus/filtering/reverse1270-1774.fasta
    output: /datater/wu/data/enterovirus/filtering/reverse1270-1774.nessieOut
    jobid: 227
    wildcards: sample=enterovirus, seg=1270-1774

[Fri Mar 12 15:41:28 2021]
Finished job 175.
84 of 149 steps (56%) done
Select jobs to execute...

[Fri Mar 12 15:41:28 2021]
rule linguistic_complexity:
    input: /datater/wu/data/enterovirus/filtering/reverse5588-6092.fasta
    output: /datater/wu/data/enterovirus/filtering/reverse5588-6092.nessieOut
    jobid: 212
    wildcards: sample=enterovirus, seg=5588-6092

[Fri Mar 12 15:41:28 2021]
Finished job 197.
85 of 149 steps (57%) done
Select jobs to execute...

[Fri Mar 12 15:41:28 2021]
rule linguistic_complexity:
    input: /datater/wu/data/enterovirus/filtering/reverse2286-2790.fasta
    output: /datater/wu/data/enterovirus/filtering/reverse2286-2790.nessieOut
    jobid: 230
    wildcards: sample=enterovirus, seg=2286-2790

[Fri Mar 12 15:41:28 2021]
Finished job 227.
86 of 149 steps (58%) done
Select jobs to execute...

[Fri Mar 12 15:41:28 2021]
checkpoint add_LC:
    input: /datater/wu/data/enterovirus/filtering/reverse2794-3298.nessieOut, /datater/wu/data/enterovirus/filtering/reverse2794-3298.fasta
    output: /datater/wu/data/enterovirus/filtering/reverse2794-3298.calculated2
    jobid: 261
    wildcards: sample=enterovirus, seg=2794-3298
Downstream jobs will be updated after completion.

[Fri Mar 12 15:41:28 2021]
Finished job 137.
87 of 149 steps (58%) done
Select jobs to execute...

[Fri Mar 12 15:41:28 2021]
rule linguistic_complexity:
    input: /datater/wu/data/enterovirus/filtering/reverse1778-2282.fasta
    output: /datater/wu/data/enterovirus/filtering/reverse1778-2282.nessieOut
    jobid: 200
    wildcards: sample=enterovirus, seg=1778-2282

[Fri Mar 12 15:41:28 2021]
Finished job 212.
88 of 149 steps (59%) done
Select jobs to execute...
Updating job all.
[Fri Mar 12 15:41:28 2021]
Finished job 262.
89 of 149 steps (60%) done
[Fri Mar 12 15:41:28 2021]
Finished job 200.
90 of 149 steps (60%) done

[Fri Mar 12 15:41:28 2021]
rule toFasta:
    input: /datater/wu/data/enterovirus/filtering/reverse5334-5838.calculated
    output: /datater/wu/data/enterovirus/filtering/reverse5334-5838.fasta
    jobid: 170
    wildcards: sample=enterovirus, seg=5334-5838

[Fri Mar 12 15:41:28 2021]
Finished job 230.
91 of 149 steps (61%) done
Select jobs to execute...

[Fri Mar 12 15:41:28 2021]
rule toFasta:
    input: /datater/wu/data/enterovirus/filtering/reverse1524-2028.calculated
    output: /datater/wu/data/enterovirus/filtering/reverse1524-2028.fasta
    jobid: 174
    wildcards: sample=enterovirus, seg=1524-2028

[Fri Mar 12 15:41:28 2021]
rule linguistic_complexity:
    input: /datater/wu/data/enterovirus/filtering/reverse1016-1520.fasta
    output: /datater/wu/data/enterovirus/filtering/reverse1016-1520.nessieOut
    jobid: 226
    wildcards: sample=enterovirus, seg=1016-1520


[Fri Mar 12 15:41:28 2021]
rule linguistic_complexity:
    input: /datater/wu/data/enterovirus/filtering/reverse4064-4568.fasta
    output: /datater/wu/data/enterovirus/filtering/reverse4064-4568.nessieOut
    jobid: 213
    wildcards: sample=enterovirus, seg=4064-4568

Select jobs to execute...
Select jobs to execute...
Updating job all.
[Fri Mar 12 15:41:28 2021]
Finished job 255.
92 of 149 steps (62%) done
[Fri Mar 12 15:41:28 2021]
Finished job 213.
93 of 149 steps (62%) done
[Fri Mar 12 15:41:28 2021]
Finished job 226.
94 of 149 steps (63%) done
Select jobs to execute...

[Fri Mar 12 15:41:28 2021]
checkpoint add_LC:
    input: /datater/wu/data/enterovirus/filtering/reverse3556-4060.nessieOut, /datater/wu/data/enterovirus/filtering/reverse3556-4060.fasta
    output: /datater/wu/data/enterovirus/filtering/reverse3556-4060.calculated2
    jobid: 260
    wildcards: sample=enterovirus, seg=3556-4060
Downstream jobs will be updated after completion.

[Fri Mar 12 15:41:28 2021]
rule linguistic_complexity:
    input: /datater/wu/data/enterovirus/filtering/reverse5842-6346.fasta
    output: /datater/wu/data/enterovirus/filtering/reverse5842-6346.nessieOut
    jobid: 234
    wildcards: sample=enterovirus, seg=5842-6346


[Fri Mar 12 15:41:28 2021]
checkpoint add_LC:
    input: /datater/wu/data/enterovirus/filtering/reverse1270-1774.nessieOut, /datater/wu/data/enterovirus/filtering/reverse1270-1774.fasta
    output: /datater/wu/data/enterovirus/filtering/reverse1270-1774.calculated2
    jobid: 264
    wildcards: sample=enterovirus, seg=1270-1774
Downstream jobs will be updated after completion.

[Fri Mar 12 15:41:28 2021]
Finished job 162.
95 of 149 steps (64%) done
Select jobs to execute...

[Fri Mar 12 15:41:28 2021]
checkpoint add_LC:
    input: /datater/wu/data/enterovirus/filtering/reverse7366-7870.nessieOut, /datater/wu/data/enterovirus/filtering/reverse7366-7870.fasta
    output: /datater/wu/data/enterovirus/filtering/reverse7366-7870.calculated2
    jobid: 258
    wildcards: sample=enterovirus, seg=7366-7870
Downstream jobs will be updated after completion.

Select jobs to execute...
Select jobs to execute...
[Fri Mar 12 15:41:28 2021]
Finished job 168.
96 of 149 steps (64%) done
Select jobs to execute...

[Fri Mar 12 15:41:28 2021]
rule linguistic_complexity:
    input: /datater/wu/data/enterovirus/filtering/reverse8128-8632.fasta
    output: /datater/wu/data/enterovirus/filtering/reverse8128-8632.nessieOut
    jobid: 199
    wildcards: sample=enterovirus, seg=8128-8632

[Fri Mar 12 15:41:28 2021]
Finished job 199.
97 of 149 steps (65%) done
Select jobs to execute...

[Fri Mar 12 15:41:29 2021]
rule toFasta:
    input: /datater/wu/data/enterovirus/filtering/reverse8382-8886.calculated
    output: /datater/wu/data/enterovirus/filtering/reverse8382-8886.fasta
    jobid: 191
    wildcards: sample=enterovirus, seg=8382-8886

[Fri Mar 12 15:41:29 2021]
Finished job 234.
98 of 149 steps (66%) done
Select jobs to execute...

[Fri Mar 12 15:41:29 2021]
rule linguistic_complexity:
    input: /datater/wu/data/enterovirus/filtering/reverse9144-9382.fasta
    output: /datater/wu/data/enterovirus/filtering/reverse9144-9382.nessieOut
    jobid: 198
    wildcards: sample=enterovirus, seg=9144-9382

[Fri Mar 12 15:41:29 2021]
Finished job 198.
99 of 149 steps (66%) done
Select jobs to execute...
[Fri Mar 12 15:41:29 2021]
Finished job 155.
100 of 149 steps (67%) done
Updating job all.
[Fri Mar 12 15:41:29 2021]
Finished job 270.
101 of 149 steps (68%) done

[Fri Mar 12 15:41:29 2021]
checkpoint add_LC:
    input: /datater/wu/data/enterovirus/filtering/reverse1016-1520.nessieOut, /datater/wu/data/enterovirus/filtering/reverse1016-1520.fasta
    output: /datater/wu/data/enterovirus/filtering/reverse1016-1520.calculated2
    jobid: 263
    wildcards: sample=enterovirus, seg=1016-1520
Downstream jobs will be updated after completion.

Select jobs to execute...

[Fri Mar 12 15:41:29 2021]
checkpoint add_LC:
    input: /datater/wu/data/enterovirus/filtering/reverse4064-4568.nessieOut, /datater/wu/data/enterovirus/filtering/reverse4064-4568.fasta
    output: /datater/wu/data/enterovirus/filtering/reverse4064-4568.calculated2
    jobid: 250
    wildcards: sample=enterovirus, seg=4064-4568
Downstream jobs will be updated after completion.

[Fri Mar 12 15:41:29 2021]
rule toFasta:
    input: /datater/wu/data/enterovirus/filtering/reverse2032-2536.calculated
    output: /datater/wu/data/enterovirus/filtering/reverse2032-2536.fasta
    jobid: 169
    wildcards: sample=enterovirus, seg=2032-2536

Select jobs to execute...
[Fri Mar 12 15:41:29 2021]
Finished job 170.
102 of 149 steps (68%) done
Select jobs to execute...

[Fri Mar 12 15:41:29 2021]
checkpoint add_LC:
    input: /datater/wu/data/enterovirus/filtering/reverse5588-6092.nessieOut, /datater/wu/data/enterovirus/filtering/reverse5588-6092.fasta
    output: /datater/wu/data/enterovirus/filtering/reverse5588-6092.calculated2
    jobid: 249
    wildcards: sample=enterovirus, seg=5588-6092
Downstream jobs will be updated after completion.

[Fri Mar 12 15:41:29 2021]
Finished job 174.
103 of 149 steps (69%) done
Select jobs to execute...
[Fri Mar 12 15:41:29 2021]
Finished job 130.
104 of 149 steps (70%) done

[Fri Mar 12 15:41:29 2021]
checkpoint add_LC:
    input: /datater/wu/data/enterovirus/filtering/reverse5842-6346.nessieOut, /datater/wu/data/enterovirus/filtering/reverse5842-6346.fasta
    output: /datater/wu/data/enterovirus/filtering/reverse5842-6346.calculated2
    jobid: 271
    wildcards: sample=enterovirus, seg=5842-6346
Downstream jobs will be updated after completion.

Select jobs to execute...

[Fri Mar 12 15:41:29 2021]
rule linguistic_complexity:
    input: /datater/wu/data/enterovirus/filtering/reverse5334-5838.fasta
    output: /datater/wu/data/enterovirus/filtering/reverse5334-5838.nessieOut
    jobid: 207
    wildcards: sample=enterovirus, seg=5334-5838

[Fri Mar 12 15:41:29 2021]
Finished job 207.
105 of 149 steps (70%) done
Select jobs to execute...

[Fri Mar 12 15:41:29 2021]
checkpoint add_LC:
    input: /datater/wu/data/enterovirus/filtering/reverse5334-5838.nessieOut, /datater/wu/data/enterovirus/filtering/reverse5334-5838.fasta
    output: /datater/wu/data/enterovirus/filtering/reverse5334-5838.calculated2
    jobid: 244
    wildcards: sample=enterovirus, seg=5334-5838
Downstream jobs will be updated after completion.

[Fri Mar 12 15:41:29 2021]
Finished job 191.
106 of 149 steps (71%) done
Select jobs to execute...

[Fri Mar 12 15:41:29 2021]
rule toFasta:
    input: /datater/wu/data/enterovirus/filtering/reverse762-1266.calculated
    output: /datater/wu/data/enterovirus/filtering/reverse762-1266.fasta
    jobid: 183
    wildcards: sample=enterovirus, seg=762-1266

[Fri Mar 12 15:41:29 2021]
Finished job 169.
107 of 149 steps (72%) done
Select jobs to execute...

[Fri Mar 12 15:41:30 2021]
checkpoint add_LC:
    input: /datater/wu/data/enterovirus/filtering/reverse8128-8632.nessieOut, /datater/wu/data/enterovirus/filtering/reverse8128-8632.fasta
    output: /datater/wu/data/enterovirus/filtering/reverse8128-8632.calculated2
    jobid: 236
    wildcards: sample=enterovirus, seg=8128-8632
Downstream jobs will be updated after completion.

Updating job all.
[Fri Mar 12 15:41:30 2021]
Finished job 250.
108 of 149 steps (72%) done
Updating job all.
[Fri Mar 12 15:41:30 2021]
Finished job 263.
109 of 149 steps (73%) done
Select jobs to execute...
Updating job all.
[Fri Mar 12 15:41:30 2021]
Finished job 260.
110 of 149 steps (74%) done

[Fri Mar 12 15:41:30 2021]
rule linguistic_complexity:
    input: /datater/wu/data/enterovirus/filtering/reverse2032-2536.fasta
    output: /datater/wu/data/enterovirus/filtering/reverse2032-2536.nessieOut
    jobid: 206
    wildcards: sample=enterovirus, seg=2032-2536


[Fri Mar 12 15:41:30 2021]
rule linguistic_complexity:
    input: /datater/wu/data/enterovirus/filtering/reverse7874-8378.fasta
    output: /datater/wu/data/enterovirus/filtering/reverse7874-8378.nessieOut
    jobid: 205
    wildcards: sample=enterovirus, seg=7874-8378


[Fri Mar 12 15:41:30 2021]
rule toFasta:
    input: /datater/wu/data/enterovirus/filtering/reverse7620-8124.calculated
    output: /datater/wu/data/enterovirus/filtering/reverse7620-8124.fasta
    jobid: 182
    wildcards: sample=enterovirus, seg=7620-8124

Select jobs to execute...
Select jobs to execute...
[Fri Mar 12 15:41:30 2021]
Finished job 206.
111 of 149 steps (74%) done
Select jobs to execute...

[Fri Mar 12 15:41:30 2021]
rule toFasta:
    input: /datater/wu/data/enterovirus/filtering/reverse8636-9140.calculated
    output: /datater/wu/data/enterovirus/filtering/reverse8636-9140.fasta
    jobid: 185
    wildcards: sample=enterovirus, seg=8636-9140

[Fri Mar 12 15:41:30 2021]
Finished job 183.
112 of 149 steps (75%) done
Select jobs to execute...

[Fri Mar 12 15:41:30 2021]
rule linguistic_complexity:
    input: /datater/wu/data/enterovirus/filtering/reverse8382-8886.fasta
    output: /datater/wu/data/enterovirus/filtering/reverse8382-8886.nessieOut
    jobid: 228
    wildcards: sample=enterovirus, seg=8382-8886

[Fri Mar 12 15:41:30 2021]
Finished job 205.
113 of 149 steps (76%) done
Select jobs to execute...
[Fri Mar 12 15:41:30 2021]
Finished job 228.
114 of 149 steps (77%) done

[Fri Mar 12 15:41:30 2021]
rule linguistic_complexity:
    input: /datater/wu/data/enterovirus/filtering/reverse1524-2028.fasta
    output: /datater/wu/data/enterovirus/filtering/reverse1524-2028.nessieOut
    jobid: 211
    wildcards: sample=enterovirus, seg=1524-2028

Select jobs to execute...

[Fri Mar 12 15:41:30 2021]
checkpoint add_LC:
    input: /datater/wu/data/enterovirus/filtering/reverse8382-8886.nessieOut, /datater/wu/data/enterovirus/filtering/reverse8382-8886.fasta
    output: /datater/wu/data/enterovirus/filtering/reverse8382-8886.calculated2
    jobid: 265
    wildcards: sample=enterovirus, seg=8382-8886
Downstream jobs will be updated after completion.

Updating job all.
[Fri Mar 12 15:41:30 2021]
Finished job 236.
115 of 149 steps (77%) done
Updating job all.
[Fri Mar 12 15:41:30 2021]
Finished job 245.
116 of 149 steps (78%) done
Updating job all.
[Fri Mar 12 15:41:31 2021]
Finished job 264.
117 of 149 steps (79%) done
[Fri Mar 12 15:41:31 2021]
Finished job 211.
118 of 149 steps (79%) done
Select jobs to execute...

[Fri Mar 12 15:41:31 2021]
checkpoint add_LC:
    input: /datater/wu/data/enterovirus/filtering/reverse9144-9382.nessieOut, /datater/wu/data/enterovirus/filtering/reverse9144-9382.fasta
    output: /datater/wu/data/enterovirus/filtering/reverse9144-9382.calculated2
    jobid: 235
    wildcards: sample=enterovirus, seg=9144-9382
Downstream jobs will be updated after completion.

[Fri Mar 12 15:41:31 2021]
rule toFasta:
    input: /datater/wu/data/enterovirus/filtering/reverse7112-7616.calculated
    output: /datater/wu/data/enterovirus/filtering/reverse7112-7616.fasta
    jobid: 192
    wildcards: sample=enterovirus, seg=7112-7616

[Fri Mar 12 15:41:31 2021]
rule linguistic_complexity:
    input: /datater/wu/data/enterovirus/filtering/reverse762-1266.fasta
    output: /datater/wu/data/enterovirus/filtering/reverse762-1266.nessieOut
    jobid: 220
    wildcards: sample=enterovirus, seg=762-1266

Updating job all.

[Fri Mar 12 15:41:31 2021]
checkpoint add_LC:
    input: /datater/wu/data/enterovirus/filtering/reverse2032-2536.nessieOut, /datater/wu/data/enterovirus/filtering/reverse2032-2536.fasta
    output: /datater/wu/data/enterovirus/filtering/reverse2032-2536.calculated2
    jobid: 243
    wildcards: sample=enterovirus, seg=2032-2536
Downstream jobs will be updated after completion.

[Fri Mar 12 15:41:31 2021]
Finished job 244.
119 of 149 steps (80%) done
Select jobs to execute...

[Fri Mar 12 15:41:31 2021]
checkpoint add_LC:
    input: /datater/wu/data/enterovirus/filtering/reverse2286-2790.nessieOut, /datater/wu/data/enterovirus/filtering/reverse2286-2790.fasta
    output: /datater/wu/data/enterovirus/filtering/reverse2286-2790.calculated2
    jobid: 267
    wildcards: sample=enterovirus, seg=2286-2790
Downstream jobs will be updated after completion.

Select jobs to execute...
Select jobs to execute...
Select jobs to execute...
[Fri Mar 12 15:41:31 2021]
Finished job 182.
120 of 149 steps (81%) done
Select jobs to execute...

[Fri Mar 12 15:41:31 2021]
rule linguistic_complexity:
    input: /datater/wu/data/enterovirus/filtering/reverse7620-8124.fasta
    output: /datater/wu/data/enterovirus/filtering/reverse7620-8124.nessieOut
    jobid: 219
    wildcards: sample=enterovirus, seg=7620-8124

[Fri Mar 12 15:41:31 2021]
Finished job 185.
121 of 149 steps (81%) done
Select jobs to execute...

[Fri Mar 12 15:41:31 2021]
rule linguistic_complexity:
    input: /datater/wu/data/enterovirus/filtering/reverse8636-9140.fasta
    output: /datater/wu/data/enterovirus/filtering/reverse8636-9140.nessieOut
    jobid: 222
    wildcards: sample=enterovirus, seg=8636-9140

[Fri Mar 12 15:41:31 2021]
Finished job 222.
122 of 149 steps (82%) done
Select jobs to execute...

[Fri Mar 12 15:41:31 2021]
checkpoint add_LC:
    input: /datater/wu/data/enterovirus/filtering/reverse8636-9140.nessieOut, /datater/wu/data/enterovirus/filtering/reverse8636-9140.fasta
    output: /datater/wu/data/enterovirus/filtering/reverse8636-9140.calculated2
    jobid: 259
    wildcards: sample=enterovirus, seg=8636-9140
Downstream jobs will be updated after completion.

Updating job all.
[Fri Mar 12 15:41:31 2021]
Finished job 258.
123 of 149 steps (83%) done
Updating job all.
[Fri Mar 12 15:41:31 2021]
Finished job 249.
124 of 149 steps (83%) done
Select jobs to execute...
[Fri Mar 12 15:41:31 2021]
Finished job 220.
125 of 149 steps (84%) done
Updating job all.
[Fri Mar 12 15:41:31 2021]
Finished job 261.
126 of 149 steps (85%) done
Updating job all.
[Fri Mar 12 15:41:31 2021]
Finished job 265.
127 of 149 steps (85%) done
[Fri Mar 12 15:41:31 2021]
Finished job 219.
128 of 149 steps (86%) done

[Fri Mar 12 15:41:31 2021]
checkpoint add_LC:
    input: /datater/wu/data/enterovirus/filtering/reverse1524-2028.nessieOut, /datater/wu/data/enterovirus/filtering/reverse1524-2028.fasta
    output: /datater/wu/data/enterovirus/filtering/reverse1524-2028.calculated2
    jobid: 248
    wildcards: sample=enterovirus, seg=1524-2028
Downstream jobs will be updated after completion.

[Fri Mar 12 15:41:31 2021]
rule toFasta:
    input: /datater/wu/data/enterovirus/filtering/reverse6096-6600.calculated
    output: /datater/wu/data/enterovirus/filtering/reverse6096-6600.fasta
    jobid: 167
    wildcards: sample=enterovirus, seg=6096-6600

[Fri Mar 12 15:41:31 2021]
rule toFasta:
    input: /datater/wu/data/enterovirus/filtering/reverse4572-5076.calculated
    output: /datater/wu/data/enterovirus/filtering/reverse4572-5076.fasta
    jobid: 177
    wildcards: sample=enterovirus, seg=4572-5076

[Fri Mar 12 15:41:31 2021]
checkpoint add_LC:
    input: /datater/wu/data/enterovirus/filtering/reverse1778-2282.nessieOut, /datater/wu/data/enterovirus/filtering/reverse1778-2282.fasta
    output: /datater/wu/data/enterovirus/filtering/reverse1778-2282.calculated2
    jobid: 237
    wildcards: sample=enterovirus, seg=1778-2282
Downstream jobs will be updated after completion.

Select jobs to execute...

[Fri Mar 12 15:41:31 2021]
checkpoint add_LC:
    input: /datater/wu/data/enterovirus/filtering/reverse7620-8124.nessieOut, /datater/wu/data/enterovirus/filtering/reverse7620-8124.fasta
    output: /datater/wu/data/enterovirus/filtering/reverse7620-8124.calculated2
    jobid: 256
    wildcards: sample=enterovirus, seg=7620-8124
Downstream jobs will be updated after completion.

[Fri Mar 12 15:41:31 2021]
checkpoint add_LC:
    input: /datater/wu/data/enterovirus/filtering/reverse7874-8378.nessieOut, /datater/wu/data/enterovirus/filtering/reverse7874-8378.fasta
    output: /datater/wu/data/enterovirus/filtering/reverse7874-8378.calculated2
    jobid: 242
    wildcards: sample=enterovirus, seg=7874-8378
Downstream jobs will be updated after completion.

Select jobs to execute...
Select jobs to execute...
Select jobs to execute...
Select jobs to execute...
Updating job all.
[Fri Mar 12 15:41:31 2021]
Finished job 235.
129 of 149 steps (87%) done
[Fri Mar 12 15:41:31 2021]
Finished job 192.
130 of 149 steps (87%) done
Select jobs to execute...

[Fri Mar 12 15:41:31 2021]
rule linguistic_complexity:
    input: /datater/wu/data/enterovirus/filtering/reverse7112-7616.fasta
    output: /datater/wu/data/enterovirus/filtering/reverse7112-7616.nessieOut
    jobid: 229
    wildcards: sample=enterovirus, seg=7112-7616


[Fri Mar 12 15:41:31 2021]
checkpoint add_LC:
    input: /datater/wu/data/enterovirus/filtering/reverse5080-5584.nessieOut, /datater/wu/data/enterovirus/filtering/reverse5080-5584.fasta
    output: /datater/wu/data/enterovirus/filtering/reverse5080-5584.calculated2
    jobid: 252
    wildcards: sample=enterovirus, seg=5080-5584
Downstream jobs will be updated after completion.

Select jobs to execute...
Updating job all.
[Fri Mar 12 15:41:32 2021]
Finished job 243.
131 of 149 steps (88%) done
Updating job all.
[Fri Mar 12 15:41:32 2021]
Finished job 259.
132 of 149 steps (89%) done
Updating job all.
[Fri Mar 12 15:41:32 2021]
Finished job 271.
133 of 149 steps (89%) done
Select jobs to execute...
[Fri Mar 12 15:41:32 2021]
Finished job 229.
134 of 149 steps (90%) done

[Fri Mar 12 15:41:32 2021]
checkpoint add_LC:
    input: /datater/wu/data/enterovirus/filtering/reverse762-1266.nessieOut, /datater/wu/data/enterovirus/filtering/reverse762-1266.fasta
    output: /datater/wu/data/enterovirus/filtering/reverse762-1266.calculated2
    jobid: 257
    wildcards: sample=enterovirus, seg=762-1266
Downstream jobs will be updated after completion.

Select jobs to execute...

[Fri Mar 12 15:41:32 2021]
checkpoint add_LC:
    input: /datater/wu/data/enterovirus/filtering/reverse7112-7616.nessieOut, /datater/wu/data/enterovirus/filtering/reverse7112-7616.fasta
    output: /datater/wu/data/enterovirus/filtering/reverse7112-7616.calculated2
    jobid: 266
    wildcards: sample=enterovirus, seg=7112-7616
Downstream jobs will be updated after completion.

[Fri Mar 12 15:41:32 2021]
Finished job 177.
135 of 149 steps (91%) done
Select jobs to execute...
Updating job all.
[Fri Mar 12 15:41:32 2021]
Finished job 237.
136 of 149 steps (91%) done

[Fri Mar 12 15:41:32 2021]
rule linguistic_complexity:
    input: /datater/wu/data/enterovirus/filtering/reverse4572-5076.fasta
    output: /datater/wu/data/enterovirus/filtering/reverse4572-5076.nessieOut
    jobid: 214
    wildcards: sample=enterovirus, seg=4572-5076

[Fri Mar 12 15:41:32 2021]
Finished job 167.
137 of 149 steps (92%) done
Select jobs to execute...

[Fri Mar 12 15:41:32 2021]
rule linguistic_complexity:
    input: /datater/wu/data/enterovirus/filtering/reverse6096-6600.fasta
    output: /datater/wu/data/enterovirus/filtering/reverse6096-6600.nessieOut
    jobid: 204
    wildcards: sample=enterovirus, seg=6096-6600

[Fri Mar 12 15:41:32 2021]
Finished job 214.
138 of 149 steps (93%) done
Select jobs to execute...

[Fri Mar 12 15:41:32 2021]
checkpoint add_LC:
    input: /datater/wu/data/enterovirus/filtering/reverse4572-5076.nessieOut, /datater/wu/data/enterovirus/filtering/reverse4572-5076.fasta
    output: /datater/wu/data/enterovirus/filtering/reverse4572-5076.calculated2
    jobid: 251
    wildcards: sample=enterovirus, seg=4572-5076
Downstream jobs will be updated after completion.

[Fri Mar 12 15:41:32 2021]
Finished job 204.
139 of 149 steps (93%) done
Select jobs to execute...

[Fri Mar 12 15:41:32 2021]
checkpoint add_LC:
    input: /datater/wu/data/enterovirus/filtering/reverse6096-6600.nessieOut, /datater/wu/data/enterovirus/filtering/reverse6096-6600.fasta
    output: /datater/wu/data/enterovirus/filtering/reverse6096-6600.calculated2
    jobid: 241
    wildcards: sample=enterovirus, seg=6096-6600
Downstream jobs will be updated after completion.

Updating job all.
[Fri Mar 12 15:41:32 2021]
Finished job 248.
140 of 149 steps (94%) done
Updating job all.
[Fri Mar 12 15:41:33 2021]
Finished job 251.
141 of 149 steps (95%) done
Updating job all.
[Fri Mar 12 15:41:33 2021]
Finished job 242.
142 of 149 steps (95%) done
Updating job all.
[Fri Mar 12 15:41:34 2021]
Finished job 252.
143 of 149 steps (96%) done
Updating job all.
[Fri Mar 12 15:41:34 2021]
Finished job 266.
144 of 149 steps (97%) done
Updating job all.
[Fri Mar 12 15:41:34 2021]
Finished job 256.
145 of 149 steps (97%) done
Updating job all.
[Fri Mar 12 15:41:34 2021]
Finished job 267.
146 of 149 steps (98%) done
Updating job all.
[Fri Mar 12 15:41:34 2021]
Finished job 257.
147 of 149 steps (99%) done
Updating job all.
[Fri Mar 12 15:41:34 2021]
Finished job 241.
148 of 148 steps (100%) done
Complete log: /datater/wu/stage_m2/.snakemake/log/2021-03-12T154120.045571.snakemake.log
