Building DAG of jobs...
Using shell: /bin/bash
Provided cores: 12
Rules claiming more threads will be scaled down.
Conda environments: ignored
Job counts:
	count	jobs
	1	all
	3	oligoCount
	4
Select jobs to execute...

[Tue Apr 27 10:39:22 2021]
rule oligoCount:
    input: /datater/wu/data/MSSPE-variant/enterovirus/kmer13/allOligo.set
    output: /datater/wu/data/MSSPE-variant/enterovirus/kmer13/evaluation/allOligo_after3.tsv
    jobid: 56
    wildcards: sample=enterovirus


[Tue Apr 27 10:39:22 2021]
rule oligoCount:
    input: /datater/wu/data/MSSPE-variant/coronavirus/kmer13/allOligo.set
    output: /datater/wu/data/MSSPE-variant/coronavirus/kmer13/evaluation/allOligo_after3.tsv
    jobid: 58
    wildcards: sample=coronavirus


[Tue Apr 27 10:39:22 2021]
rule oligoCount:
    input: /datater/wu/data/MSSPE-variant/zika/kmer13/allOligo.set
    output: /datater/wu/data/MSSPE-variant/zika/kmer13/evaluation/allOligo_after3.tsv
    jobid: 57
    wildcards: sample=zika

[Tue Apr 27 10:39:22 2021]
Finished job 56.
1 of 4 steps (25%) done
[Tue Apr 27 10:39:22 2021]
Finished job 58.
2 of 4 steps (50%) done
[Tue Apr 27 10:39:22 2021]
Finished job 57.
3 of 4 steps (75%) done
Select jobs to execute...

[Tue Apr 27 10:39:22 2021]
localrule all:
    input: /datater/wu/data/MSSPE-variant/enterovirus/enterovirus.uniq, /datater/wu/data/MSSPE-variant/zika/zika.uniq, /datater/wu/data/MSSPE-variant/coronavirus/coronavirus.uniq, /datater/wu/data/MSSPE-variant/enterovirus/kmer13/intermediate/allKmerCount.jf, /datater/wu/data/MSSPE-variant/zika/kmer13/intermediate/allKmerCount.jf, /datater/wu/data/MSSPE-variant/coronavirus/kmer13/intermediate/allKmerCount.jf, /datater/wu/data/MSSPE-variant/enterovirus/kmer13/intermediate/allKmerCount.txt, /datater/wu/data/MSSPE-variant/zika/kmer13/intermediate/allKmerCount.txt, /datater/wu/data/MSSPE-variant/coronavirus/kmer13/intermediate/allKmerCount.txt, /datater/wu/data/MSSPE-variant/enterovirus/kmer13/intermediate/allKmerCount.sorted.txt, /datater/wu/data/MSSPE-variant/zika/kmer13/intermediate/allKmerCount.sorted.txt, /datater/wu/data/MSSPE-variant/coronavirus/kmer13/intermediate/allKmerCount.sorted.txt, /datater/wu/data/MSSPE-variant/enterovirus/kmer13/allKmerCount.sorted.calculated.txt, /datater/wu/data/MSSPE-variant/zika/kmer13/allKmerCount.sorted.calculated.txt, /datater/wu/data/MSSPE-variant/coronavirus/kmer13/allKmerCount.sorted.calculated.txt, /datater/wu/data/MSSPE-variant/enterovirus/kmer13/allKmerCount.sorted.calculated.filtered.txt, /datater/wu/data/MSSPE-variant/zika/kmer13/allKmerCount.sorted.calculated.filtered.txt, /datater/wu/data/MSSPE-variant/coronavirus/kmer13/allKmerCount.sorted.calculated.filtered.txt, /datater/wu/data/MSSPE-variant/enterovirus/kmer13/intermediate/allKmerCount.sorted.calculated.filtered.fasta, /datater/wu/data/MSSPE-variant/zika/kmer13/intermediate/allKmerCount.sorted.calculated.filtered.fasta, /datater/wu/data/MSSPE-variant/coronavirus/kmer13/intermediate/allKmerCount.sorted.calculated.filtered.fasta, /datater/wu/data/RefSeqProkaryota/RefSeqProkaryota.DB.1.ebwt, /datater/wu/data/RefSeqProkaryota/RefSeqProkaryota.DB.2.ebwt, /datater/wu/data/RefSeqProkaryota/RefSeqProkaryota.DB.3.ebwt, /datater/wu/data/RefSeqProkaryota/RefSeqProkaryota.DB.4.ebwt, /datater/wu/data/RefSeqProkaryota/RefSeqProkaryota.DB.rev.1.ebwt, /datater/wu/data/RefSeqProkaryota/RefSeqProkaryota.DB.rev.2.ebwt, /datater/wu/data/MSSPE-variant/enterovirus/kmer13/intermediate/allKmerCount.sorted.calculated.filtered.bowtie, /datater/wu/data/MSSPE-variant/zika/kmer13/intermediate/allKmerCount.sorted.calculated.filtered.bowtie, /datater/wu/data/MSSPE-variant/coronavirus/kmer13/intermediate/allKmerCount.sorted.calculated.filtered.bowtie, /datater/wu/data/MSSPE-variant/enterovirus/kmer13/allKmerCount.sorted.calculated.filtered.spec.txt, /datater/wu/data/MSSPE-variant/zika/kmer13/allKmerCount.sorted.calculated.filtered.spec.txt, /datater/wu/data/MSSPE-variant/coronavirus/kmer13/allKmerCount.sorted.calculated.filtered.spec.txt, /datater/wu/data/MSSPE-variant/enterovirus/enterovirus0.99.uniq, /datater/wu/data/MSSPE-variant/zika/zika0.99.uniq, /datater/wu/data/MSSPE-variant/coronavirus/coronavirus0.99.uniq, /datater/wu/data/MSSPE-variant/enterovirus/enterovirus0.99.msa, /datater/wu/data/MSSPE-variant/zika/zika0.99.msa, /datater/wu/data/MSSPE-variant/coronavirus/coronavirus0.99.msa, /datater/wu/data/MSSPE-variant/enterovirus/kmer13/intermediate/allKmerCount.sorted.calculated.filtered.spec.fasta, /datater/wu/data/MSSPE-variant/zika/kmer13/intermediate/allKmerCount.sorted.calculated.filtered.spec.fasta, /datater/wu/data/MSSPE-variant/coronavirus/kmer13/intermediate/allKmerCount.sorted.calculated.filtered.spec.fasta, /datater/wu/data/MSSPE-variant/enterovirus/enterovirus0.99.msa.DB.1.ebwt, /datater/wu/data/MSSPE-variant/enterovirus/enterovirus0.99.msa.DB.2.ebwt, /datater/wu/data/MSSPE-variant/enterovirus/enterovirus0.99.msa.DB.3.ebwt, /datater/wu/data/MSSPE-variant/enterovirus/enterovirus0.99.msa.DB.4.ebwt, /datater/wu/data/MSSPE-variant/enterovirus/enterovirus0.99.msa.DB.rev.1.ebwt, /datater/wu/data/MSSPE-variant/enterovirus/enterovirus0.99.msa.DB.rev.2.ebwt, /datater/wu/data/MSSPE-variant/zika/zika0.99.msa.DB.1.ebwt, /datater/wu/data/MSSPE-variant/zika/zika0.99.msa.DB.2.ebwt, /datater/wu/data/MSSPE-variant/zika/zika0.99.msa.DB.3.ebwt, /datater/wu/data/MSSPE-variant/zika/zika0.99.msa.DB.4.ebwt, /datater/wu/data/MSSPE-variant/zika/zika0.99.msa.DB.rev.1.ebwt, /datater/wu/data/MSSPE-variant/zika/zika0.99.msa.DB.rev.2.ebwt, /datater/wu/data/MSSPE-variant/coronavirus/coronavirus0.99.msa.DB.1.ebwt, /datater/wu/data/MSSPE-variant/coronavirus/coronavirus0.99.msa.DB.2.ebwt, /datater/wu/data/MSSPE-variant/coronavirus/coronavirus0.99.msa.DB.3.ebwt, /datater/wu/data/MSSPE-variant/coronavirus/coronavirus0.99.msa.DB.4.ebwt, /datater/wu/data/MSSPE-variant/coronavirus/coronavirus0.99.msa.DB.rev.1.ebwt, /datater/wu/data/MSSPE-variant/coronavirus/coronavirus0.99.msa.DB.rev.2.ebwt, /datater/wu/data/MSSPE-variant/enterovirus/kmer13/intermediate/allKmerCount.sorted.calculated.filtered.spec.bowtie, /datater/wu/data/MSSPE-variant/zika/kmer13/intermediate/allKmerCount.sorted.calculated.filtered.spec.bowtie, /datater/wu/data/MSSPE-variant/coronavirus/kmer13/intermediate/allKmerCount.sorted.calculated.filtered.spec.bowtie, /datater/wu/data/MSSPE-variant/enterovirus/kmer13/intermediate/allKmerCount.sorted.calculated.filtered.spec.position, /datater/wu/data/MSSPE-variant/zika/kmer13/intermediate/allKmerCount.sorted.calculated.filtered.spec.position, /datater/wu/data/MSSPE-variant/coronavirus/kmer13/intermediate/allKmerCount.sorted.calculated.filtered.spec.position, /datater/wu/data/MSSPE-variant/enterovirus/kmer13/allOligo.set, /datater/wu/data/MSSPE-variant/zika/kmer13/allOligo.set, /datater/wu/data/MSSPE-variant/coronavirus/kmer13/allOligo.set, /datater/wu/data/MSSPE-variant/enterovirus/kmer13/intermediate/aceID-taxID-species.tsv, /datater/wu/data/MSSPE-variant/zika/kmer13/intermediate/aceID-taxID-species.tsv, /datater/wu/data/MSSPE-variant/coronavirus/kmer13/intermediate/aceID-taxID-species.tsv, /datater/wu/data/MSSPE-variant/enterovirus/kmer13/evaluation/allOligo.set.coverage, /datater/wu/data/MSSPE-variant/zika/kmer13/evaluation/allOligo.set.coverage, /datater/wu/data/MSSPE-variant/coronavirus/kmer13/evaluation/allOligo.set.coverage, /datater/wu/data/MSSPE-variant/enterovirus/kmer13/evaluation/allOligo_after3.tsv, /datater/wu/data/MSSPE-variant/zika/kmer13/evaluation/allOligo_after3.tsv, /datater/wu/data/MSSPE-variant/coronavirus/kmer13/evaluation/allOligo_after3.tsv
    jobid: 0

[Tue Apr 27 10:39:22 2021]
Finished job 0.
4 of 4 steps (100%) done
Complete log: /datater/wu/MSSPE/.snakemake/log/2021-04-27T103921.728034.snakemake.log
