Building DAG of jobs...
Updating job aggregateAllReverseOligo.
Using shell: /bin/bash
Provided cores: 12
Rules claiming more threads will be scaled down.
Conda environments: ignored
Job counts:
	count	jobs
	1	all
	1	get_TaxID
	2
Select jobs to execute...

[Wed Apr  7 12:33:41 2021]
rule get_TaxID:
    input: /datater/wu/data/enterovirus/evaluation/allOligos_reverse.set.blastn
    output: /datater/wu/data/enterovirus/evaluation/allOligos_reverse.set.blastn.taxid
    jobid: 1
    wildcards: sample=enterovirus

Shutting down, this might take some time.
Exiting because a job execution failed. Look above for error message
Complete log: /datater/wu/stage_m2/.snakemake/log/2021-04-07T123341.027582.snakemake.log
