Building DAG of jobs...
Updating job aggregate_allReverseOligo.
Using shell: /bin/bash
Provided cores: 12
Rules claiming more threads will be scaled down.
Conda environments: ignored
Job counts:
	count	jobs
	1	all
	1	mktree_index
	2
Select jobs to execute...

[Wed Mar 17 11:14:31 2021]
rule mktree_index:
    input: /datater/wu/data/zika/zika.uniq.dna
    output: /datater/wu/data/zika/zika.uniq.al1, /datater/wu/data/zika/zika.uniq.bck, /datater/wu/data/zika/zika.uniq.bwt, /datater/wu/data/zika/zika.uniq.des, /datater/wu/data/zika/zika.uniq.lcp, /datater/wu/data/zika/zika.uniq.llv, /datater/wu/data/zika/zika.uniq.ois, /datater/wu/data/zika/zika.uniq.prj, /datater/wu/data/zika/zika.uniq.sds, /datater/wu/data/zika/zika.uniq.skp, /datater/wu/data/zika/zika.uniq.ssp, /datater/wu/data/zika/zika.uniq.sti1, /datater/wu/data/zika/zika.uniq.suf, /datater/wu/data/zika/zika.uniq.tis
    jobid: 7
    wildcards: sample=zika

[Wed Mar 17 11:14:35 2021]
Finished job 7.
1 of 2 steps (50%) done
Select jobs to execute...

[Wed Mar 17 11:14:35 2021]
localrule all:
    input: /datater/wu/data/zika/filtering/allOligos_reverse.fasta, /datater/wu/data/zika/zika.uniq.al1, /datater/wu/data/zika/zika.uniq.bck, /datater/wu/data/zika/zika.uniq.bwt, /datater/wu/data/zika/zika.uniq.des, /datater/wu/data/zika/zika.uniq.lcp, /datater/wu/data/zika/zika.uniq.llv, /datater/wu/data/zika/zika.uniq.ois, /datater/wu/data/zika/zika.uniq.prj, /datater/wu/data/zika/zika.uniq.sds, /datater/wu/data/zika/zika.uniq.skp, /datater/wu/data/zika/zika.uniq.ssp, /datater/wu/data/zika/zika.uniq.sti1, /datater/wu/data/zika/zika.uniq.suf, /datater/wu/data/zika/zika.uniq.tis
    jobid: 0

[Wed Mar 17 11:14:35 2021]
Finished job 0.
2 of 2 steps (100%) done
Complete log: /datater/wu/stage_m2/.snakemake/log/2021-03-17T111430.675472.snakemake.log
