Building DAG of jobs...
Updating job dskForward.
Updating job all.
Using shell: /bin/bash
Provided cores: 12
Rules claiming more threads will be scaled down.
Conda environments: ignored
Job counts:
	count	jobs
	1	all
	43	dskForward
	44
Select jobs to execute...

[Thu Mar  4 11:14:45 2021]
rule dskForward:
    output: /home/meijun/Documents/data/kmerCounting/zika/forward.6777-7278.h5
    jobid: 41
    wildcards: sample=zika, seg=6777-7278


[Thu Mar  4 11:14:45 2021]
rule dskForward:
    output: /home/meijun/Documents/data/kmerCounting/zika/forward.4769-5270.h5
    jobid: 10
    wildcards: sample=zika, seg=4769-5270

Waiting at most 5 seconds for missing files.

[Thu Mar  4 11:14:45 2021]
rule dskForward:
    output: /home/meijun/Documents/data/kmerCounting/zika/forward.1255-1756.h5
    jobid: 17
    wildcards: sample=zika, seg=1255-1756


[Thu Mar  4 11:14:45 2021]
rule dskForward:
    output: /home/meijun/Documents/data/kmerCounting/zika/forward.2510-3011.h5
    jobid: 25
    wildcards: sample=zika, seg=2510-3011


[Thu Mar  4 11:14:45 2021]
rule dskForward:
    output: /home/meijun/Documents/data/kmerCounting/zika/forward.6024-6525.h5
    jobid: 32
    wildcards: sample=zika, seg=6024-6525


[Thu Mar  4 11:14:45 2021]
rule dskForward:
    output: /home/meijun/Documents/data/kmerCounting/zika/forward.502-1003.h5
    jobid: 40
    wildcards: sample=zika, seg=502-1003


[Thu Mar  4 11:14:45 2021]
rule dskForward:
    output: /home/meijun/Documents/data/kmerCounting/zika/forward.9287-9788.h5
    jobid: 31
    wildcards: sample=zika, seg=9287-9788


[Thu Mar  4 11:14:45 2021]
rule dskForward:
    output: /home/meijun/Documents/data/kmerCounting/zika/forward.8283-8784.h5
    jobid: 9
    wildcards: sample=zika, seg=8283-8784


[Thu Mar  4 11:14:45 2021]
rule dskForward:
    output: /home/meijun/Documents/data/kmerCounting/zika/forward.753-1254.h5
    jobid: 24
    wildcards: sample=zika, seg=753-1254


[Thu Mar  4 11:14:45 2021]
rule dskForward:
    output: /home/meijun/Documents/data/kmerCounting/zika/forward.4016-4517.h5
    jobid: 16
    wildcards: sample=zika, seg=4016-4517


[Thu Mar  4 11:14:45 2021]
rule dskForward:
    output: /home/meijun/Documents/data/kmerCounting/zika/forward.5773-6274.h5
    jobid: 39
    wildcards: sample=zika, seg=5773-6274


[Thu Mar  4 11:14:45 2021]
rule dskForward:
    output: /home/meijun/Documents/data/kmerCounting/zika/forward.7530-8031.h5
    jobid: 46
    wildcards: sample=zika, seg=7530-8031

MissingOutputException in line 7 of /home/meijun/Documents/stage_m2/rules/kmer_dsk.smk:
Job Missing files after 5 seconds:
/home/meijun/Documents/data/kmerCounting/zika/forward.6777-7278.h5
This might be due to filesystem latency. If that is the case, consider to increase the wait time with --latency-wait.
Job id: 41 completed successfully, but some output files are missing. 41
  File "/home/meijun/Programmes/miniconda3/envs/snakemake/lib/python3.9/site-packages/snakemake/executors/__init__.py", line 583, in handle_job_success
  File "/home/meijun/Programmes/miniconda3/envs/snakemake/lib/python3.9/site-packages/snakemake/executors/__init__.py", line 252, in handle_job_success
Waiting at most 5 seconds for missing files.
MissingOutputException in line 7 of /home/meijun/Documents/stage_m2/rules/kmer_dsk.smk:
Job Missing files after 5 seconds:
/home/meijun/Documents/data/kmerCounting/zika/forward.4769-5270.h5
This might be due to filesystem latency. If that is the case, consider to increase the wait time with --latency-wait.
Job id: 10 completed successfully, but some output files are missing. 10
  File "/home/meijun/Programmes/miniconda3/envs/snakemake/lib/python3.9/site-packages/snakemake/executors/__init__.py", line 583, in handle_job_success
  File "/home/meijun/Programmes/miniconda3/envs/snakemake/lib/python3.9/site-packages/snakemake/executors/__init__.py", line 252, in handle_job_success
Waiting at most 5 seconds for missing files.
MissingOutputException in line 7 of /home/meijun/Documents/stage_m2/rules/kmer_dsk.smk:
Job Missing files after 5 seconds:
/home/meijun/Documents/data/kmerCounting/zika/forward.1255-1756.h5
This might be due to filesystem latency. If that is the case, consider to increase the wait time with --latency-wait.
Job id: 17 completed successfully, but some output files are missing. 17
  File "/home/meijun/Programmes/miniconda3/envs/snakemake/lib/python3.9/site-packages/snakemake/executors/__init__.py", line 583, in handle_job_success
  File "/home/meijun/Programmes/miniconda3/envs/snakemake/lib/python3.9/site-packages/snakemake/executors/__init__.py", line 252, in handle_job_success
Waiting at most 5 seconds for missing files.
MissingOutputException in line 7 of /home/meijun/Documents/stage_m2/rules/kmer_dsk.smk:
Job Missing files after 5 seconds:
/home/meijun/Documents/data/kmerCounting/zika/forward.2510-3011.h5
This might be due to filesystem latency. If that is the case, consider to increase the wait time with --latency-wait.
Job id: 25 completed successfully, but some output files are missing. 25
  File "/home/meijun/Programmes/miniconda3/envs/snakemake/lib/python3.9/site-packages/snakemake/executors/__init__.py", line 583, in handle_job_success
  File "/home/meijun/Programmes/miniconda3/envs/snakemake/lib/python3.9/site-packages/snakemake/executors/__init__.py", line 252, in handle_job_success
Waiting at most 5 seconds for missing files.
MissingOutputException in line 7 of /home/meijun/Documents/stage_m2/rules/kmer_dsk.smk:
Job Missing files after 5 seconds:
/home/meijun/Documents/data/kmerCounting/zika/forward.6024-6525.h5
This might be due to filesystem latency. If that is the case, consider to increase the wait time with --latency-wait.
Job id: 32 completed successfully, but some output files are missing. 32
  File "/home/meijun/Programmes/miniconda3/envs/snakemake/lib/python3.9/site-packages/snakemake/executors/__init__.py", line 583, in handle_job_success
  File "/home/meijun/Programmes/miniconda3/envs/snakemake/lib/python3.9/site-packages/snakemake/executors/__init__.py", line 252, in handle_job_success
Waiting at most 5 seconds for missing files.
MissingOutputException in line 7 of /home/meijun/Documents/stage_m2/rules/kmer_dsk.smk:
Job Missing files after 5 seconds:
/home/meijun/Documents/data/kmerCounting/zika/forward.502-1003.h5
This might be due to filesystem latency. If that is the case, consider to increase the wait time with --latency-wait.
Job id: 40 completed successfully, but some output files are missing. 40
  File "/home/meijun/Programmes/miniconda3/envs/snakemake/lib/python3.9/site-packages/snakemake/executors/__init__.py", line 583, in handle_job_success
  File "/home/meijun/Programmes/miniconda3/envs/snakemake/lib/python3.9/site-packages/snakemake/executors/__init__.py", line 252, in handle_job_success
Waiting at most 5 seconds for missing files.
MissingOutputException in line 7 of /home/meijun/Documents/stage_m2/rules/kmer_dsk.smk:
Job Missing files after 5 seconds:
/home/meijun/Documents/data/kmerCounting/zika/forward.9287-9788.h5
This might be due to filesystem latency. If that is the case, consider to increase the wait time with --latency-wait.
Job id: 31 completed successfully, but some output files are missing. 31
  File "/home/meijun/Programmes/miniconda3/envs/snakemake/lib/python3.9/site-packages/snakemake/executors/__init__.py", line 583, in handle_job_success
  File "/home/meijun/Programmes/miniconda3/envs/snakemake/lib/python3.9/site-packages/snakemake/executors/__init__.py", line 252, in handle_job_success
Waiting at most 5 seconds for missing files.
MissingOutputException in line 7 of /home/meijun/Documents/stage_m2/rules/kmer_dsk.smk:
Job Missing files after 5 seconds:
/home/meijun/Documents/data/kmerCounting/zika/forward.8283-8784.h5
This might be due to filesystem latency. If that is the case, consider to increase the wait time with --latency-wait.
Job id: 9 completed successfully, but some output files are missing. 9
  File "/home/meijun/Programmes/miniconda3/envs/snakemake/lib/python3.9/site-packages/snakemake/executors/__init__.py", line 583, in handle_job_success
  File "/home/meijun/Programmes/miniconda3/envs/snakemake/lib/python3.9/site-packages/snakemake/executors/__init__.py", line 252, in handle_job_success
Waiting at most 5 seconds for missing files.
MissingOutputException in line 7 of /home/meijun/Documents/stage_m2/rules/kmer_dsk.smk:
Job Missing files after 5 seconds:
/home/meijun/Documents/data/kmerCounting/zika/forward.753-1254.h5
This might be due to filesystem latency. If that is the case, consider to increase the wait time with --latency-wait.
Job id: 24 completed successfully, but some output files are missing. 24
  File "/home/meijun/Programmes/miniconda3/envs/snakemake/lib/python3.9/site-packages/snakemake/executors/__init__.py", line 583, in handle_job_success
  File "/home/meijun/Programmes/miniconda3/envs/snakemake/lib/python3.9/site-packages/snakemake/executors/__init__.py", line 252, in handle_job_success
Waiting at most 5 seconds for missing files.
MissingOutputException in line 7 of /home/meijun/Documents/stage_m2/rules/kmer_dsk.smk:
Job Missing files after 5 seconds:
/home/meijun/Documents/data/kmerCounting/zika/forward.4016-4517.h5
This might be due to filesystem latency. If that is the case, consider to increase the wait time with --latency-wait.
Job id: 16 completed successfully, but some output files are missing. 16
  File "/home/meijun/Programmes/miniconda3/envs/snakemake/lib/python3.9/site-packages/snakemake/executors/__init__.py", line 583, in handle_job_success
  File "/home/meijun/Programmes/miniconda3/envs/snakemake/lib/python3.9/site-packages/snakemake/executors/__init__.py", line 252, in handle_job_success
Waiting at most 5 seconds for missing files.
MissingOutputException in line 7 of /home/meijun/Documents/stage_m2/rules/kmer_dsk.smk:
Job Missing files after 5 seconds:
/home/meijun/Documents/data/kmerCounting/zika/forward.5773-6274.h5
This might be due to filesystem latency. If that is the case, consider to increase the wait time with --latency-wait.
Job id: 39 completed successfully, but some output files are missing. 39
  File "/home/meijun/Programmes/miniconda3/envs/snakemake/lib/python3.9/site-packages/snakemake/executors/__init__.py", line 583, in handle_job_success
  File "/home/meijun/Programmes/miniconda3/envs/snakemake/lib/python3.9/site-packages/snakemake/executors/__init__.py", line 252, in handle_job_success
Waiting at most 5 seconds for missing files.
MissingOutputException in line 7 of /home/meijun/Documents/stage_m2/rules/kmer_dsk.smk:
Job Missing files after 5 seconds:
/home/meijun/Documents/data/kmerCounting/zika/forward.7530-8031.h5
This might be due to filesystem latency. If that is the case, consider to increase the wait time with --latency-wait.
Job id: 46 completed successfully, but some output files are missing. 46
  File "/home/meijun/Programmes/miniconda3/envs/snakemake/lib/python3.9/site-packages/snakemake/executors/__init__.py", line 583, in handle_job_success
  File "/home/meijun/Programmes/miniconda3/envs/snakemake/lib/python3.9/site-packages/snakemake/executors/__init__.py", line 252, in handle_job_success
Shutting down, this might take some time.
Exiting because a job execution failed. Look above for error message
Complete log: /home/meijun/Documents/stage_m2/.snakemake/log/2021-03-04T111445.087333.snakemake.log
