Building DAG of jobs...
Using shell: /bin/bash
Provided cores: 12
Rules claiming more threads will be scaled down.
Conda environments: ignored
Job counts:
	count	jobs
	1	all
	2	dskForward
	2	dskForwardOutput
	2	dskForwardOutputSort
	2	filter_within_seg
	2	splitFiles
	11
Select jobs to execute...

[Wed Mar 10 09:44:05 2021]
rule splitFiles:
    input: /datater/wu/data/msa/enterovirus.msa
    output: /datater/wu/data/enterovirus/split_forward/position_{*}.fasta (dynamic)
    jobid: 5
    wildcards: sample=enterovirus

Subsequent jobs will be added dynamically depending on the output of this job

[Wed Mar 10 09:44:05 2021]
rule splitFiles:
    input: /datater/wu/data/msa/zika.msa
    output: /datater/wu/data/zika/split_forward/position_{*}.fasta (dynamic)
    jobid: 6
    wildcards: sample=zika

Subsequent jobs will be added dynamically depending on the output of this job
Dynamically updating jobs
[Wed Mar 10 09:44:06 2021]
Finished job 6.
1 of 389 steps (0.26%) done
Select jobs to execute...

[Wed Mar 10 09:44:07 2021]
rule splitFiles:
    input: /datater/wu/data/msa/enterovirus.msa
    output: /datater/wu/data/enterovirus/split_forward/position_4267-4768.fasta (dynamic)
    jobid: 47
    wildcards: sample=enterovirus, seg=4267-4768

Subsequent jobs will be added dynamically depending on the output of this job

[Wed Mar 10 09:44:07 2021]
rule splitFiles:
    input: /datater/wu/data/msa/enterovirus.msa
    output: /datater/wu/data/enterovirus/split_forward/position_5773-6274.fasta (dynamic)
    jobid: 17
    wildcards: sample=enterovirus, seg=5773-6274

Subsequent jobs will be added dynamically depending on the output of this job

[Wed Mar 10 09:44:07 2021]
rule dskForward:
    input: /datater/wu/data/zika/split_forward/position_5271-5772.fasta
    output: /datater/wu/data/zika/dsk/forward_5271-5772.h5
    jobid: 109
    wildcards: sample=zika, seg=5271-5772


[Wed Mar 10 09:44:07 2021]
rule dskForward:
    input: /datater/wu/data/zika/split_forward/position_5020-5521.fasta
    output: /datater/wu/data/zika/dsk/forward_5020-5521.h5
    jobid: 138
    wildcards: sample=zika, seg=5020-5521


[Wed Mar 10 09:44:07 2021]
rule splitFiles:
    input: /datater/wu/data/msa/enterovirus.msa
    output: /datater/wu/data/enterovirus/split_forward/position_8283-8784.fasta (dynamic)
    jobid: 49
    wildcards: sample=enterovirus, seg=8283-8784

Subsequent jobs will be added dynamically depending on the output of this job

[Wed Mar 10 09:44:07 2021]
rule dskForward:
    input: /datater/wu/data/zika/split_forward/position_1255-1756.fasta
    output: /datater/wu/data/zika/dsk/forward_1255-1756.h5
    jobid: 137
    wildcards: sample=zika, seg=1255-1756


[Wed Mar 10 09:44:07 2021]
rule dskForward:
    input: /datater/wu/data/zika/split_forward/position_1506-2007.fasta
    output: /datater/wu/data/zika/dsk/forward_1506-2007.h5
    jobid: 116
    wildcards: sample=zika, seg=1506-2007


[Wed Mar 10 09:44:07 2021]
rule dskForward:
    input: /datater/wu/data/zika/split_forward/position_6777-7278.fasta
    output: /datater/wu/data/zika/dsk/forward_6777-7278.h5
    jobid: 110
    wildcards: sample=zika, seg=6777-7278


[Wed Mar 10 09:44:07 2021]
rule splitFiles:
    input: /datater/wu/data/msa/enterovirus.msa
    output: /datater/wu/data/enterovirus/split_forward/position_753-1254.fasta (dynamic)
    jobid: 18
    wildcards: sample=enterovirus, seg=753-1254

Subsequent jobs will be added dynamically depending on the output of this job

[Wed Mar 10 09:44:07 2021]
rule splitFiles:
    input: /datater/wu/data/msa/enterovirus.msa
    output: /datater/wu/data/enterovirus/split_forward/position_9287-9788.fasta (dynamic)
    jobid: 48
    wildcards: sample=enterovirus, seg=9287-9788

Subsequent jobs will be added dynamically depending on the output of this job

[Wed Mar 10 09:44:07 2021]
rule dskForward:
    input: /datater/wu/data/zika/split_forward/position_7279-7780.fasta
    output: /datater/wu/data/zika/dsk/forward_7279-7780.h5
    jobid: 139
    wildcards: sample=zika, seg=7279-7780

[Wed Mar 10 09:44:09 2021]
Finished job 138.
2 of 389 steps (0.51%) done
Select jobs to execute...
[Wed Mar 10 09:44:09 2021]
Finished job 110.
3 of 389 steps (0.77%) done
[Wed Mar 10 09:44:09 2021]
Finished job 116.
4 of 389 steps (1%) done

[Wed Mar 10 09:44:09 2021]
rule splitFiles:
    input: /datater/wu/data/msa/enterovirus.msa
    output: /datater/wu/data/enterovirus/split_forward/position_8032-8533.fasta (dynamic)
    jobid: 19
    wildcards: sample=enterovirus, seg=8032-8533

Subsequent jobs will be added dynamically depending on the output of this job
Select jobs to execute...
[Wed Mar 10 09:44:09 2021]
Finished job 137.
5 of 389 steps (1%) done

[Wed Mar 10 09:44:09 2021]
rule dskForward:
    input: /datater/wu/data/zika/split_forward/position_4016-4517.fasta
    output: /datater/wu/data/zika/dsk/forward_4016-4517.h5
    jobid: 111
    wildcards: sample=zika, seg=4016-4517


[Wed Mar 10 09:44:09 2021]
rule dskForward:
    input: /datater/wu/data/zika/split_forward/position_8283-8784.fasta
    output: /datater/wu/data/zika/dsk/forward_8283-8784.h5
    jobid: 135
    wildcards: sample=zika, seg=8283-8784

Select jobs to execute...

[Wed Mar 10 09:44:09 2021]
rule splitFiles:
    input: /datater/wu/data/msa/enterovirus.msa
    output: /datater/wu/data/enterovirus/split_forward/position_0-501.fasta (dynamic)
    jobid: 27
    wildcards: sample=enterovirus, seg=0-501

Subsequent jobs will be added dynamically depending on the output of this job
Select jobs to execute...
[Wed Mar 10 09:44:09 2021]
Finished job 109.
6 of 389 steps (2%) done
Select jobs to execute...
[Wed Mar 10 09:44:09 2021]
Finished job 139.
7 of 389 steps (2%) done

[Wed Mar 10 09:44:09 2021]
rule splitFiles:
    input: /datater/wu/data/msa/enterovirus.msa
    output: /datater/wu/data/enterovirus/split_forward/position_2510-3011.fasta (dynamic)
    jobid: 57
    wildcards: sample=enterovirus, seg=2510-3011

Subsequent jobs will be added dynamically depending on the output of this job
Select jobs to execute...

[Wed Mar 10 09:44:09 2021]
rule dskForward:
    input: /datater/wu/data/zika/split_forward/position_5522-6023.fasta
    output: /datater/wu/data/zika/dsk/forward_5522-6023.h5
    jobid: 118
    wildcards: sample=zika, seg=5522-6023

Dynamically updating jobs
[Wed Mar 10 09:44:11 2021]
Finished job 5.
8 of 390 steps (2%) done
Select jobs to execute...

[Wed Mar 10 09:44:11 2021]
rule dskForward:
    input: /datater/wu/data/zika/split_forward/position_6526-7027.fasta
    output: /datater/wu/data/zika/dsk/forward_6526-7027.h5
    jobid: 112
    wildcards: sample=zika, seg=6526-7027

[Wed Mar 10 09:44:11 2021]
Finished job 111.
9 of 390 steps (2%) done
Select jobs to execute...

[Wed Mar 10 09:44:11 2021]
rule splitFiles:
    input: /datater/wu/data/msa/enterovirus.msa
    output: /datater/wu/data/enterovirus/split_forward/position_8785-9286.fasta (dynamic)
    jobid: 35
    wildcards: sample=enterovirus, seg=8785-9286

Subsequent jobs will be added dynamically depending on the output of this job
[Wed Mar 10 09:44:11 2021]
Finished job 135.
10 of 390 steps (3%) done
Select jobs to execute...

[Wed Mar 10 09:44:11 2021]
rule dskForward:
    input: /datater/wu/data/zika/split_forward/position_753-1254.fasta
    output: /datater/wu/data/zika/dsk/forward_753-1254.h5
    jobid: 104
    wildcards: sample=zika, seg=753-1254

[Wed Mar 10 09:44:11 2021]
Finished job 118.
11 of 390 steps (3%) done
Select jobs to execute...

[Wed Mar 10 09:44:11 2021]
rule dskForward:
    input: /datater/wu/data/zika/split_forward/position_4518-5019.fasta
    output: /datater/wu/data/zika/dsk/forward_4518-5019.h5
    jobid: 126
    wildcards: sample=zika, seg=4518-5019

[Wed Mar 10 09:44:13 2021]
Finished job 112.
12 of 390 steps (3%) done
Select jobs to execute...
[Wed Mar 10 09:44:13 2021]
Finished job 104.
13 of 390 steps (3%) done

[Wed Mar 10 09:44:13 2021]
rule splitFiles:
    input: /datater/wu/data/msa/enterovirus.msa
    output: /datater/wu/data/enterovirus/split_forward/position_5271-5772.fasta (dynamic)
    jobid: 23
    wildcards: sample=enterovirus, seg=5271-5772

Subsequent jobs will be added dynamically depending on the output of this job
Select jobs to execute...

[Wed Mar 10 09:44:13 2021]
rule dskForward:
    input: /datater/wu/data/zika/split_forward/position_9538-10039.fasta
    output: /datater/wu/data/zika/dsk/forward_9538-10039.h5
    jobid: 140
    wildcards: sample=zika, seg=9538-10039

[Wed Mar 10 09:44:13 2021]
Finished job 126.
14 of 390 steps (4%) done
Select jobs to execute...

[Wed Mar 10 09:44:13 2021]
rule dskForward:
    input: /datater/wu/data/zika/split_forward/position_2510-3011.fasta
    output: /datater/wu/data/zika/dsk/forward_2510-3011.h5
    jobid: 143
    wildcards: sample=zika, seg=2510-3011

[Wed Mar 10 09:44:15 2021]
Finished job 140.
15 of 390 steps (4%) done
Select jobs to execute...

[Wed Mar 10 09:44:15 2021]
rule splitFiles:
    input: /datater/wu/data/msa/enterovirus.msa
    output: /datater/wu/data/enterovirus/split_forward/position_3012-3513.fasta (dynamic)
    jobid: 42
    wildcards: sample=enterovirus, seg=3012-3513

Subsequent jobs will be added dynamically depending on the output of this job
[Wed Mar 10 09:44:16 2021]
Finished job 143.
16 of 390 steps (4%) done
Select jobs to execute...

[Wed Mar 10 09:44:16 2021]
rule dskForward:
    input: /datater/wu/data/zika/split_forward/position_1004-1505.fasta
    output: /datater/wu/data/zika/dsk/forward_1004-1505.h5
    jobid: 132
    wildcards: sample=zika, seg=1004-1505

[Wed Mar 10 09:44:18 2021]
Finished job 132.
17 of 390 steps (4%) done
Shutting down, this might take some time.
Exiting because a job execution failed. Look above for error message
Complete log: /datater/wu/stage_m2/.snakemake/log/2021-03-10T094404.873740.snakemake.log
