Building DAG of jobs...
Using shell: /bin/bash
Provided cores: 12
Rules claiming more threads will be scaled down.
Conda environments: ignored
Job counts:
	count	jobs
	1	all
	1	mafft
	2
Select jobs to execute...

[Tue Mar 16 16:59:16 2021]
rule mafft:
    input: /datater/wu/data_test/duplicate_removed/zika.uniq
    output: /datater/wu/data_test/msa/zika.msa
    log: /datater/wu/data_test/msa/mafft.zika.log
    jobid: 2

[Tue Mar 16 16:59:27 2021]
Finished job 2.
1 of 2 steps (50%) done
Select jobs to execute...

[Tue Mar 16 16:59:27 2021]
localrule all:
    input: /datater/wu/data_test/duplicate_removed/zika.uniq, /datater/wu/data_test/msa/zika.msa
    jobid: 0

[Tue Mar 16 16:59:27 2021]
Finished job 0.
2 of 2 steps (100%) done
Complete log: /datater/wu/stage_m2_merge/.snakemake/log/2021-03-16T165915.899359.snakemake.log
