Building DAG of jobs...
Updating job aggregate_allReverseOligo.
Using shell: /bin/bash
Provided cores: 12
Rules claiming more threads will be scaled down.
Conda environments: ignored
Job counts:
	count	jobs
	1	all
	1	mktree_index
	2
Select jobs to execute...

[Wed Mar 17 11:01:13 2021]
rule mktree_index:
    input: /datater/wu/data/zika/zika.uniq
    output: /datater/wu/data/zika/zika.uniq.al1, /datater/wu/data/zika/zika.uniq.bck, /datater/wu/data/zika/zika.uniq.bwt, /datater/wu/data/zika/zika.uniq.des, /datater/wu/data/zika/zika.uniq.lcp, /datater/wu/data/zika/zika.uniq.llv, /datater/wu/data/zika/zika.uniq.ois, /datater/wu/data/zika/zika.uniq.prj, /datater/wu/data/zika/zika.uniq.sds, /datater/wu/data/zika/zika.uniq.skp, /datater/wu/data/zika/zika.uniq.ssp, /datater/wu/data/zika/zika.uniq.sti1, /datater/wu/data/zika/zika.uniq.suf, /datater/wu/data/zika/zika.uniq.tis
    jobid: 7
    wildcards: sample=zika

[Wed Mar 17 11:01:13 2021]
Error in rule mktree_index:
    jobid: 7
    output: /datater/wu/data/zika/zika.uniq.al1, /datater/wu/data/zika/zika.uniq.bck, /datater/wu/data/zika/zika.uniq.bwt, /datater/wu/data/zika/zika.uniq.des, /datater/wu/data/zika/zika.uniq.lcp, /datater/wu/data/zika/zika.uniq.llv, /datater/wu/data/zika/zika.uniq.ois, /datater/wu/data/zika/zika.uniq.prj, /datater/wu/data/zika/zika.uniq.sds, /datater/wu/data/zika/zika.uniq.skp, /datater/wu/data/zika/zika.uniq.ssp, /datater/wu/data/zika/zika.uniq.sti1, /datater/wu/data/zika/zika.uniq.suf, /datater/wu/data/zika/zika.uniq.tis
    shell:
        lib/vmatch-2.3.1/mkvtree -db /datater/wu/data/zika/zika.uniq -dna -pl -allout -indexname /datater/wu/data/zika/zika.uniq
        (one of the commands exited with non-zero exit code; note that snakemake uses bash strict mode!)

Shutting down, this might take some time.
Exiting because a job execution failed. Look above for error message
Complete log: /datater/wu/stage_m2/.snakemake/log/2021-03-17T110112.782485.snakemake.log
