Building DAG of jobs...
Using shell: /bin/bash
Provided cores: 12
Rules claiming more threads will be scaled down.
Conda environments: ignored
Job counts:
	count	jobs
	1	all
	1	dskForward
	1	dskForwardOutput
	1	dskForwardOutputSort
	1	filterOut_forward
	1	forward_TmCalculate
	1	splitFiles
	7
Select jobs to execute...

[Mon Mar  8 13:32:43 2021]
rule splitFiles:
    input: /datater/wu/data/msa/zika.msa
    output: /datater/wu/data/zika/split_forward/position_{*}.fasta (dynamic)
    jobid: 3
    wildcards: sample=zika

Subsequent jobs will be added dynamically depending on the output of this job
Shutting down, this might take some time.
Exiting because a job execution failed. Look above for error message
Complete log: /datater/wu/stage_m2/.snakemake/log/2021-03-08T133242.702784.snakemake.log
