Building DAG of jobs...
Using shell: /bin/bash
Provided cores: 12
Rules claiming more threads will be scaled down.
Conda environments: ignored
Job counts:
	count	jobs
	1	all
	43	filterOut_within_segments
	44
Select jobs to execute...

[Wed Mar 10 18:22:06 2021]
rule filterOut_within_segments:
    input: /datater/wu/data/zika/primer3/forward_502-1003.calculated
    output: /datater/wu/data/zika/primer3/forward_502-1003.filtered
    jobid: 219
    wildcards: sample=zika, seg=502-1003

[Wed Mar 10 18:22:06 2021]
rule filterOut_within_segments:
    input: /datater/wu/data/zika/primer3/forward_9538-10039.calculated
    output: /datater/wu/data/zika/primer3/forward_9538-10039.filtered
    jobid: 223
    wildcards: sample=zika, seg=9538-10039

[Wed Mar 10 18:22:06 2021]
rule filterOut_within_segments:
    input: /datater/wu/data/zika/primer3/forward_6275-6776.calculated
    output: /datater/wu/data/zika/primer3/forward_6275-6776.filtered
    jobid: 188
    wildcards: sample=zika, seg=6275-6776

[Wed Mar 10 18:22:06 2021]
rule filterOut_within_segments:
    input: /datater/wu/data/zika/primer3/forward_7781-8282.calculated
    output: /datater/wu/data/zika/primer3/forward_7781-8282.filtered
    jobid: 195
    wildcards: sample=zika, seg=7781-8282

[Wed Mar 10 18:22:06 2021]
rule filterOut_within_segments:
    input: /datater/wu/data/zika/primer3/forward_10291-10792.calculated
    output: /datater/wu/data/zika/primer3/forward_10291-10792.filtered
    jobid: 203
    wildcards: sample=zika, seg=10291-10792

[Wed Mar 10 18:22:06 2021]
rule filterOut_within_segments:
    input: /datater/wu/data/zika/primer3/forward_9287-9788.calculated
    output: /datater/wu/data/zika/primer3/forward_9287-9788.filtered
    jobid: 210
    wildcards: sample=zika, seg=9287-9788

[Wed Mar 10 18:22:06 2021]
rule filterOut_within_segments:
    input: /datater/wu/data/zika/primer3/forward_2008-2509.calculated
    output: /datater/wu/data/zika/primer3/forward_2008-2509.filtered
    jobid: 194
    wildcards: sample=zika, seg=2008-2509

[Wed Mar 10 18:22:06 2021]
rule filterOut_within_segments:
    input: /datater/wu/data/zika/primer3/forward_5271-5772.calculated
    output: /datater/wu/data/zika/primer3/forward_5271-5772.filtered
    jobid: 202
    wildcards: sample=zika, seg=5271-5772

[Wed Mar 10 18:22:06 2021]
rule filterOut_within_segments:
    input: /datater/wu/data/zika/primer3/forward_8785-9286.calculated
    output: /datater/wu/data/zika/primer3/forward_8785-9286.filtered
    jobid: 187
    wildcards: sample=zika, seg=8785-9286

[Wed Mar 10 18:22:06 2021]
rule filterOut_within_segments:
    input: /datater/wu/data/zika/primer3/forward_5522-6023.calculated
    output: /datater/wu/data/zika/primer3/forward_5522-6023.filtered
    jobid: 209
    wildcards: sample=zika, seg=5522-6023

[Wed Mar 10 18:22:06 2021]
rule filterOut_within_segments:
    input: /datater/wu/data/zika/primer3/forward_9036-9537.calculated
    output: /datater/wu/data/zika/primer3/forward_9036-9537.filtered
    jobid: 217
    wildcards: sample=zika, seg=9036-9537

[Wed Mar 10 18:22:06 2021]
rule filterOut_within_segments:
    input: /datater/wu/data/zika/primer3/forward_3263-3764.calculated
    output: /datater/wu/data/zika/primer3/forward_3263-3764.filtered
    jobid: 224
    wildcards: sample=zika, seg=3263-3764

Shutting down, this might take some time.
Exiting because a job execution failed. Look above for error message
Complete log: /datater/wu/stage_m2/.snakemake/log/2021-03-10T182205.596866.snakemake.log
