Building DAG of jobs...
Updating job aggregate_allReverseOligo.
Using shell: /bin/bash
Provided cores: 12
Rules claiming more threads will be scaled down.
Conda environments: ignored
Job counts:
	count	jobs
	1	all
	1	bbmap
	2
Select jobs to execute...

[Wed Mar 17 15:48:35 2021]
rule bbmap:
    input: /datater/wu/data/zika/checkSpecifity/allOligos_reverse.fasta, /datater/wu/data/zika/zika.uniq.dna
    output: /datater/wu/data/zika/checkSpecifity/seal.out, /datater/wu/data/zika/checkSpecifity/seal.out.stats
    jobid: 1
    wildcards: sample=zika

[Wed Mar 17 15:48:36 2021]
Error in rule bbmap:
    jobid: 1
    output: /datater/wu/data/zika/checkSpecifity/seal.out, /datater/wu/data/zika/checkSpecifity/seal.out.stats
    shell:
        lib/bbmap/seal.sh in=/datater/wu/data/zika/checkSpecifity/allOligos_reverse.fasta ref=/datater/wu/data/zika/zika.uniq.dna out=/datater/wu/data/zika/checkSpecifity/seal.out stats=/datater/wu/data/zika/checkSpecifity/seal.out.stats k=6 rcomp=t kmask=lc mm=f
        (one of the commands exited with non-zero exit code; note that snakemake uses bash strict mode!)

Shutting down, this might take some time.
Exiting because a job execution failed. Look above for error message
Complete log: /datater/wu/stage_m2/.snakemake/log/2021-03-17T154834.521104.snakemake.log
