Building DAG of jobs...
Updating job dskReverse.
Updating job all.
Using shell: /bin/bash
Provided cores: 12
Rules claiming more threads will be scaled down.
Conda environments: ignored
Job counts:
	count	jobs
	1	aggregate_allReverseOligo
	1	all
	1	allToFasta
	80	dskReverse
	80	dskReverseOutput
	80	dskReverseOutputSort
	80	reverse_add_LC
	1	reverse_filtering
	80	reverse_linguistic_complexity
	80	reverse_parameters
	80	reverse_toFasta
	37	splitFiles
	601
Select jobs to execute...

[Mon Mar 15 12:13:59 2021]
rule dskReverse:
    input: /datater/wu/data/zika/splitFiles/reverse1506-2007.fasta
    output: /datater/wu/data/zika/dsk/reverse1506-2007.h5
    jobid: 334
    wildcards: sample=zika, seg=1506-2007


[Mon Mar 15 12:13:59 2021]
rule dskReverse:
    input: /datater/wu/data/zika/splitFiles/reverse4016-4517.fasta
    output: /datater/wu/data/zika/dsk/reverse4016-4517.h5
    jobid: 349
    wildcards: sample=zika, seg=4016-4517


[Mon Mar 15 12:13:59 2021]
rule dskReverse:
    input: /datater/wu/data/zika/splitFiles/reverse9036-9537.fasta
    output: /datater/wu/data/zika/dsk/reverse9036-9537.h5
    jobid: 319
    wildcards: sample=zika, seg=9036-9537


[Mon Mar 15 12:13:59 2021]
rule dskReverse:
    input: /datater/wu/data/zika/splitFiles/reverse10040-10541.fasta
    output: /datater/wu/data/zika/dsk/reverse10040-10541.h5
    jobid: 350
    wildcards: sample=zika, seg=10040-10541


[Mon Mar 15 12:13:59 2021]
rule dskReverse:
    input: /datater/wu/data/zika/splitFiles/reverse7530-8031.fasta
    output: /datater/wu/data/zika/dsk/reverse7530-8031.h5
    jobid: 352
    wildcards: sample=zika, seg=7530-8031


[Mon Mar 15 12:13:59 2021]
checkpoint splitFiles:
    input: /datater/wu/data/msa/zika.msa
    output: /datater/wu/data/zika/splitFiles/reverse1524-2028.fasta (dynamic)
    jobid: 155
    wildcards: sample=zika, seg=1524-2028
Downstream jobs will be updated after completion.

Subsequent jobs will be added dynamically depending on the output of this job

[Mon Mar 15 12:13:59 2021]
checkpoint splitFiles:
    input: /datater/wu/data/msa/zika.msa
    output: /datater/wu/data/zika/splitFiles/reverse6858-7362.fasta (dynamic)
    jobid: 179
    wildcards: sample=zika, seg=6858-7362
Downstream jobs will be updated after completion.

Subsequent jobs will be added dynamically depending on the output of this job

[Mon Mar 15 12:13:59 2021]
checkpoint splitFiles:
    input: /datater/wu/data/msa/zika.msa
    output: /datater/wu/data/zika/splitFiles/reverse4318-4822.fasta (dynamic)
    jobid: 227
    wildcards: sample=zika, seg=4318-4822
Downstream jobs will be updated after completion.

Subsequent jobs will be added dynamically depending on the output of this job

[Mon Mar 15 12:13:59 2021]
rule dskReverse:
    input: /datater/wu/data/zika/splitFiles/reverse3012-3513.fasta
    output: /datater/wu/data/zika/dsk/reverse3012-3513.h5
    jobid: 318
    wildcards: sample=zika, seg=3012-3513


[Mon Mar 15 12:13:59 2021]
checkpoint splitFiles:
    input: /datater/wu/data/msa/zika.msa
    output: /datater/wu/data/zika/splitFiles/reverse5842-6346.fasta (dynamic)
    jobid: 107
    wildcards: sample=zika, seg=5842-6346
Downstream jobs will be updated after completion.

Subsequent jobs will be added dynamically depending on the output of this job

[Mon Mar 15 12:13:59 2021]
rule dskReverse:
    input: /datater/wu/data/zika/splitFiles/reverse5773-6274.fasta
    output: /datater/wu/data/zika/dsk/reverse5773-6274.h5
    jobid: 351
    wildcards: sample=zika, seg=5773-6274


[Mon Mar 15 12:13:59 2021]
rule dskReverse:
    input: /datater/wu/data/zika/splitFiles/reverse5522-6023.fasta
    output: /datater/wu/data/zika/dsk/reverse5522-6023.h5
    jobid: 353
    wildcards: sample=zika, seg=5522-6023

[Mon Mar 15 12:14:01 2021]
Finished job 349.
1 of 601 steps (0.17%) done
Select jobs to execute...
[Mon Mar 15 12:14:01 2021]
Finished job 334.
2 of 601 steps (0.33%) done

[Mon Mar 15 12:14:01 2021]
rule dskReverse:
    input: /datater/wu/data/zika/splitFiles/reverse3765-4266.fasta
    output: /datater/wu/data/zika/dsk/reverse3765-4266.h5
    jobid: 338
    wildcards: sample=zika, seg=3765-4266

Select jobs to execute...
[Mon Mar 15 12:14:01 2021]
Finished job 352.
3 of 601 steps (0.50%) done

[Mon Mar 15 12:14:01 2021]
checkpoint splitFiles:
    input: /datater/wu/data/msa/zika.msa
    output: /datater/wu/data/zika/splitFiles/reverse7366-7870.fasta (dynamic)
    jobid: 259
    wildcards: sample=zika, seg=7366-7870
Downstream jobs will be updated after completion.

Subsequent jobs will be added dynamically depending on the output of this job
Select jobs to execute...
[Mon Mar 15 12:14:01 2021]
Finished job 350.
4 of 601 steps (0.67%) done

[Mon Mar 15 12:14:01 2021]
checkpoint splitFiles:
    input: /datater/wu/data/msa/zika.msa
    output: /datater/wu/data/zika/splitFiles/reverse7112-7616.fasta (dynamic)
    jobid: 19
    wildcards: sample=zika, seg=7112-7616
Downstream jobs will be updated after completion.

Subsequent jobs will be added dynamically depending on the output of this job
Select jobs to execute...

[Mon Mar 15 12:14:01 2021]
checkpoint splitFiles:
    input: /datater/wu/data/msa/zika.msa
    output: /datater/wu/data/zika/splitFiles/reverse9144-9382.fasta (dynamic)
    jobid: 139
    wildcards: sample=zika, seg=9144-9382
Downstream jobs will be updated after completion.

Subsequent jobs will be added dynamically depending on the output of this job
[Mon Mar 15 12:14:01 2021]
Finished job 351.
5 of 601 steps (0.83%) done
Select jobs to execute...

[Mon Mar 15 12:14:01 2021]
checkpoint splitFiles:
    input: /datater/wu/data/msa/zika.msa
    output: /datater/wu/data/zika/splitFiles/reverse508-1012.fasta (dynamic)
    jobid: 147
    wildcards: sample=zika, seg=508-1012
Downstream jobs will be updated after completion.

Subsequent jobs will be added dynamically depending on the output of this job
[Mon Mar 15 12:14:01 2021]
Finished job 319.
6 of 601 steps (1.00%) done
Select jobs to execute...

[Mon Mar 15 12:14:01 2021]
rule dskReverse:
    input: /datater/wu/data/zika/splitFiles/reverse2761-3262.fasta
    output: /datater/wu/data/zika/dsk/reverse2761-3262.h5
    jobid: 323
    wildcards: sample=zika, seg=2761-3262

[Mon Mar 15 12:14:01 2021]
Finished job 318.
7 of 601 steps (1%) done
Select jobs to execute...

[Mon Mar 15 12:14:01 2021]
rule dskReverse:
    input: /datater/wu/data/zika/splitFiles/reverse4267-4768.fasta
    output: /datater/wu/data/zika/dsk/reverse4267-4768.h5
    jobid: 331
    wildcards: sample=zika, seg=4267-4768

[Mon Mar 15 12:14:02 2021]
Finished job 353.
8 of 601 steps (1%) done
Select jobs to execute...

[Mon Mar 15 12:14:02 2021]
checkpoint splitFiles:
    input: /datater/wu/data/msa/zika.msa
    output: /datater/wu/data/zika/splitFiles/reverse7874-8378.fasta (dynamic)
    jobid: 131
    wildcards: sample=zika, seg=7874-8378
Downstream jobs will be updated after completion.

Subsequent jobs will be added dynamically depending on the output of this job
[Mon Mar 15 12:14:04 2021]
Finished job 338.
9 of 601 steps (1%) done
Select jobs to execute...

[Mon Mar 15 12:14:04 2021]
checkpoint splitFiles:
    input: /datater/wu/data/msa/zika.msa
    output: /datater/wu/data/zika/splitFiles/reverse3048-3552.fasta (dynamic)
    jobid: 251
    wildcards: sample=zika, seg=3048-3552
Downstream jobs will be updated after completion.

Subsequent jobs will be added dynamically depending on the output of this job
[Mon Mar 15 12:14:04 2021]
Finished job 323.
10 of 601 steps (2%) done
Select jobs to execute...

[Mon Mar 15 12:14:04 2021]
rule dskReverse:
    input: /datater/wu/data/zika/splitFiles/reverse8785-9286.fasta
    output: /datater/wu/data/zika/dsk/reverse8785-9286.h5
    jobid: 315
    wildcards: sample=zika, seg=8785-9286

[Mon Mar 15 12:14:04 2021]
Finished job 331.
11 of 601 steps (2%) done
Select jobs to execute...

[Mon Mar 15 12:14:04 2021]
rule dskReverse:
    input: /datater/wu/data/zika/splitFiles/reverse7279-7780.fasta
    output: /datater/wu/data/zika/dsk/reverse7279-7780.h5
    jobid: 345
    wildcards: sample=zika, seg=7279-7780

[Mon Mar 15 12:14:06 2021]
Finished job 345.
12 of 601 steps (2%) done
[Mon Mar 15 12:14:06 2021]
Finished job 315.
13 of 601 steps (2%) done
Shutting down, this might take some time.
Exiting because a job execution failed. Look above for error message
Complete log: /datater/wu/stage_m2/.snakemake/log/2021-03-15T121356.035090.snakemake.log
