Building DAG of jobs...
Using shell: /bin/bash
Provided cores: 12
Rules claiming more threads will be scaled down.
Conda environments: ignored
Job counts:
	count	jobs
	1	all
	1	merge_all_kmers
	2
Select jobs to execute...

[Mon Mar  8 11:12:33 2021]
rule merge_all_kmers:
    output: /datater/wu/data/filtering/zika/dsk/forward/all_oligo.tsv
    jobid: 9
    wildcards: sample=zika

Terminating processes on user request, this might take some time.
[Mon Mar  8 11:19:23 2021]
Error in rule merge_all_kmers:
    jobid: 9
    output: /datater/wu/data/filtering/zika/dsk/forward/all_oligo.tsv
    shell:
        sed -s 1d  >> /datater/wu/data/filtering/zika/dsk/forward/all_oligo.tsv
        (one of the commands exited with non-zero exit code; note that snakemake uses bash strict mode!)

Removing output files of failed job merge_all_kmers since they might be corrupted:
/datater/wu/data/filtering/zika/dsk/forward/all_oligo.tsv
Complete log: /datater/wu/stage_m2/.snakemake/log/2021-03-08T111232.647108.snakemake.log
