Building DAG of jobs...
Using shell: /bin/bash
Provided cores: 24
Rules claiming more threads will be scaled down.
Conda environments: ignored
Job counts:
	count	jobs
	1	MSA
	1	aggregateAllReverseOligo
	1	all
	1	allHeterodimerCheck
	1	allToFasta
	1	blastDB
	1	blastn_short_prok
	1	clustering
	1	filterAggregateAllReverseOligo
	1	filterOutUnSpecifickmer
	1	oligoCount
	1	oligoSet
	1	species_coverage
	1	splitIntoOverlappingWindows
	1	taxID_and_specieName
	15
Select jobs to execute...

[Wed Apr 14 11:20:19 2021]
rule clustering:
    input: /datater/wu/data/enterovirus/enterovirus.uniq
    output: /datater/wu/data/enterovirus/enterovirus0.99.uniq
    jobid: 2
    wildcards: sample=enterovirus


[Wed Apr 14 11:20:19 2021]
rule blastDB:
    input: /datater/wu/RefSeqProkaryota/RefSeqProkaryota.fna
    output: /datater/wu/data/enterovirus/checkSpecifity15/references.DB.nhr, /datater/wu/data/enterovirus/checkSpecifity15/references.DB.nin, /datater/wu/data/enterovirus/checkSpecifity15/references.DB.nog, /datater/wu/data/enterovirus/checkSpecifity15/references.DB.nsd, /datater/wu/data/enterovirus/checkSpecifity15/references.DB.nsi, /datater/wu/data/enterovirus/checkSpecifity15/references.DB.nsq
    jobid: 8
    wildcards: sample=enterovirus

[Wed Apr 14 11:20:20 2021]
Finished job 8.
1 of 15 steps (7%) done
[Wed Apr 14 11:20:28 2021]
Finished job 2.
2 of 15 steps (13%) done
Select jobs to execute...

[Wed Apr 14 11:20:28 2021]
rule taxID_and_specieName:
    input: /datater/wu/data/enterovirus/enterovirus0.99.uniq
    output: /datater/wu/data/enterovirus/evaluation15/aceID-taxID-species.tsv
    jobid: 13
    wildcards: sample=enterovirus

[Wed Apr 14 11:20:28 2021]
rule MSA:
    input: /datater/wu/data/enterovirus/enterovirus0.99.uniq
    output: /datater/wu/data/enterovirus/enterovirus0.99.msa
    log: /datater/wu/data/enterovirus/log/mafft.log
    jobid: 3
    wildcards: sample=enterovirus

Terminating processes on user request, this might take some time.
[Wed Apr 14 11:20:29 2021]
Error in rule MSA:
    jobid: 3
    output: /datater/wu/data/enterovirus/enterovirus0.99.msa
    log: /datater/wu/data/enterovirus/log/mafft.log (check log file(s) for error message)
    shell:
        mafft --auto             --thread -1             --op 1.53             --ep 0.123             --bl 62             --jtt 62             --tm 62                                       --inputorder                                                    /datater/wu/data/enterovirus/enterovirus0.99.uniq > /datater/wu/data/enterovirus/enterovirus0.99.msa             2> /datater/wu/data/enterovirus/log/mafft.log
        (one of the commands exited with non-zero exit code; note that snakemake uses bash strict mode!)

Removing output files of failed job MSA since they might be corrupted:
/datater/wu/data/enterovirus/enterovirus0.99.msa
Removing output files of failed job taxID_and_specieName since they might be corrupted:
/datater/wu/data/enterovirus/evaluation15/aceID-taxID-species.tsv
Complete log: /datater/wu/MSSPE-pipeline/.snakemake/log/2021-04-14T112018.658971.snakemake.log
