Building DAG of jobs...
Updating job aggregate_allReverseOligo.
Using shell: /bin/bash
Provided cores: 12
Rules claiming more threads will be scaled down.
Conda environments: ignored
Job counts:
	count	jobs
	1	all
	1	reverse_filtering
	1	splitFilteredTable
	3
Select jobs to execute...

[Sat Mar 27 09:00:00 2021]
rule reverse_filtering:
    input: /datater/wu/data/enterovirus/filtering/allOligos_reverse.calculated2
    output: /datater/wu/data/enterovirus/filtering/allOligos_reverse.filtered
    jobid: 2
    wildcards: sample=enterovirus

[Sat Mar 27 09:00:02 2021]
Finished job 2.
1 of 3 steps (33%) done
Select jobs to execute...

[Sat Mar 27 09:00:02 2021]
rule splitFilteredTable:
    input: /datater/wu/data/enterovirus/filtering/allOligos_reverse.filtered
    output: /datater/wu/data/enterovirus/checkSpecifity/reverse{*}_filtered.tsv (dynamic)
    jobid: 1
    wildcards: sample=enterovirus

Subsequent jobs will be added dynamically depending on the output of this job
Dynamically updating jobs
[Sat Mar 27 09:00:04 2021]
Finished job 1.
2 of 3 steps (67%) done
Select jobs to execute...

[Sat Mar 27 09:00:04 2021]
rule reverse_filtering:
    input: /datater/wu/data/enterovirus/filtering/allOligos_reverse.calculated2
    output: /datater/wu/data/enterovirus/filtering/allOligos_reverse.filtered
    jobid: 2
    wildcards: sample=enterovirus

[Sat Mar 27 09:00:06 2021]
Finished job 2.
3 of 3 steps (100%) done
Complete log: /datater/wu/stage_m2/.snakemake/log/2021-03-27T090000.159202.snakemake.log
