Building DAG of jobs...
Using shell: /bin/bash
Provided cores: 12
Rules claiming more threads will be scaled down.
Conda environments: ignored
Job counts:
	count	jobs
	1	all
	43	dskForward
	43	dskForwardOutput
	43	dskForwardOutputSort
	43	dskTm_calculate
	173
Select jobs to execute...

[Thu Mar  4 15:02:27 2021]
rule dskForward:
    input: /home/meijun/Documents/data/splitFiles/zika/forward/10291-10792.fasta
    output: /home/meijun/Documents/data/kmerCounting/zika/forward/10291-10792.h5
    jobid: 38
    wildcards: sample=zika, seg=10291-10792


[Thu Mar  4 15:02:27 2021]
rule dskForward:
    input: /home/meijun/Documents/data/splitFiles/zika/forward/2259-2760.fasta
    output: /home/meijun/Documents/data/kmerCounting/zika/forward/2259-2760.h5
    jobid: 44
    wildcards: sample=zika, seg=2259-2760


[Thu Mar  4 15:02:27 2021]
rule dskForward:
    input: /home/meijun/Documents/data/splitFiles/zika/forward/1255-1756.fasta
    output: /home/meijun/Documents/data/kmerCounting/zika/forward/1255-1756.h5
    jobid: 14
    wildcards: sample=zika, seg=1255-1756


[Thu Mar  4 15:02:27 2021]
rule dskForward:
    input: /home/meijun/Documents/data/splitFiles/zika/forward/3514-4015.fasta
    output: /home/meijun/Documents/data/kmerCounting/zika/forward/3514-4015.h5
    jobid: 29
    wildcards: sample=zika, seg=3514-4015


[Thu Mar  4 15:02:27 2021]
rule dskForward:
    input: /home/meijun/Documents/data/splitFiles/zika/forward/10040-10541.fasta
    output: /home/meijun/Documents/data/kmerCounting/zika/forward/10040-10541.h5
    jobid: 22
    wildcards: sample=zika, seg=10040-10541


[Thu Mar  4 15:02:27 2021]
rule dskForward:
    input: /home/meijun/Documents/data/splitFiles/zika/forward/6024-6525.fasta
    output: /home/meijun/Documents/data/kmerCounting/zika/forward/6024-6525.h5
    jobid: 37
    wildcards: sample=zika, seg=6024-6525


[Thu Mar  4 15:02:27 2021]
rule dskForward:
    input: /home/meijun/Documents/data/splitFiles/zika/forward/753-1254.fasta
    output: /home/meijun/Documents/data/kmerCounting/zika/forward/753-1254.h5
    jobid: 21
    wildcards: sample=zika, seg=753-1254


[Thu Mar  4 15:02:27 2021]
rule dskForward:
    input: /home/meijun/Documents/data/splitFiles/zika/forward/9538-10039.fasta
    output: /home/meijun/Documents/data/kmerCounting/zika/forward/9538-10039.h5
    jobid: 28
    wildcards: sample=zika, seg=9538-10039


[Thu Mar  4 15:02:27 2021]
rule dskForward:
    input: /home/meijun/Documents/data/splitFiles/zika/forward/2008-2509.fasta
    output: /home/meijun/Documents/data/kmerCounting/zika/forward/2008-2509.h5
    jobid: 43
    wildcards: sample=zika, seg=2008-2509


[Thu Mar  4 15:02:27 2021]
rule dskForward:
    input: /home/meijun/Documents/data/splitFiles/zika/forward/4518-5019.fasta
    output: /home/meijun/Documents/data/kmerCounting/zika/forward/4518-5019.h5
    jobid: 13
    wildcards: sample=zika, seg=4518-5019


[Thu Mar  4 15:02:27 2021]
rule dskForward:
    input: /home/meijun/Documents/data/splitFiles/zika/forward/4016-4517.fasta
    output: /home/meijun/Documents/data/kmerCounting/zika/forward/4016-4517.h5
    jobid: 36
    wildcards: sample=zika, seg=4016-4517


[Thu Mar  4 15:02:27 2021]
rule dskForward:
    input: /home/meijun/Documents/data/splitFiles/zika/forward/4267-4768.fasta
    output: /home/meijun/Documents/data/kmerCounting/zika/forward/4267-4768.h5
    jobid: 51
    wildcards: sample=zika, seg=4267-4768

[Thu Mar  4 15:02:32 2021]
Finished job 21.
1 of 173 steps (0.58%) done
Select jobs to execute...
[Thu Mar  4 15:02:32 2021]
Finished job 29.
2 of 173 steps (1%) done
[Thu Mar  4 15:02:32 2021]
Finished job 44.
3 of 173 steps (2%) done
[Thu Mar  4 15:02:32 2021]
Finished job 13.
4 of 173 steps (2%) done

[Thu Mar  4 15:02:32 2021]
rule dskForward:
    input: /home/meijun/Documents/data/splitFiles/zika/forward/2510-3011.fasta
    output: /home/meijun/Documents/data/kmerCounting/zika/forward/2510-3011.h5
    jobid: 16
    wildcards: sample=zika, seg=2510-3011

Select jobs to execute...
[Thu Mar  4 15:02:32 2021]
Finished job 38.
5 of 173 steps (3%) done
[Thu Mar  4 15:02:32 2021]
Finished job 22.
6 of 173 steps (3%) done
[Thu Mar  4 15:02:32 2021]
Finished job 36.
7 of 173 steps (4%) done

[Thu Mar  4 15:02:32 2021]
rule dskForward:
    input: /home/meijun/Documents/data/splitFiles/zika/forward/7781-8282.fasta
    output: /home/meijun/Documents/data/kmerCounting/zika/forward/7781-8282.h5
    jobid: 30
    wildcards: sample=zika, seg=7781-8282


[Thu Mar  4 15:02:32 2021]
rule dskForward:
    input: /home/meijun/Documents/data/splitFiles/zika/forward/6777-7278.fasta
    output: /home/meijun/Documents/data/kmerCounting/zika/forward/6777-7278.h5
    jobid: 50
    wildcards: sample=zika, seg=6777-7278


[Thu Mar  4 15:02:32 2021]
[Thu Mar  4 15:02:32 2021]
Finished job 14.
rule dskForward:
    input: /home/meijun/Documents/data/splitFiles/zika/forward/3765-4266.fasta
    output: /home/meijun/Documents/data/kmerCounting/zika/forward/3765-4266.h5
    jobid: 35
    wildcards: sample=zika, seg=3765-4266
8 of 173 steps (5%) done

[Thu Mar  4 15:02:32 2021]
Finished job 43.
9 of 173 steps (5%) done

[Thu Mar  4 15:02:32 2021]
rule dskForward:
    input: /home/meijun/Documents/data/splitFiles/zika/forward/6275-6776.fasta
    output: /home/meijun/Documents/data/kmerCounting/zika/forward/6275-6776.h5
    jobid: 20
    wildcards: sample=zika, seg=6275-6776

[Thu Mar  4 15:02:32 2021]
Finished job 51.
10 of 173 steps (6%) done
Select jobs to execute...
[Thu Mar  4 15:02:32 2021]
Finished job 28.
11 of 173 steps (6%) done

[Thu Mar  4 15:02:32 2021]
rule dskForwardOutput:
    input: /home/meijun/Documents/data/kmerCounting/zika/forward/1255-1756.h5
    output: /home/meijun/Documents/data/kmerCounting/zika/forward/1255-1756_dsk.txt
    jobid: 57
    wildcards: sample=zika, seg=1255-1756


[Thu Mar  4 15:02:32 2021]
rule dskForwardOutput:
    input: /home/meijun/Documents/data/kmerCounting/zika/forward/10040-10541.h5
    output: /home/meijun/Documents/data/kmerCounting/zika/forward/10040-10541_dsk.txt
    jobid: 65
    wildcards: sample=zika, seg=10040-10541

[Thu Mar  4 15:02:32 2021]
Finished job 37.

12 of 173 steps (7%) done
[Thu Mar  4 15:02:32 2021]
rule dskForward:
    input: /home/meijun/Documents/data/splitFiles/zika/forward/9287-9788.fasta
    output: /home/meijun/Documents/data/kmerCounting/zika/forward/9287-9788.h5
    jobid: 42
    wildcards: sample=zika, seg=9287-9788


[Thu Mar  4 15:02:32 2021]
rule dskForward:
    input: /home/meijun/Documents/data/splitFiles/zika/forward/5271-5772.fasta
    output: /home/meijun/Documents/data/kmerCounting/zika/forward/5271-5772.h5
    jobid: 52
    wildcards: sample=zika, seg=5271-5772

[Thu Mar  4 15:02:32 2021]
Finished job 57.
13 of 173 steps (8%) done

[Thu Mar  4 15:02:32 2021]
rule dskForwardOutput:
    input: /home/meijun/Documents/data/kmerCounting/zika/forward/3514-4015.h5
    output: /home/meijun/Documents/data/kmerCounting/zika/forward/3514-4015_dsk.txt
    jobid: 72
    wildcards: sample=zika, seg=3514-4015

[Thu Mar  4 15:02:32 2021]
Finished job 65.
14 of 173 steps (8%) done
Select jobs to execute...
[Thu Mar  4 15:02:32 2021]
Finished job 72.
15 of 173 steps (9%) done

[Thu Mar  4 15:02:32 2021]
rule dskForwardOutput:
    input: /home/meijun/Documents/data/kmerCounting/zika/forward/2008-2509.h5
    output: /home/meijun/Documents/data/kmerCounting/zika/forward/2008-2509_dsk.txt
    jobid: 86
    wildcards: sample=zika, seg=2008-2509


[Thu Mar  4 15:02:32 2021]
rule dskForwardOutput:
    input: /home/meijun/Documents/data/kmerCounting/zika/forward/10291-10792.h5
    output: /home/meijun/Documents/data/kmerCounting/zika/forward/10291-10792_dsk.txt
    jobid: 81
    wildcards: sample=zika, seg=10291-10792


[Thu Mar  4 15:02:32 2021]
rule dskForward:
    input: /home/meijun/Documents/data/splitFiles/zika/forward/5522-6023.fasta
    output: /home/meijun/Documents/data/kmerCounting/zika/forward/5522-6023.h5
    jobid: 12
    wildcards: sample=zika, seg=5522-6023


[Thu Mar  4 15:02:33 2021]
rule dskForward:
    input: /home/meijun/Documents/data/splitFiles/zika/forward/2761-3262.fasta
    output: /home/meijun/Documents/data/kmerCounting/zika/forward/2761-3262.h5
    jobid: 27
    wildcards: sample=zika, seg=2761-3262

[Thu Mar  4 15:02:33 2021]
Finished job 86.
16 of 173 steps (9%) done
Select jobs to execute...
[Thu Mar  4 15:02:33 2021]
Finished job 81.
17 of 173 steps (10%) done

[Thu Mar  4 15:02:33 2021]
rule dskForward:
    input: /home/meijun/Documents/data/splitFiles/zika/forward/9789-10290.fasta
    output: /home/meijun/Documents/data/kmerCounting/zika/forward/9789-10290.h5
    jobid: 45
    wildcards: sample=zika, seg=9789-10290


[Thu Mar  4 15:02:33 2021]
rule dskForwardOutput:
    input: /home/meijun/Documents/data/kmerCounting/zika/forward/9538-10039.h5
    output: /home/meijun/Documents/data/kmerCounting/zika/forward/9538-10039_dsk.txt
    jobid: 71
    wildcards: sample=zika, seg=9538-10039

Select jobs to execute...
[Thu Mar  4 15:02:33 2021]
Finished job 71.
18 of 173 steps (10%) done

[Thu Mar  4 15:02:33 2021]
rule dskForward:
    input: /home/meijun/Documents/data/splitFiles/zika/forward/7028-7529.fasta
    output: /home/meijun/Documents/data/kmerCounting/zika/forward/7028-7529.h5
    jobid: 31
    wildcards: sample=zika, seg=7028-7529

Select jobs to execute...

[Thu Mar  4 15:02:33 2021]
rule dskForward:
    input: /home/meijun/Documents/data/splitFiles/zika/forward/5773-6274.fasta
    output: /home/meijun/Documents/data/kmerCounting/zika/forward/5773-6274.h5
    jobid: 23
    wildcards: sample=zika, seg=5773-6274

Select jobs to execute...
Select jobs to execute...
Select jobs to execute...
Select jobs to execute...
Select jobs to execute...
Select jobs to execute...
Select jobs to execute...
Select jobs to execute...
Select jobs to execute...
Select jobs to execute...
Select jobs to execute...
[Thu Mar  4 15:02:38 2021]
Finished job 16.
19 of 173 steps (11%) done
Select jobs to execute...
[Thu Mar  4 15:02:38 2021]
Finished job 50.
20 of 173 steps (12%) done

[Thu Mar  4 15:02:38 2021]
rule dskForward:
    input: /home/meijun/Documents/data/splitFiles/zika/forward/0-501.fasta
    output: /home/meijun/Documents/data/kmerCounting/zika/forward/0-501.h5
    jobid: 17
    wildcards: sample=zika, seg=0-501

Select jobs to execute...
[Thu Mar  4 15:02:38 2021]
Finished job 35.
21 of 173 steps (12%) done
[Thu Mar  4 15:02:38 2021]
Finished job 52.
22 of 173 steps (13%) done

[Thu Mar  4 15:02:38 2021]
rule dskForwardOutput:
    input: /home/meijun/Documents/data/kmerCounting/zika/forward/4267-4768.h5
    output: /home/meijun/Documents/data/kmerCounting/zika/forward/4267-4768_dsk.txt
    jobid: 94
    wildcards: sample=zika, seg=4267-4768


[Thu Mar  4 15:02:38 2021]
rule dskForward:
    input: /home/meijun/Documents/data/splitFiles/zika/forward/5020-5521.fasta
    output: /home/meijun/Documents/data/kmerCounting/zika/forward/5020-5521.h5
    jobid: 33
    wildcards: sample=zika, seg=5020-5521

Select jobs to execute...
[Thu Mar  4 15:02:38 2021]
Finished job 94.
23 of 173 steps (13%) done
[Thu Mar  4 15:02:38 2021]
Finished job 30.
24 of 173 steps (14%) done

[Thu Mar  4 15:02:38 2021]
rule dskForwardOutput:
    input: /home/meijun/Documents/data/kmerCounting/zika/forward/4016-4517.h5
    output: /home/meijun/Documents/data/kmerCounting/zika/forward/4016-4517_dsk.txt
    jobid: 79
    wildcards: sample=zika, seg=4016-4517

Select jobs to execute...
[Thu Mar  4 15:02:38 2021]
Finished job 20.
25 of 173 steps (14%) done
[Thu Mar  4 15:02:38 2021]
Finished job 79.
26 of 173 steps (15%) done

[Thu Mar  4 15:02:38 2021]
rule dskForwardOutput:
    input: /home/meijun/Documents/data/kmerCounting/zika/forward/2510-3011.h5
    output: /home/meijun/Documents/data/kmerCounting/zika/forward/2510-3011_dsk.txt
    jobid: 59
    wildcards: sample=zika, seg=2510-3011


[Thu Mar  4 15:02:38 2021]
rule dskForwardOutput:
    input: /home/meijun/Documents/data/kmerCounting/zika/forward/6777-7278.h5
    output: /home/meijun/Documents/data/kmerCounting/zika/forward/6777-7278_dsk.txt
    jobid: 93
    wildcards: sample=zika, seg=6777-7278

Select jobs to execute...
[Thu Mar  4 15:02:38 2021]
Finished job 59.
27 of 173 steps (16%) done
[Thu Mar  4 15:02:38 2021]
Finished job 93.
28 of 173 steps (16%) done

[Thu Mar  4 15:02:38 2021]
rule dskForwardOutput:
    input: /home/meijun/Documents/data/kmerCounting/zika/forward/5271-5772.h5
    output: /home/meijun/Documents/data/kmerCounting/zika/forward/5271-5772_dsk.txt
    jobid: 95
    wildcards: sample=zika, seg=5271-5772


[Thu Mar  4 15:02:38 2021]
rule dskForward:
    input: /home/meijun/Documents/data/splitFiles/zika/forward/3012-3513.fasta
    output: /home/meijun/Documents/data/kmerCounting/zika/forward/3012-3513.h5
    jobid: 49
    wildcards: sample=zika, seg=3012-3513

[Thu Mar  4 15:02:38 2021]
Finished job 42.
29 of 173 steps (17%) done
Select jobs to execute...
[Thu Mar  4 15:02:38 2021]
Finished job 95.
30 of 173 steps (17%) done

[Thu Mar  4 15:02:38 2021]
rule dskForwardOutput:
    input: /home/meijun/Documents/data/kmerCounting/zika/forward/753-1254.h5
    output: /home/meijun/Documents/data/kmerCounting/zika/forward/753-1254_dsk.txt
    jobid: 64
    wildcards: sample=zika, seg=753-1254


[Thu Mar  4 15:02:38 2021]
rule dskForward:
    input: /home/meijun/Documents/data/splitFiles/zika/forward/1506-2007.fasta
    output: /home/meijun/Documents/data/kmerCounting/zika/forward/1506-2007.h5
    jobid: 34
    wildcards: sample=zika, seg=1506-2007


[Thu Mar  4 15:02:38 2021]
rule dskForwardOutput:
    input: /home/meijun/Documents/data/kmerCounting/zika/forward/2259-2760.h5
    output: /home/meijun/Documents/data/kmerCounting/zika/forward/2259-2760_dsk.txt
    jobid: 87
    wildcards: sample=zika, seg=2259-2760

Select jobs to execute...
[Thu Mar  4 15:02:38 2021]
Finished job 27.
31 of 173 steps (18%) done
[Thu Mar  4 15:02:38 2021]
Finished job 64.
32 of 173 steps (18%) done
[Thu Mar  4 15:02:38 2021]
Finished job 87.
33 of 173 steps (19%) done

[Thu Mar  4 15:02:38 2021]
rule dskForwardOutputSort:
    input: /home/meijun/Documents/data/kmerCounting/zika/forward/2008-2509_dsk.txt
    output: /home/meijun/Documents/data/kmerCounting/zika/forward/2008-2509_dsk.sort
    jobid: 129
    wildcards: sample=zika, seg=2008-2509

[Thu Mar  4 15:02:38 2021]
rule dskForwardOutput:
    input: /home/meijun/Documents/data/kmerCounting/zika/forward/9287-9788.h5
    output: /home/meijun/Documents/data/kmerCounting/zika/forward/9287-9788_dsk.txt
    jobid: 85
    wildcards: sample=zika, seg=9287-9788

[Thu Mar  4 15:02:38 2021]
Finished job 45.
34 of 173 steps (20%) done
[Thu Mar  4 15:02:38 2021]
Finished job 31.
35 of 173 steps (20%) done
Select jobs to execute...
[Thu Mar  4 15:02:38 2021]
Finished job 85.
36 of 173 steps (21%) done

[Thu Mar  4 15:02:38 2021]
rule dskForwardOutput:
    input: /home/meijun/Documents/data/kmerCounting/zika/forward/9789-10290.h5
    output: /home/meijun/Documents/data/kmerCounting/zika/forward/9789-10290_dsk.txt
    jobid: 88
    wildcards: sample=zika, seg=9789-10290


[Thu Mar  4 15:02:38 2021]
rule dskForwardOutputSort:
    input: /home/meijun/Documents/data/kmerCounting/zika/forward/10040-10541_dsk.txt
    output: /home/meijun/Documents/data/kmerCounting/zika/forward/10040-10541_dsk.sort
    jobid: 108
    wildcards: sample=zika, seg=10040-10541

[Thu Mar  4 15:02:38 2021]
rule dskForwardOutputSort:
    input: /home/meijun/Documents/data/kmerCounting/zika/forward/5271-5772_dsk.txt
    output: /home/meijun/Documents/data/kmerCounting/zika/forward/5271-5772_dsk.sort
    jobid: 138
    wildcards: sample=zika, seg=5271-5772

[Thu Mar  4 15:02:38 2021]
[Thu Mar  4 15:02:38 2021]
Finished job 88.
rule dskForward:
    input: /home/meijun/Documents/data/splitFiles/zika/forward/7279-7780.fasta
    output: /home/meijun/Documents/data/kmerCounting/zika/forward/7279-7780.h5
    jobid: 19
    wildcards: sample=zika, seg=7279-7780
37 of 173 steps (21%) done

Select jobs to execute...
[Thu Mar  4 15:02:38 2021]
Finished job 12.
38 of 173 steps (22%) done

[Thu Mar  4 15:02:38 2021]
rule dskForwardOutput:
    input: /home/meijun/Documents/data/kmerCounting/zika/forward/7028-7529.h5
    output: /home/meijun/Documents/data/kmerCounting/zika/forward/7028-7529_dsk.txt
    jobid: 74
    wildcards: sample=zika, seg=7028-7529


[Thu Mar  4 15:02:38 2021]
rule dskForwardOutputSort:
    input: /home/meijun/Documents/data/kmerCounting/zika/forward/3514-4015_dsk.txt
    output: /home/meijun/Documents/data/kmerCounting/zika/forward/3514-4015_dsk.sort
    jobid: 115
    wildcards: sample=zika, seg=3514-4015

Select jobs to execute...
[Thu Mar  4 15:02:38 2021]
Finished job 74.
39 of 173 steps (23%) done

[Thu Mar  4 15:02:38 2021]
rule dskForward:
    input: /home/meijun/Documents/data/splitFiles/zika/forward/10542-10780.fasta
    output: /home/meijun/Documents/data/kmerCounting/zika/forward/10542-10780.h5
    jobid: 46
    wildcards: sample=zika, seg=10542-10780

Select jobs to execute...
[Thu Mar  4 15:02:39 2021]
Finished job 23.
40 of 173 steps (23%) done

[Thu Mar  4 15:02:39 2021]
rule dskForwardOutputSort:
    input: /home/meijun/Documents/data/kmerCounting/zika/forward/9287-9788_dsk.txt
    output: /home/meijun/Documents/data/kmerCounting/zika/forward/9287-9788_dsk.sort
    jobid: 128
    wildcards: sample=zika, seg=9287-9788

Select jobs to execute...

[Thu Mar  4 15:02:39 2021]
rule dskForward:
    input: /home/meijun/Documents/data/splitFiles/zika/forward/6526-7027.fasta
    output: /home/meijun/Documents/data/kmerCounting/zika/forward/6526-7027.h5
    jobid: 24
    wildcards: sample=zika, seg=6526-7027

Select jobs to execute...
Select jobs to execute...
Select jobs to execute...
Select jobs to execute...
Select jobs to execute...
Select jobs to execute...
Select jobs to execute...
Select jobs to execute...
Select jobs to execute...
Select jobs to execute...
[Thu Mar  4 15:02:40 2021]
Finished job 108.
41 of 173 steps (24%) done
Select jobs to execute...

[Thu Mar  4 15:02:40 2021]
rule dskForward:
    input: /home/meijun/Documents/data/splitFiles/zika/forward/1004-1505.fasta
    output: /home/meijun/Documents/data/kmerCounting/zika/forward/1004-1505.h5
    jobid: 32
    wildcards: sample=zika, seg=1004-1505

[Thu Mar  4 15:02:40 2021]
Finished job 115.
42 of 173 steps (24%) done
Select jobs to execute...

[Thu Mar  4 15:02:40 2021]
rule dskForward:
    input: /home/meijun/Documents/data/splitFiles/zika/forward/3263-3764.fasta
    output: /home/meijun/Documents/data/kmerCounting/zika/forward/3263-3764.h5
    jobid: 39
    wildcards: sample=zika, seg=3263-3764

[Thu Mar  4 15:02:41 2021]
Finished job 129.
43 of 173 steps (25%) done
Select jobs to execute...
[Thu Mar  4 15:02:41 2021]
Finished job 138.
44 of 173 steps (25%) done

[Thu Mar  4 15:02:41 2021]
rule dskTm_calculate:
    input: /home/meijun/Documents/data/kmerCounting/zika/forward/2008-2509_dsk.sort
    output: /home/meijun/Documents/data/filtering/zika/forward/2008-2509_dsk.table
    jobid: 172
    wildcards: sample=zika, seg=2008-2509

Select jobs to execute...

[Thu Mar  4 15:02:41 2021]
rule dskForward:
    input: /home/meijun/Documents/data/splitFiles/zika/forward/7530-8031.fasta
    output: /home/meijun/Documents/data/kmerCounting/zika/forward/7530-8031.h5
    jobid: 47
    wildcards: sample=zika, seg=7530-8031

[Thu Mar  4 15:02:41 2021]
Finished job 128.
45 of 173 steps (26%) done
Select jobs to execute...

[Thu Mar  4 15:02:42 2021]
rule dskForwardOutputSort:
    input: /home/meijun/Documents/data/kmerCounting/zika/forward/6777-7278_dsk.txt
    output: /home/meijun/Documents/data/kmerCounting/zika/forward/6777-7278_dsk.sort
    jobid: 136
    wildcards: sample=zika, seg=6777-7278

[Thu Mar  4 15:02:42 2021]
Finished job 17.
46 of 173 steps (27%) done
Select jobs to execute...

[Thu Mar  4 15:02:42 2021]
rule dskTm_calculate:
    input: /home/meijun/Documents/data/kmerCounting/zika/forward/3514-4015_dsk.sort
    output: /home/meijun/Documents/data/filtering/zika/forward/3514-4015_dsk.table
    jobid: 158
    wildcards: sample=zika, seg=3514-4015

[Thu Mar  4 15:02:42 2021]
Finished job 33.
47 of 173 steps (27%) done
Select jobs to execute...
[Thu Mar  4 15:02:42 2021]
Finished job 34.
48 of 173 steps (28%) done

[Thu Mar  4 15:02:42 2021]
rule dskForwardOutput:
    input: /home/meijun/Documents/data/kmerCounting/zika/forward/5020-5521.h5
    output: /home/meijun/Documents/data/kmerCounting/zika/forward/5020-5521_dsk.txt
    jobid: 76
    wildcards: sample=zika, seg=5020-5521

Select jobs to execute...
[Thu Mar  4 15:02:42 2021]
Finished job 76.
49 of 173 steps (28%) done

[Thu Mar  4 15:02:42 2021]
rule dskTm_calculate:
    input: /home/meijun/Documents/data/kmerCounting/zika/forward/10040-10541_dsk.sort
    output: /home/meijun/Documents/data/filtering/zika/forward/10040-10541_dsk.table
    jobid: 151
    wildcards: sample=zika, seg=10040-10541

Select jobs to execute...

[Thu Mar  4 15:02:42 2021]
rule dskTm_calculate:
    input: /home/meijun/Documents/data/kmerCounting/zika/forward/5271-5772_dsk.sort
    output: /home/meijun/Documents/data/filtering/zika/forward/5271-5772_dsk.table
    jobid: 181
    wildcards: sample=zika, seg=5271-5772

[Thu Mar  4 15:02:43 2021]
Finished job 49.
50 of 173 steps (29%) done
Select jobs to execute...

[Thu Mar  4 15:02:43 2021]
rule dskForwardOutput:
    input: /home/meijun/Documents/data/kmerCounting/zika/forward/1506-2007.h5
    output: /home/meijun/Documents/data/kmerCounting/zika/forward/1506-2007_dsk.txt
    jobid: 77
    wildcards: sample=zika, seg=1506-2007

[Thu Mar  4 15:02:43 2021]
Finished job 77.
51 of 173 steps (29%) done
Select jobs to execute...

[Thu Mar  4 15:02:43 2021]
rule dskForwardOutputSort:
    input: /home/meijun/Documents/data/kmerCounting/zika/forward/1506-2007_dsk.txt
    output: /home/meijun/Documents/data/kmerCounting/zika/forward/1506-2007_dsk.sort
    jobid: 120
    wildcards: sample=zika, seg=1506-2007

[Thu Mar  4 15:02:43 2021]
Finished job 172.
52 of 173 steps (30%) done
Select jobs to execute...
[Thu Mar  4 15:02:43 2021]
Finished job 19.
53 of 173 steps (31%) done

[Thu Mar  4 15:02:43 2021]
rule dskForward:
    input: /home/meijun/Documents/data/splitFiles/zika/forward/4769-5270.fasta
    output: /home/meijun/Documents/data/kmerCounting/zika/forward/4769-5270.h5
    jobid: 40
    wildcards: sample=zika, seg=4769-5270

Select jobs to execute...

[Thu Mar  4 15:02:43 2021]
rule dskForwardOutput:
    input: /home/meijun/Documents/data/kmerCounting/zika/forward/7279-7780.h5
    output: /home/meijun/Documents/data/kmerCounting/zika/forward/7279-7780_dsk.txt
    jobid: 62
    wildcards: sample=zika, seg=7279-7780

[Thu Mar  4 15:02:44 2021]
Finished job 62.
54 of 173 steps (31%) done
Select jobs to execute...
[Thu Mar  4 15:02:44 2021]
Finished job 46.
55 of 173 steps (32%) done

[Thu Mar  4 15:02:44 2021]
rule dskForwardOutputSort:
    input: /home/meijun/Documents/data/kmerCounting/zika/forward/7279-7780_dsk.txt
    output: /home/meijun/Documents/data/kmerCounting/zika/forward/7279-7780_dsk.sort
    jobid: 105
    wildcards: sample=zika, seg=7279-7780

Select jobs to execute...
[Thu Mar  4 15:02:44 2021]
Finished job 136.
56 of 173 steps (32%) done

[Thu Mar  4 15:02:44 2021]
rule dskForwardOutput:
    input: /home/meijun/Documents/data/kmerCounting/zika/forward/5522-6023.h5
    output: /home/meijun/Documents/data/kmerCounting/zika/forward/5522-6023_dsk.txt
    jobid: 55
    wildcards: sample=zika, seg=5522-6023

Select jobs to execute...
[Thu Mar  4 15:02:44 2021]
Finished job 55.
57 of 173 steps (33%) done
[Thu Mar  4 15:02:44 2021]
Finished job 24.
58 of 173 steps (34%) done

[Thu Mar  4 15:02:44 2021]
rule dskForwardOutput:
    input: /home/meijun/Documents/data/kmerCounting/zika/forward/2761-3262.h5
    output: /home/meijun/Documents/data/kmerCounting/zika/forward/2761-3262_dsk.txt
    jobid: 70
    wildcards: sample=zika, seg=2761-3262

Select jobs to execute...
[Thu Mar  4 15:02:44 2021]
Finished job 70.
59 of 173 steps (34%) done

[Thu Mar  4 15:02:44 2021]
rule dskForwardOutput:
    input: /home/meijun/Documents/data/kmerCounting/zika/forward/5773-6274.h5
    output: /home/meijun/Documents/data/kmerCounting/zika/forward/5773-6274_dsk.txt
    jobid: 66
    wildcards: sample=zika, seg=5773-6274


[Thu Mar  4 15:02:44 2021]
rule dskForwardOutputSort:
    input: /home/meijun/Documents/data/kmerCounting/zika/forward/4016-4517_dsk.txt
    output: /home/meijun/Documents/data/kmerCounting/zika/forward/4016-4517_dsk.sort
    jobid: 122
    wildcards: sample=zika, seg=4016-4517

Select jobs to execute...
[Thu Mar  4 15:02:44 2021]
Finished job 66.
60 of 173 steps (35%) done

[Thu Mar  4 15:02:44 2021]
rule dskForwardOutputSort:
    input: /home/meijun/Documents/data/kmerCounting/zika/forward/2761-3262_dsk.txt
    output: /home/meijun/Documents/data/kmerCounting/zika/forward/2761-3262_dsk.sort
    jobid: 113
    wildcards: sample=zika, seg=2761-3262

Select jobs to execute...
[Thu Mar  4 15:02:44 2021]
Finished job 151.
61 of 173 steps (35%) done

[Thu Mar  4 15:02:44 2021]
rule dskForward:
    input: /home/meijun/Documents/data/splitFiles/zika/forward/502-1003.fasta
    output: /home/meijun/Documents/data/kmerCounting/zika/forward/502-1003.h5
    jobid: 25
    wildcards: sample=zika, seg=502-1003

Select jobs to execute...

[Thu Mar  4 15:02:44 2021]
rule dskForwardOutputSort:
    input: /home/meijun/Documents/data/kmerCounting/zika/forward/9538-10039_dsk.txt
    output: /home/meijun/Documents/data/kmerCounting/zika/forward/9538-10039_dsk.sort
    jobid: 114
    wildcards: sample=zika, seg=9538-10039

Select jobs to execute...
[Thu Mar  4 15:02:44 2021]
Finished job 158.
62 of 173 steps (36%) done
Select jobs to execute...
[Thu Mar  4 15:02:44 2021]
Finished job 181.
63 of 173 steps (36%) done

[Thu Mar  4 15:02:44 2021]
rule dskForward:
    input: /home/meijun/Documents/data/splitFiles/zika/forward/8785-9286.fasta
    output: /home/meijun/Documents/data/kmerCounting/zika/forward/8785-9286.h5
    jobid: 10
    wildcards: sample=zika, seg=8785-9286

Select jobs to execute...

[Thu Mar  4 15:02:44 2021]
rule dskForward:
    input: /home/meijun/Documents/data/splitFiles/zika/forward/8534-9035.fasta
    output: /home/meijun/Documents/data/kmerCounting/zika/forward/8534-9035.h5
    jobid: 18
    wildcards: sample=zika, seg=8534-9035

[Thu Mar  4 15:02:45 2021]
Finished job 120.
64 of 173 steps (37%) done
Select jobs to execute...

[Thu Mar  4 15:02:45 2021]
rule dskForward:
    input: /home/meijun/Documents/data/splitFiles/zika/forward/8283-8784.fasta
    output: /home/meijun/Documents/data/kmerCounting/zika/forward/8283-8784.h5
    jobid: 48
    wildcards: sample=zika, seg=8283-8784

[Thu Mar  4 15:02:45 2021]
Finished job 32.
65 of 173 steps (38%) done
Select jobs to execute...

[Thu Mar  4 15:02:45 2021]
rule dskForwardOutput:
    input: /home/meijun/Documents/data/kmerCounting/zika/forward/3765-4266.h5
    output: /home/meijun/Documents/data/kmerCounting/zika/forward/3765-4266_dsk.txt
    jobid: 78
    wildcards: sample=zika, seg=3765-4266

[Thu Mar  4 15:02:45 2021]
Finished job 78.
66 of 173 steps (38%) done
Select jobs to execute...

[Thu Mar  4 15:02:45 2021]
rule dskForwardOutputSort:
    input: /home/meijun/Documents/data/kmerCounting/zika/forward/5522-6023_dsk.txt
    output: /home/meijun/Documents/data/kmerCounting/zika/forward/5522-6023_dsk.sort
    jobid: 98
    wildcards: sample=zika, seg=5522-6023

[Thu Mar  4 15:02:45 2021]
Finished job 105.
67 of 173 steps (39%) done
Select jobs to execute...
[Thu Mar  4 15:02:45 2021]
Finished job 47.
68 of 173 steps (39%) done
[Thu Mar  4 15:02:45 2021]
Finished job 113.
69 of 173 steps (40%) done

[Thu Mar  4 15:02:45 2021]
rule dskForwardOutputSort:
    input: /home/meijun/Documents/data/kmerCounting/zika/forward/4267-4768_dsk.txt
    output: /home/meijun/Documents/data/kmerCounting/zika/forward/4267-4768_dsk.sort
    jobid: 137
    wildcards: sample=zika, seg=4267-4768

Select jobs to execute...

[Thu Mar  4 15:02:45 2021]
rule dskForwardOutput:
    input: /home/meijun/Documents/data/kmerCounting/zika/forward/6526-7027.h5
    output: /home/meijun/Documents/data/kmerCounting/zika/forward/6526-7027_dsk.txt
    jobid: 67
    wildcards: sample=zika, seg=6526-7027


[Thu Mar  4 15:02:45 2021]
rule dskForward:
    input: /home/meijun/Documents/data/splitFiles/zika/forward/8032-8533.fasta
    output: /home/meijun/Documents/data/kmerCounting/zika/forward/8032-8533.h5
    jobid: 26
    wildcards: sample=zika, seg=8032-8533

Select jobs to execute...
[Thu Mar  4 15:02:46 2021]
Finished job 67.
70 of 173 steps (40%) done
[Thu Mar  4 15:02:46 2021]
Finished job 114.
71 of 173 steps (41%) done
Select jobs to execute...

[Thu Mar  4 15:02:46 2021]
rule dskTm_calculate:
    input: /home/meijun/Documents/data/kmerCounting/zika/forward/9287-9788_dsk.sort
    output: /home/meijun/Documents/data/filtering/zika/forward/9287-9788_dsk.table
    jobid: 171
    wildcards: sample=zika, seg=9287-9788

[Thu Mar  4 15:02:46 2021]
rule dskForward:
    input: /home/meijun/Documents/data/splitFiles/zika/forward/251-752.fasta
    output: /home/meijun/Documents/data/kmerCounting/zika/forward/251-752.h5
    jobid: 11
    wildcards: sample=zika, seg=251-752

Select jobs to execute...
[Thu Mar  4 15:02:46 2021]
Finished job 39.
72 of 173 steps (42%) done
Select jobs to execute...

[Thu Mar  4 15:02:46 2021]
rule dskForwardOutput:
    input: /home/meijun/Documents/data/kmerCounting/zika/forward/7530-8031.h5
    output: /home/meijun/Documents/data/kmerCounting/zika/forward/7530-8031_dsk.txt
    jobid: 90
    wildcards: sample=zika, seg=7530-8031

[Thu Mar  4 15:02:46 2021]
Finished job 90.
73 of 173 steps (42%) done
Select jobs to execute...

[Thu Mar  4 15:02:46 2021]
rule dskForwardOutputSort:
    input: /home/meijun/Documents/data/kmerCounting/zika/forward/3765-4266_dsk.txt
    output: /home/meijun/Documents/data/kmerCounting/zika/forward/3765-4266_dsk.sort
    jobid: 121
    wildcards: sample=zika, seg=3765-4266

[Thu Mar  4 15:02:46 2021]
Finished job 122.
74 of 173 steps (43%) done
Select jobs to execute...

[Thu Mar  4 15:02:46 2021]
rule dskTm_calculate:
    input: /home/meijun/Documents/data/kmerCounting/zika/forward/4016-4517_dsk.sort
    output: /home/meijun/Documents/data/filtering/zika/forward/4016-4517_dsk.table
    jobid: 165
    wildcards: sample=zika, seg=4016-4517

[Thu Mar  4 15:02:47 2021]
Finished job 137.
75 of 173 steps (43%) done
Select jobs to execute...

[Thu Mar  4 15:02:47 2021]
rule dskTm_calculate:
    input: /home/meijun/Documents/data/kmerCounting/zika/forward/4267-4768_dsk.sort
    output: /home/meijun/Documents/data/filtering/zika/forward/4267-4768_dsk.table
    jobid: 180
    wildcards: sample=zika, seg=4267-4768

[Thu Mar  4 15:02:48 2021]
Finished job 171.
76 of 173 steps (44%) done
Select jobs to execute...
[Thu Mar  4 15:02:48 2021]
Finished job 40.
77 of 173 steps (45%) done

[Thu Mar  4 15:02:48 2021]
rule dskForwardOutput:
    input: /home/meijun/Documents/data/kmerCounting/zika/forward/6275-6776.h5
    output: /home/meijun/Documents/data/kmerCounting/zika/forward/6275-6776_dsk.txt
    jobid: 63
    wildcards: sample=zika, seg=6275-6776

Select jobs to execute...
[Thu Mar  4 15:02:48 2021]
Finished job 63.
78 of 173 steps (45%) done

[Thu Mar  4 15:02:48 2021]
rule dskForwardOutput:
    input: /home/meijun/Documents/data/kmerCounting/zika/forward/4769-5270.h5
    output: /home/meijun/Documents/data/kmerCounting/zika/forward/4769-5270_dsk.txt
    jobid: 83
    wildcards: sample=zika, seg=4769-5270

Select jobs to execute...
[Thu Mar  4 15:02:48 2021]
Finished job 83.
79 of 173 steps (46%) done

[Thu Mar  4 15:02:48 2021]
rule dskForwardOutputSort:
    input: /home/meijun/Documents/data/kmerCounting/zika/forward/6275-6776_dsk.txt
    output: /home/meijun/Documents/data/kmerCounting/zika/forward/6275-6776_dsk.sort
    jobid: 106
    wildcards: sample=zika, seg=6275-6776

Select jobs to execute...

[Thu Mar  4 15:02:48 2021]
rule dskForwardOutputSort:
    input: /home/meijun/Documents/data/kmerCounting/zika/forward/753-1254_dsk.txt
    output: /home/meijun/Documents/data/kmerCounting/zika/forward/753-1254_dsk.sort
    jobid: 107
    wildcards: sample=zika, seg=753-1254

[Thu Mar  4 15:02:48 2021]
Finished job 98.
80 of 173 steps (46%) done
Select jobs to execute...

[Thu Mar  4 15:02:48 2021]
rule dskForwardOutput:
    input: /home/meijun/Documents/data/kmerCounting/zika/forward/3012-3513.h5
    output: /home/meijun/Documents/data/kmerCounting/zika/forward/3012-3513_dsk.txt
    jobid: 92
    wildcards: sample=zika, seg=3012-3513

[Thu Mar  4 15:02:48 2021]
Finished job 92.
81 of 173 steps (47%) done
Select jobs to execute...

[Thu Mar  4 15:02:48 2021]
rule dskForwardOutputSort:
    input: /home/meijun/Documents/data/kmerCounting/zika/forward/3012-3513_dsk.txt
    output: /home/meijun/Documents/data/kmerCounting/zika/forward/3012-3513_dsk.sort
    jobid: 135
    wildcards: sample=zika, seg=3012-3513

[Thu Mar  4 15:02:48 2021]
Finished job 165.
82 of 173 steps (47%) done
Select jobs to execute...
[Thu Mar  4 15:02:48 2021]
Finished job 121.
83 of 173 steps (48%) done

[Thu Mar  4 15:02:48 2021]
rule dskForwardOutput:
    input: /home/meijun/Documents/data/kmerCounting/zika/forward/4518-5019.h5
    output: /home/meijun/Documents/data/kmerCounting/zika/forward/4518-5019_dsk.txt
    jobid: 56
    wildcards: sample=zika, seg=4518-5019

Select jobs to execute...
[Thu Mar  4 15:02:48 2021]
Finished job 25.
84 of 173 steps (49%) done
[Thu Mar  4 15:02:48 2021]
Finished job 56.
85 of 173 steps (49%) done

[Thu Mar  4 15:02:48 2021]
rule dskForwardOutputSort:
    input: /home/meijun/Documents/data/kmerCounting/zika/forward/1255-1756_dsk.txt
    output: /home/meijun/Documents/data/kmerCounting/zika/forward/1255-1756_dsk.sort
    jobid: 100
    wildcards: sample=zika, seg=1255-1756

Select jobs to execute...

[Thu Mar  4 15:02:48 2021]
rule dskTm_calculate:
    input: /home/meijun/Documents/data/kmerCounting/zika/forward/3765-4266_dsk.sort
    output: /home/meijun/Documents/data/filtering/zika/forward/3765-4266_dsk.table
    jobid: 164
    wildcards: sample=zika, seg=3765-4266

[Thu Mar  4 15:02:48 2021]
rule dskForwardOutput:
    input: /home/meijun/Documents/data/kmerCounting/zika/forward/7781-8282.h5
    output: /home/meijun/Documents/data/kmerCounting/zika/forward/7781-8282_dsk.txt
    jobid: 73
    wildcards: sample=zika, seg=7781-8282

Select jobs to execute...
[Thu Mar  4 15:02:49 2021]
Finished job 73.
86 of 173 steps (50%) done
Select jobs to execute...

[Thu Mar  4 15:02:49 2021]
rule dskForwardOutput:
    input: /home/meijun/Documents/data/kmerCounting/zika/forward/502-1003.h5
    output: /home/meijun/Documents/data/kmerCounting/zika/forward/502-1003_dsk.txt
    jobid: 68
    wildcards: sample=zika, seg=502-1003

[Thu Mar  4 15:02:49 2021]
Finished job 68.
87 of 173 steps (50%) done
Select jobs to execute...
[Thu Mar  4 15:02:49 2021]
Finished job 10.
88 of 173 steps (51%) done

[Thu Mar  4 15:02:49 2021]
rule dskForwardOutputSort:
    input: /home/meijun/Documents/data/kmerCounting/zika/forward/4518-5019_dsk.txt
    output: /home/meijun/Documents/data/kmerCounting/zika/forward/4518-5019_dsk.sort
    jobid: 99
    wildcards: sample=zika, seg=4518-5019

Select jobs to execute...

[Thu Mar  4 15:02:49 2021]
rule dskForwardOutput:
    input: /home/meijun/Documents/data/kmerCounting/zika/forward/8785-9286.h5
    output: /home/meijun/Documents/data/kmerCounting/zika/forward/8785-9286_dsk.txt
    jobid: 53
    wildcards: sample=zika, seg=8785-9286

[Thu Mar  4 15:02:49 2021]
Finished job 53.
89 of 173 steps (51%) done
Select jobs to execute...

[Thu Mar  4 15:02:49 2021]
rule dskForward:
    input: /home/meijun/Documents/data/splitFiles/zika/forward/9036-9537.fasta
    output: /home/meijun/Documents/data/kmerCounting/zika/forward/9036-9537.h5
    jobid: 41
    wildcards: sample=zika, seg=9036-9537

[Thu Mar  4 15:02:49 2021]
Finished job 18.
90 of 173 steps (52%) done
Select jobs to execute...

[Thu Mar  4 15:02:49 2021]
rule dskTm_calculate:
    input: /home/meijun/Documents/data/kmerCounting/zika/forward/9538-10039_dsk.sort
    output: /home/meijun/Documents/data/filtering/zika/forward/9538-10039_dsk.table
    jobid: 157
    wildcards: sample=zika, seg=9538-10039

[Thu Mar  4 15:02:49 2021]
Finished job 106.
91 of 173 steps (53%) done
Select jobs to execute...

[Thu Mar  4 15:02:49 2021]
rule dskForwardOutputSort:
    input: /home/meijun/Documents/data/kmerCounting/zika/forward/2259-2760_dsk.txt
    output: /home/meijun/Documents/data/kmerCounting/zika/forward/2259-2760_dsk.sort
    jobid: 130
    wildcards: sample=zika, seg=2259-2760

[Thu Mar  4 15:02:49 2021]
Finished job 180.
92 of 173 steps (53%) done
Select jobs to execute...

[Thu Mar  4 15:02:50 2021]
rule dskForwardOutputSort:
    input: /home/meijun/Documents/data/kmerCounting/zika/forward/10291-10792_dsk.txt
    output: /home/meijun/Documents/data/kmerCounting/zika/forward/10291-10792_dsk.sort
    jobid: 124
    wildcards: sample=zika, seg=10291-10792

[Thu Mar  4 15:02:50 2021]
Finished job 107.
93 of 173 steps (54%) done
Select jobs to execute...

[Thu Mar  4 15:02:50 2021]
rule dskForwardOutput:
    input: /home/meijun/Documents/data/kmerCounting/zika/forward/8534-9035.h5
    output: /home/meijun/Documents/data/kmerCounting/zika/forward/8534-9035_dsk.txt
    jobid: 61
    wildcards: sample=zika, seg=8534-9035

[Thu Mar  4 15:02:50 2021]
Finished job 135.
94 of 173 steps (54%) done
Select jobs to execute...
[Thu Mar  4 15:02:50 2021]
Finished job 61.
95 of 173 steps (55%) done

[Thu Mar  4 15:02:50 2021]
rule dskForwardOutputSort:
    input: /home/meijun/Documents/data/kmerCounting/zika/forward/7781-8282_dsk.txt
    output: /home/meijun/Documents/data/kmerCounting/zika/forward/7781-8282_dsk.sort
    jobid: 116
    wildcards: sample=zika, seg=7781-8282

Select jobs to execute...

[Thu Mar  4 15:02:50 2021]
rule dskForwardOutput:
    input: /home/meijun/Documents/data/kmerCounting/zika/forward/6024-6525.h5
    output: /home/meijun/Documents/data/kmerCounting/zika/forward/6024-6525_dsk.txt
    jobid: 80
    wildcards: sample=zika, seg=6024-6525

[Thu Mar  4 15:02:50 2021]
Finished job 80.
96 of 173 steps (55%) done
[Thu Mar  4 15:02:50 2021]
Finished job 48.
97 of 173 steps (56%) done
Select jobs to execute...
[Thu Mar  4 15:02:50 2021]
Finished job 164.
98 of 173 steps (57%) done

[Thu Mar  4 15:02:50 2021]
rule dskForwardOutputSort:
    input: /home/meijun/Documents/data/kmerCounting/zika/forward/5020-5521_dsk.txt
    output: /home/meijun/Documents/data/kmerCounting/zika/forward/5020-5521_dsk.sort
    jobid: 119
    wildcards: sample=zika, seg=5020-5521

[Thu Mar  4 15:02:50 2021]
rule dskTm_calculate:
    input: /home/meijun/Documents/data/kmerCounting/zika/forward/7279-7780_dsk.sort
    output: /home/meijun/Documents/data/filtering/zika/forward/7279-7780_dsk.table
    jobid: 148
    wildcards: sample=zika, seg=7279-7780

Select jobs to execute...
[Thu Mar  4 15:02:50 2021]
Finished job 100.
99 of 173 steps (57%) done
[Thu Mar  4 15:02:50 2021]
Finished job 26.
100 of 173 steps (58%) done

[Thu Mar  4 15:02:50 2021]
rule dskForwardOutput:
    input: /home/meijun/Documents/data/kmerCounting/zika/forward/8283-8784.h5
    output: /home/meijun/Documents/data/kmerCounting/zika/forward/8283-8784_dsk.txt
    jobid: 91
    wildcards: sample=zika, seg=8283-8784

Select jobs to execute...
[Thu Mar  4 15:02:50 2021]
Finished job 91.
101 of 173 steps (58%) done

[Thu Mar  4 15:02:50 2021]
rule dskTm_calculate:
    input: /home/meijun/Documents/data/kmerCounting/zika/forward/1506-2007_dsk.sort
    output: /home/meijun/Documents/data/filtering/zika/forward/1506-2007_dsk.table
    jobid: 163
    wildcards: sample=zika, seg=1506-2007

[Thu Mar  4 15:02:50 2021]
rule dskForwardOutput:
    input: /home/meijun/Documents/data/kmerCounting/zika/forward/8032-8533.h5
    output: /home/meijun/Documents/data/kmerCounting/zika/forward/8032-8533_dsk.txt
    jobid: 69
    wildcards: sample=zika, seg=8032-8533

Select jobs to execute...
[Thu Mar  4 15:02:50 2021]
Finished job 69.
102 of 173 steps (59%) done
[Thu Mar  4 15:02:50 2021]
Finished job 99.
103 of 173 steps (60%) done

[Thu Mar  4 15:02:50 2021]
rule dskTm_calculate:
    input: /home/meijun/Documents/data/kmerCounting/zika/forward/1255-1756_dsk.sort
    output: /home/meijun/Documents/data/filtering/zika/forward/1255-1756_dsk.table
    jobid: 143
    wildcards: sample=zika, seg=1255-1756

Select jobs to execute...

[Thu Mar  4 15:02:50 2021]
rule dskForwardOutputSort:
    input: /home/meijun/Documents/data/kmerCounting/zika/forward/7530-8031_dsk.txt
    output: /home/meijun/Documents/data/kmerCounting/zika/forward/7530-8031_dsk.sort
    jobid: 133
    wildcards: sample=zika, seg=7530-8031

[Thu Mar  4 15:02:50 2021]
rule dskForwardOutputSort:
    input: /home/meijun/Documents/data/kmerCounting/zika/forward/8032-8533_dsk.txt
    output: /home/meijun/Documents/data/kmerCounting/zika/forward/8032-8533_dsk.sort
    jobid: 112
    wildcards: sample=zika, seg=8032-8533

Select jobs to execute...
Select jobs to execute...
Select jobs to execute...
[Thu Mar  4 15:02:50 2021]
Finished job 11.
104 of 173 steps (60%) done
Select jobs to execute...

[Thu Mar  4 15:02:50 2021]
rule dskTm_calculate:
    input: /home/meijun/Documents/data/kmerCounting/zika/forward/4518-5019_dsk.sort
    output: /home/meijun/Documents/data/filtering/zika/forward/4518-5019_dsk.table
    jobid: 142
    wildcards: sample=zika, seg=4518-5019

[Thu Mar  4 15:02:51 2021]
Finished job 130.
105 of 173 steps (61%) done
Select jobs to execute...

[Thu Mar  4 15:02:51 2021]
rule dskForwardOutput:
    input: /home/meijun/Documents/data/kmerCounting/zika/forward/251-752.h5
    output: /home/meijun/Documents/data/kmerCounting/zika/forward/251-752_dsk.txt
    jobid: 54
    wildcards: sample=zika, seg=251-752

[Thu Mar  4 15:02:51 2021]
Finished job 157.
106 of 173 steps (61%) done
[Thu Mar  4 15:02:51 2021]
Finished job 54.
107 of 173 steps (62%) done
Select jobs to execute...

[Thu Mar  4 15:02:51 2021]
rule dskTm_calculate:
    input: /home/meijun/Documents/data/kmerCounting/zika/forward/2259-2760_dsk.sort
    output: /home/meijun/Documents/data/filtering/zika/forward/2259-2760_dsk.table
    jobid: 173
    wildcards: sample=zika, seg=2259-2760

[Thu Mar  4 15:02:51 2021]
rule dskTm_calculate:
    input: /home/meijun/Documents/data/kmerCounting/zika/forward/2761-3262_dsk.sort
    output: /home/meijun/Documents/data/filtering/zika/forward/2761-3262_dsk.table
    jobid: 156
    wildcards: sample=zika, seg=2761-3262

Select jobs to execute...
[Thu Mar  4 15:02:51 2021]
Finished job 124.
108 of 173 steps (62%) done
Select jobs to execute...

[Thu Mar  4 15:02:51 2021]
rule dskForwardOutputSort:
    input: /home/meijun/Documents/data/kmerCounting/zika/forward/251-752_dsk.txt
    output: /home/meijun/Documents/data/kmerCounting/zika/forward/251-752_dsk.sort
    jobid: 97
    wildcards: sample=zika, seg=251-752

[Thu Mar  4 15:02:51 2021]
Finished job 116.
109 of 173 steps (63%) done
Select jobs to execute...

[Thu Mar  4 15:02:51 2021]
rule dskTm_calculate:
    input: /home/meijun/Documents/data/kmerCounting/zika/forward/10291-10792_dsk.sort
    output: /home/meijun/Documents/data/filtering/zika/forward/10291-10792_dsk.table
    jobid: 167
    wildcards: sample=zika, seg=10291-10792

[Thu Mar  4 15:02:51 2021]
Finished job 119.
110 of 173 steps (64%) done
Select jobs to execute...

[Thu Mar  4 15:02:52 2021]
rule dskTm_calculate:
    input: /home/meijun/Documents/data/kmerCounting/zika/forward/7781-8282_dsk.sort
    output: /home/meijun/Documents/data/filtering/zika/forward/7781-8282_dsk.table
    jobid: 159
    wildcards: sample=zika, seg=7781-8282

[Thu Mar  4 15:02:52 2021]
Finished job 143.
111 of 173 steps (64%) done
Select jobs to execute...
[Thu Mar  4 15:02:52 2021]
Finished job 163.
112 of 173 steps (65%) done

[Thu Mar  4 15:02:52 2021]
rule dskForwardOutputSort:
    input: /home/meijun/Documents/data/kmerCounting/zika/forward/6024-6525_dsk.txt
    output: /home/meijun/Documents/data/kmerCounting/zika/forward/6024-6525_dsk.sort
    jobid: 123
    wildcards: sample=zika, seg=6024-6525

Select jobs to execute...
[Thu Mar  4 15:02:52 2021]
Finished job 112.
113 of 173 steps (65%) done

[Thu Mar  4 15:02:52 2021]
rule dskForwardOutputSort:
    input: /home/meijun/Documents/data/kmerCounting/zika/forward/5773-6274_dsk.txt
    output: /home/meijun/Documents/data/kmerCounting/zika/forward/5773-6274_dsk.sort
    jobid: 109
    wildcards: sample=zika, seg=5773-6274

Select jobs to execute...
[Thu Mar  4 15:02:52 2021]
Finished job 142.
114 of 173 steps (66%) done

[Thu Mar  4 15:02:52 2021]
rule dskForwardOutputSort:
    input: /home/meijun/Documents/data/kmerCounting/zika/forward/9789-10290_dsk.txt
    output: /home/meijun/Documents/data/kmerCounting/zika/forward/9789-10290_dsk.sort
    jobid: 131
    wildcards: sample=zika, seg=9789-10290

Select jobs to execute...

[Thu Mar  4 15:02:52 2021]
rule dskTm_calculate:
    input: /home/meijun/Documents/data/kmerCounting/zika/forward/5020-5521_dsk.sort
    output: /home/meijun/Documents/data/filtering/zika/forward/5020-5521_dsk.table
    jobid: 162
    wildcards: sample=zika, seg=5020-5521

[Thu Mar  4 15:02:52 2021]
Finished job 133.
115 of 173 steps (66%) done
Select jobs to execute...
[Thu Mar  4 15:02:52 2021]
Finished job 148.
116 of 173 steps (67%) done

[Thu Mar  4 15:02:52 2021]
rule dskTm_calculate:
    input: /home/meijun/Documents/data/kmerCounting/zika/forward/7530-8031_dsk.sort
    output: /home/meijun/Documents/data/filtering/zika/forward/7530-8031_dsk.table
    jobid: 176
    wildcards: sample=zika, seg=7530-8031

Select jobs to execute...

[Thu Mar  4 15:02:52 2021]
rule dskTm_calculate:
    input: /home/meijun/Documents/data/kmerCounting/zika/forward/8032-8533_dsk.sort
    output: /home/meijun/Documents/data/filtering/zika/forward/8032-8533_dsk.table
    jobid: 155
    wildcards: sample=zika, seg=8032-8533

[Thu Mar  4 15:02:52 2021]
Finished job 173.
117 of 173 steps (68%) done
Select jobs to execute...

[Thu Mar  4 15:02:52 2021]
rule dskForwardOutput:
    input: /home/meijun/Documents/data/kmerCounting/zika/forward/3263-3764.h5
    output: /home/meijun/Documents/data/kmerCounting/zika/forward/3263-3764_dsk.txt
    jobid: 82
    wildcards: sample=zika, seg=3263-3764

[Thu Mar  4 15:02:52 2021]
Finished job 156.
118 of 173 steps (68%) done
Select jobs to execute...
[Thu Mar  4 15:02:52 2021]
Finished job 82.
119 of 173 steps (69%) done

[Thu Mar  4 15:02:53 2021]
rule dskForwardOutputSort:
    input: /home/meijun/Documents/data/kmerCounting/zika/forward/4769-5270_dsk.txt
    output: /home/meijun/Documents/data/kmerCounting/zika/forward/4769-5270_dsk.sort
    jobid: 126
    wildcards: sample=zika, seg=4769-5270

Select jobs to execute...

[Thu Mar  4 15:02:53 2021]
rule dskTm_calculate:
    input: /home/meijun/Documents/data/kmerCounting/zika/forward/753-1254_dsk.sort
    output: /home/meijun/Documents/data/filtering/zika/forward/753-1254_dsk.table
    jobid: 150
    wildcards: sample=zika, seg=753-1254

[Thu Mar  4 15:02:53 2021]
Finished job 167.
120 of 173 steps (69%) done
Select jobs to execute...
[Thu Mar  4 15:02:53 2021]
Finished job 97.
121 of 173 steps (70%) done

[Thu Mar  4 15:02:53 2021]
rule dskTm_calculate:
    input: /home/meijun/Documents/data/kmerCounting/zika/forward/5522-6023_dsk.sort
    output: /home/meijun/Documents/data/filtering/zika/forward/5522-6023_dsk.table
    jobid: 141
    wildcards: sample=zika, seg=5522-6023

Select jobs to execute...

[Thu Mar  4 15:02:53 2021]
rule dskForwardOutputSort:
    input: /home/meijun/Documents/data/kmerCounting/zika/forward/502-1003_dsk.txt
    output: /home/meijun/Documents/data/kmerCounting/zika/forward/502-1003_dsk.sort
    jobid: 111
    wildcards: sample=zika, seg=502-1003

[Thu Mar  4 15:02:53 2021]
Finished job 41.
122 of 173 steps (71%) done
Select jobs to execute...

[Thu Mar  4 15:02:53 2021]
rule dskForwardOutput:
    input: /home/meijun/Documents/data/kmerCounting/zika/forward/9036-9537.h5
    output: /home/meijun/Documents/data/kmerCounting/zika/forward/9036-9537_dsk.txt
    jobid: 84
    wildcards: sample=zika, seg=9036-9537

[Thu Mar  4 15:02:53 2021]
Finished job 84.
123 of 173 steps (71%) done
Select jobs to execute...

[Thu Mar  4 15:02:53 2021]
rule dskForwardOutputSort:
    input: /home/meijun/Documents/data/kmerCounting/zika/forward/9036-9537_dsk.txt
    output: /home/meijun/Documents/data/kmerCounting/zika/forward/9036-9537_dsk.sort
    jobid: 127
    wildcards: sample=zika, seg=9036-9537

[Thu Mar  4 15:02:53 2021]
Finished job 123.
124 of 173 steps (72%) done
Select jobs to execute...
[Thu Mar  4 15:02:53 2021]
Finished job 159.
125 of 173 steps (72%) done

[Thu Mar  4 15:02:53 2021]
rule dskForwardOutputSort:
    input: /home/meijun/Documents/data/kmerCounting/zika/forward/8785-9286_dsk.txt
    output: /home/meijun/Documents/data/kmerCounting/zika/forward/8785-9286_dsk.sort
    jobid: 96
    wildcards: sample=zika, seg=8785-9286

Select jobs to execute...
[Thu Mar  4 15:02:53 2021]
Finished job 131.
126 of 173 steps (73%) done

[Thu Mar  4 15:02:53 2021]
rule dskForwardOutputSort:
    input: /home/meijun/Documents/data/kmerCounting/zika/forward/2510-3011_dsk.txt
    output: /home/meijun/Documents/data/kmerCounting/zika/forward/2510-3011_dsk.sort
    jobid: 102
    wildcards: sample=zika, seg=2510-3011

Select jobs to execute...

[Thu Mar  4 15:02:53 2021]
rule dskTm_calculate:
    input: /home/meijun/Documents/data/kmerCounting/zika/forward/251-752_dsk.sort
    output: /home/meijun/Documents/data/filtering/zika/forward/251-752_dsk.table
    jobid: 140
    wildcards: sample=zika, seg=251-752

[Thu Mar  4 15:02:53 2021]
Finished job 162.
127 of 173 steps (73%) done
Select jobs to execute...
[Thu Mar  4 15:02:53 2021]
Finished job 176.
128 of 173 steps (74%) done
[Thu Mar  4 15:02:53 2021]
Finished job 109.
129 of 173 steps (75%) done

[Thu Mar  4 15:02:53 2021]
rule dskForwardOutput:
    input: /home/meijun/Documents/data/kmerCounting/zika/forward/0-501.h5
    output: /home/meijun/Documents/data/kmerCounting/zika/forward/0-501_dsk.txt
    jobid: 60
    wildcards: sample=zika, seg=0-501

Select jobs to execute...
[Thu Mar  4 15:02:53 2021]
Finished job 60.
130 of 173 steps (75%) done
[Thu Mar  4 15:02:53 2021]
Finished job 155.
131 of 173 steps (76%) done

[Thu Mar  4 15:02:54 2021]
rule dskTm_calculate:
    input: /home/meijun/Documents/data/kmerCounting/zika/forward/5773-6274_dsk.sort
    output: /home/meijun/Documents/data/filtering/zika/forward/5773-6274_dsk.table
    jobid: 152
    wildcards: sample=zika, seg=5773-6274

[Thu Mar  4 15:02:54 2021]
rule dskForwardOutputSort:
    input: /home/meijun/Documents/data/kmerCounting/zika/forward/8283-8784_dsk.txt
    output: /home/meijun/Documents/data/kmerCounting/zika/forward/8283-8784_dsk.sort
    jobid: 134
    wildcards: sample=zika, seg=8283-8784

Select jobs to execute...

[Thu Mar  4 15:02:54 2021]
rule dskTm_calculate:
    input: /home/meijun/Documents/data/kmerCounting/zika/forward/3012-3513_dsk.sort
    output: /home/meijun/Documents/data/filtering/zika/forward/3012-3513_dsk.table
    jobid: 178
    wildcards: sample=zika, seg=3012-3513

[Thu Mar  4 15:02:54 2021]
rule dskTm_calculate:
    input: /home/meijun/Documents/data/kmerCounting/zika/forward/9789-10290_dsk.sort
    output: /home/meijun/Documents/data/filtering/zika/forward/9789-10290_dsk.table
    jobid: 174
    wildcards: sample=zika, seg=9789-10290

Select jobs to execute...
Select jobs to execute...
[Thu Mar  4 15:02:54 2021]
Finished job 126.
132 of 173 steps (76%) done
Select jobs to execute...

[Thu Mar  4 15:02:54 2021]
rule dskForwardOutput:
    input: /home/meijun/Documents/data/kmerCounting/zika/forward/1004-1505.h5
    output: /home/meijun/Documents/data/kmerCounting/zika/forward/1004-1505_dsk.txt
    jobid: 75
    wildcards: sample=zika, seg=1004-1505

[Thu Mar  4 15:02:54 2021]
Finished job 75.
133 of 173 steps (77%) done
Select jobs to execute...

[Thu Mar  4 15:02:54 2021]
rule dskTm_calculate:
    input: /home/meijun/Documents/data/kmerCounting/zika/forward/6777-7278_dsk.sort
    output: /home/meijun/Documents/data/filtering/zika/forward/6777-7278_dsk.table
    jobid: 179
    wildcards: sample=zika, seg=6777-7278

[Thu Mar  4 15:02:54 2021]
Finished job 150.
134 of 173 steps (77%) done
Select jobs to execute...

[Thu Mar  4 15:02:54 2021]
rule dskTm_calculate:
    input: /home/meijun/Documents/data/kmerCounting/zika/forward/6275-6776_dsk.sort
    output: /home/meijun/Documents/data/filtering/zika/forward/6275-6776_dsk.table
    jobid: 149
    wildcards: sample=zika, seg=6275-6776

[Thu Mar  4 15:02:54 2021]
Finished job 111.
135 of 173 steps (78%) done
Select jobs to execute...

[Thu Mar  4 15:02:54 2021]
rule dskForwardOutput:
    input: /home/meijun/Documents/data/kmerCounting/zika/forward/10542-10780.h5
    output: /home/meijun/Documents/data/kmerCounting/zika/forward/10542-10780_dsk.txt
    jobid: 89
    wildcards: sample=zika, seg=10542-10780

[Thu Mar  4 15:02:54 2021]
Finished job 89.
136 of 173 steps (79%) done
Select jobs to execute...

[Thu Mar  4 15:02:54 2021]
rule dskForward:
    input: /home/meijun/Documents/data/splitFiles/zika/forward/1757-2258.fasta
    output: /home/meijun/Documents/data/kmerCounting/zika/forward/1757-2258.h5
    jobid: 15
    wildcards: sample=zika, seg=1757-2258

[Thu Mar  4 15:02:55 2021]
Finished job 127.
137 of 173 steps (79%) done
Select jobs to execute...
[Thu Mar  4 15:02:55 2021]
Finished job 141.
138 of 173 steps (80%) done
[Thu Mar  4 15:02:55 2021]
Finished job 102.
139 of 173 steps (80%) done

[Thu Mar  4 15:02:55 2021]
rule dskTm_calculate:
    input: /home/meijun/Documents/data/kmerCounting/zika/forward/9036-9537_dsk.sort
    output: /home/meijun/Documents/data/filtering/zika/forward/9036-9537_dsk.table
    jobid: 170
    wildcards: sample=zika, seg=9036-9537

Select jobs to execute...

[Thu Mar  4 15:02:55 2021]
rule dskTm_calculate:
    input: /home/meijun/Documents/data/kmerCounting/zika/forward/4769-5270_dsk.sort
    output: /home/meijun/Documents/data/filtering/zika/forward/4769-5270_dsk.table
    jobid: 169
    wildcards: sample=zika, seg=4769-5270

[Thu Mar  4 15:02:55 2021]
rule dskTm_calculate:
    input: /home/meijun/Documents/data/kmerCounting/zika/forward/502-1003_dsk.sort
    output: /home/meijun/Documents/data/filtering/zika/forward/502-1003_dsk.table
    jobid: 154
    wildcards: sample=zika, seg=502-1003

[Thu Mar  4 15:02:55 2021]
Finished job 96.
140 of 173 steps (81%) done
Select jobs to execute...
[Thu Mar  4 15:02:55 2021]
Finished job 140.
141 of 173 steps (82%) done

[Thu Mar  4 15:02:55 2021]
rule dskForwardOutputSort:
    input: /home/meijun/Documents/data/kmerCounting/zika/forward/8534-9035_dsk.txt
    output: /home/meijun/Documents/data/kmerCounting/zika/forward/8534-9035_dsk.sort
    jobid: 104
    wildcards: sample=zika, seg=8534-9035

Select jobs to execute...

[Thu Mar  4 15:02:55 2021]
rule dskForwardOutputSort:
    input: /home/meijun/Documents/data/kmerCounting/zika/forward/10542-10780_dsk.txt
    output: /home/meijun/Documents/data/kmerCounting/zika/forward/10542-10780_dsk.sort
    jobid: 132
    wildcards: sample=zika, seg=10542-10780

Select jobs to execute...
[Thu Mar  4 15:02:55 2021]
Finished job 134.
142 of 173 steps (82%) done
Select jobs to execute...

[Thu Mar  4 15:02:55 2021]
rule dskTm_calculate:
    input: /home/meijun/Documents/data/kmerCounting/zika/forward/8283-8784_dsk.sort
    output: /home/meijun/Documents/data/filtering/zika/forward/8283-8784_dsk.table
    jobid: 177
    wildcards: sample=zika, seg=8283-8784

[Thu Mar  4 15:02:55 2021]
Finished job 152.
143 of 173 steps (83%) done
Select jobs to execute...

[Thu Mar  4 15:02:55 2021]
rule dskForwardOutputSort:
    input: /home/meijun/Documents/data/kmerCounting/zika/forward/3263-3764_dsk.txt
    output: /home/meijun/Documents/data/kmerCounting/zika/forward/3263-3764_dsk.sort
    jobid: 125
    wildcards: sample=zika, seg=3263-3764

[Thu Mar  4 15:02:55 2021]
Finished job 174.
144 of 173 steps (83%) done
Select jobs to execute...

[Thu Mar  4 15:02:55 2021]
rule dskForwardOutputSort:
    input: /home/meijun/Documents/data/kmerCounting/zika/forward/7028-7529_dsk.txt
    output: /home/meijun/Documents/data/kmerCounting/zika/forward/7028-7529_dsk.sort
    jobid: 117
    wildcards: sample=zika, seg=7028-7529

[Thu Mar  4 15:02:55 2021]
Finished job 178.
145 of 173 steps (84%) done
Select jobs to execute...

[Thu Mar  4 15:02:55 2021]
rule dskTm_calculate:
    input: /home/meijun/Documents/data/kmerCounting/zika/forward/2510-3011_dsk.sort
    output: /home/meijun/Documents/data/filtering/zika/forward/2510-3011_dsk.table
    jobid: 145
    wildcards: sample=zika, seg=2510-3011

[Thu Mar  4 15:02:56 2021]
Finished job 149.
146 of 173 steps (84%) done
[Thu Mar  4 15:02:56 2021]
Finished job 179.
147 of 173 steps (85%) done
Select jobs to execute...

[Thu Mar  4 15:02:56 2021]
rule dskTm_calculate:
    input: /home/meijun/Documents/data/kmerCounting/zika/forward/8785-9286_dsk.sort
    output: /home/meijun/Documents/data/filtering/zika/forward/8785-9286_dsk.table
    jobid: 139
    wildcards: sample=zika, seg=8785-9286

[Thu Mar  4 15:02:56 2021]
rule dskForwardOutputSort:
    input: /home/meijun/Documents/data/kmerCounting/zika/forward/0-501_dsk.txt
    output: /home/meijun/Documents/data/kmerCounting/zika/forward/0-501_dsk.sort
    jobid: 103
    wildcards: sample=zika, seg=0-501

Select jobs to execute...
[Thu Mar  4 15:02:56 2021]
Finished job 169.
148 of 173 steps (86%) done
Select jobs to execute...

[Thu Mar  4 15:02:56 2021]
rule dskTm_calculate:
    input: /home/meijun/Documents/data/kmerCounting/zika/forward/6024-6525_dsk.sort
    output: /home/meijun/Documents/data/filtering/zika/forward/6024-6525_dsk.table
    jobid: 166
    wildcards: sample=zika, seg=6024-6525

[Thu Mar  4 15:02:56 2021]
Finished job 104.
149 of 173 steps (86%) done
Select jobs to execute...

[Thu Mar  4 15:02:56 2021]
rule dskTm_calculate:
    input: /home/meijun/Documents/data/kmerCounting/zika/forward/8534-9035_dsk.sort
    output: /home/meijun/Documents/data/filtering/zika/forward/8534-9035_dsk.table
    jobid: 147
    wildcards: sample=zika, seg=8534-9035

[Thu Mar  4 15:02:56 2021]
Finished job 132.
150 of 173 steps (87%) done
Select jobs to execute...

[Thu Mar  4 15:02:56 2021]
rule dskTm_calculate:
    input: /home/meijun/Documents/data/kmerCounting/zika/forward/10542-10780_dsk.sort
    output: /home/meijun/Documents/data/filtering/zika/forward/10542-10780_dsk.table
    jobid: 175
    wildcards: sample=zika, seg=10542-10780

[Thu Mar  4 15:02:56 2021]
Finished job 125.
151 of 173 steps (87%) done
Select jobs to execute...

[Thu Mar  4 15:02:56 2021]
rule dskForwardOutputSort:
    input: /home/meijun/Documents/data/kmerCounting/zika/forward/6526-7027_dsk.txt
    output: /home/meijun/Documents/data/kmerCounting/zika/forward/6526-7027_dsk.sort
    jobid: 110
    wildcards: sample=zika, seg=6526-7027

[Thu Mar  4 15:02:57 2021]
Finished job 117.
152 of 173 steps (88%) done
Select jobs to execute...
[Thu Mar  4 15:02:57 2021]
Finished job 170.
153 of 173 steps (88%) done

[Thu Mar  4 15:02:57 2021]
rule dskTm_calculate:
    input: /home/meijun/Documents/data/kmerCounting/zika/forward/7028-7529_dsk.sort
    output: /home/meijun/Documents/data/filtering/zika/forward/7028-7529_dsk.table
    jobid: 160
    wildcards: sample=zika, seg=7028-7529

Select jobs to execute...

[Thu Mar  4 15:02:57 2021]
rule dskTm_calculate:
    input: /home/meijun/Documents/data/kmerCounting/zika/forward/3263-3764_dsk.sort
    output: /home/meijun/Documents/data/filtering/zika/forward/3263-3764_dsk.table
    jobid: 168
    wildcards: sample=zika, seg=3263-3764

[Thu Mar  4 15:02:57 2021]
Finished job 177.
154 of 173 steps (89%) done
Select jobs to execute...

[Thu Mar  4 15:02:57 2021]
rule dskForwardOutputSort:
    input: /home/meijun/Documents/data/kmerCounting/zika/forward/1004-1505_dsk.txt
    output: /home/meijun/Documents/data/kmerCounting/zika/forward/1004-1505_dsk.sort
    jobid: 118
    wildcards: sample=zika, seg=1004-1505

[Thu Mar  4 15:02:57 2021]
Finished job 145.
155 of 173 steps (90%) done
[Thu Mar  4 15:02:57 2021]
Finished job 154.
156 of 173 steps (90%) done
[Thu Mar  4 15:02:57 2021]
Finished job 139.
157 of 173 steps (91%) done
[Thu Mar  4 15:02:57 2021]
Finished job 103.
158 of 173 steps (91%) done
Select jobs to execute...

[Thu Mar  4 15:02:57 2021]
rule dskTm_calculate:
    input: /home/meijun/Documents/data/kmerCounting/zika/forward/0-501_dsk.sort
    output: /home/meijun/Documents/data/filtering/zika/forward/0-501_dsk.table
    jobid: 146
    wildcards: sample=zika, seg=0-501

[Thu Mar  4 15:02:57 2021]
Finished job 166.
159 of 173 steps (92%) done
[Thu Mar  4 15:02:57 2021]
Finished job 175.
160 of 173 steps (92%) done
[Thu Mar  4 15:02:57 2021]
Finished job 110.
161 of 173 steps (93%) done
Select jobs to execute...

[Thu Mar  4 15:02:58 2021]
rule dskTm_calculate:
    input: /home/meijun/Documents/data/kmerCounting/zika/forward/6526-7027_dsk.sort
    output: /home/meijun/Documents/data/filtering/zika/forward/6526-7027_dsk.table
    jobid: 153
    wildcards: sample=zika, seg=6526-7027

[Thu Mar  4 15:02:58 2021]
Finished job 147.
162 of 173 steps (94%) done
[Thu Mar  4 15:02:58 2021]
Finished job 160.
163 of 173 steps (94%) done
[Thu Mar  4 15:02:58 2021]
Finished job 168.
164 of 173 steps (95%) done
[Thu Mar  4 15:02:58 2021]
Finished job 15.
165 of 173 steps (95%) done
Select jobs to execute...

[Thu Mar  4 15:02:58 2021]
rule dskForwardOutput:
    input: /home/meijun/Documents/data/kmerCounting/zika/forward/1757-2258.h5
    output: /home/meijun/Documents/data/kmerCounting/zika/forward/1757-2258_dsk.txt
    jobid: 58
    wildcards: sample=zika, seg=1757-2258

[Thu Mar  4 15:02:58 2021]
Finished job 58.
166 of 173 steps (96%) done
Select jobs to execute...
[Thu Mar  4 15:02:58 2021]
Finished job 146.
167 of 173 steps (97%) done
[Thu Mar  4 15:02:58 2021]
Finished job 118.
168 of 173 steps (97%) done

[Thu Mar  4 15:02:58 2021]
rule dskForwardOutputSort:
    input: /home/meijun/Documents/data/kmerCounting/zika/forward/1757-2258_dsk.txt
    output: /home/meijun/Documents/data/kmerCounting/zika/forward/1757-2258_dsk.sort
    jobid: 101
    wildcards: sample=zika, seg=1757-2258

Select jobs to execute...

[Thu Mar  4 15:02:58 2021]
rule dskTm_calculate:
    input: /home/meijun/Documents/data/kmerCounting/zika/forward/1004-1505_dsk.sort
    output: /home/meijun/Documents/data/filtering/zika/forward/1004-1505_dsk.table
    jobid: 161
    wildcards: sample=zika, seg=1004-1505

[Thu Mar  4 15:02:59 2021]
Finished job 153.
169 of 173 steps (98%) done
[Thu Mar  4 15:02:59 2021]
Finished job 101.
170 of 173 steps (98%) done
Select jobs to execute...
[Thu Mar  4 15:02:59 2021]
Finished job 161.
171 of 173 steps (99%) done

[Thu Mar  4 15:02:59 2021]
rule dskTm_calculate:
    input: /home/meijun/Documents/data/kmerCounting/zika/forward/1757-2258_dsk.sort
    output: /home/meijun/Documents/data/filtering/zika/forward/1757-2258_dsk.table
    jobid: 144
    wildcards: sample=zika, seg=1757-2258

[Thu Mar  4 15:03:00 2021]
Finished job 144.
172 of 173 steps (99%) done
Select jobs to execute...

[Thu Mar  4 15:03:00 2021]
localrule all:
    input: /home/meijun/Documents/data/duplicate_removed/zika.uniq.fasta, /home/meijun/Documents/data/msa/zika.msa.fasta, /home/meijun/Documents/data/splitFiles/zika/forward/8785-9286.fasta, /home/meijun/Documents/data/splitFiles/zika/forward/251-752.fasta, /home/meijun/Documents/data/splitFiles/zika/forward/5522-6023.fasta, /home/meijun/Documents/data/splitFiles/zika/forward/4518-5019.fasta, /home/meijun/Documents/data/splitFiles/zika/forward/1255-1756.fasta, /home/meijun/Documents/data/splitFiles/zika/forward/1757-2258.fasta, /home/meijun/Documents/data/splitFiles/zika/forward/2510-3011.fasta, /home/meijun/Documents/data/splitFiles/zika/forward/0-501.fasta, /home/meijun/Documents/data/splitFiles/zika/forward/8534-9035.fasta, /home/meijun/Documents/data/splitFiles/zika/forward/7279-7780.fasta, /home/meijun/Documents/data/splitFiles/zika/forward/6275-6776.fasta, /home/meijun/Documents/data/splitFiles/zika/forward/753-1254.fasta, /home/meijun/Documents/data/splitFiles/zika/forward/10040-10541.fasta, /home/meijun/Documents/data/splitFiles/zika/forward/5773-6274.fasta, /home/meijun/Documents/data/splitFiles/zika/forward/6526-7027.fasta, /home/meijun/Documents/data/splitFiles/zika/forward/502-1003.fasta, /home/meijun/Documents/data/splitFiles/zika/forward/8032-8533.fasta, /home/meijun/Documents/data/splitFiles/zika/forward/2761-3262.fasta, /home/meijun/Documents/data/splitFiles/zika/forward/9538-10039.fasta, /home/meijun/Documents/data/splitFiles/zika/forward/3514-4015.fasta, /home/meijun/Documents/data/splitFiles/zika/forward/7781-8282.fasta, /home/meijun/Documents/data/splitFiles/zika/forward/7028-7529.fasta, /home/meijun/Documents/data/splitFiles/zika/forward/1004-1505.fasta, /home/meijun/Documents/data/splitFiles/zika/forward/5020-5521.fasta, /home/meijun/Documents/data/splitFiles/zika/forward/1506-2007.fasta, /home/meijun/Documents/data/splitFiles/zika/forward/3765-4266.fasta, /home/meijun/Documents/data/splitFiles/zika/forward/4016-4517.fasta, /home/meijun/Documents/data/splitFiles/zika/forward/6024-6525.fasta, /home/meijun/Documents/data/splitFiles/zika/forward/10291-10792.fasta, /home/meijun/Documents/data/splitFiles/zika/forward/3263-3764.fasta, /home/meijun/Documents/data/splitFiles/zika/forward/4769-5270.fasta, /home/meijun/Documents/data/splitFiles/zika/forward/9036-9537.fasta, /home/meijun/Documents/data/splitFiles/zika/forward/9287-9788.fasta, /home/meijun/Documents/data/splitFiles/zika/forward/2008-2509.fasta, /home/meijun/Documents/data/splitFiles/zika/forward/2259-2760.fasta, /home/meijun/Documents/data/splitFiles/zika/forward/9789-10290.fasta, /home/meijun/Documents/data/splitFiles/zika/forward/10542-10780.fasta, /home/meijun/Documents/data/splitFiles/zika/forward/7530-8031.fasta, /home/meijun/Documents/data/splitFiles/zika/forward/8283-8784.fasta, /home/meijun/Documents/data/splitFiles/zika/forward/3012-3513.fasta, /home/meijun/Documents/data/splitFiles/zika/forward/6777-7278.fasta, /home/meijun/Documents/data/splitFiles/zika/forward/4267-4768.fasta, /home/meijun/Documents/data/splitFiles/zika/forward/5271-5772.fasta, /home/meijun/Documents/data/splitFiles/zika/reverse/8785-9286.fasta, /home/meijun/Documents/data/splitFiles/zika/reverse/251-752.fasta, /home/meijun/Documents/data/splitFiles/zika/reverse/5522-6023.fasta, /home/meijun/Documents/data/splitFiles/zika/reverse/4518-5019.fasta, /home/meijun/Documents/data/splitFiles/zika/reverse/1255-1756.fasta, /home/meijun/Documents/data/splitFiles/zika/reverse/1757-2258.fasta, /home/meijun/Documents/data/splitFiles/zika/reverse/2510-3011.fasta, /home/meijun/Documents/data/splitFiles/zika/reverse/0-501.fasta, /home/meijun/Documents/data/splitFiles/zika/reverse/8534-9035.fasta, /home/meijun/Documents/data/splitFiles/zika/reverse/7279-7780.fasta, /home/meijun/Documents/data/splitFiles/zika/reverse/6275-6776.fasta, /home/meijun/Documents/data/splitFiles/zika/reverse/753-1254.fasta, /home/meijun/Documents/data/splitFiles/zika/reverse/10040-10541.fasta, /home/meijun/Documents/data/splitFiles/zika/reverse/5773-6274.fasta, /home/meijun/Documents/data/splitFiles/zika/reverse/6526-7027.fasta, /home/meijun/Documents/data/splitFiles/zika/reverse/502-1003.fasta, /home/meijun/Documents/data/splitFiles/zika/reverse/8032-8533.fasta, /home/meijun/Documents/data/splitFiles/zika/reverse/2761-3262.fasta, /home/meijun/Documents/data/splitFiles/zika/reverse/9538-10039.fasta, /home/meijun/Documents/data/splitFiles/zika/reverse/3514-4015.fasta, /home/meijun/Documents/data/splitFiles/zika/reverse/7781-8282.fasta, /home/meijun/Documents/data/splitFiles/zika/reverse/7028-7529.fasta, /home/meijun/Documents/data/splitFiles/zika/reverse/1004-1505.fasta, /home/meijun/Documents/data/splitFiles/zika/reverse/5020-5521.fasta, /home/meijun/Documents/data/splitFiles/zika/reverse/1506-2007.fasta, /home/meijun/Documents/data/splitFiles/zika/reverse/3765-4266.fasta, /home/meijun/Documents/data/splitFiles/zika/reverse/4016-4517.fasta, /home/meijun/Documents/data/splitFiles/zika/reverse/6024-6525.fasta, /home/meijun/Documents/data/splitFiles/zika/reverse/10291-10792.fasta, /home/meijun/Documents/data/splitFiles/zika/reverse/3263-3764.fasta, /home/meijun/Documents/data/splitFiles/zika/reverse/4769-5270.fasta, /home/meijun/Documents/data/splitFiles/zika/reverse/9036-9537.fasta, /home/meijun/Documents/data/splitFiles/zika/reverse/9287-9788.fasta, /home/meijun/Documents/data/splitFiles/zika/reverse/2008-2509.fasta, /home/meijun/Documents/data/splitFiles/zika/reverse/2259-2760.fasta, /home/meijun/Documents/data/splitFiles/zika/reverse/9789-10290.fasta, /home/meijun/Documents/data/splitFiles/zika/reverse/10542-10780.fasta, /home/meijun/Documents/data/splitFiles/zika/reverse/7530-8031.fasta, /home/meijun/Documents/data/splitFiles/zika/reverse/8283-8784.fasta, /home/meijun/Documents/data/splitFiles/zika/reverse/3012-3513.fasta, /home/meijun/Documents/data/splitFiles/zika/reverse/6777-7278.fasta, /home/meijun/Documents/data/splitFiles/zika/reverse/4267-4768.fasta, /home/meijun/Documents/data/splitFiles/zika/reverse/5271-5772.fasta, /home/meijun/Documents/data/kmerCounting/zika/forward/8785-9286.h5, /home/meijun/Documents/data/kmerCounting/zika/forward/251-752.h5, /home/meijun/Documents/data/kmerCounting/zika/forward/5522-6023.h5, /home/meijun/Documents/data/kmerCounting/zika/forward/4518-5019.h5, /home/meijun/Documents/data/kmerCounting/zika/forward/1255-1756.h5, /home/meijun/Documents/data/kmerCounting/zika/forward/1757-2258.h5, /home/meijun/Documents/data/kmerCounting/zika/forward/2510-3011.h5, /home/meijun/Documents/data/kmerCounting/zika/forward/0-501.h5, /home/meijun/Documents/data/kmerCounting/zika/forward/8534-9035.h5, /home/meijun/Documents/data/kmerCounting/zika/forward/7279-7780.h5, /home/meijun/Documents/data/kmerCounting/zika/forward/6275-6776.h5, /home/meijun/Documents/data/kmerCounting/zika/forward/753-1254.h5, /home/meijun/Documents/data/kmerCounting/zika/forward/10040-10541.h5, /home/meijun/Documents/data/kmerCounting/zika/forward/5773-6274.h5, /home/meijun/Documents/data/kmerCounting/zika/forward/6526-7027.h5, /home/meijun/Documents/data/kmerCounting/zika/forward/502-1003.h5, /home/meijun/Documents/data/kmerCounting/zika/forward/8032-8533.h5, /home/meijun/Documents/data/kmerCounting/zika/forward/2761-3262.h5, /home/meijun/Documents/data/kmerCounting/zika/forward/9538-10039.h5, /home/meijun/Documents/data/kmerCounting/zika/forward/3514-4015.h5, /home/meijun/Documents/data/kmerCounting/zika/forward/7781-8282.h5, /home/meijun/Documents/data/kmerCounting/zika/forward/7028-7529.h5, /home/meijun/Documents/data/kmerCounting/zika/forward/1004-1505.h5, /home/meijun/Documents/data/kmerCounting/zika/forward/5020-5521.h5, /home/meijun/Documents/data/kmerCounting/zika/forward/1506-2007.h5, /home/meijun/Documents/data/kmerCounting/zika/forward/3765-4266.h5, /home/meijun/Documents/data/kmerCounting/zika/forward/4016-4517.h5, /home/meijun/Documents/data/kmerCounting/zika/forward/6024-6525.h5, /home/meijun/Documents/data/kmerCounting/zika/forward/10291-10792.h5, /home/meijun/Documents/data/kmerCounting/zika/forward/3263-3764.h5, /home/meijun/Documents/data/kmerCounting/zika/forward/4769-5270.h5, /home/meijun/Documents/data/kmerCounting/zika/forward/9036-9537.h5, /home/meijun/Documents/data/kmerCounting/zika/forward/9287-9788.h5, /home/meijun/Documents/data/kmerCounting/zika/forward/2008-2509.h5, /home/meijun/Documents/data/kmerCounting/zika/forward/2259-2760.h5, /home/meijun/Documents/data/kmerCounting/zika/forward/9789-10290.h5, /home/meijun/Documents/data/kmerCounting/zika/forward/10542-10780.h5, /home/meijun/Documents/data/kmerCounting/zika/forward/7530-8031.h5, /home/meijun/Documents/data/kmerCounting/zika/forward/8283-8784.h5, /home/meijun/Documents/data/kmerCounting/zika/forward/3012-3513.h5, /home/meijun/Documents/data/kmerCounting/zika/forward/6777-7278.h5, /home/meijun/Documents/data/kmerCounting/zika/forward/4267-4768.h5, /home/meijun/Documents/data/kmerCounting/zika/forward/5271-5772.h5, /home/meijun/Documents/data/kmerCounting/zika/forward/8785-9286_dsk.txt, /home/meijun/Documents/data/kmerCounting/zika/forward/251-752_dsk.txt, /home/meijun/Documents/data/kmerCounting/zika/forward/5522-6023_dsk.txt, /home/meijun/Documents/data/kmerCounting/zika/forward/4518-5019_dsk.txt, /home/meijun/Documents/data/kmerCounting/zika/forward/1255-1756_dsk.txt, /home/meijun/Documents/data/kmerCounting/zika/forward/1757-2258_dsk.txt, /home/meijun/Documents/data/kmerCounting/zika/forward/2510-3011_dsk.txt, /home/meijun/Documents/data/kmerCounting/zika/forward/0-501_dsk.txt, /home/meijun/Documents/data/kmerCounting/zika/forward/8534-9035_dsk.txt, /home/meijun/Documents/data/kmerCounting/zika/forward/7279-7780_dsk.txt, /home/meijun/Documents/data/kmerCounting/zika/forward/6275-6776_dsk.txt, /home/meijun/Documents/data/kmerCounting/zika/forward/753-1254_dsk.txt, /home/meijun/Documents/data/kmerCounting/zika/forward/10040-10541_dsk.txt, /home/meijun/Documents/data/kmerCounting/zika/forward/5773-6274_dsk.txt, /home/meijun/Documents/data/kmerCounting/zika/forward/6526-7027_dsk.txt, /home/meijun/Documents/data/kmerCounting/zika/forward/502-1003_dsk.txt, /home/meijun/Documents/data/kmerCounting/zika/forward/8032-8533_dsk.txt, /home/meijun/Documents/data/kmerCounting/zika/forward/2761-3262_dsk.txt, /home/meijun/Documents/data/kmerCounting/zika/forward/9538-10039_dsk.txt, /home/meijun/Documents/data/kmerCounting/zika/forward/3514-4015_dsk.txt, /home/meijun/Documents/data/kmerCounting/zika/forward/7781-8282_dsk.txt, /home/meijun/Documents/data/kmerCounting/zika/forward/7028-7529_dsk.txt, /home/meijun/Documents/data/kmerCounting/zika/forward/1004-1505_dsk.txt, /home/meijun/Documents/data/kmerCounting/zika/forward/5020-5521_dsk.txt, /home/meijun/Documents/data/kmerCounting/zika/forward/1506-2007_dsk.txt, /home/meijun/Documents/data/kmerCounting/zika/forward/3765-4266_dsk.txt, /home/meijun/Documents/data/kmerCounting/zika/forward/4016-4517_dsk.txt, /home/meijun/Documents/data/kmerCounting/zika/forward/6024-6525_dsk.txt, /home/meijun/Documents/data/kmerCounting/zika/forward/10291-10792_dsk.txt, /home/meijun/Documents/data/kmerCounting/zika/forward/3263-3764_dsk.txt, /home/meijun/Documents/data/kmerCounting/zika/forward/4769-5270_dsk.txt, /home/meijun/Documents/data/kmerCounting/zika/forward/9036-9537_dsk.txt, /home/meijun/Documents/data/kmerCounting/zika/forward/9287-9788_dsk.txt, /home/meijun/Documents/data/kmerCounting/zika/forward/2008-2509_dsk.txt, /home/meijun/Documents/data/kmerCounting/zika/forward/2259-2760_dsk.txt, /home/meijun/Documents/data/kmerCounting/zika/forward/9789-10290_dsk.txt, /home/meijun/Documents/data/kmerCounting/zika/forward/10542-10780_dsk.txt, /home/meijun/Documents/data/kmerCounting/zika/forward/7530-8031_dsk.txt, /home/meijun/Documents/data/kmerCounting/zika/forward/8283-8784_dsk.txt, /home/meijun/Documents/data/kmerCounting/zika/forward/3012-3513_dsk.txt, /home/meijun/Documents/data/kmerCounting/zika/forward/6777-7278_dsk.txt, /home/meijun/Documents/data/kmerCounting/zika/forward/4267-4768_dsk.txt, /home/meijun/Documents/data/kmerCounting/zika/forward/5271-5772_dsk.txt, /home/meijun/Documents/data/kmerCounting/zika/forward/8785-9286_dsk.sort, /home/meijun/Documents/data/kmerCounting/zika/forward/251-752_dsk.sort, /home/meijun/Documents/data/kmerCounting/zika/forward/5522-6023_dsk.sort, /home/meijun/Documents/data/kmerCounting/zika/forward/4518-5019_dsk.sort, /home/meijun/Documents/data/kmerCounting/zika/forward/1255-1756_dsk.sort, /home/meijun/Documents/data/kmerCounting/zika/forward/1757-2258_dsk.sort, /home/meijun/Documents/data/kmerCounting/zika/forward/2510-3011_dsk.sort, /home/meijun/Documents/data/kmerCounting/zika/forward/0-501_dsk.sort, /home/meijun/Documents/data/kmerCounting/zika/forward/8534-9035_dsk.sort, /home/meijun/Documents/data/kmerCounting/zika/forward/7279-7780_dsk.sort, /home/meijun/Documents/data/kmerCounting/zika/forward/6275-6776_dsk.sort, /home/meijun/Documents/data/kmerCounting/zika/forward/753-1254_dsk.sort, /home/meijun/Documents/data/kmerCounting/zika/forward/10040-10541_dsk.sort, /home/meijun/Documents/data/kmerCounting/zika/forward/5773-6274_dsk.sort, /home/meijun/Documents/data/kmerCounting/zika/forward/6526-7027_dsk.sort, /home/meijun/Documents/data/kmerCounting/zika/forward/502-1003_dsk.sort, /home/meijun/Documents/data/kmerCounting/zika/forward/8032-8533_dsk.sort, /home/meijun/Documents/data/kmerCounting/zika/forward/2761-3262_dsk.sort, /home/meijun/Documents/data/kmerCounting/zika/forward/9538-10039_dsk.sort, /home/meijun/Documents/data/kmerCounting/zika/forward/3514-4015_dsk.sort, /home/meijun/Documents/data/kmerCounting/zika/forward/7781-8282_dsk.sort, /home/meijun/Documents/data/kmerCounting/zika/forward/7028-7529_dsk.sort, /home/meijun/Documents/data/kmerCounting/zika/forward/1004-1505_dsk.sort, /home/meijun/Documents/data/kmerCounting/zika/forward/5020-5521_dsk.sort, /home/meijun/Documents/data/kmerCounting/zika/forward/1506-2007_dsk.sort, /home/meijun/Documents/data/kmerCounting/zika/forward/3765-4266_dsk.sort, /home/meijun/Documents/data/kmerCounting/zika/forward/4016-4517_dsk.sort, /home/meijun/Documents/data/kmerCounting/zika/forward/6024-6525_dsk.sort, /home/meijun/Documents/data/kmerCounting/zika/forward/10291-10792_dsk.sort, /home/meijun/Documents/data/kmerCounting/zika/forward/3263-3764_dsk.sort, /home/meijun/Documents/data/kmerCounting/zika/forward/4769-5270_dsk.sort, /home/meijun/Documents/data/kmerCounting/zika/forward/9036-9537_dsk.sort, /home/meijun/Documents/data/kmerCounting/zika/forward/9287-9788_dsk.sort, /home/meijun/Documents/data/kmerCounting/zika/forward/2008-2509_dsk.sort, /home/meijun/Documents/data/kmerCounting/zika/forward/2259-2760_dsk.sort, /home/meijun/Documents/data/kmerCounting/zika/forward/9789-10290_dsk.sort, /home/meijun/Documents/data/kmerCounting/zika/forward/10542-10780_dsk.sort, /home/meijun/Documents/data/kmerCounting/zika/forward/7530-8031_dsk.sort, /home/meijun/Documents/data/kmerCounting/zika/forward/8283-8784_dsk.sort, /home/meijun/Documents/data/kmerCounting/zika/forward/3012-3513_dsk.sort, /home/meijun/Documents/data/kmerCounting/zika/forward/6777-7278_dsk.sort, /home/meijun/Documents/data/kmerCounting/zika/forward/4267-4768_dsk.sort, /home/meijun/Documents/data/kmerCounting/zika/forward/5271-5772_dsk.sort, /home/meijun/Documents/data/filtering/zika/forward/8785-9286_dsk.table, /home/meijun/Documents/data/filtering/zika/forward/251-752_dsk.table, /home/meijun/Documents/data/filtering/zika/forward/5522-6023_dsk.table, /home/meijun/Documents/data/filtering/zika/forward/4518-5019_dsk.table, /home/meijun/Documents/data/filtering/zika/forward/1255-1756_dsk.table, /home/meijun/Documents/data/filtering/zika/forward/1757-2258_dsk.table, /home/meijun/Documents/data/filtering/zika/forward/2510-3011_dsk.table, /home/meijun/Documents/data/filtering/zika/forward/0-501_dsk.table, /home/meijun/Documents/data/filtering/zika/forward/8534-9035_dsk.table, /home/meijun/Documents/data/filtering/zika/forward/7279-7780_dsk.table, /home/meijun/Documents/data/filtering/zika/forward/6275-6776_dsk.table, /home/meijun/Documents/data/filtering/zika/forward/753-1254_dsk.table, /home/meijun/Documents/data/filtering/zika/forward/10040-10541_dsk.table, /home/meijun/Documents/data/filtering/zika/forward/5773-6274_dsk.table, /home/meijun/Documents/data/filtering/zika/forward/6526-7027_dsk.table, /home/meijun/Documents/data/filtering/zika/forward/502-1003_dsk.table, /home/meijun/Documents/data/filtering/zika/forward/8032-8533_dsk.table, /home/meijun/Documents/data/filtering/zika/forward/2761-3262_dsk.table, /home/meijun/Documents/data/filtering/zika/forward/9538-10039_dsk.table, /home/meijun/Documents/data/filtering/zika/forward/3514-4015_dsk.table, /home/meijun/Documents/data/filtering/zika/forward/7781-8282_dsk.table, /home/meijun/Documents/data/filtering/zika/forward/7028-7529_dsk.table, /home/meijun/Documents/data/filtering/zika/forward/1004-1505_dsk.table, /home/meijun/Documents/data/filtering/zika/forward/5020-5521_dsk.table, /home/meijun/Documents/data/filtering/zika/forward/1506-2007_dsk.table, /home/meijun/Documents/data/filtering/zika/forward/3765-4266_dsk.table, /home/meijun/Documents/data/filtering/zika/forward/4016-4517_dsk.table, /home/meijun/Documents/data/filtering/zika/forward/6024-6525_dsk.table, /home/meijun/Documents/data/filtering/zika/forward/10291-10792_dsk.table, /home/meijun/Documents/data/filtering/zika/forward/3263-3764_dsk.table, /home/meijun/Documents/data/filtering/zika/forward/4769-5270_dsk.table, /home/meijun/Documents/data/filtering/zika/forward/9036-9537_dsk.table, /home/meijun/Documents/data/filtering/zika/forward/9287-9788_dsk.table, /home/meijun/Documents/data/filtering/zika/forward/2008-2509_dsk.table, /home/meijun/Documents/data/filtering/zika/forward/2259-2760_dsk.table, /home/meijun/Documents/data/filtering/zika/forward/9789-10290_dsk.table, /home/meijun/Documents/data/filtering/zika/forward/10542-10780_dsk.table, /home/meijun/Documents/data/filtering/zika/forward/7530-8031_dsk.table, /home/meijun/Documents/data/filtering/zika/forward/8283-8784_dsk.table, /home/meijun/Documents/data/filtering/zika/forward/3012-3513_dsk.table, /home/meijun/Documents/data/filtering/zika/forward/6777-7278_dsk.table, /home/meijun/Documents/data/filtering/zika/forward/4267-4768_dsk.table, /home/meijun/Documents/data/filtering/zika/forward/5271-5772_dsk.table
    jobid: 0

[Thu Mar  4 15:03:00 2021]
Finished job 0.
173 of 173 steps (100%) done
Complete log: /home/meijun/Documents/stage_m2/.snakemake/log/2021-03-04T150226.553086.snakemake.log
