Building DAG of jobs...
Using shell: /bin/bash
Provided cores: 12
Rules claiming more threads will be scaled down.
Conda environments: ignored
Job counts:
	count	jobs
	1	aggregate_allReverseOligo
	1	all
	1	allToFasta
	38	dskReverse
	38	dskReverseOutput
	74	dskReverseOutputSort
	80	reverse_add_LC
	1	reverse_filtering
	80	reverse_linguistic_complexity
	80	reverse_parameters
	80	reverse_toFasta
	37	splitFiles
	511
Select jobs to execute...

[Mon Mar 15 11:00:13 2021]
rule splitFiles:
    input: /datater/wu/data/msa/zika.msa
    output: /datater/wu/data/zika/splitFiles/forward1524-2028.fasta (dynamic), /datater/wu/data/zika/splitFiles/reverse1524-2028.fasta (dynamic)
    jobid: 155
    wildcards: sample=zika, seg=1524-2028

Subsequent jobs will be added dynamically depending on the output of this job

[Mon Mar 15 11:00:13 2021]
rule splitFiles:
    input: /datater/wu/data/msa/zika.msa
    output: /datater/wu/data/zika/splitFiles/forward2794-3298.fasta (dynamic), /datater/wu/data/zika/splitFiles/reverse2794-3298.fasta (dynamic)
    jobid: 35
    wildcards: sample=zika, seg=2794-3298

Subsequent jobs will be added dynamically depending on the output of this job

[Mon Mar 15 11:00:13 2021]
rule dskReverseOutputSort:
    input: /datater/wu/data/zika/dsk/reverse6777-7278.kCount
    output: /datater/wu/data/zika/dsk/reverse6777-7278.kCountSorted
    jobid: 414
    wildcards: sample=zika, seg=6777-7278

[Mon Mar 15 11:00:13 2021]
rule dskReverseOutputSort:
    input: /datater/wu/data/zika/dsk/reverse5020-5521.kCount
    output: /datater/wu/data/zika/dsk/reverse5020-5521.kCountSorted
    jobid: 416
    wildcards: sample=zika, seg=5020-5521

[Mon Mar 15 11:00:13 2021]
rule splitFiles:
    input: /datater/wu/data/msa/zika.msa
    output: /datater/wu/data/zika/splitFiles/forward3302-3806.fasta (dynamic), /datater/wu/data/zika/splitFiles/reverse3302-3806.fasta (dynamic)
    jobid: 187
    wildcards: sample=zika, seg=3302-3806

Subsequent jobs will be added dynamically depending on the output of this job

[Mon Mar 15 11:00:13 2021]
rule dskReverseOutputSort:
    input: /datater/wu/data/zika/dsk/reverse10542-10780.kCount
    output: /datater/wu/data/zika/dsk/reverse10542-10780.kCountSorted
    jobid: 418
    wildcards: sample=zika, seg=10542-10780

[Mon Mar 15 11:00:13 2021]
rule splitFiles:
    input: /datater/wu/data/msa/zika.msa
    output: /datater/wu/data/zika/splitFiles/forward2286-2790.fasta (dynamic), /datater/wu/data/zika/splitFiles/reverse2286-2790.fasta (dynamic)
    jobid: 219
    wildcards: sample=zika, seg=2286-2790

Subsequent jobs will be added dynamically depending on the output of this job

[Mon Mar 15 11:00:13 2021]
rule splitFiles:
    input: /datater/wu/data/msa/zika.msa
    output: /datater/wu/data/zika/splitFiles/forward3810-4314.fasta (dynamic), /datater/wu/data/zika/splitFiles/reverse3810-4314.fasta (dynamic)
    jobid: 275
    wildcards: sample=zika, seg=3810-4314

Subsequent jobs will be added dynamically depending on the output of this job

[Mon Mar 15 11:00:13 2021]
rule dskReverseOutputSort:
    input: /datater/wu/data/zika/dsk/reverse753-1254.kCount
    output: /datater/wu/data/zika/dsk/reverse753-1254.kCountSorted
    jobid: 398
    wildcards: sample=zika, seg=753-1254

[Mon Mar 15 11:00:13 2021]
rule dskReverseOutputSort:
    input: /datater/wu/data/zika/dsk/reverse7530-8031.kCount
    output: /datater/wu/data/zika/dsk/reverse7530-8031.kCountSorted
    jobid: 415
    wildcards: sample=zika, seg=7530-8031

[Mon Mar 15 11:00:13 2021]
rule dskReverseOutputSort:
    input: /datater/wu/data/zika/dsk/reverse3514-4015.kCount
    output: /datater/wu/data/zika/dsk/reverse3514-4015.kCountSorted
    jobid: 417
    wildcards: sample=zika, seg=3514-4015

[Mon Mar 15 11:00:13 2021]
rule splitFiles:
    input: /datater/wu/data/msa/zika.msa
    output: /datater/wu/data/zika/splitFiles/forward8636-9140.fasta (dynamic), /datater/wu/data/zika/splitFiles/reverse8636-9140.fasta (dynamic)
    jobid: 307
    wildcards: sample=zika, seg=8636-9140

Subsequent jobs will be added dynamically depending on the output of this job
[Mon Mar 15 11:00:13 2021]
Finished job 416.
1 of 511 steps (0.20%) done
Select jobs to execute...

[Mon Mar 15 11:00:13 2021]
rule dskReverseOutputSort:
    input: /datater/wu/data/zika/dsk/reverse5522-6023.kCount
    output: /datater/wu/data/zika/dsk/reverse5522-6023.kCountSorted
    jobid: 428
    wildcards: sample=zika, seg=5522-6023

[Mon Mar 15 11:00:13 2021]
Finished job 418.
2 of 511 steps (0.39%) done
[Mon Mar 15 11:00:13 2021]
Finished job 414.
3 of 511 steps (0.59%) done
Select jobs to execute...
[Mon Mar 15 11:00:13 2021]
Finished job 415.
4 of 511 steps (0.78%) done
[Mon Mar 15 11:00:13 2021]
Finished job 417.
5 of 511 steps (0.98%) done

[Mon Mar 15 11:00:13 2021]
rule splitFiles:
    input: /datater/wu/data/msa/zika.msa
    output: /datater/wu/data/zika/splitFiles/forward6350-6854.fasta (dynamic), /datater/wu/data/zika/splitFiles/reverse6350-6854.fasta (dynamic)
    jobid: 291
    wildcards: sample=zika, seg=6350-6854

Subsequent jobs will be added dynamically depending on the output of this job
[Mon Mar 15 11:00:13 2021]
Finished job 398.
6 of 511 steps (1%) done

[Mon Mar 15 11:00:14 2021]
rule splitFiles:
    input: /datater/wu/data/msa/zika.msa
    output: /datater/wu/data/zika/splitFiles/forward3556-4060.fasta (dynamic), /datater/wu/data/zika/splitFiles/reverse3556-4060.fasta (dynamic)
    jobid: 59
    wildcards: sample=zika, seg=3556-4060

Subsequent jobs will be added dynamically depending on the output of this job
Select jobs to execute...

[Mon Mar 15 11:00:14 2021]
rule dskReverseOutputSort:
    input: /datater/wu/data/zika/dsk/reverse3012-3513.kCount
    output: /datater/wu/data/zika/dsk/reverse3012-3513.kCountSorted
    jobid: 423
    wildcards: sample=zika, seg=3012-3513

[Mon Mar 15 11:00:14 2021]
rule splitFiles:
    input: /datater/wu/data/msa/zika.msa
    output: /datater/wu/data/zika/splitFiles/forward6858-7362.fasta (dynamic), /datater/wu/data/zika/splitFiles/reverse6858-7362.fasta (dynamic)
    jobid: 179
    wildcards: sample=zika, seg=6858-7362

Subsequent jobs will be added dynamically depending on the output of this job

[Mon Mar 15 11:00:14 2021]
rule dskReverseOutputSort:
    input: /datater/wu/data/zika/dsk/reverse2510-3011.kCount
    output: /datater/wu/data/zika/dsk/reverse2510-3011.kCountSorted
    jobid: 430
    wildcards: sample=zika, seg=2510-3011

Select jobs to execute...
Select jobs to execute...
Select jobs to execute...
[Mon Mar 15 11:00:14 2021]
Finished job 428.
7 of 511 steps (1%) done
Select jobs to execute...

[Mon Mar 15 11:00:14 2021]
rule splitFiles:
    input: /datater/wu/data/msa/zika.msa
    output: /datater/wu/data/zika/splitFiles/forward4826-5330.fasta (dynamic), /datater/wu/data/zika/splitFiles/reverse4826-5330.fasta (dynamic)
    jobid: 195
    wildcards: sample=zika, seg=4826-5330

Subsequent jobs will be added dynamically depending on the output of this job
[Mon Mar 15 11:00:14 2021]
Finished job 423.
8 of 511 steps (2%) done
Select jobs to execute...
[Mon Mar 15 11:00:14 2021]
Finished job 430.
9 of 511 steps (2%) done

[Mon Mar 15 11:00:14 2021]
rule splitFiles:
    input: /datater/wu/data/msa/zika.msa
    output: /datater/wu/data/zika/splitFiles/forward7366-7870.fasta (dynamic), /datater/wu/data/zika/splitFiles/reverse7366-7870.fasta (dynamic)
    jobid: 259
    wildcards: sample=zika, seg=7366-7870

Subsequent jobs will be added dynamically depending on the output of this job
Select jobs to execute...

[Mon Mar 15 11:00:14 2021]
rule reverse_parameters:
    input: /datater/wu/data/zika/dsk/reverse7530-8031.kCountSorted
    output: /datater/wu/data/zika/filtering/reverse7530-8031.calculated
    jobid: 458
    wildcards: sample=zika, seg=7530-8031

[Mon Mar 15 11:00:15 2021]
Finished job 458.
10 of 511 steps (2%) done
Select jobs to execute...

[Mon Mar 15 11:00:15 2021]
rule splitFiles:
    input: /datater/wu/data/msa/zika.msa
    output: /datater/wu/data/zika/splitFiles/forward3048-3552.fasta (dynamic), /datater/wu/data/zika/splitFiles/reverse3048-3552.fasta (dynamic)
    jobid: 251
    wildcards: sample=zika, seg=3048-3552

Subsequent jobs will be added dynamically depending on the output of this job
Shutting down, this might take some time.
Exiting because a job execution failed. Look above for error message
Complete log: /datater/wu/stage_m2/.snakemake/log/2021-03-15T110008.510674.snakemake.log
