Building DAG of jobs...
Using shell: /bin/bash
Provided cores: 12
Rules claiming more threads will be scaled down.
Conda environments: ignored
Job counts:
	count	jobs
	1	all
	37	splitFiles
	38
Select jobs to execute...

[Wed Mar 10 09:44:33 2021]
rule splitFiles:
    input: /datater/wu/data/msa/zika.msa
    output: /datater/wu/data/zika/split_forward/position_6858-7362.fasta (dynamic)
    jobid: 18
    wildcards: sample=zika, seg=6858-7362

Subsequent jobs will be added dynamically depending on the output of this job

[Wed Mar 10 09:44:33 2021]
rule splitFiles:
    input: /datater/wu/data/msa/zika.msa
    output: /datater/wu/data/zika/split_forward/position_762-1266.fasta (dynamic)
    jobid: 17
    wildcards: sample=zika, seg=762-1266

Subsequent jobs will be added dynamically depending on the output of this job

[Wed Mar 10 09:44:33 2021]
rule splitFiles:
    input: /datater/wu/data/msa/zika.msa
    output: /datater/wu/data/zika/split_forward/position_254-758.fasta (dynamic)
    jobid: 24
    wildcards: sample=zika, seg=254-758

Subsequent jobs will be added dynamically depending on the output of this job

[Wed Mar 10 09:44:33 2021]
rule splitFiles:
    input: /datater/wu/data/msa/zika.msa
    output: /datater/wu/data/zika/split_forward/position_2540-3044.fasta (dynamic)
    jobid: 32
    wildcards: sample=zika, seg=2540-3044

Subsequent jobs will be added dynamically depending on the output of this job

[Wed Mar 10 09:44:33 2021]
rule splitFiles:
    input: /datater/wu/data/msa/zika.msa
    output: /datater/wu/data/zika/split_forward/position_8636-9140.fasta (dynamic)
    jobid: 39
    wildcards: sample=zika, seg=8636-9140

Subsequent jobs will be added dynamically depending on the output of this job

[Wed Mar 10 09:44:33 2021]
rule splitFiles:
    input: /datater/wu/data/msa/zika.msa
    output: /datater/wu/data/zika/split_forward/position_1778-2282.fasta (dynamic)
    jobid: 38
    wildcards: sample=zika, seg=1778-2282

Subsequent jobs will be added dynamically depending on the output of this job

[Wed Mar 10 09:44:33 2021]
rule splitFiles:
    input: /datater/wu/data/msa/zika.msa
    output: /datater/wu/data/zika/split_forward/position_3810-4314.fasta (dynamic)
    jobid: 16
    wildcards: sample=zika, seg=3810-4314

Subsequent jobs will be added dynamically depending on the output of this job

[Wed Mar 10 09:44:33 2021]
rule splitFiles:
    input: /datater/wu/data/msa/zika.msa
    output: /datater/wu/data/zika/split_forward/position_0-504.fasta (dynamic)
    jobid: 31
    wildcards: sample=zika, seg=0-504

Subsequent jobs will be added dynamically depending on the output of this job

[Wed Mar 10 09:44:33 2021]
rule splitFiles:
    input: /datater/wu/data/msa/zika.msa
    output: /datater/wu/data/zika/split_forward/position_5588-6092.fasta (dynamic)
    jobid: 23
    wildcards: sample=zika, seg=5588-6092

Subsequent jobs will be added dynamically depending on the output of this job

[Wed Mar 10 09:44:33 2021]
rule splitFiles:
    input: /datater/wu/data/msa/zika.msa
    output: /datater/wu/data/zika/split_forward/position_4572-5076.fasta (dynamic)
    jobid: 46
    wildcards: sample=zika, seg=4572-5076

Subsequent jobs will be added dynamically depending on the output of this job

[Wed Mar 10 09:44:33 2021]
rule splitFiles:
    input: /datater/wu/data/msa/zika.msa
    output: /datater/wu/data/zika/split_forward/position_4826-5330.fasta (dynamic)
    jobid: 10
    wildcards: sample=zika, seg=4826-5330

Subsequent jobs will be added dynamically depending on the output of this job

[Wed Mar 10 09:44:33 2021]
rule splitFiles:
    input: /datater/wu/data/msa/zika.msa
    output: /datater/wu/data/zika/split_forward/position_6096-6600.fasta (dynamic)
    jobid: 25
    wildcards: sample=zika, seg=6096-6600

Subsequent jobs will be added dynamically depending on the output of this job
Shutting down, this might take some time.
Exiting because a job execution failed. Look above for error message
Complete log: /datater/wu/stage_m2/.snakemake/log/2021-03-10T094432.841288.snakemake.log
