Building DAG of jobs...
Using shell: /bin/bash
Provided cores: 12
Rules claiming more threads will be scaled down.
Conda environments: ignored
Job counts:
	count	jobs
	1	all
	37	dskForward
	37	dskForwardOutput
	37	dskForwardOutputSort
	37	within_segments
	149
Select jobs to execute...

[Thu Mar 11 19:13:38 2021]
rule dskForward:
    input: /datater/wu/data/enterovirus/split_forward/position_3556-4060.fasta
    output: /datater/wu/data/enterovirus/dsk/forward_3556-4060.h5
    jobid: 46
    wildcards: sample=enterovirus, seg=3556-4060


[Thu Mar 11 19:13:38 2021]
rule dskForward:
    input: /datater/wu/data/enterovirus/split_forward/position_5080-5584.fasta
    output: /datater/wu/data/enterovirus/dsk/forward_5080-5584.h5
    jobid: 22
    wildcards: sample=enterovirus, seg=5080-5584


[Thu Mar 11 19:13:38 2021]
rule dskForward:
    input: /datater/wu/data/enterovirus/split_forward/position_6858-7362.fasta
    output: /datater/wu/data/enterovirus/dsk/forward_6858-7362.h5
    jobid: 15
    wildcards: sample=enterovirus, seg=6858-7362


[Thu Mar 11 19:13:38 2021]
rule dskForward:
    input: /datater/wu/data/enterovirus/split_forward/position_5334-5838.fasta
    output: /datater/wu/data/enterovirus/dsk/forward_5334-5838.h5
    jobid: 30
    wildcards: sample=enterovirus, seg=5334-5838


[Thu Mar 11 19:13:38 2021]
rule dskForward:
    input: /datater/wu/data/enterovirus/split_forward/position_8636-9140.fasta
    output: /datater/wu/data/enterovirus/dsk/forward_8636-9140.h5
    jobid: 37
    wildcards: sample=enterovirus, seg=8636-9140


[Thu Mar 11 19:13:38 2021]
rule dskForward:
    input: /datater/wu/data/enterovirus/split_forward/position_7366-7870.fasta
    output: /datater/wu/data/enterovirus/dsk/forward_7366-7870.h5
    jobid: 45
    wildcards: sample=enterovirus, seg=7366-7870


[Thu Mar 11 19:13:38 2021]
rule dskForward:
    input: /datater/wu/data/enterovirus/split_forward/position_5842-6346.fasta
    output: /datater/wu/data/enterovirus/dsk/forward_5842-6346.h5
    jobid: 36
    wildcards: sample=enterovirus, seg=5842-6346


[Thu Mar 11 19:13:38 2021]
rule dskForward:
    input: /datater/wu/data/enterovirus/split_forward/position_7112-7616.fasta
    output: /datater/wu/data/enterovirus/dsk/forward_7112-7616.h5
    jobid: 29
    wildcards: sample=enterovirus, seg=7112-7616


[Thu Mar 11 19:13:38 2021]
rule dskForward:
    input: /datater/wu/data/enterovirus/split_forward/position_508-1012.fasta
    output: /datater/wu/data/enterovirus/dsk/forward_508-1012.h5
    jobid: 14
    wildcards: sample=enterovirus, seg=508-1012


[Thu Mar 11 19:13:38 2021]
rule dskForward:
    input: /datater/wu/data/enterovirus/split_forward/position_6096-6600.fasta
    output: /datater/wu/data/enterovirus/dsk/forward_6096-6600.h5
    jobid: 21
    wildcards: sample=enterovirus, seg=6096-6600


[Thu Mar 11 19:13:38 2021]
rule dskForward:
    input: /datater/wu/data/enterovirus/split_forward/position_1016-1520.fasta
    output: /datater/wu/data/enterovirus/dsk/forward_1016-1520.h5
    jobid: 44
    wildcards: sample=enterovirus, seg=1016-1520


[Thu Mar 11 19:13:38 2021]
rule dskForward:
    input: /datater/wu/data/enterovirus/split_forward/position_7620-8124.fasta
    output: /datater/wu/data/enterovirus/dsk/forward_7620-8124.h5
    jobid: 23
    wildcards: sample=enterovirus, seg=7620-8124

[Thu Mar 11 19:13:40 2021]
Finished job 30.
1 of 149 steps (0.67%) done
Select jobs to execute...
[Thu Mar 11 19:13:40 2021]
Finished job 46.
2 of 149 steps (1%) done

[Thu Mar 11 19:13:40 2021]
rule dskForward:
    input: /datater/wu/data/enterovirus/split_forward/position_3048-3552.fasta
    output: /datater/wu/data/enterovirus/dsk/forward_3048-3552.h5
    jobid: 39
    wildcards: sample=enterovirus, seg=3048-3552

Select jobs to execute...

[Thu Mar 11 19:13:40 2021]
rule dskForward:
    input: /datater/wu/data/enterovirus/split_forward/position_4064-4568.fasta
    output: /datater/wu/data/enterovirus/dsk/forward_4064-4568.h5
    jobid: 16
    wildcards: sample=enterovirus, seg=4064-4568

[Thu Mar 11 19:13:40 2021]
Finished job 15.
3 of 149 steps (2%) done
[Thu Mar 11 19:13:40 2021]
Finished job 21.
4 of 149 steps (3%) done
Select jobs to execute...
[Thu Mar 11 19:13:40 2021]
Finished job 37.
5 of 149 steps (3%) done

[Thu Mar 11 19:13:40 2021]
rule dskForward:
    input: /datater/wu/data/enterovirus/split_forward/position_1524-2028.fasta
    output: /datater/wu/data/enterovirus/dsk/forward_1524-2028.h5
    jobid: 26
    wildcards: sample=enterovirus, seg=1524-2028


[Thu Mar 11 19:13:40 2021]
rule dskForward:
    input: /datater/wu/data/enterovirus/split_forward/position_8382-8886.fasta
    output: /datater/wu/data/enterovirus/dsk/forward_8382-8886.h5
    jobid: 35
    wildcards: sample=enterovirus, seg=8382-8886

Select jobs to execute...
[Thu Mar 11 19:13:40 2021]
Finished job 23.
6 of 149 steps (4%) done
[Thu Mar 11 19:13:40 2021]
Finished job 22.
7 of 149 steps (5%) done
[Thu Mar 11 19:13:40 2021]
Finished job 45.
8 of 149 steps (5%) done
[Thu Mar 11 19:13:40 2021]
Finished job 14.
9 of 149 steps (6%) done

[Thu Mar 11 19:13:40 2021]
rule dskForward:
    input: /datater/wu/data/enterovirus/split_forward/position_2286-2790.fasta
    output: /datater/wu/data/enterovirus/dsk/forward_2286-2790.h5
    jobid: 31
    wildcards: sample=enterovirus, seg=2286-2790

Select jobs to execute...

[Thu Mar 11 19:13:40 2021]
rule dskForward:
    input: /datater/wu/data/enterovirus/split_forward/position_2540-3044.fasta
    output: /datater/wu/data/enterovirus/dsk/forward_2540-3044.h5
    jobid: 41
    wildcards: sample=enterovirus, seg=2540-3044


[Thu Mar 11 19:13:40 2021]
rule dskForwardOutput:
    input: /datater/wu/data/enterovirus/dsk/forward_5080-5584.h5
    output: /datater/wu/data/enterovirus/dsk/forward_5080-5584.kCount
    jobid: 59
    wildcards: sample=enterovirus, seg=5080-5584


[Thu Mar 11 19:13:40 2021]
rule dskForward:
    input: /datater/wu/data/enterovirus/split_forward/position_3302-3806.fasta
    output: /datater/wu/data/enterovirus/dsk/forward_3302-3806.h5
    jobid: 11
    wildcards: sample=enterovirus, seg=3302-3806

[Thu Mar 11 19:13:40 2021]
Finished job 29.
10 of 149 steps (7%) done

[Thu Mar 11 19:13:40 2021]
rule dskForward:
    input: /datater/wu/data/enterovirus/split_forward/position_2032-2536.fasta
    output: /datater/wu/data/enterovirus/dsk/forward_2032-2536.h5
    jobid: 33
    wildcards: sample=enterovirus, seg=2032-2536

Select jobs to execute...
[Thu Mar 11 19:13:40 2021]
Finished job 36.
11 of 149 steps (7%) done
[Thu Mar 11 19:13:40 2021]
Finished job 59.
12 of 149 steps (8%) done
[Thu Mar 11 19:13:40 2021]
Finished job 44.
13 of 149 steps (9%) done

[Thu Mar 11 19:13:40 2021]
rule dskForwardOutput:
    input: /datater/wu/data/enterovirus/dsk/forward_5334-5838.h5
    output: /datater/wu/data/enterovirus/dsk/forward_5334-5838.kCount
    jobid: 67
    wildcards: sample=enterovirus, seg=5334-5838


[Thu Mar 11 19:13:40 2021]
rule dskForward:
    input: /datater/wu/data/enterovirus/split_forward/position_1778-2282.fasta
    output: /datater/wu/data/enterovirus/dsk/forward_1778-2282.h5
    jobid: 27
    wildcards: sample=enterovirus, seg=1778-2282

Select jobs to execute...
[Thu Mar 11 19:13:40 2021]
Finished job 67.
14 of 149 steps (9%) done

[Thu Mar 11 19:13:40 2021]
rule dskForward:
    input: /datater/wu/data/enterovirus/split_forward/position_254-758.fasta
    output: /datater/wu/data/enterovirus/dsk/forward_254-758.h5
    jobid: 34
    wildcards: sample=enterovirus, seg=254-758


[Thu Mar 11 19:13:40 2021]
rule dskForwardOutput:
    input: /datater/wu/data/enterovirus/dsk/forward_7112-7616.h5
    output: /datater/wu/data/enterovirus/dsk/forward_7112-7616.kCount
    jobid: 66
    wildcards: sample=enterovirus, seg=7112-7616

Select jobs to execute...
[Thu Mar 11 19:13:40 2021]
Finished job 66.
15 of 149 steps (10%) done

[Thu Mar 11 19:13:40 2021]
rule dskForward:
    input: /datater/wu/data/enterovirus/split_forward/position_8128-8632.fasta
    output: /datater/wu/data/enterovirus/dsk/forward_8128-8632.h5
    jobid: 25
    wildcards: sample=enterovirus, seg=8128-8632

Select jobs to execute...

[Thu Mar 11 19:13:40 2021]
rule dskForward:
    input: /datater/wu/data/enterovirus/split_forward/position_7874-8378.fasta
    output: /datater/wu/data/enterovirus/dsk/forward_7874-8378.h5
    jobid: 10
    wildcards: sample=enterovirus, seg=7874-8378

Select jobs to execute...
Select jobs to execute...
Select jobs to execute...
Select jobs to execute...
Select jobs to execute...
Select jobs to execute...
[Thu Mar 11 19:13:42 2021]
Finished job 31.
16 of 149 steps (11%) done
Select jobs to execute...

[Thu Mar 11 19:13:42 2021]
rule dskForward:
    input: /datater/wu/data/enterovirus/split_forward/position_6350-6854.fasta
    output: /datater/wu/data/enterovirus/dsk/forward_6350-6854.h5
    jobid: 40
    wildcards: sample=enterovirus, seg=6350-6854

[Thu Mar 11 19:13:42 2021]
Finished job 35.
17 of 149 steps (11%) done
Select jobs to execute...
[Thu Mar 11 19:13:42 2021]
Finished job 34.
18 of 149 steps (12%) done
[Thu Mar 11 19:13:42 2021]
Finished job 33.
19 of 149 steps (13%) done
[Thu Mar 11 19:13:42 2021]
Finished job 16.
20 of 149 steps (13%) done

[Thu Mar 11 19:13:42 2021]
rule dskForwardOutput:
    input: /datater/wu/data/enterovirus/dsk/forward_6858-7362.h5
    output: /datater/wu/data/enterovirus/dsk/forward_6858-7362.kCount
    jobid: 52
    wildcards: sample=enterovirus, seg=6858-7362


[Thu Mar 11 19:13:42 2021]
rule dskForward:
    input: /datater/wu/data/enterovirus/split_forward/position_0-504.fasta
    output: /datater/wu/data/enterovirus/dsk/forward_0-504.h5
    jobid: 13
    wildcards: sample=enterovirus, seg=0-504

[Thu Mar 11 19:13:42 2021]
Finished job 41.
21 of 149 steps (14%) done
Select jobs to execute...
[Thu Mar 11 19:13:42 2021]
Finished job 10.
22 of 149 steps (15%) done
[Thu Mar 11 19:13:42 2021]
Finished job 52.
23 of 149 steps (15%) done
[Thu Mar 11 19:13:42 2021]
Finished job 11.
24 of 149 steps (16%) done
[Thu Mar 11 19:13:42 2021]
Finished job 39.
25 of 149 steps (17%) done

[Thu Mar 11 19:13:42 2021]
rule dskForward:
    input: /datater/wu/data/enterovirus/split_forward/position_6604-7108.fasta
    output: /datater/wu/data/enterovirus/dsk/forward_6604-7108.h5
    jobid: 12
    wildcards: sample=enterovirus, seg=6604-7108


[Thu Mar 11 19:13:43 2021]
rule dskForward:
    input: /datater/wu/data/enterovirus/split_forward/position_3810-4314.fasta
    output: /datater/wu/data/enterovirus/dsk/forward_3810-4314.h5
    jobid: 19
    wildcards: sample=enterovirus, seg=3810-4314


[Thu Mar 11 19:13:43 2021]
rule dskForwardOutputSort:
    input: /datater/wu/data/enterovirus/dsk/forward_5080-5584.kCount
    output: /datater/wu/data/enterovirus/dsk/forward_5080-5584.kCountSorted
    jobid: 96
    wildcards: sample=enterovirus, seg=5080-5584

[Thu Mar 11 19:13:43 2021]
rule dskForward:
    input: /datater/wu/data/enterovirus/split_forward/position_9144-9382.fasta
    output: /datater/wu/data/enterovirus/dsk/forward_9144-9382.h5
    jobid: 42
    wildcards: sample=enterovirus, seg=9144-9382

Select jobs to execute...

[Thu Mar 11 19:13:43 2021]
rule dskForwardOutput:
    input: /datater/wu/data/enterovirus/dsk/forward_2540-3044.h5
    output: /datater/wu/data/enterovirus/dsk/forward_2540-3044.kCount
    jobid: 78
    wildcards: sample=enterovirus, seg=2540-3044


[Thu Mar 11 19:13:43 2021]
rule dskForwardOutput:
    input: /datater/wu/data/enterovirus/dsk/forward_3302-3806.h5
    output: /datater/wu/data/enterovirus/dsk/forward_3302-3806.kCount
    jobid: 48
    wildcards: sample=enterovirus, seg=3302-3806


[Thu Mar 11 19:13:43 2021]
rule dskForwardOutput:
    input: /datater/wu/data/enterovirus/dsk/forward_508-1012.h5
    output: /datater/wu/data/enterovirus/dsk/forward_508-1012.kCount
    jobid: 51
    wildcards: sample=enterovirus, seg=508-1012

Select jobs to execute...
Select jobs to execute...
Select jobs to execute...
Select jobs to execute...
Select jobs to execute...
Select jobs to execute...
[Thu Mar 11 19:13:43 2021]
Finished job 78.
26 of 149 steps (17%) done
[Thu Mar 11 19:13:43 2021]
Finished job 25.
27 of 149 steps (18%) done
Select jobs to execute...
[Thu Mar 11 19:13:43 2021]
Finished job 48.
28 of 149 steps (19%) done
[Thu Mar 11 19:13:43 2021]
Finished job 51.
29 of 149 steps (19%) done
[Thu Mar 11 19:13:43 2021]
Finished job 27.
30 of 149 steps (20%) done

[Thu Mar 11 19:13:43 2021]
rule dskForwardOutput:
    input: /datater/wu/data/enterovirus/dsk/forward_8636-9140.h5
    output: /datater/wu/data/enterovirus/dsk/forward_8636-9140.kCount
    jobid: 74
    wildcards: sample=enterovirus, seg=8636-9140


[Thu Mar 11 19:13:43 2021]
rule dskForwardOutput:
    input: /datater/wu/data/enterovirus/dsk/forward_254-758.h5
    output: /datater/wu/data/enterovirus/dsk/forward_254-758.kCount
    jobid: 71
    wildcards: sample=enterovirus, seg=254-758

Select jobs to execute...
[Thu Mar 11 19:13:43 2021]
Finished job 71.
31 of 149 steps (21%) done
[Thu Mar 11 19:13:43 2021]
Finished job 74.
32 of 149 steps (21%) done

[Thu Mar 11 19:13:43 2021]
rule dskForwardOutputSort:
    input: /datater/wu/data/enterovirus/dsk/forward_5334-5838.kCount
    output: /datater/wu/data/enterovirus/dsk/forward_5334-5838.kCountSorted
    jobid: 104
    wildcards: sample=enterovirus, seg=5334-5838

[Thu Mar 11 19:13:43 2021]
rule dskForwardOutputSort:
    input: /datater/wu/data/enterovirus/dsk/forward_3302-3806.kCount
    output: /datater/wu/data/enterovirus/dsk/forward_3302-3806.kCountSorted
    jobid: 85
    wildcards: sample=enterovirus, seg=3302-3806

[Thu Mar 11 19:13:43 2021]
rule dskForward:
    input: /datater/wu/data/enterovirus/split_forward/position_762-1266.fasta
    output: /datater/wu/data/enterovirus/dsk/forward_762-1266.h5
    jobid: 18
    wildcards: sample=enterovirus, seg=762-1266

Select jobs to execute...

[Thu Mar 11 19:13:43 2021]
rule dskForwardOutput:
    input: /datater/wu/data/enterovirus/dsk/forward_8382-8886.h5
    output: /datater/wu/data/enterovirus/dsk/forward_8382-8886.kCount
    jobid: 72
    wildcards: sample=enterovirus, seg=8382-8886


[Thu Mar 11 19:13:43 2021]
rule dskForwardOutputSort:
    input: /datater/wu/data/enterovirus/dsk/forward_8636-9140.kCount
    output: /datater/wu/data/enterovirus/dsk/forward_8636-9140.kCountSorted
    jobid: 111
    wildcards: sample=enterovirus, seg=8636-9140

Select jobs to execute...
Select jobs to execute...
Select jobs to execute...
Select jobs to execute...
[Thu Mar 11 19:13:43 2021]
Finished job 72.
33 of 149 steps (22%) done
Select jobs to execute...

[Thu Mar 11 19:13:43 2021]
rule dskForwardOutput:
    input: /datater/wu/data/enterovirus/dsk/forward_3048-3552.h5
    output: /datater/wu/data/enterovirus/dsk/forward_3048-3552.kCount
    jobid: 76
    wildcards: sample=enterovirus, seg=3048-3552

[Thu Mar 11 19:13:43 2021]
Finished job 76.
34 of 149 steps (23%) done
Select jobs to execute...

[Thu Mar 11 19:13:43 2021]
rule dskForwardOutput:
    input: /datater/wu/data/enterovirus/dsk/forward_2032-2536.h5
    output: /datater/wu/data/enterovirus/dsk/forward_2032-2536.kCount
    jobid: 70
    wildcards: sample=enterovirus, seg=2032-2536

[Thu Mar 11 19:13:43 2021]
Finished job 70.
35 of 149 steps (23%) done
Select jobs to execute...

[Thu Mar 11 19:13:43 2021]
rule dskForwardOutputSort:
    input: /datater/wu/data/enterovirus/dsk/forward_2540-3044.kCount
    output: /datater/wu/data/enterovirus/dsk/forward_2540-3044.kCountSorted
    jobid: 115
    wildcards: sample=enterovirus, seg=2540-3044

[Thu Mar 11 19:13:43 2021]
Finished job 26.
36 of 149 steps (24%) done
Select jobs to execute...

[Thu Mar 11 19:13:43 2021]
rule dskForwardOutput:
    input: /datater/wu/data/enterovirus/dsk/forward_8128-8632.h5
    output: /datater/wu/data/enterovirus/dsk/forward_8128-8632.kCount
    jobid: 62
    wildcards: sample=enterovirus, seg=8128-8632

[Thu Mar 11 19:13:43 2021]
Finished job 62.
37 of 149 steps (25%) done
Select jobs to execute...

[Thu Mar 11 19:13:43 2021]
rule dskForward:
    input: /datater/wu/data/enterovirus/split_forward/position_8890-9394.fasta
    output: /datater/wu/data/enterovirus/dsk/forward_8890-9394.h5
    jobid: 24
    wildcards: sample=enterovirus, seg=8890-9394

[Thu Mar 11 19:13:43 2021]
Finished job 96.
38 of 149 steps (26%) done
Select jobs to execute...

[Thu Mar 11 19:13:43 2021]
rule dskForwardOutputSort:
    input: /datater/wu/data/enterovirus/dsk/forward_2032-2536.kCount
    output: /datater/wu/data/enterovirus/dsk/forward_2032-2536.kCountSorted
    jobid: 107
    wildcards: sample=enterovirus, seg=2032-2536

[Thu Mar 11 19:13:43 2021]
Finished job 111.
39 of 149 steps (26%) done
Select jobs to execute...

[Thu Mar 11 19:13:43 2021]
rule dskForward:
    input: /datater/wu/data/enterovirus/split_forward/position_5588-6092.fasta
    output: /datater/wu/data/enterovirus/dsk/forward_5588-6092.h5
    jobid: 17
    wildcards: sample=enterovirus, seg=5588-6092

[Thu Mar 11 19:13:43 2021]
Finished job 85.
40 of 149 steps (27%) done
[Thu Mar 11 19:13:43 2021]
Finished job 104.
41 of 149 steps (28%) done
Select jobs to execute...

[Thu Mar 11 19:13:44 2021]
rule dskForwardOutput:
    input: /datater/wu/data/enterovirus/dsk/forward_7366-7870.h5
    output: /datater/wu/data/enterovirus/dsk/forward_7366-7870.kCount
    jobid: 82
    wildcards: sample=enterovirus, seg=7366-7870


[Thu Mar 11 19:13:44 2021]
rule dskForward:
    input: /datater/wu/data/enterovirus/split_forward/position_2794-3298.fasta
    output: /datater/wu/data/enterovirus/dsk/forward_2794-3298.h5
    jobid: 28
    wildcards: sample=enterovirus, seg=2794-3298

Select jobs to execute...
[Thu Mar 11 19:13:44 2021]
Finished job 82.
42 of 149 steps (28%) done
Select jobs to execute...

[Thu Mar 11 19:13:44 2021]
rule dskForward:
    input: /datater/wu/data/enterovirus/split_forward/position_4826-5330.fasta
    output: /datater/wu/data/enterovirus/dsk/forward_4826-5330.h5
    jobid: 32
    wildcards: sample=enterovirus, seg=4826-5330

[Thu Mar 11 19:13:44 2021]
Finished job 115.
43 of 149 steps (29%) done
Select jobs to execute...

[Thu Mar 11 19:13:44 2021]
rule dskForwardOutput:
    input: /datater/wu/data/enterovirus/dsk/forward_7874-8378.h5
    output: /datater/wu/data/enterovirus/dsk/forward_7874-8378.kCount
    jobid: 47
    wildcards: sample=enterovirus, seg=7874-8378

[Thu Mar 11 19:13:44 2021]
Finished job 47.
44 of 149 steps (30%) done
Select jobs to execute...

[Thu Mar 11 19:13:44 2021]
rule dskForwardOutputSort:
    input: /datater/wu/data/enterovirus/dsk/forward_8128-8632.kCount
    output: /datater/wu/data/enterovirus/dsk/forward_8128-8632.kCountSorted
    jobid: 99
    wildcards: sample=enterovirus, seg=8128-8632

[Thu Mar 11 19:13:44 2021]
Finished job 107.
45 of 149 steps (30%) done
Select jobs to execute...

[Thu Mar 11 19:13:44 2021]
rule within_segments:
    input: /datater/wu/data/enterovirus/dsk/forward_2032-2536.kCountSorted
    output: /datater/wu/data/enterovirus/filtering/forward_2032-2536.calculated
    jobid: 144
    wildcards: sample=enterovirus, seg=2032-2536

[Thu Mar 11 19:13:44 2021]
Finished job 99.
46 of 149 steps (31%) done
Select jobs to execute...

[Thu Mar 11 19:13:44 2021]
rule within_segments:
    input: /datater/wu/data/enterovirus/dsk/forward_8128-8632.kCountSorted
    output: /datater/wu/data/enterovirus/filtering/forward_8128-8632.calculated
    jobid: 136
    wildcards: sample=enterovirus, seg=8128-8632

[Thu Mar 11 19:13:45 2021]
Finished job 42.
47 of 149 steps (32%) done
Select jobs to execute...

[Thu Mar 11 19:13:45 2021]
rule within_segments:
    input: /datater/wu/data/enterovirus/dsk/forward_3302-3806.kCountSorted
    output: /datater/wu/data/enterovirus/filtering/forward_3302-3806.calculated
    jobid: 122
    wildcards: sample=enterovirus, seg=3302-3806

[Thu Mar 11 19:13:45 2021]
Finished job 19.
48 of 149 steps (32%) done
Select jobs to execute...

[Thu Mar 11 19:13:45 2021]
rule dskForwardOutput:
    input: /datater/wu/data/enterovirus/dsk/forward_3810-4314.h5
    output: /datater/wu/data/enterovirus/dsk/forward_3810-4314.kCount
    jobid: 56
    wildcards: sample=enterovirus, seg=3810-4314

[Thu Mar 11 19:13:45 2021]
Finished job 13.
49 of 149 steps (33%) done
Select jobs to execute...
[Thu Mar 11 19:13:45 2021]
Finished job 56.
50 of 149 steps (34%) done
[Thu Mar 11 19:13:45 2021]
Finished job 12.
51 of 149 steps (34%) done

[Thu Mar 11 19:13:45 2021]
rule within_segments:
    input: /datater/wu/data/enterovirus/dsk/forward_2540-3044.kCountSorted
    output: /datater/wu/data/enterovirus/filtering/forward_2540-3044.calculated
    jobid: 152
    wildcards: sample=enterovirus, seg=2540-3044

Select jobs to execute...
[Thu Mar 11 19:13:45 2021]
Finished job 40.
52 of 149 steps (35%) done

[Thu Mar 11 19:13:45 2021]
rule dskForwardOutput:
    input: /datater/wu/data/enterovirus/dsk/forward_7620-8124.h5
    output: /datater/wu/data/enterovirus/dsk/forward_7620-8124.kCount
    jobid: 60
    wildcards: sample=enterovirus, seg=7620-8124


[Thu Mar 11 19:13:45 2021]
rule dskForward:
    input: /datater/wu/data/enterovirus/split_forward/position_4318-4822.fasta
    output: /datater/wu/data/enterovirus/dsk/forward_4318-4822.h5
    jobid: 43
    wildcards: sample=enterovirus, seg=4318-4822

Select jobs to execute...
[Thu Mar 11 19:13:45 2021]
Finished job 60.
53 of 149 steps (36%) done

[Thu Mar 11 19:13:45 2021]
rule dskForwardOutput:
    input: /datater/wu/data/enterovirus/dsk/forward_6350-6854.h5
    output: /datater/wu/data/enterovirus/dsk/forward_6350-6854.kCount
    jobid: 77
    wildcards: sample=enterovirus, seg=6350-6854

Select jobs to execute...
[Thu Mar 11 19:13:45 2021]
Finished job 18.
54 of 149 steps (36%) done
[Thu Mar 11 19:13:45 2021]
Finished job 77.
55 of 149 steps (37%) done

[Thu Mar 11 19:13:45 2021]
rule dskForwardOutput:
    input: /datater/wu/data/enterovirus/dsk/forward_1524-2028.h5
    output: /datater/wu/data/enterovirus/dsk/forward_1524-2028.kCount
    jobid: 63
    wildcards: sample=enterovirus, seg=1524-2028

Select jobs to execute...
[Thu Mar 11 19:13:45 2021]
Finished job 63.
56 of 149 steps (38%) done

[Thu Mar 11 19:13:45 2021]
rule within_segments:
    input: /datater/wu/data/enterovirus/dsk/forward_5334-5838.kCountSorted
    output: /datater/wu/data/enterovirus/filtering/forward_5334-5838.calculated
    jobid: 141
    wildcards: sample=enterovirus, seg=5334-5838

[Thu Mar 11 19:13:45 2021]
rule dskForward:
    input: /datater/wu/data/enterovirus/split_forward/position_4572-5076.fasta
    output: /datater/wu/data/enterovirus/dsk/forward_4572-5076.h5
    jobid: 20
    wildcards: sample=enterovirus, seg=4572-5076

Select jobs to execute...

[Thu Mar 11 19:13:45 2021]
rule dskForwardOutputSort:
    input: /datater/wu/data/enterovirus/dsk/forward_7874-8378.kCount
    output: /datater/wu/data/enterovirus/dsk/forward_7874-8378.kCountSorted
    jobid: 84
    wildcards: sample=enterovirus, seg=7874-8378

Select jobs to execute...
Select jobs to execute...
[Thu Mar 11 19:13:45 2021]
Finished job 24.
57 of 149 steps (38%) done
Select jobs to execute...

[Thu Mar 11 19:13:45 2021]
rule dskForwardOutput:
    input: /datater/wu/data/enterovirus/dsk/forward_8890-9394.h5
    output: /datater/wu/data/enterovirus/dsk/forward_8890-9394.kCount
    jobid: 61
    wildcards: sample=enterovirus, seg=8890-9394

[Thu Mar 11 19:13:46 2021]
Finished job 144.
58 of 149 steps (39%) done
[Thu Mar 11 19:13:46 2021]
Finished job 61.
59 of 149 steps (40%) done
Select jobs to execute...

[Thu Mar 11 19:13:46 2021]
rule dskForward:
    input: /datater/wu/data/enterovirus/split_forward/position_1270-1774.fasta
    output: /datater/wu/data/enterovirus/dsk/forward_1270-1774.h5
    jobid: 38
    wildcards: sample=enterovirus, seg=1270-1774


[Thu Mar 11 19:13:46 2021]
rule dskForwardOutput:
    input: /datater/wu/data/enterovirus/dsk/forward_6096-6600.h5
    output: /datater/wu/data/enterovirus/dsk/forward_6096-6600.kCount
    jobid: 58
    wildcards: sample=enterovirus, seg=6096-6600

Select jobs to execute...
[Thu Mar 11 19:13:46 2021]
Finished job 58.
60 of 149 steps (40%) done
Select jobs to execute...

[Thu Mar 11 19:13:46 2021]
rule dskForwardOutput:
    input: /datater/wu/data/enterovirus/dsk/forward_762-1266.h5
    output: /datater/wu/data/enterovirus/dsk/forward_762-1266.kCount
    jobid: 55
    wildcards: sample=enterovirus, seg=762-1266

[Thu Mar 11 19:13:46 2021]
Finished job 122.
61 of 149 steps (41%) done
Select jobs to execute...
[Thu Mar 11 19:13:46 2021]
Finished job 55.
62 of 149 steps (42%) done

[Thu Mar 11 19:13:46 2021]
rule dskForwardOutputSort:
    input: /datater/wu/data/enterovirus/dsk/forward_1524-2028.kCount
    output: /datater/wu/data/enterovirus/dsk/forward_1524-2028.kCountSorted
    jobid: 100
    wildcards: sample=enterovirus, seg=1524-2028

Select jobs to execute...

[Thu Mar 11 19:13:46 2021]
rule dskForwardOutputSort:
    input: /datater/wu/data/enterovirus/dsk/forward_762-1266.kCount
    output: /datater/wu/data/enterovirus/dsk/forward_762-1266.kCountSorted
    jobid: 92
    wildcards: sample=enterovirus, seg=762-1266

[Thu Mar 11 19:13:46 2021]
Finished job 136.
63 of 149 steps (42%) done
Select jobs to execute...
[Thu Mar 11 19:13:46 2021]
Finished job 17.
64 of 149 steps (43%) done

[Thu Mar 11 19:13:46 2021]
rule dskForwardOutputSort:
    input: /datater/wu/data/enterovirus/dsk/forward_254-758.kCount
    output: /datater/wu/data/enterovirus/dsk/forward_254-758.kCountSorted
    jobid: 108
    wildcards: sample=enterovirus, seg=254-758

Select jobs to execute...

[Thu Mar 11 19:13:46 2021]
rule dskForwardOutputSort:
    input: /datater/wu/data/enterovirus/dsk/forward_6350-6854.kCount
    output: /datater/wu/data/enterovirus/dsk/forward_6350-6854.kCountSorted
    jobid: 114
    wildcards: sample=enterovirus, seg=6350-6854

[Thu Mar 11 19:13:46 2021]
Finished job 28.
65 of 149 steps (44%) done
Select jobs to execute...

[Thu Mar 11 19:13:46 2021]
rule dskForwardOutputSort:
    input: /datater/wu/data/enterovirus/dsk/forward_3810-4314.kCount
    output: /datater/wu/data/enterovirus/dsk/forward_3810-4314.kCountSorted
    jobid: 93
    wildcards: sample=enterovirus, seg=3810-4314

[Thu Mar 11 19:13:46 2021]
Finished job 84.
66 of 149 steps (44%) done
Select jobs to execute...

[Thu Mar 11 19:13:46 2021]
rule within_segments:
    input: /datater/wu/data/enterovirus/dsk/forward_7874-8378.kCountSorted
    output: /datater/wu/data/enterovirus/filtering/forward_7874-8378.calculated
    jobid: 121
    wildcards: sample=enterovirus, seg=7874-8378

[Thu Mar 11 19:13:46 2021]
Finished job 32.
67 of 149 steps (45%) done
Select jobs to execute...

[Thu Mar 11 19:13:46 2021]
rule dskForwardOutput:
    input: /datater/wu/data/enterovirus/dsk/forward_5588-6092.h5
    output: /datater/wu/data/enterovirus/dsk/forward_5588-6092.kCount
    jobid: 54
    wildcards: sample=enterovirus, seg=5588-6092

[Thu Mar 11 19:13:46 2021]
Finished job 54.
68 of 149 steps (46%) done
Select jobs to execute...

[Thu Mar 11 19:13:46 2021]
rule dskForwardOutputSort:
    input: /datater/wu/data/enterovirus/dsk/forward_5588-6092.kCount
    output: /datater/wu/data/enterovirus/dsk/forward_5588-6092.kCountSorted
    jobid: 91
    wildcards: sample=enterovirus, seg=5588-6092

[Thu Mar 11 19:13:46 2021]
Finished job 141.
69 of 149 steps (46%) done
Select jobs to execute...

[Thu Mar 11 19:13:46 2021]
rule dskForwardOutputSort:
    input: /datater/wu/data/enterovirus/dsk/forward_8382-8886.kCount
    output: /datater/wu/data/enterovirus/dsk/forward_8382-8886.kCountSorted
    jobid: 109
    wildcards: sample=enterovirus, seg=8382-8886

[Thu Mar 11 19:13:46 2021]
Finished job 152.
70 of 149 steps (47%) done
Select jobs to execute...

[Thu Mar 11 19:13:46 2021]
rule dskForwardOutput:
    input: /datater/wu/data/enterovirus/dsk/forward_6604-7108.h5
    output: /datater/wu/data/enterovirus/dsk/forward_6604-7108.kCount
    jobid: 49
    wildcards: sample=enterovirus, seg=6604-7108

[Thu Mar 11 19:13:46 2021]
Finished job 49.
71 of 149 steps (48%) done
Select jobs to execute...

[Thu Mar 11 19:13:46 2021]
rule dskForwardOutputSort:
    input: /datater/wu/data/enterovirus/dsk/forward_6604-7108.kCount
    output: /datater/wu/data/enterovirus/dsk/forward_6604-7108.kCountSorted
    jobid: 86
    wildcards: sample=enterovirus, seg=6604-7108

[Thu Mar 11 19:13:46 2021]
Finished job 100.
72 of 149 steps (48%) done
Select jobs to execute...

[Thu Mar 11 19:13:46 2021]
rule within_segments:
    input: /datater/wu/data/enterovirus/dsk/forward_1524-2028.kCountSorted
    output: /datater/wu/data/enterovirus/filtering/forward_1524-2028.calculated
    jobid: 137
    wildcards: sample=enterovirus, seg=1524-2028

[Thu Mar 11 19:13:46 2021]
Finished job 92.
73 of 149 steps (49%) done
Select jobs to execute...

[Thu Mar 11 19:13:46 2021]
rule within_segments:
    input: /datater/wu/data/enterovirus/dsk/forward_762-1266.kCountSorted
    output: /datater/wu/data/enterovirus/filtering/forward_762-1266.calculated
    jobid: 129
    wildcards: sample=enterovirus, seg=762-1266

[Thu Mar 11 19:13:47 2021]
Finished job 108.
74 of 149 steps (50%) done
Select jobs to execute...

[Thu Mar 11 19:13:47 2021]
rule within_segments:
    input: /datater/wu/data/enterovirus/dsk/forward_254-758.kCountSorted
    output: /datater/wu/data/enterovirus/filtering/forward_254-758.calculated
    jobid: 145
    wildcards: sample=enterovirus, seg=254-758

[Thu Mar 11 19:13:47 2021]
Finished job 114.
75 of 149 steps (50%) done
Select jobs to execute...

[Thu Mar 11 19:13:47 2021]
rule within_segments:
    input: /datater/wu/data/enterovirus/dsk/forward_6350-6854.kCountSorted
    output: /datater/wu/data/enterovirus/filtering/forward_6350-6854.calculated
    jobid: 151
    wildcards: sample=enterovirus, seg=6350-6854

[Thu Mar 11 19:13:47 2021]
Finished job 93.
76 of 149 steps (51%) done
Select jobs to execute...

[Thu Mar 11 19:13:47 2021]
rule within_segments:
    input: /datater/wu/data/enterovirus/dsk/forward_3810-4314.kCountSorted
    output: /datater/wu/data/enterovirus/filtering/forward_3810-4314.calculated
    jobid: 130
    wildcards: sample=enterovirus, seg=3810-4314

[Thu Mar 11 19:13:47 2021]
Finished job 91.
77 of 149 steps (52%) done
Select jobs to execute...

[Thu Mar 11 19:13:47 2021]
rule dskForwardOutput:
    input: /datater/wu/data/enterovirus/dsk/forward_4826-5330.h5
    output: /datater/wu/data/enterovirus/dsk/forward_4826-5330.kCount
    jobid: 69
    wildcards: sample=enterovirus, seg=4826-5330

[Thu Mar 11 19:13:47 2021]
Finished job 109.
78 of 149 steps (52%) done
Select jobs to execute...
[Thu Mar 11 19:13:47 2021]
Finished job 69.
79 of 149 steps (53%) done

[Thu Mar 11 19:13:47 2021]
rule within_segments:
    input: /datater/wu/data/enterovirus/dsk/forward_8382-8886.kCountSorted
    output: /datater/wu/data/enterovirus/filtering/forward_8382-8886.calculated
    jobid: 146
    wildcards: sample=enterovirus, seg=8382-8886

Select jobs to execute...

[Thu Mar 11 19:13:47 2021]
rule dskForwardOutputSort:
    input: /datater/wu/data/enterovirus/dsk/forward_4826-5330.kCount
    output: /datater/wu/data/enterovirus/dsk/forward_4826-5330.kCountSorted
    jobid: 106
    wildcards: sample=enterovirus, seg=4826-5330

[Thu Mar 11 19:13:47 2021]
Finished job 86.
80 of 149 steps (54%) done
Select jobs to execute...

[Thu Mar 11 19:13:47 2021]
rule within_segments:
    input: /datater/wu/data/enterovirus/dsk/forward_6604-7108.kCountSorted
    output: /datater/wu/data/enterovirus/filtering/forward_6604-7108.calculated
    jobid: 123
    wildcards: sample=enterovirus, seg=6604-7108

[Thu Mar 11 19:13:47 2021]
Finished job 121.
81 of 149 steps (54%) done
Select jobs to execute...

[Thu Mar 11 19:13:47 2021]
rule dskForwardOutput:
    input: /datater/wu/data/enterovirus/dsk/forward_1778-2282.h5
    output: /datater/wu/data/enterovirus/dsk/forward_1778-2282.kCount
    jobid: 64
    wildcards: sample=enterovirus, seg=1778-2282

[Thu Mar 11 19:13:47 2021]
Finished job 137.
82 of 149 steps (55%) done
Select jobs to execute...
[Thu Mar 11 19:13:47 2021]
Finished job 64.
83 of 149 steps (56%) done

[Thu Mar 11 19:13:47 2021]
rule dskForwardOutput:
    input: /datater/wu/data/enterovirus/dsk/forward_9144-9382.h5
    output: /datater/wu/data/enterovirus/dsk/forward_9144-9382.kCount
    jobid: 79
    wildcards: sample=enterovirus, seg=9144-9382

Select jobs to execute...
[Thu Mar 11 19:13:47 2021]
Finished job 129.
84 of 149 steps (56%) done
[Thu Mar 11 19:13:47 2021]
Finished job 20.
85 of 149 steps (57%) done
[Thu Mar 11 19:13:47 2021]
Finished job 79.
86 of 149 steps (58%) done

[Thu Mar 11 19:13:47 2021]
rule dskForwardOutputSort:
    input: /datater/wu/data/enterovirus/dsk/forward_1778-2282.kCount
    output: /datater/wu/data/enterovirus/dsk/forward_1778-2282.kCountSorted
    jobid: 101
    wildcards: sample=enterovirus, seg=1778-2282

Select jobs to execute...

[Thu Mar 11 19:13:47 2021]
rule dskForwardOutputSort:
    input: /datater/wu/data/enterovirus/dsk/forward_3048-3552.kCount
    output: /datater/wu/data/enterovirus/dsk/forward_3048-3552.kCountSorted
    jobid: 113
    wildcards: sample=enterovirus, seg=3048-3552

[Thu Mar 11 19:13:47 2021]
rule dskForwardOutput:
    input: /datater/wu/data/enterovirus/dsk/forward_2794-3298.h5
    output: /datater/wu/data/enterovirus/dsk/forward_2794-3298.kCount
    jobid: 65
    wildcards: sample=enterovirus, seg=2794-3298


[Thu Mar 11 19:13:47 2021]
rule dskForwardOutput:
    input: /datater/wu/data/enterovirus/dsk/forward_1016-1520.h5
    output: /datater/wu/data/enterovirus/dsk/forward_1016-1520.kCount
    jobid: 81
    wildcards: sample=enterovirus, seg=1016-1520

Select jobs to execute...
Select jobs to execute...
[Thu Mar 11 19:13:47 2021]
Finished job 65.
87 of 149 steps (58%) done
Select jobs to execute...
[Thu Mar 11 19:13:47 2021]
Finished job 81.
88 of 149 steps (59%) done
[Thu Mar 11 19:13:47 2021]
Finished job 145.
89 of 149 steps (60%) done

[Thu Mar 11 19:13:47 2021]
rule dskForwardOutputSort:
    input: /datater/wu/data/enterovirus/dsk/forward_8890-9394.kCount
    output: /datater/wu/data/enterovirus/dsk/forward_8890-9394.kCountSorted
    jobid: 98
    wildcards: sample=enterovirus, seg=8890-9394

[Thu Mar 11 19:13:47 2021]
rule dskForwardOutputSort:
    input: /datater/wu/data/enterovirus/dsk/forward_2794-3298.kCount
    output: /datater/wu/data/enterovirus/dsk/forward_2794-3298.kCountSorted
    jobid: 102
    wildcards: sample=enterovirus, seg=2794-3298

Select jobs to execute...

[Thu Mar 11 19:13:48 2021]
rule dskForwardOutput:
    input: /datater/wu/data/enterovirus/dsk/forward_5842-6346.h5
    output: /datater/wu/data/enterovirus/dsk/forward_5842-6346.kCount
    jobid: 73
    wildcards: sample=enterovirus, seg=5842-6346

Select jobs to execute...
[Thu Mar 11 19:13:48 2021]
Finished job 43.
90 of 149 steps (60%) done
[Thu Mar 11 19:13:48 2021]
Finished job 73.
91 of 149 steps (61%) done

[Thu Mar 11 19:13:48 2021]
rule dskForwardOutputSort:
    input: /datater/wu/data/enterovirus/dsk/forward_7112-7616.kCount
    output: /datater/wu/data/enterovirus/dsk/forward_7112-7616.kCountSorted
    jobid: 103
    wildcards: sample=enterovirus, seg=7112-7616

Select jobs to execute...

[Thu Mar 11 19:13:48 2021]
rule dskForwardOutputSort:
    input: /datater/wu/data/enterovirus/dsk/forward_508-1012.kCount
    output: /datater/wu/data/enterovirus/dsk/forward_508-1012.kCountSorted
    jobid: 88
    wildcards: sample=enterovirus, seg=508-1012

Select jobs to execute...
[Thu Mar 11 19:13:48 2021]
Finished job 130.
92 of 149 steps (62%) done
Select jobs to execute...

[Thu Mar 11 19:13:48 2021]
rule within_segments:
    input: /datater/wu/data/enterovirus/dsk/forward_5588-6092.kCountSorted
    output: /datater/wu/data/enterovirus/filtering/forward_5588-6092.calculated
    jobid: 128
    wildcards: sample=enterovirus, seg=5588-6092

[Thu Mar 11 19:13:48 2021]
Finished job 106.
93 of 149 steps (62%) done
Select jobs to execute...

[Thu Mar 11 19:13:48 2021]
rule within_segments:
    input: /datater/wu/data/enterovirus/dsk/forward_4826-5330.kCountSorted
    output: /datater/wu/data/enterovirus/filtering/forward_4826-5330.calculated
    jobid: 143
    wildcards: sample=enterovirus, seg=4826-5330

[Thu Mar 11 19:13:48 2021]
Finished job 151.
94 of 149 steps (63%) done
Select jobs to execute...

[Thu Mar 11 19:13:48 2021]
rule within_segments:
    input: /datater/wu/data/enterovirus/dsk/forward_5080-5584.kCountSorted
    output: /datater/wu/data/enterovirus/filtering/forward_5080-5584.calculated
    jobid: 133
    wildcards: sample=enterovirus, seg=5080-5584

[Thu Mar 11 19:13:48 2021]
Finished job 113.
95 of 149 steps (64%) done
Select jobs to execute...

[Thu Mar 11 19:13:48 2021]
rule dskForwardOutputSort:
    input: /datater/wu/data/enterovirus/dsk/forward_6858-7362.kCount
    output: /datater/wu/data/enterovirus/dsk/forward_6858-7362.kCountSorted
    jobid: 89
    wildcards: sample=enterovirus, seg=6858-7362

[Thu Mar 11 19:13:48 2021]
Finished job 38.
96 of 149 steps (64%) done
Select jobs to execute...

[Thu Mar 11 19:13:48 2021]
rule dskForwardOutput:
    input: /datater/wu/data/enterovirus/dsk/forward_4572-5076.h5
    output: /datater/wu/data/enterovirus/dsk/forward_4572-5076.kCount
    jobid: 57
    wildcards: sample=enterovirus, seg=4572-5076

[Thu Mar 11 19:13:48 2021]
Finished job 98.
97 of 149 steps (65%) done
Select jobs to execute...
[Thu Mar 11 19:13:48 2021]
Finished job 101.
98 of 149 steps (66%) done
[Thu Mar 11 19:13:48 2021]
Finished job 57.
99 of 149 steps (66%) done

[Thu Mar 11 19:13:48 2021]
rule dskForwardOutput:
    input: /datater/wu/data/enterovirus/dsk/forward_1270-1774.h5
    output: /datater/wu/data/enterovirus/dsk/forward_1270-1774.kCount
    jobid: 75
    wildcards: sample=enterovirus, seg=1270-1774

Select jobs to execute...
[Thu Mar 11 19:13:48 2021]
Finished job 102.
100 of 149 steps (67%) done
[Thu Mar 11 19:13:48 2021]
Finished job 75.
101 of 149 steps (68%) done

[Thu Mar 11 19:13:48 2021]
rule dskForwardOutputSort:
    input: /datater/wu/data/enterovirus/dsk/forward_9144-9382.kCount
    output: /datater/wu/data/enterovirus/dsk/forward_9144-9382.kCountSorted
    jobid: 116
    wildcards: sample=enterovirus, seg=9144-9382

[Thu Mar 11 19:13:48 2021]
rule within_segments:
    input: /datater/wu/data/enterovirus/dsk/forward_3048-3552.kCountSorted
    output: /datater/wu/data/enterovirus/filtering/forward_3048-3552.calculated
    jobid: 150
    wildcards: sample=enterovirus, seg=3048-3552

Select jobs to execute...
[Thu Mar 11 19:13:48 2021]
Finished job 123.
102 of 149 steps (68%) done

[Thu Mar 11 19:13:48 2021]
rule dskForwardOutput:
    input: /datater/wu/data/enterovirus/dsk/forward_0-504.h5
    output: /datater/wu/data/enterovirus/dsk/forward_0-504.kCount
    jobid: 50
    wildcards: sample=enterovirus, seg=0-504


[Thu Mar 11 19:13:48 2021]
rule dskForwardOutputSort:
    input: /datater/wu/data/enterovirus/dsk/forward_6096-6600.kCount
    output: /datater/wu/data/enterovirus/dsk/forward_6096-6600.kCountSorted
    jobid: 95
    wildcards: sample=enterovirus, seg=6096-6600

Select jobs to execute...
[Thu Mar 11 19:13:48 2021]
Finished job 146.
103 of 149 steps (69%) done
[Thu Mar 11 19:13:48 2021]
Finished job 103.
104 of 149 steps (70%) done
[Thu Mar 11 19:13:48 2021]
Finished job 50.
105 of 149 steps (70%) done

[Thu Mar 11 19:13:48 2021]
rule within_segments:
    input: /datater/wu/data/enterovirus/dsk/forward_8636-9140.kCountSorted
    output: /datater/wu/data/enterovirus/filtering/forward_8636-9140.calculated
    jobid: 148
    wildcards: sample=enterovirus, seg=8636-9140

Select jobs to execute...
[Thu Mar 11 19:13:48 2021]
Finished job 88.
106 of 149 steps (71%) done

[Thu Mar 11 19:13:48 2021]
rule dskForwardOutputSort:
    input: /datater/wu/data/enterovirus/dsk/forward_7366-7870.kCount
    output: /datater/wu/data/enterovirus/dsk/forward_7366-7870.kCountSorted
    jobid: 119
    wildcards: sample=enterovirus, seg=7366-7870

[Thu Mar 11 19:13:48 2021]
rule dskForwardOutputSort:
    input: /datater/wu/data/enterovirus/dsk/forward_1016-1520.kCount
    output: /datater/wu/data/enterovirus/dsk/forward_1016-1520.kCountSorted
    jobid: 118
    wildcards: sample=enterovirus, seg=1016-1520

[Thu Mar 11 19:13:48 2021]
rule within_segments:
    input: /datater/wu/data/enterovirus/dsk/forward_8890-9394.kCountSorted
    output: /datater/wu/data/enterovirus/filtering/forward_8890-9394.calculated
    jobid: 135
    wildcards: sample=enterovirus, seg=8890-9394

Select jobs to execute...

[Thu Mar 11 19:13:48 2021]
rule within_segments:
    input: /datater/wu/data/enterovirus/dsk/forward_508-1012.kCountSorted
    output: /datater/wu/data/enterovirus/filtering/forward_508-1012.calculated
    jobid: 125
    wildcards: sample=enterovirus, seg=508-1012

Select jobs to execute...
Select jobs to execute...
Select jobs to execute...
Select jobs to execute...
[Thu Mar 11 19:13:49 2021]
Finished job 128.
107 of 149 steps (72%) done
Select jobs to execute...

[Thu Mar 11 19:13:49 2021]
rule dskForwardOutput:
    input: /datater/wu/data/enterovirus/dsk/forward_3556-4060.h5
    output: /datater/wu/data/enterovirus/dsk/forward_3556-4060.kCount
    jobid: 83
    wildcards: sample=enterovirus, seg=3556-4060

[Thu Mar 11 19:13:49 2021]
Finished job 89.
108 of 149 steps (72%) done
Select jobs to execute...
[Thu Mar 11 19:13:49 2021]
Finished job 83.
109 of 149 steps (73%) done

[Thu Mar 11 19:13:49 2021]
rule within_segments:
    input: /datater/wu/data/enterovirus/dsk/forward_7112-7616.kCountSorted
    output: /datater/wu/data/enterovirus/filtering/forward_7112-7616.calculated
    jobid: 140
    wildcards: sample=enterovirus, seg=7112-7616

Select jobs to execute...

[Thu Mar 11 19:13:49 2021]
rule dskForwardOutputSort:
    input: /datater/wu/data/enterovirus/dsk/forward_4572-5076.kCount
    output: /datater/wu/data/enterovirus/dsk/forward_4572-5076.kCountSorted
    jobid: 94
    wildcards: sample=enterovirus, seg=4572-5076

[Thu Mar 11 19:13:49 2021]
Finished job 116.
110 of 149 steps (74%) done
Select jobs to execute...

[Thu Mar 11 19:13:49 2021]
rule within_segments:
    input: /datater/wu/data/enterovirus/dsk/forward_9144-9382.kCountSorted
    output: /datater/wu/data/enterovirus/filtering/forward_9144-9382.calculated
    jobid: 153
    wildcards: sample=enterovirus, seg=9144-9382

[Thu Mar 11 19:13:49 2021]
Finished job 95.
111 of 149 steps (74%) done
Select jobs to execute...

[Thu Mar 11 19:13:49 2021]
rule within_segments:
    input: /datater/wu/data/enterovirus/dsk/forward_1778-2282.kCountSorted
    output: /datater/wu/data/enterovirus/filtering/forward_1778-2282.calculated
    jobid: 138
    wildcards: sample=enterovirus, seg=1778-2282

[Thu Mar 11 19:13:49 2021]
Finished job 119.
112 of 149 steps (75%) done
[Thu Mar 11 19:13:49 2021]
Finished job 118.
113 of 149 steps (76%) done
Select jobs to execute...

[Thu Mar 11 19:13:49 2021]
rule within_segments:
    input: /datater/wu/data/enterovirus/dsk/forward_6096-6600.kCountSorted
    output: /datater/wu/data/enterovirus/filtering/forward_6096-6600.calculated
    jobid: 132
    wildcards: sample=enterovirus, seg=6096-6600

[Thu Mar 11 19:13:49 2021]
rule within_segments:
    input: /datater/wu/data/enterovirus/dsk/forward_2794-3298.kCountSorted
    output: /datater/wu/data/enterovirus/filtering/forward_2794-3298.calculated
    jobid: 139
    wildcards: sample=enterovirus, seg=2794-3298

Select jobs to execute...
[Thu Mar 11 19:13:49 2021]
Finished job 143.
114 of 149 steps (77%) done
[Thu Mar 11 19:13:49 2021]
Finished job 135.
115 of 149 steps (77%) done
Select jobs to execute...
[Thu Mar 11 19:13:49 2021]
Finished job 125.
116 of 149 steps (78%) done

[Thu Mar 11 19:13:49 2021]
rule dskForwardOutputSort:
    input: /datater/wu/data/enterovirus/dsk/forward_7620-8124.kCount
    output: /datater/wu/data/enterovirus/dsk/forward_7620-8124.kCountSorted
    jobid: 97
    wildcards: sample=enterovirus, seg=7620-8124

[Thu Mar 11 19:13:49 2021]
rule dskForwardOutputSort:
    input: /datater/wu/data/enterovirus/dsk/forward_5842-6346.kCount
    output: /datater/wu/data/enterovirus/dsk/forward_5842-6346.kCountSorted
    jobid: 110
    wildcards: sample=enterovirus, seg=5842-6346

Select jobs to execute...

[Thu Mar 11 19:13:49 2021]
rule dskForwardOutput:
    input: /datater/wu/data/enterovirus/dsk/forward_4064-4568.h5
    output: /datater/wu/data/enterovirus/dsk/forward_4064-4568.kCount
    jobid: 53
    wildcards: sample=enterovirus, seg=4064-4568

Select jobs to execute...
[Thu Mar 11 19:13:49 2021]
Finished job 53.
117 of 149 steps (79%) done
Select jobs to execute...

[Thu Mar 11 19:13:49 2021]
rule dskForwardOutput:
    input: /datater/wu/data/enterovirus/dsk/forward_2286-2790.h5
    output: /datater/wu/data/enterovirus/dsk/forward_2286-2790.kCount
    jobid: 68
    wildcards: sample=enterovirus, seg=2286-2790

[Thu Mar 11 19:13:49 2021]
Finished job 68.
118 of 149 steps (79%) done
Select jobs to execute...

[Thu Mar 11 19:13:49 2021]
rule dskForwardOutputSort:
    input: /datater/wu/data/enterovirus/dsk/forward_0-504.kCount
    output: /datater/wu/data/enterovirus/dsk/forward_0-504.kCountSorted
    jobid: 87
    wildcards: sample=enterovirus, seg=0-504

[Thu Mar 11 19:13:49 2021]
Finished job 133.
119 of 149 steps (80%) done
Select jobs to execute...
[Thu Mar 11 19:13:49 2021]
Finished job 150.
120 of 149 steps (81%) done

[Thu Mar 11 19:13:49 2021]
rule within_segments:
    input: /datater/wu/data/enterovirus/dsk/forward_1016-1520.kCountSorted
    output: /datater/wu/data/enterovirus/filtering/forward_1016-1520.calculated
    jobid: 155
    wildcards: sample=enterovirus, seg=1016-1520

Select jobs to execute...

[Thu Mar 11 19:13:50 2021]
rule dskForwardOutputSort:
    input: /datater/wu/data/enterovirus/dsk/forward_2286-2790.kCount
    output: /datater/wu/data/enterovirus/dsk/forward_2286-2790.kCountSorted
    jobid: 105
    wildcards: sample=enterovirus, seg=2286-2790

[Thu Mar 11 19:13:50 2021]
Finished job 148.
121 of 149 steps (81%) done
Select jobs to execute...

[Thu Mar 11 19:13:50 2021]
rule dskForwardOutputSort:
    input: /datater/wu/data/enterovirus/dsk/forward_4064-4568.kCount
    output: /datater/wu/data/enterovirus/dsk/forward_4064-4568.kCountSorted
    jobid: 90
    wildcards: sample=enterovirus, seg=4064-4568

[Thu Mar 11 19:13:50 2021]
Finished job 94.
122 of 149 steps (82%) done
Select jobs to execute...

[Thu Mar 11 19:13:50 2021]
rule within_segments:
    input: /datater/wu/data/enterovirus/dsk/forward_4572-5076.kCountSorted
    output: /datater/wu/data/enterovirus/filtering/forward_4572-5076.calculated
    jobid: 131
    wildcards: sample=enterovirus, seg=4572-5076

[Thu Mar 11 19:13:50 2021]
Finished job 153.
123 of 149 steps (83%) done
Select jobs to execute...

[Thu Mar 11 19:13:50 2021]
rule dskForwardOutputSort:
    input: /datater/wu/data/enterovirus/dsk/forward_3556-4060.kCount
    output: /datater/wu/data/enterovirus/dsk/forward_3556-4060.kCountSorted
    jobid: 120
    wildcards: sample=enterovirus, seg=3556-4060

[Thu Mar 11 19:13:50 2021]
Finished job 97.
124 of 149 steps (83%) done
Select jobs to execute...
[Thu Mar 11 19:13:50 2021]
Finished job 110.
125 of 149 steps (84%) done

[Thu Mar 11 19:13:50 2021]
rule within_segments:
    input: /datater/wu/data/enterovirus/dsk/forward_7620-8124.kCountSorted
    output: /datater/wu/data/enterovirus/filtering/forward_7620-8124.calculated
    jobid: 134
    wildcards: sample=enterovirus, seg=7620-8124

Select jobs to execute...
[Thu Mar 11 19:13:50 2021]
Finished job 138.
126 of 149 steps (85%) done

[Thu Mar 11 19:13:50 2021]
rule within_segments:
    input: /datater/wu/data/enterovirus/dsk/forward_5842-6346.kCountSorted
    output: /datater/wu/data/enterovirus/filtering/forward_5842-6346.calculated
    jobid: 147
    wildcards: sample=enterovirus, seg=5842-6346

Select jobs to execute...

[Thu Mar 11 19:13:50 2021]
rule within_segments:
    input: /datater/wu/data/enterovirus/dsk/forward_7366-7870.kCountSorted
    output: /datater/wu/data/enterovirus/filtering/forward_7366-7870.calculated
    jobid: 156
    wildcards: sample=enterovirus, seg=7366-7870

[Thu Mar 11 19:13:50 2021]
Finished job 87.
127 of 149 steps (85%) done
Select jobs to execute...

[Thu Mar 11 19:13:50 2021]
rule within_segments:
    input: /datater/wu/data/enterovirus/dsk/forward_0-504.kCountSorted
    output: /datater/wu/data/enterovirus/filtering/forward_0-504.calculated
    jobid: 124
    wildcards: sample=enterovirus, seg=0-504

[Thu Mar 11 19:13:50 2021]
Finished job 140.
128 of 149 steps (86%) done
Select jobs to execute...

[Thu Mar 11 19:13:50 2021]
rule dskForwardOutput:
    input: /datater/wu/data/enterovirus/dsk/forward_4318-4822.h5
    output: /datater/wu/data/enterovirus/dsk/forward_4318-4822.kCount
    jobid: 80
    wildcards: sample=enterovirus, seg=4318-4822

[Thu Mar 11 19:13:50 2021]
Finished job 80.
129 of 149 steps (87%) done
Select jobs to execute...

[Thu Mar 11 19:13:50 2021]
rule dskForwardOutputSort:
    input: /datater/wu/data/enterovirus/dsk/forward_1270-1774.kCount
    output: /datater/wu/data/enterovirus/dsk/forward_1270-1774.kCountSorted
    jobid: 112
    wildcards: sample=enterovirus, seg=1270-1774

[Thu Mar 11 19:13:50 2021]
Finished job 105.
130 of 149 steps (87%) done
Select jobs to execute...
[Thu Mar 11 19:13:50 2021]
Finished job 155.
131 of 149 steps (88%) done

[Thu Mar 11 19:13:50 2021]
rule within_segments:
    input: /datater/wu/data/enterovirus/dsk/forward_6858-7362.kCountSorted
    output: /datater/wu/data/enterovirus/filtering/forward_6858-7362.calculated
    jobid: 126
    wildcards: sample=enterovirus, seg=6858-7362

Select jobs to execute...

[Thu Mar 11 19:13:50 2021]
rule within_segments:
    input: /datater/wu/data/enterovirus/dsk/forward_2286-2790.kCountSorted
    output: /datater/wu/data/enterovirus/filtering/forward_2286-2790.calculated
    jobid: 142
    wildcards: sample=enterovirus, seg=2286-2790

[Thu Mar 11 19:13:50 2021]
Finished job 90.
132 of 149 steps (89%) done
Select jobs to execute...

[Thu Mar 11 19:13:50 2021]
rule within_segments:
    input: /datater/wu/data/enterovirus/dsk/forward_4064-4568.kCountSorted
    output: /datater/wu/data/enterovirus/filtering/forward_4064-4568.calculated
    jobid: 127
    wildcards: sample=enterovirus, seg=4064-4568

[Thu Mar 11 19:13:51 2021]
Finished job 139.
133 of 149 steps (89%) done
Select jobs to execute...

[Thu Mar 11 19:13:51 2021]
rule dskForwardOutputSort:
    input: /datater/wu/data/enterovirus/dsk/forward_4318-4822.kCount
    output: /datater/wu/data/enterovirus/dsk/forward_4318-4822.kCountSorted
    jobid: 117
    wildcards: sample=enterovirus, seg=4318-4822

[Thu Mar 11 19:13:51 2021]
Finished job 132.
134 of 149 steps (90%) done
[Thu Mar 11 19:13:51 2021]
Finished job 120.
135 of 149 steps (91%) done
Select jobs to execute...

[Thu Mar 11 19:13:51 2021]
rule within_segments:
    input: /datater/wu/data/enterovirus/dsk/forward_3556-4060.kCountSorted
    output: /datater/wu/data/enterovirus/filtering/forward_3556-4060.calculated
    jobid: 157
    wildcards: sample=enterovirus, seg=3556-4060

[Thu Mar 11 19:13:51 2021]
Finished job 147.
136 of 149 steps (91%) done
[Thu Mar 11 19:13:51 2021]
Finished job 124.
137 of 149 steps (92%) done
[Thu Mar 11 19:13:51 2021]
Finished job 131.
138 of 149 steps (93%) done
[Thu Mar 11 19:13:51 2021]
Finished job 112.
139 of 149 steps (93%) done
Select jobs to execute...

[Thu Mar 11 19:13:51 2021]
rule within_segments:
    input: /datater/wu/data/enterovirus/dsk/forward_1270-1774.kCountSorted
    output: /datater/wu/data/enterovirus/filtering/forward_1270-1774.calculated
    jobid: 149
    wildcards: sample=enterovirus, seg=1270-1774

[Thu Mar 11 19:13:51 2021]
Finished job 156.
140 of 149 steps (94%) done
[Thu Mar 11 19:13:51 2021]
Finished job 134.
141 of 149 steps (95%) done
[Thu Mar 11 19:13:51 2021]
Finished job 117.
142 of 149 steps (95%) done
Select jobs to execute...

[Thu Mar 11 19:13:51 2021]
rule within_segments:
    input: /datater/wu/data/enterovirus/dsk/forward_4318-4822.kCountSorted
    output: /datater/wu/data/enterovirus/filtering/forward_4318-4822.calculated
    jobid: 154
    wildcards: sample=enterovirus, seg=4318-4822

[Thu Mar 11 19:13:51 2021]
Finished job 142.
143 of 149 steps (96%) done
[Thu Mar 11 19:13:52 2021]
Finished job 126.
144 of 149 steps (97%) done
[Thu Mar 11 19:13:52 2021]
Finished job 127.
145 of 149 steps (97%) done
[Thu Mar 11 19:13:52 2021]
Finished job 157.
146 of 149 steps (98%) done
[Thu Mar 11 19:13:52 2021]
Finished job 149.
147 of 149 steps (99%) done
[Thu Mar 11 19:13:52 2021]
Finished job 154.
148 of 149 steps (99%) done
Select jobs to execute...

[Thu Mar 11 19:13:52 2021]
localrule all:
    input: /datater/wu/data/duplicate_removed/enterovirus.uniq, /datater/wu/data/msa/enterovirus.msa, /datater/wu/data/enterovirus/split_forward/position_7874-8378.fasta, /datater/wu/data/enterovirus/split_forward/position_3302-3806.fasta, /datater/wu/data/enterovirus/split_forward/position_6604-7108.fasta, /datater/wu/data/enterovirus/split_forward/position_0-504.fasta, /datater/wu/data/enterovirus/split_forward/position_508-1012.fasta, /datater/wu/data/enterovirus/split_forward/position_6858-7362.fasta, /datater/wu/data/enterovirus/split_forward/position_4064-4568.fasta, /datater/wu/data/enterovirus/split_forward/position_5588-6092.fasta, /datater/wu/data/enterovirus/split_forward/position_762-1266.fasta, /datater/wu/data/enterovirus/split_forward/position_3810-4314.fasta, /datater/wu/data/enterovirus/split_forward/position_4572-5076.fasta, /datater/wu/data/enterovirus/split_forward/position_6096-6600.fasta, /datater/wu/data/enterovirus/split_forward/position_5080-5584.fasta, /datater/wu/data/enterovirus/split_forward/position_7620-8124.fasta, /datater/wu/data/enterovirus/split_forward/position_8890-9394.fasta, /datater/wu/data/enterovirus/split_forward/position_8128-8632.fasta, /datater/wu/data/enterovirus/split_forward/position_1524-2028.fasta, /datater/wu/data/enterovirus/split_forward/position_1778-2282.fasta, /datater/wu/data/enterovirus/split_forward/position_2794-3298.fasta, /datater/wu/data/enterovirus/split_forward/position_7112-7616.fasta, /datater/wu/data/enterovirus/split_forward/position_5334-5838.fasta, /datater/wu/data/enterovirus/split_forward/position_2286-2790.fasta, /datater/wu/data/enterovirus/split_forward/position_4826-5330.fasta, /datater/wu/data/enterovirus/split_forward/position_2032-2536.fasta, /datater/wu/data/enterovirus/split_forward/position_254-758.fasta, /datater/wu/data/enterovirus/split_forward/position_8382-8886.fasta, /datater/wu/data/enterovirus/split_forward/position_5842-6346.fasta, /datater/wu/data/enterovirus/split_forward/position_8636-9140.fasta, /datater/wu/data/enterovirus/split_forward/position_1270-1774.fasta, /datater/wu/data/enterovirus/split_forward/position_3048-3552.fasta, /datater/wu/data/enterovirus/split_forward/position_6350-6854.fasta, /datater/wu/data/enterovirus/split_forward/position_2540-3044.fasta, /datater/wu/data/enterovirus/split_forward/position_9144-9382.fasta, /datater/wu/data/enterovirus/split_forward/position_4318-4822.fasta, /datater/wu/data/enterovirus/split_forward/position_1016-1520.fasta, /datater/wu/data/enterovirus/split_forward/position_7366-7870.fasta, /datater/wu/data/enterovirus/split_forward/position_3556-4060.fasta, /datater/wu/data/enterovirus/dsk/forward_7874-8378.h5, /datater/wu/data/enterovirus/dsk/forward_3302-3806.h5, /datater/wu/data/enterovirus/dsk/forward_6604-7108.h5, /datater/wu/data/enterovirus/dsk/forward_0-504.h5, /datater/wu/data/enterovirus/dsk/forward_508-1012.h5, /datater/wu/data/enterovirus/dsk/forward_6858-7362.h5, /datater/wu/data/enterovirus/dsk/forward_4064-4568.h5, /datater/wu/data/enterovirus/dsk/forward_5588-6092.h5, /datater/wu/data/enterovirus/dsk/forward_762-1266.h5, /datater/wu/data/enterovirus/dsk/forward_3810-4314.h5, /datater/wu/data/enterovirus/dsk/forward_4572-5076.h5, /datater/wu/data/enterovirus/dsk/forward_6096-6600.h5, /datater/wu/data/enterovirus/dsk/forward_5080-5584.h5, /datater/wu/data/enterovirus/dsk/forward_7620-8124.h5, /datater/wu/data/enterovirus/dsk/forward_8890-9394.h5, /datater/wu/data/enterovirus/dsk/forward_8128-8632.h5, /datater/wu/data/enterovirus/dsk/forward_1524-2028.h5, /datater/wu/data/enterovirus/dsk/forward_1778-2282.h5, /datater/wu/data/enterovirus/dsk/forward_2794-3298.h5, /datater/wu/data/enterovirus/dsk/forward_7112-7616.h5, /datater/wu/data/enterovirus/dsk/forward_5334-5838.h5, /datater/wu/data/enterovirus/dsk/forward_2286-2790.h5, /datater/wu/data/enterovirus/dsk/forward_4826-5330.h5, /datater/wu/data/enterovirus/dsk/forward_2032-2536.h5, /datater/wu/data/enterovirus/dsk/forward_254-758.h5, /datater/wu/data/enterovirus/dsk/forward_8382-8886.h5, /datater/wu/data/enterovirus/dsk/forward_5842-6346.h5, /datater/wu/data/enterovirus/dsk/forward_8636-9140.h5, /datater/wu/data/enterovirus/dsk/forward_1270-1774.h5, /datater/wu/data/enterovirus/dsk/forward_3048-3552.h5, /datater/wu/data/enterovirus/dsk/forward_6350-6854.h5, /datater/wu/data/enterovirus/dsk/forward_2540-3044.h5, /datater/wu/data/enterovirus/dsk/forward_9144-9382.h5, /datater/wu/data/enterovirus/dsk/forward_4318-4822.h5, /datater/wu/data/enterovirus/dsk/forward_1016-1520.h5, /datater/wu/data/enterovirus/dsk/forward_7366-7870.h5, /datater/wu/data/enterovirus/dsk/forward_3556-4060.h5, /datater/wu/data/enterovirus/dsk/forward_7874-8378.kCount, /datater/wu/data/enterovirus/dsk/forward_3302-3806.kCount, /datater/wu/data/enterovirus/dsk/forward_6604-7108.kCount, /datater/wu/data/enterovirus/dsk/forward_0-504.kCount, /datater/wu/data/enterovirus/dsk/forward_508-1012.kCount, /datater/wu/data/enterovirus/dsk/forward_6858-7362.kCount, /datater/wu/data/enterovirus/dsk/forward_4064-4568.kCount, /datater/wu/data/enterovirus/dsk/forward_5588-6092.kCount, /datater/wu/data/enterovirus/dsk/forward_762-1266.kCount, /datater/wu/data/enterovirus/dsk/forward_3810-4314.kCount, /datater/wu/data/enterovirus/dsk/forward_4572-5076.kCount, /datater/wu/data/enterovirus/dsk/forward_6096-6600.kCount, /datater/wu/data/enterovirus/dsk/forward_5080-5584.kCount, /datater/wu/data/enterovirus/dsk/forward_7620-8124.kCount, /datater/wu/data/enterovirus/dsk/forward_8890-9394.kCount, /datater/wu/data/enterovirus/dsk/forward_8128-8632.kCount, /datater/wu/data/enterovirus/dsk/forward_1524-2028.kCount, /datater/wu/data/enterovirus/dsk/forward_1778-2282.kCount, /datater/wu/data/enterovirus/dsk/forward_2794-3298.kCount, /datater/wu/data/enterovirus/dsk/forward_7112-7616.kCount, /datater/wu/data/enterovirus/dsk/forward_5334-5838.kCount, /datater/wu/data/enterovirus/dsk/forward_2286-2790.kCount, /datater/wu/data/enterovirus/dsk/forward_4826-5330.kCount, /datater/wu/data/enterovirus/dsk/forward_2032-2536.kCount, /datater/wu/data/enterovirus/dsk/forward_254-758.kCount, /datater/wu/data/enterovirus/dsk/forward_8382-8886.kCount, /datater/wu/data/enterovirus/dsk/forward_5842-6346.kCount, /datater/wu/data/enterovirus/dsk/forward_8636-9140.kCount, /datater/wu/data/enterovirus/dsk/forward_1270-1774.kCount, /datater/wu/data/enterovirus/dsk/forward_3048-3552.kCount, /datater/wu/data/enterovirus/dsk/forward_6350-6854.kCount, /datater/wu/data/enterovirus/dsk/forward_2540-3044.kCount, /datater/wu/data/enterovirus/dsk/forward_9144-9382.kCount, /datater/wu/data/enterovirus/dsk/forward_4318-4822.kCount, /datater/wu/data/enterovirus/dsk/forward_1016-1520.kCount, /datater/wu/data/enterovirus/dsk/forward_7366-7870.kCount, /datater/wu/data/enterovirus/dsk/forward_3556-4060.kCount, /datater/wu/data/enterovirus/dsk/forward_7874-8378.kCountSorted, /datater/wu/data/enterovirus/dsk/forward_3302-3806.kCountSorted, /datater/wu/data/enterovirus/dsk/forward_6604-7108.kCountSorted, /datater/wu/data/enterovirus/dsk/forward_0-504.kCountSorted, /datater/wu/data/enterovirus/dsk/forward_508-1012.kCountSorted, /datater/wu/data/enterovirus/dsk/forward_6858-7362.kCountSorted, /datater/wu/data/enterovirus/dsk/forward_4064-4568.kCountSorted, /datater/wu/data/enterovirus/dsk/forward_5588-6092.kCountSorted, /datater/wu/data/enterovirus/dsk/forward_762-1266.kCountSorted, /datater/wu/data/enterovirus/dsk/forward_3810-4314.kCountSorted, /datater/wu/data/enterovirus/dsk/forward_4572-5076.kCountSorted, /datater/wu/data/enterovirus/dsk/forward_6096-6600.kCountSorted, /datater/wu/data/enterovirus/dsk/forward_5080-5584.kCountSorted, /datater/wu/data/enterovirus/dsk/forward_7620-8124.kCountSorted, /datater/wu/data/enterovirus/dsk/forward_8890-9394.kCountSorted, /datater/wu/data/enterovirus/dsk/forward_8128-8632.kCountSorted, /datater/wu/data/enterovirus/dsk/forward_1524-2028.kCountSorted, /datater/wu/data/enterovirus/dsk/forward_1778-2282.kCountSorted, /datater/wu/data/enterovirus/dsk/forward_2794-3298.kCountSorted, /datater/wu/data/enterovirus/dsk/forward_7112-7616.kCountSorted, /datater/wu/data/enterovirus/dsk/forward_5334-5838.kCountSorted, /datater/wu/data/enterovirus/dsk/forward_2286-2790.kCountSorted, /datater/wu/data/enterovirus/dsk/forward_4826-5330.kCountSorted, /datater/wu/data/enterovirus/dsk/forward_2032-2536.kCountSorted, /datater/wu/data/enterovirus/dsk/forward_254-758.kCountSorted, /datater/wu/data/enterovirus/dsk/forward_8382-8886.kCountSorted, /datater/wu/data/enterovirus/dsk/forward_5842-6346.kCountSorted, /datater/wu/data/enterovirus/dsk/forward_8636-9140.kCountSorted, /datater/wu/data/enterovirus/dsk/forward_1270-1774.kCountSorted, /datater/wu/data/enterovirus/dsk/forward_3048-3552.kCountSorted, /datater/wu/data/enterovirus/dsk/forward_6350-6854.kCountSorted, /datater/wu/data/enterovirus/dsk/forward_2540-3044.kCountSorted, /datater/wu/data/enterovirus/dsk/forward_9144-9382.kCountSorted, /datater/wu/data/enterovirus/dsk/forward_4318-4822.kCountSorted, /datater/wu/data/enterovirus/dsk/forward_1016-1520.kCountSorted, /datater/wu/data/enterovirus/dsk/forward_7366-7870.kCountSorted, /datater/wu/data/enterovirus/dsk/forward_3556-4060.kCountSorted, /datater/wu/data/enterovirus/filtering/forward_7874-8378.calculated, /datater/wu/data/enterovirus/filtering/forward_3302-3806.calculated, /datater/wu/data/enterovirus/filtering/forward_6604-7108.calculated, /datater/wu/data/enterovirus/filtering/forward_0-504.calculated, /datater/wu/data/enterovirus/filtering/forward_508-1012.calculated, /datater/wu/data/enterovirus/filtering/forward_6858-7362.calculated, /datater/wu/data/enterovirus/filtering/forward_4064-4568.calculated, /datater/wu/data/enterovirus/filtering/forward_5588-6092.calculated, /datater/wu/data/enterovirus/filtering/forward_762-1266.calculated, /datater/wu/data/enterovirus/filtering/forward_3810-4314.calculated, /datater/wu/data/enterovirus/filtering/forward_4572-5076.calculated, /datater/wu/data/enterovirus/filtering/forward_6096-6600.calculated, /datater/wu/data/enterovirus/filtering/forward_5080-5584.calculated, /datater/wu/data/enterovirus/filtering/forward_7620-8124.calculated, /datater/wu/data/enterovirus/filtering/forward_8890-9394.calculated, /datater/wu/data/enterovirus/filtering/forward_8128-8632.calculated, /datater/wu/data/enterovirus/filtering/forward_1524-2028.calculated, /datater/wu/data/enterovirus/filtering/forward_1778-2282.calculated, /datater/wu/data/enterovirus/filtering/forward_2794-3298.calculated, /datater/wu/data/enterovirus/filtering/forward_7112-7616.calculated, /datater/wu/data/enterovirus/filtering/forward_5334-5838.calculated, /datater/wu/data/enterovirus/filtering/forward_2286-2790.calculated, /datater/wu/data/enterovirus/filtering/forward_4826-5330.calculated, /datater/wu/data/enterovirus/filtering/forward_2032-2536.calculated, /datater/wu/data/enterovirus/filtering/forward_254-758.calculated, /datater/wu/data/enterovirus/filtering/forward_8382-8886.calculated, /datater/wu/data/enterovirus/filtering/forward_5842-6346.calculated, /datater/wu/data/enterovirus/filtering/forward_8636-9140.calculated, /datater/wu/data/enterovirus/filtering/forward_1270-1774.calculated, /datater/wu/data/enterovirus/filtering/forward_3048-3552.calculated, /datater/wu/data/enterovirus/filtering/forward_6350-6854.calculated, /datater/wu/data/enterovirus/filtering/forward_2540-3044.calculated, /datater/wu/data/enterovirus/filtering/forward_9144-9382.calculated, /datater/wu/data/enterovirus/filtering/forward_4318-4822.calculated, /datater/wu/data/enterovirus/filtering/forward_1016-1520.calculated, /datater/wu/data/enterovirus/filtering/forward_7366-7870.calculated, /datater/wu/data/enterovirus/filtering/forward_3556-4060.calculated
    jobid: 0

[Thu Mar 11 19:13:53 2021]
Finished job 0.
149 of 149 steps (100%) done
Complete log: /datater/wu/stage_m2/.snakemake/log/2021-03-11T191337.284306.snakemake.log
