Building DAG of jobs...
Updating job dskForward.
Updating job all.
Using shell: /bin/bash
Provided cores: 1 (use --cores to define parallelism)
Rules claiming more threads will be scaled down.
Conda environments: ignored
Job counts:
	count	jobs
	1	all
	43	dskForward
	44
Select jobs to execute...

[Thu Mar  4 10:50:09 2021]
rule dskForward:
    output: /home/meijun/Documents/data/kmerCounting/zika/forward.1757-2258.h5 (dynamic)
    jobid: 9
    wildcards: sample=zika, seg=1757-2258

Subsequent jobs will be added dynamically depending on the output of this job
[Thu Mar  4 10:50:09 2021]
Error in rule dskForward:
    jobid: 9
    output: /home/meijun/Documents/data/kmerCounting/zika/forward.1757-2258.h5 (dynamic)
    shell:
        lib/dsk/build/bin/dsk         -nb-cores 0         -max-memory 5000         -max-disk 0         -out-compress 0         -storage-type hdf5         -kmer-size 13         -abundance-min 2         -abundance-max 2147483647         -solidity-kind sum         -file  -out /home/meijun/Documents/data/kmerCounting/zika/forward.1757-2258.h5
        (one of the commands exited with non-zero exit code; note that snakemake uses bash strict mode!)

Shutting down, this might take some time.
Exiting because a job execution failed. Look above for error message
Complete log: /home/meijun/Documents/stage_m2/.snakemake/log/2021-03-04T105008.609568.snakemake.log
