Building DAG of jobs...
Using shell: /bin/bash
Provided cores: 4
Rules claiming more threads will be scaled down.
Conda environments: ignored
Job counts:
	count	jobs
	1	MSA
	1	all
	1	checkHeterodimer
	1	clustering
	1	countAllKmer1
	1	countAllKmer2
	1	evaluation1
	1	evaluation2
	1	evaluation3
	1	getKmerPosition1
	1	getKmerPosition2
	1	getKmerPosition3
	1	getKmerPosition4
	1	removeDuplicateSeq
	1	sortAllKmer
	1	specific1
	1	specific2
	1	specific3
	1	specific4
	19
Select jobs to execute...

[Thu Apr 29 12:01:36 2021]
rule specific2:
    input: /datater/wu/data/RefSeqProkaryota/RefSeqProkaryota.fna
    output: /datater/wu/data/RefSeqProkaryota/RefSeqProkaryota.DB.1.ebwt, /datater/wu/data/RefSeqProkaryota/RefSeqProkaryota.DB.2.ebwt, /datater/wu/data/RefSeqProkaryota/RefSeqProkaryota.DB.3.ebwt, /datater/wu/data/RefSeqProkaryota/RefSeqProkaryota.DB.4.ebwt, /datater/wu/data/RefSeqProkaryota/RefSeqProkaryota.DB.rev.1.ebwt, /datater/wu/data/RefSeqProkaryota/RefSeqProkaryota.DB.rev.2.ebwt
    jobid: 6


[Thu Apr 29 12:01:36 2021]
rule specific1:
    input: /datater/wu/data/MSSPE-variant/zika/kmer15/allKmerCount.sorted.calculated.filtered.txt
    output: /datater/wu/data/MSSPE-variant/zika/kmer15/intermediate/allKmerCount.sorted.calculated.filtered.fasta
    jobid: 5
    wildcards: sample=zika

[Thu Apr 29 12:01:36 2021]
rule removeDuplicateSeq:
    input: /datater/wu/data/ZIKV-96seqs.fasta
    output: /datater/wu/data/MSSPE-variant/zika/zika.uniq
    jobid: 1
    wildcards: sample=zika

[Thu Apr 29 12:01:36 2021]
Finished job 1.
1 of 19 steps (5%) done
Select jobs to execute...

[Thu Apr 29 12:01:36 2021]
rule clustering:
    input: /datater/wu/data/MSSPE-variant/zika/zika.uniq
    output: /datater/wu/data/MSSPE-variant/zika/zika0.99.uniq
    jobid: 9
    wildcards: sample=zika


[Thu Apr 29 12:01:36 2021]
rule evaluation1:
    input: /datater/wu/data/MSSPE-variant/zika/zika.uniq, /datater/wu/data/ncbiTaxonomy/nucl_gb.accession2taxid, /datater/wu/data/ncbiTaxonomy/ncbi_lineages_2021-04-23.csv
    output: /datater/wu/data/MSSPE-variant/zika/kmer15/intermediate/aceID-taxID-species.tsv
    jobid: 16
    wildcards: sample=zika

[Thu Apr 29 12:01:37 2021]
Finished job 5.
2 of 19 steps (11%) done
Select jobs to execute...

[Thu Apr 29 12:01:37 2021]
rule countAllKmer1:
    input: /datater/wu/data/MSSPE-variant/zika/zika.uniq
    output: /datater/wu/data/MSSPE-variant/zika/kmer15/intermediate/allKmerCount.jf
    jobid: 2
    wildcards: sample=zika

[Thu Apr 29 12:01:37 2021]
Finished job 9.
3 of 19 steps (16%) done
Select jobs to execute...

[Thu Apr 29 12:01:37 2021]
rule MSA:
    input: /datater/wu/data/MSSPE-variant/zika/zika0.99.uniq
    output: /datater/wu/data/MSSPE-variant/zika/zika0.99.msa
    log: /datater/wu/data/MSSPE-variant/zika/log/mafft.log
    jobid: 10
    wildcards: sample=zika

[Thu Apr 29 12:01:47 2021]
Finished job 10.
4 of 19 steps (21%) done
Select jobs to execute...

[Thu Apr 29 12:01:47 2021]
rule getKmerPosition2:
    input: /datater/wu/data/MSSPE-variant/zika/zika0.99.msa
    output: /datater/wu/data/MSSPE-variant/zika/zika0.99.msa.DB.1.ebwt, /datater/wu/data/MSSPE-variant/zika/zika0.99.msa.DB.2.ebwt, /datater/wu/data/MSSPE-variant/zika/zika0.99.msa.DB.3.ebwt, /datater/wu/data/MSSPE-variant/zika/zika0.99.msa.DB.4.ebwt, /datater/wu/data/MSSPE-variant/zika/zika0.99.msa.DB.rev.1.ebwt, /datater/wu/data/MSSPE-variant/zika/zika0.99.msa.DB.rev.2.ebwt
    jobid: 12
    wildcards: sample=zika

[Thu Apr 29 12:01:48 2021]
Finished job 12.
5 of 19 steps (26%) done
[Thu Apr 29 12:02:11 2021]
Finished job 6.
6 of 19 steps (32%) done
Select jobs to execute...

[Thu Apr 29 12:02:11 2021]
rule specific3:
    input: /datater/wu/data/MSSPE-variant/zika/kmer15/intermediate/allKmerCount.sorted.calculated.filtered.fasta, /datater/wu/data/RefSeqProkaryota/RefSeqProkaryota.DB.1.ebwt, /datater/wu/data/RefSeqProkaryota/RefSeqProkaryota.DB.2.ebwt, /datater/wu/data/RefSeqProkaryota/RefSeqProkaryota.DB.3.ebwt, /datater/wu/data/RefSeqProkaryota/RefSeqProkaryota.DB.4.ebwt, /datater/wu/data/RefSeqProkaryota/RefSeqProkaryota.DB.rev.1.ebwt, /datater/wu/data/RefSeqProkaryota/RefSeqProkaryota.DB.rev.2.ebwt
    output: /datater/wu/data/MSSPE-variant/zika/kmer15/intermediate/allKmerCount.sorted.calculated.filtered.bowtie
    jobid: 7
    wildcards: sample=zika

[Thu Apr 29 12:02:11 2021]
Finished job 7.
7 of 19 steps (37%) done
Select jobs to execute...

[Thu Apr 29 12:02:11 2021]
rule specific4:
    input: /datater/wu/data/MSSPE-variant/zika/kmer15/intermediate/allKmerCount.sorted.calculated.filtered.bowtie, /datater/wu/data/MSSPE-variant/zika/kmer15/allKmerCount.sorted.calculated.filtered.txt
    output: /datater/wu/data/MSSPE-variant/zika/kmer15/allKmerCount.sorted.calculated.filtered.spec.txt
    jobid: 8
    wildcards: sample=zika

[Thu Apr 29 12:02:13 2021]
Finished job 8.
8 of 19 steps (42%) done
Select jobs to execute...

[Thu Apr 29 12:02:13 2021]
rule getKmerPosition1:
    input: /datater/wu/data/MSSPE-variant/zika/kmer15/allKmerCount.sorted.calculated.filtered.spec.txt
    output: /datater/wu/data/MSSPE-variant/zika/kmer15/intermediate/allKmerCount.sorted.calculated.filtered.spec.fasta
    jobid: 11
    wildcards: sample=zika

[Thu Apr 29 12:02:14 2021]
Finished job 11.
9 of 19 steps (47%) done
Select jobs to execute...

[Thu Apr 29 12:02:14 2021]
rule getKmerPosition3:
    input: /datater/wu/data/MSSPE-variant/zika/kmer15/intermediate/allKmerCount.sorted.calculated.filtered.spec.fasta, /datater/wu/data/MSSPE-variant/zika/zika0.99.msa.DB.1.ebwt, /datater/wu/data/MSSPE-variant/zika/zika0.99.msa.DB.2.ebwt, /datater/wu/data/MSSPE-variant/zika/zika0.99.msa.DB.3.ebwt, /datater/wu/data/MSSPE-variant/zika/zika0.99.msa.DB.4.ebwt, /datater/wu/data/MSSPE-variant/zika/zika0.99.msa.DB.rev.1.ebwt, /datater/wu/data/MSSPE-variant/zika/zika0.99.msa.DB.rev.2.ebwt
    output: /datater/wu/data/MSSPE-variant/zika/kmer15/intermediate/allKmerCount.sorted.calculated.filtered.spec.bowtie
    jobid: 13
    wildcards: sample=zika

[Thu Apr 29 12:02:14 2021]
Finished job 13.
10 of 19 steps (53%) done
Select jobs to execute...

[Thu Apr 29 12:02:14 2021]
rule getKmerPosition4:
    input: /datater/wu/data/MSSPE-variant/zika/kmer15/intermediate/allKmerCount.sorted.calculated.filtered.spec.bowtie, /datater/wu/data/MSSPE-variant/zika/kmer15/allKmerCount.sorted.calculated.filtered.spec.txt
    output: /datater/wu/data/MSSPE-variant/zika/kmer15/intermediate/allKmerCount.sorted.calculated.filtered.spec.position
    jobid: 14
    wildcards: sample=zika

[Thu Apr 29 12:02:16 2021]
Finished job 14.
11 of 19 steps (58%) done
Select jobs to execute...

[Thu Apr 29 12:02:16 2021]
rule checkHeterodimer:
    input: /datater/wu/data/MSSPE-variant/zika/zika0.99.msa, /datater/wu/data/MSSPE-variant/zika/kmer15/intermediate/allKmerCount.sorted.calculated.filtered.spec.position
    output: /datater/wu/data/MSSPE-variant/zika/kmer15/allOligo.set
    jobid: 15
    wildcards: sample=zika

[Thu Apr 29 12:02:18 2021]
Finished job 15.
12 of 19 steps (63%) done
Select jobs to execute...

[Thu Apr 29 12:02:18 2021]
rule evaluation3:
    input: /datater/wu/data/MSSPE-variant/zika/kmer15/allOligo.set
    output: /datater/wu/data/MSSPE-variant/zika/kmer15/evaluation/allOligo_after3.tsv
    jobid: 18
    wildcards: sample=zika

[Thu Apr 29 12:02:18 2021]
Finished job 18.
13 of 19 steps (68%) done
Terminating processes on user request, this might take some time.
[Thu Apr 29 12:06:17 2021]
Error in rule countAllKmer1:
    jobid: 2
    output: /datater/wu/data/MSSPE-variant/zika/kmer15/intermediate/allKmerCount.jf
    shell:
        
        jellyfish count         -m 15         -s 3G         -t 12         -o /datater/wu/data/MSSPE-variant/zika/kmer15/intermediate/allKmerCount.jf /datater/wu/data/MSSPE-variant/zika/zika.uniq
        
        (one of the commands exited with non-zero exit code; note that snakemake uses bash strict mode!)

Removing output files of failed job countAllKmer1 since they might be corrupted:
/datater/wu/data/MSSPE-variant/zika/kmer15/intermediate/allKmerCount.jf
Removing output files of failed job evaluation1 since they might be corrupted:
/datater/wu/data/MSSPE-variant/zika/kmer15/intermediate/aceID-taxID-species.tsv
Complete log: /datater/wu/MSSPE/.snakemake/log/2021-04-29T120136.031611.snakemake.log
