Building DAG of jobs...
Using shell: /bin/bash
Provided cores: 12
Rules claiming more threads will be scaled down.
Conda environments: ignored
Job counts:
	count	jobs
	1	all
	1	splitFiles
	2
Select jobs to execute...

[Tue Mar  2 14:31:29 2021]
rule splitFiles:
    input: /datater/wu/data/msa/enterovirus.msa.fasta
    output: /datater/wu/data/splitFiles/enterovirus
    jobid: 3
    wildcards: sample=enterovirus

Shutting down, this might take some time.
Exiting because a job execution failed. Look above for error message
Complete log: /datater/wu/stage_m2/.snakemake/log/2021-03-02T143128.733928.snakemake.log
