Building DAG of jobs...
Updating job filtering2.
Using shell: /bin/bash
Provided cores: 4
Rules claiming more threads will be scaled down.
Conda environments: ignored
Job counts:
	count	jobs
	1	all
	1	checkHeterodimer
	1	evaluation2
	1	evaluation3
	1	specific3
	1	specific4
	6
Select jobs to execute...

[Thu Apr 29 11:56:49 2021]
rule specific3:
    input: /datater/wu/data/MSSPE-basic/zika/kmer15/intermediate/allKmerCount.sorted.calculated.filtered.fasta, /datater/wu/data/RefSeqProkaryota/RefSeqProkaryota.DB.1.ebwt, /datater/wu/data/RefSeqProkaryota/RefSeqProkaryota.DB.2.ebwt, /datater/wu/data/RefSeqProkaryota/RefSeqProkaryota.DB.3.ebwt, /datater/wu/data/RefSeqProkaryota/RefSeqProkaryota.DB.4.ebwt, /datater/wu/data/RefSeqProkaryota/RefSeqProkaryota.DB.rev.1.ebwt, /datater/wu/data/RefSeqProkaryota/RefSeqProkaryota.DB.rev.2.ebwt
    output: /datater/wu/data/MSSPE-basic/zika/kmer15/intermediate/allKmerCount.sorted.calculated.filtered.bowtie
    jobid: 8
    wildcards: sample=zika

[Thu Apr 29 11:56:49 2021]
Finished job 8.
1 of 6 steps (17%) done
Select jobs to execute...

[Thu Apr 29 11:56:49 2021]
rule specific4:
    input: /datater/wu/data/MSSPE-basic/zika/kmer15/intermediate/allKmerCount.sorted.calculated.filtered.bowtie, /datater/wu/data/MSSPE-basic/zika/kmer15/allKmerCount.sorted.calculated.filtered.txt
    output: /datater/wu/data/MSSPE-basic/zika/kmer15/allKmerCount.sorted.calculated.filtered.spec.txt
    jobid: 9
    wildcards: sample=zika

[Thu Apr 29 11:56:51 2021]
Finished job 9.
2 of 6 steps (33%) done
Select jobs to execute...

[Thu Apr 29 11:56:51 2021]
rule checkHeterodimer:
    input: /datater/wu/data/MSSPE-basic/zika/kmer15/allKmerCount.sorted.calculated.filtered.spec.txt
    output: /datater/wu/data/MSSPE-basic/zika/kmer15/allOligo.set
    jobid: 10
    wildcards: sample=zika

[Thu Apr 29 11:56:53 2021]
Finished job 10.
3 of 6 steps (50%) done
Select jobs to execute...

[Thu Apr 29 11:56:53 2021]
rule evaluation2:
    input: /datater/wu/data/MSSPE-basic/zika/kmer15/allOligo.set, /datater/wu/data/MSSPE-basic/zika/kmer15/intermediate/aceID-taxID-species.tsv
    output: /datater/wu/data/MSSPE-basic/zika/kmer15/evaluation/allOligo.set.coverage
    jobid: 12
    wildcards: sample=zika

[Thu Apr 29 11:56:53 2021]
rule evaluation3:
    input: /datater/wu/data/MSSPE-basic/zika/kmer15/allKmercount.sorted.calculated.txt, /datater/wu/data/MSSPE-basic/zika/kmer15/allKmerCount.sorted.calculated.filtered.txt, /datater/wu/data/MSSPE-basic/zika/kmer15/allKmerCount.sorted.calculated.filtered.spec.txt, /datater/wu/data/MSSPE-basic/zika/kmer15/allOligo.set
    output: /datater/wu/data/MSSPE-basic/zika/kmer15/evaluation/allOligo_before.tsv, /datater/wu/data/MSSPE-basic/zika/kmer15/evaluation/allOligo_after1.tsv, /datater/wu/data/MSSPE-basic/zika/kmer15/evaluation/allOligo_after2.tsv, /datater/wu/data/MSSPE-basic/zika/kmer15/evaluation/allOligo_after3.tsv
    jobid: 13
    wildcards: sample=zika

[Thu Apr 29 11:56:54 2021]
Finished job 12.
4 of 6 steps (67%) done
[Thu Apr 29 11:56:55 2021]
Finished job 13.
5 of 6 steps (83%) done
Select jobs to execute...

[Thu Apr 29 11:56:55 2021]
localrule all:
    input: /datater/wu/data/MSSPE-basic/zika/zika.uniq, /datater/wu/data/MSSPE-basic/zika/zika.msa, /datater/wu/data/MSSPE-basic/zika/kmer15/allKmercount.sorted.calculated.txt, /datater/wu/data/MSSPE-basic/zika/kmer15/allKmerCount.sorted.calculated.filtered.txt, /datater/wu/data/MSSPE-basic/zika/kmer15/intermediate/allKmerCount.sorted.calculated.filtered.fasta, /datater/wu/data/RefSeqProkaryota/RefSeqProkaryota.DB.1.ebwt, /datater/wu/data/RefSeqProkaryota/RefSeqProkaryota.DB.2.ebwt, /datater/wu/data/RefSeqProkaryota/RefSeqProkaryota.DB.3.ebwt, /datater/wu/data/RefSeqProkaryota/RefSeqProkaryota.DB.4.ebwt, /datater/wu/data/RefSeqProkaryota/RefSeqProkaryota.DB.rev.1.ebwt, /datater/wu/data/RefSeqProkaryota/RefSeqProkaryota.DB.rev.2.ebwt, /datater/wu/data/MSSPE-basic/zika/kmer15/intermediate/allKmerCount.sorted.calculated.filtered.bowtie, /datater/wu/data/MSSPE-basic/zika/kmer15/allKmerCount.sorted.calculated.filtered.spec.txt, /datater/wu/data/MSSPE-basic/zika/kmer15/allOligo.set, /datater/wu/data/MSSPE-basic/zika/kmer15/intermediate/aceID-taxID-species.tsv, /datater/wu/data/MSSPE-basic/zika/kmer15/evaluation/allOligo.set.coverage, /datater/wu/data/MSSPE-basic/zika/kmer15/evaluation/allOligo_before.tsv, /datater/wu/data/MSSPE-basic/zika/kmer15/evaluation/allOligo_after1.tsv, /datater/wu/data/MSSPE-basic/zika/kmer15/evaluation/allOligo_after2.tsv, /datater/wu/data/MSSPE-basic/zika/kmer15/evaluation/allOligo_after3.tsv
    jobid: 0

[Thu Apr 29 11:56:55 2021]
Finished job 0.
6 of 6 steps (100%) done
Complete log: /datater/wu/MSSPE/.snakemake/log/2021-04-29T115648.662981.snakemake.log
