Building DAG of jobs...
Using shell: /bin/bash
Provided cores: 1 (use --cores to define parallelism)
Rules claiming more threads will be scaled down.
Conda environments: ignored
Job counts:
	count	jobs
	1	all
	74	primer3_tm
	75
Select jobs to execute...

[Wed Mar  3 15:15:14 2021]
rule primer3_tm:
    input: /datater/wu/data/kmerCounting/kmc/enterovirus.reverse.2550-3055.sort
    output: /datater/wu/data/filter/kmc/enterovirus.reverse.2550-3055.txt
    jobid: 543
    wildcards: prefix=enterovirus.reverse.2550-3055

[Wed Mar  3 15:15:28 2021]
Finished job 543.
1 of 75 steps (1%) done
Select jobs to execute...

[Wed Mar  3 15:15:28 2021]
rule primer3_tm:
    input: /datater/wu/data/kmerCounting/kmc/enterovirus.forward.5100-5605.sort
    output: /datater/wu/data/filter/kmc/enterovirus.forward.5100-5605.txt
    jobid: 551
    wildcards: prefix=enterovirus.forward.5100-5605

[Wed Mar  3 15:16:08 2021]
Finished job 551.
2 of 75 steps (3%) done
Select jobs to execute...

[Wed Mar  3 15:16:08 2021]
rule primer3_tm:
    input: /datater/wu/data/kmerCounting/kmc/enterovirus.reverse.5355-5860.sort
    output: /datater/wu/data/filter/kmc/enterovirus.reverse.5355-5860.txt
    jobid: 536
    wildcards: prefix=enterovirus.reverse.5355-5860

[Wed Mar  3 15:16:38 2021]
Finished job 536.
3 of 75 steps (4%) done
Select jobs to execute...

[Wed Mar  3 15:16:38 2021]
rule primer3_tm:
    input: /datater/wu/data/kmerCounting/kmc/enterovirus.reverse.7140-7645.sort
    output: /datater/wu/data/filter/kmc/enterovirus.reverse.7140-7645.txt
    jobid: 558
    wildcards: prefix=enterovirus.reverse.7140-7645

[Wed Mar  3 15:17:12 2021]
Finished job 558.
4 of 75 steps (5%) done
Select jobs to execute...

[Wed Mar  3 15:17:12 2021]
rule primer3_tm:
    input: /datater/wu/data/kmerCounting/kmc/enterovirus.forward.6630-7135.sort
    output: /datater/wu/data/filter/kmc/enterovirus.forward.6630-7135.txt
    jobid: 492
    wildcards: prefix=enterovirus.forward.6630-7135

[Wed Mar  3 15:17:40 2021]
Finished job 492.
5 of 75 steps (7%) done
Select jobs to execute...

[Wed Mar  3 15:17:40 2021]
rule primer3_tm:
    input: /datater/wu/data/kmerCounting/kmc/enterovirus.reverse.9180-9398.sort
    output: /datater/wu/data/filter/kmc/enterovirus.reverse.9180-9398.txt
    jobid: 499
    wildcards: prefix=enterovirus.reverse.9180-9398

[Wed Mar  3 15:17:41 2021]
Finished job 499.
6 of 75 steps (8%) done
Select jobs to execute...

[Wed Mar  3 15:17:41 2021]
rule primer3_tm:
    input: /datater/wu/data/kmerCounting/kmc/enterovirus.forward.8925-9430.sort
    output: /datater/wu/data/filter/kmc/enterovirus.forward.8925-9430.txt
    jobid: 528
    wildcards: prefix=enterovirus.forward.8925-9430

[Wed Mar  3 15:17:42 2021]
Finished job 528.
7 of 75 steps (9%) done
Select jobs to execute...

[Wed Mar  3 15:17:42 2021]
rule primer3_tm:
    input: /datater/wu/data/kmerCounting/kmc/enterovirus.forward.5865-6370.sort
    output: /datater/wu/data/filter/kmc/enterovirus.forward.5865-6370.txt
    jobid: 507
    wildcards: prefix=enterovirus.forward.5865-6370

[Wed Mar  3 15:18:05 2021]
Finished job 507.
8 of 75 steps (11%) done
Select jobs to execute...

[Wed Mar  3 15:18:05 2021]
rule primer3_tm:
    input: /datater/wu/data/kmerCounting/kmc/enterovirus.reverse.510-1015.sort
    output: /datater/wu/data/filter/kmc/enterovirus.reverse.510-1015.txt
    jobid: 538
    wildcards: prefix=enterovirus.reverse.510-1015

[Wed Mar  3 15:18:06 2021]
Finished job 538.
9 of 75 steps (12%) done
Select jobs to execute...

[Wed Mar  3 15:18:06 2021]
rule primer3_tm:
    input: /datater/wu/data/kmerCounting/kmc/enterovirus.forward.2295-2800.sort
    output: /datater/wu/data/filter/kmc/enterovirus.forward.2295-2800.txt
    jobid: 545
    wildcards: prefix=enterovirus.forward.2295-2800

[Wed Mar  3 15:18:27 2021]
Finished job 545.
10 of 75 steps (13%) done
Select jobs to execute...

[Wed Mar  3 15:18:27 2021]
rule primer3_tm:
    input: /datater/wu/data/kmerCounting/kmc/enterovirus.reverse.6375-6880.sort
    output: /datater/wu/data/filter/kmc/enterovirus.reverse.6375-6880.txt
    jobid: 530
    wildcards: prefix=enterovirus.reverse.6375-6880

[Wed Mar  3 15:19:07 2021]
Finished job 530.
11 of 75 steps (15%) done
Select jobs to execute...

[Wed Mar  3 15:19:07 2021]
rule primer3_tm:
    input: /datater/wu/data/kmerCounting/kmc/enterovirus.reverse.2040-2545.sort
    output: /datater/wu/data/filter/kmc/enterovirus.reverse.2040-2545.txt
    jobid: 553
    wildcards: prefix=enterovirus.reverse.2040-2545

[Wed Mar  3 15:19:45 2021]
Finished job 553.
12 of 75 steps (16%) done
Select jobs to execute...

[Wed Mar  3 15:19:46 2021]
rule primer3_tm:
    input: /datater/wu/data/kmerCounting/kmc/enterovirus.forward.6120-6625.sort
    output: /datater/wu/data/filter/kmc/enterovirus.forward.6120-6625.txt
    jobid: 523
    wildcards: prefix=enterovirus.forward.6120-6625

[Wed Mar  3 15:20:13 2021]
Finished job 523.
13 of 75 steps (17%) done
Select jobs to execute...

[Wed Mar  3 15:20:13 2021]
rule primer3_tm:
    input: /datater/wu/data/kmerCounting/kmc/enterovirus.forward.2040-2545.sort
    output: /datater/wu/data/filter/kmc/enterovirus.forward.2040-2545.txt
    jobid: 486
    wildcards: prefix=enterovirus.forward.2040-2545

[Wed Mar  3 15:20:41 2021]
Finished job 486.
14 of 75 steps (19%) done
Select jobs to execute...

[Wed Mar  3 15:20:41 2021]
rule primer3_tm:
    input: /datater/wu/data/kmerCounting/kmc/enterovirus.reverse.2295-2800.sort
    output: /datater/wu/data/filter/kmc/enterovirus.reverse.2295-2800.txt
    jobid: 515
    wildcards: prefix=enterovirus.reverse.2295-2800

[Wed Mar  3 15:21:19 2021]
Finished job 515.
15 of 75 steps (20%) done
Select jobs to execute...

[Wed Mar  3 15:21:19 2021]
rule primer3_tm:
    input: /datater/wu/data/kmerCounting/kmc/enterovirus.forward.0-505.sort
    output: /datater/wu/data/filter/kmc/enterovirus.forward.0-505.txt
    jobid: 494
    wildcards: prefix=enterovirus.forward.0-505

[Wed Mar  3 15:21:20 2021]
Finished job 494.
16 of 75 steps (21%) done
Select jobs to execute...

[Wed Mar  3 15:21:20 2021]
rule primer3_tm:
    input: /datater/wu/data/kmerCounting/kmc/enterovirus.forward.255-760.sort
    output: /datater/wu/data/filter/kmc/enterovirus.forward.255-760.txt
    jobid: 508
    wildcards: prefix=enterovirus.forward.255-760

[Wed Mar  3 15:21:22 2021]
Finished job 508.
17 of 75 steps (23%) done
Select jobs to execute...

[Wed Mar  3 15:21:22 2021]
rule primer3_tm:
    input: /datater/wu/data/kmerCounting/kmc/enterovirus.forward.8670-9175.sort
    output: /datater/wu/data/filter/kmc/enterovirus.forward.8670-9175.txt
    jobid: 501
    wildcards: prefix=enterovirus.forward.8670-9175

[Wed Mar  3 15:21:58 2021]
Finished job 501.
18 of 75 steps (24%) done
Select jobs to execute...

[Wed Mar  3 15:21:58 2021]
rule primer3_tm:
    input: /datater/wu/data/kmerCounting/kmc/enterovirus.reverse.8415-8920.sort
    output: /datater/wu/data/filter/kmc/enterovirus.reverse.8415-8920.txt
    jobid: 500
    wildcards: prefix=enterovirus.reverse.8415-8920

[Wed Mar  3 15:21:59 2021]
Finished job 500.
19 of 75 steps (25%) done
Select jobs to execute...

[Wed Mar  3 15:21:59 2021]
rule primer3_tm:
    input: /datater/wu/data/kmerCounting/kmc/enterovirus.reverse.5610-6115.sort
    output: /datater/wu/data/filter/kmc/enterovirus.reverse.5610-6115.txt
    jobid: 509
    wildcards: prefix=enterovirus.reverse.5610-6115

[Wed Mar  3 15:22:38 2021]
Finished job 509.
20 of 75 steps (27%) done
Select jobs to execute...

[Wed Mar  3 15:22:38 2021]
rule primer3_tm:
    input: /datater/wu/data/kmerCounting/kmc/enterovirus.reverse.6120-6625.sort
    output: /datater/wu/data/filter/kmc/enterovirus.reverse.6120-6625.txt
    jobid: 493
    wildcards: prefix=enterovirus.reverse.6120-6625

[Wed Mar  3 15:23:14 2021]
Finished job 493.
21 of 75 steps (28%) done
Select jobs to execute...

[Wed Mar  3 15:23:14 2021]
rule primer3_tm:
    input: /datater/wu/data/kmerCounting/kmc/enterovirus.forward.7395-7900.sort
    output: /datater/wu/data/filter/kmc/enterovirus.forward.7395-7900.txt
    jobid: 516
    wildcards: prefix=enterovirus.forward.7395-7900

[Wed Mar  3 15:23:56 2021]
Finished job 516.
22 of 75 steps (29%) done
Select jobs to execute...

[Wed Mar  3 15:23:56 2021]
rule primer3_tm:
    input: /datater/wu/data/kmerCounting/kmc/enterovirus.forward.4590-5095.sort
    output: /datater/wu/data/filter/kmc/enterovirus.forward.4590-5095.txt
    jobid: 485
    wildcards: prefix=enterovirus.forward.4590-5095

[Wed Mar  3 15:24:20 2021]
Finished job 485.
23 of 75 steps (31%) done
Select jobs to execute...

[Wed Mar  3 15:24:20 2021]
rule primer3_tm:
    input: /datater/wu/data/kmerCounting/kmc/enterovirus.forward.5355-5860.sort
    output: /datater/wu/data/filter/kmc/enterovirus.forward.5355-5860.txt
    jobid: 524
    wildcards: prefix=enterovirus.forward.5355-5860

[Wed Mar  3 15:24:54 2021]
Finished job 524.
24 of 75 steps (32%) done
Select jobs to execute...

[Wed Mar  3 15:24:54 2021]
rule primer3_tm:
    input: /datater/wu/data/kmerCounting/kmc/enterovirus.forward.4845-5350.sort
    output: /datater/wu/data/filter/kmc/enterovirus.forward.4845-5350.txt
    jobid: 552
    wildcards: prefix=enterovirus.forward.4845-5350

[Wed Mar  3 15:25:27 2021]
Finished job 552.
25 of 75 steps (33%) done
Select jobs to execute...

[Wed Mar  3 15:25:27 2021]
rule primer3_tm:
    input: /datater/wu/data/kmerCounting/kmc/enterovirus.reverse.5100-5605.sort
    output: /datater/wu/data/filter/kmc/enterovirus.reverse.5100-5605.txt
    jobid: 531
    wildcards: prefix=enterovirus.reverse.5100-5605

[Wed Mar  3 15:25:49 2021]
Finished job 531.
26 of 75 steps (35%) done
Select jobs to execute...

[Wed Mar  3 15:25:49 2021]
rule primer3_tm:
    input: /datater/wu/data/kmerCounting/kmc/enterovirus.reverse.3570-4075.sort
    output: /datater/wu/data/filter/kmc/enterovirus.reverse.3570-4075.txt
    jobid: 496
    wildcards: prefix=enterovirus.reverse.3570-4075

[Wed Mar  3 15:26:27 2021]
Finished job 496.
27 of 75 steps (36%) done
Select jobs to execute...

[Wed Mar  3 15:26:27 2021]
rule primer3_tm:
    input: /datater/wu/data/kmerCounting/kmc/enterovirus.reverse.7905-8410.sort
    output: /datater/wu/data/filter/kmc/enterovirus.reverse.7905-8410.txt
    jobid: 511
    wildcards: prefix=enterovirus.reverse.7905-8410

Removing output files of failed job primer3_tm since they might be corrupted:
/datater/wu/data/filter/kmc/enterovirus.reverse.7905-8410.txt
Shutting down, this might take some time.
Exiting because a job execution failed. Look above for error message
Complete log: /datater/wu/stage_m2/.snakemake/log/2021-03-03T151512.787890.snakemake.log
