Building DAG of jobs...
Using shell: /bin/bash
Provided cores: 12
Rules claiming more threads will be scaled down.
Conda environments: ignored
Job counts:
	count	jobs
	1	all
	1	allToFasta
	2
Select jobs to execute...

[Mon Mar 15 14:57:24 2021]
rule allToFasta:
    input: /datater/wu/data/zika/filtering/allOligos_reverse.filtered
    output: /datater/wu/data/zika/checkSpecifity/allOligos_reverse.fasta
    jobid: 645
    wildcards: sample=zika

[Mon Mar 15 14:57:25 2021]
Finished job 645.
1 of 2 steps (50%) done
Select jobs to execute...

[Mon Mar 15 14:57:25 2021]
localrule all:
    input: /datater/wu/data/zika/filtering/allOligos_reverse.filtered, /datater/wu/data/zika/checkSpecifity/allOligos_reverse.fasta
    jobid: 0

[Mon Mar 15 14:57:25 2021]
Finished job 0.
2 of 2 steps (100%) done
Complete log: /datater/wu/stage_m2/.snakemake/log/2021-03-15T145717.313389.snakemake.log
