Building DAG of jobs...
Updating job aggregateAllReverseOligo.
Using shell: /bin/bash
Provided cores: 12
Rules claiming more threads will be scaled down.
Conda environments: ignored
Job counts:
	count	jobs
	1	all
	1	oligoCount
	2
Select jobs to execute...

[Fri Apr  9 10:11:15 2021]
rule oligoCount:
    input: /datater/wu/data/enterovirus/filtering/allOligos_reverse.calculated2, /datater/wu/data/enterovirus/filtering/allOligos_reverse.filtered, /datater/wu/data/enterovirus/checkSpecifity/allOligos_reverse.filtered.spec.fasta, /datater/wu/data/enterovirus/dimer/allOligos_reverse.set.fasta
    output: /datater/wu/data/enterovirus/evaluation/oligoCount.txt
    jobid: 1
    wildcards: sample=enterovirus

Shutting down, this might take some time.
Exiting because a job execution failed. Look above for error message
Complete log: /datater/wu/stage_m2/.snakemake/log/2021-04-09T101114.550568.snakemake.log
