The flag 'directory' used in rule count_kmers is only valid for outputs, not inputs.
Building DAG of jobs...
Using shell: /bin/bash
Provided cores: 1 (use --cores to define parallelism)
Rules claiming more threads will be scaled down.
Conda environments: ignored
Job counts:
	count	jobs
	1	count_kmers
	1
Select jobs to execute...

[Thu Feb 25 09:22:19 2021]
rule count_kmers:
    input: test/splitFiles
    output: test/kmerCounting/dsk
    log: test/dsk_output
    jobid: 1

Waiting at most 5 seconds for missing files.
MissingOutputException in line 107 of /databis/wu/stage_m2/Snakefile:
Job Missing files after 5 seconds:
test/kmerCounting/dsk
This might be due to filesystem latency. If that is the case, consider to increase the wait time with --latency-wait.
Job id: 1 completed successfully, but some output files are missing. 1
  File "/databis/wu/miniconda3/envs/snakemake/lib/python3.9/site-packages/snakemake/executors/__init__.py", line 583, in handle_job_success
  File "/databis/wu/miniconda3/envs/snakemake/lib/python3.9/site-packages/snakemake/executors/__init__.py", line 252, in handle_job_success
Shutting down, this might take some time.
Exiting because a job execution failed. Look above for error message
Complete log: /databis/wu/stage_m2/.snakemake/log/2021-02-25T092218.592239.snakemake.log
