Building DAG of jobs...
Updating job test.
Using shell: /bin/bash
Provided cores: 12
Rules claiming more threads will be scaled down.
Conda environments: ignored
Job counts:
	count	jobs
	1	all
	1	test
	2
Select jobs to execute...

[Sat Mar 27 11:35:57 2021]
rule test:
    output: /datater/wu/data/zika/dsk/test.txt
    jobid: 1
    wildcards: sample=zika

Waiting at most 5 seconds for missing files.
MissingOutputException in line 17 of /datater/wu/stage_m2/rules/reverse_kmer_dsk(1).smk:
Job Missing files after 5 seconds:
/datater/wu/data/zika/dsk/test.txt
This might be due to filesystem latency. If that is the case, consider to increase the wait time with --latency-wait.
Job id: 1 completed successfully, but some output files are missing. 1
  File "/datater/wu/miniconda3/envs/snakemake/lib/python3.9/site-packages/snakemake/executors/__init__.py", line 583, in handle_job_success
  File "/datater/wu/miniconda3/envs/snakemake/lib/python3.9/site-packages/snakemake/executors/__init__.py", line 252, in handle_job_success
Shutting down, this might take some time.
Exiting because a job execution failed. Look above for error message
Complete log: /datater/wu/stage_m2/.snakemake/log/2021-03-27T113556.947106.snakemake.log
