Building DAG of jobs...
Using shell: /bin/bash
Provided cores: 12
Rules claiming more threads will be scaled down.
Conda environments: ignored
Job counts:
	count	jobs
	43	TmCalculate_CG
	1	all
	1	dimer_mfeprimer
	1	dimer_ntthal
	43	filterOut_Tm
	1	hairpin_mfeprimer
	1	hairpin_ntthal
	1	merge_all_kmers
	1	transforme_to_fasta
	93
Select jobs to execute...

[Tue Mar  9 16:18:53 2021]
rule TmCalculate_CG:
    input: /datater/wu/data/zika/dsk/forward_7279-7780.kCountSorted
    output: /datater/wu/data/zika/primer3_Tm/forward_7279-7780.Tm
    jobid: 107
    wildcards: sample=zika, seg=7279-7780

[Tue Mar  9 16:18:53 2021]
rule TmCalculate_CG:
    input: /datater/wu/data/zika/dsk/forward_4518-5019.kCountSorted
    output: /datater/wu/data/zika/primer3_Tm/forward_4518-5019.Tm
    jobid: 83
    wildcards: sample=zika, seg=4518-5019

[Tue Mar  9 16:18:53 2021]
rule TmCalculate_CG:
    input: /datater/wu/data/zika/dsk/forward_6275-6776.kCountSorted
    output: /datater/wu/data/zika/primer3_Tm/forward_6275-6776.Tm
    jobid: 143
    wildcards: sample=zika, seg=6275-6776

[Tue Mar  9 16:18:53 2021]
rule TmCalculate_CG:
    input: /datater/wu/data/zika/dsk/forward_2259-2760.kCountSorted
    output: /datater/wu/data/zika/primer3_Tm/forward_2259-2760.Tm
    jobid: 233
    wildcards: sample=zika, seg=2259-2760

[Tue Mar  9 16:18:53 2021]
rule TmCalculate_CG:
    input: /datater/wu/data/zika/dsk/forward_5020-5521.kCountSorted
    output: /datater/wu/data/zika/primer3_Tm/forward_5020-5521.Tm
    jobid: 23
    wildcards: sample=zika, seg=5020-5521

[Tue Mar  9 16:18:53 2021]
rule TmCalculate_CG:
    input: /datater/wu/data/zika/dsk/forward_3012-3513.kCountSorted
    output: /datater/wu/data/zika/primer3_Tm/forward_3012-3513.Tm
    jobid: 53
    wildcards: sample=zika, seg=3012-3513

[Tue Mar  9 16:18:53 2021]
rule TmCalculate_CG:
    input: /datater/wu/data/zika/dsk/forward_1506-2007.kCountSorted
    output: /datater/wu/data/zika/primer3_Tm/forward_1506-2007.Tm
    jobid: 149
    wildcards: sample=zika, seg=1506-2007

[Tue Mar  9 16:18:53 2021]
rule TmCalculate_CG:
    input: /datater/wu/data/zika/dsk/forward_4267-4768.kCountSorted
    output: /datater/wu/data/zika/primer3_Tm/forward_4267-4768.Tm
    jobid: 179
    wildcards: sample=zika, seg=4267-4768

[Tue Mar  9 16:18:53 2021]
rule TmCalculate_CG:
    input: /datater/wu/data/zika/dsk/forward_10040-10541.kCountSorted
    output: /datater/wu/data/zika/primer3_Tm/forward_10040-10541.Tm
    jobid: 89
    wildcards: sample=zika, seg=10040-10541

[Tue Mar  9 16:18:53 2021]
rule TmCalculate_CG:
    input: /datater/wu/data/zika/dsk/forward_3765-4266.kCountSorted
    output: /datater/wu/data/zika/primer3_Tm/forward_3765-4266.Tm
    jobid: 239
    wildcards: sample=zika, seg=3765-4266

[Tue Mar  9 16:18:53 2021]
rule TmCalculate_CG:
    input: /datater/wu/data/zika/dsk/forward_6777-7278.kCountSorted
    output: /datater/wu/data/zika/primer3_Tm/forward_6777-7278.Tm
    jobid: 29
    wildcards: sample=zika, seg=6777-7278

[Tue Mar  9 16:18:53 2021]
rule TmCalculate_CG:
    input: /datater/wu/data/zika/dsk/forward_753-1254.kCountSorted
    output: /datater/wu/data/zika/primer3_Tm/forward_753-1254.Tm
    jobid: 209
    wildcards: sample=zika, seg=753-1254

[Tue Mar  9 16:18:54 2021]
Finished job 233.
1 of 93 steps (1%) done
[Tue Mar  9 16:18:54 2021]
Finished job 83.
2 of 93 steps (2%) done
[Tue Mar  9 16:18:54 2021]
Finished job 23.
3 of 93 steps (3%) done
Select jobs to execute...

[Tue Mar  9 16:18:54 2021]
checkpoint filterOut_Tm:
    input: /datater/wu/data/zika/primer3_Tm/forward_4518-5019.Tm
    output: /datater/wu/data/zika/primer3_Tm/forward_4518-5019.TmFilterered
    jobid: 82
    wildcards: sample=zika, seg=4518-5019
Downstream jobs will be updated after completion.

[Tue Mar  9 16:18:54 2021]
checkpoint filterOut_Tm:
    input: /datater/wu/data/zika/primer3_Tm/forward_2259-2760.Tm
    output: /datater/wu/data/zika/primer3_Tm/forward_2259-2760.TmFilterered
    jobid: 232
    wildcards: sample=zika, seg=2259-2760
Downstream jobs will be updated after completion.

[Tue Mar  9 16:18:54 2021]
rule TmCalculate_CG:
    input: /datater/wu/data/zika/dsk/forward_5773-6274.kCountSorted
    output: /datater/wu/data/zika/primer3_Tm/forward_5773-6274.Tm
    jobid: 263
    wildcards: sample=zika, seg=5773-6274

Select jobs to execute...
Select jobs to execute...
[Tue Mar  9 16:18:54 2021]
Finished job 143.
4 of 93 steps (4%) done
Select jobs to execute...

[Tue Mar  9 16:18:54 2021]
rule TmCalculate_CG:
    input: /datater/wu/data/zika/dsk/forward_2761-3262.kCountSorted
    output: /datater/wu/data/zika/primer3_Tm/forward_2761-3262.Tm
    jobid: 17
    wildcards: sample=zika, seg=2761-3262

[Tue Mar  9 16:18:54 2021]
Finished job 107.
5 of 93 steps (5%) done
Select jobs to execute...

[Tue Mar  9 16:18:54 2021]
rule TmCalculate_CG:
    input: /datater/wu/data/zika/dsk/forward_8785-9286.kCountSorted
    output: /datater/wu/data/zika/primer3_Tm/forward_8785-9286.Tm
    jobid: 47
    wildcards: sample=zika, seg=8785-9286

[Tue Mar  9 16:18:54 2021]
Finished job 179.
6 of 93 steps (6%) done
Select jobs to execute...
[Tue Mar  9 16:18:54 2021]
Finished job 89.
7 of 93 steps (8%) done
[Tue Mar  9 16:18:54 2021]
Finished job 209.
8 of 93 steps (9%) done
[Tue Mar  9 16:18:54 2021]
Finished job 239.
9 of 93 steps (10%) done

[Tue Mar  9 16:18:54 2021]
rule TmCalculate_CG:
    input: /datater/wu/data/zika/dsk/forward_8534-9035.kCountSorted
    output: /datater/wu/data/zika/primer3_Tm/forward_8534-9035.Tm
    jobid: 197
    wildcards: sample=zika, seg=8534-9035

Select jobs to execute...
[Tue Mar  9 16:18:54 2021]
Finished job 149.
10 of 93 steps (11%) done

[Tue Mar  9 16:18:55 2021]
checkpoint filterOut_Tm:
    input: /datater/wu/data/zika/primer3_Tm/forward_7279-7780.Tm
    output: /datater/wu/data/zika/primer3_Tm/forward_7279-7780.TmFilterered
    jobid: 106
    wildcards: sample=zika, seg=7279-7780
Downstream jobs will be updated after completion.

[Tue Mar  9 16:18:55 2021]
checkpoint filterOut_Tm:
    input: /datater/wu/data/zika/primer3_Tm/forward_6275-6776.Tm
    output: /datater/wu/data/zika/primer3_Tm/forward_6275-6776.TmFilterered
    jobid: 142
    wildcards: sample=zika, seg=6275-6776
Downstream jobs will be updated after completion.

[Tue Mar  9 16:18:55 2021]
checkpoint filterOut_Tm:
    input: /datater/wu/data/zika/primer3_Tm/forward_5020-5521.Tm
    output: /datater/wu/data/zika/primer3_Tm/forward_5020-5521.TmFilterered
    jobid: 22
    wildcards: sample=zika, seg=5020-5521
Downstream jobs will be updated after completion.

Select jobs to execute...
[Tue Mar  9 16:18:55 2021]
Finished job 53.
11 of 93 steps (12%) done

[Tue Mar  9 16:18:55 2021]
rule TmCalculate_CG:
    input: /datater/wu/data/zika/dsk/forward_1255-1756.kCountSorted
    output: /datater/wu/data/zika/primer3_Tm/forward_1255-1756.Tm
    jobid: 77
    wildcards: sample=zika, seg=1255-1756

Select jobs to execute...
[Tue Mar  9 16:18:55 2021]
Finished job 29.
12 of 93 steps (13%) done

[Tue Mar  9 16:18:55 2021]
rule TmCalculate_CG:
    input: /datater/wu/data/zika/dsk/forward_4016-4517.kCountSorted
    output: /datater/wu/data/zika/primer3_Tm/forward_4016-4517.Tm
    jobid: 137
    wildcards: sample=zika, seg=4016-4517

Select jobs to execute...

[Tue Mar  9 16:18:55 2021]
rule TmCalculate_CG:
    input: /datater/wu/data/zika/dsk/forward_4769-5270.kCountSorted
    output: /datater/wu/data/zika/primer3_Tm/forward_4769-5270.Tm
    jobid: 227
    wildcards: sample=zika, seg=4769-5270

Select jobs to execute...
Select jobs to execute...
[Tue Mar  9 16:18:55 2021]
Finished job 263.
13 of 93 steps (14%) done
Select jobs to execute...

[Tue Mar  9 16:18:55 2021]
rule TmCalculate_CG:
    input: /datater/wu/data/zika/dsk/forward_10542-10780.kCountSorted
    output: /datater/wu/data/zika/primer3_Tm/forward_10542-10780.Tm
    jobid: 257
    wildcards: sample=zika, seg=10542-10780

[Tue Mar  9 16:18:55 2021]
Finished job 17.
14 of 93 steps (15%) done
Select jobs to execute...

[Tue Mar  9 16:18:55 2021]
rule TmCalculate_CG:
    input: /datater/wu/data/zika/dsk/forward_3514-4015.kCountSorted
    output: /datater/wu/data/zika/primer3_Tm/forward_3514-4015.Tm
    jobid: 71
    wildcards: sample=zika, seg=3514-4015

[Tue Mar  9 16:18:55 2021]
Finished job 197.
15 of 93 steps (16%) done
Select jobs to execute...

[Tue Mar  9 16:18:55 2021]
rule TmCalculate_CG:
    input: /datater/wu/data/zika/dsk/forward_502-1003.kCountSorted
    output: /datater/wu/data/zika/primer3_Tm/forward_502-1003.Tm
    jobid: 11
    wildcards: sample=zika, seg=502-1003

[Tue Mar  9 16:18:55 2021]
Finished job 77.
16 of 93 steps (17%) done
Select jobs to execute...

[Tue Mar  9 16:18:56 2021]
rule TmCalculate_CG:
    input: /datater/wu/data/zika/dsk/forward_10291-10792.kCountSorted
    output: /datater/wu/data/zika/primer3_Tm/forward_10291-10792.Tm
    jobid: 191
    wildcards: sample=zika, seg=10291-10792

[Tue Mar  9 16:18:56 2021]
Finished job 47.
17 of 93 steps (18%) done
Select jobs to execute...

[Tue Mar  9 16:18:56 2021]
rule TmCalculate_CG:
    input: /datater/wu/data/zika/dsk/forward_7028-7529.kCountSorted
    output: /datater/wu/data/zika/primer3_Tm/forward_7028-7529.Tm
    jobid: 41
    wildcards: sample=zika, seg=7028-7529

Updating job merge_all_kmers.
Updating job all.
AmbiguousRuleException:
Rules splitFiles and splitFiles are ambiguous for the file /datater/wu/data/zika/split_forward/position_6777-7278.fasta.
Consider starting rule output with a unique prefix, constrain your wildcards, or use the ruleorder directive.
Wildcards:
	splitFiles: sample=zika
	splitFiles: sample=zika,seg=6777-7278
Expected input files:
	splitFiles: /datater/wu/data/msa/zika.msa
	splitFiles: /datater/wu/data/msa/zika.msaExpected output files:
	splitFiles: /datater/wu/data/zika/split_forward/position_6777-7278.fasta /datater/wu/data/zika/split_forward/position_4518-5019.fasta /datater/wu/data/zika/split_forward/position_1506-2007.fasta /datater/wu/data/zika/split_forward/position_9287-9788.fasta /datater/wu/data/zika/split_forward/position_10542-10780.fasta /datater/wu/data/zika/split_forward/position_502-1003.fasta /datater/wu/data/zika/split_forward/position_6526-7027.fasta /datater/wu/data/zika/split_forward/position_251-752.fasta /datater/wu/data/zika/split_forward/position_7279-7780.fasta /datater/wu/data/zika/split_forward/position_8032-8533.fasta /datater/wu/data/zika/split_forward/position_1757-2258.fasta /datater/wu/data/zika/split_forward/position_6024-6525.fasta /datater/wu/data/zika/split_forward/position_1004-1505.fasta /datater/wu/data/zika/split_forward/position_6275-6776.fasta /datater/wu/data/zika/split_forward/position_2259-2760.fasta /datater/wu/data/zika/split_forward/position_5773-6274.fasta /datater/wu/data/zika/split_forward/position_5020-5521.fasta /datater/wu/data/zika/split_forward/position_9538-10039.fasta /datater/wu/data/zika/split_forward/position_4769-5270.fasta /datater/wu/data/zika/split_forward/position_3765-4266.fasta /datater/wu/data/zika/split_forward/position_9036-9537.fasta /datater/wu/data/zika/split_forward/position_2510-3011.fasta /datater/wu/data/zika/split_forward/position_9789-10290.fasta /datater/wu/data/zika/split_forward/position_10040-10541.fasta /datater/wu/data/zika/split_forward/position_753-1254.fasta /datater/wu/data/zika/split_forward/position_7781-8282.fasta /datater/wu/data/zika/split_forward/position_3012-3513.fasta /datater/wu/data/zika/split_forward/position_3514-4015.fasta /datater/wu/data/zika/split_forward/position_4267-4768.fasta /datater/wu/data/zika/split_forward/position_2008-2509.fasta /datater/wu/data/zika/split_forward/position_3263-3764.fasta /datater/wu/data/zika/split_forward/position_10291-10792.fasta /datater/wu/data/zika/split_forward/position_2761-3262.fasta /datater/wu/data/zika/split_forward/position_5522-6023.fasta /datater/wu/data/zika/split_forward/position_7530-8031.fasta /datater/wu/data/zika/split_forward/position_8785-9286.fasta /datater/wu/data/zika/split_forward/position_8283-8784.fasta /datater/wu/data/zika/split_forward/position_7028-7529.fasta /datater/wu/data/zika/split_forward/position_8534-9035.fasta /datater/wu/data/zika/split_forward/position_1255-1756.fasta /datater/wu/data/zika/split_forward/position_5271-5772.fasta /datater/wu/data/zika/split_forward/position_0-501.fasta /datater/wu/data/zika/split_forward/position_4016-4517.fasta
	splitFiles: /datater/wu/data/zika/split_forward/position_6777-7278.fasta
Removing output files of failed job filterOut_Tm since they might be corrupted:
/datater/wu/data/zika/primer3_Tm/forward_4518-5019.TmFilterered
Updating job merge_all_kmers.
[Tue Mar  9 16:18:56 2021]
Finished job 232.
18 of 20 steps (90%) done
[Tue Mar  9 16:18:56 2021]
Finished job 227.
19 of 20 steps (95%) done
[Tue Mar  9 16:18:56 2021]
Finished job 137.
20 of 20 steps (100%) done
[Tue Mar  9 16:18:56 2021]
Finished job 142.
21 of 20 steps (105%) done
[Tue Mar  9 16:18:56 2021]
Finished job 106.
22 of 20 steps (110%) done
[Tue Mar  9 16:18:56 2021]
Finished job 22.
23 of 20 steps (115%) done
[Tue Mar  9 16:18:56 2021]
Finished job 257.
24 of 20 steps (120%) done
[Tue Mar  9 16:18:56 2021]
Finished job 71.
25 of 20 steps (125%) done
[Tue Mar  9 16:18:56 2021]
Finished job 11.
26 of 20 steps (130%) done
[Tue Mar  9 16:18:56 2021]
Finished job 191.
27 of 20 steps (135%) done
[Tue Mar  9 16:18:56 2021]
Finished job 41.
28 of 20 steps (140%) done
Shutting down, this might take some time.
Exiting because a job execution failed. Look above for error message
Complete log: /datater/wu/stage_m2/.snakemake/log/2021-03-09T161852.340151.snakemake.log
