Building DAG of jobs...
Updating job filtering2.
Updating job filtering2.
Using shell: /bin/bash
Provided cores: 12
Rules claiming more threads will be scaled down.
Conda environments: ignored
Job counts:
	count	jobs
	1	all
	36	calculateKmer_sort
	2	checkHeterodimer
	26	countKmer1
	31	countKmer2
	1	evaluation1
	2	evaluation2
	2	evaluation3
	43	filtering1
	1	filtering2
	1	filtering3
	1	specific1
	1	specific3
	2	specific4
	150
Select jobs to execute...

[Thu May  6 11:21:55 2021]
rule calculateKmer_sort:
    input: /datater/wu/data/MSSPE-basic/zika/kmer13/intermediate/reverse1506-2007.Kmercount.txt
    output: /datater/wu/data/MSSPE-basic/zika/kmer13/intermediate/reverse1506-2007.Kmercount.sorted.txt
    jobid: 34
    wildcards: sample=zika, kmerSize=kmer13, seg=1506-2007


[Thu May  6 11:21:55 2021]
rule countKmer1:
    input: /datater/wu/data/MSSPE-basic/zika/splitFiles/reverse10040-10541.fasta
    output: /datater/wu/data/MSSPE-basic/zika/kmer13/intermediate/reverse10040-10541.int.kmc_pre, /datater/wu/data/MSSPE-basic/zika/kmer13/intermediate/reverse10040-10541.int.kmc_suf
    jobid: 40
    wildcards: sample=zika, kmerSize=kmer13, seg=10040-10541


[Thu May  6 11:21:55 2021]
rule countKmer1:
    input: /datater/wu/data/MSSPE-basic/zika/splitFiles/reverse251-752.fasta
    output: /datater/wu/data/MSSPE-basic/zika/kmer13/intermediate/reverse251-752.int.kmc_pre, /datater/wu/data/MSSPE-basic/zika/kmer13/intermediate/reverse251-752.int.kmc_suf
    jobid: 152
    wildcards: sample=zika, kmerSize=kmer13, seg=251-752

[Thu May  6 11:21:55 2021]
Finished job 34.
1 of 150 steps (0.67%) done

[Thu May  6 11:21:55 2021]
rule countKmer1:
    input: /datater/wu/data/MSSPE-basic/zika/splitFiles/reverse2761-3262.fasta
    output: /datater/wu/data/MSSPE-basic/zika/kmer13/intermediate/reverse2761-3262.int.kmc_pre, /datater/wu/data/MSSPE-basic/zika/kmer13/intermediate/reverse2761-3262.int.kmc_suf
    jobid: 184
    wildcards: sample=zika, kmerSize=kmer13, seg=2761-3262


[Thu May  6 11:21:55 2021]
rule countKmer1:
    input: /datater/wu/data/MSSPE-basic/zika/splitFiles/reverse4267-4768.fasta
    output: /datater/wu/data/MSSPE-basic/zika/kmer13/intermediate/reverse4267-4768.int.kmc_pre, /datater/wu/data/MSSPE-basic/zika/kmer13/intermediate/reverse4267-4768.int.kmc_suf
    jobid: 124
    wildcards: sample=zika, kmerSize=kmer13, seg=4267-4768


[Thu May  6 11:21:55 2021]
rule calculateKmer_sort:
    input: /datater/wu/data/MSSPE-basic/zika/kmer13/intermediate/reverse2259-2760.Kmercount.txt
    output: /datater/wu/data/MSSPE-basic/zika/kmer13/intermediate/reverse2259-2760.Kmercount.sorted.txt
    jobid: 42
    wildcards: sample=zika, kmerSize=kmer13, seg=2259-2760


[Thu May  6 11:21:55 2021]
rule countKmer1:
    input: /datater/wu/data/MSSPE-basic/zika/splitFiles/reverse3765-4266.fasta
    output: /datater/wu/data/MSSPE-basic/zika/kmer13/intermediate/reverse3765-4266.int.kmc_pre, /datater/wu/data/MSSPE-basic/zika/kmer13/intermediate/reverse3765-4266.int.kmc_suf
    jobid: 132
    wildcards: sample=zika, kmerSize=kmer13, seg=3765-4266


[Thu May  6 11:21:55 2021]
rule specific4:
    input: /datater/wu/data/MSSPE-basic/zika/kmer15/intermediate/allKmerCount.sorted.calculated.filtered.bowtie, /datater/wu/data/MSSPE-basic/zika/kmer15/allKmerCount.sorted.calculated.filtered.txt
    output: /datater/wu/data/MSSPE-basic/zika/kmer15/allKmerCount.sorted.calculated.filtered.spec.txt
    jobid: 14
    wildcards: sample=zika, kmerSize=kmer15

[Thu May  6 11:21:55 2021]
Finished job 42.
[Thu May  6 11:21:55 2021]
2 of 150 steps (1%) done
rule countKmer1:
    input: /datater/wu/data/MSSPE-basic/zika/splitFiles/reverse5271-5772.fasta
    output: /datater/wu/data/MSSPE-basic/zika/kmer13/intermediate/reverse5271-5772.int.kmc_pre, /datater/wu/data/MSSPE-basic/zika/kmer13/intermediate/reverse5271-5772.int.kmc_suf
    jobid: 68
    wildcards: sample=zika, kmerSize=kmer13, seg=5271-5772


[Thu May  6 11:21:55 2021]
rule countKmer1:
    input: /datater/wu/data/MSSPE-basic/zika/splitFiles/reverse0-501.fasta
    output: /datater/wu/data/MSSPE-basic/zika/kmer13/intermediate/reverse0-501.int.kmc_pre, /datater/wu/data/MSSPE-basic/zika/kmer13/intermediate/reverse0-501.int.kmc_suf
    jobid: 128
    wildcards: sample=zika, kmerSize=kmer13, seg=0-501


[Thu May  6 11:21:55 2021]
rule countKmer1:
    input: /datater/wu/data/MSSPE-basic/zika/splitFiles/reverse7279-7780.fasta
    output: /datater/wu/data/MSSPE-basic/zika/kmer13/intermediate/reverse7279-7780.int.kmc_pre, /datater/wu/data/MSSPE-basic/zika/kmer13/intermediate/reverse7279-7780.int.kmc_suf
    jobid: 188
    wildcards: sample=zika, kmerSize=kmer13, seg=7279-7780


[Thu May  6 11:21:55 2021]
rule countKmer1:
    input: /datater/wu/data/MSSPE-basic/zika/splitFiles/reverse4518-5019.fasta
    output: /datater/wu/data/MSSPE-basic/zika/kmer13/intermediate/reverse4518-5019.int.kmc_pre, /datater/wu/data/MSSPE-basic/zika/kmer13/intermediate/reverse4518-5019.int.kmc_suf
    jobid: 180
    wildcards: sample=zika, kmerSize=kmer13, seg=4518-5019

Select jobs to execute...

[Thu May  6 11:21:55 2021]
rule calculateKmer_sort:
    input: /datater/wu/data/MSSPE-basic/zika/kmer13/intermediate/reverse3263-3764.Kmercount.txt
    output: /datater/wu/data/MSSPE-basic/zika/kmer13/intermediate/reverse3263-3764.Kmercount.sorted.txt
    jobid: 26
    wildcards: sample=zika, kmerSize=kmer13, seg=3263-3764


[Thu May  6 11:21:55 2021]
rule countKmer1:
    input: /datater/wu/data/MSSPE-basic/zika/splitFiles/reverse8785-9286.fasta
    output: /datater/wu/data/MSSPE-basic/zika/kmer13/intermediate/reverse8785-9286.int.kmc_pre, /datater/wu/data/MSSPE-basic/zika/kmer13/intermediate/reverse8785-9286.int.kmc_suf
    jobid: 64
    wildcards: sample=zika, kmerSize=kmer13, seg=8785-9286

Select jobs to execute...
[Thu May  6 11:21:55 2021]
Finished job 26.
3 of 150 steps (2%) done

[Thu May  6 11:21:55 2021]
rule countKmer2:
    input: /datater/wu/data/MSSPE-basic/zika/kmer13/intermediate/reverse502-1003.int.kmc_pre, /datater/wu/data/MSSPE-basic/zika/kmer13/intermediate/reverse502-1003.int.kmc_suf
    output: /datater/wu/data/MSSPE-basic/zika/kmer13/intermediate/reverse502-1003.Kmercount.txt
    jobid: 87
    wildcards: sample=zika, kmerSize=kmer13, seg=502-1003

Select jobs to execute...
[Thu May  6 11:21:57 2021]
Finished job 87.
4 of 150 steps (3%) done
Select jobs to execute...

[Thu May  6 11:21:57 2021]
rule calculateKmer_sort:
    input: /datater/wu/data/MSSPE-basic/zika/kmer13/intermediate/reverse9036-9537.Kmercount.txt
    output: /datater/wu/data/MSSPE-basic/zika/kmer13/intermediate/reverse9036-9537.Kmercount.sorted.txt
    jobid: 102
    wildcards: sample=zika, kmerSize=kmer13, seg=9036-9537

[Thu May  6 11:21:57 2021]
Finished job 102.
5 of 150 steps (3%) done
Select jobs to execute...

[Thu May  6 11:21:58 2021]
rule filtering1:
    input: /datater/wu/data/MSSPE-basic/zika/kmer13/intermediate/reverse7530-8031.Kmercount.sorted.txt
    output: /datater/wu/data/MSSPE-basic/zika/kmer13/intermediate/reverse7530-8031.Kmercount.sorted.calculated.txt
    jobid: 169
    wildcards: sample=zika, kmerSize=kmer13, seg=7530-8031

[Thu May  6 11:22:00 2021]
Finished job 169.
6 of 150 steps (4%) done
Select jobs to execute...

[Thu May  6 11:22:00 2021]
rule filtering1:
    input: /datater/wu/data/MSSPE-basic/zika/kmer13/intermediate/reverse5522-6023.Kmercount.sorted.txt
    output: /datater/wu/data/MSSPE-basic/zika/kmer13/intermediate/reverse5522-6023.Kmercount.sorted.calculated.txt
    jobid: 109
    wildcards: sample=zika, kmerSize=kmer13, seg=5522-6023

[Thu May  6 11:22:00 2021]
Finished job 14.
7 of 150 steps (5%) done
Select jobs to execute...

[Thu May  6 11:22:00 2021]
rule filtering1:
    input: /datater/wu/data/MSSPE-basic/zika/kmer13/intermediate/reverse9036-9537.Kmercount.sorted.txt
    output: /datater/wu/data/MSSPE-basic/zika/kmer13/intermediate/reverse9036-9537.Kmercount.sorted.calculated.txt
    jobid: 101
    wildcards: sample=zika, kmerSize=kmer13, seg=9036-9537

[Thu May  6 11:22:01 2021]
Finished job 109.
8 of 150 steps (5%) done
Select jobs to execute...

[Thu May  6 11:22:01 2021]
rule countKmer1:
    input: /datater/wu/data/MSSPE-basic/zika/splitFiles/reverse1757-2258.fasta
    output: /datater/wu/data/MSSPE-basic/zika/kmer13/intermediate/reverse1757-2258.int.kmc_pre, /datater/wu/data/MSSPE-basic/zika/kmer13/intermediate/reverse1757-2258.int.kmc_suf
    jobid: 100
    wildcards: sample=zika, kmerSize=kmer13, seg=1757-2258

[Thu May  6 11:22:01 2021]
Finished job 101.
9 of 150 steps (6%) done
Select jobs to execute...

[Thu May  6 11:22:01 2021]
rule countKmer1:
    input: /datater/wu/data/MSSPE-basic/zika/splitFiles/reverse6024-6525.fasta
    output: /datater/wu/data/MSSPE-basic/zika/kmer13/intermediate/reverse6024-6525.int.kmc_pre, /datater/wu/data/MSSPE-basic/zika/kmer13/intermediate/reverse6024-6525.int.kmc_suf
    jobid: 160
    wildcards: sample=zika, kmerSize=kmer13, seg=6024-6525

[Thu May  6 11:22:21 2021]
Finished job 132.
10 of 150 steps (7%) done
Select jobs to execute...

[Thu May  6 11:22:21 2021]
rule filtering1:
    input: /datater/wu/data/MSSPE-basic/zika/kmer13/intermediate/reverse3263-3764.Kmercount.sorted.txt
    output: /datater/wu/data/MSSPE-basic/zika/kmer13/intermediate/reverse3263-3764.Kmercount.sorted.calculated.txt
    jobid: 25
    wildcards: sample=zika, kmerSize=kmer13, seg=3263-3764

[Thu May  6 11:22:21 2021]
Finished job 184.
11 of 150 steps (7%) done
Select jobs to execute...

[Thu May  6 11:22:21 2021]
rule countKmer1:
    input: /datater/wu/data/MSSPE-basic/zika/splitFiles/reverse9538-10039.fasta
    output: /datater/wu/data/MSSPE-basic/zika/kmer13/intermediate/reverse9538-10039.int.kmc_pre, /datater/wu/data/MSSPE-basic/zika/kmer13/intermediate/reverse9538-10039.int.kmc_suf
    jobid: 92
    wildcards: sample=zika, kmerSize=kmer13, seg=9538-10039

[Thu May  6 11:22:21 2021]
Finished job 152.
12 of 150 steps (8%) done
Select jobs to execute...

[Thu May  6 11:22:21 2021]
rule countKmer1:
    input: /datater/wu/data/MSSPE-basic/zika/splitFiles/reverse10542-10780.fasta
    output: /datater/wu/data/MSSPE-basic/zika/kmer13/intermediate/reverse10542-10780.int.kmc_pre, /datater/wu/data/MSSPE-basic/zika/kmer13/intermediate/reverse10542-10780.int.kmc_suf
    jobid: 32
    wildcards: sample=zika, kmerSize=kmer13, seg=10542-10780

[Thu May  6 11:22:22 2021]
Finished job 25.
13 of 150 steps (9%) done
Select jobs to execute...

[Thu May  6 11:22:22 2021]
rule filtering1:
    input: /datater/wu/data/MSSPE-basic/zika/kmer13/intermediate/reverse2008-2509.Kmercount.sorted.txt
    output: /datater/wu/data/MSSPE-basic/zika/kmer13/intermediate/reverse2008-2509.Kmercount.sorted.calculated.txt
    jobid: 161
    wildcards: sample=zika, kmerSize=kmer13, seg=2008-2509

[Thu May  6 11:22:22 2021]
Finished job 180.
14 of 150 steps (9%) done
Select jobs to execute...

[Thu May  6 11:22:22 2021]
rule countKmer1:
    input: /datater/wu/data/MSSPE-basic/zika/splitFiles/reverse753-1254.fasta
    output: /datater/wu/data/MSSPE-basic/zika/kmer13/intermediate/reverse753-1254.int.kmc_pre, /datater/wu/data/MSSPE-basic/zika/kmer13/intermediate/reverse753-1254.int.kmc_suf
    jobid: 176
    wildcards: sample=zika, kmerSize=kmer13, seg=753-1254

[Thu May  6 11:22:23 2021]
Finished job 161.
15 of 150 steps (10%) done
Select jobs to execute...

[Thu May  6 11:22:23 2021]
rule countKmer1:
    input: /datater/wu/data/MSSPE-basic/zika/splitFiles/reverse3012-3513.fasta
    output: /datater/wu/data/MSSPE-basic/zika/kmer13/intermediate/reverse3012-3513.int.kmc_pre, /datater/wu/data/MSSPE-basic/zika/kmer13/intermediate/reverse3012-3513.int.kmc_suf
    jobid: 56
    wildcards: sample=zika, kmerSize=kmer13, seg=3012-3513

[Thu May  6 11:22:27 2021]
Finished job 188.
16 of 150 steps (11%) done
Select jobs to execute...

[Thu May  6 11:22:27 2021]
rule countKmer1:
    input: /datater/wu/data/MSSPE-basic/zika/splitFiles/reverse6526-7027.fasta
    output: /datater/wu/data/MSSPE-basic/zika/kmer13/intermediate/reverse6526-7027.int.kmc_pre, /datater/wu/data/MSSPE-basic/zika/kmer13/intermediate/reverse6526-7027.int.kmc_suf
    jobid: 108
    wildcards: sample=zika, kmerSize=kmer13, seg=6526-7027

[Thu May  6 11:22:28 2021]
Finished job 40.
17 of 150 steps (11%) done
Select jobs to execute...

[Thu May  6 11:22:28 2021]
rule filtering1:
    input: /datater/wu/data/MSSPE-basic/zika/kmer13/intermediate/reverse1506-2007.Kmercount.sorted.txt
    output: /datater/wu/data/MSSPE-basic/zika/kmer13/intermediate/reverse1506-2007.Kmercount.sorted.calculated.txt
    jobid: 33
    wildcards: sample=zika, kmerSize=kmer13, seg=1506-2007

[Thu May  6 11:22:28 2021]
Finished job 124.
18 of 150 steps (12%) done
Select jobs to execute...

[Thu May  6 11:22:28 2021]
rule countKmer2:
    input: /datater/wu/data/MSSPE-basic/zika/kmer13/intermediate/reverse4267-4768.int.kmc_pre, /datater/wu/data/MSSPE-basic/zika/kmer13/intermediate/reverse4267-4768.int.kmc_suf
    output: /datater/wu/data/MSSPE-basic/zika/kmer13/intermediate/reverse4267-4768.Kmercount.txt
    jobid: 123
    wildcards: sample=zika, kmerSize=kmer13, seg=4267-4768

[Thu May  6 11:22:29 2021]
Finished job 68.
19 of 150 steps (13%) done
Select jobs to execute...

[Thu May  6 11:22:29 2021]
rule countKmer2:
    input: /datater/wu/data/MSSPE-basic/zika/kmer13/intermediate/reverse3765-4266.int.kmc_pre, /datater/wu/data/MSSPE-basic/zika/kmer13/intermediate/reverse3765-4266.int.kmc_suf
    output: /datater/wu/data/MSSPE-basic/zika/kmer13/intermediate/reverse3765-4266.Kmercount.txt
    jobid: 131
    wildcards: sample=zika, kmerSize=kmer13, seg=3765-4266

[Thu May  6 11:22:29 2021]
Finished job 123.
20 of 150 steps (13%) done
Select jobs to execute...

[Thu May  6 11:22:29 2021]
rule countKmer1:
    input: /datater/wu/data/MSSPE-basic/zika/splitFiles/reverse7781-8282.fasta
    output: /datater/wu/data/MSSPE-basic/zika/kmer13/intermediate/reverse7781-8282.int.kmc_pre, /datater/wu/data/MSSPE-basic/zika/kmer13/intermediate/reverse7781-8282.int.kmc_suf
    jobid: 168
    wildcards: sample=zika, kmerSize=kmer13, seg=7781-8282

[Thu May  6 11:22:29 2021]
Finished job 33.
21 of 150 steps (14%) done
Select jobs to execute...

[Thu May  6 11:22:29 2021]
rule filtering1:
    input: /datater/wu/data/MSSPE-basic/zika/kmer13/intermediate/reverse2259-2760.Kmercount.sorted.txt
    output: /datater/wu/data/MSSPE-basic/zika/kmer13/intermediate/reverse2259-2760.Kmercount.sorted.calculated.txt
    jobid: 41
    wildcards: sample=zika, kmerSize=kmer13, seg=2259-2760

[Thu May  6 11:22:29 2021]
Finished job 131.
22 of 150 steps (15%) done
Select jobs to execute...

[Thu May  6 11:22:29 2021]
rule calculateKmer_sort:
    input: /datater/wu/data/MSSPE-basic/zika/kmer13/intermediate/reverse4267-4768.Kmercount.txt
    output: /datater/wu/data/MSSPE-basic/zika/kmer13/intermediate/reverse4267-4768.Kmercount.sorted.txt
    jobid: 122
    wildcards: sample=zika, kmerSize=kmer13, seg=4267-4768

[Thu May  6 11:22:29 2021]
Finished job 122.
23 of 150 steps (15%) done
Select jobs to execute...

[Thu May  6 11:22:30 2021]
rule countKmer2:
    input: /datater/wu/data/MSSPE-basic/zika/kmer13/intermediate/reverse4016-4517.int.kmc_pre, /datater/wu/data/MSSPE-basic/zika/kmer13/intermediate/reverse4016-4517.int.kmc_suf
    output: /datater/wu/data/MSSPE-basic/zika/kmer13/intermediate/reverse4016-4517.Kmercount.txt
    jobid: 191
    wildcards: sample=zika, kmerSize=kmer13, seg=4016-4517

[Thu May  6 11:22:30 2021]
Finished job 100.
24 of 150 steps (16%) done
Select jobs to execute...

[Thu May  6 11:22:30 2021]
rule countKmer1:
    input: /datater/wu/data/MSSPE-basic/zika/splitFiles/reverse5773-6274.fasta
    output: /datater/wu/data/MSSPE-basic/zika/kmer13/intermediate/reverse5773-6274.int.kmc_pre, /datater/wu/data/MSSPE-basic/zika/kmer13/intermediate/reverse5773-6274.int.kmc_suf
    jobid: 116
    wildcards: sample=zika, kmerSize=kmer13, seg=5773-6274

[Thu May  6 11:22:30 2021]
Finished job 41.
25 of 150 steps (17%) done
Select jobs to execute...

[Thu May  6 11:22:30 2021]
rule calculateKmer_sort:
    input: /datater/wu/data/MSSPE-basic/zika/kmer13/intermediate/reverse502-1003.Kmercount.txt
    output: /datater/wu/data/MSSPE-basic/zika/kmer13/intermediate/reverse502-1003.Kmercount.sorted.txt
    jobid: 86
    wildcards: sample=zika, kmerSize=kmer13, seg=502-1003

[Thu May  6 11:22:30 2021]
Finished job 86.
26 of 150 steps (17%) done
Select jobs to execute...

[Thu May  6 11:22:30 2021]
rule calculateKmer_sort:
    input: /datater/wu/data/MSSPE-basic/zika/kmer13/intermediate/reverse3765-4266.Kmercount.txt
    output: /datater/wu/data/MSSPE-basic/zika/kmer13/intermediate/reverse3765-4266.Kmercount.sorted.txt
    jobid: 130
    wildcards: sample=zika, kmerSize=kmer13, seg=3765-4266

[Thu May  6 11:22:30 2021]
Finished job 130.
27 of 150 steps (18%) done
Select jobs to execute...

[Thu May  6 11:22:30 2021]
rule checkHeterodimer:
    input: /datater/wu/data/MSSPE-basic/zika/kmer15/allKmerCount.sorted.calculated.filtered.spec.txt
    output: /datater/wu/data/MSSPE-basic/zika/kmer15/allOligo.set
    jobid: 16
    wildcards: sample=zika, kmerSize=kmer15

[Thu May  6 11:22:30 2021]
Finished job 191.
28 of 150 steps (19%) done
Select jobs to execute...

[Thu May  6 11:22:30 2021]
rule filtering1:
    input: /datater/wu/data/MSSPE-basic/zika/kmer13/intermediate/reverse502-1003.Kmercount.sorted.txt
    output: /datater/wu/data/MSSPE-basic/zika/kmer13/intermediate/reverse502-1003.Kmercount.sorted.calculated.txt
    jobid: 85
    wildcards: sample=zika, kmerSize=kmer13, seg=502-1003

[Thu May  6 11:22:32 2021]
Finished job 160.
29 of 150 steps (19%) done
Select jobs to execute...

[Thu May  6 11:22:32 2021]
rule countKmer2:
    input: /datater/wu/data/MSSPE-basic/zika/kmer13/intermediate/reverse2761-3262.int.kmc_pre, /datater/wu/data/MSSPE-basic/zika/kmer13/intermediate/reverse2761-3262.int.kmc_suf
    output: /datater/wu/data/MSSPE-basic/zika/kmer13/intermediate/reverse2761-3262.Kmercount.txt
    jobid: 183
    wildcards: sample=zika, kmerSize=kmer13, seg=2761-3262

[Thu May  6 11:22:32 2021]
Finished job 64.
30 of 150 steps (20%) done
Select jobs to execute...

[Thu May  6 11:22:32 2021]
rule countKmer2:
    input: /datater/wu/data/MSSPE-basic/zika/kmer13/intermediate/reverse8785-9286.int.kmc_pre, /datater/wu/data/MSSPE-basic/zika/kmer13/intermediate/reverse8785-9286.int.kmc_suf
    output: /datater/wu/data/MSSPE-basic/zika/kmer13/intermediate/reverse8785-9286.Kmercount.txt
    jobid: 63
    wildcards: sample=zika, kmerSize=kmer13, seg=8785-9286

[Thu May  6 11:22:32 2021]
Finished job 85.
31 of 150 steps (21%) done
Select jobs to execute...
[Thu May  6 11:22:32 2021]
Finished job 183.
32 of 150 steps (21%) done

[Thu May  6 11:22:32 2021]
rule countKmer1:
    input: /datater/wu/data/MSSPE-basic/zika/splitFiles/reverse3514-4015.fasta
    output: /datater/wu/data/MSSPE-basic/zika/kmer13/intermediate/reverse3514-4015.int.kmc_pre, /datater/wu/data/MSSPE-basic/zika/kmer13/intermediate/reverse3514-4015.int.kmc_suf
    jobid: 48
    wildcards: sample=zika, kmerSize=kmer13, seg=3514-4015

Select jobs to execute...
[Thu May  6 11:22:32 2021]
Finished job 128.
33 of 150 steps (22%) done

[Thu May  6 11:22:32 2021]
rule calculateKmer_sort:
    input: /datater/wu/data/MSSPE-basic/zika/kmer13/intermediate/reverse2761-3262.Kmercount.txt
    output: /datater/wu/data/MSSPE-basic/zika/kmer13/intermediate/reverse2761-3262.Kmercount.sorted.txt
    jobid: 182
    wildcards: sample=zika, kmerSize=kmer13, seg=2761-3262

Select jobs to execute...
[Thu May  6 11:22:32 2021]
Finished job 182.
34 of 150 steps (23%) done

[Thu May  6 11:22:32 2021]
rule filtering1:
    input: /datater/wu/data/MSSPE-basic/zika/kmer13/intermediate/reverse6275-6776.Kmercount.sorted.txt
    output: /datater/wu/data/MSSPE-basic/zika/kmer13/intermediate/reverse6275-6776.Kmercount.sorted.calculated.txt
    jobid: 153
    wildcards: sample=zika, kmerSize=kmer13, seg=6275-6776

Select jobs to execute...

[Thu May  6 11:22:32 2021]
rule countKmer2:
    input: /datater/wu/data/MSSPE-basic/zika/kmer13/intermediate/reverse9287-9788.int.kmc_pre, /datater/wu/data/MSSPE-basic/zika/kmer13/intermediate/reverse9287-9788.int.kmc_suf
    output: /datater/wu/data/MSSPE-basic/zika/kmer13/intermediate/reverse9287-9788.Kmercount.txt
    jobid: 139
    wildcards: sample=zika, kmerSize=kmer13, seg=9287-9788

[Thu May  6 11:22:32 2021]
Finished job 63.
35 of 150 steps (23%) done
Select jobs to execute...

[Thu May  6 11:22:32 2021]
rule calculateKmer_sort:
    input: /datater/wu/data/MSSPE-basic/zika/kmer13/intermediate/reverse8785-9286.Kmercount.txt
    output: /datater/wu/data/MSSPE-basic/zika/kmer13/intermediate/reverse8785-9286.Kmercount.sorted.txt
    jobid: 62
    wildcards: sample=zika, kmerSize=kmer13, seg=8785-9286

[Thu May  6 11:22:32 2021]
Finished job 62.
36 of 150 steps (24%) done
Select jobs to execute...

[Thu May  6 11:22:32 2021]
rule filtering1:
    input: /datater/wu/data/MSSPE-basic/zika/kmer13/intermediate/reverse1004-1505.Kmercount.sorted.txt
    output: /datater/wu/data/MSSPE-basic/zika/kmer13/intermediate/reverse1004-1505.Kmercount.sorted.calculated.txt
    jobid: 117
    wildcards: sample=zika, kmerSize=kmer13, seg=1004-1505

[Thu May  6 11:22:33 2021]
Finished job 139.
37 of 150 steps (25%) done
Select jobs to execute...

[Thu May  6 11:22:33 2021]
rule calculateKmer_sort:
    input: /datater/wu/data/MSSPE-basic/zika/kmer13/intermediate/reverse9287-9788.Kmercount.txt
    output: /datater/wu/data/MSSPE-basic/zika/kmer13/intermediate/reverse9287-9788.Kmercount.sorted.txt
    jobid: 138
    wildcards: sample=zika, kmerSize=kmer13, seg=9287-9788

[Thu May  6 11:22:33 2021]
Finished job 138.
38 of 150 steps (25%) done
Select jobs to execute...

[Thu May  6 11:22:33 2021]
rule filtering1:
    input: /datater/wu/data/MSSPE-basic/zika/kmer13/intermediate/reverse9287-9788.Kmercount.sorted.txt
    output: /datater/wu/data/MSSPE-basic/zika/kmer13/intermediate/reverse9287-9788.Kmercount.sorted.calculated.txt
    jobid: 137
    wildcards: sample=zika, kmerSize=kmer13, seg=9287-9788

[Thu May  6 11:22:33 2021]
Finished job 153.
39 of 150 steps (26%) done
Select jobs to execute...

[Thu May  6 11:22:33 2021]
rule countKmer2:
    input: /datater/wu/data/MSSPE-basic/zika/kmer13/intermediate/reverse5020-5521.int.kmc_pre, /datater/wu/data/MSSPE-basic/zika/kmer13/intermediate/reverse5020-5521.int.kmc_suf
    output: /datater/wu/data/MSSPE-basic/zika/kmer13/intermediate/reverse5020-5521.Kmercount.txt
    jobid: 147
    wildcards: sample=zika, kmerSize=kmer13, seg=5020-5521

[Thu May  6 11:22:34 2021]
Finished job 147.
40 of 150 steps (27%) done
Select jobs to execute...
[Thu May  6 11:22:34 2021]
Finished job 117.
41 of 150 steps (27%) done

[Thu May  6 11:22:34 2021]
rule calculateKmer_sort:
    input: /datater/wu/data/MSSPE-basic/zika/kmer13/intermediate/reverse5020-5521.Kmercount.txt
    output: /datater/wu/data/MSSPE-basic/zika/kmer13/intermediate/reverse5020-5521.Kmercount.sorted.txt
    jobid: 146
    wildcards: sample=zika, kmerSize=kmer13, seg=5020-5521

Select jobs to execute...
[Thu May  6 11:22:34 2021]
Finished job 16.
42 of 150 steps (28%) done
[Thu May  6 11:22:34 2021]
Finished job 146.
43 of 150 steps (29%) done

[Thu May  6 11:22:34 2021]
rule filtering1:
    input: /datater/wu/data/MSSPE-basic/zika/kmer13/intermediate/reverse7028-7529.Kmercount.sorted.txt
    output: /datater/wu/data/MSSPE-basic/zika/kmer13/intermediate/reverse7028-7529.Kmercount.sorted.calculated.txt
    jobid: 57
    wildcards: sample=zika, kmerSize=kmer13, seg=7028-7529

Select jobs to execute...

[Thu May  6 11:22:34 2021]
rule countKmer1:
    input: /datater/wu/data/MSSPE-basic/zika/splitFiles/reverse6777-7278.fasta
    output: /datater/wu/data/MSSPE-basic/zika/kmer13/intermediate/reverse6777-7278.int.kmc_pre, /datater/wu/data/MSSPE-basic/zika/kmer13/intermediate/reverse6777-7278.int.kmc_suf
    jobid: 144
    wildcards: sample=zika, kmerSize=kmer13, seg=6777-7278


[Thu May  6 11:22:34 2021]
rule countKmer2:
    input: /datater/wu/data/MSSPE-basic/zika/kmer13/intermediate/reverse5271-5772.int.kmc_pre, /datater/wu/data/MSSPE-basic/zika/kmer13/intermediate/reverse5271-5772.int.kmc_suf
    output: /datater/wu/data/MSSPE-basic/zika/kmer13/intermediate/reverse5271-5772.Kmercount.txt
    jobid: 67
    wildcards: sample=zika, kmerSize=kmer13, seg=5271-5772

Select jobs to execute...
[Thu May  6 11:22:34 2021]
Finished job 137.
44 of 150 steps (29%) done
Select jobs to execute...

[Thu May  6 11:22:34 2021]
rule calculateKmer_sort:
    input: /datater/wu/data/MSSPE-basic/zika/kmer13/intermediate/reverse4016-4517.Kmercount.txt
    output: /datater/wu/data/MSSPE-basic/zika/kmer13/intermediate/reverse4016-4517.Kmercount.sorted.txt
    jobid: 190
    wildcards: sample=zika, kmerSize=kmer13, seg=4016-4517

[Thu May  6 11:22:34 2021]
Finished job 190.
45 of 150 steps (30%) done
Select jobs to execute...

[Thu May  6 11:22:34 2021]
rule countKmer1:
    input: /datater/wu/data/MSSPE-basic/zika/splitFiles/reverse4769-5270.fasta
    output: /datater/wu/data/MSSPE-basic/zika/kmer13/intermediate/reverse4769-5270.int.kmc_pre, /datater/wu/data/MSSPE-basic/zika/kmer13/intermediate/reverse4769-5270.int.kmc_suf
    jobid: 72
    wildcards: sample=zika, kmerSize=kmer13, seg=4769-5270

[Thu May  6 11:22:34 2021]
Finished job 67.
46 of 150 steps (31%) done
Select jobs to execute...

[Thu May  6 11:22:35 2021]
rule countKmer2:
    input: /datater/wu/data/MSSPE-basic/zika/kmer13/intermediate/reverse8032-8533.int.kmc_pre, /datater/wu/data/MSSPE-basic/zika/kmer13/intermediate/reverse8032-8533.int.kmc_suf
    output: /datater/wu/data/MSSPE-basic/zika/kmer13/intermediate/reverse8032-8533.Kmercount.txt
    jobid: 79
    wildcards: sample=zika, kmerSize=kmer13, seg=8032-8533

[Thu May  6 11:22:35 2021]
Finished job 57.
47 of 150 steps (31%) done
Select jobs to execute...

[Thu May  6 11:22:35 2021]
rule evaluation1:
    input: /datater/wu/data/MSSPE-basic/zika/zika.uniq, /datater/wu/data/ncbiTaxonomy/nucl_gb.accession2taxid, /datater/wu/data/ncbiTaxonomy/ncbi_lineages_2021-04-23.csv
    output: /datater/wu/data/MSSPE-basic/zika/kmer13/intermediate/aceID-taxID-species.tsv
    jobid: 17
    wildcards: sample=zika, kmerSize=kmer13

[Thu May  6 11:22:36 2021]
Finished job 79.
48 of 150 steps (32%) done
Select jobs to execute...

[Thu May  6 11:22:36 2021]
rule calculateKmer_sort:
    input: /datater/wu/data/MSSPE-basic/zika/kmer13/intermediate/reverse8032-8533.Kmercount.txt
    output: /datater/wu/data/MSSPE-basic/zika/kmer13/intermediate/reverse8032-8533.Kmercount.sorted.txt
    jobid: 78
    wildcards: sample=zika, kmerSize=kmer13, seg=8032-8533

[Thu May  6 11:22:36 2021]
Finished job 78.
49 of 150 steps (33%) done
Select jobs to execute...

[Thu May  6 11:22:36 2021]
rule filtering1:
    input: /datater/wu/data/MSSPE-basic/zika/kmer13/intermediate/reverse8032-8533.Kmercount.sorted.txt
    output: /datater/wu/data/MSSPE-basic/zika/kmer13/intermediate/reverse8032-8533.Kmercount.sorted.calculated.txt
    jobid: 77
    wildcards: sample=zika, kmerSize=kmer13, seg=8032-8533

[Thu May  6 11:22:37 2021]
Finished job 77.
50 of 150 steps (33%) done
Select jobs to execute...

[Thu May  6 11:22:37 2021]
rule calculateKmer_sort:
    input: /datater/wu/data/MSSPE-basic/zika/kmer13/intermediate/reverse8534-9035.Kmercount.txt
    output: /datater/wu/data/MSSPE-basic/zika/kmer13/intermediate/reverse8534-9035.Kmercount.sorted.txt
    jobid: 94
    wildcards: sample=zika, kmerSize=kmer13, seg=8534-9035

[Thu May  6 11:22:37 2021]
Finished job 94.
51 of 150 steps (34%) done
Select jobs to execute...

[Thu May  6 11:22:37 2021]
rule filtering1:
    input: /datater/wu/data/MSSPE-basic/zika/kmer13/intermediate/reverse8534-9035.Kmercount.sorted.txt
    output: /datater/wu/data/MSSPE-basic/zika/kmer13/intermediate/reverse8534-9035.Kmercount.sorted.calculated.txt
    jobid: 93
    wildcards: sample=zika, kmerSize=kmer13, seg=8534-9035

[Thu May  6 11:22:38 2021]
Finished job 93.
52 of 150 steps (35%) done
Select jobs to execute...

[Thu May  6 11:22:38 2021]
rule filtering1:
    input: /datater/wu/data/MSSPE-basic/zika/kmer13/intermediate/reverse1255-1756.Kmercount.sorted.txt
    output: /datater/wu/data/MSSPE-basic/zika/kmer13/intermediate/reverse1255-1756.Kmercount.sorted.calculated.txt
    jobid: 49
    wildcards: sample=zika, kmerSize=kmer13, seg=1255-1756

[Thu May  6 11:22:39 2021]
Finished job 49.
53 of 150 steps (35%) done
Select jobs to execute...

[Thu May  6 11:22:39 2021]
rule countKmer2:
    input: /datater/wu/data/MSSPE-basic/zika/kmer13/intermediate/reverse4518-5019.int.kmc_pre, /datater/wu/data/MSSPE-basic/zika/kmer13/intermediate/reverse4518-5019.int.kmc_suf
    output: /datater/wu/data/MSSPE-basic/zika/kmer13/intermediate/reverse4518-5019.Kmercount.txt
    jobid: 179
    wildcards: sample=zika, kmerSize=kmer13, seg=4518-5019

[Thu May  6 11:22:39 2021]
Finished job 179.
54 of 150 steps (36%) done
Select jobs to execute...

[Thu May  6 11:22:39 2021]
rule calculateKmer_sort:
    input: /datater/wu/data/MSSPE-basic/zika/kmer13/intermediate/reverse4518-5019.Kmercount.txt
    output: /datater/wu/data/MSSPE-basic/zika/kmer13/intermediate/reverse4518-5019.Kmercount.sorted.txt
    jobid: 178
    wildcards: sample=zika, kmerSize=kmer13, seg=4518-5019

[Thu May  6 11:22:39 2021]
Finished job 178.
55 of 150 steps (37%) done
Select jobs to execute...

[Thu May  6 11:22:39 2021]
rule filtering1:
    input: /datater/wu/data/MSSPE-basic/zika/kmer13/intermediate/reverse4518-5019.Kmercount.sorted.txt
    output: /datater/wu/data/MSSPE-basic/zika/kmer13/intermediate/reverse4518-5019.Kmercount.sorted.calculated.txt
    jobid: 177
    wildcards: sample=zika, kmerSize=kmer13, seg=4518-5019

[Thu May  6 11:22:40 2021]
Finished job 177.
56 of 150 steps (37%) done
Select jobs to execute...

[Thu May  6 11:22:40 2021]
rule calculateKmer_sort:
    input: /datater/wu/data/MSSPE-basic/zika/kmer13/intermediate/reverse5271-5772.Kmercount.txt
    output: /datater/wu/data/MSSPE-basic/zika/kmer13/intermediate/reverse5271-5772.Kmercount.sorted.txt
    jobid: 66
    wildcards: sample=zika, kmerSize=kmer13, seg=5271-5772

[Thu May  6 11:22:40 2021]
Finished job 66.
57 of 150 steps (38%) done
Select jobs to execute...

[Thu May  6 11:22:40 2021]
rule filtering1:
    input: /datater/wu/data/MSSPE-basic/zika/kmer13/intermediate/reverse5271-5772.Kmercount.sorted.txt
    output: /datater/wu/data/MSSPE-basic/zika/kmer13/intermediate/reverse5271-5772.Kmercount.sorted.calculated.txt
    jobid: 65
    wildcards: sample=zika, kmerSize=kmer13, seg=5271-5772

[Thu May  6 11:22:41 2021]
Finished job 65.
58 of 150 steps (39%) done
Select jobs to execute...

[Thu May  6 11:22:41 2021]
rule filtering1:
    input: /datater/wu/data/MSSPE-basic/zika/kmer13/intermediate/reverse5020-5521.Kmercount.sorted.txt
    output: /datater/wu/data/MSSPE-basic/zika/kmer13/intermediate/reverse5020-5521.Kmercount.sorted.calculated.txt
    jobid: 145
    wildcards: sample=zika, kmerSize=kmer13, seg=5020-5521

[Thu May  6 11:22:42 2021]
Finished job 145.
59 of 150 steps (39%) done
Select jobs to execute...

[Thu May  6 11:22:42 2021]
rule countKmer1:
    input: /datater/wu/data/MSSPE-basic/zika/splitFiles/reverse8283-8784.fasta
    output: /datater/wu/data/MSSPE-basic/zika/kmer13/intermediate/reverse8283-8784.int.kmc_pre, /datater/wu/data/MSSPE-basic/zika/kmer13/intermediate/reverse8283-8784.int.kmc_suf
    jobid: 136
    wildcards: sample=zika, kmerSize=kmer13, seg=8283-8784

[Thu May  6 11:22:51 2021]
Finished job 92.
60 of 150 steps (40%) done
Select jobs to execute...

[Thu May  6 11:22:51 2021]
rule countKmer1:
    input: /datater/wu/data/MSSPE-basic/zika/splitFiles/reverse2510-3011.fasta
    output: /datater/wu/data/MSSPE-basic/zika/kmer13/intermediate/reverse2510-3011.int.kmc_pre, /datater/wu/data/MSSPE-basic/zika/kmer13/intermediate/reverse2510-3011.int.kmc_suf
    jobid: 196
    wildcards: sample=zika, kmerSize=kmer13, seg=2510-3011

[Thu May  6 11:22:51 2021]
Finished job 176.
61 of 150 steps (41%) done
Select jobs to execute...

[Thu May  6 11:22:51 2021]
rule countKmer2:
    input: /datater/wu/data/MSSPE-basic/zika/kmer13/intermediate/reverse753-1254.int.kmc_pre, /datater/wu/data/MSSPE-basic/zika/kmer13/intermediate/reverse753-1254.int.kmc_suf
    output: /datater/wu/data/MSSPE-basic/zika/kmer13/intermediate/reverse753-1254.Kmercount.txt
    jobid: 175
    wildcards: sample=zika, kmerSize=kmer13, seg=753-1254

[Thu May  6 11:22:52 2021]
Finished job 175.
62 of 150 steps (41%) done
Select jobs to execute...

[Thu May  6 11:22:52 2021]
rule countKmer1:
    input: /datater/wu/data/MSSPE-basic/zika/splitFiles/reverse10291-10780.fasta
    output: /datater/wu/data/MSSPE-basic/zika/kmer13/intermediate/reverse10291-10780.int.kmc_pre, /datater/wu/data/MSSPE-basic/zika/kmer13/intermediate/reverse10291-10780.int.kmc_suf
    jobid: 76
    wildcards: sample=zika, kmerSize=kmer13, seg=10291-10780

[Thu May  6 11:22:54 2021]
Finished job 56.
63 of 150 steps (42%) done
Select jobs to execute...

[Thu May  6 11:22:55 2021]
rule countKmer2:
    input: /datater/wu/data/MSSPE-basic/zika/kmer13/intermediate/reverse3012-3513.int.kmc_pre, /datater/wu/data/MSSPE-basic/zika/kmer13/intermediate/reverse3012-3513.int.kmc_suf
    output: /datater/wu/data/MSSPE-basic/zika/kmer13/intermediate/reverse3012-3513.Kmercount.txt
    jobid: 55
    wildcards: sample=zika, kmerSize=kmer13, seg=3012-3513

[Thu May  6 11:22:55 2021]
Finished job 55.
64 of 150 steps (43%) done
Select jobs to execute...

[Thu May  6 11:22:55 2021]
rule filtering1:
    input: /datater/wu/data/MSSPE-basic/zika/kmer13/intermediate/reverse4267-4768.Kmercount.sorted.txt
    output: /datater/wu/data/MSSPE-basic/zika/kmer13/intermediate/reverse4267-4768.Kmercount.sorted.calculated.txt
    jobid: 121
    wildcards: sample=zika, kmerSize=kmer13, seg=4267-4768

[Thu May  6 11:22:56 2021]
Finished job 32.
65 of 150 steps (43%) done
Select jobs to execute...

[Thu May  6 11:22:56 2021]
rule filtering1:
    input: /datater/wu/data/MSSPE-basic/zika/kmer13/intermediate/reverse2761-3262.Kmercount.sorted.txt
    output: /datater/wu/data/MSSPE-basic/zika/kmer13/intermediate/reverse2761-3262.Kmercount.sorted.calculated.txt
    jobid: 181
    wildcards: sample=zika, kmerSize=kmer13, seg=2761-3262

[Thu May  6 11:22:56 2021]
Finished job 121.
66 of 150 steps (44%) done
Select jobs to execute...

[Thu May  6 11:22:56 2021]
rule filtering1:
    input: /datater/wu/data/MSSPE-basic/zika/kmer13/intermediate/reverse8785-9286.Kmercount.sorted.txt
    output: /datater/wu/data/MSSPE-basic/zika/kmer13/intermediate/reverse8785-9286.Kmercount.sorted.calculated.txt
    jobid: 61
    wildcards: sample=zika, kmerSize=kmer13, seg=8785-9286

[Thu May  6 11:22:57 2021]
Finished job 181.
67 of 150 steps (45%) done
Select jobs to execute...

[Thu May  6 11:22:57 2021]
rule countKmer2:
    input: /datater/wu/data/MSSPE-basic/zika/kmer13/intermediate/reverse10040-10541.int.kmc_pre, /datater/wu/data/MSSPE-basic/zika/kmer13/intermediate/reverse10040-10541.int.kmc_suf
    output: /datater/wu/data/MSSPE-basic/zika/kmer13/intermediate/reverse10040-10541.Kmercount.txt
    jobid: 39
    wildcards: sample=zika, kmerSize=kmer13, seg=10040-10541

[Thu May  6 11:22:57 2021]
Finished job 61.
68 of 150 steps (45%) done
Select jobs to execute...

[Thu May  6 11:22:57 2021]
rule filtering1:
    input: /datater/wu/data/MSSPE-basic/zika/kmer13/intermediate/reverse3765-4266.Kmercount.sorted.txt
    output: /datater/wu/data/MSSPE-basic/zika/kmer13/intermediate/reverse3765-4266.Kmercount.sorted.calculated.txt
    jobid: 129
    wildcards: sample=zika, kmerSize=kmer13, seg=3765-4266

[Thu May  6 11:22:57 2021]
Finished job 108.
69 of 150 steps (46%) done
Select jobs to execute...

[Thu May  6 11:22:57 2021]
rule countKmer2:
    input: /datater/wu/data/MSSPE-basic/zika/kmer13/intermediate/reverse6024-6525.int.kmc_pre, /datater/wu/data/MSSPE-basic/zika/kmer13/intermediate/reverse6024-6525.int.kmc_suf
    output: /datater/wu/data/MSSPE-basic/zika/kmer13/intermediate/reverse6024-6525.Kmercount.txt
    jobid: 159
    wildcards: sample=zika, kmerSize=kmer13, seg=6024-6525

[Thu May  6 11:22:57 2021]
Finished job 39.
70 of 150 steps (47%) done
Select jobs to execute...

[Thu May  6 11:22:57 2021]
rule countKmer2:
    input: /datater/wu/data/MSSPE-basic/zika/kmer13/intermediate/reverse1757-2258.int.kmc_pre, /datater/wu/data/MSSPE-basic/zika/kmer13/intermediate/reverse1757-2258.int.kmc_suf
    output: /datater/wu/data/MSSPE-basic/zika/kmer13/intermediate/reverse1757-2258.Kmercount.txt
    jobid: 99
    wildcards: sample=zika, kmerSize=kmer13, seg=1757-2258

[Thu May  6 11:22:58 2021]
Finished job 159.
71 of 150 steps (47%) done
Select jobs to execute...

[Thu May  6 11:22:58 2021]
rule countKmer1:
    input: /datater/wu/data/MSSPE-basic/zika/splitFiles/reverse9789-10290.fasta
    output: /datater/wu/data/MSSPE-basic/zika/kmer13/intermediate/reverse9789-10290.int.kmc_pre, /datater/wu/data/MSSPE-basic/zika/kmer13/intermediate/reverse9789-10290.int.kmc_suf
    jobid: 84
    wildcards: sample=zika, kmerSize=kmer13, seg=9789-10290

[Thu May  6 11:22:58 2021]
Finished job 99.
72 of 150 steps (48%) done
Select jobs to execute...

[Thu May  6 11:22:58 2021]
rule evaluation2:
    input: /datater/wu/data/MSSPE-basic/zika/kmer15/allOligo.set, /datater/wu/data/MSSPE-basic/zika/kmer15/intermediate/aceID-taxID-species.tsv
    output: /datater/wu/data/MSSPE-basic/zika/kmer15/evaluation/allOligo.set.coverage
    jobid: 20
    wildcards: sample=zika, kmerSize=kmer15

[Thu May  6 11:22:58 2021]
Finished job 129.
73 of 150 steps (49%) done
Select jobs to execute...

[Thu May  6 11:22:58 2021]
rule evaluation3:
    input: /datater/wu/data/MSSPE-basic/zika/kmer15/allKmercount.sorted.calculated.txt, /datater/wu/data/MSSPE-basic/zika/kmer15/allKmerCount.sorted.calculated.filtered.txt, /datater/wu/data/MSSPE-basic/zika/kmer15/allKmerCount.sorted.calculated.filtered.spec.txt, /datater/wu/data/MSSPE-basic/zika/kmer15/allOligo.set
    output: /datater/wu/data/MSSPE-basic/zika/kmer15/evaluation/allOligo_before.tsv, /datater/wu/data/MSSPE-basic/zika/kmer15/evaluation/allOligo_after1.tsv, /datater/wu/data/MSSPE-basic/zika/kmer15/evaluation/allOligo_after2.tsv, /datater/wu/data/MSSPE-basic/zika/kmer15/evaluation/allOligo_after3.tsv
    jobid: 22
    wildcards: sample=zika, kmerSize=kmer15

[Thu May  6 11:22:59 2021]
Finished job 168.
74 of 150 steps (49%) done
Select jobs to execute...

[Thu May  6 11:22:59 2021]
rule countKmer2:
    input: /datater/wu/data/MSSPE-basic/zika/kmer13/intermediate/reverse0-501.int.kmc_pre, /datater/wu/data/MSSPE-basic/zika/kmer13/intermediate/reverse0-501.int.kmc_suf
    output: /datater/wu/data/MSSPE-basic/zika/kmer13/intermediate/reverse0-501.Kmercount.txt
    jobid: 127
    wildcards: sample=zika, kmerSize=kmer13, seg=0-501

[Thu May  6 11:22:59 2021]
Finished job 20.
75 of 150 steps (50%) done
Select jobs to execute...

[Thu May  6 11:23:00 2021]
rule filtering1:
    input: /datater/wu/data/MSSPE-basic/zika/kmer13/intermediate/reverse4016-4517.Kmercount.sorted.txt
    output: /datater/wu/data/MSSPE-basic/zika/kmer13/intermediate/reverse4016-4517.Kmercount.sorted.calculated.txt
    jobid: 189
    wildcards: sample=zika, kmerSize=kmer13, seg=4016-4517

[Thu May  6 11:23:00 2021]
Finished job 127.
76 of 150 steps (51%) done
Select jobs to execute...

[Thu May  6 11:23:00 2021]
rule countKmer2:
    input: /datater/wu/data/MSSPE-basic/zika/kmer13/intermediate/reverse7279-7780.int.kmc_pre, /datater/wu/data/MSSPE-basic/zika/kmer13/intermediate/reverse7279-7780.int.kmc_suf
    output: /datater/wu/data/MSSPE-basic/zika/kmer13/intermediate/reverse7279-7780.Kmercount.txt
    jobid: 187
    wildcards: sample=zika, kmerSize=kmer13, seg=7279-7780

[Thu May  6 11:23:00 2021]
Finished job 22.
77 of 150 steps (51%) done
Select jobs to execute...

[Thu May  6 11:23:00 2021]
rule calculateKmer_sort:
    input: /datater/wu/data/MSSPE-basic/zika/kmer13/intermediate/reverse753-1254.Kmercount.txt
    output: /datater/wu/data/MSSPE-basic/zika/kmer13/intermediate/reverse753-1254.Kmercount.sorted.txt
    jobid: 174
    wildcards: sample=zika, kmerSize=kmer13, seg=753-1254

[Thu May  6 11:23:00 2021]
Finished job 174.
78 of 150 steps (52%) done
Select jobs to execute...

[Thu May  6 11:23:00 2021]
rule calculateKmer_sort:
    input: /datater/wu/data/MSSPE-basic/zika/kmer13/intermediate/reverse10040-10541.Kmercount.txt
    output: /datater/wu/data/MSSPE-basic/zika/kmer13/intermediate/reverse10040-10541.Kmercount.sorted.txt
    jobid: 38
    wildcards: sample=zika, kmerSize=kmer13, seg=10040-10541

[Thu May  6 11:23:00 2021]
Finished job 38.
79 of 150 steps (53%) done
Select jobs to execute...

[Thu May  6 11:23:00 2021]
rule filtering1:
    input: /datater/wu/data/MSSPE-basic/zika/kmer13/intermediate/reverse10040-10541.Kmercount.sorted.txt
    output: /datater/wu/data/MSSPE-basic/zika/kmer13/intermediate/reverse10040-10541.Kmercount.sorted.calculated.txt
    jobid: 37
    wildcards: sample=zika, kmerSize=kmer13, seg=10040-10541

[Thu May  6 11:23:00 2021]
Finished job 187.
80 of 150 steps (53%) done
Select jobs to execute...

[Thu May  6 11:23:01 2021]
rule countKmer2:
    input: /datater/wu/data/MSSPE-basic/zika/kmer13/intermediate/reverse10542-10780.int.kmc_pre, /datater/wu/data/MSSPE-basic/zika/kmer13/intermediate/reverse10542-10780.int.kmc_suf
    output: /datater/wu/data/MSSPE-basic/zika/kmer13/intermediate/reverse10542-10780.Kmercount.txt
    jobid: 31
    wildcards: sample=zika, kmerSize=kmer13, seg=10542-10780

[Thu May  6 11:23:01 2021]
Finished job 116.
81 of 150 steps (54%) done
Select jobs to execute...
[Thu May  6 11:23:01 2021]
Finished job 189.
82 of 150 steps (55%) done

[Thu May  6 11:23:01 2021]
rule countKmer2:
    input: /datater/wu/data/MSSPE-basic/zika/kmer13/intermediate/reverse9538-10039.int.kmc_pre, /datater/wu/data/MSSPE-basic/zika/kmer13/intermediate/reverse9538-10039.int.kmc_suf
    output: /datater/wu/data/MSSPE-basic/zika/kmer13/intermediate/reverse9538-10039.Kmercount.txt
    jobid: 91
    wildcards: sample=zika, kmerSize=kmer13, seg=9538-10039

Select jobs to execute...

[Thu May  6 11:23:01 2021]
rule calculateKmer_sort:
    input: /datater/wu/data/MSSPE-basic/zika/kmer13/intermediate/reverse3012-3513.Kmercount.txt
    output: /datater/wu/data/MSSPE-basic/zika/kmer13/intermediate/reverse3012-3513.Kmercount.sorted.txt
    jobid: 54
    wildcards: sample=zika, kmerSize=kmer13, seg=3012-3513

[Thu May  6 11:23:01 2021]
Finished job 54.
83 of 150 steps (55%) done
Select jobs to execute...

[Thu May  6 11:23:01 2021]
rule countKmer2:
    input: /datater/wu/data/MSSPE-basic/zika/kmer13/intermediate/reverse251-752.int.kmc_pre, /datater/wu/data/MSSPE-basic/zika/kmer13/intermediate/reverse251-752.int.kmc_suf
    output: /datater/wu/data/MSSPE-basic/zika/kmer13/intermediate/reverse251-752.Kmercount.txt
    jobid: 151
    wildcards: sample=zika, kmerSize=kmer13, seg=251-752

[Thu May  6 11:23:01 2021]
Finished job 31.
84 of 150 steps (56%) done
Select jobs to execute...

[Thu May  6 11:23:01 2021]
rule calculateKmer_sort:
    input: /datater/wu/data/MSSPE-basic/zika/kmer13/intermediate/reverse10542-10780.Kmercount.txt
    output: /datater/wu/data/MSSPE-basic/zika/kmer13/intermediate/reverse10542-10780.Kmercount.sorted.txt
    jobid: 30
    wildcards: sample=zika, kmerSize=kmer13, seg=10542-10780

[Thu May  6 11:23:01 2021]
Finished job 30.
85 of 150 steps (57%) done
Select jobs to execute...

[Thu May  6 11:23:01 2021]
rule filtering1:
    input: /datater/wu/data/MSSPE-basic/zika/kmer13/intermediate/reverse3012-3513.Kmercount.sorted.txt
    output: /datater/wu/data/MSSPE-basic/zika/kmer13/intermediate/reverse3012-3513.Kmercount.sorted.calculated.txt
    jobid: 53
    wildcards: sample=zika, kmerSize=kmer13, seg=3012-3513

[Thu May  6 11:23:01 2021]
Finished job 91.
86 of 150 steps (57%) done
Select jobs to execute...

[Thu May  6 11:23:01 2021]
rule calculateKmer_sort:
    input: /datater/wu/data/MSSPE-basic/zika/kmer13/intermediate/reverse9538-10039.Kmercount.txt
    output: /datater/wu/data/MSSPE-basic/zika/kmer13/intermediate/reverse9538-10039.Kmercount.sorted.txt
    jobid: 90
    wildcards: sample=zika, kmerSize=kmer13, seg=9538-10039

[Thu May  6 11:23:01 2021]
Finished job 90.
87 of 150 steps (58%) done
Select jobs to execute...
[Thu May  6 11:23:01 2021]
Finished job 151.
88 of 150 steps (59%) done

[Thu May  6 11:23:01 2021]
rule filtering1:
    input: /datater/wu/data/MSSPE-basic/zika/kmer13/intermediate/reverse753-1254.Kmercount.sorted.txt
    output: /datater/wu/data/MSSPE-basic/zika/kmer13/intermediate/reverse753-1254.Kmercount.sorted.calculated.txt
    jobid: 173
    wildcards: sample=zika, kmerSize=kmer13, seg=753-1254

Select jobs to execute...

[Thu May  6 11:23:01 2021]
rule calculateKmer_sort:
    input: /datater/wu/data/MSSPE-basic/zika/kmer13/intermediate/reverse251-752.Kmercount.txt
    output: /datater/wu/data/MSSPE-basic/zika/kmer13/intermediate/reverse251-752.Kmercount.sorted.txt
    jobid: 150
    wildcards: sample=zika, kmerSize=kmer13, seg=251-752

[Thu May  6 11:23:01 2021]
Finished job 150.
89 of 150 steps (59%) done
Select jobs to execute...

[Thu May  6 11:23:01 2021]
rule calculateKmer_sort:
    input: /datater/wu/data/MSSPE-basic/zika/kmer13/intermediate/reverse1757-2258.Kmercount.txt
    output: /datater/wu/data/MSSPE-basic/zika/kmer13/intermediate/reverse1757-2258.Kmercount.sorted.txt
    jobid: 98
    wildcards: sample=zika, kmerSize=kmer13, seg=1757-2258

[Thu May  6 11:23:01 2021]
Finished job 98.
90 of 150 steps (60%) done
Select jobs to execute...

[Thu May  6 11:23:01 2021]
rule filtering1:
    input: /datater/wu/data/MSSPE-basic/zika/kmer13/intermediate/reverse1757-2258.Kmercount.sorted.txt
    output: /datater/wu/data/MSSPE-basic/zika/kmer13/intermediate/reverse1757-2258.Kmercount.sorted.calculated.txt
    jobid: 97
    wildcards: sample=zika, kmerSize=kmer13, seg=1757-2258

[Thu May  6 11:23:01 2021]
Finished job 37.
91 of 150 steps (61%) done
Select jobs to execute...

[Thu May  6 11:23:01 2021]
rule calculateKmer_sort:
    input: /datater/wu/data/MSSPE-basic/zika/kmer13/intermediate/reverse6024-6525.Kmercount.txt
    output: /datater/wu/data/MSSPE-basic/zika/kmer13/intermediate/reverse6024-6525.Kmercount.sorted.txt
    jobid: 158
    wildcards: sample=zika, kmerSize=kmer13, seg=6024-6525

[Thu May  6 11:23:01 2021]
Finished job 158.
92 of 150 steps (61%) done
Select jobs to execute...

[Thu May  6 11:23:01 2021]
rule filtering1:
    input: /datater/wu/data/MSSPE-basic/zika/kmer13/intermediate/reverse6024-6525.Kmercount.sorted.txt
    output: /datater/wu/data/MSSPE-basic/zika/kmer13/intermediate/reverse6024-6525.Kmercount.sorted.calculated.txt
    jobid: 157
    wildcards: sample=zika, kmerSize=kmer13, seg=6024-6525

[Thu May  6 11:23:02 2021]
Finished job 48.
93 of 150 steps (62%) done
Select jobs to execute...

[Thu May  6 11:23:02 2021]
rule countKmer2:
    input: /datater/wu/data/MSSPE-basic/zika/kmer13/intermediate/reverse3514-4015.int.kmc_pre, /datater/wu/data/MSSPE-basic/zika/kmer13/intermediate/reverse3514-4015.int.kmc_suf
    output: /datater/wu/data/MSSPE-basic/zika/kmer13/intermediate/reverse3514-4015.Kmercount.txt
    jobid: 47
    wildcards: sample=zika, kmerSize=kmer13, seg=3514-4015

[Thu May  6 11:23:02 2021]
Finished job 53.
94 of 150 steps (63%) done
Select jobs to execute...

[Thu May  6 11:23:02 2021]
rule filtering1:
    input: /datater/wu/data/MSSPE-basic/zika/kmer13/intermediate/reverse251-752.Kmercount.sorted.txt
    output: /datater/wu/data/MSSPE-basic/zika/kmer13/intermediate/reverse251-752.Kmercount.sorted.calculated.txt
    jobid: 149
    wildcards: sample=zika, kmerSize=kmer13, seg=251-752

[Thu May  6 11:23:02 2021]
Finished job 47.
95 of 150 steps (63%) done
Select jobs to execute...
[Thu May  6 11:23:02 2021]
Finished job 173.
96 of 150 steps (64%) done

[Thu May  6 11:23:02 2021]
rule calculateKmer_sort:
    input: /datater/wu/data/MSSPE-basic/zika/kmer13/intermediate/reverse3514-4015.Kmercount.txt
    output: /datater/wu/data/MSSPE-basic/zika/kmer13/intermediate/reverse3514-4015.Kmercount.sorted.txt
    jobid: 46
    wildcards: sample=zika, kmerSize=kmer13, seg=3514-4015

Select jobs to execute...
[Thu May  6 11:23:02 2021]
Finished job 46.
97 of 150 steps (65%) done

[Thu May  6 11:23:02 2021]
rule filtering1:
    input: /datater/wu/data/MSSPE-basic/zika/kmer13/intermediate/reverse9538-10039.Kmercount.sorted.txt
    output: /datater/wu/data/MSSPE-basic/zika/kmer13/intermediate/reverse9538-10039.Kmercount.sorted.calculated.txt
    jobid: 89
    wildcards: sample=zika, kmerSize=kmer13, seg=9538-10039

Select jobs to execute...

[Thu May  6 11:23:02 2021]
rule filtering1:
    input: /datater/wu/data/MSSPE-basic/zika/kmer13/intermediate/reverse3514-4015.Kmercount.sorted.txt
    output: /datater/wu/data/MSSPE-basic/zika/kmer13/intermediate/reverse3514-4015.Kmercount.sorted.calculated.txt
    jobid: 45
    wildcards: sample=zika, kmerSize=kmer13, seg=3514-4015

[Thu May  6 11:23:02 2021]
Finished job 72.
98 of 150 steps (65%) done
Select jobs to execute...

[Thu May  6 11:23:02 2021]
rule countKmer2:
    input: /datater/wu/data/MSSPE-basic/zika/kmer13/intermediate/reverse4769-5270.int.kmc_pre, /datater/wu/data/MSSPE-basic/zika/kmer13/intermediate/reverse4769-5270.int.kmc_suf
    output: /datater/wu/data/MSSPE-basic/zika/kmer13/intermediate/reverse4769-5270.Kmercount.txt
    jobid: 71
    wildcards: sample=zika, kmerSize=kmer13, seg=4769-5270

[Thu May  6 11:23:02 2021]
Finished job 97.
99 of 150 steps (66%) done
Select jobs to execute...

[Thu May  6 11:23:02 2021]
rule filtering1:
    input: /datater/wu/data/MSSPE-basic/zika/kmer13/intermediate/reverse10542-10780.Kmercount.sorted.txt
    output: /datater/wu/data/MSSPE-basic/zika/kmer13/intermediate/reverse10542-10780.Kmercount.sorted.calculated.txt
    jobid: 29
    wildcards: sample=zika, kmerSize=kmer13, seg=10542-10780

[Thu May  6 11:23:02 2021]
Finished job 157.
100 of 150 steps (67%) done
Select jobs to execute...

[Thu May  6 11:23:02 2021]
rule calculateKmer_sort:
    input: /datater/wu/data/MSSPE-basic/zika/kmer13/intermediate/reverse0-501.Kmercount.txt
    output: /datater/wu/data/MSSPE-basic/zika/kmer13/intermediate/reverse0-501.Kmercount.sorted.txt
    jobid: 126
    wildcards: sample=zika, kmerSize=kmer13, seg=0-501

[Thu May  6 11:23:02 2021]
Finished job 126.
101 of 150 steps (67%) done
Select jobs to execute...

[Thu May  6 11:23:03 2021]
rule filtering1:
    input: /datater/wu/data/MSSPE-basic/zika/kmer13/intermediate/reverse0-501.Kmercount.sorted.txt
    output: /datater/wu/data/MSSPE-basic/zika/kmer13/intermediate/reverse0-501.Kmercount.sorted.calculated.txt
    jobid: 125
    wildcards: sample=zika, kmerSize=kmer13, seg=0-501

[Thu May  6 11:23:03 2021]
Finished job 71.
102 of 150 steps (68%) done
Select jobs to execute...

[Thu May  6 11:23:03 2021]
rule calculateKmer_sort:
    input: /datater/wu/data/MSSPE-basic/zika/kmer13/intermediate/reverse7279-7780.Kmercount.txt
    output: /datater/wu/data/MSSPE-basic/zika/kmer13/intermediate/reverse7279-7780.Kmercount.sorted.txt
    jobid: 186
    wildcards: sample=zika, kmerSize=kmer13, seg=7279-7780

[Thu May  6 11:23:03 2021]
Finished job 186.
103 of 150 steps (69%) done
Select jobs to execute...

[Thu May  6 11:23:03 2021]
rule filtering1:
    input: /datater/wu/data/MSSPE-basic/zika/kmer13/intermediate/reverse7279-7780.Kmercount.sorted.txt
    output: /datater/wu/data/MSSPE-basic/zika/kmer13/intermediate/reverse7279-7780.Kmercount.sorted.calculated.txt
    jobid: 185
    wildcards: sample=zika, kmerSize=kmer13, seg=7279-7780

[Thu May  6 11:23:03 2021]
Finished job 89.
104 of 150 steps (69%) done
Select jobs to execute...

[Thu May  6 11:23:03 2021]
rule countKmer2:
    input: /datater/wu/data/MSSPE-basic/zika/kmer13/intermediate/reverse7781-8282.int.kmc_pre, /datater/wu/data/MSSPE-basic/zika/kmer13/intermediate/reverse7781-8282.int.kmc_suf
    output: /datater/wu/data/MSSPE-basic/zika/kmer13/intermediate/reverse7781-8282.Kmercount.txt
    jobid: 167
    wildcards: sample=zika, kmerSize=kmer13, seg=7781-8282

[Thu May  6 11:23:03 2021]
Finished job 149.
105 of 150 steps (70%) done
Select jobs to execute...

[Thu May  6 11:23:03 2021]
rule countKmer2:
    input: /datater/wu/data/MSSPE-basic/zika/kmer13/intermediate/reverse6526-7027.int.kmc_pre, /datater/wu/data/MSSPE-basic/zika/kmer13/intermediate/reverse6526-7027.int.kmc_suf
    output: /datater/wu/data/MSSPE-basic/zika/kmer13/intermediate/reverse6526-7027.Kmercount.txt
    jobid: 107
    wildcards: sample=zika, kmerSize=kmer13, seg=6526-7027

[Thu May  6 11:23:03 2021]
Finished job 45.
106 of 150 steps (71%) done
Select jobs to execute...

[Thu May  6 11:23:03 2021]
rule calculateKmer_sort:
    input: /datater/wu/data/MSSPE-basic/zika/kmer13/intermediate/reverse4769-5270.Kmercount.txt
    output: /datater/wu/data/MSSPE-basic/zika/kmer13/intermediate/reverse4769-5270.Kmercount.sorted.txt
    jobid: 70
    wildcards: sample=zika, kmerSize=kmer13, seg=4769-5270

[Thu May  6 11:23:03 2021]
Finished job 29.
107 of 150 steps (71%) done
Select jobs to execute...
[Thu May  6 11:23:03 2021]
Finished job 70.
108 of 150 steps (72%) done

[Thu May  6 11:23:03 2021]
rule countKmer2:
    input: /datater/wu/data/MSSPE-basic/zika/kmer13/intermediate/reverse5773-6274.int.kmc_pre, /datater/wu/data/MSSPE-basic/zika/kmer13/intermediate/reverse5773-6274.int.kmc_suf
    output: /datater/wu/data/MSSPE-basic/zika/kmer13/intermediate/reverse5773-6274.Kmercount.txt
    jobid: 115
    wildcards: sample=zika, kmerSize=kmer13, seg=5773-6274

Select jobs to execute...

[Thu May  6 11:23:03 2021]
rule filtering1:
    input: /datater/wu/data/MSSPE-basic/zika/kmer13/intermediate/reverse4769-5270.Kmercount.sorted.txt
    output: /datater/wu/data/MSSPE-basic/zika/kmer13/intermediate/reverse4769-5270.Kmercount.sorted.calculated.txt
    jobid: 69
    wildcards: sample=zika, kmerSize=kmer13, seg=4769-5270

[Thu May  6 11:23:04 2021]
Finished job 125.
109 of 150 steps (73%) done
[Thu May  6 11:23:04 2021]
Finished job 167.
110 of 150 steps (73%) done
Select jobs to execute...

[Thu May  6 11:23:04 2021]
rule calculateKmer_sort:
    input: /datater/wu/data/MSSPE-basic/zika/kmer13/intermediate/reverse7781-8282.Kmercount.txt
    output: /datater/wu/data/MSSPE-basic/zika/kmer13/intermediate/reverse7781-8282.Kmercount.sorted.txt
    jobid: 166
    wildcards: sample=zika, kmerSize=kmer13, seg=7781-8282

[Thu May  6 11:23:04 2021]
Finished job 166.
111 of 150 steps (74%) done
Select jobs to execute...

[Thu May  6 11:23:04 2021]
rule filtering1:
    input: /datater/wu/data/MSSPE-basic/zika/kmer13/intermediate/reverse7781-8282.Kmercount.sorted.txt
    output: /datater/wu/data/MSSPE-basic/zika/kmer13/intermediate/reverse7781-8282.Kmercount.sorted.calculated.txt
    jobid: 165
    wildcards: sample=zika, kmerSize=kmer13, seg=7781-8282

[Thu May  6 11:23:04 2021]
Finished job 107.
112 of 150 steps (75%) done
Select jobs to execute...

[Thu May  6 11:23:04 2021]
rule calculateKmer_sort:
    input: /datater/wu/data/MSSPE-basic/zika/kmer13/intermediate/reverse6526-7027.Kmercount.txt
    output: /datater/wu/data/MSSPE-basic/zika/kmer13/intermediate/reverse6526-7027.Kmercount.sorted.txt
    jobid: 106
    wildcards: sample=zika, kmerSize=kmer13, seg=6526-7027

[Thu May  6 11:23:04 2021]
Finished job 106.
113 of 150 steps (75%) done
Select jobs to execute...

[Thu May  6 11:23:04 2021]
rule filtering1:
    input: /datater/wu/data/MSSPE-basic/zika/kmer13/intermediate/reverse6526-7027.Kmercount.sorted.txt
    output: /datater/wu/data/MSSPE-basic/zika/kmer13/intermediate/reverse6526-7027.Kmercount.sorted.calculated.txt
    jobid: 105
    wildcards: sample=zika, kmerSize=kmer13, seg=6526-7027

[Thu May  6 11:23:04 2021]
Finished job 115.
114 of 150 steps (76%) done
Select jobs to execute...

[Thu May  6 11:23:04 2021]
rule calculateKmer_sort:
    input: /datater/wu/data/MSSPE-basic/zika/kmer13/intermediate/reverse5773-6274.Kmercount.txt
    output: /datater/wu/data/MSSPE-basic/zika/kmer13/intermediate/reverse5773-6274.Kmercount.sorted.txt
    jobid: 114
    wildcards: sample=zika, kmerSize=kmer13, seg=5773-6274

[Thu May  6 11:23:04 2021]
Finished job 114.
115 of 150 steps (77%) done
Select jobs to execute...

[Thu May  6 11:23:04 2021]
rule filtering1:
    input: /datater/wu/data/MSSPE-basic/zika/kmer13/intermediate/reverse5773-6274.Kmercount.sorted.txt
    output: /datater/wu/data/MSSPE-basic/zika/kmer13/intermediate/reverse5773-6274.Kmercount.sorted.calculated.txt
    jobid: 113
    wildcards: sample=zika, kmerSize=kmer13, seg=5773-6274

[Thu May  6 11:23:04 2021]
Finished job 185.
116 of 150 steps (77%) done
[Thu May  6 11:23:04 2021]
Finished job 144.
117 of 150 steps (78%) done
Select jobs to execute...

[Thu May  6 11:23:04 2021]
rule countKmer2:
    input: /datater/wu/data/MSSPE-basic/zika/kmer13/intermediate/reverse6777-7278.int.kmc_pre, /datater/wu/data/MSSPE-basic/zika/kmer13/intermediate/reverse6777-7278.int.kmc_suf
    output: /datater/wu/data/MSSPE-basic/zika/kmer13/intermediate/reverse6777-7278.Kmercount.txt
    jobid: 143
    wildcards: sample=zika, kmerSize=kmer13, seg=6777-7278

[Thu May  6 11:23:04 2021]
Finished job 69.
118 of 150 steps (79%) done
[Thu May  6 11:23:05 2021]
Finished job 165.
119 of 150 steps (79%) done
[Thu May  6 11:23:05 2021]
Finished job 143.
120 of 150 steps (80%) done
Select jobs to execute...

[Thu May  6 11:23:05 2021]
rule calculateKmer_sort:
    input: /datater/wu/data/MSSPE-basic/zika/kmer13/intermediate/reverse6777-7278.Kmercount.txt
    output: /datater/wu/data/MSSPE-basic/zika/kmer13/intermediate/reverse6777-7278.Kmercount.sorted.txt
    jobid: 142
    wildcards: sample=zika, kmerSize=kmer13, seg=6777-7278

[Thu May  6 11:23:05 2021]
Finished job 142.
121 of 150 steps (81%) done
Select jobs to execute...
[Thu May  6 11:23:05 2021]
Finished job 105.
122 of 150 steps (81%) done

[Thu May  6 11:23:05 2021]
rule filtering1:
    input: /datater/wu/data/MSSPE-basic/zika/kmer13/intermediate/reverse6777-7278.Kmercount.sorted.txt
    output: /datater/wu/data/MSSPE-basic/zika/kmer13/intermediate/reverse6777-7278.Kmercount.sorted.calculated.txt
    jobid: 141
    wildcards: sample=zika, kmerSize=kmer13, seg=6777-7278

[Thu May  6 11:23:05 2021]
Finished job 113.
123 of 150 steps (82%) done
[Thu May  6 11:23:06 2021]
Finished job 141.
124 of 150 steps (83%) done
[Thu May  6 11:23:11 2021]
Finished job 136.
125 of 150 steps (83%) done
Select jobs to execute...

[Thu May  6 11:23:11 2021]
rule countKmer2:
    input: /datater/wu/data/MSSPE-basic/zika/kmer13/intermediate/reverse8283-8784.int.kmc_pre, /datater/wu/data/MSSPE-basic/zika/kmer13/intermediate/reverse8283-8784.int.kmc_suf
    output: /datater/wu/data/MSSPE-basic/zika/kmer13/intermediate/reverse8283-8784.Kmercount.txt
    jobid: 135
    wildcards: sample=zika, kmerSize=kmer13, seg=8283-8784

[Thu May  6 11:23:11 2021]
Finished job 135.
126 of 150 steps (84%) done
Select jobs to execute...

[Thu May  6 11:23:11 2021]
rule calculateKmer_sort:
    input: /datater/wu/data/MSSPE-basic/zika/kmer13/intermediate/reverse8283-8784.Kmercount.txt
    output: /datater/wu/data/MSSPE-basic/zika/kmer13/intermediate/reverse8283-8784.Kmercount.sorted.txt
    jobid: 134
    wildcards: sample=zika, kmerSize=kmer13, seg=8283-8784

[Thu May  6 11:23:11 2021]
Finished job 134.
127 of 150 steps (85%) done
Select jobs to execute...

[Thu May  6 11:23:11 2021]
rule filtering1:
    input: /datater/wu/data/MSSPE-basic/zika/kmer13/intermediate/reverse8283-8784.Kmercount.sorted.txt
    output: /datater/wu/data/MSSPE-basic/zika/kmer13/intermediate/reverse8283-8784.Kmercount.sorted.calculated.txt
    jobid: 133
    wildcards: sample=zika, kmerSize=kmer13, seg=8283-8784

[Thu May  6 11:23:12 2021]
Finished job 133.
128 of 150 steps (85%) done
[Thu May  6 11:23:19 2021]
Finished job 76.
129 of 150 steps (86%) done
Select jobs to execute...

[Thu May  6 11:23:19 2021]
rule countKmer2:
    input: /datater/wu/data/MSSPE-basic/zika/kmer13/intermediate/reverse10291-10780.int.kmc_pre, /datater/wu/data/MSSPE-basic/zika/kmer13/intermediate/reverse10291-10780.int.kmc_suf
    output: /datater/wu/data/MSSPE-basic/zika/kmer13/intermediate/reverse10291-10780.Kmercount.txt
    jobid: 75
    wildcards: sample=zika, kmerSize=kmer13, seg=10291-10780

[Thu May  6 11:23:19 2021]
Finished job 196.
130 of 150 steps (87%) done
Select jobs to execute...

[Thu May  6 11:23:19 2021]
rule countKmer2:
    input: /datater/wu/data/MSSPE-basic/zika/kmer13/intermediate/reverse2510-3011.int.kmc_pre, /datater/wu/data/MSSPE-basic/zika/kmer13/intermediate/reverse2510-3011.int.kmc_suf
    output: /datater/wu/data/MSSPE-basic/zika/kmer13/intermediate/reverse2510-3011.Kmercount.txt
    jobid: 195
    wildcards: sample=zika, kmerSize=kmer13, seg=2510-3011

[Thu May  6 11:23:20 2021]
Finished job 75.
131 of 150 steps (87%) done
Select jobs to execute...

[Thu May  6 11:23:20 2021]
rule calculateKmer_sort:
    input: /datater/wu/data/MSSPE-basic/zika/kmer13/intermediate/reverse10291-10780.Kmercount.txt
    output: /datater/wu/data/MSSPE-basic/zika/kmer13/intermediate/reverse10291-10780.Kmercount.sorted.txt
    jobid: 74
    wildcards: sample=zika, kmerSize=kmer13, seg=10291-10780

[Thu May  6 11:23:20 2021]
Finished job 74.
132 of 150 steps (88%) done
Select jobs to execute...

[Thu May  6 11:23:20 2021]
rule filtering1:
    input: /datater/wu/data/MSSPE-basic/zika/kmer13/intermediate/reverse10291-10780.Kmercount.sorted.txt
    output: /datater/wu/data/MSSPE-basic/zika/kmer13/intermediate/reverse10291-10780.Kmercount.sorted.calculated.txt
    jobid: 73
    wildcards: sample=zika, kmerSize=kmer13, seg=10291-10780

[Thu May  6 11:23:20 2021]
Finished job 195.
133 of 150 steps (89%) done
Select jobs to execute...

[Thu May  6 11:23:20 2021]
rule calculateKmer_sort:
    input: /datater/wu/data/MSSPE-basic/zika/kmer13/intermediate/reverse2510-3011.Kmercount.txt
    output: /datater/wu/data/MSSPE-basic/zika/kmer13/intermediate/reverse2510-3011.Kmercount.sorted.txt
    jobid: 194
    wildcards: sample=zika, kmerSize=kmer13, seg=2510-3011

[Thu May  6 11:23:20 2021]
Finished job 194.
134 of 150 steps (89%) done
Select jobs to execute...

[Thu May  6 11:23:20 2021]
rule filtering1:
    input: /datater/wu/data/MSSPE-basic/zika/kmer13/intermediate/reverse2510-3011.Kmercount.sorted.txt
    output: /datater/wu/data/MSSPE-basic/zika/kmer13/intermediate/reverse2510-3011.Kmercount.sorted.calculated.txt
    jobid: 193
    wildcards: sample=zika, kmerSize=kmer13, seg=2510-3011

[Thu May  6 11:23:21 2021]
Finished job 73.
135 of 150 steps (90%) done
[Thu May  6 11:23:21 2021]
Finished job 193.
136 of 150 steps (91%) done
[Thu May  6 11:23:25 2021]
Finished job 84.
137 of 150 steps (91%) done
Select jobs to execute...

[Thu May  6 11:23:25 2021]
rule countKmer2:
    input: /datater/wu/data/MSSPE-basic/zika/kmer13/intermediate/reverse9789-10290.int.kmc_pre, /datater/wu/data/MSSPE-basic/zika/kmer13/intermediate/reverse9789-10290.int.kmc_suf
    output: /datater/wu/data/MSSPE-basic/zika/kmer13/intermediate/reverse9789-10290.Kmercount.txt
    jobid: 83
    wildcards: sample=zika, kmerSize=kmer13, seg=9789-10290

[Thu May  6 11:23:26 2021]
Finished job 83.
138 of 150 steps (92%) done
Select jobs to execute...

[Thu May  6 11:23:26 2021]
rule calculateKmer_sort:
    input: /datater/wu/data/MSSPE-basic/zika/kmer13/intermediate/reverse9789-10290.Kmercount.txt
    output: /datater/wu/data/MSSPE-basic/zika/kmer13/intermediate/reverse9789-10290.Kmercount.sorted.txt
    jobid: 82
    wildcards: sample=zika, kmerSize=kmer13, seg=9789-10290

[Thu May  6 11:23:26 2021]
Finished job 82.
139 of 150 steps (93%) done
Select jobs to execute...

[Thu May  6 11:23:26 2021]
rule filtering1:
    input: /datater/wu/data/MSSPE-basic/zika/kmer13/intermediate/reverse9789-10290.Kmercount.sorted.txt
    output: /datater/wu/data/MSSPE-basic/zika/kmer13/intermediate/reverse9789-10290.Kmercount.sorted.calculated.txt
    jobid: 81
    wildcards: sample=zika, kmerSize=kmer13, seg=9789-10290

[Thu May  6 11:23:27 2021]
Finished job 81.
140 of 150 steps (93%) done
Select jobs to execute...

[Thu May  6 11:23:27 2021]
rule filtering2:
    input: /datater/wu/data/MSSPE-basic/zika/kmer13/intermediate/reverse3263-3764.Kmercount.sorted.calculated.txt, /datater/wu/data/MSSPE-basic/zika/kmer13/intermediate/reverse10542-10780.Kmercount.sorted.calculated.txt, /datater/wu/data/MSSPE-basic/zika/kmer13/intermediate/reverse1506-2007.Kmercount.sorted.calculated.txt, /datater/wu/data/MSSPE-basic/zika/kmer13/intermediate/reverse10040-10541.Kmercount.sorted.calculated.txt, /datater/wu/data/MSSPE-basic/zika/kmer13/intermediate/reverse2259-2760.Kmercount.sorted.calculated.txt, /datater/wu/data/MSSPE-basic/zika/kmer13/intermediate/reverse3514-4015.Kmercount.sorted.calculated.txt, /datater/wu/data/MSSPE-basic/zika/kmer13/intermediate/reverse1255-1756.Kmercount.sorted.calculated.txt, /datater/wu/data/MSSPE-basic/zika/kmer13/intermediate/reverse3012-3513.Kmercount.sorted.calculated.txt, /datater/wu/data/MSSPE-basic/zika/kmer13/intermediate/reverse7028-7529.Kmercount.sorted.calculated.txt, /datater/wu/data/MSSPE-basic/zika/kmer13/intermediate/reverse8785-9286.Kmercount.sorted.calculated.txt, /datater/wu/data/MSSPE-basic/zika/kmer13/intermediate/reverse5271-5772.Kmercount.sorted.calculated.txt, /datater/wu/data/MSSPE-basic/zika/kmer13/intermediate/reverse4769-5270.Kmercount.sorted.calculated.txt, /datater/wu/data/MSSPE-basic/zika/kmer13/intermediate/reverse10291-10780.Kmercount.sorted.calculated.txt, /datater/wu/data/MSSPE-basic/zika/kmer13/intermediate/reverse8032-8533.Kmercount.sorted.calculated.txt, /datater/wu/data/MSSPE-basic/zika/kmer13/intermediate/reverse9789-10290.Kmercount.sorted.calculated.txt, /datater/wu/data/MSSPE-basic/zika/kmer13/intermediate/reverse502-1003.Kmercount.sorted.calculated.txt, /datater/wu/data/MSSPE-basic/zika/kmer13/intermediate/reverse9538-10039.Kmercount.sorted.calculated.txt, /datater/wu/data/MSSPE-basic/zika/kmer13/intermediate/reverse8534-9035.Kmercount.sorted.calculated.txt, /datater/wu/data/MSSPE-basic/zika/kmer13/intermediate/reverse1757-2258.Kmercount.sorted.calculated.txt, /datater/wu/data/MSSPE-basic/zika/kmer13/intermediate/reverse9036-9537.Kmercount.sorted.calculated.txt, /datater/wu/data/MSSPE-basic/zika/kmer13/intermediate/reverse6526-7027.Kmercount.sorted.calculated.txt, /datater/wu/data/MSSPE-basic/zika/kmer13/intermediate/reverse5522-6023.Kmercount.sorted.calculated.txt, /datater/wu/data/MSSPE-basic/zika/kmer13/intermediate/reverse5773-6274.Kmercount.sorted.calculated.txt, /datater/wu/data/MSSPE-basic/zika/kmer13/intermediate/reverse1004-1505.Kmercount.sorted.calculated.txt, /datater/wu/data/MSSPE-basic/zika/kmer13/intermediate/reverse4267-4768.Kmercount.sorted.calculated.txt, /datater/wu/data/MSSPE-basic/zika/kmer13/intermediate/reverse0-501.Kmercount.sorted.calculated.txt, /datater/wu/data/MSSPE-basic/zika/kmer13/intermediate/reverse3765-4266.Kmercount.sorted.calculated.txt, /datater/wu/data/MSSPE-basic/zika/kmer13/intermediate/reverse8283-8784.Kmercount.sorted.calculated.txt, /datater/wu/data/MSSPE-basic/zika/kmer13/intermediate/reverse9287-9788.Kmercount.sorted.calculated.txt, /datater/wu/data/MSSPE-basic/zika/kmer13/intermediate/reverse6777-7278.Kmercount.sorted.calculated.txt, /datater/wu/data/MSSPE-basic/zika/kmer13/intermediate/reverse5020-5521.Kmercount.sorted.calculated.txt, /datater/wu/data/MSSPE-basic/zika/kmer13/intermediate/reverse251-752.Kmercount.sorted.calculated.txt, /datater/wu/data/MSSPE-basic/zika/kmer13/intermediate/reverse6275-6776.Kmercount.sorted.calculated.txt, /datater/wu/data/MSSPE-basic/zika/kmer13/intermediate/reverse6024-6525.Kmercount.sorted.calculated.txt, /datater/wu/data/MSSPE-basic/zika/kmer13/intermediate/reverse2008-2509.Kmercount.sorted.calculated.txt, /datater/wu/data/MSSPE-basic/zika/kmer13/intermediate/reverse7781-8282.Kmercount.sorted.calculated.txt, /datater/wu/data/MSSPE-basic/zika/kmer13/intermediate/reverse7530-8031.Kmercount.sorted.calculated.txt, /datater/wu/data/MSSPE-basic/zika/kmer13/intermediate/reverse753-1254.Kmercount.sorted.calculated.txt, /datater/wu/data/MSSPE-basic/zika/kmer13/intermediate/reverse4518-5019.Kmercount.sorted.calculated.txt, /datater/wu/data/MSSPE-basic/zika/kmer13/intermediate/reverse2761-3262.Kmercount.sorted.calculated.txt, /datater/wu/data/MSSPE-basic/zika/kmer13/intermediate/reverse7279-7780.Kmercount.sorted.calculated.txt, /datater/wu/data/MSSPE-basic/zika/kmer13/intermediate/reverse4016-4517.Kmercount.sorted.calculated.txt, /datater/wu/data/MSSPE-basic/zika/kmer13/intermediate/reverse2510-3011.Kmercount.sorted.calculated.txt
    output: /datater/wu/data/MSSPE-basic/zika/kmer13/allKmercount.sorted.calculated.txt
    jobid: 3
    wildcards: sample=zika, kmerSize=kmer13

[Thu May  6 11:23:28 2021]
Finished job 3.
141 of 150 steps (94%) done
Select jobs to execute...

[Thu May  6 11:23:28 2021]
rule filtering3:
    input: /datater/wu/data/MSSPE-basic/zika/kmer13/allKmercount.sorted.calculated.txt
    output: /datater/wu/data/MSSPE-basic/zika/kmer13/allKmerCount.sorted.calculated.filtered.txt
    jobid: 6
    wildcards: sample=zika, kmerSize=kmer13

[Thu May  6 11:23:30 2021]
Finished job 6.
142 of 150 steps (95%) done
Select jobs to execute...

[Thu May  6 11:23:30 2021]
rule specific1:
    input: /datater/wu/data/MSSPE-basic/zika/kmer13/allKmerCount.sorted.calculated.filtered.txt
    output: /datater/wu/data/MSSPE-basic/zika/kmer13/intermediate/allKmerCount.sorted.calculated.filtered.fasta
    jobid: 8
    wildcards: sample=zika, kmerSize=kmer13

[Thu May  6 11:23:31 2021]
Finished job 8.
143 of 150 steps (95%) done
Select jobs to execute...

[Thu May  6 11:23:31 2021]
rule specific3:
    input: /datater/wu/data/MSSPE-basic/zika/kmer13/intermediate/allKmerCount.sorted.calculated.filtered.fasta, /datater/wu/data/RefSeqProkaryota/RefSeqProkaryota.fna.DB.1.ebwt, /datater/wu/data/RefSeqProkaryota/RefSeqProkaryota.fna.DB.2.ebwt, /datater/wu/data/RefSeqProkaryota/RefSeqProkaryota.fna.DB.3.ebwt, /datater/wu/data/RefSeqProkaryota/RefSeqProkaryota.fna.DB.4.ebwt, /datater/wu/data/RefSeqProkaryota/RefSeqProkaryota.fna.DB.rev.1.ebwt, /datater/wu/data/RefSeqProkaryota/RefSeqProkaryota.fna.DB.rev.2.ebwt
    output: /datater/wu/data/MSSPE-basic/zika/kmer13/intermediate/allKmerCount.sorted.calculated.filtered.bowtie
    jobid: 11
    wildcards: sample=zika, kmerSize=kmer13

[Thu May  6 11:23:31 2021]
Finished job 11.
144 of 150 steps (96%) done
Select jobs to execute...

[Thu May  6 11:23:31 2021]
rule specific4:
    input: /datater/wu/data/MSSPE-basic/zika/kmer13/intermediate/allKmerCount.sorted.calculated.filtered.bowtie, /datater/wu/data/MSSPE-basic/zika/kmer13/allKmerCount.sorted.calculated.filtered.txt
    output: /datater/wu/data/MSSPE-basic/zika/kmer13/allKmerCount.sorted.calculated.filtered.spec.txt
    jobid: 13
    wildcards: sample=zika, kmerSize=kmer13

[Thu May  6 11:23:32 2021]
Finished job 13.
145 of 150 steps (97%) done
Select jobs to execute...

[Thu May  6 11:23:32 2021]
rule checkHeterodimer:
    input: /datater/wu/data/MSSPE-basic/zika/kmer13/allKmerCount.sorted.calculated.filtered.spec.txt
    output: /datater/wu/data/MSSPE-basic/zika/kmer13/allOligo.set
    jobid: 15
    wildcards: sample=zika, kmerSize=kmer13

[Thu May  6 11:23:35 2021]
Finished job 15.
146 of 150 steps (97%) done
Select jobs to execute...

[Thu May  6 11:23:35 2021]
rule evaluation3:
    input: /datater/wu/data/MSSPE-basic/zika/kmer13/allKmercount.sorted.calculated.txt, /datater/wu/data/MSSPE-basic/zika/kmer13/allKmerCount.sorted.calculated.filtered.txt, /datater/wu/data/MSSPE-basic/zika/kmer13/allKmerCount.sorted.calculated.filtered.spec.txt, /datater/wu/data/MSSPE-basic/zika/kmer13/allOligo.set
    output: /datater/wu/data/MSSPE-basic/zika/kmer13/evaluation/allOligo_before.tsv, /datater/wu/data/MSSPE-basic/zika/kmer13/evaluation/allOligo_after1.tsv, /datater/wu/data/MSSPE-basic/zika/kmer13/evaluation/allOligo_after2.tsv, /datater/wu/data/MSSPE-basic/zika/kmer13/evaluation/allOligo_after3.tsv
    jobid: 21
    wildcards: sample=zika, kmerSize=kmer13

[Thu May  6 11:23:36 2021]
Finished job 21.
147 of 150 steps (98%) done
[Thu May  6 11:26:12 2021]
Finished job 17.
148 of 150 steps (99%) done
Select jobs to execute...

[Thu May  6 11:26:12 2021]
rule evaluation2:
    input: /datater/wu/data/MSSPE-basic/zika/kmer13/allOligo.set, /datater/wu/data/MSSPE-basic/zika/kmer13/intermediate/aceID-taxID-species.tsv
    output: /datater/wu/data/MSSPE-basic/zika/kmer13/evaluation/allOligo.set.coverage
    jobid: 19
    wildcards: sample=zika, kmerSize=kmer13

[Thu May  6 11:26:13 2021]
Finished job 19.
149 of 150 steps (99%) done
Select jobs to execute...

[Thu May  6 11:26:13 2021]
localrule all:
    input: /datater/wu/data/MSSPE-basic/zika/zika.uniq, /datater/wu/data/MSSPE-basic/zika/zika.msa, /datater/wu/data/MSSPE-basic/zika/kmer13/allKmercount.sorted.calculated.txt, /datater/wu/data/MSSPE-basic/zika/kmer15/allKmercount.sorted.calculated.txt, /datater/wu/data/MSSPE-basic/zika/kmer13/allKmerCount.sorted.calculated.filtered.txt, /datater/wu/data/MSSPE-basic/zika/kmer15/allKmerCount.sorted.calculated.filtered.txt, /datater/wu/data/MSSPE-basic/zika/kmer13/intermediate/allKmerCount.sorted.calculated.filtered.fasta, /datater/wu/data/MSSPE-basic/zika/kmer15/intermediate/allKmerCount.sorted.calculated.filtered.fasta, /datater/wu/data/RefSeqProkaryota/RefSeqProkaryota.fna.DB.1.ebwt, /datater/wu/data/RefSeqProkaryota/RefSeqProkaryota.fna.DB.2.ebwt, /datater/wu/data/RefSeqProkaryota/RefSeqProkaryota.fna.DB.3.ebwt, /datater/wu/data/RefSeqProkaryota/RefSeqProkaryota.fna.DB.4.ebwt, /datater/wu/data/RefSeqProkaryota/RefSeqProkaryota.fna.DB.rev.1.ebwt, /datater/wu/data/RefSeqProkaryota/RefSeqProkaryota.fna.DB.rev.2.ebwt, /datater/wu/data/MSSPE-basic/zika/kmer13/intermediate/allKmerCount.sorted.calculated.filtered.bowtie, /datater/wu/data/MSSPE-basic/zika/kmer15/intermediate/allKmerCount.sorted.calculated.filtered.bowtie, /datater/wu/data/MSSPE-basic/zika/kmer13/allKmerCount.sorted.calculated.filtered.spec.txt, /datater/wu/data/MSSPE-basic/zika/kmer15/allKmerCount.sorted.calculated.filtered.spec.txt, /datater/wu/data/MSSPE-basic/zika/kmer13/allOligo.set, /datater/wu/data/MSSPE-basic/zika/kmer15/allOligo.set, /datater/wu/data/MSSPE-basic/zika/kmer13/intermediate/aceID-taxID-species.tsv, /datater/wu/data/MSSPE-basic/zika/kmer15/intermediate/aceID-taxID-species.tsv, /datater/wu/data/MSSPE-basic/zika/kmer13/evaluation/allOligo.set.coverage, /datater/wu/data/MSSPE-basic/zika/kmer15/evaluation/allOligo.set.coverage, /datater/wu/data/MSSPE-basic/zika/kmer13/evaluation/allOligo_before.tsv, /datater/wu/data/MSSPE-basic/zika/kmer15/evaluation/allOligo_before.tsv, /datater/wu/data/MSSPE-basic/zika/kmer13/evaluation/allOligo_after1.tsv, /datater/wu/data/MSSPE-basic/zika/kmer15/evaluation/allOligo_after1.tsv, /datater/wu/data/MSSPE-basic/zika/kmer13/evaluation/allOligo_after2.tsv, /datater/wu/data/MSSPE-basic/zika/kmer15/evaluation/allOligo_after2.tsv, /datater/wu/data/MSSPE-basic/zika/kmer13/evaluation/allOligo_after3.tsv, /datater/wu/data/MSSPE-basic/zika/kmer15/evaluation/allOligo_after3.tsv
    jobid: 0

[Thu May  6 11:26:13 2021]
Finished job 0.
150 of 150 steps (100%) done
Complete log: /datater/wu/MSSPE/.snakemake/log/2021-05-06T112154.284891.snakemake.log
