Building DAG of jobs...
Using shell: /bin/bash
Provided cores: 12
Rules claiming more threads will be scaled down.
Conda environments: ignored
Job counts:
	count	jobs
	1	aggregate_allReverseOligo
	1	all
	1	allToFasta
	37	reverse_add_LC
	1	reverse_filtering
	37	reverse_linguistic_complexity
	37	reverse_parameters
	37	reverse_toFasta
	152
Select jobs to execute...

[Fri Mar 12 17:05:25 2021]
rule reverse_parameters:
    input: /datater/wu/data/enterovirus/dsk/reverse5588-6092.kCountSorted
    output: /datater/wu/data/enterovirus/filtering/reverse5588-6092.calculated
    jobid: 95
    wildcards: sample=enterovirus, seg=5588-6092

[Fri Mar 12 17:05:25 2021]
rule reverse_parameters:
    input: /datater/wu/data/enterovirus/dsk/reverse4826-5330.kCountSorted
    output: /datater/wu/data/enterovirus/filtering/reverse4826-5330.calculated
    jobid: 191
    wildcards: sample=enterovirus, seg=4826-5330

[Fri Mar 12 17:05:25 2021]
rule reverse_parameters:
    input: /datater/wu/data/enterovirus/dsk/reverse5334-5838.kCountSorted
    output: /datater/wu/data/enterovirus/filtering/reverse5334-5838.calculated
    jobid: 199
    wildcards: sample=enterovirus, seg=5334-5838

[Fri Mar 12 17:05:25 2021]
rule reverse_parameters:
    input: /datater/wu/data/enterovirus/dsk/reverse7620-8124.kCountSorted
    output: /datater/wu/data/enterovirus/filtering/reverse7620-8124.calculated
    jobid: 71
    wildcards: sample=enterovirus, seg=7620-8124

[Fri Mar 12 17:05:25 2021]
rule reverse_parameters:
    input: /datater/wu/data/enterovirus/dsk/reverse4064-4568.kCountSorted
    output: /datater/wu/data/enterovirus/filtering/reverse4064-4568.calculated
    jobid: 295
    wildcards: sample=enterovirus, seg=4064-4568

[Fri Mar 12 17:05:25 2021]
rule reverse_parameters:
    input: /datater/wu/data/enterovirus/dsk/reverse8636-9140.kCountSorted
    output: /datater/wu/data/enterovirus/filtering/reverse8636-9140.calculated
    jobid: 303
    wildcards: sample=enterovirus, seg=8636-9140

[Fri Mar 12 17:05:25 2021]
rule reverse_parameters:
    input: /datater/wu/data/enterovirus/dsk/reverse8890-9394.kCountSorted
    output: /datater/wu/data/enterovirus/filtering/reverse8890-9394.calculated
    jobid: 79
    wildcards: sample=enterovirus, seg=8890-9394

[Fri Mar 12 17:05:25 2021]
rule reverse_parameters:
    input: /datater/wu/data/enterovirus/dsk/reverse3302-3806.kCountSorted
    output: /datater/wu/data/enterovirus/filtering/reverse3302-3806.calculated
    jobid: 183
    wildcards: sample=enterovirus, seg=3302-3806

[Fri Mar 12 17:05:25 2021]
rule reverse_parameters:
    input: /datater/wu/data/enterovirus/dsk/reverse6350-6854.kCountSorted
    output: /datater/wu/data/enterovirus/filtering/reverse6350-6854.calculated
    jobid: 287
    wildcards: sample=enterovirus, seg=6350-6854

[Fri Mar 12 17:05:25 2021]
rule reverse_parameters:
    input: /datater/wu/data/enterovirus/dsk/reverse8128-8632.kCountSorted
    output: /datater/wu/data/enterovirus/filtering/reverse8128-8632.calculated
    jobid: 63
    wildcards: sample=enterovirus, seg=8128-8632

[Fri Mar 12 17:05:25 2021]
rule reverse_parameters:
    input: /datater/wu/data/enterovirus/dsk/reverse0-504.kCountSorted
    output: /datater/wu/data/enterovirus/filtering/reverse0-504.calculated
    jobid: 279
    wildcards: sample=enterovirus, seg=0-504

[Fri Mar 12 17:05:25 2021]
rule reverse_parameters:
    input: /datater/wu/data/enterovirus/dsk/reverse1016-1520.kCountSorted
    output: /datater/wu/data/enterovirus/filtering/reverse1016-1520.calculated
    jobid: 207
    wildcards: sample=enterovirus, seg=1016-1520

[Fri Mar 12 17:05:26 2021]
Finished job 79.
1 of 152 steps (0.66%) done
Select jobs to execute...
[Fri Mar 12 17:05:26 2021]
Finished job 303.
2 of 152 steps (1%) done
[Fri Mar 12 17:05:26 2021]
Finished job 63.
3 of 152 steps (2%) done

[Fri Mar 12 17:05:26 2021]
rule reverse_parameters:
    input: /datater/wu/data/enterovirus/dsk/reverse4318-4822.kCountSorted
    output: /datater/wu/data/enterovirus/filtering/reverse4318-4822.calculated
    jobid: 223
    wildcards: sample=enterovirus, seg=4318-4822

Select jobs to execute...

[Fri Mar 12 17:05:26 2021]
rule reverse_parameters:
    input: /datater/wu/data/enterovirus/dsk/reverse7366-7870.kCountSorted
    output: /datater/wu/data/enterovirus/filtering/reverse7366-7870.calculated
    jobid: 255
    wildcards: sample=enterovirus, seg=7366-7870

[Fri Mar 12 17:05:26 2021]
rule reverse_parameters:
    input: /datater/wu/data/enterovirus/dsk/reverse1778-2282.kCountSorted
    output: /datater/wu/data/enterovirus/filtering/reverse1778-2282.calculated
    jobid: 39
    wildcards: sample=enterovirus, seg=1778-2282

Select jobs to execute...
[Fri Mar 12 17:05:26 2021]
Finished job 295.
4 of 152 steps (3%) done
Select jobs to execute...

[Fri Mar 12 17:05:26 2021]
rule reverse_parameters:
    input: /datater/wu/data/enterovirus/dsk/reverse2286-2790.kCountSorted
    output: /datater/wu/data/enterovirus/filtering/reverse2286-2790.calculated
    jobid: 215
    wildcards: sample=enterovirus, seg=2286-2790

[Fri Mar 12 17:05:27 2021]
Finished job 279.
5 of 152 steps (3%) done
Select jobs to execute...

[Fri Mar 12 17:05:27 2021]
rule reverse_parameters:
    input: /datater/wu/data/enterovirus/dsk/reverse8382-8886.kCountSorted
    output: /datater/wu/data/enterovirus/filtering/reverse8382-8886.calculated
    jobid: 119
    wildcards: sample=enterovirus, seg=8382-8886

[Fri Mar 12 17:05:27 2021]
Finished job 207.
6 of 152 steps (4%) done
Select jobs to execute...

[Fri Mar 12 17:05:27 2021]
rule reverse_parameters:
    input: /datater/wu/data/enterovirus/dsk/reverse762-1266.kCountSorted
    output: /datater/wu/data/enterovirus/filtering/reverse762-1266.calculated
    jobid: 239
    wildcards: sample=enterovirus, seg=762-1266

[Fri Mar 12 17:05:27 2021]
Finished job 191.
7 of 152 steps (5%) done
[Fri Mar 12 17:05:27 2021]
Finished job 199.
8 of 152 steps (5%) done
Select jobs to execute...

[Fri Mar 12 17:05:27 2021]
rule reverse_parameters:
    input: /datater/wu/data/enterovirus/dsk/reverse3810-4314.kCountSorted
    output: /datater/wu/data/enterovirus/filtering/reverse3810-4314.calculated
    jobid: 271
    wildcards: sample=enterovirus, seg=3810-4314

[Fri Mar 12 17:05:27 2021]
rule reverse_toFasta:
    input: /datater/wu/data/enterovirus/filtering/reverse5334-5838.calculated
    output: /datater/wu/data/enterovirus/filtering/reverse5334-5838.fa
    jobid: 198
    wildcards: sample=enterovirus, seg=5334-5838

Select jobs to execute...
[Fri Mar 12 17:05:27 2021]
Finished job 287.
9 of 152 steps (6%) done
[Fri Mar 12 17:05:27 2021]
Finished job 95.
10 of 152 steps (7%) done
Select jobs to execute...

[Fri Mar 12 17:05:27 2021]
rule reverse_parameters:
    input: /datater/wu/data/enterovirus/dsk/reverse6096-6600.kCountSorted
    output: /datater/wu/data/enterovirus/filtering/reverse6096-6600.calculated
    jobid: 167
    wildcards: sample=enterovirus, seg=6096-6600

[Fri Mar 12 17:05:27 2021]
rule reverse_toFasta:
    input: /datater/wu/data/enterovirus/filtering/reverse6350-6854.calculated
    output: /datater/wu/data/enterovirus/filtering/reverse6350-6854.fa
    jobid: 286
    wildcards: sample=enterovirus, seg=6350-6854

Select jobs to execute...
[Fri Mar 12 17:05:27 2021]
Finished job 71.
11 of 152 steps (7%) done
Select jobs to execute...

[Fri Mar 12 17:05:27 2021]
rule reverse_parameters:
    input: /datater/wu/data/enterovirus/dsk/reverse2032-2536.kCountSorted
    output: /datater/wu/data/enterovirus/filtering/reverse2032-2536.calculated
    jobid: 111
    wildcards: sample=enterovirus, seg=2032-2536

[Fri Mar 12 17:05:27 2021]
Finished job 183.
12 of 152 steps (8%) done
Select jobs to execute...

[Fri Mar 12 17:05:27 2021]
rule reverse_parameters:
    input: /datater/wu/data/enterovirus/dsk/reverse5080-5584.kCountSorted
    output: /datater/wu/data/enterovirus/filtering/reverse5080-5584.calculated
    jobid: 231
    wildcards: sample=enterovirus, seg=5080-5584

[Fri Mar 12 17:05:27 2021]
Finished job 39.
13 of 152 steps (9%) done
Select jobs to execute...

[Fri Mar 12 17:05:27 2021]
rule reverse_toFasta:
    input: /datater/wu/data/enterovirus/filtering/reverse1778-2282.calculated
    output: /datater/wu/data/enterovirus/filtering/reverse1778-2282.fa
    jobid: 38
    wildcards: sample=enterovirus, seg=1778-2282

[Fri Mar 12 17:05:27 2021]
Finished job 119.
14 of 152 steps (9%) done
Select jobs to execute...

[Fri Mar 12 17:05:27 2021]
rule reverse_parameters:
    input: /datater/wu/data/enterovirus/dsk/reverse3048-3552.kCountSorted
    output: /datater/wu/data/enterovirus/filtering/reverse3048-3552.calculated
    jobid: 247
    wildcards: sample=enterovirus, seg=3048-3552

[Fri Mar 12 17:05:28 2021]
Finished job 198.
15 of 152 steps (10%) done
Select jobs to execute...

[Fri Mar 12 17:05:28 2021]
rule reverse_linguistic_complexity:
    input: /datater/wu/data/enterovirus/filtering/reverse5334-5838.fa
    output: /datater/wu/data/enterovirus/filtering/reverse5334-5838.nessieOut
    jobid: 197
    wildcards: sample=enterovirus, seg=5334-5838

[Fri Mar 12 17:05:28 2021]
Finished job 286.
16 of 152 steps (11%) done
Select jobs to execute...

[Fri Mar 12 17:05:28 2021]
rule reverse_parameters:
    input: /datater/wu/data/enterovirus/dsk/reverse5842-6346.kCountSorted
    output: /datater/wu/data/enterovirus/filtering/reverse5842-6346.calculated
    jobid: 103
    wildcards: sample=enterovirus, seg=5842-6346

[Fri Mar 12 17:05:28 2021]
Finished job 197.
17 of 152 steps (11%) done
Select jobs to execute...
[Fri Mar 12 17:05:28 2021]
Finished job 255.
18 of 152 steps (12%) done

[Fri Mar 12 17:05:28 2021]
rule reverse_parameters:
    input: /datater/wu/data/enterovirus/dsk/reverse7874-8378.kCountSorted
    output: /datater/wu/data/enterovirus/filtering/reverse7874-8378.calculated
    jobid: 127
    wildcards: sample=enterovirus, seg=7874-8378

Select jobs to execute...
[Fri Mar 12 17:05:28 2021]
Finished job 223.
19 of 152 steps (12%) done

[Fri Mar 12 17:05:28 2021]
rule reverse_parameters:
    input: /datater/wu/data/enterovirus/dsk/reverse9144-9382.kCountSorted
    output: /datater/wu/data/enterovirus/filtering/reverse9144-9382.calculated
    jobid: 135
    wildcards: sample=enterovirus, seg=9144-9382

Select jobs to execute...

[Fri Mar 12 17:05:28 2021]
rule reverse_toFasta:
    input: /datater/wu/data/enterovirus/filtering/reverse0-504.calculated
    output: /datater/wu/data/enterovirus/filtering/reverse0-504.fa
    jobid: 278
    wildcards: sample=enterovirus, seg=0-504

[Fri Mar 12 17:05:28 2021]
Finished job 215.
20 of 152 steps (13%) done
Select jobs to execute...
[Fri Mar 12 17:05:28 2021]
Finished job 38.
21 of 152 steps (14%) done

[Fri Mar 12 17:05:28 2021]
rule reverse_toFasta:
    input: /datater/wu/data/enterovirus/filtering/reverse3302-3806.calculated
    output: /datater/wu/data/enterovirus/filtering/reverse3302-3806.fa
    jobid: 182
    wildcards: sample=enterovirus, seg=3302-3806

Select jobs to execute...

[Fri Mar 12 17:05:28 2021]
rule reverse_parameters:
    input: /datater/wu/data/enterovirus/dsk/reverse7112-7616.kCountSorted
    output: /datater/wu/data/enterovirus/filtering/reverse7112-7616.calculated
    jobid: 15
    wildcards: sample=enterovirus, seg=7112-7616

[Fri Mar 12 17:05:28 2021]
Finished job 111.
22 of 152 steps (14%) done
Select jobs to execute...

[Fri Mar 12 17:05:28 2021]
rule reverse_toFasta:
    input: /datater/wu/data/enterovirus/filtering/reverse8128-8632.calculated
    output: /datater/wu/data/enterovirus/filtering/reverse8128-8632.fa
    jobid: 62
    wildcards: sample=enterovirus, seg=8128-8632

[Fri Mar 12 17:05:28 2021]
Finished job 239.
23 of 152 steps (15%) done
Select jobs to execute...

[Fri Mar 12 17:05:28 2021]
rule reverse_parameters:
    input: /datater/wu/data/enterovirus/dsk/reverse508-1012.kCountSorted
    output: /datater/wu/data/enterovirus/filtering/reverse508-1012.calculated
    jobid: 143
    wildcards: sample=enterovirus, seg=508-1012

[Fri Mar 12 17:05:28 2021]
Finished job 167.
24 of 152 steps (16%) done
Select jobs to execute...

[Fri Mar 12 17:05:28 2021]
rule reverse_toFasta:
    input: /datater/wu/data/enterovirus/filtering/reverse6096-6600.calculated
    output: /datater/wu/data/enterovirus/filtering/reverse6096-6600.fa
    jobid: 166
    wildcards: sample=enterovirus, seg=6096-6600

[Fri Mar 12 17:05:28 2021]
Finished job 271.
25 of 152 steps (16%) done
Select jobs to execute...

[Fri Mar 12 17:05:28 2021]
rule reverse_toFasta:
    input: /datater/wu/data/enterovirus/filtering/reverse3810-4314.calculated
    output: /datater/wu/data/enterovirus/filtering/reverse3810-4314.fa
    jobid: 270
    wildcards: sample=enterovirus, seg=3810-4314

[Fri Mar 12 17:05:28 2021]
Finished job 231.
26 of 152 steps (17%) done
Select jobs to execute...

[Fri Mar 12 17:05:28 2021]
rule reverse_parameters:
    input: /datater/wu/data/enterovirus/dsk/reverse2794-3298.kCountSorted
    output: /datater/wu/data/enterovirus/filtering/reverse2794-3298.calculated
    jobid: 31
    wildcards: sample=enterovirus, seg=2794-3298

[Fri Mar 12 17:05:28 2021]
Finished job 278.
27 of 152 steps (18%) done
Select jobs to execute...

[Fri Mar 12 17:05:29 2021]
rule reverse_linguistic_complexity:
    input: /datater/wu/data/enterovirus/filtering/reverse0-504.fa
    output: /datater/wu/data/enterovirus/filtering/reverse0-504.nessieOut
    jobid: 277
    wildcards: sample=enterovirus, seg=0-504

[Fri Mar 12 17:05:29 2021]
Finished job 277.
28 of 152 steps (18%) done
[Fri Mar 12 17:05:29 2021]
Finished job 135.
29 of 152 steps (19%) done
Select jobs to execute...

[Fri Mar 12 17:05:29 2021]
rule reverse_toFasta:
    input: /datater/wu/data/enterovirus/filtering/reverse8382-8886.calculated
    output: /datater/wu/data/enterovirus/filtering/reverse8382-8886.fa
    jobid: 118
    wildcards: sample=enterovirus, seg=8382-8886

[Fri Mar 12 17:05:29 2021]
rule reverse_parameters:
    input: /datater/wu/data/enterovirus/dsk/reverse1270-1774.kCountSorted
    output: /datater/wu/data/enterovirus/filtering/reverse1270-1774.calculated
    jobid: 159
    wildcards: sample=enterovirus, seg=1270-1774

Select jobs to execute...
[Fri Mar 12 17:05:29 2021]
Finished job 247.
30 of 152 steps (20%) done
Select jobs to execute...

[Fri Mar 12 17:05:29 2021]
rule reverse_parameters:
    input: /datater/wu/data/enterovirus/dsk/reverse1524-2028.kCountSorted
    output: /datater/wu/data/enterovirus/filtering/reverse1524-2028.calculated
    jobid: 151
    wildcards: sample=enterovirus, seg=1524-2028

[Fri Mar 12 17:05:29 2021]
Finished job 182.
31 of 152 steps (20%) done
Select jobs to execute...

[Fri Mar 12 17:05:29 2021]
rule reverse_linguistic_complexity:
    input: /datater/wu/data/enterovirus/filtering/reverse6350-6854.fa
    output: /datater/wu/data/enterovirus/filtering/reverse6350-6854.nessieOut
    jobid: 285
    wildcards: sample=enterovirus, seg=6350-6854

[Fri Mar 12 17:05:29 2021]
Finished job 62.
32 of 152 steps (21%) done
Select jobs to execute...

[Fri Mar 12 17:05:29 2021]
rule reverse_linguistic_complexity:
    input: /datater/wu/data/enterovirus/filtering/reverse3302-3806.fa
    output: /datater/wu/data/enterovirus/filtering/reverse3302-3806.nessieOut
    jobid: 181
    wildcards: sample=enterovirus, seg=3302-3806

[Fri Mar 12 17:05:29 2021]
Finished job 166.
33 of 152 steps (22%) done
Select jobs to execute...

[Fri Mar 12 17:05:29 2021]
rule reverse_toFasta:
    input: /datater/wu/data/enterovirus/filtering/reverse8890-9394.calculated
    output: /datater/wu/data/enterovirus/filtering/reverse8890-9394.fa
    jobid: 78
    wildcards: sample=enterovirus, seg=8890-9394

[Fri Mar 12 17:05:29 2021]
Finished job 143.
34 of 152 steps (22%) done
Select jobs to execute...
[Fri Mar 12 17:05:29 2021]
Finished job 270.
35 of 152 steps (23%) done
[Fri Mar 12 17:05:29 2021]
Finished job 285.
36 of 152 steps (24%) done

[Fri Mar 12 17:05:29 2021]
rule reverse_toFasta:
    input: /datater/wu/data/enterovirus/filtering/reverse508-1012.calculated
    output: /datater/wu/data/enterovirus/filtering/reverse508-1012.fa
    jobid: 142
    wildcards: sample=enterovirus, seg=508-1012

Select jobs to execute...

[Fri Mar 12 17:05:29 2021]
rule reverse_toFasta:
    input: /datater/wu/data/enterovirus/filtering/reverse3048-3552.calculated
    output: /datater/wu/data/enterovirus/filtering/reverse3048-3552.fa
    jobid: 246
    wildcards: sample=enterovirus, seg=3048-3552

[Fri Mar 12 17:05:29 2021]
rule reverse_toFasta:
    input: /datater/wu/data/enterovirus/filtering/reverse1016-1520.calculated
    output: /datater/wu/data/enterovirus/filtering/reverse1016-1520.fa
    jobid: 206
    wildcards: sample=enterovirus, seg=1016-1520

Select jobs to execute...
[Fri Mar 12 17:05:29 2021]
Finished job 127.
37 of 152 steps (24%) done
Select jobs to execute...

[Fri Mar 12 17:05:29 2021]
rule reverse_linguistic_complexity:
    input: /datater/wu/data/enterovirus/filtering/reverse8128-8632.fa
    output: /datater/wu/data/enterovirus/filtering/reverse8128-8632.nessieOut
    jobid: 61
    wildcards: sample=enterovirus, seg=8128-8632

[Fri Mar 12 17:05:29 2021]
Finished job 61.
38 of 152 steps (25%) done
Select jobs to execute...
[Fri Mar 12 17:05:29 2021]
Finished job 103.
39 of 152 steps (26%) done
[Fri Mar 12 17:05:29 2021]
Finished job 181.
40 of 152 steps (26%) done

[Fri Mar 12 17:05:29 2021]
rule reverse_toFasta:
    input: /datater/wu/data/enterovirus/filtering/reverse8636-9140.calculated
    output: /datater/wu/data/enterovirus/filtering/reverse8636-9140.fa
    jobid: 302
    wildcards: sample=enterovirus, seg=8636-9140

Select jobs to execute...

[Fri Mar 12 17:05:29 2021]
rule reverse_add_LC:
    input: /datater/wu/data/enterovirus/filtering/reverse8128-8632.nessieOut, /datater/wu/data/enterovirus/filtering/reverse8128-8632.fa
    output: /datater/wu/data/enterovirus/filtering/reverse8128-8632.calculated2
    jobid: 60
    wildcards: sample=enterovirus, seg=8128-8632

[Fri Mar 12 17:05:29 2021]
rule reverse_add_LC:
    input: /datater/wu/data/enterovirus/filtering/reverse0-504.nessieOut, /datater/wu/data/enterovirus/filtering/reverse0-504.fa
    output: /datater/wu/data/enterovirus/filtering/reverse0-504.calculated2
    jobid: 276
    wildcards: sample=enterovirus, seg=0-504

Select jobs to execute...
[Fri Mar 12 17:05:29 2021]
Finished job 15.
41 of 152 steps (27%) done
Select jobs to execute...

[Fri Mar 12 17:05:29 2021]
rule reverse_toFasta:
    input: /datater/wu/data/enterovirus/filtering/reverse7112-7616.calculated
    output: /datater/wu/data/enterovirus/filtering/reverse7112-7616.fa
    jobid: 14
    wildcards: sample=enterovirus, seg=7112-7616

[Fri Mar 12 17:05:29 2021]
Finished job 118.
42 of 152 steps (28%) done
Select jobs to execute...

[Fri Mar 12 17:05:29 2021]
rule reverse_toFasta:
    input: /datater/wu/data/enterovirus/filtering/reverse4064-4568.calculated
    output: /datater/wu/data/enterovirus/filtering/reverse4064-4568.fa
    jobid: 294
    wildcards: sample=enterovirus, seg=4064-4568

[Fri Mar 12 17:05:30 2021]
Finished job 78.
43 of 152 steps (28%) done
Select jobs to execute...

[Fri Mar 12 17:05:30 2021]
rule reverse_linguistic_complexity:
    input: /datater/wu/data/enterovirus/filtering/reverse8890-9394.fa
    output: /datater/wu/data/enterovirus/filtering/reverse8890-9394.nessieOut
    jobid: 77
    wildcards: sample=enterovirus, seg=8890-9394

[Fri Mar 12 17:05:30 2021]
Finished job 77.
44 of 152 steps (29%) done
Select jobs to execute...

[Fri Mar 12 17:05:30 2021]
rule reverse_toFasta:
    input: /datater/wu/data/enterovirus/filtering/reverse4826-5330.calculated
    output: /datater/wu/data/enterovirus/filtering/reverse4826-5330.fa
    jobid: 190
    wildcards: sample=enterovirus, seg=4826-5330

[Fri Mar 12 17:05:30 2021]
Finished job 142.
45 of 152 steps (30%) done
Select jobs to execute...
[Fri Mar 12 17:05:30 2021]
Finished job 31.
46 of 152 steps (30%) done
[Fri Mar 12 17:05:30 2021]
Finished job 151.
47 of 152 steps (31%) done

[Fri Mar 12 17:05:30 2021]
rule reverse_parameters:
    input: /datater/wu/data/enterovirus/dsk/reverse6604-7108.kCountSorted
    output: /datater/wu/data/enterovirus/filtering/reverse6604-7108.calculated
    jobid: 23
    wildcards: sample=enterovirus, seg=6604-7108

Select jobs to execute...

[Fri Mar 12 17:05:30 2021]
rule reverse_add_LC:
    input: /datater/wu/data/enterovirus/filtering/reverse3302-3806.nessieOut, /datater/wu/data/enterovirus/filtering/reverse3302-3806.fa
    output: /datater/wu/data/enterovirus/filtering/reverse3302-3806.calculated2
    jobid: 180
    wildcards: sample=enterovirus, seg=3302-3806

[Fri Mar 12 17:05:30 2021]
rule reverse_parameters:
    input: /datater/wu/data/enterovirus/dsk/reverse6858-7362.kCountSorted
    output: /datater/wu/data/enterovirus/filtering/reverse6858-7362.calculated
    jobid: 175
    wildcards: sample=enterovirus, seg=6858-7362

Select jobs to execute...
[Fri Mar 12 17:05:30 2021]
Finished job 246.
48 of 152 steps (32%) done

[Fri Mar 12 17:05:30 2021]
rule reverse_toFasta:
    input: /datater/wu/data/enterovirus/filtering/reverse1524-2028.calculated
    output: /datater/wu/data/enterovirus/filtering/reverse1524-2028.fa
    jobid: 150
    wildcards: sample=enterovirus, seg=1524-2028

Select jobs to execute...
[Fri Mar 12 17:05:30 2021]
Finished job 302.
49 of 152 steps (32%) done
Select jobs to execute...
[Fri Mar 12 17:05:30 2021]
Finished job 206.
50 of 152 steps (33%) done

[Fri Mar 12 17:05:30 2021]
rule reverse_linguistic_complexity:
    input: /datater/wu/data/enterovirus/filtering/reverse3810-4314.fa
    output: /datater/wu/data/enterovirus/filtering/reverse3810-4314.nessieOut
    jobid: 269
    wildcards: sample=enterovirus, seg=3810-4314

Select jobs to execute...
[Fri Mar 12 17:05:30 2021]
Finished job 159.
51 of 152 steps (34%) done
[Fri Mar 12 17:05:30 2021]
Finished job 60.
52 of 152 steps (34%) done

[Fri Mar 12 17:05:30 2021]
rule reverse_linguistic_complexity:
    input: /datater/wu/data/enterovirus/filtering/reverse8636-9140.fa
    output: /datater/wu/data/enterovirus/filtering/reverse8636-9140.nessieOut
    jobid: 301
    wildcards: sample=enterovirus, seg=8636-9140

Select jobs to execute...
[Fri Mar 12 17:05:30 2021]
Finished job 301.
53 of 152 steps (35%) done

[Fri Mar 12 17:05:30 2021]
rule reverse_parameters:
    input: /datater/wu/data/enterovirus/dsk/reverse254-758.kCountSorted
    output: /datater/wu/data/enterovirus/filtering/reverse254-758.calculated
    jobid: 87
    wildcards: sample=enterovirus, seg=254-758

[Fri Mar 12 17:05:30 2021]
rule reverse_linguistic_complexity:
    input: /datater/wu/data/enterovirus/filtering/reverse3048-3552.fa
    output: /datater/wu/data/enterovirus/filtering/reverse3048-3552.nessieOut
    jobid: 245
    wildcards: sample=enterovirus, seg=3048-3552

Select jobs to execute...
[Fri Mar 12 17:05:30 2021]
Finished job 14.
54 of 152 steps (36%) done

[Fri Mar 12 17:05:30 2021]
rule reverse_toFasta:
    input: /datater/wu/data/enterovirus/filtering/reverse1270-1774.calculated
    output: /datater/wu/data/enterovirus/filtering/reverse1270-1774.fa
    jobid: 158
    wildcards: sample=enterovirus, seg=1270-1774

Select jobs to execute...

[Fri Mar 12 17:05:30 2021]
rule reverse_linguistic_complexity:
    input: /datater/wu/data/enterovirus/filtering/reverse1016-1520.fa
    output: /datater/wu/data/enterovirus/filtering/reverse1016-1520.nessieOut
    jobid: 205
    wildcards: sample=enterovirus, seg=1016-1520

Select jobs to execute...
[Fri Mar 12 17:05:30 2021]
Finished job 276.
55 of 152 steps (36%) done
Select jobs to execute...
[Fri Mar 12 17:05:30 2021]
Finished job 269.
56 of 152 steps (37%) done
[Fri Mar 12 17:05:30 2021]
Finished job 294.
57 of 152 steps (38%) done

[Fri Mar 12 17:05:30 2021]
rule reverse_toFasta:
    input: /datater/wu/data/enterovirus/filtering/reverse7620-8124.calculated
    output: /datater/wu/data/enterovirus/filtering/reverse7620-8124.fa
    jobid: 70
    wildcards: sample=enterovirus, seg=7620-8124

Select jobs to execute...

[Fri Mar 12 17:05:30 2021]
rule reverse_parameters:
    input: /datater/wu/data/enterovirus/dsk/reverse2540-3044.kCountSorted
    output: /datater/wu/data/enterovirus/filtering/reverse2540-3044.calculated
    jobid: 263
    wildcards: sample=enterovirus, seg=2540-3044

[Fri Mar 12 17:05:30 2021]
rule reverse_toFasta:
    input: /datater/wu/data/enterovirus/filtering/reverse4318-4822.calculated
    output: /datater/wu/data/enterovirus/filtering/reverse4318-4822.fa
    jobid: 222
    wildcards: sample=enterovirus, seg=4318-4822

Select jobs to execute...
[Fri Mar 12 17:05:30 2021]
Finished job 205.
58 of 152 steps (38%) done
Select jobs to execute...
[Fri Mar 12 17:05:30 2021]
Finished job 245.
59 of 152 steps (39%) done

[Fri Mar 12 17:05:30 2021]
rule reverse_add_LC:
    input: /datater/wu/data/enterovirus/filtering/reverse1016-1520.nessieOut, /datater/wu/data/enterovirus/filtering/reverse1016-1520.fa
    output: /datater/wu/data/enterovirus/filtering/reverse1016-1520.calculated2
    jobid: 204
    wildcards: sample=enterovirus, seg=1016-1520

Select jobs to execute...

[Fri Mar 12 17:05:30 2021]
rule reverse_linguistic_complexity:
    input: /datater/wu/data/enterovirus/filtering/reverse4064-4568.fa
    output: /datater/wu/data/enterovirus/filtering/reverse4064-4568.nessieOut
    jobid: 293
    wildcards: sample=enterovirus, seg=4064-4568

[Fri Mar 12 17:05:30 2021]
Finished job 293.
60 of 152 steps (39%) done
Select jobs to execute...

[Fri Mar 12 17:05:30 2021]
rule reverse_add_LC:
    input: /datater/wu/data/enterovirus/filtering/reverse3048-3552.nessieOut, /datater/wu/data/enterovirus/filtering/reverse3048-3552.fa
    output: /datater/wu/data/enterovirus/filtering/reverse3048-3552.calculated2
    jobid: 244
    wildcards: sample=enterovirus, seg=3048-3552

[Fri Mar 12 17:05:31 2021]
Finished job 190.
61 of 152 steps (40%) done
Select jobs to execute...

[Fri Mar 12 17:05:31 2021]
rule reverse_linguistic_complexity:
    input: /datater/wu/data/enterovirus/filtering/reverse4826-5330.fa
    output: /datater/wu/data/enterovirus/filtering/reverse4826-5330.nessieOut
    jobid: 189
    wildcards: sample=enterovirus, seg=4826-5330

[Fri Mar 12 17:05:31 2021]
Finished job 150.
62 of 152 steps (41%) done
Select jobs to execute...

[Fri Mar 12 17:05:31 2021]
rule reverse_toFasta:
    input: /datater/wu/data/enterovirus/filtering/reverse2286-2790.calculated
    output: /datater/wu/data/enterovirus/filtering/reverse2286-2790.fa
    jobid: 214
    wildcards: sample=enterovirus, seg=2286-2790

[Fri Mar 12 17:05:31 2021]
Finished job 189.
63 of 152 steps (41%) done
Select jobs to execute...

[Fri Mar 12 17:05:31 2021]
rule reverse_add_LC:
    input: /datater/wu/data/enterovirus/filtering/reverse3810-4314.nessieOut, /datater/wu/data/enterovirus/filtering/reverse3810-4314.fa
    output: /datater/wu/data/enterovirus/filtering/reverse3810-4314.calculated2
    jobid: 268
    wildcards: sample=enterovirus, seg=3810-4314

[Fri Mar 12 17:05:31 2021]
Finished job 158.
64 of 152 steps (42%) done
Select jobs to execute...

[Fri Mar 12 17:05:31 2021]
rule reverse_toFasta:
    input: /datater/wu/data/enterovirus/filtering/reverse5588-6092.calculated
    output: /datater/wu/data/enterovirus/filtering/reverse5588-6092.fa
    jobid: 94
    wildcards: sample=enterovirus, seg=5588-6092

[Fri Mar 12 17:05:31 2021]
Finished job 70.
65 of 152 steps (43%) done
Select jobs to execute...

[Fri Mar 12 17:05:31 2021]
rule reverse_linguistic_complexity:
    input: /datater/wu/data/enterovirus/filtering/reverse7620-8124.fa
    output: /datater/wu/data/enterovirus/filtering/reverse7620-8124.nessieOut
    jobid: 69
    wildcards: sample=enterovirus, seg=7620-8124

[Fri Mar 12 17:05:31 2021]
Finished job 222.
66 of 152 steps (43%) done
Select jobs to execute...

[Fri Mar 12 17:05:31 2021]
rule reverse_linguistic_complexity:
    input: /datater/wu/data/enterovirus/filtering/reverse4318-4822.fa
    output: /datater/wu/data/enterovirus/filtering/reverse4318-4822.nessieOut
    jobid: 221
    wildcards: sample=enterovirus, seg=4318-4822

[Fri Mar 12 17:05:31 2021]
Finished job 87.
67 of 152 steps (44%) done
Select jobs to execute...

[Fri Mar 12 17:05:31 2021]
rule reverse_parameters:
    input: /datater/wu/data/enterovirus/dsk/reverse4572-5076.kCountSorted
    output: /datater/wu/data/enterovirus/filtering/reverse4572-5076.calculated
    jobid: 47
    wildcards: sample=enterovirus, seg=4572-5076

[Fri Mar 12 17:05:31 2021]
Finished job 23.
68 of 152 steps (45%) done
Select jobs to execute...

[Fri Mar 12 17:05:31 2021]
rule reverse_toFasta:
    input: /datater/wu/data/enterovirus/filtering/reverse6604-7108.calculated
    output: /datater/wu/data/enterovirus/filtering/reverse6604-7108.fa
    jobid: 22
    wildcards: sample=enterovirus, seg=6604-7108

[Fri Mar 12 17:05:31 2021]
Finished job 69.
69 of 152 steps (45%) done
[Fri Mar 12 17:05:31 2021]
Finished job 221.
70 of 152 steps (46%) done
Select jobs to execute...

[Fri Mar 12 17:05:31 2021]
rule reverse_linguistic_complexity:
    input: /datater/wu/data/enterovirus/filtering/reverse1778-2282.fa
    output: /datater/wu/data/enterovirus/filtering/reverse1778-2282.nessieOut
    jobid: 37
    wildcards: sample=enterovirus, seg=1778-2282


[Fri Mar 12 17:05:31 2021]
rule reverse_toFasta:
    input: /datater/wu/data/enterovirus/filtering/reverse254-758.calculated
    output: /datater/wu/data/enterovirus/filtering/reverse254-758.fa
    jobid: 86
    wildcards: sample=enterovirus, seg=254-758

Select jobs to execute...
[Fri Mar 12 17:05:31 2021]
Finished job 175.
71 of 152 steps (47%) done
Select jobs to execute...
[Fri Mar 12 17:05:31 2021]
Finished job 37.
72 of 152 steps (47%) done
[Fri Mar 12 17:05:31 2021]
Finished job 204.
73 of 152 steps (48%) done

[Fri Mar 12 17:05:31 2021]
rule reverse_add_LC:
    input: /datater/wu/data/enterovirus/filtering/reverse4318-4822.nessieOut, /datater/wu/data/enterovirus/filtering/reverse4318-4822.fa
    output: /datater/wu/data/enterovirus/filtering/reverse4318-4822.calculated2
    jobid: 220
    wildcards: sample=enterovirus, seg=4318-4822

Select jobs to execute...

[Fri Mar 12 17:05:31 2021]
rule reverse_toFasta:
    input: /datater/wu/data/enterovirus/filtering/reverse762-1266.calculated
    output: /datater/wu/data/enterovirus/filtering/reverse762-1266.fa
    jobid: 238
    wildcards: sample=enterovirus, seg=762-1266

[Fri Mar 12 17:05:31 2021]
rule reverse_add_LC:
    input: /datater/wu/data/enterovirus/filtering/reverse1778-2282.nessieOut, /datater/wu/data/enterovirus/filtering/reverse1778-2282.fa
    output: /datater/wu/data/enterovirus/filtering/reverse1778-2282.calculated2
    jobid: 36
    wildcards: sample=enterovirus, seg=1778-2282

Select jobs to execute...
[Fri Mar 12 17:05:31 2021]
Finished job 214.
74 of 152 steps (49%) done
Select jobs to execute...
[Fri Mar 12 17:05:32 2021]
Finished job 263.
75 of 152 steps (49%) done

[Fri Mar 12 17:05:32 2021]
rule reverse_linguistic_complexity:
    input: /datater/wu/data/enterovirus/filtering/reverse2286-2790.fa
    output: /datater/wu/data/enterovirus/filtering/reverse2286-2790.nessieOut
    jobid: 213
    wildcards: sample=enterovirus, seg=2286-2790

Select jobs to execute...

[Fri Mar 12 17:05:32 2021]
rule reverse_toFasta:
    input: /datater/wu/data/enterovirus/filtering/reverse2540-3044.calculated
    output: /datater/wu/data/enterovirus/filtering/reverse2540-3044.fa
    jobid: 262
    wildcards: sample=enterovirus, seg=2540-3044

[Fri Mar 12 17:05:32 2021]
Finished job 94.
76 of 152 steps (50%) done
Select jobs to execute...
[Fri Mar 12 17:05:32 2021]
Finished job 213.
77 of 152 steps (51%) done

[Fri Mar 12 17:05:32 2021]
rule reverse_linguistic_complexity:
    input: /datater/wu/data/enterovirus/filtering/reverse5588-6092.fa
    output: /datater/wu/data/enterovirus/filtering/reverse5588-6092.nessieOut
    jobid: 93
    wildcards: sample=enterovirus, seg=5588-6092

Select jobs to execute...

[Fri Mar 12 17:05:32 2021]
rule reverse_toFasta:
    input: /datater/wu/data/enterovirus/filtering/reverse2794-3298.calculated
    output: /datater/wu/data/enterovirus/filtering/reverse2794-3298.fa
    jobid: 30
    wildcards: sample=enterovirus, seg=2794-3298

[Fri Mar 12 17:05:32 2021]
Finished job 93.
78 of 152 steps (51%) done
Select jobs to execute...

[Fri Mar 12 17:05:32 2021]
rule reverse_add_LC:
    input: /datater/wu/data/enterovirus/filtering/reverse2286-2790.nessieOut, /datater/wu/data/enterovirus/filtering/reverse2286-2790.fa
    output: /datater/wu/data/enterovirus/filtering/reverse2286-2790.calculated2
    jobid: 212
    wildcards: sample=enterovirus, seg=2286-2790

[Fri Mar 12 17:05:32 2021]
Finished job 22.
79 of 152 steps (52%) done
Select jobs to execute...

[Fri Mar 12 17:05:32 2021]
rule reverse_toFasta:
    input: /datater/wu/data/enterovirus/filtering/reverse6858-7362.calculated
    output: /datater/wu/data/enterovirus/filtering/reverse6858-7362.fa
    jobid: 174
    wildcards: sample=enterovirus, seg=6858-7362

[Fri Mar 12 17:05:32 2021]
Finished job 86.
80 of 152 steps (53%) done
Select jobs to execute...
[Fri Mar 12 17:05:32 2021]
Finished job 238.
81 of 152 steps (53%) done

[Fri Mar 12 17:05:32 2021]
rule reverse_linguistic_complexity:
    input: /datater/wu/data/enterovirus/filtering/reverse254-758.fa
    output: /datater/wu/data/enterovirus/filtering/reverse254-758.nessieOut
    jobid: 85
    wildcards: sample=enterovirus, seg=254-758

Select jobs to execute...

[Fri Mar 12 17:05:32 2021]
rule reverse_linguistic_complexity:
    input: /datater/wu/data/enterovirus/filtering/reverse762-1266.fa
    output: /datater/wu/data/enterovirus/filtering/reverse762-1266.nessieOut
    jobid: 237
    wildcards: sample=enterovirus, seg=762-1266

[Fri Mar 12 17:05:32 2021]
Finished job 36.
82 of 152 steps (54%) done
Select jobs to execute...
[Fri Mar 12 17:05:32 2021]
Finished job 85.
83 of 152 steps (55%) done

[Fri Mar 12 17:05:32 2021]
rule reverse_linguistic_complexity:
    input: /datater/wu/data/enterovirus/filtering/reverse8382-8886.fa
    output: /datater/wu/data/enterovirus/filtering/reverse8382-8886.nessieOut
    jobid: 117
    wildcards: sample=enterovirus, seg=8382-8886

Select jobs to execute...
[Fri Mar 12 17:05:32 2021]
Finished job 262.
84 of 152 steps (55%) done
[Fri Mar 12 17:05:32 2021]
Finished job 117.
85 of 152 steps (56%) done

[Fri Mar 12 17:05:32 2021]
rule reverse_add_LC:
    input: /datater/wu/data/enterovirus/filtering/reverse254-758.nessieOut, /datater/wu/data/enterovirus/filtering/reverse254-758.fa
    output: /datater/wu/data/enterovirus/filtering/reverse254-758.calculated2
    jobid: 84
    wildcards: sample=enterovirus, seg=254-758

Select jobs to execute...

[Fri Mar 12 17:05:32 2021]
rule reverse_linguistic_complexity:
    input: /datater/wu/data/enterovirus/filtering/reverse6096-6600.fa
    output: /datater/wu/data/enterovirus/filtering/reverse6096-6600.nessieOut
    jobid: 165
    wildcards: sample=enterovirus, seg=6096-6600


[Fri Mar 12 17:05:32 2021]
rule reverse_add_LC:
    input: /datater/wu/data/enterovirus/filtering/reverse6350-6854.nessieOut, /datater/wu/data/enterovirus/filtering/reverse6350-6854.fa
    output: /datater/wu/data/enterovirus/filtering/reverse6350-6854.calculated2
    jobid: 284
    wildcards: sample=enterovirus, seg=6350-6854

Select jobs to execute...
[Fri Mar 12 17:05:32 2021]
Finished job 47.
86 of 152 steps (57%) done
Select jobs to execute...

[Fri Mar 12 17:05:32 2021]
rule reverse_toFasta:
    input: /datater/wu/data/enterovirus/filtering/reverse4572-5076.calculated
    output: /datater/wu/data/enterovirus/filtering/reverse4572-5076.fa
    jobid: 46
    wildcards: sample=enterovirus, seg=4572-5076

[Fri Mar 12 17:05:32 2021]
Finished job 237.
87 of 152 steps (57%) done
Select jobs to execute...

[Fri Mar 12 17:05:32 2021]
rule reverse_add_LC:
    input: /datater/wu/data/enterovirus/filtering/reverse762-1266.nessieOut, /datater/wu/data/enterovirus/filtering/reverse762-1266.fa
    output: /datater/wu/data/enterovirus/filtering/reverse762-1266.calculated2
    jobid: 236
    wildcards: sample=enterovirus, seg=762-1266

[Fri Mar 12 17:05:33 2021]
Finished job 165.
88 of 152 steps (58%) done
Select jobs to execute...
[Fri Mar 12 17:05:33 2021]
Finished job 30.
89 of 152 steps (59%) done

[Fri Mar 12 17:05:33 2021]
rule reverse_add_LC:
    input: /datater/wu/data/enterovirus/filtering/reverse8382-8886.nessieOut, /datater/wu/data/enterovirus/filtering/reverse8382-8886.fa
    output: /datater/wu/data/enterovirus/filtering/reverse8382-8886.calculated2
    jobid: 116
    wildcards: sample=enterovirus, seg=8382-8886

Select jobs to execute...

[Fri Mar 12 17:05:33 2021]
rule reverse_toFasta:
    input: /datater/wu/data/enterovirus/filtering/reverse2032-2536.calculated
    output: /datater/wu/data/enterovirus/filtering/reverse2032-2536.fa
    jobid: 110
    wildcards: sample=enterovirus, seg=2032-2536

[Fri Mar 12 17:05:33 2021]
Finished job 180.
90 of 152 steps (59%) done
Select jobs to execute...

[Fri Mar 12 17:05:33 2021]
rule reverse_linguistic_complexity:
    input: /datater/wu/data/enterovirus/filtering/reverse508-1012.fa
    output: /datater/wu/data/enterovirus/filtering/reverse508-1012.nessieOut
    jobid: 141
    wildcards: sample=enterovirus, seg=508-1012

[Fri Mar 12 17:05:33 2021]
Finished job 141.
91 of 152 steps (60%) done
Select jobs to execute...

[Fri Mar 12 17:05:33 2021]
rule reverse_add_LC:
    input: /datater/wu/data/enterovirus/filtering/reverse508-1012.nessieOut, /datater/wu/data/enterovirus/filtering/reverse508-1012.fa
    output: /datater/wu/data/enterovirus/filtering/reverse508-1012.calculated2
    jobid: 140
    wildcards: sample=enterovirus, seg=508-1012

[Fri Mar 12 17:05:33 2021]
Finished job 268.
92 of 152 steps (61%) done
Select jobs to execute...

[Fri Mar 12 17:05:33 2021]
rule reverse_linguistic_complexity:
    input: /datater/wu/data/enterovirus/filtering/reverse6604-7108.fa
    output: /datater/wu/data/enterovirus/filtering/reverse6604-7108.nessieOut
    jobid: 21
    wildcards: sample=enterovirus, seg=6604-7108

[Fri Mar 12 17:05:33 2021]
Finished job 174.
93 of 152 steps (61%) done
Select jobs to execute...

[Fri Mar 12 17:05:33 2021]
rule reverse_linguistic_complexity:
    input: /datater/wu/data/enterovirus/filtering/reverse6858-7362.fa
    output: /datater/wu/data/enterovirus/filtering/reverse6858-7362.nessieOut
    jobid: 173
    wildcards: sample=enterovirus, seg=6858-7362

[Fri Mar 12 17:05:33 2021]
Finished job 21.
94 of 152 steps (62%) done
Select jobs to execute...

[Fri Mar 12 17:05:33 2021]
rule reverse_add_LC:
    input: /datater/wu/data/enterovirus/filtering/reverse6604-7108.nessieOut, /datater/wu/data/enterovirus/filtering/reverse6604-7108.fa
    output: /datater/wu/data/enterovirus/filtering/reverse6604-7108.calculated2
    jobid: 20
    wildcards: sample=enterovirus, seg=6604-7108

[Fri Mar 12 17:05:33 2021]
Finished job 173.
95 of 152 steps (62%) done
Select jobs to execute...
[Fri Mar 12 17:05:33 2021]
Finished job 244.
96 of 152 steps (63%) done

[Fri Mar 12 17:05:33 2021]
rule reverse_linguistic_complexity:
    input: /datater/wu/data/enterovirus/filtering/reverse2540-3044.fa
    output: /datater/wu/data/enterovirus/filtering/reverse2540-3044.nessieOut
    jobid: 261
    wildcards: sample=enterovirus, seg=2540-3044

Select jobs to execute...

[Fri Mar 12 17:05:33 2021]
rule reverse_add_LC:
    input: /datater/wu/data/enterovirus/filtering/reverse6096-6600.nessieOut, /datater/wu/data/enterovirus/filtering/reverse6096-6600.fa
    output: /datater/wu/data/enterovirus/filtering/reverse6096-6600.calculated2
    jobid: 164
    wildcards: sample=enterovirus, seg=6096-6600

[Fri Mar 12 17:05:33 2021]
Finished job 46.
97 of 152 steps (64%) done
Select jobs to execute...

[Fri Mar 12 17:05:33 2021]
rule reverse_add_LC:
    input: /datater/wu/data/enterovirus/filtering/reverse6858-7362.nessieOut, /datater/wu/data/enterovirus/filtering/reverse6858-7362.fa
    output: /datater/wu/data/enterovirus/filtering/reverse6858-7362.calculated2
    jobid: 172
    wildcards: sample=enterovirus, seg=6858-7362

[Fri Mar 12 17:05:33 2021]
Finished job 84.
98 of 152 steps (64%) done
Select jobs to execute...
[Fri Mar 12 17:05:33 2021]
Finished job 261.
99 of 152 steps (65%) done
[Fri Mar 12 17:05:33 2021]
Finished job 116.
100 of 152 steps (66%) done

[Fri Mar 12 17:05:33 2021]
rule reverse_toFasta:
    input: /datater/wu/data/enterovirus/filtering/reverse7874-8378.calculated
    output: /datater/wu/data/enterovirus/filtering/reverse7874-8378.fa
    jobid: 126
    wildcards: sample=enterovirus, seg=7874-8378

Select jobs to execute...

[Fri Mar 12 17:05:33 2021]
rule reverse_linguistic_complexity:
    input: /datater/wu/data/enterovirus/filtering/reverse7112-7616.fa
    output: /datater/wu/data/enterovirus/filtering/reverse7112-7616.nessieOut
    jobid: 13
    wildcards: sample=enterovirus, seg=7112-7616


[Fri Mar 12 17:05:33 2021]
rule reverse_toFasta:
    input: /datater/wu/data/enterovirus/filtering/reverse5080-5584.calculated
    output: /datater/wu/data/enterovirus/filtering/reverse5080-5584.fa
    jobid: 230
    wildcards: sample=enterovirus, seg=5080-5584

Select jobs to execute...
[Fri Mar 12 17:05:33 2021]
Finished job 110.
101 of 152 steps (66%) done
Select jobs to execute...

[Fri Mar 12 17:05:33 2021]
rule reverse_add_LC:
    input: /datater/wu/data/enterovirus/filtering/reverse4064-4568.nessieOut, /datater/wu/data/enterovirus/filtering/reverse4064-4568.fa
    output: /datater/wu/data/enterovirus/filtering/reverse4064-4568.calculated2
    jobid: 292
    wildcards: sample=enterovirus, seg=4064-4568

[Fri Mar 12 17:05:34 2021]
Finished job 13.
102 of 152 steps (67%) done
Select jobs to execute...

[Fri Mar 12 17:05:34 2021]
rule reverse_add_LC:
    input: /datater/wu/data/enterovirus/filtering/reverse5588-6092.nessieOut, /datater/wu/data/enterovirus/filtering/reverse5588-6092.fa
    output: /datater/wu/data/enterovirus/filtering/reverse5588-6092.calculated2
    jobid: 92
    wildcards: sample=enterovirus, seg=5588-6092

[Fri Mar 12 17:05:34 2021]
Finished job 140.
103 of 152 steps (68%) done
Select jobs to execute...

[Fri Mar 12 17:05:34 2021]
rule reverse_linguistic_complexity:
    input: /datater/wu/data/enterovirus/filtering/reverse1524-2028.fa
    output: /datater/wu/data/enterovirus/filtering/reverse1524-2028.nessieOut
    jobid: 149
    wildcards: sample=enterovirus, seg=1524-2028

[Fri Mar 12 17:05:34 2021]
Finished job 149.
104 of 152 steps (68%) done
Select jobs to execute...

[Fri Mar 12 17:05:34 2021]
rule reverse_add_LC:
    input: /datater/wu/data/enterovirus/filtering/reverse1524-2028.nessieOut, /datater/wu/data/enterovirus/filtering/reverse1524-2028.fa
    output: /datater/wu/data/enterovirus/filtering/reverse1524-2028.calculated2
    jobid: 148
    wildcards: sample=enterovirus, seg=1524-2028

[Fri Mar 12 17:05:34 2021]
Finished job 220.
105 of 152 steps (69%) done
Select jobs to execute...

[Fri Mar 12 17:05:34 2021]
rule reverse_add_LC:
    input: /datater/wu/data/enterovirus/filtering/reverse5334-5838.nessieOut, /datater/wu/data/enterovirus/filtering/reverse5334-5838.fa
    output: /datater/wu/data/enterovirus/filtering/reverse5334-5838.calculated2
    jobid: 196
    wildcards: sample=enterovirus, seg=5334-5838

[Fri Mar 12 17:05:34 2021]
Finished job 126.
106 of 152 steps (70%) done
Select jobs to execute...

[Fri Mar 12 17:05:34 2021]
rule reverse_toFasta:
    input: /datater/wu/data/enterovirus/filtering/reverse5842-6346.calculated
    output: /datater/wu/data/enterovirus/filtering/reverse5842-6346.fa
    jobid: 102
    wildcards: sample=enterovirus, seg=5842-6346

[Fri Mar 12 17:05:34 2021]
Finished job 230.
107 of 152 steps (70%) done
Select jobs to execute...

[Fri Mar 12 17:05:34 2021]
rule reverse_parameters:
    input: /datater/wu/data/enterovirus/dsk/reverse3556-4060.kCountSorted
    output: /datater/wu/data/enterovirus/filtering/reverse3556-4060.calculated
    jobid: 55
    wildcards: sample=enterovirus, seg=3556-4060

[Fri Mar 12 17:05:34 2021]
Finished job 292.
108 of 152 steps (71%) done
Select jobs to execute...

[Fri Mar 12 17:05:34 2021]
rule reverse_toFasta:
    input: /datater/wu/data/enterovirus/filtering/reverse7366-7870.calculated
    output: /datater/wu/data/enterovirus/filtering/reverse7366-7870.fa
    jobid: 254
    wildcards: sample=enterovirus, seg=7366-7870

[Fri Mar 12 17:05:34 2021]
Finished job 284.
109 of 152 steps (72%) done
Select jobs to execute...

[Fri Mar 12 17:05:34 2021]
rule reverse_toFasta:
    input: /datater/wu/data/enterovirus/filtering/reverse9144-9382.calculated
    output: /datater/wu/data/enterovirus/filtering/reverse9144-9382.fa
    jobid: 134
    wildcards: sample=enterovirus, seg=9144-9382

[Fri Mar 12 17:05:35 2021]
Finished job 20.
110 of 152 steps (72%) done
Select jobs to execute...

[Fri Mar 12 17:05:35 2021]
rule reverse_add_LC:
    input: /datater/wu/data/enterovirus/filtering/reverse8890-9394.nessieOut, /datater/wu/data/enterovirus/filtering/reverse8890-9394.fa
    output: /datater/wu/data/enterovirus/filtering/reverse8890-9394.calculated2
    jobid: 76
    wildcards: sample=enterovirus, seg=8890-9394

[Fri Mar 12 17:05:35 2021]
Finished job 212.
111 of 152 steps (73%) done
Select jobs to execute...

[Fri Mar 12 17:05:35 2021]
rule reverse_add_LC:
    input: /datater/wu/data/enterovirus/filtering/reverse8636-9140.nessieOut, /datater/wu/data/enterovirus/filtering/reverse8636-9140.fa
    output: /datater/wu/data/enterovirus/filtering/reverse8636-9140.calculated2
    jobid: 300
    wildcards: sample=enterovirus, seg=8636-9140

[Fri Mar 12 17:05:35 2021]
Finished job 102.
112 of 152 steps (74%) done
Select jobs to execute...

[Fri Mar 12 17:05:35 2021]
rule reverse_linguistic_complexity:
    input: /datater/wu/data/enterovirus/filtering/reverse5842-6346.fa
    output: /datater/wu/data/enterovirus/filtering/reverse5842-6346.nessieOut
    jobid: 101
    wildcards: sample=enterovirus, seg=5842-6346

[Fri Mar 12 17:05:35 2021]
Finished job 254.
113 of 152 steps (74%) done
Select jobs to execute...

[Fri Mar 12 17:05:35 2021]
rule reverse_linguistic_complexity:
    input: /datater/wu/data/enterovirus/filtering/reverse7366-7870.fa
    output: /datater/wu/data/enterovirus/filtering/reverse7366-7870.nessieOut
    jobid: 253
    wildcards: sample=enterovirus, seg=7366-7870

[Fri Mar 12 17:05:35 2021]
Finished job 148.
114 of 152 steps (75%) done
Select jobs to execute...

[Fri Mar 12 17:05:35 2021]
rule reverse_linguistic_complexity:
    input: /datater/wu/data/enterovirus/filtering/reverse4572-5076.fa
    output: /datater/wu/data/enterovirus/filtering/reverse4572-5076.nessieOut
    jobid: 45
    wildcards: sample=enterovirus, seg=4572-5076

[Fri Mar 12 17:05:35 2021]
Finished job 101.
115 of 152 steps (76%) done
Select jobs to execute...

[Fri Mar 12 17:05:35 2021]
rule reverse_linguistic_complexity:
    input: /datater/wu/data/enterovirus/filtering/reverse5080-5584.fa
    output: /datater/wu/data/enterovirus/filtering/reverse5080-5584.nessieOut
    jobid: 229
    wildcards: sample=enterovirus, seg=5080-5584

[Fri Mar 12 17:05:35 2021]
Finished job 45.
116 of 152 steps (76%) done
Select jobs to execute...
[Fri Mar 12 17:05:35 2021]
Finished job 253.
117 of 152 steps (77%) done
[Fri Mar 12 17:05:35 2021]
Finished job 236.
118 of 152 steps (78%) done
[Fri Mar 12 17:05:35 2021]
Finished job 134.
119 of 152 steps (78%) done

[Fri Mar 12 17:05:35 2021]
rule reverse_add_LC:
    input: /datater/wu/data/enterovirus/filtering/reverse4572-5076.nessieOut, /datater/wu/data/enterovirus/filtering/reverse4572-5076.fa
    output: /datater/wu/data/enterovirus/filtering/reverse4572-5076.calculated2
    jobid: 44
    wildcards: sample=enterovirus, seg=4572-5076

Select jobs to execute...

[Fri Mar 12 17:05:35 2021]
rule reverse_linguistic_complexity:
    input: /datater/wu/data/enterovirus/filtering/reverse7874-8378.fa
    output: /datater/wu/data/enterovirus/filtering/reverse7874-8378.nessieOut
    jobid: 125
    wildcards: sample=enterovirus, seg=7874-8378


[Fri Mar 12 17:05:35 2021]
rule reverse_add_LC:
    input: /datater/wu/data/enterovirus/filtering/reverse7112-7616.nessieOut, /datater/wu/data/enterovirus/filtering/reverse7112-7616.fa
    output: /datater/wu/data/enterovirus/filtering/reverse7112-7616.calculated2
    jobid: 12
    wildcards: sample=enterovirus, seg=7112-7616

[Fri Mar 12 17:05:35 2021]
rule reverse_add_LC:
    input: /datater/wu/data/enterovirus/filtering/reverse7366-7870.nessieOut, /datater/wu/data/enterovirus/filtering/reverse7366-7870.fa
    output: /datater/wu/data/enterovirus/filtering/reverse7366-7870.calculated2
    jobid: 252
    wildcards: sample=enterovirus, seg=7366-7870

Select jobs to execute...
Select jobs to execute...
[Fri Mar 12 17:05:35 2021]
Finished job 55.
120 of 152 steps (79%) done
Select jobs to execute...
[Fri Mar 12 17:05:35 2021]
Finished job 196.
121 of 152 steps (80%) done

[Fri Mar 12 17:05:35 2021]
rule reverse_linguistic_complexity:
    input: /datater/wu/data/enterovirus/filtering/reverse2032-2536.fa
    output: /datater/wu/data/enterovirus/filtering/reverse2032-2536.nessieOut
    jobid: 109
    wildcards: sample=enterovirus, seg=2032-2536

Select jobs to execute...

[Fri Mar 12 17:05:35 2021]
rule reverse_add_LC:
    input: /datater/wu/data/enterovirus/filtering/reverse2540-3044.nessieOut, /datater/wu/data/enterovirus/filtering/reverse2540-3044.fa
    output: /datater/wu/data/enterovirus/filtering/reverse2540-3044.calculated2
    jobid: 260
    wildcards: sample=enterovirus, seg=2540-3044

[Fri Mar 12 17:05:35 2021]
Finished job 229.
122 of 152 steps (80%) done
Select jobs to execute...
[Fri Mar 12 17:05:35 2021]
Finished job 109.
123 of 152 steps (81%) done

[Fri Mar 12 17:05:35 2021]
rule reverse_add_LC:
    input: /datater/wu/data/enterovirus/filtering/reverse5842-6346.nessieOut, /datater/wu/data/enterovirus/filtering/reverse5842-6346.fa
    output: /datater/wu/data/enterovirus/filtering/reverse5842-6346.calculated2
    jobid: 100
    wildcards: sample=enterovirus, seg=5842-6346

Select jobs to execute...

[Fri Mar 12 17:05:35 2021]
rule reverse_linguistic_complexity:
    input: /datater/wu/data/enterovirus/filtering/reverse9144-9382.fa
    output: /datater/wu/data/enterovirus/filtering/reverse9144-9382.nessieOut
    jobid: 133
    wildcards: sample=enterovirus, seg=9144-9382

[Fri Mar 12 17:05:35 2021]
Finished job 133.
124 of 152 steps (82%) done
Select jobs to execute...
[Fri Mar 12 17:05:35 2021]
Finished job 92.
125 of 152 steps (82%) done
[Fri Mar 12 17:05:35 2021]
Finished job 125.
126 of 152 steps (83%) done

[Fri Mar 12 17:05:35 2021]
rule reverse_add_LC:
    input: /datater/wu/data/enterovirus/filtering/reverse9144-9382.nessieOut, /datater/wu/data/enterovirus/filtering/reverse9144-9382.fa
    output: /datater/wu/data/enterovirus/filtering/reverse9144-9382.calculated2
    jobid: 132
    wildcards: sample=enterovirus, seg=9144-9382

Select jobs to execute...

[Fri Mar 12 17:05:36 2021]
rule reverse_linguistic_complexity:
    input: /datater/wu/data/enterovirus/filtering/reverse1270-1774.fa
    output: /datater/wu/data/enterovirus/filtering/reverse1270-1774.nessieOut
    jobid: 157
    wildcards: sample=enterovirus, seg=1270-1774


[Fri Mar 12 17:05:36 2021]
rule reverse_add_LC:
    input: /datater/wu/data/enterovirus/filtering/reverse7620-8124.nessieOut, /datater/wu/data/enterovirus/filtering/reverse7620-8124.fa
    output: /datater/wu/data/enterovirus/filtering/reverse7620-8124.calculated2
    jobid: 68
    wildcards: sample=enterovirus, seg=7620-8124

Select jobs to execute...
[Fri Mar 12 17:05:36 2021]
Finished job 76.
127 of 152 steps (84%) done
Select jobs to execute...
[Fri Mar 12 17:05:36 2021]
Finished job 164.
128 of 152 steps (84%) done

[Fri Mar 12 17:05:36 2021]
rule reverse_add_LC:
    input: /datater/wu/data/enterovirus/filtering/reverse5080-5584.nessieOut, /datater/wu/data/enterovirus/filtering/reverse5080-5584.fa
    output: /datater/wu/data/enterovirus/filtering/reverse5080-5584.calculated2
    jobid: 228
    wildcards: sample=enterovirus, seg=5080-5584

Select jobs to execute...

[Fri Mar 12 17:05:36 2021]
rule reverse_add_LC:
    input: /datater/wu/data/enterovirus/filtering/reverse2032-2536.nessieOut, /datater/wu/data/enterovirus/filtering/reverse2032-2536.fa
    output: /datater/wu/data/enterovirus/filtering/reverse2032-2536.calculated2
    jobid: 108
    wildcards: sample=enterovirus, seg=2032-2536

[Fri Mar 12 17:05:36 2021]
Finished job 300.
129 of 152 steps (85%) done
Select jobs to execute...

[Fri Mar 12 17:05:36 2021]
rule reverse_toFasta:
    input: /datater/wu/data/enterovirus/filtering/reverse3556-4060.calculated
    output: /datater/wu/data/enterovirus/filtering/reverse3556-4060.fa
    jobid: 54
    wildcards: sample=enterovirus, seg=3556-4060

[Fri Mar 12 17:05:36 2021]
Finished job 157.
130 of 152 steps (86%) done
Select jobs to execute...

[Fri Mar 12 17:05:36 2021]
rule reverse_add_LC:
    input: /datater/wu/data/enterovirus/filtering/reverse4826-5330.nessieOut, /datater/wu/data/enterovirus/filtering/reverse4826-5330.fa
    output: /datater/wu/data/enterovirus/filtering/reverse4826-5330.calculated2
    jobid: 188
    wildcards: sample=enterovirus, seg=4826-5330

[Fri Mar 12 17:05:36 2021]
Finished job 172.
131 of 152 steps (86%) done
Select jobs to execute...

[Fri Mar 12 17:05:36 2021]
rule reverse_add_LC:
    input: /datater/wu/data/enterovirus/filtering/reverse1270-1774.nessieOut, /datater/wu/data/enterovirus/filtering/reverse1270-1774.fa
    output: /datater/wu/data/enterovirus/filtering/reverse1270-1774.calculated2
    jobid: 156
    wildcards: sample=enterovirus, seg=1270-1774

[Fri Mar 12 17:05:36 2021]
Finished job 132.
132 of 152 steps (87%) done
Select jobs to execute...

[Fri Mar 12 17:05:36 2021]
rule reverse_add_LC:
    input: /datater/wu/data/enterovirus/filtering/reverse7874-8378.nessieOut, /datater/wu/data/enterovirus/filtering/reverse7874-8378.fa
    output: /datater/wu/data/enterovirus/filtering/reverse7874-8378.calculated2
    jobid: 124
    wildcards: sample=enterovirus, seg=7874-8378

[Fri Mar 12 17:05:36 2021]
Finished job 108.
133 of 152 steps (88%) done
Select jobs to execute...
[Fri Mar 12 17:05:36 2021]
Finished job 54.
134 of 152 steps (88%) done

[Fri Mar 12 17:05:36 2021]
rule reverse_linguistic_complexity:
    input: /datater/wu/data/enterovirus/filtering/reverse2794-3298.fa
    output: /datater/wu/data/enterovirus/filtering/reverse2794-3298.nessieOut
    jobid: 29
    wildcards: sample=enterovirus, seg=2794-3298

Select jobs to execute...

[Fri Mar 12 17:05:36 2021]
rule reverse_linguistic_complexity:
    input: /datater/wu/data/enterovirus/filtering/reverse3556-4060.fa
    output: /datater/wu/data/enterovirus/filtering/reverse3556-4060.nessieOut
    jobid: 53
    wildcards: sample=enterovirus, seg=3556-4060

[Fri Mar 12 17:05:37 2021]
Finished job 44.
135 of 152 steps (89%) done
[Fri Mar 12 17:05:37 2021]
Finished job 53.
136 of 152 steps (89%) done
Select jobs to execute...

[Fri Mar 12 17:05:37 2021]
rule reverse_add_LC:
    input: /datater/wu/data/enterovirus/filtering/reverse3556-4060.nessieOut, /datater/wu/data/enterovirus/filtering/reverse3556-4060.fa
    output: /datater/wu/data/enterovirus/filtering/reverse3556-4060.calculated2
    jobid: 52
    wildcards: sample=enterovirus, seg=3556-4060

[Fri Mar 12 17:05:37 2021]
Finished job 29.
137 of 152 steps (90%) done
Select jobs to execute...

[Fri Mar 12 17:05:37 2021]
rule reverse_add_LC:
    input: /datater/wu/data/enterovirus/filtering/reverse2794-3298.nessieOut, /datater/wu/data/enterovirus/filtering/reverse2794-3298.fa
    output: /datater/wu/data/enterovirus/filtering/reverse2794-3298.calculated2
    jobid: 28
    wildcards: sample=enterovirus, seg=2794-3298

[Fri Mar 12 17:05:37 2021]
Finished job 188.
138 of 152 steps (91%) done
[Fri Mar 12 17:05:37 2021]
Finished job 12.
139 of 152 steps (91%) done
[Fri Mar 12 17:05:37 2021]
Finished job 260.
140 of 152 steps (92%) done
[Fri Mar 12 17:05:38 2021]
Finished job 252.
141 of 152 steps (93%) done
[Fri Mar 12 17:05:38 2021]
Finished job 228.
142 of 152 steps (93%) done
[Fri Mar 12 17:05:38 2021]
Finished job 156.
143 of 152 steps (94%) done
[Fri Mar 12 17:05:38 2021]
Finished job 100.
144 of 152 steps (95%) done
[Fri Mar 12 17:05:38 2021]
Finished job 52.
145 of 152 steps (95%) done
[Fri Mar 12 17:05:38 2021]
Finished job 68.
146 of 152 steps (96%) done
[Fri Mar 12 17:05:39 2021]
Finished job 124.
147 of 152 steps (97%) done
[Fri Mar 12 17:05:40 2021]
Finished job 28.
148 of 152 steps (97%) done
Select jobs to execute...

[Fri Mar 12 17:05:40 2021]
rule aggregate_allReverseOligo:
    input: /datater/wu/data/enterovirus/filtering/reverse7112-7616.calculated2, /datater/wu/data/enterovirus/filtering/reverse6604-7108.calculated2, /datater/wu/data/enterovirus/filtering/reverse2794-3298.calculated2, /datater/wu/data/enterovirus/filtering/reverse1778-2282.calculated2, /datater/wu/data/enterovirus/filtering/reverse4572-5076.calculated2, /datater/wu/data/enterovirus/filtering/reverse3556-4060.calculated2, /datater/wu/data/enterovirus/filtering/reverse8128-8632.calculated2, /datater/wu/data/enterovirus/filtering/reverse7620-8124.calculated2, /datater/wu/data/enterovirus/filtering/reverse8890-9394.calculated2, /datater/wu/data/enterovirus/filtering/reverse254-758.calculated2, /datater/wu/data/enterovirus/filtering/reverse5588-6092.calculated2, /datater/wu/data/enterovirus/filtering/reverse5842-6346.calculated2, /datater/wu/data/enterovirus/filtering/reverse2032-2536.calculated2, /datater/wu/data/enterovirus/filtering/reverse8382-8886.calculated2, /datater/wu/data/enterovirus/filtering/reverse7874-8378.calculated2, /datater/wu/data/enterovirus/filtering/reverse9144-9382.calculated2, /datater/wu/data/enterovirus/filtering/reverse508-1012.calculated2, /datater/wu/data/enterovirus/filtering/reverse1524-2028.calculated2, /datater/wu/data/enterovirus/filtering/reverse1270-1774.calculated2, /datater/wu/data/enterovirus/filtering/reverse6096-6600.calculated2, /datater/wu/data/enterovirus/filtering/reverse6858-7362.calculated2, /datater/wu/data/enterovirus/filtering/reverse3302-3806.calculated2, /datater/wu/data/enterovirus/filtering/reverse4826-5330.calculated2, /datater/wu/data/enterovirus/filtering/reverse5334-5838.calculated2, /datater/wu/data/enterovirus/filtering/reverse1016-1520.calculated2, /datater/wu/data/enterovirus/filtering/reverse2286-2790.calculated2, /datater/wu/data/enterovirus/filtering/reverse4318-4822.calculated2, /datater/wu/data/enterovirus/filtering/reverse5080-5584.calculated2, /datater/wu/data/enterovirus/filtering/reverse762-1266.calculated2, /datater/wu/data/enterovirus/filtering/reverse3048-3552.calculated2, /datater/wu/data/enterovirus/filtering/reverse7366-7870.calculated2, /datater/wu/data/enterovirus/filtering/reverse2540-3044.calculated2, /datater/wu/data/enterovirus/filtering/reverse3810-4314.calculated2, /datater/wu/data/enterovirus/filtering/reverse0-504.calculated2, /datater/wu/data/enterovirus/filtering/reverse6350-6854.calculated2, /datater/wu/data/enterovirus/filtering/reverse4064-4568.calculated2, /datater/wu/data/enterovirus/filtering/reverse8636-9140.calculated2
    output: /datater/wu/data/enterovirus/filtering/allOligos_reverse.calculated2
    jobid: 11
    wildcards: sample=enterovirus

[Fri Mar 12 17:05:40 2021]
Finished job 11.
149 of 152 steps (98%) done
Select jobs to execute...

[Fri Mar 12 17:05:40 2021]
rule reverse_filtering:
    input: /datater/wu/data/enterovirus/filtering/allOligos_reverse.calculated2
    output: /datater/wu/data/enterovirus/filtering/allOligos_reverse.filtered
    jobid: 308
    wildcards: sample=enterovirus

[Fri Mar 12 17:05:42 2021]
Finished job 308.
150 of 152 steps (99%) done
Select jobs to execute...

[Fri Mar 12 17:05:42 2021]
rule allToFasta:
    input: /datater/wu/data/enterovirus/filtering/allOligos_reverse.filtered
    output: /datater/wu/data/enterovirus/checkSpecifity/allOligos_reverse.fasta
    jobid: 309
    wildcards: sample=enterovirus

[Fri Mar 12 17:05:43 2021]
Finished job 309.
151 of 152 steps (99%) done
Select jobs to execute...

[Fri Mar 12 17:05:43 2021]
localrule all:
    input: /datater/wu/data/duplicate_removed/enterovirus.uniq, /datater/wu/data/msa/enterovirus.msa, /datater/wu/data/enterovirus/splitFiles/reverse5334-5838.fasta, /datater/wu/data/enterovirus/splitFiles/reverse8128-8632.fasta, /datater/wu/data/enterovirus/splitFiles/reverse9144-9382.fasta, /datater/wu/data/enterovirus/splitFiles/reverse4826-5330.fasta, /datater/wu/data/enterovirus/splitFiles/reverse2794-3298.fasta, /datater/wu/data/enterovirus/splitFiles/reverse6604-7108.fasta, /datater/wu/data/enterovirus/splitFiles/reverse7366-7870.fasta, /datater/wu/data/enterovirus/splitFiles/reverse2032-2536.fasta, /datater/wu/data/enterovirus/splitFiles/reverse7112-7616.fasta, /datater/wu/data/enterovirus/splitFiles/reverse8382-8886.fasta, /datater/wu/data/enterovirus/splitFiles/reverse3048-3552.fasta, /datater/wu/data/enterovirus/splitFiles/reverse1016-1520.fasta, /datater/wu/data/enterovirus/splitFiles/reverse3302-3806.fasta, /datater/wu/data/enterovirus/splitFiles/reverse5080-5584.fasta, /datater/wu/data/enterovirus/splitFiles/reverse5842-6346.fasta, /datater/wu/data/enterovirus/splitFiles/reverse1270-1774.fasta, /datater/wu/data/enterovirus/splitFiles/reverse1778-2282.fasta, /datater/wu/data/enterovirus/splitFiles/reverse8636-9140.fasta, /datater/wu/data/enterovirus/splitFiles/reverse6858-7362.fasta, /datater/wu/data/enterovirus/splitFiles/reverse508-1012.fasta, /datater/wu/data/enterovirus/splitFiles/reverse7874-8378.fasta, /datater/wu/data/enterovirus/splitFiles/reverse6096-6600.fasta, /datater/wu/data/enterovirus/splitFiles/reverse3810-4314.fasta, /datater/wu/data/enterovirus/splitFiles/reverse3556-4060.fasta, /datater/wu/data/enterovirus/splitFiles/reverse2286-2790.fasta, /datater/wu/data/enterovirus/splitFiles/reverse5588-6092.fasta, /datater/wu/data/enterovirus/splitFiles/reverse8890-9394.fasta, /datater/wu/data/enterovirus/splitFiles/reverse2540-3044.fasta, /datater/wu/data/enterovirus/splitFiles/reverse4318-4822.fasta, /datater/wu/data/enterovirus/splitFiles/reverse1524-2028.fasta, /datater/wu/data/enterovirus/splitFiles/reverse7620-8124.fasta, /datater/wu/data/enterovirus/splitFiles/reverse4572-5076.fasta, /datater/wu/data/enterovirus/splitFiles/reverse254-758.fasta, /datater/wu/data/enterovirus/splitFiles/reverse4064-4568.fasta, /datater/wu/data/enterovirus/splitFiles/reverse6350-6854.fasta, /datater/wu/data/enterovirus/splitFiles/reverse0-504.fasta, /datater/wu/data/enterovirus/splitFiles/reverse762-1266.fasta, /datater/wu/data/enterovirus/dsk/reverse5334-5838.h5, /datater/wu/data/enterovirus/dsk/reverse8128-8632.h5, /datater/wu/data/enterovirus/dsk/reverse9144-9382.h5, /datater/wu/data/enterovirus/dsk/reverse4826-5330.h5, /datater/wu/data/enterovirus/dsk/reverse2794-3298.h5, /datater/wu/data/enterovirus/dsk/reverse6604-7108.h5, /datater/wu/data/enterovirus/dsk/reverse7366-7870.h5, /datater/wu/data/enterovirus/dsk/reverse2032-2536.h5, /datater/wu/data/enterovirus/dsk/reverse7112-7616.h5, /datater/wu/data/enterovirus/dsk/reverse8382-8886.h5, /datater/wu/data/enterovirus/dsk/reverse3048-3552.h5, /datater/wu/data/enterovirus/dsk/reverse1016-1520.h5, /datater/wu/data/enterovirus/dsk/reverse3302-3806.h5, /datater/wu/data/enterovirus/dsk/reverse5080-5584.h5, /datater/wu/data/enterovirus/dsk/reverse5842-6346.h5, /datater/wu/data/enterovirus/dsk/reverse1270-1774.h5, /datater/wu/data/enterovirus/dsk/reverse1778-2282.h5, /datater/wu/data/enterovirus/dsk/reverse8636-9140.h5, /datater/wu/data/enterovirus/dsk/reverse6858-7362.h5, /datater/wu/data/enterovirus/dsk/reverse508-1012.h5, /datater/wu/data/enterovirus/dsk/reverse7874-8378.h5, /datater/wu/data/enterovirus/dsk/reverse6096-6600.h5, /datater/wu/data/enterovirus/dsk/reverse3810-4314.h5, /datater/wu/data/enterovirus/dsk/reverse3556-4060.h5, /datater/wu/data/enterovirus/dsk/reverse2286-2790.h5, /datater/wu/data/enterovirus/dsk/reverse5588-6092.h5, /datater/wu/data/enterovirus/dsk/reverse8890-9394.h5, /datater/wu/data/enterovirus/dsk/reverse2540-3044.h5, /datater/wu/data/enterovirus/dsk/reverse4318-4822.h5, /datater/wu/data/enterovirus/dsk/reverse1524-2028.h5, /datater/wu/data/enterovirus/dsk/reverse7620-8124.h5, /datater/wu/data/enterovirus/dsk/reverse4572-5076.h5, /datater/wu/data/enterovirus/dsk/reverse254-758.h5, /datater/wu/data/enterovirus/dsk/reverse4064-4568.h5, /datater/wu/data/enterovirus/dsk/reverse6350-6854.h5, /datater/wu/data/enterovirus/dsk/reverse0-504.h5, /datater/wu/data/enterovirus/dsk/reverse762-1266.h5, /datater/wu/data/enterovirus/dsk/reverse5334-5838.kCount, /datater/wu/data/enterovirus/dsk/reverse8128-8632.kCount, /datater/wu/data/enterovirus/dsk/reverse9144-9382.kCount, /datater/wu/data/enterovirus/dsk/reverse4826-5330.kCount, /datater/wu/data/enterovirus/dsk/reverse2794-3298.kCount, /datater/wu/data/enterovirus/dsk/reverse6604-7108.kCount, /datater/wu/data/enterovirus/dsk/reverse7366-7870.kCount, /datater/wu/data/enterovirus/dsk/reverse2032-2536.kCount, /datater/wu/data/enterovirus/dsk/reverse7112-7616.kCount, /datater/wu/data/enterovirus/dsk/reverse8382-8886.kCount, /datater/wu/data/enterovirus/dsk/reverse3048-3552.kCount, /datater/wu/data/enterovirus/dsk/reverse1016-1520.kCount, /datater/wu/data/enterovirus/dsk/reverse3302-3806.kCount, /datater/wu/data/enterovirus/dsk/reverse5080-5584.kCount, /datater/wu/data/enterovirus/dsk/reverse5842-6346.kCount, /datater/wu/data/enterovirus/dsk/reverse1270-1774.kCount, /datater/wu/data/enterovirus/dsk/reverse1778-2282.kCount, /datater/wu/data/enterovirus/dsk/reverse8636-9140.kCount, /datater/wu/data/enterovirus/dsk/reverse6858-7362.kCount, /datater/wu/data/enterovirus/dsk/reverse508-1012.kCount, /datater/wu/data/enterovirus/dsk/reverse7874-8378.kCount, /datater/wu/data/enterovirus/dsk/reverse6096-6600.kCount, /datater/wu/data/enterovirus/dsk/reverse3810-4314.kCount, /datater/wu/data/enterovirus/dsk/reverse3556-4060.kCount, /datater/wu/data/enterovirus/dsk/reverse2286-2790.kCount, /datater/wu/data/enterovirus/dsk/reverse5588-6092.kCount, /datater/wu/data/enterovirus/dsk/reverse8890-9394.kCount, /datater/wu/data/enterovirus/dsk/reverse2540-3044.kCount, /datater/wu/data/enterovirus/dsk/reverse4318-4822.kCount, /datater/wu/data/enterovirus/dsk/reverse1524-2028.kCount, /datater/wu/data/enterovirus/dsk/reverse7620-8124.kCount, /datater/wu/data/enterovirus/dsk/reverse4572-5076.kCount, /datater/wu/data/enterovirus/dsk/reverse254-758.kCount, /datater/wu/data/enterovirus/dsk/reverse4064-4568.kCount, /datater/wu/data/enterovirus/dsk/reverse6350-6854.kCount, /datater/wu/data/enterovirus/dsk/reverse0-504.kCount, /datater/wu/data/enterovirus/dsk/reverse762-1266.kCount, /datater/wu/data/enterovirus/dsk/reverse5334-5838.kCountSorted, /datater/wu/data/enterovirus/dsk/reverse8128-8632.kCountSorted, /datater/wu/data/enterovirus/dsk/reverse9144-9382.kCountSorted, /datater/wu/data/enterovirus/dsk/reverse4826-5330.kCountSorted, /datater/wu/data/enterovirus/dsk/reverse2794-3298.kCountSorted, /datater/wu/data/enterovirus/dsk/reverse6604-7108.kCountSorted, /datater/wu/data/enterovirus/dsk/reverse7366-7870.kCountSorted, /datater/wu/data/enterovirus/dsk/reverse2032-2536.kCountSorted, /datater/wu/data/enterovirus/dsk/reverse7112-7616.kCountSorted, /datater/wu/data/enterovirus/dsk/reverse8382-8886.kCountSorted, /datater/wu/data/enterovirus/dsk/reverse3048-3552.kCountSorted, /datater/wu/data/enterovirus/dsk/reverse1016-1520.kCountSorted, /datater/wu/data/enterovirus/dsk/reverse3302-3806.kCountSorted, /datater/wu/data/enterovirus/dsk/reverse5080-5584.kCountSorted, /datater/wu/data/enterovirus/dsk/reverse5842-6346.kCountSorted, /datater/wu/data/enterovirus/dsk/reverse1270-1774.kCountSorted, /datater/wu/data/enterovirus/dsk/reverse1778-2282.kCountSorted, /datater/wu/data/enterovirus/dsk/reverse8636-9140.kCountSorted, /datater/wu/data/enterovirus/dsk/reverse6858-7362.kCountSorted, /datater/wu/data/enterovirus/dsk/reverse508-1012.kCountSorted, /datater/wu/data/enterovirus/dsk/reverse7874-8378.kCountSorted, /datater/wu/data/enterovirus/dsk/reverse6096-6600.kCountSorted, /datater/wu/data/enterovirus/dsk/reverse3810-4314.kCountSorted, /datater/wu/data/enterovirus/dsk/reverse3556-4060.kCountSorted, /datater/wu/data/enterovirus/dsk/reverse2286-2790.kCountSorted, /datater/wu/data/enterovirus/dsk/reverse5588-6092.kCountSorted, /datater/wu/data/enterovirus/dsk/reverse8890-9394.kCountSorted, /datater/wu/data/enterovirus/dsk/reverse2540-3044.kCountSorted, /datater/wu/data/enterovirus/dsk/reverse4318-4822.kCountSorted, /datater/wu/data/enterovirus/dsk/reverse1524-2028.kCountSorted, /datater/wu/data/enterovirus/dsk/reverse7620-8124.kCountSorted, /datater/wu/data/enterovirus/dsk/reverse4572-5076.kCountSorted, /datater/wu/data/enterovirus/dsk/reverse254-758.kCountSorted, /datater/wu/data/enterovirus/dsk/reverse4064-4568.kCountSorted, /datater/wu/data/enterovirus/dsk/reverse6350-6854.kCountSorted, /datater/wu/data/enterovirus/dsk/reverse0-504.kCountSorted, /datater/wu/data/enterovirus/dsk/reverse762-1266.kCountSorted, /datater/wu/data/enterovirus/filtering/reverse5334-5838.calculated, /datater/wu/data/enterovirus/filtering/reverse8128-8632.calculated, /datater/wu/data/enterovirus/filtering/reverse9144-9382.calculated, /datater/wu/data/enterovirus/filtering/reverse4826-5330.calculated, /datater/wu/data/enterovirus/filtering/reverse2794-3298.calculated, /datater/wu/data/enterovirus/filtering/reverse6604-7108.calculated, /datater/wu/data/enterovirus/filtering/reverse7366-7870.calculated, /datater/wu/data/enterovirus/filtering/reverse2032-2536.calculated, /datater/wu/data/enterovirus/filtering/reverse7112-7616.calculated, /datater/wu/data/enterovirus/filtering/reverse8382-8886.calculated, /datater/wu/data/enterovirus/filtering/reverse3048-3552.calculated, /datater/wu/data/enterovirus/filtering/reverse1016-1520.calculated, /datater/wu/data/enterovirus/filtering/reverse3302-3806.calculated, /datater/wu/data/enterovirus/filtering/reverse5080-5584.calculated, /datater/wu/data/enterovirus/filtering/reverse5842-6346.calculated, /datater/wu/data/enterovirus/filtering/reverse1270-1774.calculated, /datater/wu/data/enterovirus/filtering/reverse1778-2282.calculated, /datater/wu/data/enterovirus/filtering/reverse8636-9140.calculated, /datater/wu/data/enterovirus/filtering/reverse6858-7362.calculated, /datater/wu/data/enterovirus/filtering/reverse508-1012.calculated, /datater/wu/data/enterovirus/filtering/reverse7874-8378.calculated, /datater/wu/data/enterovirus/filtering/reverse6096-6600.calculated, /datater/wu/data/enterovirus/filtering/reverse3810-4314.calculated, /datater/wu/data/enterovirus/filtering/reverse3556-4060.calculated, /datater/wu/data/enterovirus/filtering/reverse2286-2790.calculated, /datater/wu/data/enterovirus/filtering/reverse5588-6092.calculated, /datater/wu/data/enterovirus/filtering/reverse8890-9394.calculated, /datater/wu/data/enterovirus/filtering/reverse2540-3044.calculated, /datater/wu/data/enterovirus/filtering/reverse4318-4822.calculated, /datater/wu/data/enterovirus/filtering/reverse1524-2028.calculated, /datater/wu/data/enterovirus/filtering/reverse7620-8124.calculated, /datater/wu/data/enterovirus/filtering/reverse4572-5076.calculated, /datater/wu/data/enterovirus/filtering/reverse254-758.calculated, /datater/wu/data/enterovirus/filtering/reverse4064-4568.calculated, /datater/wu/data/enterovirus/filtering/reverse6350-6854.calculated, /datater/wu/data/enterovirus/filtering/reverse0-504.calculated, /datater/wu/data/enterovirus/filtering/reverse762-1266.calculated, /datater/wu/data/enterovirus/filtering/reverse5334-5838.fa, /datater/wu/data/enterovirus/filtering/reverse8128-8632.fa, /datater/wu/data/enterovirus/filtering/reverse9144-9382.fa, /datater/wu/data/enterovirus/filtering/reverse4826-5330.fa, /datater/wu/data/enterovirus/filtering/reverse2794-3298.fa, /datater/wu/data/enterovirus/filtering/reverse6604-7108.fa, /datater/wu/data/enterovirus/filtering/reverse7366-7870.fa, /datater/wu/data/enterovirus/filtering/reverse2032-2536.fa, /datater/wu/data/enterovirus/filtering/reverse7112-7616.fa, /datater/wu/data/enterovirus/filtering/reverse8382-8886.fa, /datater/wu/data/enterovirus/filtering/reverse3048-3552.fa, /datater/wu/data/enterovirus/filtering/reverse1016-1520.fa, /datater/wu/data/enterovirus/filtering/reverse3302-3806.fa, /datater/wu/data/enterovirus/filtering/reverse5080-5584.fa, /datater/wu/data/enterovirus/filtering/reverse5842-6346.fa, /datater/wu/data/enterovirus/filtering/reverse1270-1774.fa, /datater/wu/data/enterovirus/filtering/reverse1778-2282.fa, /datater/wu/data/enterovirus/filtering/reverse8636-9140.fa, /datater/wu/data/enterovirus/filtering/reverse6858-7362.fa, /datater/wu/data/enterovirus/filtering/reverse508-1012.fa, /datater/wu/data/enterovirus/filtering/reverse7874-8378.fa, /datater/wu/data/enterovirus/filtering/reverse6096-6600.fa, /datater/wu/data/enterovirus/filtering/reverse3810-4314.fa, /datater/wu/data/enterovirus/filtering/reverse3556-4060.fa, /datater/wu/data/enterovirus/filtering/reverse2286-2790.fa, /datater/wu/data/enterovirus/filtering/reverse5588-6092.fa, /datater/wu/data/enterovirus/filtering/reverse8890-9394.fa, /datater/wu/data/enterovirus/filtering/reverse2540-3044.fa, /datater/wu/data/enterovirus/filtering/reverse4318-4822.fa, /datater/wu/data/enterovirus/filtering/reverse1524-2028.fa, /datater/wu/data/enterovirus/filtering/reverse7620-8124.fa, /datater/wu/data/enterovirus/filtering/reverse4572-5076.fa, /datater/wu/data/enterovirus/filtering/reverse254-758.fa, /datater/wu/data/enterovirus/filtering/reverse4064-4568.fa, /datater/wu/data/enterovirus/filtering/reverse6350-6854.fa, /datater/wu/data/enterovirus/filtering/reverse0-504.fa, /datater/wu/data/enterovirus/filtering/reverse762-1266.fa, /datater/wu/data/enterovirus/filtering/reverse5334-5838.nessieOut, /datater/wu/data/enterovirus/filtering/reverse8128-8632.nessieOut, /datater/wu/data/enterovirus/filtering/reverse9144-9382.nessieOut, /datater/wu/data/enterovirus/filtering/reverse4826-5330.nessieOut, /datater/wu/data/enterovirus/filtering/reverse2794-3298.nessieOut, /datater/wu/data/enterovirus/filtering/reverse6604-7108.nessieOut, /datater/wu/data/enterovirus/filtering/reverse7366-7870.nessieOut, /datater/wu/data/enterovirus/filtering/reverse2032-2536.nessieOut, /datater/wu/data/enterovirus/filtering/reverse7112-7616.nessieOut, /datater/wu/data/enterovirus/filtering/reverse8382-8886.nessieOut, /datater/wu/data/enterovirus/filtering/reverse3048-3552.nessieOut, /datater/wu/data/enterovirus/filtering/reverse1016-1520.nessieOut, /datater/wu/data/enterovirus/filtering/reverse3302-3806.nessieOut, /datater/wu/data/enterovirus/filtering/reverse5080-5584.nessieOut, /datater/wu/data/enterovirus/filtering/reverse5842-6346.nessieOut, /datater/wu/data/enterovirus/filtering/reverse1270-1774.nessieOut, /datater/wu/data/enterovirus/filtering/reverse1778-2282.nessieOut, /datater/wu/data/enterovirus/filtering/reverse8636-9140.nessieOut, /datater/wu/data/enterovirus/filtering/reverse6858-7362.nessieOut, /datater/wu/data/enterovirus/filtering/reverse508-1012.nessieOut, /datater/wu/data/enterovirus/filtering/reverse7874-8378.nessieOut, /datater/wu/data/enterovirus/filtering/reverse6096-6600.nessieOut, /datater/wu/data/enterovirus/filtering/reverse3810-4314.nessieOut, /datater/wu/data/enterovirus/filtering/reverse3556-4060.nessieOut, /datater/wu/data/enterovirus/filtering/reverse2286-2790.nessieOut, /datater/wu/data/enterovirus/filtering/reverse5588-6092.nessieOut, /datater/wu/data/enterovirus/filtering/reverse8890-9394.nessieOut, /datater/wu/data/enterovirus/filtering/reverse2540-3044.nessieOut, /datater/wu/data/enterovirus/filtering/reverse4318-4822.nessieOut, /datater/wu/data/enterovirus/filtering/reverse1524-2028.nessieOut, /datater/wu/data/enterovirus/filtering/reverse7620-8124.nessieOut, /datater/wu/data/enterovirus/filtering/reverse4572-5076.nessieOut, /datater/wu/data/enterovirus/filtering/reverse254-758.nessieOut, /datater/wu/data/enterovirus/filtering/reverse4064-4568.nessieOut, /datater/wu/data/enterovirus/filtering/reverse6350-6854.nessieOut, /datater/wu/data/enterovirus/filtering/reverse0-504.nessieOut, /datater/wu/data/enterovirus/filtering/reverse762-1266.nessieOut, /datater/wu/data/enterovirus/filtering/reverse5334-5838.calculated2, /datater/wu/data/enterovirus/filtering/reverse8128-8632.calculated2, /datater/wu/data/enterovirus/filtering/reverse9144-9382.calculated2, /datater/wu/data/enterovirus/filtering/reverse4826-5330.calculated2, /datater/wu/data/enterovirus/filtering/reverse2794-3298.calculated2, /datater/wu/data/enterovirus/filtering/reverse6604-7108.calculated2, /datater/wu/data/enterovirus/filtering/reverse7366-7870.calculated2, /datater/wu/data/enterovirus/filtering/reverse2032-2536.calculated2, /datater/wu/data/enterovirus/filtering/reverse7112-7616.calculated2, /datater/wu/data/enterovirus/filtering/reverse8382-8886.calculated2, /datater/wu/data/enterovirus/filtering/reverse3048-3552.calculated2, /datater/wu/data/enterovirus/filtering/reverse1016-1520.calculated2, /datater/wu/data/enterovirus/filtering/reverse3302-3806.calculated2, /datater/wu/data/enterovirus/filtering/reverse5080-5584.calculated2, /datater/wu/data/enterovirus/filtering/reverse5842-6346.calculated2, /datater/wu/data/enterovirus/filtering/reverse1270-1774.calculated2, /datater/wu/data/enterovirus/filtering/reverse1778-2282.calculated2, /datater/wu/data/enterovirus/filtering/reverse8636-9140.calculated2, /datater/wu/data/enterovirus/filtering/reverse6858-7362.calculated2, /datater/wu/data/enterovirus/filtering/reverse508-1012.calculated2, /datater/wu/data/enterovirus/filtering/reverse7874-8378.calculated2, /datater/wu/data/enterovirus/filtering/reverse6096-6600.calculated2, /datater/wu/data/enterovirus/filtering/reverse3810-4314.calculated2, /datater/wu/data/enterovirus/filtering/reverse3556-4060.calculated2, /datater/wu/data/enterovirus/filtering/reverse2286-2790.calculated2, /datater/wu/data/enterovirus/filtering/reverse5588-6092.calculated2, /datater/wu/data/enterovirus/filtering/reverse8890-9394.calculated2, /datater/wu/data/enterovirus/filtering/reverse2540-3044.calculated2, /datater/wu/data/enterovirus/filtering/reverse4318-4822.calculated2, /datater/wu/data/enterovirus/filtering/reverse1524-2028.calculated2, /datater/wu/data/enterovirus/filtering/reverse7620-8124.calculated2, /datater/wu/data/enterovirus/filtering/reverse4572-5076.calculated2, /datater/wu/data/enterovirus/filtering/reverse254-758.calculated2, /datater/wu/data/enterovirus/filtering/reverse4064-4568.calculated2, /datater/wu/data/enterovirus/filtering/reverse6350-6854.calculated2, /datater/wu/data/enterovirus/filtering/reverse0-504.calculated2, /datater/wu/data/enterovirus/filtering/reverse762-1266.calculated2, /datater/wu/data/enterovirus/filtering/allOligos_reverse.calculated2, /datater/wu/data/enterovirus/filtering/allOligos_reverse.filtered, /datater/wu/data/enterovirus/checkSpecifity/allOligos_reverse.fasta
    jobid: 0

[Fri Mar 12 17:05:43 2021]
Finished job 0.
152 of 152 steps (100%) done
Complete log: /datater/wu/stage_m2/.snakemake/log/2021-03-12T170523.405928.snakemake.log
