Building DAG of jobs...
Using shell: /bin/bash
Provided cores: 12
Rules claiming more threads will be scaled down.
Conda environments: ignored
Job counts:
	count	jobs
	1	all
	1	dsk
	1	split_overlap_chunks
	3
Select jobs to execute...

[Mon Mar  1 15:16:53 2021]
rule split_overlap_chunks:
    input: /datater/wu/data/msa/enterovirus.msa.fasta
    output: /datater/wu/data/splitFiles/enterovirus.forward.['4590-5095', '2040-2545', '7650-8155', '6885-7390', '6630-7135', '0-505', '9180-9398', '4080-4585', '8670-9175', '7140-7645', '5865-6370', '255-760', '3570-4075', '1275-1780', '7395-7900', '8415-8920', '3315-3820', '4335-4840', '2550-3055', '6120-6625', '5355-5860', '8925-9430', '1530-2035', '8160-8665', '3825-4330', '1785-2290', '5610-6115', '1020-1525', '3060-3565', '7905-8410', '2295-2800', '6375-6880', '2805-3310', '765-1270', '5100-5605', '4845-5350', '510-1015'].fasta (dynamic), /datater/wu/data/splitFiles/enterovirus.reverse.['4590-5095', '2040-2545', '7650-8155', '6885-7390', '6630-7135', '0-505', '9180-9398', '4080-4585', '8670-9175', '7140-7645', '5865-6370', '255-760', '3570-4075', '1275-1780', '7395-7900', '8415-8920', '3315-3820', '4335-4840', '2550-3055', '6120-6625', '5355-5860', '8925-9430', '1530-2035', '8160-8665', '3825-4330', '1785-2290', '5610-6115', '1020-1525', '3060-3565', '7905-8410', '2295-2800', '6375-6880', '2805-3310', '765-1270', '5100-5605', '4845-5350', '510-1015'].fasta (dynamic)
    jobid: 5
    wildcards: sample=enterovirus, seg=['4590-5095', '2040-2545', '7650-8155', '6885-7390', '6630-7135', '0-505', '9180-9398', '4080-4585', '8670-9175', '7140-7645', '5865-6370', '255-760', '3570-4075', '1275-1780', '7395-7900', '8415-8920', '3315-3820', '4335-4840', '2550-3055', '6120-6625', '5355-5860', '8925-9430', '1530-2035', '8160-8665', '3825-4330', '1785-2290', '5610-6115', '1020-1525', '3060-3565', '7905-8410', '2295-2800', '6375-6880', '2805-3310', '765-1270', '5100-5605', '4845-5350', '510-1015']

Subsequent jobs will be added dynamically depending on the output of this job
Shutting down, this might take some time.
Exiting because a job execution failed. Look above for error message
Complete log: /datater/wu/stage_m2/.snakemake/log/2021-03-01T151653.182553.snakemake.log
