Building DAG of jobs...
Using shell: /bin/bash
Provided cores: 12
Rules claiming more threads will be scaled down.
Conda environments: ignored
Job counts:
	count	jobs
	1	all
	2	evaluation2
	3
Select jobs to execute...

[Mon Apr 26 11:32:16 2021]
rule evaluation2:
    input: /datater/wu/data/MSSPE-variant/enterovirus/kmer13/allOligo.set, /datater/wu/data/MSSPE-variant/enterovirus/kmer13/intermediate/aceID-taxID-species.tsv, /datater/wu/data/MSSPE-variant/enterovirus/kmer13/intermediate/allKmerCount.sorted.calculated.filtered.spec.bowtie
    output: /datater/wu/data/MSSPE-variant/enterovirus/kmer13/intermediate/allOligos_reverse.set.coverage
    jobid: 36
    wildcards: sample=enterovirus

[Mon Apr 26 11:32:16 2021]
rule evaluation2:
    input: /datater/wu/data/MSSPE-variant/zika/kmer13/allOligo.set, /datater/wu/data/MSSPE-variant/zika/kmer13/intermediate/aceID-taxID-species.tsv, /datater/wu/data/MSSPE-variant/zika/kmer13/intermediate/allKmerCount.sorted.calculated.filtered.spec.bowtie
    output: /datater/wu/data/MSSPE-variant/zika/kmer13/intermediate/allOligos_reverse.set.coverage
    jobid: 37
    wildcards: sample=zika

[Mon Apr 26 11:32:18 2021]
Finished job 37.
1 of 3 steps (33%) done
[Mon Apr 26 11:32:20 2021]
Finished job 36.
2 of 3 steps (67%) done
Select jobs to execute...

[Mon Apr 26 11:32:20 2021]
localrule all:
    input: /datater/wu/data/MSSPE-variant/enterovirus/enterovirus.uniq, /datater/wu/data/MSSPE-variant/zika/zika.uniq, /datater/wu/data/MSSPE-variant/enterovirus/kmer13/intermediate/allKmerCount.jf, /datater/wu/data/MSSPE-variant/zika/kmer13/intermediate/allKmerCount.jf, /datater/wu/data/MSSPE-variant/enterovirus/kmer13/intermediate/allKmerCount.txt, /datater/wu/data/MSSPE-variant/zika/kmer13/intermediate/allKmerCount.txt, /datater/wu/data/MSSPE-variant/enterovirus/kmer13/intermediate/allKmerCount.sorted.txt, /datater/wu/data/MSSPE-variant/zika/kmer13/intermediate/allKmerCount.sorted.txt, /datater/wu/data/MSSPE-variant/enterovirus/kmer13/allKmerCount.sorted.calculated.txt, /datater/wu/data/MSSPE-variant/zika/kmer13/allKmerCount.sorted.calculated.txt, /datater/wu/data/MSSPE-variant/enterovirus/kmer13/allKmerCount.sorted.calculated.filtered.txt, /datater/wu/data/MSSPE-variant/zika/kmer13/allKmerCount.sorted.calculated.filtered.txt, /datater/wu/data/MSSPE-variant/enterovirus/kmer13/intermediate/allKmerCount.sorted.calculated.filtered.fasta, /datater/wu/data/MSSPE-variant/zika/kmer13/intermediate/allKmerCount.sorted.calculated.filtered.fasta, /datater/wu/data/RefSeqProkaryota/RefSeqProkaryota.DB.1.ebwt, /datater/wu/data/RefSeqProkaryota/RefSeqProkaryota.DB.2.ebwt, /datater/wu/data/RefSeqProkaryota/RefSeqProkaryota.DB.3.ebwt, /datater/wu/data/RefSeqProkaryota/RefSeqProkaryota.DB.4.ebwt, /datater/wu/data/RefSeqProkaryota/RefSeqProkaryota.DB.rev.1.ebwt, /datater/wu/data/RefSeqProkaryota/RefSeqProkaryota.DB.rev.2.ebwt, /datater/wu/data/MSSPE-variant/enterovirus/kmer13/intermediate/allKmerCount.sorted.calculated.filtered.bowtie, /datater/wu/data/MSSPE-variant/zika/kmer13/intermediate/allKmerCount.sorted.calculated.filtered.bowtie, /datater/wu/data/MSSPE-variant/enterovirus/kmer13/allKmerCount.sorted.calculated.filtered.spec.txt, /datater/wu/data/MSSPE-variant/zika/kmer13/allKmerCount.sorted.calculated.filtered.spec.txt, /datater/wu/data/MSSPE-variant/enterovirus/enterovirus0.99.uniq, /datater/wu/data/MSSPE-variant/zika/zika0.99.uniq, /datater/wu/data/MSSPE-variant/enterovirus/enterovirus0.99.msa, /datater/wu/data/MSSPE-variant/zika/zika0.99.msa, /datater/wu/data/MSSPE-variant/enterovirus/kmer13/intermediate/allKmerCount.sorted.calculated.filtered.spec.fasta, /datater/wu/data/MSSPE-variant/zika/kmer13/intermediate/allKmerCount.sorted.calculated.filtered.spec.fasta, /datater/wu/data/MSSPE-variant/enterovirus/enterovirus0.99.msa.DB.1.ebwt, /datater/wu/data/MSSPE-variant/enterovirus/enterovirus0.99.msa.DB.2.ebwt, /datater/wu/data/MSSPE-variant/enterovirus/enterovirus0.99.msa.DB.3.ebwt, /datater/wu/data/MSSPE-variant/enterovirus/enterovirus0.99.msa.DB.4.ebwt, /datater/wu/data/MSSPE-variant/enterovirus/enterovirus0.99.msa.DB.rev.1.ebwt, /datater/wu/data/MSSPE-variant/enterovirus/enterovirus0.99.msa.DB.rev.2.ebwt, /datater/wu/data/MSSPE-variant/zika/zika0.99.msa.DB.1.ebwt, /datater/wu/data/MSSPE-variant/zika/zika0.99.msa.DB.2.ebwt, /datater/wu/data/MSSPE-variant/zika/zika0.99.msa.DB.3.ebwt, /datater/wu/data/MSSPE-variant/zika/zika0.99.msa.DB.4.ebwt, /datater/wu/data/MSSPE-variant/zika/zika0.99.msa.DB.rev.1.ebwt, /datater/wu/data/MSSPE-variant/zika/zika0.99.msa.DB.rev.2.ebwt, /datater/wu/data/MSSPE-variant/enterovirus/kmer13/intermediate/allKmerCount.sorted.calculated.filtered.spec.bowtie, /datater/wu/data/MSSPE-variant/zika/kmer13/intermediate/allKmerCount.sorted.calculated.filtered.spec.bowtie, /datater/wu/data/MSSPE-variant/enterovirus/kmer13/intermediate/allKmerCount.sorted.calculated.filtered.spec.position, /datater/wu/data/MSSPE-variant/zika/kmer13/intermediate/allKmerCount.sorted.calculated.filtered.spec.position, /datater/wu/data/MSSPE-variant/enterovirus/kmer13/allOligo.set, /datater/wu/data/MSSPE-variant/zika/kmer13/allOligo.set, /datater/wu/data/MSSPE-variant/enterovirus/kmer13/intermediate/aceID-taxID-species.tsv, /datater/wu/data/MSSPE-variant/zika/kmer13/intermediate/aceID-taxID-species.tsv, /datater/wu/data/MSSPE-variant/enterovirus/kmer13/intermediate/allOligos_reverse.set.coverage, /datater/wu/data/MSSPE-variant/zika/kmer13/intermediate/allOligos_reverse.set.coverage
    jobid: 0

[Mon Apr 26 11:32:20 2021]
Finished job 0.
3 of 3 steps (100%) done
Complete log: /datater/wu/MSSPE/.snakemake/log/2021-04-26T113216.124423.snakemake.log
