Building DAG of jobs...
Updating job aggregate_allReverseOligo.
Using shell: /bin/bash
Provided cores: 12
Rules claiming more threads will be scaled down.
Conda environments: ignored
Job counts:
	count	jobs
	1	all
	1	blastn_short
	2
Select jobs to execute...

[Thu Mar 18 11:06:13 2021]
rule blastn_short:
    input: /datater/wu/data/zika/checkSpecifity/allOligos_reverse.fasta
    output: /datater/wu/data/zika/checkSpecifity/blastn.out
    jobid: 1
    wildcards: sample=zika

[Thu Mar 18 11:06:15 2021]
Finished job 1.
1 of 2 steps (50%) done
Select jobs to execute...

[Thu Mar 18 11:06:15 2021]
localrule all:
    input: /datater/wu/data/zika/checkSpecifity/blastn.out
    jobid: 0

[Thu Mar 18 11:06:15 2021]
Finished job 0.
2 of 2 steps (100%) done
Complete log: /datater/wu/stage_m2/.snakemake/log/2021-03-18T110612.739115.snakemake.log
