Building DAG of jobs...
Using shell: /bin/bash
Provided cores: 12
Rules claiming more threads will be scaled down.
Conda environments: ignored
Job counts:
	count	jobs
	1	all
	43	filter_within_seg
	44
Select jobs to execute...

[Tue Mar  9 17:52:26 2021]
rule filter_within_seg:
    input: /datater/wu/data/zika/dsk/forward_2510-3011.kCountSorted
    output: /datater/wu/data/zika/primer3_Tm/forward_2510-3011.Tm
    jobid: 174
    wildcards: sample=zika, seg=2510-3011

[Tue Mar  9 17:52:26 2021]
rule filter_within_seg:
    input: /datater/wu/data/zika/dsk/forward_5271-5772.kCountSorted
    output: /datater/wu/data/zika/primer3_Tm/forward_5271-5772.Tm
    jobid: 143
    wildcards: sample=zika, seg=5271-5772

[Tue Mar  9 17:52:26 2021]
rule filter_within_seg:
    input: /datater/wu/data/zika/dsk/forward_1255-1756.kCountSorted
    output: /datater/wu/data/zika/primer3_Tm/forward_1255-1756.Tm
    jobid: 150
    wildcards: sample=zika, seg=1255-1756

[Tue Mar  9 17:52:26 2021]
rule filter_within_seg:
    input: /datater/wu/data/zika/dsk/forward_9287-9788.kCountSorted
    output: /datater/wu/data/zika/primer3_Tm/forward_9287-9788.Tm
    jobid: 158
    wildcards: sample=zika, seg=9287-9788

[Tue Mar  9 17:52:26 2021]
rule filter_within_seg:
    input: /datater/wu/data/zika/dsk/forward_6526-7027.kCountSorted
    output: /datater/wu/data/zika/primer3_Tm/forward_6526-7027.Tm
    jobid: 165
    wildcards: sample=zika, seg=6526-7027

[Tue Mar  9 17:52:26 2021]
rule filter_within_seg:
    input: /datater/wu/data/zika/dsk/forward_1004-1505.kCountSorted
    output: /datater/wu/data/zika/primer3_Tm/forward_1004-1505.Tm
    jobid: 173
    wildcards: sample=zika, seg=1004-1505

[Tue Mar  9 17:52:26 2021]
rule filter_within_seg:
    input: /datater/wu/data/zika/dsk/forward_3263-3764.kCountSorted
    output: /datater/wu/data/zika/primer3_Tm/forward_3263-3764.Tm
    jobid: 164
    wildcards: sample=zika, seg=3263-3764

[Tue Mar  9 17:52:26 2021]
rule filter_within_seg:
    input: /datater/wu/data/zika/dsk/forward_8283-8784.kCountSorted
    output: /datater/wu/data/zika/primer3_Tm/forward_8283-8784.Tm
    jobid: 142
    wildcards: sample=zika, seg=8283-8784

[Tue Mar  9 17:52:26 2021]
rule filter_within_seg:
    input: /datater/wu/data/zika/dsk/forward_2761-3262.kCountSorted
    output: /datater/wu/data/zika/primer3_Tm/forward_2761-3262.Tm
    jobid: 157
    wildcards: sample=zika, seg=2761-3262

[Tue Mar  9 17:52:26 2021]
rule filter_within_seg:
    input: /datater/wu/data/zika/dsk/forward_2008-2509.kCountSorted
    output: /datater/wu/data/zika/primer3_Tm/forward_2008-2509.Tm
    jobid: 149
    wildcards: sample=zika, seg=2008-2509

[Tue Mar  9 17:52:26 2021]
rule filter_within_seg:
    input: /datater/wu/data/zika/dsk/forward_3012-3513.kCountSorted
    output: /datater/wu/data/zika/primer3_Tm/forward_3012-3513.Tm
    jobid: 172
    wildcards: sample=zika, seg=3012-3513

[Tue Mar  9 17:52:26 2021]
rule filter_within_seg:
    input: /datater/wu/data/zika/dsk/forward_8785-9286.kCountSorted
    output: /datater/wu/data/zika/primer3_Tm/forward_8785-9286.Tm
    jobid: 179
    wildcards: sample=zika, seg=8785-9286

Shutting down, this might take some time.
Exiting because a job execution failed. Look above for error message
Complete log: /datater/wu/stage_m2/.snakemake/log/2021-03-09T175226.148536.snakemake.log
