Building DAG of jobs...
Updating job filtering2.
Using shell: /bin/bash
Provided cores: 4
Rules claiming more threads will be scaled down.
Conda environments: ignored
Job counts:
	count	jobs
	1	all
	43	filtering1
	1	filtering2
	1	filtering3
	46
Select jobs to execute...

[Thu Apr 29 11:47:56 2021]
rule filtering1:
    input: /datater/wu/data/MSSPE-basic/zika/kmer15/intermediate/reverse4518-5019.Kmercount.sorted.txt
    output: /datater/wu/data/MSSPE-basic/zika/kmer15/intermediate/reverse4518-5019.Kmercount.sorted.calculated.txt
    jobid: 159
    wildcards: sample=zika, seg=4518-5019

[Thu Apr 29 11:47:56 2021]
rule filtering1:
    input: /datater/wu/data/MSSPE-basic/zika/kmer15/intermediate/reverse1255-1756.Kmercount.sorted.txt
    output: /datater/wu/data/MSSPE-basic/zika/kmer15/intermediate/reverse1255-1756.Kmercount.sorted.calculated.txt
    jobid: 31
    wildcards: sample=zika, seg=1255-1756

[Thu Apr 29 11:47:56 2021]
rule filtering1:
    input: /datater/wu/data/MSSPE-basic/zika/kmer15/intermediate/reverse251-752.Kmercount.sorted.txt
    output: /datater/wu/data/MSSPE-basic/zika/kmer15/intermediate/reverse251-752.Kmercount.sorted.calculated.txt
    jobid: 131
    wildcards: sample=zika, seg=251-752

[Thu Apr 29 11:47:56 2021]
rule filtering1:
    input: /datater/wu/data/MSSPE-basic/zika/kmer15/intermediate/reverse9036-9537.Kmercount.sorted.txt
    output: /datater/wu/data/MSSPE-basic/zika/kmer15/intermediate/reverse9036-9537.Kmercount.sorted.calculated.txt
    jobid: 83
    wildcards: sample=zika, seg=9036-9537

[Thu Apr 29 11:47:57 2021]
Finished job 131.
1 of 46 steps (2%) done
Select jobs to execute...

[Thu Apr 29 11:47:57 2021]
rule filtering1:
    input: /datater/wu/data/MSSPE-basic/zika/kmer15/intermediate/reverse6275-6776.Kmercount.sorted.txt
    output: /datater/wu/data/MSSPE-basic/zika/kmer15/intermediate/reverse6275-6776.Kmercount.sorted.calculated.txt
    jobid: 135
    wildcards: sample=zika, seg=6275-6776

[Thu Apr 29 11:47:57 2021]
Finished job 159.
2 of 46 steps (4%) done
[Thu Apr 29 11:47:57 2021]
Finished job 83.
3 of 46 steps (7%) done
[Thu Apr 29 11:47:57 2021]
Finished job 31.
4 of 46 steps (9%) done
Select jobs to execute...

[Thu Apr 29 11:47:57 2021]
rule filtering1:
    input: /datater/wu/data/MSSPE-basic/zika/kmer15/intermediate/reverse10291-10780.Kmercount.sorted.txt
    output: /datater/wu/data/MSSPE-basic/zika/kmer15/intermediate/reverse10291-10780.Kmercount.sorted.calculated.txt
    jobid: 55
    wildcards: sample=zika, seg=10291-10780

[Thu Apr 29 11:47:57 2021]
rule filtering1:
    input: /datater/wu/data/MSSPE-basic/zika/kmer15/intermediate/reverse5522-6023.Kmercount.sorted.txt
    output: /datater/wu/data/MSSPE-basic/zika/kmer15/intermediate/reverse5522-6023.Kmercount.sorted.calculated.txt
    jobid: 91
    wildcards: sample=zika, seg=5522-6023

[Thu Apr 29 11:47:57 2021]
rule filtering1:
    input: /datater/wu/data/MSSPE-basic/zika/kmer15/intermediate/reverse2008-2509.Kmercount.sorted.txt
    output: /datater/wu/data/MSSPE-basic/zika/kmer15/intermediate/reverse2008-2509.Kmercount.sorted.calculated.txt
    jobid: 143
    wildcards: sample=zika, seg=2008-2509

Select jobs to execute...
Select jobs to execute...
[Thu Apr 29 11:47:58 2021]
Finished job 55.
5 of 46 steps (11%) done
Select jobs to execute...
[Thu Apr 29 11:47:58 2021]
Finished job 91.
6 of 46 steps (13%) done
[Thu Apr 29 11:47:58 2021]
Finished job 135.
7 of 46 steps (15%) done

[Thu Apr 29 11:47:58 2021]
rule filtering1:
    input: /datater/wu/data/MSSPE-basic/zika/kmer15/intermediate/reverse8534-9035.Kmercount.sorted.txt
    output: /datater/wu/data/MSSPE-basic/zika/kmer15/intermediate/reverse8534-9035.Kmercount.sorted.calculated.txt
    jobid: 75
    wildcards: sample=zika, seg=8534-9035

Select jobs to execute...

[Thu Apr 29 11:47:58 2021]
rule filtering1:
    input: /datater/wu/data/MSSPE-basic/zika/kmer15/intermediate/reverse8283-8784.Kmercount.sorted.txt
    output: /datater/wu/data/MSSPE-basic/zika/kmer15/intermediate/reverse8283-8784.Kmercount.sorted.calculated.txt
    jobid: 115
    wildcards: sample=zika, seg=8283-8784

[Thu Apr 29 11:47:58 2021]
rule filtering1:
    input: /datater/wu/data/MSSPE-basic/zika/kmer15/intermediate/reverse2259-2760.Kmercount.sorted.txt
    output: /datater/wu/data/MSSPE-basic/zika/kmer15/intermediate/reverse2259-2760.Kmercount.sorted.calculated.txt
    jobid: 23
    wildcards: sample=zika, seg=2259-2760

Select jobs to execute...
[Thu Apr 29 11:47:58 2021]
Finished job 143.
8 of 46 steps (17%) done
Select jobs to execute...

[Thu Apr 29 11:47:58 2021]
rule filtering1:
    input: /datater/wu/data/MSSPE-basic/zika/kmer15/intermediate/reverse6777-7278.Kmercount.sorted.txt
    output: /datater/wu/data/MSSPE-basic/zika/kmer15/intermediate/reverse6777-7278.Kmercount.sorted.calculated.txt
    jobid: 123
    wildcards: sample=zika, seg=6777-7278

[Thu Apr 29 11:47:59 2021]
Finished job 23.
9 of 46 steps (20%) done
Select jobs to execute...
[Thu Apr 29 11:47:59 2021]
Finished job 75.
10 of 46 steps (22%) done
[Thu Apr 29 11:47:59 2021]
Finished job 123.
11 of 46 steps (24%) done

[Thu Apr 29 11:47:59 2021]
rule filtering1:
    input: /datater/wu/data/MSSPE-basic/zika/kmer15/intermediate/reverse9538-10039.Kmercount.sorted.txt
    output: /datater/wu/data/MSSPE-basic/zika/kmer15/intermediate/reverse9538-10039.Kmercount.sorted.calculated.txt
    jobid: 71
    wildcards: sample=zika, seg=9538-10039

Select jobs to execute...
[Thu Apr 29 11:47:59 2021]
Finished job 115.
12 of 46 steps (26%) done

[Thu Apr 29 11:47:59 2021]
rule filtering1:
    input: /datater/wu/data/MSSPE-basic/zika/kmer15/intermediate/reverse3012-3513.Kmercount.sorted.txt
    output: /datater/wu/data/MSSPE-basic/zika/kmer15/intermediate/reverse3012-3513.Kmercount.sorted.calculated.txt
    jobid: 35
    wildcards: sample=zika, seg=3012-3513

[Thu Apr 29 11:47:59 2021]
rule filtering1:
    input: /datater/wu/data/MSSPE-basic/zika/kmer15/intermediate/reverse5020-5521.Kmercount.sorted.txt
    output: /datater/wu/data/MSSPE-basic/zika/kmer15/intermediate/reverse5020-5521.Kmercount.sorted.calculated.txt
    jobid: 127
    wildcards: sample=zika, seg=5020-5521

Select jobs to execute...

[Thu Apr 29 11:47:59 2021]
rule filtering1:
    input: /datater/wu/data/MSSPE-basic/zika/kmer15/intermediate/reverse9789-10290.Kmercount.sorted.txt
    output: /datater/wu/data/MSSPE-basic/zika/kmer15/intermediate/reverse9789-10290.Kmercount.sorted.calculated.txt
    jobid: 63
    wildcards: sample=zika, seg=9789-10290

Select jobs to execute...
[Thu Apr 29 11:48:00 2021]
Finished job 71.
13 of 46 steps (28%) done
Select jobs to execute...
[Thu Apr 29 11:48:00 2021]
Finished job 35.
14 of 46 steps (30%) done
[Thu Apr 29 11:48:00 2021]
Finished job 127.
15 of 46 steps (33%) done

[Thu Apr 29 11:48:00 2021]
rule filtering1:
    input: /datater/wu/data/MSSPE-basic/zika/kmer15/intermediate/reverse3514-4015.Kmercount.sorted.txt
    output: /datater/wu/data/MSSPE-basic/zika/kmer15/intermediate/reverse3514-4015.Kmercount.sorted.calculated.txt
    jobid: 27
    wildcards: sample=zika, seg=3514-4015

Select jobs to execute...
[Thu Apr 29 11:48:00 2021]
Finished job 63.
16 of 46 steps (35%) done

[Thu Apr 29 11:48:00 2021]
rule filtering1:
    input: /datater/wu/data/MSSPE-basic/zika/kmer15/intermediate/reverse7028-7529.Kmercount.sorted.txt
    output: /datater/wu/data/MSSPE-basic/zika/kmer15/intermediate/reverse7028-7529.Kmercount.sorted.calculated.txt
    jobid: 39
    wildcards: sample=zika, seg=7028-7529

[Thu Apr 29 11:48:00 2021]
rule filtering1:
    input: /datater/wu/data/MSSPE-basic/zika/kmer15/intermediate/reverse4267-4768.Kmercount.sorted.txt
    output: /datater/wu/data/MSSPE-basic/zika/kmer15/intermediate/reverse4267-4768.Kmercount.sorted.calculated.txt
    jobid: 103
    wildcards: sample=zika, seg=4267-4768

Select jobs to execute...

[Thu Apr 29 11:48:00 2021]
rule filtering1:
    input: /datater/wu/data/MSSPE-basic/zika/kmer15/intermediate/reverse6526-7027.Kmercount.sorted.txt
    output: /datater/wu/data/MSSPE-basic/zika/kmer15/intermediate/reverse6526-7027.Kmercount.sorted.calculated.txt
    jobid: 87
    wildcards: sample=zika, seg=6526-7027

Select jobs to execute...
[Thu Apr 29 11:48:01 2021]
Finished job 27.
17 of 46 steps (37%) done
Select jobs to execute...
[Thu Apr 29 11:48:01 2021]
Finished job 39.
18 of 46 steps (39%) done

[Thu Apr 29 11:48:01 2021]
rule filtering1:
    input: /datater/wu/data/MSSPE-basic/zika/kmer15/intermediate/reverse6024-6525.Kmercount.sorted.txt
    output: /datater/wu/data/MSSPE-basic/zika/kmer15/intermediate/reverse6024-6525.Kmercount.sorted.calculated.txt
    jobid: 139
    wildcards: sample=zika, seg=6024-6525

Select jobs to execute...
[Thu Apr 29 11:48:01 2021]
Finished job 103.
19 of 46 steps (41%) done

[Thu Apr 29 11:48:01 2021]
rule filtering1:
    input: /datater/wu/data/MSSPE-basic/zika/kmer15/intermediate/reverse7781-8282.Kmercount.sorted.txt
    output: /datater/wu/data/MSSPE-basic/zika/kmer15/intermediate/reverse7781-8282.Kmercount.sorted.calculated.txt
    jobid: 147
    wildcards: sample=zika, seg=7781-8282

Select jobs to execute...
[Thu Apr 29 11:48:01 2021]
Finished job 87.
20 of 46 steps (43%) done

[Thu Apr 29 11:48:01 2021]
rule filtering1:
    input: /datater/wu/data/MSSPE-basic/zika/kmer15/intermediate/reverse10040-10541.Kmercount.sorted.txt
    output: /datater/wu/data/MSSPE-basic/zika/kmer15/intermediate/reverse10040-10541.Kmercount.sorted.calculated.txt
    jobid: 19
    wildcards: sample=zika, seg=10040-10541

Select jobs to execute...

[Thu Apr 29 11:48:01 2021]
rule filtering1:
    input: /datater/wu/data/MSSPE-basic/zika/kmer15/intermediate/reverse3263-3764.Kmercount.sorted.txt
    output: /datater/wu/data/MSSPE-basic/zika/kmer15/intermediate/reverse3263-3764.Kmercount.sorted.calculated.txt
    jobid: 7
    wildcards: sample=zika, seg=3263-3764

[Thu Apr 29 11:48:02 2021]
Finished job 139.
21 of 46 steps (46%) done
Select jobs to execute...

[Thu Apr 29 11:48:02 2021]
rule filtering1:
    input: /datater/wu/data/MSSPE-basic/zika/kmer15/intermediate/reverse1757-2258.Kmercount.sorted.txt
    output: /datater/wu/data/MSSPE-basic/zika/kmer15/intermediate/reverse1757-2258.Kmercount.sorted.calculated.txt
    jobid: 79
    wildcards: sample=zika, seg=1757-2258

[Thu Apr 29 11:48:02 2021]
Finished job 19.
22 of 46 steps (48%) done
Select jobs to execute...
[Thu Apr 29 11:48:02 2021]
Finished job 147.
23 of 46 steps (50%) done

[Thu Apr 29 11:48:02 2021]
rule filtering1:
    input: /datater/wu/data/MSSPE-basic/zika/kmer15/intermediate/reverse2761-3262.Kmercount.sorted.txt
    output: /datater/wu/data/MSSPE-basic/zika/kmer15/intermediate/reverse2761-3262.Kmercount.sorted.calculated.txt
    jobid: 163
    wildcards: sample=zika, seg=2761-3262

Select jobs to execute...
[Thu Apr 29 11:48:02 2021]
Finished job 7.
24 of 46 steps (52%) done

[Thu Apr 29 11:48:02 2021]
rule filtering1:
    input: /datater/wu/data/MSSPE-basic/zika/kmer15/intermediate/reverse10542-10780.Kmercount.sorted.txt
    output: /datater/wu/data/MSSPE-basic/zika/kmer15/intermediate/reverse10542-10780.Kmercount.sorted.calculated.txt
    jobid: 11
    wildcards: sample=zika, seg=10542-10780

Select jobs to execute...

[Thu Apr 29 11:48:02 2021]
rule filtering1:
    input: /datater/wu/data/MSSPE-basic/zika/kmer15/intermediate/reverse5773-6274.Kmercount.sorted.txt
    output: /datater/wu/data/MSSPE-basic/zika/kmer15/intermediate/reverse5773-6274.Kmercount.sorted.calculated.txt
    jobid: 95
    wildcards: sample=zika, seg=5773-6274

[Thu Apr 29 11:48:02 2021]
Finished job 79.
25 of 46 steps (54%) done
Select jobs to execute...

[Thu Apr 29 11:48:02 2021]
rule filtering1:
    input: /datater/wu/data/MSSPE-basic/zika/kmer15/intermediate/reverse4769-5270.Kmercount.sorted.txt
    output: /datater/wu/data/MSSPE-basic/zika/kmer15/intermediate/reverse4769-5270.Kmercount.sorted.calculated.txt
    jobid: 51
    wildcards: sample=zika, seg=4769-5270

[Thu Apr 29 11:48:03 2021]
Finished job 163.
26 of 46 steps (57%) done
Select jobs to execute...

[Thu Apr 29 11:48:03 2021]
rule filtering1:
    input: /datater/wu/data/MSSPE-basic/zika/kmer15/intermediate/reverse8032-8533.Kmercount.sorted.txt
    output: /datater/wu/data/MSSPE-basic/zika/kmer15/intermediate/reverse8032-8533.Kmercount.sorted.calculated.txt
    jobid: 59
    wildcards: sample=zika, seg=8032-8533

[Thu Apr 29 11:48:03 2021]
Finished job 11.
27 of 46 steps (59%) done
Select jobs to execute...
[Thu Apr 29 11:48:03 2021]
Finished job 95.
28 of 46 steps (61%) done

[Thu Apr 29 11:48:03 2021]
rule filtering1:
    input: /datater/wu/data/MSSPE-basic/zika/kmer15/intermediate/reverse4016-4517.Kmercount.sorted.txt
    output: /datater/wu/data/MSSPE-basic/zika/kmer15/intermediate/reverse4016-4517.Kmercount.sorted.calculated.txt
    jobid: 171
    wildcards: sample=zika, seg=4016-4517

Select jobs to execute...

[Thu Apr 29 11:48:03 2021]
rule filtering1:
    input: /datater/wu/data/MSSPE-basic/zika/kmer15/intermediate/reverse9287-9788.Kmercount.sorted.txt
    output: /datater/wu/data/MSSPE-basic/zika/kmer15/intermediate/reverse9287-9788.Kmercount.sorted.calculated.txt
    jobid: 119
    wildcards: sample=zika, seg=9287-9788

[Thu Apr 29 11:48:03 2021]
Finished job 51.
29 of 46 steps (63%) done
Select jobs to execute...

[Thu Apr 29 11:48:03 2021]
rule filtering1:
    input: /datater/wu/data/MSSPE-basic/zika/kmer15/intermediate/reverse3765-4266.Kmercount.sorted.txt
    output: /datater/wu/data/MSSPE-basic/zika/kmer15/intermediate/reverse3765-4266.Kmercount.sorted.calculated.txt
    jobid: 111
    wildcards: sample=zika, seg=3765-4266

[Thu Apr 29 11:48:04 2021]
Finished job 59.
30 of 46 steps (65%) done
Select jobs to execute...

[Thu Apr 29 11:48:04 2021]
rule filtering1:
    input: /datater/wu/data/MSSPE-basic/zika/kmer15/intermediate/reverse2510-3011.Kmercount.sorted.txt
    output: /datater/wu/data/MSSPE-basic/zika/kmer15/intermediate/reverse2510-3011.Kmercount.sorted.calculated.txt
    jobid: 175
    wildcards: sample=zika, seg=2510-3011

[Thu Apr 29 11:48:04 2021]
Finished job 171.
31 of 46 steps (67%) done
Select jobs to execute...

[Thu Apr 29 11:48:04 2021]
rule filtering1:
    input: /datater/wu/data/MSSPE-basic/zika/kmer15/intermediate/reverse7530-8031.Kmercount.sorted.txt
    output: /datater/wu/data/MSSPE-basic/zika/kmer15/intermediate/reverse7530-8031.Kmercount.sorted.calculated.txt
    jobid: 151
    wildcards: sample=zika, seg=7530-8031

[Thu Apr 29 11:48:04 2021]
Finished job 119.
32 of 46 steps (70%) done
Select jobs to execute...

[Thu Apr 29 11:48:04 2021]
rule filtering1:
    input: /datater/wu/data/MSSPE-basic/zika/kmer15/intermediate/reverse7279-7780.Kmercount.sorted.txt
    output: /datater/wu/data/MSSPE-basic/zika/kmer15/intermediate/reverse7279-7780.Kmercount.sorted.calculated.txt
    jobid: 167
    wildcards: sample=zika, seg=7279-7780

[Thu Apr 29 11:48:04 2021]
Finished job 111.
33 of 46 steps (72%) done
Select jobs to execute...

[Thu Apr 29 11:48:04 2021]
rule filtering1:
    input: /datater/wu/data/MSSPE-basic/zika/kmer15/intermediate/reverse0-501.Kmercount.sorted.txt
    output: /datater/wu/data/MSSPE-basic/zika/kmer15/intermediate/reverse0-501.Kmercount.sorted.calculated.txt
    jobid: 107
    wildcards: sample=zika, seg=0-501

[Thu Apr 29 11:48:04 2021]
Finished job 175.
34 of 46 steps (74%) done
Select jobs to execute...

[Thu Apr 29 11:48:04 2021]
rule filtering1:
    input: /datater/wu/data/MSSPE-basic/zika/kmer15/intermediate/reverse1004-1505.Kmercount.sorted.txt
    output: /datater/wu/data/MSSPE-basic/zika/kmer15/intermediate/reverse1004-1505.Kmercount.sorted.calculated.txt
    jobid: 99
    wildcards: sample=zika, seg=1004-1505

[Thu Apr 29 11:48:04 2021]
Finished job 151.
35 of 46 steps (76%) done
Select jobs to execute...

[Thu Apr 29 11:48:05 2021]
rule filtering1:
    input: /datater/wu/data/MSSPE-basic/zika/kmer15/intermediate/reverse502-1003.Kmercount.sorted.txt
    output: /datater/wu/data/MSSPE-basic/zika/kmer15/intermediate/reverse502-1003.Kmercount.sorted.calculated.txt
    jobid: 67
    wildcards: sample=zika, seg=502-1003

[Thu Apr 29 11:48:05 2021]
Finished job 167.
36 of 46 steps (78%) done
Select jobs to execute...

[Thu Apr 29 11:48:05 2021]
rule filtering1:
    input: /datater/wu/data/MSSPE-basic/zika/kmer15/intermediate/reverse5271-5772.Kmercount.sorted.txt
    output: /datater/wu/data/MSSPE-basic/zika/kmer15/intermediate/reverse5271-5772.Kmercount.sorted.calculated.txt
    jobid: 47
    wildcards: sample=zika, seg=5271-5772

[Thu Apr 29 11:48:05 2021]
Finished job 107.
37 of 46 steps (80%) done
Select jobs to execute...

[Thu Apr 29 11:48:05 2021]
rule filtering1:
    input: /datater/wu/data/MSSPE-basic/zika/kmer15/intermediate/reverse753-1254.Kmercount.sorted.txt
    output: /datater/wu/data/MSSPE-basic/zika/kmer15/intermediate/reverse753-1254.Kmercount.sorted.calculated.txt
    jobid: 155
    wildcards: sample=zika, seg=753-1254

[Thu Apr 29 11:48:05 2021]
Finished job 99.
38 of 46 steps (83%) done
Select jobs to execute...

[Thu Apr 29 11:48:05 2021]
rule filtering1:
    input: /datater/wu/data/MSSPE-basic/zika/kmer15/intermediate/reverse8785-9286.Kmercount.sorted.txt
    output: /datater/wu/data/MSSPE-basic/zika/kmer15/intermediate/reverse8785-9286.Kmercount.sorted.calculated.txt
    jobid: 43
    wildcards: sample=zika, seg=8785-9286

[Thu Apr 29 11:48:05 2021]
Finished job 67.
39 of 46 steps (85%) done
Select jobs to execute...

[Thu Apr 29 11:48:05 2021]
rule filtering1:
    input: /datater/wu/data/MSSPE-basic/zika/kmer15/intermediate/reverse1506-2007.Kmercount.sorted.txt
    output: /datater/wu/data/MSSPE-basic/zika/kmer15/intermediate/reverse1506-2007.Kmercount.sorted.calculated.txt
    jobid: 15
    wildcards: sample=zika, seg=1506-2007

[Thu Apr 29 11:48:06 2021]
Finished job 47.
40 of 46 steps (87%) done
[Thu Apr 29 11:48:06 2021]
Finished job 155.
41 of 46 steps (89%) done
[Thu Apr 29 11:48:06 2021]
Finished job 15.
42 of 46 steps (91%) done
[Thu Apr 29 11:48:07 2021]
Finished job 43.
43 of 46 steps (93%) done
Select jobs to execute...

[Thu Apr 29 11:48:07 2021]
rule filtering2:
    input: /datater/wu/data/MSSPE-basic/zika/kmer15/intermediate/reverse3263-3764.Kmercount.sorted.calculated.txt, /datater/wu/data/MSSPE-basic/zika/kmer15/intermediate/reverse10542-10780.Kmercount.sorted.calculated.txt, /datater/wu/data/MSSPE-basic/zika/kmer15/intermediate/reverse1506-2007.Kmercount.sorted.calculated.txt, /datater/wu/data/MSSPE-basic/zika/kmer15/intermediate/reverse10040-10541.Kmercount.sorted.calculated.txt, /datater/wu/data/MSSPE-basic/zika/kmer15/intermediate/reverse2259-2760.Kmercount.sorted.calculated.txt, /datater/wu/data/MSSPE-basic/zika/kmer15/intermediate/reverse3514-4015.Kmercount.sorted.calculated.txt, /datater/wu/data/MSSPE-basic/zika/kmer15/intermediate/reverse1255-1756.Kmercount.sorted.calculated.txt, /datater/wu/data/MSSPE-basic/zika/kmer15/intermediate/reverse3012-3513.Kmercount.sorted.calculated.txt, /datater/wu/data/MSSPE-basic/zika/kmer15/intermediate/reverse7028-7529.Kmercount.sorted.calculated.txt, /datater/wu/data/MSSPE-basic/zika/kmer15/intermediate/reverse8785-9286.Kmercount.sorted.calculated.txt, /datater/wu/data/MSSPE-basic/zika/kmer15/intermediate/reverse5271-5772.Kmercount.sorted.calculated.txt, /datater/wu/data/MSSPE-basic/zika/kmer15/intermediate/reverse4769-5270.Kmercount.sorted.calculated.txt, /datater/wu/data/MSSPE-basic/zika/kmer15/intermediate/reverse10291-10780.Kmercount.sorted.calculated.txt, /datater/wu/data/MSSPE-basic/zika/kmer15/intermediate/reverse8032-8533.Kmercount.sorted.calculated.txt, /datater/wu/data/MSSPE-basic/zika/kmer15/intermediate/reverse9789-10290.Kmercount.sorted.calculated.txt, /datater/wu/data/MSSPE-basic/zika/kmer15/intermediate/reverse502-1003.Kmercount.sorted.calculated.txt, /datater/wu/data/MSSPE-basic/zika/kmer15/intermediate/reverse9538-10039.Kmercount.sorted.calculated.txt, /datater/wu/data/MSSPE-basic/zika/kmer15/intermediate/reverse8534-9035.Kmercount.sorted.calculated.txt, /datater/wu/data/MSSPE-basic/zika/kmer15/intermediate/reverse1757-2258.Kmercount.sorted.calculated.txt, /datater/wu/data/MSSPE-basic/zika/kmer15/intermediate/reverse9036-9537.Kmercount.sorted.calculated.txt, /datater/wu/data/MSSPE-basic/zika/kmer15/intermediate/reverse6526-7027.Kmercount.sorted.calculated.txt, /datater/wu/data/MSSPE-basic/zika/kmer15/intermediate/reverse5522-6023.Kmercount.sorted.calculated.txt, /datater/wu/data/MSSPE-basic/zika/kmer15/intermediate/reverse5773-6274.Kmercount.sorted.calculated.txt, /datater/wu/data/MSSPE-basic/zika/kmer15/intermediate/reverse1004-1505.Kmercount.sorted.calculated.txt, /datater/wu/data/MSSPE-basic/zika/kmer15/intermediate/reverse4267-4768.Kmercount.sorted.calculated.txt, /datater/wu/data/MSSPE-basic/zika/kmer15/intermediate/reverse0-501.Kmercount.sorted.calculated.txt, /datater/wu/data/MSSPE-basic/zika/kmer15/intermediate/reverse3765-4266.Kmercount.sorted.calculated.txt, /datater/wu/data/MSSPE-basic/zika/kmer15/intermediate/reverse8283-8784.Kmercount.sorted.calculated.txt, /datater/wu/data/MSSPE-basic/zika/kmer15/intermediate/reverse9287-9788.Kmercount.sorted.calculated.txt, /datater/wu/data/MSSPE-basic/zika/kmer15/intermediate/reverse6777-7278.Kmercount.sorted.calculated.txt, /datater/wu/data/MSSPE-basic/zika/kmer15/intermediate/reverse5020-5521.Kmercount.sorted.calculated.txt, /datater/wu/data/MSSPE-basic/zika/kmer15/intermediate/reverse251-752.Kmercount.sorted.calculated.txt, /datater/wu/data/MSSPE-basic/zika/kmer15/intermediate/reverse6275-6776.Kmercount.sorted.calculated.txt, /datater/wu/data/MSSPE-basic/zika/kmer15/intermediate/reverse6024-6525.Kmercount.sorted.calculated.txt, /datater/wu/data/MSSPE-basic/zika/kmer15/intermediate/reverse2008-2509.Kmercount.sorted.calculated.txt, /datater/wu/data/MSSPE-basic/zika/kmer15/intermediate/reverse7781-8282.Kmercount.sorted.calculated.txt, /datater/wu/data/MSSPE-basic/zika/kmer15/intermediate/reverse7530-8031.Kmercount.sorted.calculated.txt, /datater/wu/data/MSSPE-basic/zika/kmer15/intermediate/reverse753-1254.Kmercount.sorted.calculated.txt, /datater/wu/data/MSSPE-basic/zika/kmer15/intermediate/reverse4518-5019.Kmercount.sorted.calculated.txt, /datater/wu/data/MSSPE-basic/zika/kmer15/intermediate/reverse2761-3262.Kmercount.sorted.calculated.txt, /datater/wu/data/MSSPE-basic/zika/kmer15/intermediate/reverse7279-7780.Kmercount.sorted.calculated.txt, /datater/wu/data/MSSPE-basic/zika/kmer15/intermediate/reverse4016-4517.Kmercount.sorted.calculated.txt, /datater/wu/data/MSSPE-basic/zika/kmer15/intermediate/reverse2510-3011.Kmercount.sorted.calculated.txt
    output: /datater/wu/data/MSSPE-basic/zika/kmer15/allKmercount.sorted.calculated.txt
    jobid: 3
    wildcards: sample=zika

Shutting down, this might take some time.
Exiting because a job execution failed. Look above for error message
Complete log: /datater/wu/MSSPE/.snakemake/log/2021-04-29T114756.005823.snakemake.log
