Building DAG of jobs...
Using shell: /bin/bash
Provided cores: 12
Rules claiming more threads will be scaled down.
Conda environments: ignored
Job counts:
	count	jobs
	1	all
	74	kmc
	75
Select jobs to execute...

[Tue Mar  2 10:11:10 2021]
rule kmc:
    input: /datater/wu/data/splitFiles/enterovirus.reverse.8160-8665.fasta
    output: /datater/wu/data/kmerCounting/enterovirus.reverse.8160-8665.kmc_pre, /datater/wu/data/kmerCounting/enterovirus.reverse.8160-8665.kmc_suf
    jobid: 106
    wildcards: prefix=enterovirus.reverse.8160-8665


[Tue Mar  2 10:11:10 2021]
rule kmc:
    input: /datater/wu/data/splitFiles/enterovirus.reverse.6630-7135.fasta
    output: /datater/wu/data/kmerCounting/enterovirus.reverse.6630-7135.kmc_pre, /datater/wu/data/kmerCounting/enterovirus.reverse.6630-7135.kmc_suf
    jobid: 98
    wildcards: prefix=enterovirus.reverse.6630-7135


[Tue Mar  2 10:11:10 2021]
rule kmc:
    input: /datater/wu/data/splitFiles/enterovirus.forward.7650-8155.fasta
    output: /datater/wu/data/kmerCounting/enterovirus.forward.7650-8155.kmc_pre, /datater/wu/data/kmerCounting/enterovirus.forward.7650-8155.kmc_suf
    jobid: 8
    wildcards: prefix=enterovirus.forward.7650-8155


[Tue Mar  2 10:11:10 2021]
rule kmc:
    input: /datater/wu/data/splitFiles/enterovirus.forward.4080-4585.fasta
    output: /datater/wu/data/kmerCounting/enterovirus.forward.4080-4585.kmc_pre, /datater/wu/data/kmerCounting/enterovirus.forward.4080-4585.kmc_suf
    jobid: 30
    wildcards: prefix=enterovirus.forward.4080-4585


[Tue Mar  2 10:11:10 2021]
rule kmc:
    input: /datater/wu/data/splitFiles/enterovirus.reverse.8925-9430.fasta
    output: /datater/wu/data/kmerCounting/enterovirus.reverse.8925-9430.kmc_pre, /datater/wu/data/kmerCounting/enterovirus.reverse.8925-9430.kmc_suf
    jobid: 44
    wildcards: prefix=enterovirus.reverse.8925-9430


[Tue Mar  2 10:11:10 2021]
rule kmc:
    input: /datater/wu/data/splitFiles/enterovirus.reverse.1785-2290.fasta
    output: /datater/wu/data/kmerCounting/enterovirus.reverse.1785-2290.kmc_pre, /datater/wu/data/kmerCounting/enterovirus.reverse.1785-2290.kmc_suf
    jobid: 58
    wildcards: prefix=enterovirus.reverse.1785-2290


[Tue Mar  2 10:11:10 2021]
rule kmc:
    input: /datater/wu/data/splitFiles/enterovirus.forward.0-505.fasta
    output: /datater/wu/data/kmerCounting/enterovirus.forward.0-505.kmc_pre, /datater/wu/data/kmerCounting/enterovirus.forward.0-505.kmc_suf
    jobid: 22
    wildcards: prefix=enterovirus.forward.0-505


[Tue Mar  2 10:11:10 2021]
rule kmc:
    input: /datater/wu/data/splitFiles/enterovirus.forward.3570-4075.fasta
    output: /datater/wu/data/kmerCounting/enterovirus.forward.3570-4075.kmc_pre, /datater/wu/data/kmerCounting/enterovirus.forward.3570-4075.kmc_suf
    jobid: 51
    wildcards: prefix=enterovirus.forward.3570-4075


[Tue Mar  2 10:11:10 2021]
rule kmc:
    input: /datater/wu/data/splitFiles/enterovirus.reverse.1275-1780.fasta
    output: /datater/wu/data/kmerCounting/enterovirus.reverse.1275-1780.kmc_pre, /datater/wu/data/kmerCounting/enterovirus.reverse.1275-1780.kmc_suf
    jobid: 66
    wildcards: prefix=enterovirus.reverse.1275-1780


[Tue Mar  2 10:11:10 2021]
rule kmc:
    input: /datater/wu/data/splitFiles/enterovirus.forward.5355-5860.fasta
    output: /datater/wu/data/kmerCounting/enterovirus.forward.5355-5860.kmc_pre, /datater/wu/data/kmerCounting/enterovirus.forward.5355-5860.kmc_suf
    jobid: 73
    wildcards: prefix=enterovirus.forward.5355-5860


[Tue Mar  2 10:11:10 2021]
rule kmc:
    input: /datater/wu/data/splitFiles/enterovirus.forward.1530-2035.fasta
    output: /datater/wu/data/kmerCounting/enterovirus.forward.1530-2035.kmc_pre, /datater/wu/data/kmerCounting/enterovirus.forward.1530-2035.kmc_suf
    jobid: 81
    wildcards: prefix=enterovirus.forward.1530-2035


[Tue Mar  2 10:11:10 2021]
rule kmc:
    input: /datater/wu/data/splitFiles/enterovirus.reverse.2040-2545.fasta
    output: /datater/wu/data/kmerCounting/enterovirus.reverse.2040-2545.kmc_pre, /datater/wu/data/kmerCounting/enterovirus.reverse.2040-2545.kmc_suf
    jobid: 109
    wildcards: prefix=enterovirus.reverse.2040-2545

Waiting at most 5 seconds for missing files.
MissingOutputException in line 229 of /datater/wu/stage_m2/Snakefile:
Job Missing files after 5 seconds:
/datater/wu/data/kmerCounting/enterovirus.reverse.8160-8665.kmc_pre
/datater/wu/data/kmerCounting/enterovirus.reverse.8160-8665.kmc_suf
This might be due to filesystem latency. If that is the case, consider to increase the wait time with --latency-wait.
Job id: 106 completed successfully, but some output files are missing. 106
  File "/datater/wu/miniconda3/envs/snakemake/lib/python3.9/site-packages/snakemake/executors/__init__.py", line 583, in handle_job_success
  File "/datater/wu/miniconda3/envs/snakemake/lib/python3.9/site-packages/snakemake/executors/__init__.py", line 252, in handle_job_success
Waiting at most 5 seconds for missing files.
MissingOutputException in line 229 of /datater/wu/stage_m2/Snakefile:
Job Missing files after 5 seconds:
/datater/wu/data/kmerCounting/enterovirus.forward.4080-4585.kmc_pre
/datater/wu/data/kmerCounting/enterovirus.forward.4080-4585.kmc_suf
This might be due to filesystem latency. If that is the case, consider to increase the wait time with --latency-wait.
Job id: 30 completed successfully, but some output files are missing. 30
  File "/datater/wu/miniconda3/envs/snakemake/lib/python3.9/site-packages/snakemake/executors/__init__.py", line 583, in handle_job_success
  File "/datater/wu/miniconda3/envs/snakemake/lib/python3.9/site-packages/snakemake/executors/__init__.py", line 252, in handle_job_success
Waiting at most 5 seconds for missing files.
MissingOutputException in line 229 of /datater/wu/stage_m2/Snakefile:
Job Missing files after 5 seconds:
/datater/wu/data/kmerCounting/enterovirus.reverse.8925-9430.kmc_pre
/datater/wu/data/kmerCounting/enterovirus.reverse.8925-9430.kmc_suf
This might be due to filesystem latency. If that is the case, consider to increase the wait time with --latency-wait.
Job id: 44 completed successfully, but some output files are missing. 44
  File "/datater/wu/miniconda3/envs/snakemake/lib/python3.9/site-packages/snakemake/executors/__init__.py", line 583, in handle_job_success
  File "/datater/wu/miniconda3/envs/snakemake/lib/python3.9/site-packages/snakemake/executors/__init__.py", line 252, in handle_job_success
Waiting at most 5 seconds for missing files.
MissingOutputException in line 229 of /datater/wu/stage_m2/Snakefile:
Job Missing files after 5 seconds:
/datater/wu/data/kmerCounting/enterovirus.reverse.6630-7135.kmc_pre
/datater/wu/data/kmerCounting/enterovirus.reverse.6630-7135.kmc_suf
This might be due to filesystem latency. If that is the case, consider to increase the wait time with --latency-wait.
Job id: 98 completed successfully, but some output files are missing. 98
  File "/datater/wu/miniconda3/envs/snakemake/lib/python3.9/site-packages/snakemake/executors/__init__.py", line 583, in handle_job_success
  File "/datater/wu/miniconda3/envs/snakemake/lib/python3.9/site-packages/snakemake/executors/__init__.py", line 252, in handle_job_success
Waiting at most 5 seconds for missing files.
MissingOutputException in line 229 of /datater/wu/stage_m2/Snakefile:
Job Missing files after 5 seconds:
/datater/wu/data/kmerCounting/enterovirus.forward.7650-8155.kmc_pre
/datater/wu/data/kmerCounting/enterovirus.forward.7650-8155.kmc_suf
This might be due to filesystem latency. If that is the case, consider to increase the wait time with --latency-wait.
Job id: 8 completed successfully, but some output files are missing. 8
  File "/datater/wu/miniconda3/envs/snakemake/lib/python3.9/site-packages/snakemake/executors/__init__.py", line 583, in handle_job_success
  File "/datater/wu/miniconda3/envs/snakemake/lib/python3.9/site-packages/snakemake/executors/__init__.py", line 252, in handle_job_success
Waiting at most 5 seconds for missing files.
MissingOutputException in line 229 of /datater/wu/stage_m2/Snakefile:
Job Missing files after 5 seconds:
/datater/wu/data/kmerCounting/enterovirus.reverse.2040-2545.kmc_pre
/datater/wu/data/kmerCounting/enterovirus.reverse.2040-2545.kmc_suf
This might be due to filesystem latency. If that is the case, consider to increase the wait time with --latency-wait.
Job id: 109 completed successfully, but some output files are missing. 109
  File "/datater/wu/miniconda3/envs/snakemake/lib/python3.9/site-packages/snakemake/executors/__init__.py", line 583, in handle_job_success
  File "/datater/wu/miniconda3/envs/snakemake/lib/python3.9/site-packages/snakemake/executors/__init__.py", line 252, in handle_job_success
Waiting at most 5 seconds for missing files.
MissingOutputException in line 229 of /datater/wu/stage_m2/Snakefile:
Job Missing files after 5 seconds:
/datater/wu/data/kmerCounting/enterovirus.forward.0-505.kmc_pre
/datater/wu/data/kmerCounting/enterovirus.forward.0-505.kmc_suf
This might be due to filesystem latency. If that is the case, consider to increase the wait time with --latency-wait.
Job id: 22 completed successfully, but some output files are missing. 22
  File "/datater/wu/miniconda3/envs/snakemake/lib/python3.9/site-packages/snakemake/executors/__init__.py", line 583, in handle_job_success
  File "/datater/wu/miniconda3/envs/snakemake/lib/python3.9/site-packages/snakemake/executors/__init__.py", line 252, in handle_job_success
Waiting at most 5 seconds for missing files.
MissingOutputException in line 229 of /datater/wu/stage_m2/Snakefile:
Job Missing files after 5 seconds:
/datater/wu/data/kmerCounting/enterovirus.reverse.1785-2290.kmc_pre
/datater/wu/data/kmerCounting/enterovirus.reverse.1785-2290.kmc_suf
This might be due to filesystem latency. If that is the case, consider to increase the wait time with --latency-wait.
Job id: 58 completed successfully, but some output files are missing. 58
  File "/datater/wu/miniconda3/envs/snakemake/lib/python3.9/site-packages/snakemake/executors/__init__.py", line 583, in handle_job_success
  File "/datater/wu/miniconda3/envs/snakemake/lib/python3.9/site-packages/snakemake/executors/__init__.py", line 252, in handle_job_success
Waiting at most 5 seconds for missing files.
Terminating processes on user request, this might take some time.
Cancelling snakemake on user request.
