Building DAG of jobs...
Updating job filtering2.
Using shell: /bin/bash
Provided cores: 12
Rules claiming more threads will be scaled down.
Conda environments: ignored
Job counts:
	count	jobs
	1	MSA
	1	all
	43	calculateKmer_sort
	2	checkHeterodimer
	43	countKmer1
	43	countKmer2
	2	evaluation2
	43	filtering1
	2	filtering2
	2	filtering3
	2	specific1
	2	specific3
	2	specific4
	1	splitIntoOverlappingWindows
	189
Select jobs to execute...

[Fri Apr 23 17:50:43 2021]
rule countKmer1:
    input: /datater/wu/data/MSSPE-basic/zika/splitFiles/reverse2008-2509.fasta
    output: /datater/wu/data/MSSPE-basic/zika/kmer15/intermediate/reverse2008-2509.jf
    jobid: 164
    wildcards: sample=zika, seg=2008-2509


[Fri Apr 23 17:50:43 2021]
rule countKmer1:
    input: /datater/wu/data/MSSPE-basic/zika/splitFiles/reverse251-752.fasta
    output: /datater/wu/data/MSSPE-basic/zika/kmer15/intermediate/reverse251-752.jf
    jobid: 152
    wildcards: sample=zika, seg=251-752


[Fri Apr 23 17:50:43 2021]
rule countKmer1:
    input: /datater/wu/data/MSSPE-basic/zika/splitFiles/reverse5271-5772.fasta
    output: /datater/wu/data/MSSPE-basic/zika/kmer15/intermediate/reverse5271-5772.jf
    jobid: 68
    wildcards: sample=zika, seg=5271-5772


[Fri Apr 23 17:50:43 2021]
rule countKmer1:
    input: /datater/wu/data/MSSPE-basic/zika/splitFiles/reverse10291-10780.fasta
    output: /datater/wu/data/MSSPE-basic/zika/kmer15/intermediate/reverse10291-10780.jf
    jobid: 76
    wildcards: sample=zika, seg=10291-10780


[Fri Apr 23 17:50:43 2021]
rule countKmer1:
    input: /datater/wu/data/MSSPE-basic/zika/splitFiles/reverse0-501.fasta
    output: /datater/wu/data/MSSPE-basic/zika/kmer15/intermediate/reverse0-501.jf
    jobid: 128
    wildcards: sample=zika, seg=0-501


[Fri Apr 23 17:50:43 2021]
rule countKmer1:
    input: /datater/wu/data/MSSPE-basic/zika/splitFiles/reverse7279-7780.fasta
    output: /datater/wu/data/MSSPE-basic/zika/kmer15/intermediate/reverse7279-7780.jf
    jobid: 188
    wildcards: sample=zika, seg=7279-7780


[Fri Apr 23 17:50:43 2021]
rule countKmer1:
    input: /datater/wu/data/MSSPE-basic/zika/splitFiles/reverse1004-1505.fasta
    output: /datater/wu/data/MSSPE-basic/zika/kmer15/intermediate/reverse1004-1505.jf
    jobid: 120
    wildcards: sample=zika, seg=1004-1505


[Fri Apr 23 17:50:43 2021]
rule countKmer1:
    input: /datater/wu/data/MSSPE-basic/zika/splitFiles/reverse5522-6023.fasta
    output: /datater/wu/data/MSSPE-basic/zika/kmer15/intermediate/reverse5522-6023.jf
    jobid: 112
    wildcards: sample=zika, seg=5522-6023


[Fri Apr 23 17:50:43 2021]
rule countKmer1:
    input: /datater/wu/data/MSSPE-basic/zika/splitFiles/reverse1255-1756.fasta
    output: /datater/wu/data/MSSPE-basic/zika/kmer15/intermediate/reverse1255-1756.jf
    jobid: 52
    wildcards: sample=zika, seg=1255-1756


[Fri Apr 23 17:50:43 2021]
rule countKmer1:
    input: /datater/wu/data/MSSPE-basic/zika/splitFiles/reverse7028-7529.fasta
    output: /datater/wu/data/MSSPE-basic/zika/kmer15/intermediate/reverse7028-7529.jf
    jobid: 60
    wildcards: sample=zika, seg=7028-7529


[Fri Apr 23 17:50:43 2021]
rule countKmer1:
    input: /datater/wu/data/MSSPE-basic/zika/splitFiles/reverse7530-8031.fasta
    output: /datater/wu/data/MSSPE-basic/zika/kmer15/intermediate/reverse7530-8031.jf
    jobid: 172
    wildcards: sample=zika, seg=7530-8031


[Fri Apr 23 17:50:43 2021]
rule countKmer1:
    input: /datater/wu/data/MSSPE-basic/zika/splitFiles/reverse4518-5019.fasta
    output: /datater/wu/data/MSSPE-basic/zika/kmer15/intermediate/reverse4518-5019.jf
    jobid: 180
    wildcards: sample=zika, seg=4518-5019

[Fri Apr 23 18:14:16 2021]
Finished job 52.
1 of 189 steps (0.53%) done
Select jobs to execute...

[Fri Apr 23 18:14:16 2021]
rule countKmer1:
    input: /datater/wu/data/MSSPE-basic/zika/splitFiles/reverse1506-2007.fasta
    output: /datater/wu/data/MSSPE-basic/zika/kmer15/intermediate/reverse1506-2007.jf
    jobid: 36
    wildcards: sample=zika, seg=1506-2007

[Fri Apr 23 18:14:38 2021]
Finished job 188.
2 of 189 steps (1%) done
Select jobs to execute...

[Fri Apr 23 18:14:38 2021]
rule countKmer1:
    input: /datater/wu/data/MSSPE-basic/zika/splitFiles/reverse8534-9035.fasta
    output: /datater/wu/data/MSSPE-basic/zika/kmer15/intermediate/reverse8534-9035.jf
    jobid: 96
    wildcards: sample=zika, seg=8534-9035

[Fri Apr 23 18:14:38 2021]
Finished job 76.
3 of 189 steps (2%) done
Select jobs to execute...

[Fri Apr 23 18:14:38 2021]
rule countKmer1:
    input: /datater/wu/data/MSSPE-basic/zika/splitFiles/reverse6275-6776.fasta
    output: /datater/wu/data/MSSPE-basic/zika/kmer15/intermediate/reverse6275-6776.jf
    jobid: 156
    wildcards: sample=zika, seg=6275-6776

[Fri Apr 23 18:14:40 2021]
Finished job 164.
4 of 189 steps (2%) done
Select jobs to execute...

[Fri Apr 23 18:14:40 2021]
rule countKmer2:
    input: /datater/wu/data/MSSPE-basic/zika/kmer15/intermediate/reverse2008-2509.jf
    output: /datater/wu/data/MSSPE-basic/zika/kmer15/intermediate/reverse2008-2509.Kmercount.txt
    jobid: 163
    wildcards: sample=zika, seg=2008-2509

[Fri Apr 23 18:14:41 2021]
Finished job 163.
5 of 189 steps (3%) done
Select jobs to execute...

[Fri Apr 23 18:14:41 2021]
rule countKmer1:
    input: /datater/wu/data/MSSPE-basic/zika/splitFiles/reverse5020-5521.fasta
    output: /datater/wu/data/MSSPE-basic/zika/kmer15/intermediate/reverse5020-5521.jf
    jobid: 148
    wildcards: sample=zika, seg=5020-5521

[Fri Apr 23 18:14:43 2021]
Finished job 60.
6 of 189 steps (3%) done
Select jobs to execute...

[Fri Apr 23 18:14:43 2021]
rule countKmer1:
    input: /datater/wu/data/MSSPE-basic/zika/splitFiles/reverse2259-2760.fasta
    output: /datater/wu/data/MSSPE-basic/zika/kmer15/intermediate/reverse2259-2760.jf
    jobid: 44
    wildcards: sample=zika, seg=2259-2760

[Fri Apr 23 18:14:44 2021]
Finished job 120.
7 of 189 steps (4%) done
Select jobs to execute...

[Fri Apr 23 18:14:44 2021]
rule countKmer1:
    input: /datater/wu/data/MSSPE-basic/zika/splitFiles/reverse9036-9537.fasta
    output: /datater/wu/data/MSSPE-basic/zika/kmer15/intermediate/reverse9036-9537.jf
    jobid: 104
    wildcards: sample=zika, seg=9036-9537

[Fri Apr 23 18:17:24 2021]
Finished job 112.
8 of 189 steps (4%) done
Select jobs to execute...

[Fri Apr 23 18:17:24 2021]
rule countKmer2:
    input: /datater/wu/data/MSSPE-basic/zika/kmer15/intermediate/reverse1255-1756.jf
    output: /datater/wu/data/MSSPE-basic/zika/kmer15/intermediate/reverse1255-1756.Kmercount.txt
    jobid: 51
    wildcards: sample=zika, seg=1255-1756

[Fri Apr 23 18:17:24 2021]
Finished job 51.
9 of 189 steps (5%) done
Select jobs to execute...

[Fri Apr 23 18:17:25 2021]
rule calculateKmer_sort:
    input: /datater/wu/data/MSSPE-basic/zika/kmer15/intermediate/reverse1255-1756.Kmercount.txt
    output: /datater/wu/data/MSSPE-basic/zika/kmer15/intermediate/reverse1255-1756.Kmercount.sorted.txt
    jobid: 50
    wildcards: sample=zika, seg=1255-1756

[Fri Apr 23 18:17:25 2021]
Finished job 50.
10 of 189 steps (5%) done
Select jobs to execute...

[Fri Apr 23 18:17:25 2021]
rule countKmer1:
    input: /datater/wu/data/MSSPE-basic/zika/splitFiles/reverse3263-3764.fasta
    output: /datater/wu/data/MSSPE-basic/zika/kmer15/intermediate/reverse3263-3764.jf
    jobid: 28
    wildcards: sample=zika, seg=3263-3764

[Fri Apr 23 18:17:25 2021]
Finished job 128.
11 of 189 steps (6%) done
Select jobs to execute...

[Fri Apr 23 18:17:25 2021]
rule countKmer2:
    input: /datater/wu/data/MSSPE-basic/zika/kmer15/intermediate/reverse7028-7529.jf
    output: /datater/wu/data/MSSPE-basic/zika/kmer15/intermediate/reverse7028-7529.Kmercount.txt
    jobid: 59
    wildcards: sample=zika, seg=7028-7529

[Fri Apr 23 18:17:25 2021]
Finished job 59.
12 of 189 steps (6%) done
Select jobs to execute...

[Fri Apr 23 18:17:25 2021]
rule calculateKmer_sort:
    input: /datater/wu/data/MSSPE-basic/zika/kmer15/intermediate/reverse7028-7529.Kmercount.txt
    output: /datater/wu/data/MSSPE-basic/zika/kmer15/intermediate/reverse7028-7529.Kmercount.sorted.txt
    jobid: 58
    wildcards: sample=zika, seg=7028-7529

[Fri Apr 23 18:17:25 2021]
Finished job 58.
13 of 189 steps (7%) done
Select jobs to execute...

[Fri Apr 23 18:17:25 2021]
rule countKmer1:
    input: /datater/wu/data/MSSPE-basic/zika/splitFiles/reverse9287-9788.fasta
    output: /datater/wu/data/MSSPE-basic/zika/kmer15/intermediate/reverse9287-9788.jf
    jobid: 140
    wildcards: sample=zika, seg=9287-9788

[Fri Apr 23 18:17:26 2021]
Finished job 68.
14 of 189 steps (7%) done
Select jobs to execute...

[Fri Apr 23 18:17:26 2021]
rule countKmer2:
    input: /datater/wu/data/MSSPE-basic/zika/kmer15/intermediate/reverse1004-1505.jf
    output: /datater/wu/data/MSSPE-basic/zika/kmer15/intermediate/reverse1004-1505.Kmercount.txt
    jobid: 119
    wildcards: sample=zika, seg=1004-1505

[Fri Apr 23 18:17:26 2021]
Finished job 119.
15 of 189 steps (8%) done
Select jobs to execute...

[Fri Apr 23 18:17:27 2021]
rule calculateKmer_sort:
    input: /datater/wu/data/MSSPE-basic/zika/kmer15/intermediate/reverse1004-1505.Kmercount.txt
    output: /datater/wu/data/MSSPE-basic/zika/kmer15/intermediate/reverse1004-1505.Kmercount.sorted.txt
    jobid: 118
    wildcards: sample=zika, seg=1004-1505

[Fri Apr 23 18:17:27 2021]
Finished job 118.
16 of 189 steps (8%) done
Select jobs to execute...

[Fri Apr 23 18:17:27 2021]
rule countKmer2:
    input: /datater/wu/data/MSSPE-basic/zika/kmer15/intermediate/reverse5522-6023.jf
    output: /datater/wu/data/MSSPE-basic/zika/kmer15/intermediate/reverse5522-6023.Kmercount.txt
    jobid: 111
    wildcards: sample=zika, seg=5522-6023

[Fri Apr 23 18:17:27 2021]
Finished job 111.
17 of 189 steps (9%) done
Select jobs to execute...

[Fri Apr 23 18:17:27 2021]
rule calculateKmer_sort:
    input: /datater/wu/data/MSSPE-basic/zika/kmer15/intermediate/reverse5522-6023.Kmercount.txt
    output: /datater/wu/data/MSSPE-basic/zika/kmer15/intermediate/reverse5522-6023.Kmercount.sorted.txt
    jobid: 110
    wildcards: sample=zika, seg=5522-6023

[Fri Apr 23 18:17:27 2021]
Finished job 110.
18 of 189 steps (10%) done
Select jobs to execute...

[Fri Apr 23 18:17:27 2021]
rule countKmer2:
    input: /datater/wu/data/MSSPE-basic/zika/kmer15/intermediate/reverse7279-7780.jf
    output: /datater/wu/data/MSSPE-basic/zika/kmer15/intermediate/reverse7279-7780.Kmercount.txt
    jobid: 187
    wildcards: sample=zika, seg=7279-7780

[Fri Apr 23 18:17:27 2021]
Finished job 187.
19 of 189 steps (10%) done
Select jobs to execute...

[Fri Apr 23 18:17:27 2021]
rule calculateKmer_sort:
    input: /datater/wu/data/MSSPE-basic/zika/kmer15/intermediate/reverse7279-7780.Kmercount.txt
    output: /datater/wu/data/MSSPE-basic/zika/kmer15/intermediate/reverse7279-7780.Kmercount.sorted.txt
    jobid: 186
    wildcards: sample=zika, seg=7279-7780

[Fri Apr 23 18:17:27 2021]
Finished job 186.
20 of 189 steps (11%) done
Select jobs to execute...

[Fri Apr 23 18:17:27 2021]
rule filtering1:
    input: /datater/wu/data/MSSPE-basic/zika/kmer15/intermediate/reverse7279-7780.Kmercount.sorted.txt
    output: /datater/wu/data/MSSPE-basic/zika/kmer15/intermediate/reverse7279-7780.Kmercount.sorted.calculated.txt
    jobid: 185
    wildcards: sample=zika, seg=7279-7780

[Fri Apr 23 18:17:28 2021]
Finished job 185.
21 of 189 steps (11%) done
Select jobs to execute...

[Fri Apr 23 18:17:28 2021]
rule countKmer1:
    input: /datater/wu/data/MSSPE-basic/zika/splitFiles/reverse9538-10039.fasta
    output: /datater/wu/data/MSSPE-basic/zika/kmer15/intermediate/reverse9538-10039.jf
    jobid: 92
    wildcards: sample=zika, seg=9538-10039

[Fri Apr 23 18:17:32 2021]
Finished job 180.
22 of 189 steps (12%) done
Select jobs to execute...

[Fri Apr 23 18:17:32 2021]
rule countKmer1:
    input: /datater/wu/data/MSSPE-basic/zika/splitFiles/reverse10040-10541.fasta
    output: /datater/wu/data/MSSPE-basic/zika/kmer15/intermediate/reverse10040-10541.jf
    jobid: 40
    wildcards: sample=zika, seg=10040-10541

[Fri Apr 23 18:17:35 2021]
Finished job 152.
23 of 189 steps (12%) done
Select jobs to execute...

[Fri Apr 23 18:17:35 2021]
rule countKmer1:
    input: /datater/wu/data/MSSPE-basic/zika/splitFiles/reverse1757-2258.fasta
    output: /datater/wu/data/MSSPE-basic/zika/kmer15/intermediate/reverse1757-2258.jf
    jobid: 100
    wildcards: sample=zika, seg=1757-2258

[Fri Apr 23 18:17:38 2021]
Finished job 172.
24 of 189 steps (13%) done
Select jobs to execute...

[Fri Apr 23 18:17:38 2021]
rule countKmer1:
    input: /datater/wu/data/MSSPE-basic/zika/splitFiles/reverse6024-6525.fasta
    output: /datater/wu/data/MSSPE-basic/zika/kmer15/intermediate/reverse6024-6525.jf
    jobid: 160
    wildcards: sample=zika, seg=6024-6525

