Building DAG of jobs...
Using shell: /bin/bash
Provided cores: 12
Rules claiming more threads will be scaled down.
Conda environments: ignored
Job counts:
	count	jobs
	1	MSA
	1	all
	1	checkHeterodimer
	1	countAllKmer1
	1	countAllKmer2
	1	evaluation2
	1	evaluation3
	1	filtering1
	1	filtering2
	1	getKmerPosition1
	1	getKmerPosition2
	1	getKmerPosition3
	1	getKmerPosition4
	1	sortAllKmer
	1	specific1
	1	specific3
	1	specific4
	17
Select jobs to execute...

[Sun May  2 12:38:14 2021]
rule MSA:
    input: /datater/wu/data/MSSPE-variant/enterovirusCurated/enterovirusCurated0.99.uniq
    output: /datater/wu/data/MSSPE-variant/enterovirusCurated/enterovirusCurated0.99.msa
    log: /datater/wu/data/MSSPE-variant/enterovirusCurated/log/mafft.log
    jobid: 12
    wildcards: sample=enterovirusCurated


[Sun May  2 12:38:14 2021]
rule countAllKmer1:
    input: /datater/wu/data/enterovirusCurated.fasta
    output: /datater/wu/data/MSSPE-variant/enterovirusCurated/kmer13/intermediate/allKmerCount.int.kmc_pre, /datater/wu/data/MSSPE-variant/enterovirusCurated/kmer13/intermediate/allKmerCount.int.kmc_suf
    jobid: 2
    wildcards: sample=enterovirusCurated

[Sun May  2 12:38:38 2021]
Finished job 2.
1 of 17 steps (6%) done
Select jobs to execute...

[Sun May  2 12:38:39 2021]
rule countAllKmer2:
    input: /datater/wu/data/MSSPE-variant/enterovirusCurated/kmer13/intermediate/allKmerCount.int.kmc_pre, /datater/wu/data/MSSPE-variant/enterovirusCurated/kmer13/intermediate/allKmerCount.int.kmc_suf
    output: /datater/wu/data/MSSPE-variant/enterovirusCurated/kmer13/intermediate/allKmerCount.txt
    jobid: 3
    wildcards: sample=enterovirusCurated

[Sun May  2 12:38:39 2021]
Finished job 3.
2 of 17 steps (12%) done
Select jobs to execute...

[Sun May  2 12:38:39 2021]
rule sortAllKmer:
    input: /datater/wu/data/MSSPE-variant/enterovirusCurated/kmer13/intermediate/allKmerCount.txt
    output: /datater/wu/data/MSSPE-variant/enterovirusCurated/kmer13/intermediate/allKmerCount.sorted.txt
    jobid: 4
    wildcards: sample=enterovirusCurated

[Sun May  2 12:38:39 2021]
Finished job 4.
3 of 17 steps (18%) done
Select jobs to execute...

[Sun May  2 12:38:39 2021]
rule filtering1:
    input: /datater/wu/data/MSSPE-variant/enterovirusCurated/kmer13/intermediate/allKmerCount.sorted.txt
    output: /datater/wu/data/MSSPE-variant/enterovirusCurated/kmer13/allKmerCount.sorted.calculated.txt
    jobid: 5
    wildcards: sample=enterovirusCurated

[Sun May  2 12:39:02 2021]
Finished job 5.
4 of 17 steps (24%) done
Select jobs to execute...

[Sun May  2 12:39:02 2021]
rule filtering2:
    input: /datater/wu/data/MSSPE-variant/enterovirusCurated/kmer13/allKmerCount.sorted.calculated.txt
    output: /datater/wu/data/MSSPE-variant/enterovirusCurated/kmer13/allKmerCount.sorted.calculated.filtered.txt
    jobid: 6
    wildcards: sample=enterovirusCurated

[Sun May  2 12:39:05 2021]
Finished job 6.
5 of 17 steps (29%) done
Select jobs to execute...

[Sun May  2 12:39:05 2021]
rule specific1:
    input: /datater/wu/data/MSSPE-variant/enterovirusCurated/kmer13/allKmerCount.sorted.calculated.filtered.txt
    output: /datater/wu/data/MSSPE-variant/enterovirusCurated/kmer13/intermediate/allKmerCount.sorted.calculated.filtered.fasta
    jobid: 7
    wildcards: sample=enterovirusCurated

[Sun May  2 12:39:06 2021]
Finished job 7.
6 of 17 steps (35%) done
Select jobs to execute...

[Sun May  2 12:39:06 2021]
rule specific3:
    input: /datater/wu/data/MSSPE-variant/enterovirusCurated/kmer13/intermediate/allKmerCount.sorted.calculated.filtered.fasta, /datater/wu/data/RefSeqProkaryota/RefSeqProkaryota.fna.DB.1.ebwt, /datater/wu/data/RefSeqProkaryota/RefSeqProkaryota.fna.DB.2.ebwt, /datater/wu/data/RefSeqProkaryota/RefSeqProkaryota.fna.DB.3.ebwt, /datater/wu/data/RefSeqProkaryota/RefSeqProkaryota.fna.DB.4.ebwt, /datater/wu/data/RefSeqProkaryota/RefSeqProkaryota.fna.DB.rev.1.ebwt, /datater/wu/data/RefSeqProkaryota/RefSeqProkaryota.fna.DB.rev.2.ebwt
    output: /datater/wu/data/MSSPE-variant/enterovirusCurated/kmer13/intermediate/allKmerCount.sorted.calculated.filtered.bowtie
    jobid: 9
    wildcards: sample=enterovirusCurated

[Sun May  2 12:39:07 2021]
Finished job 9.
7 of 17 steps (41%) done
Select jobs to execute...

[Sun May  2 12:39:07 2021]
rule specific4:
    input: /datater/wu/data/MSSPE-variant/enterovirusCurated/kmer13/intermediate/allKmerCount.sorted.calculated.filtered.bowtie, /datater/wu/data/MSSPE-variant/enterovirusCurated/kmer13/allKmerCount.sorted.calculated.filtered.txt
    output: /datater/wu/data/MSSPE-variant/enterovirusCurated/kmer13/allKmerCount.sorted.calculated.filtered.spec.txt
    jobid: 10
    wildcards: sample=enterovirusCurated

[Sun May  2 12:39:08 2021]
Finished job 10.
8 of 17 steps (47%) done
Select jobs to execute...

[Sun May  2 12:39:08 2021]
rule getKmerPosition1:
    input: /datater/wu/data/MSSPE-variant/enterovirusCurated/kmer13/allKmerCount.sorted.calculated.filtered.spec.txt
    output: /datater/wu/data/MSSPE-variant/enterovirusCurated/kmer13/intermediate/allKmerCount.sorted.calculated.filtered.spec.fasta
    jobid: 13
    wildcards: sample=enterovirusCurated

[Sun May  2 12:39:09 2021]
Finished job 13.
9 of 17 steps (53%) done
[Sun May  2 12:39:35 2021]
Finished job 12.
10 of 17 steps (59%) done
Select jobs to execute...

[Sun May  2 12:39:35 2021]
rule getKmerPosition2:
    input: /datater/wu/data/MSSPE-variant/enterovirusCurated/enterovirusCurated0.99.msa
    output: /datater/wu/data/MSSPE-variant/enterovirusCurated/enterovirusCurated0.99.msa.DB.1.ebwt, /datater/wu/data/MSSPE-variant/enterovirusCurated/enterovirusCurated0.99.msa.DB.2.ebwt, /datater/wu/data/MSSPE-variant/enterovirusCurated/enterovirusCurated0.99.msa.DB.3.ebwt, /datater/wu/data/MSSPE-variant/enterovirusCurated/enterovirusCurated0.99.msa.DB.4.ebwt, /datater/wu/data/MSSPE-variant/enterovirusCurated/enterovirusCurated0.99.msa.DB.rev.1.ebwt, /datater/wu/data/MSSPE-variant/enterovirusCurated/enterovirusCurated0.99.msa.DB.rev.2.ebwt
    jobid: 14
    wildcards: sample=enterovirusCurated

[Sun May  2 12:39:35 2021]
Finished job 14.
11 of 17 steps (65%) done
Select jobs to execute...

[Sun May  2 12:39:35 2021]
rule getKmerPosition3:
    input: /datater/wu/data/MSSPE-variant/enterovirusCurated/kmer13/intermediate/allKmerCount.sorted.calculated.filtered.spec.fasta, /datater/wu/data/MSSPE-variant/enterovirusCurated/enterovirusCurated0.99.msa.DB.1.ebwt, /datater/wu/data/MSSPE-variant/enterovirusCurated/enterovirusCurated0.99.msa.DB.2.ebwt, /datater/wu/data/MSSPE-variant/enterovirusCurated/enterovirusCurated0.99.msa.DB.3.ebwt, /datater/wu/data/MSSPE-variant/enterovirusCurated/enterovirusCurated0.99.msa.DB.4.ebwt, /datater/wu/data/MSSPE-variant/enterovirusCurated/enterovirusCurated0.99.msa.DB.rev.1.ebwt, /datater/wu/data/MSSPE-variant/enterovirusCurated/enterovirusCurated0.99.msa.DB.rev.2.ebwt
    output: /datater/wu/data/MSSPE-variant/enterovirusCurated/kmer13/intermediate/allKmerCount.sorted.calculated.filtered.spec.bowtie
    jobid: 15
    wildcards: sample=enterovirusCurated

[Sun May  2 12:39:36 2021]
Finished job 15.
12 of 17 steps (71%) done
Select jobs to execute...

[Sun May  2 12:39:36 2021]
rule getKmerPosition4:
    input: /datater/wu/data/MSSPE-variant/enterovirusCurated/kmer13/intermediate/allKmerCount.sorted.calculated.filtered.spec.bowtie, /datater/wu/data/MSSPE-variant/enterovirusCurated/kmer13/allKmerCount.sorted.calculated.filtered.spec.txt
    output: /datater/wu/data/MSSPE-variant/enterovirusCurated/kmer13/intermediate/allKmerCount.sorted.calculated.filtered.spec.position
    jobid: 16
    wildcards: sample=enterovirusCurated

[Sun May  2 12:39:38 2021]
Finished job 16.
13 of 17 steps (76%) done
Select jobs to execute...

[Sun May  2 12:39:38 2021]
rule checkHeterodimer:
    input: /datater/wu/data/MSSPE-variant/enterovirusCurated/enterovirusCurated0.99.msa, /datater/wu/data/MSSPE-variant/enterovirusCurated/kmer13/intermediate/allKmerCount.sorted.calculated.filtered.spec.position
    output: /datater/wu/data/MSSPE-variant/enterovirusCurated/kmer13/allOligo.set
    jobid: 17
    wildcards: sample=enterovirusCurated

[Sun May  2 12:39:40 2021]
Finished job 17.
14 of 17 steps (82%) done
Select jobs to execute...

[Sun May  2 12:39:40 2021]
rule evaluation3:
    input: /datater/wu/data/MSSPE-variant/enterovirusCurated/kmer13/allOligo.set
    output: /datater/wu/data/MSSPE-variant/enterovirusCurated/kmer13/evaluation/allOligo_after3.tsv
    jobid: 20
    wildcards: sample=enterovirusCurated


[Sun May  2 12:39:40 2021]
rule evaluation2:
    input: /datater/wu/data/MSSPE-variant/enterovirusCurated/kmer13/allOligo.set, /datater/wu/data/MSSPE-variant/enterovirusCurated/kmer13/intermediate/aceID-taxID-species.tsv, /datater/wu/data/MSSPE-variant/enterovirusCurated/kmer13/intermediate/allKmerCount.sorted.calculated.filtered.spec.bowtie
    output: /datater/wu/data/MSSPE-variant/enterovirusCurated/kmer13/evaluation/allOligo.set.coverage
    jobid: 19
    wildcards: sample=enterovirusCurated

[Sun May  2 12:39:40 2021]
Finished job 20.
15 of 17 steps (88%) done
[Sun May  2 12:39:42 2021]
Finished job 19.
16 of 17 steps (94%) done
Select jobs to execute...

[Sun May  2 12:39:42 2021]
localrule all:
    input: /datater/wu/data/MSSPE-variant/enterovirusCurated/enterovirusCurated.uniq, /datater/wu/data/MSSPE-variant/enterovirusCurated/kmer13/intermediate/allKmerCount.int.kmc_pre, /datater/wu/data/MSSPE-variant/enterovirusCurated/kmer13/intermediate/allKmerCount.int.kmc_suf, /datater/wu/data/MSSPE-variant/enterovirusCurated/kmer13/intermediate/allKmerCount.txt, /datater/wu/data/MSSPE-variant/enterovirusCurated/kmer13/intermediate/allKmerCount.sorted.txt, /datater/wu/data/MSSPE-variant/enterovirusCurated/kmer13/allKmerCount.sorted.calculated.txt, /datater/wu/data/MSSPE-variant/enterovirusCurated/kmer13/allKmerCount.sorted.calculated.filtered.txt, /datater/wu/data/MSSPE-variant/enterovirusCurated/kmer13/intermediate/allKmerCount.sorted.calculated.filtered.fasta, /datater/wu/data/RefSeqProkaryota/RefSeqProkaryota.fna.DB.1.ebwt, /datater/wu/data/RefSeqProkaryota/RefSeqProkaryota.fna.DB.2.ebwt, /datater/wu/data/RefSeqProkaryota/RefSeqProkaryota.fna.DB.3.ebwt, /datater/wu/data/RefSeqProkaryota/RefSeqProkaryota.fna.DB.4.ebwt, /datater/wu/data/RefSeqProkaryota/RefSeqProkaryota.fna.DB.rev.1.ebwt, /datater/wu/data/RefSeqProkaryota/RefSeqProkaryota.fna.DB.rev.2.ebwt, /datater/wu/data/MSSPE-variant/enterovirusCurated/kmer13/intermediate/allKmerCount.sorted.calculated.filtered.bowtie, /datater/wu/data/MSSPE-variant/enterovirusCurated/kmer13/allKmerCount.sorted.calculated.filtered.spec.txt, /datater/wu/data/MSSPE-variant/enterovirusCurated/enterovirusCurated0.99.uniq, /datater/wu/data/MSSPE-variant/enterovirusCurated/enterovirusCurated0.99.msa, /datater/wu/data/MSSPE-variant/enterovirusCurated/kmer13/intermediate/allKmerCount.sorted.calculated.filtered.spec.fasta, /datater/wu/data/MSSPE-variant/enterovirusCurated/enterovirusCurated0.99.msa.DB.1.ebwt, /datater/wu/data/MSSPE-variant/enterovirusCurated/enterovirusCurated0.99.msa.DB.2.ebwt, /datater/wu/data/MSSPE-variant/enterovirusCurated/enterovirusCurated0.99.msa.DB.3.ebwt, /datater/wu/data/MSSPE-variant/enterovirusCurated/enterovirusCurated0.99.msa.DB.4.ebwt, /datater/wu/data/MSSPE-variant/enterovirusCurated/enterovirusCurated0.99.msa.DB.rev.1.ebwt, /datater/wu/data/MSSPE-variant/enterovirusCurated/enterovirusCurated0.99.msa.DB.rev.2.ebwt, /datater/wu/data/MSSPE-variant/enterovirusCurated/kmer13/intermediate/allKmerCount.sorted.calculated.filtered.spec.bowtie, /datater/wu/data/MSSPE-variant/enterovirusCurated/kmer13/intermediate/allKmerCount.sorted.calculated.filtered.spec.position, /datater/wu/data/MSSPE-variant/enterovirusCurated/kmer13/allOligo.set, /datater/wu/data/MSSPE-variant/enterovirusCurated/kmer13/intermediate/aceID-taxID-species.tsv, /datater/wu/data/MSSPE-variant/enterovirusCurated/kmer13/evaluation/allOligo.set.coverage, /datater/wu/data/MSSPE-variant/enterovirusCurated/kmer13/evaluation/allOligo_after3.tsv
    jobid: 0

[Sun May  2 12:39:42 2021]
Finished job 0.
17 of 17 steps (100%) done
Complete log: /datater/wu/MSSPE/.snakemake/log/2021-05-02T123813.667066.snakemake.log
