Building DAG of jobs...
Updating job dskForward.
Updating job all.
Using shell: /bin/bash
Provided cores: 12
Rules claiming more threads will be scaled down.
Conda environments: ignored
Job counts:
	count	jobs
	1	all
	43	dskForwardOutputSort
	44
Select jobs to execute...

[Thu Mar  4 14:06:19 2021]
rule dskForwardOutputSort:
    input: /home/meijun/Documents/data/kmerCounting/zika/forward/9789-10290.txt
    output: /home/meijun/Documents/data/kmerCounting/zika/forward/9789-10290.sort
    jobid: 114
    wildcards: sample=zika, seg=9789-10290

[Thu Mar  4 14:06:19 2021]
rule dskForwardOutputSort:
    input: /home/meijun/Documents/data/kmerCounting/zika/forward/1506-2007.txt
    output: /home/meijun/Documents/data/kmerCounting/zika/forward/1506-2007.sort
    jobid: 98
    wildcards: sample=zika, seg=1506-2007

[Thu Mar  4 14:06:19 2021]
rule dskForwardOutputSort:
    input: /home/meijun/Documents/data/kmerCounting/zika/forward/2008-2509.txt
    output: /home/meijun/Documents/data/kmerCounting/zika/forward/2008-2509.sort
    jobid: 105
    wildcards: sample=zika, seg=2008-2509

[Thu Mar  4 14:06:19 2021]
rule dskForwardOutputSort:
    input: /home/meijun/Documents/data/kmerCounting/zika/forward/5271-5772.txt
    output: /home/meijun/Documents/data/kmerCounting/zika/forward/5271-5772.sort
    jobid: 113
    wildcards: sample=zika, seg=5271-5772

[Thu Mar  4 14:06:19 2021]
rule dskForwardOutputSort:
    input: /home/meijun/Documents/data/kmerCounting/zika/forward/8283-8784.txt
    output: /home/meijun/Documents/data/kmerCounting/zika/forward/8283-8784.sort
    jobid: 120
    wildcards: sample=zika, seg=8283-8784

[Thu Mar  4 14:06:19 2021]
rule dskForwardOutputSort:
    input: /home/meijun/Documents/data/kmerCounting/zika/forward/6777-7278.txt
    output: /home/meijun/Documents/data/kmerCounting/zika/forward/6777-7278.sort
    jobid: 128
    wildcards: sample=zika, seg=6777-7278

[Thu Mar  4 14:06:19 2021]
rule dskForwardOutputSort:
    input: /home/meijun/Documents/data/kmerCounting/zika/forward/8785-9286.txt
    output: /home/meijun/Documents/data/kmerCounting/zika/forward/8785-9286.sort
    jobid: 119
    wildcards: sample=zika, seg=8785-9286

[Thu Mar  4 14:06:19 2021]
rule dskForwardOutputSort:
    input: /home/meijun/Documents/data/kmerCounting/zika/forward/8534-9035.txt
    output: /home/meijun/Documents/data/kmerCounting/zika/forward/8534-9035.sort
    jobid: 112
    wildcards: sample=zika, seg=8534-9035

[Thu Mar  4 14:06:19 2021]
rule dskForwardOutputSort:
    input: /home/meijun/Documents/data/kmerCounting/zika/forward/3012-3513.txt
    output: /home/meijun/Documents/data/kmerCounting/zika/forward/3012-3513.sort
    jobid: 97
    wildcards: sample=zika, seg=3012-3513

[Thu Mar  4 14:06:19 2021]
rule dskForwardOutputSort:
    input: /home/meijun/Documents/data/kmerCounting/zika/forward/2259-2760.txt
    output: /home/meijun/Documents/data/kmerCounting/zika/forward/2259-2760.sort
    jobid: 104
    wildcards: sample=zika, seg=2259-2760

[Thu Mar  4 14:06:19 2021]
rule dskForwardOutputSort:
    input: /home/meijun/Documents/data/kmerCounting/zika/forward/6275-6776.txt
    output: /home/meijun/Documents/data/kmerCounting/zika/forward/6275-6776.sort
    jobid: 127
    wildcards: sample=zika, seg=6275-6776

[Thu Mar  4 14:06:19 2021]
rule dskForwardOutputSort:
    input: /home/meijun/Documents/data/kmerCounting/zika/forward/5773-6274.txt
    output: /home/meijun/Documents/data/kmerCounting/zika/forward/5773-6274.sort
    jobid: 134
    wildcards: sample=zika, seg=5773-6274

[Thu Mar  4 14:06:20 2021]
Finished job 98.
1 of 44 steps (2%) done
Select jobs to execute...
[Thu Mar  4 14:06:20 2021]
Finished job 114.
2 of 44 steps (5%) done
[Thu Mar  4 14:06:20 2021]
Finished job 113.
3 of 44 steps (7%) done
[Thu Mar  4 14:06:20 2021]
Finished job 128.
4 of 44 steps (9%) done
[Thu Mar  4 14:06:20 2021]
Finished job 119.
5 of 44 steps (11%) done

[Thu Mar  4 14:06:20 2021]
rule dskForwardOutputSort:
    input: /home/meijun/Documents/data/kmerCounting/zika/forward/9538-10039.txt
    output: /home/meijun/Documents/data/kmerCounting/zika/forward/9538-10039.sort
    jobid: 137
    wildcards: sample=zika, seg=9538-10039

Select jobs to execute...
[Thu Mar  4 14:06:20 2021]
Finished job 134.
6 of 44 steps (14%) done
[Thu Mar  4 14:06:20 2021]
Finished job 105.
7 of 44 steps (16%) done
[Thu Mar  4 14:06:20 2021]
Finished job 104.
8 of 44 steps (18%) done

[Thu Mar  4 14:06:20 2021]
rule dskForwardOutputSort:
    input: /home/meijun/Documents/data/kmerCounting/zika/forward/1004-1505.txt
    output: /home/meijun/Documents/data/kmerCounting/zika/forward/1004-1505.sort
    jobid: 138
    wildcards: sample=zika, seg=1004-1505

[Thu Mar  4 14:06:20 2021]
rule dskForwardOutputSort:
    input: /home/meijun/Documents/data/kmerCounting/zika/forward/9287-9788.txt
    output: /home/meijun/Documents/data/kmerCounting/zika/forward/9287-9788.sort
    jobid: 111
    wildcards: sample=zika, seg=9287-9788

[Thu Mar  4 14:06:20 2021]
Finished job 120.
9 of 44 steps (20%) done

[Thu Mar  4 14:06:20 2021]
rule dskForwardOutputSort:
    input: /home/meijun/Documents/data/kmerCounting/zika/forward/3514-4015.txt
    output: /home/meijun/Documents/data/kmerCounting/zika/forward/3514-4015.sort
    jobid: 123
    wildcards: sample=zika, seg=3514-4015

[Thu Mar  4 14:06:20 2021]
rule dskForwardOutputSort:
    input: /home/meijun/Documents/data/kmerCounting/zika/forward/7530-8031.txt
    output: /home/meijun/Documents/data/kmerCounting/zika/forward/7530-8031.sort
    jobid: 130
    wildcards: sample=zika, seg=7530-8031
[Thu Mar  4 14:06:20 2021]

Finished job 97.
10 of 44 steps (23%) done
Select jobs to execute...
[Thu Mar  4 14:06:20 2021]
Finished job 112.
11 of 44 steps (25%) done

[Thu Mar  4 14:06:20 2021]
rule dskForwardOutputSort:
    input: /home/meijun/Documents/data/kmerCounting/zika/forward/7028-7529.txt
    output: /home/meijun/Documents/data/kmerCounting/zika/forward/7028-7529.sort
    jobid: 109
    wildcards: sample=zika, seg=7028-7529

[Thu Mar  4 14:06:20 2021]
rule dskForwardOutputSort:
    input: /home/meijun/Documents/data/kmerCounting/zika/forward/2510-3011.txt
    output: /home/meijun/Documents/data/kmerCounting/zika/forward/2510-3011.sort
    jobid: 116
    wildcards: sample=zika, seg=2510-3011

[Thu Mar  4 14:06:20 2021]
rule dskForwardOutputSort:
    input: /home/meijun/Documents/data/kmerCounting/zika/forward/4769-5270.txt
    output: /home/meijun/Documents/data/kmerCounting/zika/forward/4769-5270.sort
    jobid: 101
    wildcards: sample=zika, seg=4769-5270

[Thu Mar  4 14:06:20 2021]
rule dskForwardOutputSort:
    input: /home/meijun/Documents/data/kmerCounting/zika/forward/4267-4768.txt
    output: /home/meijun/Documents/data/kmerCounting/zika/forward/4267-4768.sort
    jobid: 126
    wildcards: sample=zika, seg=4267-4768

[Thu Mar  4 14:06:20 2021]
Finished job 127.
12 of 44 steps (27%) done

[Thu Mar  4 14:06:20 2021]
rule dskForwardOutputSort:
    input: /home/meijun/Documents/data/kmerCounting/zika/forward/6526-7027.txt
    output: /home/meijun/Documents/data/kmerCounting/zika/forward/6526-7027.sort
    jobid: 115
    wildcards: sample=zika, seg=6526-7027

Select jobs to execute...

[Thu Mar  4 14:06:20 2021]
rule dskForwardOutputSort:
    input: /home/meijun/Documents/data/kmerCounting/zika/forward/10291-10792.txt
    output: /home/meijun/Documents/data/kmerCounting/zika/forward/10291-10792.sort
    jobid: 106
    wildcards: sample=zika, seg=10291-10792

[Thu Mar  4 14:06:20 2021]
rule dskForwardOutputSort:
    input: /home/meijun/Documents/data/kmerCounting/zika/forward/1757-2258.txt
    output: /home/meijun/Documents/data/kmerCounting/zika/forward/1757-2258.sort
    jobid: 102
    wildcards: sample=zika, seg=1757-2258

Select jobs to execute...
Select jobs to execute...
Select jobs to execute...
Select jobs to execute...
Select jobs to execute...
Select jobs to execute...
Select jobs to execute...
Select jobs to execute...
[Thu Mar  4 14:06:21 2021]
Finished job 137.
13 of 44 steps (30%) done
[Thu Mar  4 14:06:21 2021]
Finished job 123.
14 of 44 steps (32%) done
Select jobs to execute...
[Thu Mar  4 14:06:21 2021]
Finished job 138.
15 of 44 steps (34%) done

[Thu Mar  4 14:06:21 2021]
rule dskForwardOutputSort:
    input: /home/meijun/Documents/data/kmerCounting/zika/forward/5020-5521.txt
    output: /home/meijun/Documents/data/kmerCounting/zika/forward/5020-5521.sort
    jobid: 121
    wildcards: sample=zika, seg=5020-5521

[Thu Mar  4 14:06:21 2021]
rule dskForwardOutputSort:
    input: /home/meijun/Documents/data/kmerCounting/zika/forward/3263-3764.txt
    output: /home/meijun/Documents/data/kmerCounting/zika/forward/3263-3764.sort
    jobid: 110
    wildcards: sample=zika, seg=3263-3764

Select jobs to execute...
[Thu Mar  4 14:06:21 2021]
Finished job 130.
16 of 44 steps (36%) done
[Thu Mar  4 14:06:21 2021]
Finished job 109.
17 of 44 steps (39%) done

[Thu Mar  4 14:06:21 2021]
rule dskForwardOutputSort:
    input: /home/meijun/Documents/data/kmerCounting/zika/forward/502-1003.txt
    output: /home/meijun/Documents/data/kmerCounting/zika/forward/502-1003.sort
    jobid: 107
    wildcards: sample=zika, seg=502-1003

Select jobs to execute...
[Thu Mar  4 14:06:21 2021]
Finished job 116.
18 of 44 steps (41%) done
[Thu Mar  4 14:06:21 2021]
Finished job 111.
19 of 44 steps (43%) done
[Thu Mar  4 14:06:22 2021]
Finished job 126.
20 of 44 steps (45%) done

[Thu Mar  4 14:06:22 2021]
rule dskForwardOutputSort:
    input: /home/meijun/Documents/data/kmerCounting/zika/forward/4518-5019.txt
    output: /home/meijun/Documents/data/kmerCounting/zika/forward/4518-5019.sort
    jobid: 108
    wildcards: sample=zika, seg=4518-5019

[Thu Mar  4 14:06:22 2021]
rule dskForwardOutputSort:
    input: /home/meijun/Documents/data/kmerCounting/zika/forward/7279-7780.txt
    output: /home/meijun/Documents/data/kmerCounting/zika/forward/7279-7780.sort
    jobid: 122
    wildcards: sample=zika, seg=7279-7780

[Thu Mar  4 14:06:22 2021]
rule dskForwardOutputSort:
    input: /home/meijun/Documents/data/kmerCounting/zika/forward/10542-10780.txt
    output: /home/meijun/Documents/data/kmerCounting/zika/forward/10542-10780.sort
    jobid: 99
    wildcards: sample=zika, seg=10542-10780

[Thu Mar  4 14:06:22 2021]
rule dskForwardOutputSort:
    input: /home/meijun/Documents/data/kmerCounting/zika/forward/6024-6525.txt
    output: /home/meijun/Documents/data/kmerCounting/zika/forward/6024-6525.sort
    jobid: 100
    wildcards: sample=zika, seg=6024-6525

Select jobs to execute...
[Thu Mar  4 14:06:22 2021]
Finished job 115.
21 of 44 steps (48%) done
[Thu Mar  4 14:06:22 2021]
Finished job 102.
22 of 44 steps (50%) done
[Thu Mar  4 14:06:22 2021]
Finished job 106.
23 of 44 steps (52%) done

[Thu Mar  4 14:06:22 2021]
rule dskForwardOutputSort:
    input: /home/meijun/Documents/data/kmerCounting/zika/forward/0-501.txt
    output: /home/meijun/Documents/data/kmerCounting/zika/forward/0-501.sort
    jobid: 124
    wildcards: sample=zika, seg=0-501

[Thu Mar  4 14:06:22 2021]
rule dskForwardOutputSort:
    input: /home/meijun/Documents/data/kmerCounting/zika/forward/10040-10541.txt
    output: /home/meijun/Documents/data/kmerCounting/zika/forward/10040-10541.sort
    jobid: 139
    wildcards: sample=zika, seg=10040-10541

Select jobs to execute...
[Thu Mar  4 14:06:22 2021]
Finished job 101.
24 of 44 steps (55%) done

[Thu Mar  4 14:06:22 2021]
rule dskForwardOutputSort:
    input: /home/meijun/Documents/data/kmerCounting/zika/forward/8032-8533.txt
    output: /home/meijun/Documents/data/kmerCounting/zika/forward/8032-8533.sort
    jobid: 118
    wildcards: sample=zika, seg=8032-8533

[Thu Mar  4 14:06:22 2021]
rule dskForwardOutputSort:
    input: /home/meijun/Documents/data/kmerCounting/zika/forward/2761-3262.txt
    output: /home/meijun/Documents/data/kmerCounting/zika/forward/2761-3262.sort
    jobid: 133
    wildcards: sample=zika, seg=2761-3262

Select jobs to execute...

[Thu Mar  4 14:06:22 2021]
rule dskForwardOutputSort:
    input: /home/meijun/Documents/data/kmerCounting/zika/forward/753-1254.txt
    output: /home/meijun/Documents/data/kmerCounting/zika/forward/753-1254.sort
    jobid: 136
    wildcards: sample=zika, seg=753-1254

Select jobs to execute...
Select jobs to execute...
Select jobs to execute...
Select jobs to execute...
Select jobs to execute...
Select jobs to execute...
[Thu Mar  4 14:06:23 2021]
Finished job 110.
25 of 44 steps (57%) done
Select jobs to execute...

[Thu Mar  4 14:06:23 2021]
rule dskForwardOutputSort:
    input: /home/meijun/Documents/data/kmerCounting/zika/forward/251-752.txt
    output: /home/meijun/Documents/data/kmerCounting/zika/forward/251-752.sort
    jobid: 132
    wildcards: sample=zika, seg=251-752

[Thu Mar  4 14:06:23 2021]
Finished job 107.
26 of 44 steps (59%) done
Select jobs to execute...
[Thu Mar  4 14:06:23 2021]
Finished job 121.
27 of 44 steps (61%) done

[Thu Mar  4 14:06:23 2021]
rule dskForwardOutputSort:
    input: /home/meijun/Documents/data/kmerCounting/zika/forward/5522-6023.txt
    output: /home/meijun/Documents/data/kmerCounting/zika/forward/5522-6023.sort
    jobid: 125
    wildcards: sample=zika, seg=5522-6023

Select jobs to execute...

[Thu Mar  4 14:06:23 2021]
rule dskForwardOutputSort:
    input: /home/meijun/Documents/data/kmerCounting/zika/forward/7781-8282.txt
    output: /home/meijun/Documents/data/kmerCounting/zika/forward/7781-8282.sort
    jobid: 117
    wildcards: sample=zika, seg=7781-8282

[Thu Mar  4 14:06:23 2021]
Finished job 108.
28 of 44 steps (64%) done
[Thu Mar  4 14:06:23 2021]
Finished job 122.
29 of 44 steps (66%) done
Select jobs to execute...
[Thu Mar  4 14:06:23 2021]
Finished job 99.
30 of 44 steps (68%) done

[Thu Mar  4 14:06:23 2021]
rule dskForwardOutputSort:
    input: /home/meijun/Documents/data/kmerCounting/zika/forward/1255-1756.txt
    output: /home/meijun/Documents/data/kmerCounting/zika/forward/1255-1756.sort
    jobid: 135
    wildcards: sample=zika, seg=1255-1756

[Thu Mar  4 14:06:23 2021]
rule dskForwardOutputSort:
    input: /home/meijun/Documents/data/kmerCounting/zika/forward/4016-4517.txt
    output: /home/meijun/Documents/data/kmerCounting/zika/forward/4016-4517.sort
    jobid: 129
    wildcards: sample=zika, seg=4016-4517

Select jobs to execute...
[Thu Mar  4 14:06:23 2021]
Finished job 100.
31 of 44 steps (70%) done
[Thu Mar  4 14:06:23 2021]
Finished job 139.
32 of 44 steps (73%) done
[Thu Mar  4 14:06:23 2021]
Finished job 124.
33 of 44 steps (75%) done

[Thu Mar  4 14:06:23 2021]
rule dskForwardOutputSort:
    input: /home/meijun/Documents/data/kmerCounting/zika/forward/9036-9537.txt
    output: /home/meijun/Documents/data/kmerCounting/zika/forward/9036-9537.sort
    jobid: 103
    wildcards: sample=zika, seg=9036-9537

Select jobs to execute...
[Thu Mar  4 14:06:23 2021]
Finished job 133.
34 of 44 steps (77%) done

[Thu Mar  4 14:06:23 2021]
rule dskForwardOutputSort:
    input: /home/meijun/Documents/data/kmerCounting/zika/forward/3765-4266.txt
    output: /home/meijun/Documents/data/kmerCounting/zika/forward/3765-4266.sort
    jobid: 131
    wildcards: sample=zika, seg=3765-4266

[Thu Mar  4 14:06:23 2021]
Finished job 118.
35 of 44 steps (80%) done
[Thu Mar  4 14:06:23 2021]
Finished job 136.
36 of 44 steps (82%) done
[Thu Mar  4 14:06:24 2021]
Finished job 125.
37 of 44 steps (84%) done
[Thu Mar  4 14:06:24 2021]
Finished job 129.
38 of 44 steps (86%) done
[Thu Mar  4 14:06:24 2021]
Finished job 131.
39 of 44 steps (89%) done
[Thu Mar  4 14:06:24 2021]
Finished job 132.
40 of 44 steps (91%) done
[Thu Mar  4 14:06:24 2021]
Finished job 117.
41 of 44 steps (93%) done
[Thu Mar  4 14:06:24 2021]
Finished job 135.
42 of 44 steps (95%) done
[Thu Mar  4 14:06:24 2021]
Finished job 103.
43 of 44 steps (98%) done
Select jobs to execute...

[Thu Mar  4 14:06:24 2021]
localrule all:
    input: /home/meijun/Documents/data/duplicate_removed/zika.uniq.fasta, /home/meijun/Documents/data/msa/zika.msa.fasta, /home/meijun/Documents/data/splitFiles/zika/forward/3012-3513.fasta, /home/meijun/Documents/data/splitFiles/zika/forward/1506-2007.fasta, /home/meijun/Documents/data/splitFiles/zika/forward/10542-10780.fasta, /home/meijun/Documents/data/splitFiles/zika/forward/6024-6525.fasta, /home/meijun/Documents/data/splitFiles/zika/forward/4769-5270.fasta, /home/meijun/Documents/data/splitFiles/zika/forward/1757-2258.fasta, /home/meijun/Documents/data/splitFiles/zika/forward/9036-9537.fasta, /home/meijun/Documents/data/splitFiles/zika/forward/2259-2760.fasta, /home/meijun/Documents/data/splitFiles/zika/forward/2008-2509.fasta, /home/meijun/Documents/data/splitFiles/zika/forward/10291-10792.fasta, /home/meijun/Documents/data/splitFiles/zika/forward/502-1003.fasta, /home/meijun/Documents/data/splitFiles/zika/forward/4518-5019.fasta, /home/meijun/Documents/data/splitFiles/zika/forward/7028-7529.fasta, /home/meijun/Documents/data/splitFiles/zika/forward/3263-3764.fasta, /home/meijun/Documents/data/splitFiles/zika/forward/9287-9788.fasta, /home/meijun/Documents/data/splitFiles/zika/forward/8534-9035.fasta, /home/meijun/Documents/data/splitFiles/zika/forward/5271-5772.fasta, /home/meijun/Documents/data/splitFiles/zika/forward/9789-10290.fasta, /home/meijun/Documents/data/splitFiles/zika/forward/6526-7027.fasta, /home/meijun/Documents/data/splitFiles/zika/forward/2510-3011.fasta, /home/meijun/Documents/data/splitFiles/zika/forward/7781-8282.fasta, /home/meijun/Documents/data/splitFiles/zika/forward/8032-8533.fasta, /home/meijun/Documents/data/splitFiles/zika/forward/8785-9286.fasta, /home/meijun/Documents/data/splitFiles/zika/forward/8283-8784.fasta, /home/meijun/Documents/data/splitFiles/zika/forward/5020-5521.fasta, /home/meijun/Documents/data/splitFiles/zika/forward/7279-7780.fasta, /home/meijun/Documents/data/splitFiles/zika/forward/3514-4015.fasta, /home/meijun/Documents/data/splitFiles/zika/forward/0-501.fasta, /home/meijun/Documents/data/splitFiles/zika/forward/5522-6023.fasta, /home/meijun/Documents/data/splitFiles/zika/forward/4267-4768.fasta, /home/meijun/Documents/data/splitFiles/zika/forward/6275-6776.fasta, /home/meijun/Documents/data/splitFiles/zika/forward/6777-7278.fasta, /home/meijun/Documents/data/splitFiles/zika/forward/4016-4517.fasta, /home/meijun/Documents/data/splitFiles/zika/forward/7530-8031.fasta, /home/meijun/Documents/data/splitFiles/zika/forward/3765-4266.fasta, /home/meijun/Documents/data/splitFiles/zika/forward/251-752.fasta, /home/meijun/Documents/data/splitFiles/zika/forward/2761-3262.fasta, /home/meijun/Documents/data/splitFiles/zika/forward/5773-6274.fasta, /home/meijun/Documents/data/splitFiles/zika/forward/1255-1756.fasta, /home/meijun/Documents/data/splitFiles/zika/forward/753-1254.fasta, /home/meijun/Documents/data/splitFiles/zika/forward/9538-10039.fasta, /home/meijun/Documents/data/splitFiles/zika/forward/1004-1505.fasta, /home/meijun/Documents/data/splitFiles/zika/forward/10040-10541.fasta, /home/meijun/Documents/data/splitFiles/zika/reverse/3012-3513.fasta, /home/meijun/Documents/data/splitFiles/zika/reverse/1506-2007.fasta, /home/meijun/Documents/data/splitFiles/zika/reverse/10542-10780.fasta, /home/meijun/Documents/data/splitFiles/zika/reverse/6024-6525.fasta, /home/meijun/Documents/data/splitFiles/zika/reverse/4769-5270.fasta, /home/meijun/Documents/data/splitFiles/zika/reverse/1757-2258.fasta, /home/meijun/Documents/data/splitFiles/zika/reverse/9036-9537.fasta, /home/meijun/Documents/data/splitFiles/zika/reverse/2259-2760.fasta, /home/meijun/Documents/data/splitFiles/zika/reverse/2008-2509.fasta, /home/meijun/Documents/data/splitFiles/zika/reverse/10291-10792.fasta, /home/meijun/Documents/data/splitFiles/zika/reverse/502-1003.fasta, /home/meijun/Documents/data/splitFiles/zika/reverse/4518-5019.fasta, /home/meijun/Documents/data/splitFiles/zika/reverse/7028-7529.fasta, /home/meijun/Documents/data/splitFiles/zika/reverse/3263-3764.fasta, /home/meijun/Documents/data/splitFiles/zika/reverse/9287-9788.fasta, /home/meijun/Documents/data/splitFiles/zika/reverse/8534-9035.fasta, /home/meijun/Documents/data/splitFiles/zika/reverse/5271-5772.fasta, /home/meijun/Documents/data/splitFiles/zika/reverse/9789-10290.fasta, /home/meijun/Documents/data/splitFiles/zika/reverse/6526-7027.fasta, /home/meijun/Documents/data/splitFiles/zika/reverse/2510-3011.fasta, /home/meijun/Documents/data/splitFiles/zika/reverse/7781-8282.fasta, /home/meijun/Documents/data/splitFiles/zika/reverse/8032-8533.fasta, /home/meijun/Documents/data/splitFiles/zika/reverse/8785-9286.fasta, /home/meijun/Documents/data/splitFiles/zika/reverse/8283-8784.fasta, /home/meijun/Documents/data/splitFiles/zika/reverse/5020-5521.fasta, /home/meijun/Documents/data/splitFiles/zika/reverse/7279-7780.fasta, /home/meijun/Documents/data/splitFiles/zika/reverse/3514-4015.fasta, /home/meijun/Documents/data/splitFiles/zika/reverse/0-501.fasta, /home/meijun/Documents/data/splitFiles/zika/reverse/5522-6023.fasta, /home/meijun/Documents/data/splitFiles/zika/reverse/4267-4768.fasta, /home/meijun/Documents/data/splitFiles/zika/reverse/6275-6776.fasta, /home/meijun/Documents/data/splitFiles/zika/reverse/6777-7278.fasta, /home/meijun/Documents/data/splitFiles/zika/reverse/4016-4517.fasta, /home/meijun/Documents/data/splitFiles/zika/reverse/7530-8031.fasta, /home/meijun/Documents/data/splitFiles/zika/reverse/3765-4266.fasta, /home/meijun/Documents/data/splitFiles/zika/reverse/251-752.fasta, /home/meijun/Documents/data/splitFiles/zika/reverse/2761-3262.fasta, /home/meijun/Documents/data/splitFiles/zika/reverse/5773-6274.fasta, /home/meijun/Documents/data/splitFiles/zika/reverse/1255-1756.fasta, /home/meijun/Documents/data/splitFiles/zika/reverse/753-1254.fasta, /home/meijun/Documents/data/splitFiles/zika/reverse/9538-10039.fasta, /home/meijun/Documents/data/splitFiles/zika/reverse/1004-1505.fasta, /home/meijun/Documents/data/splitFiles/zika/reverse/10040-10541.fasta, /home/meijun/Documents/data/kmerCounting/zika/forward/3012-3513.h5, /home/meijun/Documents/data/kmerCounting/zika/forward/1506-2007.h5, /home/meijun/Documents/data/kmerCounting/zika/forward/10542-10780.h5, /home/meijun/Documents/data/kmerCounting/zika/forward/6024-6525.h5, /home/meijun/Documents/data/kmerCounting/zika/forward/4769-5270.h5, /home/meijun/Documents/data/kmerCounting/zika/forward/1757-2258.h5, /home/meijun/Documents/data/kmerCounting/zika/forward/9036-9537.h5, /home/meijun/Documents/data/kmerCounting/zika/forward/2259-2760.h5, /home/meijun/Documents/data/kmerCounting/zika/forward/2008-2509.h5, /home/meijun/Documents/data/kmerCounting/zika/forward/10291-10792.h5, /home/meijun/Documents/data/kmerCounting/zika/forward/502-1003.h5, /home/meijun/Documents/data/kmerCounting/zika/forward/4518-5019.h5, /home/meijun/Documents/data/kmerCounting/zika/forward/7028-7529.h5, /home/meijun/Documents/data/kmerCounting/zika/forward/3263-3764.h5, /home/meijun/Documents/data/kmerCounting/zika/forward/9287-9788.h5, /home/meijun/Documents/data/kmerCounting/zika/forward/8534-9035.h5, /home/meijun/Documents/data/kmerCounting/zika/forward/5271-5772.h5, /home/meijun/Documents/data/kmerCounting/zika/forward/9789-10290.h5, /home/meijun/Documents/data/kmerCounting/zika/forward/6526-7027.h5, /home/meijun/Documents/data/kmerCounting/zika/forward/2510-3011.h5, /home/meijun/Documents/data/kmerCounting/zika/forward/7781-8282.h5, /home/meijun/Documents/data/kmerCounting/zika/forward/8032-8533.h5, /home/meijun/Documents/data/kmerCounting/zika/forward/8785-9286.h5, /home/meijun/Documents/data/kmerCounting/zika/forward/8283-8784.h5, /home/meijun/Documents/data/kmerCounting/zika/forward/5020-5521.h5, /home/meijun/Documents/data/kmerCounting/zika/forward/7279-7780.h5, /home/meijun/Documents/data/kmerCounting/zika/forward/3514-4015.h5, /home/meijun/Documents/data/kmerCounting/zika/forward/0-501.h5, /home/meijun/Documents/data/kmerCounting/zika/forward/5522-6023.h5, /home/meijun/Documents/data/kmerCounting/zika/forward/4267-4768.h5, /home/meijun/Documents/data/kmerCounting/zika/forward/6275-6776.h5, /home/meijun/Documents/data/kmerCounting/zika/forward/6777-7278.h5, /home/meijun/Documents/data/kmerCounting/zika/forward/4016-4517.h5, /home/meijun/Documents/data/kmerCounting/zika/forward/7530-8031.h5, /home/meijun/Documents/data/kmerCounting/zika/forward/3765-4266.h5, /home/meijun/Documents/data/kmerCounting/zika/forward/251-752.h5, /home/meijun/Documents/data/kmerCounting/zika/forward/2761-3262.h5, /home/meijun/Documents/data/kmerCounting/zika/forward/5773-6274.h5, /home/meijun/Documents/data/kmerCounting/zika/forward/1255-1756.h5, /home/meijun/Documents/data/kmerCounting/zika/forward/753-1254.h5, /home/meijun/Documents/data/kmerCounting/zika/forward/9538-10039.h5, /home/meijun/Documents/data/kmerCounting/zika/forward/1004-1505.h5, /home/meijun/Documents/data/kmerCounting/zika/forward/10040-10541.h5, /home/meijun/Documents/data/kmerCounting/zika/forward/3012-3513.txt, /home/meijun/Documents/data/kmerCounting/zika/forward/1506-2007.txt, /home/meijun/Documents/data/kmerCounting/zika/forward/10542-10780.txt, /home/meijun/Documents/data/kmerCounting/zika/forward/6024-6525.txt, /home/meijun/Documents/data/kmerCounting/zika/forward/4769-5270.txt, /home/meijun/Documents/data/kmerCounting/zika/forward/1757-2258.txt, /home/meijun/Documents/data/kmerCounting/zika/forward/9036-9537.txt, /home/meijun/Documents/data/kmerCounting/zika/forward/2259-2760.txt, /home/meijun/Documents/data/kmerCounting/zika/forward/2008-2509.txt, /home/meijun/Documents/data/kmerCounting/zika/forward/10291-10792.txt, /home/meijun/Documents/data/kmerCounting/zika/forward/502-1003.txt, /home/meijun/Documents/data/kmerCounting/zika/forward/4518-5019.txt, /home/meijun/Documents/data/kmerCounting/zika/forward/7028-7529.txt, /home/meijun/Documents/data/kmerCounting/zika/forward/3263-3764.txt, /home/meijun/Documents/data/kmerCounting/zika/forward/9287-9788.txt, /home/meijun/Documents/data/kmerCounting/zika/forward/8534-9035.txt, /home/meijun/Documents/data/kmerCounting/zika/forward/5271-5772.txt, /home/meijun/Documents/data/kmerCounting/zika/forward/9789-10290.txt, /home/meijun/Documents/data/kmerCounting/zika/forward/6526-7027.txt, /home/meijun/Documents/data/kmerCounting/zika/forward/2510-3011.txt, /home/meijun/Documents/data/kmerCounting/zika/forward/7781-8282.txt, /home/meijun/Documents/data/kmerCounting/zika/forward/8032-8533.txt, /home/meijun/Documents/data/kmerCounting/zika/forward/8785-9286.txt, /home/meijun/Documents/data/kmerCounting/zika/forward/8283-8784.txt, /home/meijun/Documents/data/kmerCounting/zika/forward/5020-5521.txt, /home/meijun/Documents/data/kmerCounting/zika/forward/7279-7780.txt, /home/meijun/Documents/data/kmerCounting/zika/forward/3514-4015.txt, /home/meijun/Documents/data/kmerCounting/zika/forward/0-501.txt, /home/meijun/Documents/data/kmerCounting/zika/forward/5522-6023.txt, /home/meijun/Documents/data/kmerCounting/zika/forward/4267-4768.txt, /home/meijun/Documents/data/kmerCounting/zika/forward/6275-6776.txt, /home/meijun/Documents/data/kmerCounting/zika/forward/6777-7278.txt, /home/meijun/Documents/data/kmerCounting/zika/forward/4016-4517.txt, /home/meijun/Documents/data/kmerCounting/zika/forward/7530-8031.txt, /home/meijun/Documents/data/kmerCounting/zika/forward/3765-4266.txt, /home/meijun/Documents/data/kmerCounting/zika/forward/251-752.txt, /home/meijun/Documents/data/kmerCounting/zika/forward/2761-3262.txt, /home/meijun/Documents/data/kmerCounting/zika/forward/5773-6274.txt, /home/meijun/Documents/data/kmerCounting/zika/forward/1255-1756.txt, /home/meijun/Documents/data/kmerCounting/zika/forward/753-1254.txt, /home/meijun/Documents/data/kmerCounting/zika/forward/9538-10039.txt, /home/meijun/Documents/data/kmerCounting/zika/forward/1004-1505.txt, /home/meijun/Documents/data/kmerCounting/zika/forward/10040-10541.txt, /home/meijun/Documents/data/kmerCounting/zika/forward/3012-3513.sort, /home/meijun/Documents/data/kmerCounting/zika/forward/1506-2007.sort, /home/meijun/Documents/data/kmerCounting/zika/forward/10542-10780.sort, /home/meijun/Documents/data/kmerCounting/zika/forward/6024-6525.sort, /home/meijun/Documents/data/kmerCounting/zika/forward/4769-5270.sort, /home/meijun/Documents/data/kmerCounting/zika/forward/1757-2258.sort, /home/meijun/Documents/data/kmerCounting/zika/forward/9036-9537.sort, /home/meijun/Documents/data/kmerCounting/zika/forward/2259-2760.sort, /home/meijun/Documents/data/kmerCounting/zika/forward/2008-2509.sort, /home/meijun/Documents/data/kmerCounting/zika/forward/10291-10792.sort, /home/meijun/Documents/data/kmerCounting/zika/forward/502-1003.sort, /home/meijun/Documents/data/kmerCounting/zika/forward/4518-5019.sort, /home/meijun/Documents/data/kmerCounting/zika/forward/7028-7529.sort, /home/meijun/Documents/data/kmerCounting/zika/forward/3263-3764.sort, /home/meijun/Documents/data/kmerCounting/zika/forward/9287-9788.sort, /home/meijun/Documents/data/kmerCounting/zika/forward/8534-9035.sort, /home/meijun/Documents/data/kmerCounting/zika/forward/5271-5772.sort, /home/meijun/Documents/data/kmerCounting/zika/forward/9789-10290.sort, /home/meijun/Documents/data/kmerCounting/zika/forward/6526-7027.sort, /home/meijun/Documents/data/kmerCounting/zika/forward/2510-3011.sort, /home/meijun/Documents/data/kmerCounting/zika/forward/7781-8282.sort, /home/meijun/Documents/data/kmerCounting/zika/forward/8032-8533.sort, /home/meijun/Documents/data/kmerCounting/zika/forward/8785-9286.sort, /home/meijun/Documents/data/kmerCounting/zika/forward/8283-8784.sort, /home/meijun/Documents/data/kmerCounting/zika/forward/5020-5521.sort, /home/meijun/Documents/data/kmerCounting/zika/forward/7279-7780.sort, /home/meijun/Documents/data/kmerCounting/zika/forward/3514-4015.sort, /home/meijun/Documents/data/kmerCounting/zika/forward/0-501.sort, /home/meijun/Documents/data/kmerCounting/zika/forward/5522-6023.sort, /home/meijun/Documents/data/kmerCounting/zika/forward/4267-4768.sort, /home/meijun/Documents/data/kmerCounting/zika/forward/6275-6776.sort, /home/meijun/Documents/data/kmerCounting/zika/forward/6777-7278.sort, /home/meijun/Documents/data/kmerCounting/zika/forward/4016-4517.sort, /home/meijun/Documents/data/kmerCounting/zika/forward/7530-8031.sort, /home/meijun/Documents/data/kmerCounting/zika/forward/3765-4266.sort, /home/meijun/Documents/data/kmerCounting/zika/forward/251-752.sort, /home/meijun/Documents/data/kmerCounting/zika/forward/2761-3262.sort, /home/meijun/Documents/data/kmerCounting/zika/forward/5773-6274.sort, /home/meijun/Documents/data/kmerCounting/zika/forward/1255-1756.sort, /home/meijun/Documents/data/kmerCounting/zika/forward/753-1254.sort, /home/meijun/Documents/data/kmerCounting/zika/forward/9538-10039.sort, /home/meijun/Documents/data/kmerCounting/zika/forward/1004-1505.sort, /home/meijun/Documents/data/kmerCounting/zika/forward/10040-10541.sort
    jobid: 0

[Thu Mar  4 14:06:24 2021]
Finished job 0.
44 of 44 steps (100%) done
Complete log: /home/meijun/Documents/stage_m2/.snakemake/log/2021-03-04T140618.448904.snakemake.log
