Building DAG of jobs...
Using shell: /bin/bash
Provided cores: 2
Rules claiming more threads will be scaled down.
Conda environments: ignored
Job counts:
	count	jobs
	1	mafft
	1

[Fri Feb 19 16:44:59 2021]
rule mafft:
    input: test/sequences.fasta
    output: test/sequences_aligned.fasta
    log: test/mafft.log
    jobid: 0

RuleException in line 28 of /home/meijun/Documents/stage_m2/Snakefile:
'Params' object has no attribute 'format'
  File "/home/meijun/Programmes/miniconda3/lib/python3.8/site-packages/snakemake/executors/__init__.py", line 136, in run_jobs
  File "/home/meijun/Programmes/miniconda3/lib/python3.8/site-packages/snakemake/executors/__init__.py", line 441, in run
  File "/home/meijun/Programmes/miniconda3/lib/python3.8/site-packages/snakemake/executors/__init__.py", line 230, in _run
  File "/home/meijun/Programmes/miniconda3/lib/python3.8/site-packages/snakemake/executors/__init__.py", line 156, in _run
  File "/home/meijun/Programmes/miniconda3/lib/python3.8/site-packages/snakemake/executors/__init__.py", line 162, in printjob
