Building DAG of jobs...
Using shell: /bin/bash
Provided cores: 12
Rules claiming more threads will be scaled down.
Conda environments: ignored
Job counts:
	count	jobs
	1	all
	43	filter_within_seg
	44
Select jobs to execute...

[Tue Mar  9 17:51:34 2021]
rule filter_within_seg:
    input: /datater/wu/data/zika/dsk/forward_1255-1756.kCountSorted
    output: /datater/wu/data/zika/primer3_Tm/forward_1255-1756.Tm
    jobid: 143
    wildcards: sample=zika, seg=1255-1756

[Tue Mar  9 17:51:34 2021]
rule filter_within_seg:
    input: /datater/wu/data/zika/dsk/forward_9036-9537.kCountSorted
    output: /datater/wu/data/zika/primer3_Tm/forward_9036-9537.Tm
    jobid: 142
    wildcards: sample=zika, seg=9036-9537

[Tue Mar  9 17:51:34 2021]
rule filter_within_seg:
    input: /datater/wu/data/zika/dsk/forward_8283-8784.kCountSorted
    output: /datater/wu/data/zika/primer3_Tm/forward_8283-8784.Tm
    jobid: 149
    wildcards: sample=zika, seg=8283-8784

[Tue Mar  9 17:51:34 2021]
rule filter_within_seg:
    input: /datater/wu/data/zika/dsk/forward_3012-3513.kCountSorted
    output: /datater/wu/data/zika/primer3_Tm/forward_3012-3513.Tm
    jobid: 157
    wildcards: sample=zika, seg=3012-3513

[Tue Mar  9 17:51:34 2021]
rule filter_within_seg:
    input: /datater/wu/data/zika/dsk/forward_3514-4015.kCountSorted
    output: /datater/wu/data/zika/primer3_Tm/forward_3514-4015.Tm
    jobid: 164
    wildcards: sample=zika, seg=3514-4015

[Tue Mar  9 17:51:34 2021]
rule filter_within_seg:
    input: /datater/wu/data/zika/dsk/forward_10291-10792.kCountSorted
    output: /datater/wu/data/zika/primer3_Tm/forward_10291-10792.Tm
    jobid: 172
    wildcards: sample=zika, seg=10291-10792

[Tue Mar  9 17:51:34 2021]
rule filter_within_seg:
    input: /datater/wu/data/zika/dsk/forward_6777-7278.kCountSorted
    output: /datater/wu/data/zika/primer3_Tm/forward_6777-7278.Tm
    jobid: 163
    wildcards: sample=zika, seg=6777-7278

[Tue Mar  9 17:51:34 2021]
rule filter_within_seg:
    input: /datater/wu/data/zika/dsk/forward_3765-4266.kCountSorted
    output: /datater/wu/data/zika/primer3_Tm/forward_3765-4266.Tm
    jobid: 141
    wildcards: sample=zika, seg=3765-4266

[Tue Mar  9 17:51:34 2021]
rule filter_within_seg:
    input: /datater/wu/data/zika/dsk/forward_7781-8282.kCountSorted
    output: /datater/wu/data/zika/primer3_Tm/forward_7781-8282.Tm
    jobid: 156
    wildcards: sample=zika, seg=7781-8282

[Tue Mar  9 17:51:34 2021]
rule filter_within_seg:
    input: /datater/wu/data/zika/dsk/forward_2510-3011.kCountSorted
    output: /datater/wu/data/zika/primer3_Tm/forward_2510-3011.Tm
    jobid: 148
    wildcards: sample=zika, seg=2510-3011

[Tue Mar  9 17:51:34 2021]
rule filter_within_seg:
    input: /datater/wu/data/zika/dsk/forward_7530-8031.kCountSorted
    output: /datater/wu/data/zika/primer3_Tm/forward_7530-8031.Tm
    jobid: 171
    wildcards: sample=zika, seg=7530-8031

[Tue Mar  9 17:51:34 2021]
rule filter_within_seg:
    input: /datater/wu/data/zika/dsk/forward_2259-2760.kCountSorted
    output: /datater/wu/data/zika/primer3_Tm/forward_2259-2760.Tm
    jobid: 178
    wildcards: sample=zika, seg=2259-2760

Shutting down, this might take some time.
Exiting because a job execution failed. Look above for error message
Complete log: /datater/wu/stage_m2/.snakemake/log/2021-03-09T175133.989383.snakemake.log
