Building DAG of jobs...
Using shell: /bin/bash
Provided cores: 1 (use --cores to define parallelism)
Rules claiming more threads will be scaled down.
Conda environments: ignored
Job counts:
	count	jobs
	1	all
	1	mafft
	2
Select jobs to execute...

[Sat Feb 27 21:49:05 2021]
rule mafft:
    input: /home/wu/Documents/data/duplicate_removed/enterovirus.uniq.fasta
    output: /home/wu/Documents/data/msa/enterovirus.msa.fasta
    log: /home/wu/Documents/data/msa/mafft.enterovirus.log
    jobid: 2
    wildcards: sample=enterovirus

[Sat Feb 27 21:56:03 2021]
Finished job 2.
1 of 2 steps (50%) done
Select jobs to execute...

[Sat Feb 27 21:56:05 2021]
localrule all:
    input: /home/wu/Documents/data/duplicate_removed/enterovirus.uniq.fasta, /home/wu/Documents/data/msa/enterovirus.msa.fasta
    jobid: 0

[Sat Feb 27 21:56:05 2021]
Finished job 0.
2 of 2 steps (100%) done
Complete log: /home/wu/Documents/stage_m2/.snakemake/log/2021-02-27T214905.097996.snakemake.log
