Building DAG of jobs...
Using shell: /bin/bash
Provided cores: 1 (use --cores to define parallelism)
Rules claiming more threads will be scaled down.
Conda environments: ignored
Job counts:
	count	jobs
	1	kmc
	1
Select jobs to execute...

[Thu Feb 25 17:01:32 2021]
rule kmc:
    input: test/splitFiles
    output: test/kmerCounting/kmc3
    jobid: 0

[Thu Feb 25 17:01:32 2021]
Error in rule kmc:
    jobid: 0
    output: test/kmerCounting/kmc3

RuleException:
URLError in line 13 of /databis/wu/stage_m2/rules/kmc.smk:
<urlopen error [Errno 2] No such file or directory: '/databis/wu/stage_m2/rules/scripts/kmc3.py'>
  File "/databis/wu/miniconda3/envs/snakemake/lib/python3.9/site-packages/snakemake/executors/__init__.py", line 2326, in run_wrapper
  File "/databis/wu/stage_m2/rules/kmc.smk", line 13, in __rule_kmc
  File "/databis/wu/miniconda3/envs/snakemake/lib/python3.9/urllib/request.py", line 214, in urlopen
  File "/databis/wu/miniconda3/envs/snakemake/lib/python3.9/urllib/request.py", line 517, in open
  File "/databis/wu/miniconda3/envs/snakemake/lib/python3.9/urllib/request.py", line 534, in _open
  File "/databis/wu/miniconda3/envs/snakemake/lib/python3.9/urllib/request.py", line 494, in _call_chain
  File "/databis/wu/miniconda3/envs/snakemake/lib/python3.9/urllib/request.py", line 1481, in file_open
  File "/databis/wu/miniconda3/envs/snakemake/lib/python3.9/urllib/request.py", line 1520, in open_local_file
  File "/databis/wu/miniconda3/envs/snakemake/lib/python3.9/site-packages/snakemake/executors/__init__.py", line 568, in _callback
  File "/databis/wu/miniconda3/envs/snakemake/lib/python3.9/concurrent/futures/thread.py", line 52, in run
  File "/databis/wu/miniconda3/envs/snakemake/lib/python3.9/site-packages/snakemake/executors/__init__.py", line 554, in cached_or_run
  File "/databis/wu/miniconda3/envs/snakemake/lib/python3.9/site-packages/snakemake/executors/__init__.py", line 2357, in run_wrapper
Shutting down, this might take some time.
Exiting because a job execution failed. Look above for error message
Complete log: /databis/wu/stage_m2/.snakemake/log/2021-02-25T170132.129545.snakemake.log
