Building DAG of jobs...
Using shell: /bin/bash
Provided cores: 6
Rules claiming more threads will be scaled down.
Conda environments: ignored
Job counts:
	count	jobs
	1	all
	1	filtering1
	2
Select jobs to execute...

[Thu Apr 29 12:51:40 2021]
rule filtering1:
    input: /datater/wu/data/MSSPE-variant/zika/kmer15/intermediate/allKmerCount.sorted.txt
    output: /datater/wu/data/MSSPE-variant/zika/kmer15/allKmerCount.sorted.calculated.txt
    jobid: 5
    wildcards: sample=zika

Shutting down, this might take some time.
Exiting because a job execution failed. Look above for error message
Complete log: /datater/wu/MSSPE/.snakemake/log/2021-04-29T125139.807087.snakemake.log
