Building DAG of jobs...
Using shell: /bin/bash
Provided cores: 12
Rules claiming more threads will be scaled down.
Conda environments: ignored
Job counts:
	count	jobs
	1	MSA
	1	all
	1	checkHeterodimer
	1	clustering
	1	countAllKmer1
	1	countAllKmer2
	1	evaluation1
	1	evaluation2
	1	evaluation3
	1	evaluation4
	1	filtering1
	1	filtering2
	1	getKmerPosition1
	1	getKmerPosition2
	1	getKmerPosition3
	1	getKmerPosition4
	1	removeDuplicateSeq
	1	sortAllKmer
	1	specific1
	1	specific2
	1	specific3
	1	specific4
	22
Select jobs to execute...

[Sun May  2 15:41:33 2021]
rule removeDuplicateSeq:
    input: /datater/wu/data/enterovirus.fasta
    output: /datater/wu/data/MSSPE-variant/enterovirus/enterovirus.uniq
    jobid: 1
    wildcards: sample=enterovirus


[Sun May  2 15:41:33 2021]
rule specific2:
    input: /datater/wu/data/RefSeqProkaryota/RefSeqProkaryota.fna
    output: /datater/wu/data/RefSeqProkaryota/RefSeqProkaryota.fna.DB.1.ebwt, /datater/wu/data/RefSeqProkaryota/RefSeqProkaryota.fna.DB.2.ebwt, /datater/wu/data/RefSeqProkaryota/RefSeqProkaryota.fna.DB.3.ebwt, /datater/wu/data/RefSeqProkaryota/RefSeqProkaryota.fna.DB.4.ebwt, /datater/wu/data/RefSeqProkaryota/RefSeqProkaryota.fna.DB.rev.1.ebwt, /datater/wu/data/RefSeqProkaryota/RefSeqProkaryota.fna.DB.rev.2.ebwt
    jobid: 8

[Sun May  2 15:41:33 2021]
Finished job 1.
1 of 22 steps (5%) done
Select jobs to execute...

[Sun May  2 15:41:33 2021]
rule clustering:
    input: /datater/wu/data/MSSPE-variant/enterovirus/enterovirus.uniq
    output: /datater/wu/data/MSSPE-variant/enterovirus/enterovirus0.99.uniq
    jobid: 11
    wildcards: sample=enterovirus


[Sun May  2 15:41:33 2021]
rule countAllKmer1:
    input: /datater/wu/data/MSSPE-variant/enterovirus/enterovirus.uniq
    output: /datater/wu/data/MSSPE-variant/enterovirus/kmer15/intermediate/allKmerCount.int.kmc_pre, /datater/wu/data/MSSPE-variant/enterovirus/kmer15/intermediate/allKmerCount.int.kmc_suf
    jobid: 2
    wildcards: sample=enterovirus


[Sun May  2 15:41:33 2021]
rule evaluation1:
    input: /datater/wu/data/MSSPE-variant/enterovirus/enterovirus.uniq, /datater/wu/data/ncbiTaxonomy/nucl_gb.accession2taxid, /datater/wu/data/ncbiTaxonomy/ncbi_lineages_2021-04-23.csv
    output: /datater/wu/data/MSSPE-variant/enterovirus/kmer15/intermediate/aceID-taxID-species.tsv
    jobid: 18
    wildcards: sample=enterovirus

[Sun May  2 15:41:38 2021]
Finished job 2.
2 of 22 steps (9%) done
Select jobs to execute...

[Sun May  2 15:41:38 2021]
rule countAllKmer2:
    input: /datater/wu/data/MSSPE-variant/enterovirus/kmer15/intermediate/allKmerCount.int.kmc_pre, /datater/wu/data/MSSPE-variant/enterovirus/kmer15/intermediate/allKmerCount.int.kmc_suf
    output: /datater/wu/data/MSSPE-variant/enterovirus/kmer15/intermediate/allKmerCount.txt
    jobid: 3
    wildcards: sample=enterovirus

[Sun May  2 15:41:39 2021]
Finished job 3.
3 of 22 steps (14%) done
Select jobs to execute...

[Sun May  2 15:41:39 2021]
rule sortAllKmer:
    input: /datater/wu/data/MSSPE-variant/enterovirus/kmer15/intermediate/allKmerCount.txt
    output: /datater/wu/data/MSSPE-variant/enterovirus/kmer15/intermediate/allKmerCount.sorted.txt
    jobid: 4
    wildcards: sample=enterovirus

[Sun May  2 15:41:43 2021]
Finished job 11.
4 of 22 steps (18%) done
Select jobs to execute...

[Sun May  2 15:41:43 2021]
rule MSA:
    input: /datater/wu/data/MSSPE-variant/enterovirus/enterovirus0.99.uniq
    output: /datater/wu/data/MSSPE-variant/enterovirus/enterovirus0.99.msa
    log: /datater/wu/data/MSSPE-variant/enterovirus/log/mafft.log
    jobid: 12
    wildcards: sample=enterovirus

[Sun May  2 15:41:44 2021]
Finished job 4.
5 of 22 steps (23%) done
Select jobs to execute...

[Sun May  2 15:41:44 2021]
rule filtering1:
    input: /datater/wu/data/MSSPE-variant/enterovirus/kmer15/intermediate/allKmerCount.sorted.txt
    output: /datater/wu/data/MSSPE-variant/enterovirus/kmer15/allKmerCount.sorted.calculated.txt
    jobid: 5
    wildcards: sample=enterovirus

[Sun May  2 15:42:14 2021]
Finished job 8.
6 of 22 steps (27%) done
[Sun May  2 15:44:21 2021]
Finished job 12.
7 of 22 steps (32%) done
Select jobs to execute...

[Sun May  2 15:44:21 2021]
rule getKmerPosition2:
    input: /datater/wu/data/MSSPE-variant/enterovirus/enterovirus0.99.msa
    output: /datater/wu/data/MSSPE-variant/enterovirus/enterovirus0.99.msa.DB.1.ebwt, /datater/wu/data/MSSPE-variant/enterovirus/enterovirus0.99.msa.DB.2.ebwt, /datater/wu/data/MSSPE-variant/enterovirus/enterovirus0.99.msa.DB.3.ebwt, /datater/wu/data/MSSPE-variant/enterovirus/enterovirus0.99.msa.DB.4.ebwt, /datater/wu/data/MSSPE-variant/enterovirus/enterovirus0.99.msa.DB.rev.1.ebwt, /datater/wu/data/MSSPE-variant/enterovirus/enterovirus0.99.msa.DB.rev.2.ebwt
    jobid: 14
    wildcards: sample=enterovirus

[Sun May  2 15:44:30 2021]
Finished job 14.
8 of 22 steps (36%) done
[Sun May  2 15:44:49 2021]
Finished job 18.
9 of 22 steps (41%) done
[Sun May  2 15:45:41 2021]
Finished job 5.
10 of 22 steps (45%) done
Select jobs to execute...

[Sun May  2 15:45:41 2021]
rule getKmerPosition1:
    input: /datater/wu/data/MSSPE-variant/enterovirus/kmer15/allKmerCount.sorted.calculated.txt
    output: /datater/wu/data/MSSPE-variant/enterovirus/kmer15/intermediate/allKmerCount.sorted.calculated.fasta
    jobid: 13
    wildcards: sample=enterovirus

[Sun May  2 15:45:41 2021]
rule filtering2:
    input: /datater/wu/data/MSSPE-variant/enterovirus/kmer15/allKmerCount.sorted.calculated.txt
    output: /datater/wu/data/MSSPE-variant/enterovirus/kmer15/allKmerCount.sorted.calculated.filtered.txt
    jobid: 6
    wildcards: sample=enterovirus

[Sun May  2 15:45:47 2021]
Finished job 13.
11 of 22 steps (50%) done
Select jobs to execute...

[Sun May  2 15:45:47 2021]
rule getKmerPosition3:
    input: /datater/wu/data/MSSPE-variant/enterovirus/kmer15/intermediate/allKmerCount.sorted.calculated.fasta, /datater/wu/data/MSSPE-variant/enterovirus/enterovirus0.99.msa.DB.1.ebwt, /datater/wu/data/MSSPE-variant/enterovirus/enterovirus0.99.msa.DB.2.ebwt, /datater/wu/data/MSSPE-variant/enterovirus/enterovirus0.99.msa.DB.3.ebwt, /datater/wu/data/MSSPE-variant/enterovirus/enterovirus0.99.msa.DB.4.ebwt, /datater/wu/data/MSSPE-variant/enterovirus/enterovirus0.99.msa.DB.rev.1.ebwt, /datater/wu/data/MSSPE-variant/enterovirus/enterovirus0.99.msa.DB.rev.2.ebwt
    output: /datater/wu/data/MSSPE-variant/enterovirus/kmer15/intermediate/allKmerCount.sorted.calculated.bowtie
    jobid: 15
    wildcards: sample=enterovirus

[Sun May  2 15:45:48 2021]
Finished job 6.
12 of 22 steps (55%) done
Select jobs to execute...

[Sun May  2 15:45:48 2021]
rule specific1:
    input: /datater/wu/data/MSSPE-variant/enterovirus/kmer15/allKmerCount.sorted.calculated.filtered.txt
    output: /datater/wu/data/MSSPE-variant/enterovirus/kmer15/intermediate/allKmerCount.sorted.calculated.filtered.fasta
    jobid: 7
    wildcards: sample=enterovirus

[Sun May  2 15:45:49 2021]
Finished job 7.
13 of 22 steps (59%) done
Select jobs to execute...

[Sun May  2 15:45:49 2021]
rule specific3:
    input: /datater/wu/data/MSSPE-variant/enterovirus/kmer15/intermediate/allKmerCount.sorted.calculated.filtered.fasta, /datater/wu/data/RefSeqProkaryota/RefSeqProkaryota.fna.DB.1.ebwt, /datater/wu/data/RefSeqProkaryota/RefSeqProkaryota.fna.DB.2.ebwt, /datater/wu/data/RefSeqProkaryota/RefSeqProkaryota.fna.DB.3.ebwt, /datater/wu/data/RefSeqProkaryota/RefSeqProkaryota.fna.DB.4.ebwt, /datater/wu/data/RefSeqProkaryota/RefSeqProkaryota.fna.DB.rev.1.ebwt, /datater/wu/data/RefSeqProkaryota/RefSeqProkaryota.fna.DB.rev.2.ebwt
    output: /datater/wu/data/MSSPE-variant/enterovirus/kmer15/intermediate/allKmerCount.sorted.calculated.filtered.bowtie
    jobid: 9
    wildcards: sample=enterovirus

[Sun May  2 15:45:50 2021]
Finished job 9.
14 of 22 steps (64%) done
Select jobs to execute...

[Sun May  2 15:45:50 2021]
rule specific4:
    input: /datater/wu/data/MSSPE-variant/enterovirus/kmer15/intermediate/allKmerCount.sorted.calculated.filtered.bowtie, /datater/wu/data/MSSPE-variant/enterovirus/kmer15/allKmerCount.sorted.calculated.filtered.txt
    output: /datater/wu/data/MSSPE-variant/enterovirus/kmer15/allKmerCount.sorted.calculated.filtered.spec.txt
    jobid: 10
    wildcards: sample=enterovirus

[Sun May  2 15:45:51 2021]
Finished job 15.
15 of 22 steps (68%) done
Select jobs to execute...

[Sun May  2 15:45:51 2021]
rule getKmerPosition4:
    input: /datater/wu/data/MSSPE-variant/enterovirus/kmer15/intermediate/allKmerCount.sorted.calculated.bowtie, /datater/wu/data/MSSPE-variant/enterovirus/kmer15/allKmerCount.sorted.calculated.txt
    output: /datater/wu/data/MSSPE-variant/enterovirus/kmer15/intermediate/allKmerCount.sorted.calculated.position
    jobid: 16
    wildcards: sample=enterovirus

[Sun May  2 15:45:56 2021]
Finished job 10.
16 of 22 steps (73%) done
[Sun May  2 15:46:24 2021]
Finished job 16.
17 of 22 steps (77%) done
Select jobs to execute...

[Sun May  2 15:46:24 2021]
rule checkHeterodimer:
    input: /datater/wu/data/MSSPE-variant/enterovirus/enterovirus0.99.msa, /datater/wu/data/MSSPE-variant/enterovirus/kmer15/intermediate/allKmerCount.sorted.calculated.position
    output: /datater/wu/data/MSSPE-variant/enterovirus/kmer15/allOligo.set
    jobid: 17
    wildcards: sample=enterovirus

[Sun May  2 15:46:24 2021]
rule evaluation4:
    input: /datater/wu/data/MSSPE-variant/enterovirus/enterovirus0.99.msa, /datater/wu/data/MSSPE-variant/enterovirus/kmer15/intermediate/allKmerCount.sorted.calculated.position, /datater/wu/data/MSSPE-variant/enterovirus/kmer15/allKmerCount.sorted.calculated.filtered.txt, /datater/wu/data/MSSPE-variant/enterovirus/kmer15/allKmerCount.sorted.calculated.filtered.spec.txt
    output: /datater/wu/data/MSSPE-variant/enterovirus/kmer15/evaluation/allOligo_before.tsv, /datater/wu/data/MSSPE-variant/enterovirus/kmer15/evaluation/allOligo_after1.tsv, /datater/wu/data/MSSPE-variant/enterovirus/kmer15/evaluation/allOligo_after2.tsv
    jobid: 20
    wildcards: sample=enterovirus

[Sun May  2 15:46:27 2021]
Finished job 17.
18 of 22 steps (82%) done
Select jobs to execute...

[Sun May  2 15:46:27 2021]
rule evaluation2:
    input: /datater/wu/data/MSSPE-variant/enterovirus/kmer15/allOligo.set, /datater/wu/data/MSSPE-variant/enterovirus/kmer15/intermediate/aceID-taxID-species.tsv, /datater/wu/data/MSSPE-variant/enterovirus/kmer15/intermediate/allKmerCount.sorted.calculated.filtered.spec.bowtie
    output: /datater/wu/data/MSSPE-variant/enterovirus/kmer15/evaluation/allOligo.set.coverage
    jobid: 19
    wildcards: sample=enterovirus

[Sun May  2 15:46:27 2021]
rule evaluation3:
    input: /datater/wu/data/MSSPE-variant/enterovirus/kmer15/allOligo.set
    output: /datater/wu/data/MSSPE-variant/enterovirus/kmer15/evaluation/allOligo_after3.tsv
    jobid: 21
    wildcards: sample=enterovirus

[Sun May  2 15:46:27 2021]
Finished job 21.
19 of 22 steps (86%) done
[Sun May  2 15:46:29 2021]
Finished job 20.
20 of 22 steps (91%) done
[Sun May  2 15:46:36 2021]
Finished job 19.
21 of 22 steps (95%) done
Select jobs to execute...

[Sun May  2 15:46:36 2021]
localrule all:
    input: /datater/wu/data/MSSPE-variant/enterovirus/enterovirus.uniq, /datater/wu/data/MSSPE-variant/enterovirus/kmer15/intermediate/allKmerCount.int.kmc_pre, /datater/wu/data/MSSPE-variant/enterovirus/kmer15/intermediate/allKmerCount.int.kmc_suf, /datater/wu/data/MSSPE-variant/enterovirus/kmer15/intermediate/allKmerCount.txt, /datater/wu/data/MSSPE-variant/enterovirus/kmer15/intermediate/allKmerCount.sorted.txt, /datater/wu/data/MSSPE-variant/enterovirus/kmer15/allKmerCount.sorted.calculated.txt, /datater/wu/data/MSSPE-variant/enterovirus/kmer15/allKmerCount.sorted.calculated.filtered.txt, /datater/wu/data/MSSPE-variant/enterovirus/kmer15/intermediate/allKmerCount.sorted.calculated.filtered.fasta, /datater/wu/data/RefSeqProkaryota/RefSeqProkaryota.fna.DB.1.ebwt, /datater/wu/data/RefSeqProkaryota/RefSeqProkaryota.fna.DB.2.ebwt, /datater/wu/data/RefSeqProkaryota/RefSeqProkaryota.fna.DB.3.ebwt, /datater/wu/data/RefSeqProkaryota/RefSeqProkaryota.fna.DB.4.ebwt, /datater/wu/data/RefSeqProkaryota/RefSeqProkaryota.fna.DB.rev.1.ebwt, /datater/wu/data/RefSeqProkaryota/RefSeqProkaryota.fna.DB.rev.2.ebwt, /datater/wu/data/MSSPE-variant/enterovirus/kmer15/intermediate/allKmerCount.sorted.calculated.filtered.bowtie, /datater/wu/data/MSSPE-variant/enterovirus/kmer15/allKmerCount.sorted.calculated.filtered.spec.txt, /datater/wu/data/MSSPE-variant/enterovirus/enterovirus0.99.uniq, /datater/wu/data/MSSPE-variant/enterovirus/enterovirus0.99.msa, /datater/wu/data/MSSPE-variant/enterovirus/kmer15/intermediate/allKmerCount.sorted.calculated.fasta, /datater/wu/data/MSSPE-variant/enterovirus/enterovirus0.99.msa.DB.1.ebwt, /datater/wu/data/MSSPE-variant/enterovirus/enterovirus0.99.msa.DB.2.ebwt, /datater/wu/data/MSSPE-variant/enterovirus/enterovirus0.99.msa.DB.3.ebwt, /datater/wu/data/MSSPE-variant/enterovirus/enterovirus0.99.msa.DB.4.ebwt, /datater/wu/data/MSSPE-variant/enterovirus/enterovirus0.99.msa.DB.rev.1.ebwt, /datater/wu/data/MSSPE-variant/enterovirus/enterovirus0.99.msa.DB.rev.2.ebwt, /datater/wu/data/MSSPE-variant/enterovirus/kmer15/intermediate/allKmerCount.sorted.calculated.bowtie, /datater/wu/data/MSSPE-variant/enterovirus/kmer15/intermediate/allKmerCount.sorted.calculated.position, /datater/wu/data/MSSPE-variant/enterovirus/kmer15/allOligo.set, /datater/wu/data/MSSPE-variant/enterovirus/kmer15/intermediate/aceID-taxID-species.tsv, /datater/wu/data/MSSPE-variant/enterovirus/kmer15/evaluation/allOligo.set.coverage, /datater/wu/data/MSSPE-variant/enterovirus/kmer15/evaluation/allOligo_before.tsv, /datater/wu/data/MSSPE-variant/enterovirus/kmer15/evaluation/allOligo_after1.tsv, /datater/wu/data/MSSPE-variant/enterovirus/kmer15/evaluation/allOligo_after2.tsv, /datater/wu/data/MSSPE-variant/enterovirus/kmer15/evaluation/allOligo_after3.tsv
    jobid: 0

[Sun May  2 15:46:36 2021]
Finished job 0.
22 of 22 steps (100%) done
Complete log: /datater/wu/MSSPE/.snakemake/log/2021-05-02T154132.228752.snakemake.log
