Building DAG of jobs...
Updating job aggregateAllReverseOligo.
Using shell: /bin/bash
Provided cores: 12
Rules claiming more threads will be scaled down.
Conda environments: ignored
Job counts:
	count	jobs
	1	all
	1	filterAggregateAllReverseOligo
	2
Select jobs to execute...

[Mon Mar 29 16:22:17 2021]
rule filterAggregateAllReverseOligo:
    input: /datater/wu/data/enterovirus/filtering/allOligos_reverse.calculated2
    output: /datater/wu/data/enterovirus/filtering/allOligos_reverse.filtered
    jobid: 1
    wildcards: sample=enterovirus

[Mon Mar 29 16:22:19 2021]
Finished job 1.
1 of 2 steps (50%) done
Select jobs to execute...

[Mon Mar 29 16:22:19 2021]
localrule all:
    input: /datater/wu/data/enterovirus/filtering/allOligos_reverse.filtered
    jobid: 0

[Mon Mar 29 16:22:19 2021]
Finished job 0.
2 of 2 steps (100%) done
Complete log: /datater/wu/stage_m2/.snakemake/log/2021-03-29T162216.309233.snakemake.log
