Building DAG of jobs...
Using shell: /bin/bash
Provided cores: 12
Rules claiming more threads will be scaled down.
Conda environments: ignored
Job counts:
	count	jobs
	1	all
	37	filterOut_within_segments
	38
Select jobs to execute...

[Wed Mar 10 11:03:31 2021]
checkpoint filterOut_within_segments:
    input: /datater/wu/data/enterovirus/primer3_Tm/forward_762-1266.calculated
    output: /datater/wu/data/enterovirus/primer3_Tm/forward_762-1266.filtered
    jobid: 164
    wildcards: sample=enterovirus, seg=762-1266
Downstream jobs will be updated after completion.

[Wed Mar 10 11:03:31 2021]
checkpoint filterOut_within_segments:
    input: /datater/wu/data/enterovirus/primer3_Tm/forward_8382-8886.calculated
    output: /datater/wu/data/enterovirus/primer3_Tm/forward_8382-8886.filtered
    jobid: 163
    wildcards: sample=enterovirus, seg=8382-8886
Downstream jobs will be updated after completion.

[Wed Mar 10 11:03:31 2021]
checkpoint filterOut_within_segments:
    input: /datater/wu/data/enterovirus/primer3_Tm/forward_5588-6092.calculated
    output: /datater/wu/data/enterovirus/primer3_Tm/forward_5588-6092.filtered
    jobid: 170
    wildcards: sample=enterovirus, seg=5588-6092
Downstream jobs will be updated after completion.

[Wed Mar 10 11:03:31 2021]
checkpoint filterOut_within_segments:
    input: /datater/wu/data/enterovirus/primer3_Tm/forward_8128-8632.calculated
    output: /datater/wu/data/enterovirus/primer3_Tm/forward_8128-8632.filtered
    jobid: 178
    wildcards: sample=enterovirus, seg=8128-8632
Downstream jobs will be updated after completion.

[Wed Mar 10 11:03:31 2021]
checkpoint filterOut_within_segments:
    input: /datater/wu/data/enterovirus/primer3_Tm/forward_2540-3044.calculated
    output: /datater/wu/data/enterovirus/primer3_Tm/forward_2540-3044.filtered
    jobid: 185
    wildcards: sample=enterovirus, seg=2540-3044
Downstream jobs will be updated after completion.

[Wed Mar 10 11:03:31 2021]
checkpoint filterOut_within_segments:
    input: /datater/wu/data/enterovirus/primer3_Tm/forward_2286-2790.calculated
    output: /datater/wu/data/enterovirus/primer3_Tm/forward_2286-2790.filtered
    jobid: 193
    wildcards: sample=enterovirus, seg=2286-2790
Downstream jobs will be updated after completion.

[Wed Mar 10 11:03:31 2021]
checkpoint filterOut_within_segments:
    input: /datater/wu/data/enterovirus/primer3_Tm/forward_3048-3552.calculated
    output: /datater/wu/data/enterovirus/primer3_Tm/forward_3048-3552.filtered
    jobid: 177
    wildcards: sample=enterovirus, seg=3048-3552
Downstream jobs will be updated after completion.

[Wed Mar 10 11:03:31 2021]
checkpoint filterOut_within_segments:
    input: /datater/wu/data/enterovirus/primer3_Tm/forward_7112-7616.calculated
    output: /datater/wu/data/enterovirus/primer3_Tm/forward_7112-7616.filtered
    jobid: 162
    wildcards: sample=enterovirus, seg=7112-7616
Downstream jobs will be updated after completion.

[Wed Mar 10 11:03:31 2021]
checkpoint filterOut_within_segments:
    input: /datater/wu/data/enterovirus/primer3_Tm/forward_1778-2282.calculated
    output: /datater/wu/data/enterovirus/primer3_Tm/forward_1778-2282.filtered
    jobid: 184
    wildcards: sample=enterovirus, seg=1778-2282
Downstream jobs will be updated after completion.

[Wed Mar 10 11:03:31 2021]
checkpoint filterOut_within_segments:
    input: /datater/wu/data/enterovirus/primer3_Tm/forward_1016-1520.calculated
    output: /datater/wu/data/enterovirus/primer3_Tm/forward_1016-1520.filtered
    jobid: 169
    wildcards: sample=enterovirus, seg=1016-1520
Downstream jobs will be updated after completion.

[Wed Mar 10 11:03:31 2021]
checkpoint filterOut_within_segments:
    input: /datater/wu/data/enterovirus/primer3_Tm/forward_2794-3298.calculated
    output: /datater/wu/data/enterovirus/primer3_Tm/forward_2794-3298.filtered
    jobid: 192
    wildcards: sample=enterovirus, seg=2794-3298
Downstream jobs will be updated after completion.

[Wed Mar 10 11:03:31 2021]
checkpoint filterOut_within_segments:
    input: /datater/wu/data/enterovirus/primer3_Tm/forward_4318-4822.calculated
    output: /datater/wu/data/enterovirus/primer3_Tm/forward_4318-4822.filtered
    jobid: 171
    wildcards: sample=enterovirus, seg=4318-4822
Downstream jobs will be updated after completion.

Updating job all.
[Wed Mar 10 11:03:32 2021]
Finished job 178.
1 of 38 steps (3%) done
Updating job all.
[Wed Mar 10 11:03:32 2021]
Finished job 164.
2 of 38 steps (5%) done
Updating job all.
[Wed Mar 10 11:03:32 2021]
Finished job 170.
3 of 38 steps (8%) done
Updating job all.
[Wed Mar 10 11:03:32 2021]
Finished job 185.
4 of 38 steps (11%) done
Select jobs to execute...
Updating job all.
[Wed Mar 10 11:03:32 2021]
Finished job 163.
5 of 38 steps (13%) done
Updating job all.
[Wed Mar 10 11:03:33 2021]
Finished job 169.
6 of 38 steps (16%) done
Updating job all.
[Wed Mar 10 11:03:33 2021]
Finished job 184.
7 of 38 steps (18%) done
Updating job all.
[Wed Mar 10 11:03:33 2021]
Finished job 177.
8 of 38 steps (21%) done
Updating job all.
[Wed Mar 10 11:03:33 2021]
Finished job 192.
9 of 38 steps (24%) done
Updating job all.
[Wed Mar 10 11:03:33 2021]
Finished job 193.
10 of 38 steps (26%) done
Updating job all.
[Wed Mar 10 11:03:33 2021]
Finished job 171.
11 of 38 steps (29%) done
Updating job all.
[Wed Mar 10 11:03:33 2021]
Finished job 162.
12 of 38 steps (32%) done

[Wed Mar 10 11:03:33 2021]
checkpoint filterOut_within_segments:
    input: /datater/wu/data/enterovirus/primer3_Tm/forward_8636-9140.calculated
    output: /datater/wu/data/enterovirus/primer3_Tm/forward_8636-9140.filtered
    jobid: 179
    wildcards: sample=enterovirus, seg=8636-9140
Downstream jobs will be updated after completion.

[Wed Mar 10 11:03:33 2021]
checkpoint filterOut_within_segments:
    input: /datater/wu/data/enterovirus/primer3_Tm/forward_3556-4060.calculated
    output: /datater/wu/data/enterovirus/primer3_Tm/forward_3556-4060.filtered
    jobid: 194
    wildcards: sample=enterovirus, seg=3556-4060
Downstream jobs will be updated after completion.

[Wed Mar 10 11:03:33 2021]
checkpoint filterOut_within_segments:
    input: /datater/wu/data/enterovirus/primer3_Tm/forward_8890-9394.calculated
    output: /datater/wu/data/enterovirus/primer3_Tm/forward_8890-9394.filtered
    jobid: 159
    wildcards: sample=enterovirus, seg=8890-9394
Downstream jobs will be updated after completion.

[Wed Mar 10 11:03:33 2021]
checkpoint filterOut_within_segments:
    input: /datater/wu/data/enterovirus/primer3_Tm/forward_5842-6346.calculated
    output: /datater/wu/data/enterovirus/primer3_Tm/forward_5842-6346.filtered
    jobid: 191
    wildcards: sample=enterovirus, seg=5842-6346
Downstream jobs will be updated after completion.

[Wed Mar 10 11:03:33 2021]
checkpoint filterOut_within_segments:
    input: /datater/wu/data/enterovirus/primer3_Tm/forward_7620-8124.calculated
    output: /datater/wu/data/enterovirus/primer3_Tm/forward_7620-8124.filtered
    jobid: 173
    wildcards: sample=enterovirus, seg=7620-8124
Downstream jobs will be updated after completion.

[Wed Mar 10 11:03:33 2021]
checkpoint filterOut_within_segments:
    input: /datater/wu/data/enterovirus/primer3_Tm/forward_4572-5076.calculated
    output: /datater/wu/data/enterovirus/primer3_Tm/forward_4572-5076.filtered
    jobid: 180
    wildcards: sample=enterovirus, seg=4572-5076
Downstream jobs will be updated after completion.

[Wed Mar 10 11:03:33 2021]
checkpoint filterOut_within_segments:
    input: /datater/wu/data/enterovirus/primer3_Tm/forward_5080-5584.calculated
    output: /datater/wu/data/enterovirus/primer3_Tm/forward_5080-5584.filtered
    jobid: 165
    wildcards: sample=enterovirus, seg=5080-5584
Downstream jobs will be updated after completion.

[Wed Mar 10 11:03:33 2021]
checkpoint filterOut_within_segments:
    input: /datater/wu/data/enterovirus/primer3_Tm/forward_0-504.calculated
    output: /datater/wu/data/enterovirus/primer3_Tm/forward_0-504.filtered
    jobid: 188
    wildcards: sample=enterovirus, seg=0-504
Downstream jobs will be updated after completion.

[Wed Mar 10 11:03:33 2021]
checkpoint filterOut_within_segments:
    input: /datater/wu/data/enterovirus/primer3_Tm/forward_7366-7870.calculated
    output: /datater/wu/data/enterovirus/primer3_Tm/forward_7366-7870.filtered
    jobid: 195
    wildcards: sample=enterovirus, seg=7366-7870
Downstream jobs will be updated after completion.

[Wed Mar 10 11:03:33 2021]
checkpoint filterOut_within_segments:
    input: /datater/wu/data/enterovirus/primer3_Tm/forward_6350-6854.calculated
    output: /datater/wu/data/enterovirus/primer3_Tm/forward_6350-6854.filtered
    jobid: 186
    wildcards: sample=enterovirus, seg=6350-6854
Downstream jobs will be updated after completion.

Select jobs to execute...

[Wed Mar 10 11:03:33 2021]
checkpoint filterOut_within_segments:
    input: /datater/wu/data/enterovirus/primer3_Tm/forward_5334-5838.calculated
    output: /datater/wu/data/enterovirus/primer3_Tm/forward_5334-5838.filtered
    jobid: 174
    wildcards: sample=enterovirus, seg=5334-5838
Downstream jobs will be updated after completion.

[Wed Mar 10 11:03:33 2021]
checkpoint filterOut_within_segments:
    input: /datater/wu/data/enterovirus/primer3_Tm/forward_3302-3806.calculated
    output: /datater/wu/data/enterovirus/primer3_Tm/forward_3302-3806.filtered
    jobid: 187
    wildcards: sample=enterovirus, seg=3302-3806
Downstream jobs will be updated after completion.

Select jobs to execute...
Select jobs to execute...
Select jobs to execute...
Select jobs to execute...
Select jobs to execute...
Select jobs to execute...
Select jobs to execute...
Select jobs to execute...
Select jobs to execute...
Select jobs to execute...
Updating job all.
[Wed Mar 10 11:03:34 2021]
Finished job 191.
13 of 38 steps (34%) done
Updating job all.
[Wed Mar 10 11:03:34 2021]
Finished job 173.
14 of 38 steps (37%) done
Updating job all.
[Wed Mar 10 11:03:34 2021]
Finished job 188.
15 of 38 steps (39%) done
Select jobs to execute...
Updating job all.
[Wed Mar 10 11:03:35 2021]
Finished job 180.
16 of 38 steps (42%) done
Updating job all.
[Wed Mar 10 11:03:35 2021]
Finished job 174.
17 of 38 steps (45%) done
Updating job all.
[Wed Mar 10 11:03:35 2021]
Finished job 186.
18 of 38 steps (47%) done
Updating job all.
[Wed Mar 10 11:03:35 2021]
Finished job 165.
19 of 38 steps (50%) done
Updating job all.
[Wed Mar 10 11:03:35 2021]
Finished job 194.
20 of 38 steps (53%) done
Updating job all.
[Wed Mar 10 11:03:35 2021]
Finished job 159.
21 of 38 steps (55%) done

[Wed Mar 10 11:03:35 2021]
checkpoint filterOut_within_segments:
    input: /datater/wu/data/enterovirus/primer3_Tm/forward_2032-2536.calculated
    output: /datater/wu/data/enterovirus/primer3_Tm/forward_2032-2536.filtered
    jobid: 189
    wildcards: sample=enterovirus, seg=2032-2536
Downstream jobs will be updated after completion.

[Wed Mar 10 11:03:35 2021]
checkpoint filterOut_within_segments:
    input: /datater/wu/data/enterovirus/primer3_Tm/forward_4064-4568.calculated
    output: /datater/wu/data/enterovirus/primer3_Tm/forward_4064-4568.filtered
    jobid: 161
    wildcards: sample=enterovirus, seg=4064-4568
Downstream jobs will be updated after completion.

Updating job all.

[Wed Mar 10 11:03:35 2021]
checkpoint filterOut_within_segments:
    input: /datater/wu/data/enterovirus/primer3_Tm/forward_1524-2028.calculated
    output: /datater/wu/data/enterovirus/primer3_Tm/forward_1524-2028.filtered
    jobid: 172
    wildcards: sample=enterovirus, seg=1524-2028
Downstream jobs will be updated after completion.


[Wed Mar 10 11:03:35 2021]
checkpoint filterOut_within_segments:
    input: /datater/wu/data/enterovirus/primer3_Tm/forward_1270-1774.calculated
    output: /datater/wu/data/enterovirus/primer3_Tm/forward_1270-1774.filtered
    jobid: 182
    wildcards: sample=enterovirus, seg=1270-1774
Downstream jobs will be updated after completion.

[Wed Mar 10 11:03:35 2021]
checkpoint filterOut_within_segments:
    input: /datater/wu/data/enterovirus/primer3_Tm/forward_6096-6600.calculated
    output: /datater/wu/data/enterovirus/primer3_Tm/forward_6096-6600.filtered
    jobid: 175
    wildcards: sample=enterovirus, seg=6096-6600
Downstream jobs will be updated after completion.

[Wed Mar 10 11:03:35 2021]
checkpoint filterOut_within_segments:
    input: /datater/wu/data/enterovirus/primer3_Tm/forward_3810-4314.calculated
    output: /datater/wu/data/enterovirus/primer3_Tm/forward_3810-4314.filtered
    jobid: 190
    wildcards: sample=enterovirus, seg=3810-4314
Downstream jobs will be updated after completion.

[Wed Mar 10 11:03:35 2021]
Finished job 179.
22 of 38 steps (58%) done
Updating job all.
[Wed Mar 10 11:03:35 2021]
Finished job 195.
23 of 38 steps (61%) done
Updating job all.
[Wed Mar 10 11:03:35 2021]
Finished job 187.
24 of 38 steps (63%) done
Select jobs to execute...

[Wed Mar 10 11:03:35 2021]
checkpoint filterOut_within_segments:
    input: /datater/wu/data/enterovirus/primer3_Tm/forward_7874-8378.calculated
    output: /datater/wu/data/enterovirus/primer3_Tm/forward_7874-8378.filtered
    jobid: 176
    wildcards: sample=enterovirus, seg=7874-8378
Downstream jobs will be updated after completion.

[Wed Mar 10 11:03:35 2021]
checkpoint filterOut_within_segments:
    input: /datater/wu/data/enterovirus/primer3_Tm/forward_4826-5330.calculated
    output: /datater/wu/data/enterovirus/primer3_Tm/forward_4826-5330.filtered
    jobid: 181
    wildcards: sample=enterovirus, seg=4826-5330
Downstream jobs will be updated after completion.

[Wed Mar 10 11:03:35 2021]
checkpoint filterOut_within_segments:
    input: /datater/wu/data/enterovirus/primer3_Tm/forward_508-1012.calculated
    output: /datater/wu/data/enterovirus/primer3_Tm/forward_508-1012.filtered
    jobid: 168
    wildcards: sample=enterovirus, seg=508-1012
Downstream jobs will be updated after completion.

[Wed Mar 10 11:03:35 2021]
checkpoint filterOut_within_segments:
    input: /datater/wu/data/enterovirus/primer3_Tm/forward_6604-7108.calculated
    output: /datater/wu/data/enterovirus/primer3_Tm/forward_6604-7108.filtered
    jobid: 166
    wildcards: sample=enterovirus, seg=6604-7108
Downstream jobs will be updated after completion.

[Wed Mar 10 11:03:35 2021]
checkpoint filterOut_within_segments:
    input: /datater/wu/data/enterovirus/primer3_Tm/forward_6858-7362.calculated
    output: /datater/wu/data/enterovirus/primer3_Tm/forward_6858-7362.filtered
    jobid: 183
    wildcards: sample=enterovirus, seg=6858-7362
Downstream jobs will be updated after completion.

[Wed Mar 10 11:03:35 2021]
checkpoint filterOut_within_segments:
    input: /datater/wu/data/enterovirus/primer3_Tm/forward_254-758.calculated
    output: /datater/wu/data/enterovirus/primer3_Tm/forward_254-758.filtered
    jobid: 167
    wildcards: sample=enterovirus, seg=254-758
Downstream jobs will be updated after completion.

Select jobs to execute...
Select jobs to execute...
Select jobs to execute...
Select jobs to execute...
Select jobs to execute...
Select jobs to execute...
Select jobs to execute...
Select jobs to execute...
Select jobs to execute...
Select jobs to execute...
Updating job all.
[Wed Mar 10 11:03:36 2021]
Finished job 182.
25 of 38 steps (66%) done
Updating job all.
[Wed Mar 10 11:03:36 2021]
Finished job 189.
26 of 38 steps (68%) done
Updating job all.
[Wed Mar 10 11:03:36 2021]
Finished job 172.
27 of 38 steps (71%) done
Select jobs to execute...
Updating job all.
[Wed Mar 10 11:03:36 2021]
Finished job 161.
28 of 38 steps (74%) done
Updating job all.
[Wed Mar 10 11:03:37 2021]
Finished job 190.
29 of 38 steps (76%) done
Updating job all.
[Wed Mar 10 11:03:37 2021]
Finished job 175.
30 of 38 steps (79%) done
Updating job all.
[Wed Mar 10 11:03:37 2021]
Finished job 168.
31 of 38 steps (82%) done
Updating job all.
[Wed Mar 10 11:03:37 2021]
Finished job 176.
32 of 38 steps (84%) done
Updating job all.
[Wed Mar 10 11:03:37 2021]
Finished job 181.
33 of 38 steps (87%) done
Updating job all.
[Wed Mar 10 11:03:37 2021]
Finished job 167.
34 of 38 steps (89%) done
Updating job all.
[Wed Mar 10 11:03:37 2021]
Finished job 166.
35 of 38 steps (92%) done

[Wed Mar 10 11:03:37 2021]
checkpoint filterOut_within_segments:
    input: /datater/wu/data/enterovirus/primer3_Tm/forward_9144-9382.calculated
    output: /datater/wu/data/enterovirus/primer3_Tm/forward_9144-9382.filtered
    jobid: 160
    wildcards: sample=enterovirus, seg=9144-9382
Downstream jobs will be updated after completion.

Updating job all.
[Wed Mar 10 11:03:37 2021]
Finished job 183.
36 of 38 steps (95%) done
Updating job all.
[Wed Mar 10 11:03:38 2021]
Finished job 160.
37 of 37 steps (100%) done
Complete log: /datater/wu/stage_m2/.snakemake/log/2021-03-10T110330.330749.snakemake.log
