Building DAG of jobs...
Using shell: /bin/bash
Provided cores: 6
Rules claiming more threads will be scaled down.
Conda environments: ignored
Job counts:
	count	jobs
	1	all
	1	countAllKmer1
	1	countAllKmer2
	1	sortAllKmer
	4
Select jobs to execute...

[Thu Apr 29 12:12:59 2021]
rule countAllKmer1:
    input: /datater/wu/data/MSSPE-variant/zika/zika.uniq
    output: /datater/wu/data/MSSPE-variant/zika/kmer15/intermediate/allKmerCount.jf
    jobid: 2
    wildcards: sample=zika

[Thu Apr 29 12:37:30 2021]
Finished job 2.
1 of 4 steps (25%) done
Select jobs to execute...

[Thu Apr 29 12:37:30 2021]
rule countAllKmer2:
    input: /datater/wu/data/MSSPE-variant/zika/kmer15/intermediate/allKmerCount.jf
    output: /datater/wu/data/MSSPE-variant/zika/kmer15/intermediate/allKmerCount.txt
    jobid: 3
    wildcards: sample=zika

[Thu Apr 29 12:37:30 2021]
Finished job 3.
2 of 4 steps (50%) done
Select jobs to execute...

[Thu Apr 29 12:37:30 2021]
rule sortAllKmer:
    input: /datater/wu/data/MSSPE-variant/zika/kmer15/intermediate/allKmerCount.txt
    output: /datater/wu/data/MSSPE-variant/zika/kmer15/intermediate/allKmerCount.sorted.txt
    jobid: 4
    wildcards: sample=zika

[Thu Apr 29 12:37:30 2021]
Finished job 4.
3 of 4 steps (75%) done
Select jobs to execute...

[Thu Apr 29 12:37:30 2021]
localrule all:
    input: /datater/wu/data/MSSPE-variant/zika/zika.uniq, /datater/wu/data/MSSPE-variant/zika/kmer15/intermediate/allKmerCount.jf, /datater/wu/data/MSSPE-variant/zika/kmer15/intermediate/allKmerCount.txt, /datater/wu/data/MSSPE-variant/zika/kmer15/intermediate/allKmerCount.sorted.txt, /datater/wu/data/MSSPE-variant/zika/kmer15/allKmerCount.sorted.calculated.txt, /datater/wu/data/MSSPE-variant/zika/kmer15/allKmerCount.sorted.calculated.filtered.txt, /datater/wu/data/MSSPE-variant/zika/kmer15/intermediate/allKmerCount.sorted.calculated.filtered.fasta, /datater/wu/data/RefSeqProkaryota/RefSeqProkaryota.DB.1.ebwt, /datater/wu/data/RefSeqProkaryota/RefSeqProkaryota.DB.2.ebwt, /datater/wu/data/RefSeqProkaryota/RefSeqProkaryota.DB.3.ebwt, /datater/wu/data/RefSeqProkaryota/RefSeqProkaryota.DB.4.ebwt, /datater/wu/data/RefSeqProkaryota/RefSeqProkaryota.DB.rev.1.ebwt, /datater/wu/data/RefSeqProkaryota/RefSeqProkaryota.DB.rev.2.ebwt, /datater/wu/data/MSSPE-variant/zika/kmer15/intermediate/allKmerCount.sorted.calculated.filtered.bowtie, /datater/wu/data/MSSPE-variant/zika/kmer15/allKmerCount.sorted.calculated.filtered.spec.txt, /datater/wu/data/MSSPE-variant/zika/zika0.99.uniq, /datater/wu/data/MSSPE-variant/zika/zika0.99.msa, /datater/wu/data/MSSPE-variant/zika/kmer15/intermediate/allKmerCount.sorted.calculated.filtered.spec.fasta, /datater/wu/data/MSSPE-variant/zika/zika0.99.msa.DB.1.ebwt, /datater/wu/data/MSSPE-variant/zika/zika0.99.msa.DB.2.ebwt, /datater/wu/data/MSSPE-variant/zika/zika0.99.msa.DB.3.ebwt, /datater/wu/data/MSSPE-variant/zika/zika0.99.msa.DB.4.ebwt, /datater/wu/data/MSSPE-variant/zika/zika0.99.msa.DB.rev.1.ebwt, /datater/wu/data/MSSPE-variant/zika/zika0.99.msa.DB.rev.2.ebwt, /datater/wu/data/MSSPE-variant/zika/kmer15/intermediate/allKmerCount.sorted.calculated.filtered.spec.bowtie, /datater/wu/data/MSSPE-variant/zika/kmer15/intermediate/allKmerCount.sorted.calculated.filtered.spec.position, /datater/wu/data/MSSPE-variant/zika/kmer15/allOligo.set, /datater/wu/data/MSSPE-variant/zika/kmer15/intermediate/aceID-taxID-species.tsv, /datater/wu/data/MSSPE-variant/zika/kmer15/evaluation/allOligo.set.coverage, /datater/wu/data/MSSPE-variant/zika/kmer15/evaluation/allOligo_after3.tsv
    jobid: 0

[Thu Apr 29 12:37:30 2021]
Finished job 0.
4 of 4 steps (100%) done
Complete log: /datater/wu/MSSPE/.snakemake/log/2021-04-29T121258.916608.snakemake.log
