Building DAG of jobs...
Using shell: /bin/bash
Provided cores: 12
Rules claiming more threads will be scaled down.
Conda environments: ignored
Job counts:
	count	jobs
	1	all
	37	linguistic_complexity
	38
Select jobs to execute...

[Thu Mar 11 19:16:03 2021]
rule linguistic_complexity:
    input: /datater/wu/data/enterovirus/filtering/forward_1524-2028.fasta
    output: /datater/wu/data/enterovirus/filtering/forward_1524-2028.nessieOut
    jobid: 224
    wildcards: sample=enterovirus, seg=1524-2028


[Thu Mar 11 19:16:03 2021]
rule linguistic_complexity:
    input: /datater/wu/data/enterovirus/filtering/forward_8890-9394.fasta
    output: /datater/wu/data/enterovirus/filtering/forward_8890-9394.nessieOut
    jobid: 200
    wildcards: sample=enterovirus, seg=8890-9394


[Thu Mar 11 19:16:03 2021]
rule linguistic_complexity:
    input: /datater/wu/data/enterovirus/filtering/forward_8382-8886.fasta
    output: /datater/wu/data/enterovirus/filtering/forward_8382-8886.nessieOut
    jobid: 208
    wildcards: sample=enterovirus, seg=8382-8886


[Thu Mar 11 19:16:03 2021]
rule linguistic_complexity:
    input: /datater/wu/data/enterovirus/filtering/forward_7620-8124.fasta
    output: /datater/wu/data/enterovirus/filtering/forward_7620-8124.nessieOut
    jobid: 215
    wildcards: sample=enterovirus, seg=7620-8124


[Thu Mar 11 19:16:03 2021]
rule linguistic_complexity:
    input: /datater/wu/data/enterovirus/filtering/forward_4826-5330.fasta
    output: /datater/wu/data/enterovirus/filtering/forward_4826-5330.nessieOut
    jobid: 223
    wildcards: sample=enterovirus, seg=4826-5330


[Thu Mar 11 19:16:03 2021]
rule linguistic_complexity:
    input: /datater/wu/data/enterovirus/filtering/forward_7874-8378.fasta
    output: /datater/wu/data/enterovirus/filtering/forward_7874-8378.nessieOut
    jobid: 230
    wildcards: sample=enterovirus, seg=7874-8378


[Thu Mar 11 19:16:03 2021]
rule linguistic_complexity:
    input: /datater/wu/data/enterovirus/filtering/forward_762-1266.fasta
    output: /datater/wu/data/enterovirus/filtering/forward_762-1266.nessieOut
    jobid: 222
    wildcards: sample=enterovirus, seg=762-1266

[Thu Mar 11 19:16:03 2021]
Finished job 200.
1 of 38 steps (3%) done

[Thu Mar 11 19:16:03 2021]
rule linguistic_complexity:
    input: /datater/wu/data/enterovirus/filtering/forward_0-504.fasta
    output: /datater/wu/data/enterovirus/filtering/forward_0-504.nessieOut
    jobid: 207
    wildcards: sample=enterovirus, seg=0-504


[Thu Mar 11 19:16:03 2021]
rule linguistic_complexity:
    input: /datater/wu/data/enterovirus/filtering/forward_6096-6600.fasta
    output: /datater/wu/data/enterovirus/filtering/forward_6096-6600.nessieOut
    jobid: 229
    wildcards: sample=enterovirus, seg=6096-6600


[Thu Mar 11 19:16:03 2021]
rule linguistic_complexity:
    input: /datater/wu/data/enterovirus/filtering/forward_1778-2282.fasta
    output: /datater/wu/data/enterovirus/filtering/forward_1778-2282.nessieOut
    jobid: 214
    wildcards: sample=enterovirus, seg=1778-2282


[Thu Mar 11 19:16:03 2021]
rule linguistic_complexity:
    input: /datater/wu/data/enterovirus/filtering/forward_6350-6854.fasta
    output: /datater/wu/data/enterovirus/filtering/forward_6350-6854.nessieOut
    jobid: 201
    wildcards: sample=enterovirus, seg=6350-6854


[Thu Mar 11 19:16:03 2021]
rule linguistic_complexity:
    input: /datater/wu/data/enterovirus/filtering/forward_6858-7362.fasta
    output: /datater/wu/data/enterovirus/filtering/forward_6858-7362.nessieOut
    jobid: 216
    wildcards: sample=enterovirus, seg=6858-7362

Select jobs to execute...
[Thu Mar 11 19:16:03 2021]
Finished job 207.
2 of 38 steps (5%) done
[Thu Mar 11 19:16:03 2021]
Finished job 222.
3 of 38 steps (8%) done
[Thu Mar 11 19:16:03 2021]
Finished job 224.
4 of 38 steps (11%) done

[Thu Mar 11 19:16:03 2021]
rule linguistic_complexity:
    input: /datater/wu/data/enterovirus/filtering/forward_254-758.fasta
    output: /datater/wu/data/enterovirus/filtering/forward_254-758.nessieOut
    jobid: 217
    wildcards: sample=enterovirus, seg=254-758

Select jobs to execute...
[Thu Mar 11 19:16:03 2021]
Finished job 217.
5 of 38 steps (13%) done
[Thu Mar 11 19:16:03 2021]
Finished job 214.
6 of 38 steps (16%) done

[Thu Mar 11 19:16:03 2021]
rule linguistic_complexity:
    input: /datater/wu/data/enterovirus/filtering/forward_4064-4568.fasta
    output: /datater/wu/data/enterovirus/filtering/forward_4064-4568.nessieOut
    jobid: 204
    wildcards: sample=enterovirus, seg=4064-4568


[Thu Mar 11 19:16:03 2021]
rule linguistic_complexity:
    input: /datater/wu/data/enterovirus/filtering/forward_3810-4314.fasta
    output: /datater/wu/data/enterovirus/filtering/forward_3810-4314.nessieOut
    jobid: 209
    wildcards: sample=enterovirus, seg=3810-4314


[Thu Mar 11 19:16:03 2021]
rule linguistic_complexity:
    input: /datater/wu/data/enterovirus/filtering/forward_3048-3552.fasta
    output: /datater/wu/data/enterovirus/filtering/forward_3048-3552.nessieOut
    jobid: 211
    wildcards: sample=enterovirus, seg=3048-3552

Select jobs to execute...

[Thu Mar 11 19:16:03 2021]
rule linguistic_complexity:
    input: /datater/wu/data/enterovirus/filtering/forward_5080-5584.fasta
    output: /datater/wu/data/enterovirus/filtering/forward_5080-5584.nessieOut
    jobid: 197
    wildcards: sample=enterovirus, seg=5080-5584


[Thu Mar 11 19:16:03 2021]
rule linguistic_complexity:
    input: /datater/wu/data/enterovirus/filtering/forward_508-1012.fasta
    output: /datater/wu/data/enterovirus/filtering/forward_508-1012.nessieOut
    jobid: 228
    wildcards: sample=enterovirus, seg=508-1012

Select jobs to execute...
Select jobs to execute...
Select jobs to execute...
[Thu Mar 11 19:16:03 2021]
Finished job 228.
7 of 38 steps (18%) done
Select jobs to execute...

[Thu Mar 11 19:16:03 2021]
rule linguistic_complexity:
    input: /datater/wu/data/enterovirus/filtering/forward_5842-6346.fasta
    output: /datater/wu/data/enterovirus/filtering/forward_5842-6346.nessieOut
    jobid: 202
    wildcards: sample=enterovirus, seg=5842-6346

[Thu Mar 11 19:16:03 2021]
Finished job 230.
8 of 38 steps (21%) done
Select jobs to execute...
[Thu Mar 11 19:16:03 2021]
Finished job 208.
9 of 38 steps (24%) done
[Thu Mar 11 19:16:03 2021]
Finished job 223.
10 of 38 steps (26%) done
[Thu Mar 11 19:16:03 2021]
Finished job 209.
11 of 38 steps (29%) done
[Thu Mar 11 19:16:03 2021]
Finished job 215.
12 of 38 steps (32%) done

[Thu Mar 11 19:16:03 2021]
rule linguistic_complexity:
    input: /datater/wu/data/enterovirus/filtering/forward_2032-2536.fasta
    output: /datater/wu/data/enterovirus/filtering/forward_2032-2536.nessieOut
    jobid: 232
    wildcards: sample=enterovirus, seg=2032-2536

Select jobs to execute...

[Thu Mar 11 19:16:03 2021]
rule linguistic_complexity:
    input: /datater/wu/data/enterovirus/filtering/forward_4572-5076.fasta
    output: /datater/wu/data/enterovirus/filtering/forward_4572-5076.nessieOut
    jobid: 203
    wildcards: sample=enterovirus, seg=4572-5076


[Thu Mar 11 19:16:03 2021]
rule linguistic_complexity:
    input: /datater/wu/data/enterovirus/filtering/forward_2540-3044.fasta
    output: /datater/wu/data/enterovirus/filtering/forward_2540-3044.nessieOut
    jobid: 218
    wildcards: sample=enterovirus, seg=2540-3044

[Thu Mar 11 19:16:03 2021]
Finished job 202.
13 of 38 steps (34%) done

[Thu Mar 11 19:16:03 2021]
rule linguistic_complexity:
    input: /datater/wu/data/enterovirus/filtering/forward_6604-7108.fasta
    output: /datater/wu/data/enterovirus/filtering/forward_6604-7108.nessieOut
    jobid: 225
    wildcards: sample=enterovirus, seg=6604-7108

[Thu Mar 11 19:16:03 2021]

Finished job 229.
[Thu Mar 11 19:16:04 2021]
14 of 38 steps (37%) done
rule linguistic_complexity:
    input: /datater/wu/data/enterovirus/filtering/forward_5334-5838.fasta
    output: /datater/wu/data/enterovirus/filtering/forward_5334-5838.nessieOut
    jobid: 199
    wildcards: sample=enterovirus, seg=5334-5838

Select jobs to execute...
[Thu Mar 11 19:16:04 2021]
Finished job 216.
15 of 38 steps (39%) done
[Thu Mar 11 19:16:04 2021]
Finished job 201.
16 of 38 steps (42%) done

[Thu Mar 11 19:16:04 2021]
rule linguistic_complexity:
    input: /datater/wu/data/enterovirus/filtering/forward_3556-4060.fasta
    output: /datater/wu/data/enterovirus/filtering/forward_3556-4060.nessieOut
    jobid: 219
    wildcards: sample=enterovirus, seg=3556-4060


[Thu Mar 11 19:16:04 2021]
rule linguistic_complexity:
    input: /datater/wu/data/enterovirus/filtering/forward_3302-3806.fasta
    output: /datater/wu/data/enterovirus/filtering/forward_3302-3806.nessieOut
    jobid: 226
    wildcards: sample=enterovirus, seg=3302-3806

Select jobs to execute...
[Thu Mar 11 19:16:04 2021]
Finished job 204.
17 of 38 steps (45%) done
[Thu Mar 11 19:16:04 2021]
Finished job 211.
18 of 38 steps (47%) done

[Thu Mar 11 19:16:04 2021]
rule linguistic_complexity:
    input: /datater/wu/data/enterovirus/filtering/forward_2794-3298.fasta
    output: /datater/wu/data/enterovirus/filtering/forward_2794-3298.nessieOut
    jobid: 206
    wildcards: sample=enterovirus, seg=2794-3298


[Thu Mar 11 19:16:04 2021]
rule linguistic_complexity:
    input: /datater/wu/data/enterovirus/filtering/forward_8636-9140.fasta
    output: /datater/wu/data/enterovirus/filtering/forward_8636-9140.nessieOut
    jobid: 198
    wildcards: sample=enterovirus, seg=8636-9140

Select jobs to execute...
[Thu Mar 11 19:16:04 2021]
Finished job 226.
19 of 38 steps (50%) done

[Thu Mar 11 19:16:04 2021]
rule linguistic_complexity:
    input: /datater/wu/data/enterovirus/filtering/forward_7366-7870.fasta
    output: /datater/wu/data/enterovirus/filtering/forward_7366-7870.nessieOut
    jobid: 221
    wildcards: sample=enterovirus, seg=7366-7870


[Thu Mar 11 19:16:04 2021]
rule linguistic_complexity:
    input: /datater/wu/data/enterovirus/filtering/forward_4318-4822.fasta
    output: /datater/wu/data/enterovirus/filtering/forward_4318-4822.nessieOut
    jobid: 213
    wildcards: sample=enterovirus, seg=4318-4822

Select jobs to execute...

[Thu Mar 11 19:16:04 2021]
rule linguistic_complexity:
    input: /datater/wu/data/enterovirus/filtering/forward_5588-6092.fasta
    output: /datater/wu/data/enterovirus/filtering/forward_5588-6092.nessieOut
    jobid: 231
    wildcards: sample=enterovirus, seg=5588-6092

Select jobs to execute...
Select jobs to execute...
Select jobs to execute...
Select jobs to execute...
Select jobs to execute...
Select jobs to execute...
[Thu Mar 11 19:16:04 2021]
Finished job 199.
20 of 38 steps (53%) done
Select jobs to execute...
[Thu Mar 11 19:16:04 2021]
Finished job 197.
21 of 38 steps (55%) done

[Thu Mar 11 19:16:04 2021]
rule linguistic_complexity:
    input: /datater/wu/data/enterovirus/filtering/forward_1270-1774.fasta
    output: /datater/wu/data/enterovirus/filtering/forward_1270-1774.nessieOut
    jobid: 205
    wildcards: sample=enterovirus, seg=1270-1774


[Thu Mar 11 19:16:04 2021]
rule linguistic_complexity:
    input: /datater/wu/data/enterovirus/filtering/forward_1016-1520.fasta
    output: /datater/wu/data/enterovirus/filtering/forward_1016-1520.nessieOut
    jobid: 233
    wildcards: sample=enterovirus, seg=1016-1520

Select jobs to execute...
[Thu Mar 11 19:16:04 2021]
Finished job 225.
22 of 38 steps (58%) done
Select jobs to execute...
[Thu Mar 11 19:16:04 2021]
Finished job 203.
23 of 38 steps (61%) done
[Thu Mar 11 19:16:04 2021]
Finished job 233.
24 of 38 steps (63%) done

[Thu Mar 11 19:16:04 2021]
rule linguistic_complexity:
    input: /datater/wu/data/enterovirus/filtering/forward_2286-2790.fasta
    output: /datater/wu/data/enterovirus/filtering/forward_2286-2790.nessieOut
    jobid: 212
    wildcards: sample=enterovirus, seg=2286-2790

Select jobs to execute...

[Thu Mar 11 19:16:04 2021]
rule linguistic_complexity:
    input: /datater/wu/data/enterovirus/filtering/forward_8128-8632.fasta
    output: /datater/wu/data/enterovirus/filtering/forward_8128-8632.nessieOut
    jobid: 220
    wildcards: sample=enterovirus, seg=8128-8632


[Thu Mar 11 19:16:04 2021]
rule linguistic_complexity:
    input: /datater/wu/data/enterovirus/filtering/forward_7112-7616.fasta
    output: /datater/wu/data/enterovirus/filtering/forward_7112-7616.nessieOut
    jobid: 210
    wildcards: sample=enterovirus, seg=7112-7616

Select jobs to execute...
[Thu Mar 11 19:16:04 2021]
Finished job 232.
25 of 38 steps (66%) done
Select jobs to execute...
[Thu Mar 11 19:16:04 2021]
Finished job 218.
26 of 38 steps (68%) done
[Thu Mar 11 19:16:04 2021]
Finished job 198.
27 of 38 steps (71%) done

[Thu Mar 11 19:16:04 2021]
rule linguistic_complexity:
    input: /datater/wu/data/enterovirus/filtering/forward_9144-9382.fasta
    output: /datater/wu/data/enterovirus/filtering/forward_9144-9382.nessieOut
    jobid: 227
    wildcards: sample=enterovirus, seg=9144-9382

[Thu Mar 11 19:16:04 2021]
Finished job 205.
28 of 38 steps (74%) done
[Thu Mar 11 19:16:04 2021]
Finished job 231.
29 of 38 steps (76%) done
[Thu Mar 11 19:16:04 2021]
Finished job 227.
30 of 38 steps (79%) done
[Thu Mar 11 19:16:04 2021]
Finished job 219.
31 of 38 steps (82%) done
[Thu Mar 11 19:16:04 2021]
Finished job 206.
32 of 38 steps (84%) done
[Thu Mar 11 19:16:04 2021]
Finished job 213.
33 of 38 steps (87%) done
[Thu Mar 11 19:16:04 2021]
Finished job 221.
34 of 38 steps (89%) done
[Thu Mar 11 19:16:04 2021]
Finished job 212.
35 of 38 steps (92%) done
[Thu Mar 11 19:16:04 2021]
Finished job 220.
36 of 38 steps (95%) done
[Thu Mar 11 19:16:04 2021]
Finished job 210.
37 of 38 steps (97%) done
Select jobs to execute...

[Thu Mar 11 19:16:04 2021]
localrule all:
    input: /datater/wu/data/duplicate_removed/enterovirus.uniq, /datater/wu/data/msa/enterovirus.msa, /datater/wu/data/enterovirus/split_forward/position_5080-5584.fasta, /datater/wu/data/enterovirus/split_forward/position_8636-9140.fasta, /datater/wu/data/enterovirus/split_forward/position_5334-5838.fasta, /datater/wu/data/enterovirus/split_forward/position_8890-9394.fasta, /datater/wu/data/enterovirus/split_forward/position_6350-6854.fasta, /datater/wu/data/enterovirus/split_forward/position_5842-6346.fasta, /datater/wu/data/enterovirus/split_forward/position_4572-5076.fasta, /datater/wu/data/enterovirus/split_forward/position_4064-4568.fasta, /datater/wu/data/enterovirus/split_forward/position_1270-1774.fasta, /datater/wu/data/enterovirus/split_forward/position_2794-3298.fasta, /datater/wu/data/enterovirus/split_forward/position_0-504.fasta, /datater/wu/data/enterovirus/split_forward/position_8382-8886.fasta, /datater/wu/data/enterovirus/split_forward/position_3810-4314.fasta, /datater/wu/data/enterovirus/split_forward/position_7112-7616.fasta, /datater/wu/data/enterovirus/split_forward/position_3048-3552.fasta, /datater/wu/data/enterovirus/split_forward/position_2286-2790.fasta, /datater/wu/data/enterovirus/split_forward/position_4318-4822.fasta, /datater/wu/data/enterovirus/split_forward/position_1778-2282.fasta, /datater/wu/data/enterovirus/split_forward/position_7620-8124.fasta, /datater/wu/data/enterovirus/split_forward/position_6858-7362.fasta, /datater/wu/data/enterovirus/split_forward/position_254-758.fasta, /datater/wu/data/enterovirus/split_forward/position_2540-3044.fasta, /datater/wu/data/enterovirus/split_forward/position_3556-4060.fasta, /datater/wu/data/enterovirus/split_forward/position_8128-8632.fasta, /datater/wu/data/enterovirus/split_forward/position_7366-7870.fasta, /datater/wu/data/enterovirus/split_forward/position_762-1266.fasta, /datater/wu/data/enterovirus/split_forward/position_4826-5330.fasta, /datater/wu/data/enterovirus/split_forward/position_1524-2028.fasta, /datater/wu/data/enterovirus/split_forward/position_6604-7108.fasta, /datater/wu/data/enterovirus/split_forward/position_3302-3806.fasta, /datater/wu/data/enterovirus/split_forward/position_9144-9382.fasta, /datater/wu/data/enterovirus/split_forward/position_508-1012.fasta, /datater/wu/data/enterovirus/split_forward/position_6096-6600.fasta, /datater/wu/data/enterovirus/split_forward/position_7874-8378.fasta, /datater/wu/data/enterovirus/split_forward/position_5588-6092.fasta, /datater/wu/data/enterovirus/split_forward/position_2032-2536.fasta, /datater/wu/data/enterovirus/split_forward/position_1016-1520.fasta, /datater/wu/data/enterovirus/dsk/forward_5080-5584.h5, /datater/wu/data/enterovirus/dsk/forward_8636-9140.h5, /datater/wu/data/enterovirus/dsk/forward_5334-5838.h5, /datater/wu/data/enterovirus/dsk/forward_8890-9394.h5, /datater/wu/data/enterovirus/dsk/forward_6350-6854.h5, /datater/wu/data/enterovirus/dsk/forward_5842-6346.h5, /datater/wu/data/enterovirus/dsk/forward_4572-5076.h5, /datater/wu/data/enterovirus/dsk/forward_4064-4568.h5, /datater/wu/data/enterovirus/dsk/forward_1270-1774.h5, /datater/wu/data/enterovirus/dsk/forward_2794-3298.h5, /datater/wu/data/enterovirus/dsk/forward_0-504.h5, /datater/wu/data/enterovirus/dsk/forward_8382-8886.h5, /datater/wu/data/enterovirus/dsk/forward_3810-4314.h5, /datater/wu/data/enterovirus/dsk/forward_7112-7616.h5, /datater/wu/data/enterovirus/dsk/forward_3048-3552.h5, /datater/wu/data/enterovirus/dsk/forward_2286-2790.h5, /datater/wu/data/enterovirus/dsk/forward_4318-4822.h5, /datater/wu/data/enterovirus/dsk/forward_1778-2282.h5, /datater/wu/data/enterovirus/dsk/forward_7620-8124.h5, /datater/wu/data/enterovirus/dsk/forward_6858-7362.h5, /datater/wu/data/enterovirus/dsk/forward_254-758.h5, /datater/wu/data/enterovirus/dsk/forward_2540-3044.h5, /datater/wu/data/enterovirus/dsk/forward_3556-4060.h5, /datater/wu/data/enterovirus/dsk/forward_8128-8632.h5, /datater/wu/data/enterovirus/dsk/forward_7366-7870.h5, /datater/wu/data/enterovirus/dsk/forward_762-1266.h5, /datater/wu/data/enterovirus/dsk/forward_4826-5330.h5, /datater/wu/data/enterovirus/dsk/forward_1524-2028.h5, /datater/wu/data/enterovirus/dsk/forward_6604-7108.h5, /datater/wu/data/enterovirus/dsk/forward_3302-3806.h5, /datater/wu/data/enterovirus/dsk/forward_9144-9382.h5, /datater/wu/data/enterovirus/dsk/forward_508-1012.h5, /datater/wu/data/enterovirus/dsk/forward_6096-6600.h5, /datater/wu/data/enterovirus/dsk/forward_7874-8378.h5, /datater/wu/data/enterovirus/dsk/forward_5588-6092.h5, /datater/wu/data/enterovirus/dsk/forward_2032-2536.h5, /datater/wu/data/enterovirus/dsk/forward_1016-1520.h5, /datater/wu/data/enterovirus/dsk/forward_5080-5584.kCount, /datater/wu/data/enterovirus/dsk/forward_8636-9140.kCount, /datater/wu/data/enterovirus/dsk/forward_5334-5838.kCount, /datater/wu/data/enterovirus/dsk/forward_8890-9394.kCount, /datater/wu/data/enterovirus/dsk/forward_6350-6854.kCount, /datater/wu/data/enterovirus/dsk/forward_5842-6346.kCount, /datater/wu/data/enterovirus/dsk/forward_4572-5076.kCount, /datater/wu/data/enterovirus/dsk/forward_4064-4568.kCount, /datater/wu/data/enterovirus/dsk/forward_1270-1774.kCount, /datater/wu/data/enterovirus/dsk/forward_2794-3298.kCount, /datater/wu/data/enterovirus/dsk/forward_0-504.kCount, /datater/wu/data/enterovirus/dsk/forward_8382-8886.kCount, /datater/wu/data/enterovirus/dsk/forward_3810-4314.kCount, /datater/wu/data/enterovirus/dsk/forward_7112-7616.kCount, /datater/wu/data/enterovirus/dsk/forward_3048-3552.kCount, /datater/wu/data/enterovirus/dsk/forward_2286-2790.kCount, /datater/wu/data/enterovirus/dsk/forward_4318-4822.kCount, /datater/wu/data/enterovirus/dsk/forward_1778-2282.kCount, /datater/wu/data/enterovirus/dsk/forward_7620-8124.kCount, /datater/wu/data/enterovirus/dsk/forward_6858-7362.kCount, /datater/wu/data/enterovirus/dsk/forward_254-758.kCount, /datater/wu/data/enterovirus/dsk/forward_2540-3044.kCount, /datater/wu/data/enterovirus/dsk/forward_3556-4060.kCount, /datater/wu/data/enterovirus/dsk/forward_8128-8632.kCount, /datater/wu/data/enterovirus/dsk/forward_7366-7870.kCount, /datater/wu/data/enterovirus/dsk/forward_762-1266.kCount, /datater/wu/data/enterovirus/dsk/forward_4826-5330.kCount, /datater/wu/data/enterovirus/dsk/forward_1524-2028.kCount, /datater/wu/data/enterovirus/dsk/forward_6604-7108.kCount, /datater/wu/data/enterovirus/dsk/forward_3302-3806.kCount, /datater/wu/data/enterovirus/dsk/forward_9144-9382.kCount, /datater/wu/data/enterovirus/dsk/forward_508-1012.kCount, /datater/wu/data/enterovirus/dsk/forward_6096-6600.kCount, /datater/wu/data/enterovirus/dsk/forward_7874-8378.kCount, /datater/wu/data/enterovirus/dsk/forward_5588-6092.kCount, /datater/wu/data/enterovirus/dsk/forward_2032-2536.kCount, /datater/wu/data/enterovirus/dsk/forward_1016-1520.kCount, /datater/wu/data/enterovirus/dsk/forward_5080-5584.kCountSorted, /datater/wu/data/enterovirus/dsk/forward_8636-9140.kCountSorted, /datater/wu/data/enterovirus/dsk/forward_5334-5838.kCountSorted, /datater/wu/data/enterovirus/dsk/forward_8890-9394.kCountSorted, /datater/wu/data/enterovirus/dsk/forward_6350-6854.kCountSorted, /datater/wu/data/enterovirus/dsk/forward_5842-6346.kCountSorted, /datater/wu/data/enterovirus/dsk/forward_4572-5076.kCountSorted, /datater/wu/data/enterovirus/dsk/forward_4064-4568.kCountSorted, /datater/wu/data/enterovirus/dsk/forward_1270-1774.kCountSorted, /datater/wu/data/enterovirus/dsk/forward_2794-3298.kCountSorted, /datater/wu/data/enterovirus/dsk/forward_0-504.kCountSorted, /datater/wu/data/enterovirus/dsk/forward_8382-8886.kCountSorted, /datater/wu/data/enterovirus/dsk/forward_3810-4314.kCountSorted, /datater/wu/data/enterovirus/dsk/forward_7112-7616.kCountSorted, /datater/wu/data/enterovirus/dsk/forward_3048-3552.kCountSorted, /datater/wu/data/enterovirus/dsk/forward_2286-2790.kCountSorted, /datater/wu/data/enterovirus/dsk/forward_4318-4822.kCountSorted, /datater/wu/data/enterovirus/dsk/forward_1778-2282.kCountSorted, /datater/wu/data/enterovirus/dsk/forward_7620-8124.kCountSorted, /datater/wu/data/enterovirus/dsk/forward_6858-7362.kCountSorted, /datater/wu/data/enterovirus/dsk/forward_254-758.kCountSorted, /datater/wu/data/enterovirus/dsk/forward_2540-3044.kCountSorted, /datater/wu/data/enterovirus/dsk/forward_3556-4060.kCountSorted, /datater/wu/data/enterovirus/dsk/forward_8128-8632.kCountSorted, /datater/wu/data/enterovirus/dsk/forward_7366-7870.kCountSorted, /datater/wu/data/enterovirus/dsk/forward_762-1266.kCountSorted, /datater/wu/data/enterovirus/dsk/forward_4826-5330.kCountSorted, /datater/wu/data/enterovirus/dsk/forward_1524-2028.kCountSorted, /datater/wu/data/enterovirus/dsk/forward_6604-7108.kCountSorted, /datater/wu/data/enterovirus/dsk/forward_3302-3806.kCountSorted, /datater/wu/data/enterovirus/dsk/forward_9144-9382.kCountSorted, /datater/wu/data/enterovirus/dsk/forward_508-1012.kCountSorted, /datater/wu/data/enterovirus/dsk/forward_6096-6600.kCountSorted, /datater/wu/data/enterovirus/dsk/forward_7874-8378.kCountSorted, /datater/wu/data/enterovirus/dsk/forward_5588-6092.kCountSorted, /datater/wu/data/enterovirus/dsk/forward_2032-2536.kCountSorted, /datater/wu/data/enterovirus/dsk/forward_1016-1520.kCountSorted, /datater/wu/data/enterovirus/filtering/forward_5080-5584.calculated, /datater/wu/data/enterovirus/filtering/forward_8636-9140.calculated, /datater/wu/data/enterovirus/filtering/forward_5334-5838.calculated, /datater/wu/data/enterovirus/filtering/forward_8890-9394.calculated, /datater/wu/data/enterovirus/filtering/forward_6350-6854.calculated, /datater/wu/data/enterovirus/filtering/forward_5842-6346.calculated, /datater/wu/data/enterovirus/filtering/forward_4572-5076.calculated, /datater/wu/data/enterovirus/filtering/forward_4064-4568.calculated, /datater/wu/data/enterovirus/filtering/forward_1270-1774.calculated, /datater/wu/data/enterovirus/filtering/forward_2794-3298.calculated, /datater/wu/data/enterovirus/filtering/forward_0-504.calculated, /datater/wu/data/enterovirus/filtering/forward_8382-8886.calculated, /datater/wu/data/enterovirus/filtering/forward_3810-4314.calculated, /datater/wu/data/enterovirus/filtering/forward_7112-7616.calculated, /datater/wu/data/enterovirus/filtering/forward_3048-3552.calculated, /datater/wu/data/enterovirus/filtering/forward_2286-2790.calculated, /datater/wu/data/enterovirus/filtering/forward_4318-4822.calculated, /datater/wu/data/enterovirus/filtering/forward_1778-2282.calculated, /datater/wu/data/enterovirus/filtering/forward_7620-8124.calculated, /datater/wu/data/enterovirus/filtering/forward_6858-7362.calculated, /datater/wu/data/enterovirus/filtering/forward_254-758.calculated, /datater/wu/data/enterovirus/filtering/forward_2540-3044.calculated, /datater/wu/data/enterovirus/filtering/forward_3556-4060.calculated, /datater/wu/data/enterovirus/filtering/forward_8128-8632.calculated, /datater/wu/data/enterovirus/filtering/forward_7366-7870.calculated, /datater/wu/data/enterovirus/filtering/forward_762-1266.calculated, /datater/wu/data/enterovirus/filtering/forward_4826-5330.calculated, /datater/wu/data/enterovirus/filtering/forward_1524-2028.calculated, /datater/wu/data/enterovirus/filtering/forward_6604-7108.calculated, /datater/wu/data/enterovirus/filtering/forward_3302-3806.calculated, /datater/wu/data/enterovirus/filtering/forward_9144-9382.calculated, /datater/wu/data/enterovirus/filtering/forward_508-1012.calculated, /datater/wu/data/enterovirus/filtering/forward_6096-6600.calculated, /datater/wu/data/enterovirus/filtering/forward_7874-8378.calculated, /datater/wu/data/enterovirus/filtering/forward_5588-6092.calculated, /datater/wu/data/enterovirus/filtering/forward_2032-2536.calculated, /datater/wu/data/enterovirus/filtering/forward_1016-1520.calculated, /datater/wu/data/enterovirus/filtering/forward_5080-5584.fasta, /datater/wu/data/enterovirus/filtering/forward_8636-9140.fasta, /datater/wu/data/enterovirus/filtering/forward_5334-5838.fasta, /datater/wu/data/enterovirus/filtering/forward_8890-9394.fasta, /datater/wu/data/enterovirus/filtering/forward_6350-6854.fasta, /datater/wu/data/enterovirus/filtering/forward_5842-6346.fasta, /datater/wu/data/enterovirus/filtering/forward_4572-5076.fasta, /datater/wu/data/enterovirus/filtering/forward_4064-4568.fasta, /datater/wu/data/enterovirus/filtering/forward_1270-1774.fasta, /datater/wu/data/enterovirus/filtering/forward_2794-3298.fasta, /datater/wu/data/enterovirus/filtering/forward_0-504.fasta, /datater/wu/data/enterovirus/filtering/forward_8382-8886.fasta, /datater/wu/data/enterovirus/filtering/forward_3810-4314.fasta, /datater/wu/data/enterovirus/filtering/forward_7112-7616.fasta, /datater/wu/data/enterovirus/filtering/forward_3048-3552.fasta, /datater/wu/data/enterovirus/filtering/forward_2286-2790.fasta, /datater/wu/data/enterovirus/filtering/forward_4318-4822.fasta, /datater/wu/data/enterovirus/filtering/forward_1778-2282.fasta, /datater/wu/data/enterovirus/filtering/forward_7620-8124.fasta, /datater/wu/data/enterovirus/filtering/forward_6858-7362.fasta, /datater/wu/data/enterovirus/filtering/forward_254-758.fasta, /datater/wu/data/enterovirus/filtering/forward_2540-3044.fasta, /datater/wu/data/enterovirus/filtering/forward_3556-4060.fasta, /datater/wu/data/enterovirus/filtering/forward_8128-8632.fasta, /datater/wu/data/enterovirus/filtering/forward_7366-7870.fasta, /datater/wu/data/enterovirus/filtering/forward_762-1266.fasta, /datater/wu/data/enterovirus/filtering/forward_4826-5330.fasta, /datater/wu/data/enterovirus/filtering/forward_1524-2028.fasta, /datater/wu/data/enterovirus/filtering/forward_6604-7108.fasta, /datater/wu/data/enterovirus/filtering/forward_3302-3806.fasta, /datater/wu/data/enterovirus/filtering/forward_9144-9382.fasta, /datater/wu/data/enterovirus/filtering/forward_508-1012.fasta, /datater/wu/data/enterovirus/filtering/forward_6096-6600.fasta, /datater/wu/data/enterovirus/filtering/forward_7874-8378.fasta, /datater/wu/data/enterovirus/filtering/forward_5588-6092.fasta, /datater/wu/data/enterovirus/filtering/forward_2032-2536.fasta, /datater/wu/data/enterovirus/filtering/forward_1016-1520.fasta, /datater/wu/data/enterovirus/filtering/forward_5080-5584.nessieOut, /datater/wu/data/enterovirus/filtering/forward_8636-9140.nessieOut, /datater/wu/data/enterovirus/filtering/forward_5334-5838.nessieOut, /datater/wu/data/enterovirus/filtering/forward_8890-9394.nessieOut, /datater/wu/data/enterovirus/filtering/forward_6350-6854.nessieOut, /datater/wu/data/enterovirus/filtering/forward_5842-6346.nessieOut, /datater/wu/data/enterovirus/filtering/forward_4572-5076.nessieOut, /datater/wu/data/enterovirus/filtering/forward_4064-4568.nessieOut, /datater/wu/data/enterovirus/filtering/forward_1270-1774.nessieOut, /datater/wu/data/enterovirus/filtering/forward_2794-3298.nessieOut, /datater/wu/data/enterovirus/filtering/forward_0-504.nessieOut, /datater/wu/data/enterovirus/filtering/forward_8382-8886.nessieOut, /datater/wu/data/enterovirus/filtering/forward_3810-4314.nessieOut, /datater/wu/data/enterovirus/filtering/forward_7112-7616.nessieOut, /datater/wu/data/enterovirus/filtering/forward_3048-3552.nessieOut, /datater/wu/data/enterovirus/filtering/forward_2286-2790.nessieOut, /datater/wu/data/enterovirus/filtering/forward_4318-4822.nessieOut, /datater/wu/data/enterovirus/filtering/forward_1778-2282.nessieOut, /datater/wu/data/enterovirus/filtering/forward_7620-8124.nessieOut, /datater/wu/data/enterovirus/filtering/forward_6858-7362.nessieOut, /datater/wu/data/enterovirus/filtering/forward_254-758.nessieOut, /datater/wu/data/enterovirus/filtering/forward_2540-3044.nessieOut, /datater/wu/data/enterovirus/filtering/forward_3556-4060.nessieOut, /datater/wu/data/enterovirus/filtering/forward_8128-8632.nessieOut, /datater/wu/data/enterovirus/filtering/forward_7366-7870.nessieOut, /datater/wu/data/enterovirus/filtering/forward_762-1266.nessieOut, /datater/wu/data/enterovirus/filtering/forward_4826-5330.nessieOut, /datater/wu/data/enterovirus/filtering/forward_1524-2028.nessieOut, /datater/wu/data/enterovirus/filtering/forward_6604-7108.nessieOut, /datater/wu/data/enterovirus/filtering/forward_3302-3806.nessieOut, /datater/wu/data/enterovirus/filtering/forward_9144-9382.nessieOut, /datater/wu/data/enterovirus/filtering/forward_508-1012.nessieOut, /datater/wu/data/enterovirus/filtering/forward_6096-6600.nessieOut, /datater/wu/data/enterovirus/filtering/forward_7874-8378.nessieOut, /datater/wu/data/enterovirus/filtering/forward_5588-6092.nessieOut, /datater/wu/data/enterovirus/filtering/forward_2032-2536.nessieOut, /datater/wu/data/enterovirus/filtering/forward_1016-1520.nessieOut
    jobid: 0

[Thu Mar 11 19:16:04 2021]
Finished job 0.
38 of 38 steps (100%) done
Complete log: /datater/wu/stage_m2/.snakemake/log/2021-03-11T191602.896854.snakemake.log
