Building DAG of jobs...
Using shell: /bin/bash
Provided cores: 32
Rules claiming more threads will be scaled down.
Conda environments: ignored
Job counts:
	count	jobs
	1	all
	1	blastDB
	2
Select jobs to execute...

[Thu Mar 18 10:44:36 2021]
rule blastDB:
    input: /datater/wu/data/zika/zika.uniq
    output: /datater/wu/data/zika/zika.uniq.db.nhr, /datater/wu/data/zika/zika.uniq.db.nin, /datater/wu/data/zika/zika.uniq.db.nog, /datater/wu/data/zika/zika.uniq.db.nsd, /datater/wu/data/zika/zika.uniq.db.nsi, /datater/wu/data/zika/zika.uniq.db.nsq
    jobid: 1
    wildcards: sample=zika

RuleException in line 94 of /datater/wu/stage_m2/rules/reverse_check_specifity.smk:
'InputFiles' object has no attribute 'ref'
  File "/datater/wu/miniconda3/envs/snakemake/lib/python3.9/site-packages/snakemake/executors/__init__.py", line 136, in run_jobs
  File "/datater/wu/miniconda3/envs/snakemake/lib/python3.9/site-packages/snakemake/executors/__init__.py", line 441, in run
  File "/datater/wu/miniconda3/envs/snakemake/lib/python3.9/site-packages/snakemake/executors/__init__.py", line 230, in _run
  File "/datater/wu/miniconda3/envs/snakemake/lib/python3.9/site-packages/snakemake/executors/__init__.py", line 156, in _run
  File "/datater/wu/miniconda3/envs/snakemake/lib/python3.9/site-packages/snakemake/executors/__init__.py", line 162, in printjob
