Building DAG of jobs...
Updating job aggregateAllReverseOligo.
Using shell: /bin/bash
Provided cores: 12
Rules claiming more threads will be scaled down.
Conda environments: ignored
Job counts:
	count	jobs
	1	all
	1	allHeterodimerCheck
	1	blastn_short_prok
	1	filterOutUnSpecifickmer
	1	oligoSet
	5
Select jobs to execute...

[Thu Apr  1 16:03:55 2021]
rule blastn_short_prok:
    input: /datater/wu/data/zika/checkSpecifity/allOligos_reverse.filtered.fasta
    output: /datater/wu/data/zika/checkSpecifity/allOligos_reverse.filtered.blastn.out
    jobid: 4
    wildcards: sample=zika

[Thu Apr  1 16:03:55 2021]
Error in rule blastn_short_prok:
    jobid: 4
    output: /datater/wu/data/zika/checkSpecifity/allOligos_reverse.filtered.blastn.out
    shell:
        blastn -task blastn-short         -db /datater/wu/data/zika/checkSpecifity/references.DB         -word_size 7         -max_target_seqs 5         -query /datater/wu/data/zika/checkSpecifity/allOligos_reverse.filtered.fasta         -out /datater/wu/data/zika/checkSpecifity/allOligos_reverse.filtered.blastn.out         -outfmt '6 qacc sacc stitle pident length mismatch gapopen sstart send evalue'
        (one of the commands exited with non-zero exit code; note that snakemake uses bash strict mode!)

Removing output files of failed job blastn_short_prok since they might be corrupted:
/datater/wu/data/zika/checkSpecifity/allOligos_reverse.filtered.blastn.out
Shutting down, this might take some time.
Exiting because a job execution failed. Look above for error message
Complete log: /datater/wu/stage_m2/.snakemake/log/2021-04-01T160355.271337.snakemake.log
