Building DAG of jobs...
Using shell: /bin/bash
Provided cores: 12
Rules claiming more threads will be scaled down.
Conda environments: ignored
Job counts:
	count	jobs
	37	add_LC
	1	all
	19	linguistic_complexity
	3	reverse_parameters
	7	toFasta
	67
Select jobs to execute...

[Fri Mar 12 16:34:07 2021]
rule toFasta:
    input: /datater/wu/data/enterovirus/filtering/reverse4826-5330.calculated
    output: /datater/wu/data/enterovirus/filtering/reverse4826-5330.fa
    jobid: 189
    wildcards: sample=enterovirus, seg=4826-5330

[Fri Mar 12 16:34:07 2021]
rule reverse_parameters:
    input: /datater/wu/data/enterovirus/dsk/reverse1270-1774.kCountSorted
    output: /datater/wu/data/enterovirus/filtering/reverse1270-1774.calculated
    jobid: 132
    wildcards: sample=enterovirus, seg=1270-1774

[Fri Mar 12 16:34:07 2021]
rule add_LC:
    input: /datater/wu/data/enterovirus/filtering/reverse508-1012.nessieOut, /datater/wu/data/enterovirus/filtering/reverse508-1012.fa
    output: /datater/wu/data/enterovirus/filtering/reverse508-1012.calculated2
    jobid: 271
    wildcards: sample=enterovirus, seg=508-1012

[Fri Mar 12 16:34:07 2021]
rule linguistic_complexity:
    input: /datater/wu/data/enterovirus/filtering/reverse8382-8886.fa
    output: /datater/wu/data/enterovirus/filtering/reverse8382-8886.nessieOut
    jobid: 198
    wildcards: sample=enterovirus, seg=8382-8886


[Fri Mar 12 16:34:07 2021]
rule linguistic_complexity:
    input: /datater/wu/data/enterovirus/filtering/reverse2794-3298.fa
    output: /datater/wu/data/enterovirus/filtering/reverse2794-3298.nessieOut
    jobid: 213
    wildcards: sample=enterovirus, seg=2794-3298


[Fri Mar 12 16:34:07 2021]
rule linguistic_complexity:
    input: /datater/wu/data/enterovirus/filtering/reverse9144-9382.fa
    output: /datater/wu/data/enterovirus/filtering/reverse9144-9382.nessieOut
    jobid: 228
    wildcards: sample=enterovirus, seg=9144-9382


[Fri Mar 12 16:34:07 2021]
rule add_LC:
    input: /datater/wu/data/enterovirus/filtering/reverse6858-7362.nessieOut, /datater/wu/data/enterovirus/filtering/reverse6858-7362.fa
    output: /datater/wu/data/enterovirus/filtering/reverse6858-7362.calculated2
    jobid: 251
    wildcards: sample=enterovirus, seg=6858-7362

[Fri Mar 12 16:34:07 2021]
rule linguistic_complexity:
    input: /datater/wu/data/enterovirus/filtering/reverse1016-1520.fa
    output: /datater/wu/data/enterovirus/filtering/reverse1016-1520.nessieOut
    jobid: 205
    wildcards: sample=enterovirus, seg=1016-1520

[Fri Mar 12 16:34:07 2021]

Finished job 198.
[Fri Mar 12 16:34:07 2021]
1 of 67 steps (1%) done
rule reverse_parameters:
    input: /datater/wu/data/enterovirus/dsk/reverse6096-6600.kCountSorted
    output: /datater/wu/data/enterovirus/filtering/reverse6096-6600.calculated
    jobid: 137
    wildcards: sample=enterovirus, seg=6096-6600

[Fri Mar 12 16:34:07 2021]
rule linguistic_complexity:
    input: /datater/wu/data/enterovirus/filtering/reverse6604-7108.fa
    output: /datater/wu/data/enterovirus/filtering/reverse6604-7108.nessieOut
    jobid: 220
    wildcards: sample=enterovirus, seg=6604-7108


[Fri Mar 12 16:34:07 2021]
rule toFasta:
    input: /datater/wu/data/enterovirus/filtering/reverse2540-3044.calculated
    output: /datater/wu/data/enterovirus/filtering/reverse2540-3044.fa
    jobid: 184
    wildcards: sample=enterovirus, seg=2540-3044

[Fri Mar 12 16:34:07 2021]
rule linguistic_complexity:
    input: /datater/wu/data/enterovirus/filtering/reverse762-1266.fa
    output: /datater/wu/data/enterovirus/filtering/reverse762-1266.nessieOut
    jobid: 199
    wildcards: sample=enterovirus, seg=762-1266

[Fri Mar 12 16:34:07 2021]
Finished job 228.
2 of 67 steps (3%) done
Select jobs to execute...

[Fri Mar 12 16:34:07 2021]
rule linguistic_complexity:
    input: /datater/wu/data/enterovirus/filtering/reverse6350-6854.fa
    output: /datater/wu/data/enterovirus/filtering/reverse6350-6854.nessieOut
    jobid: 219
    wildcards: sample=enterovirus, seg=6350-6854


[Fri Mar 12 16:34:07 2021]
rule add_LC:
    input: /datater/wu/data/enterovirus/filtering/reverse8636-9140.nessieOut, /datater/wu/data/enterovirus/filtering/reverse8636-9140.fa
    output: /datater/wu/data/enterovirus/filtering/reverse8636-9140.calculated2
    jobid: 261
    wildcards: sample=enterovirus, seg=8636-9140

Select jobs to execute...
[Fri Mar 12 16:34:07 2021]
Finished job 205.
3 of 67 steps (4%) done
Select jobs to execute...

[Fri Mar 12 16:34:07 2021]
rule linguistic_complexity:
    input: /datater/wu/data/enterovirus/filtering/reverse5588-6092.fa
    output: /datater/wu/data/enterovirus/filtering/reverse5588-6092.nessieOut
    jobid: 222
    wildcards: sample=enterovirus, seg=5588-6092

[Fri Mar 12 16:34:07 2021]
Finished job 220.
4 of 67 steps (6%) done
Select jobs to execute...

[Fri Mar 12 16:34:07 2021]
rule toFasta:
    input: /datater/wu/data/enterovirus/filtering/reverse254-758.calculated
    output: /datater/wu/data/enterovirus/filtering/reverse254-758.fa
    jobid: 170
    wildcards: sample=enterovirus, seg=254-758

[Fri Mar 12 16:34:07 2021]
Finished job 213.
5 of 67 steps (7%) done
Select jobs to execute...

[Fri Mar 12 16:34:07 2021]
rule add_LC:
    input: /datater/wu/data/enterovirus/filtering/reverse7620-8124.nessieOut, /datater/wu/data/enterovirus/filtering/reverse7620-8124.fa
    output: /datater/wu/data/enterovirus/filtering/reverse7620-8124.calculated2
    jobid: 245
    wildcards: sample=enterovirus, seg=7620-8124

[Fri Mar 12 16:34:07 2021]
Finished job 222.
6 of 67 steps (9%) done
Select jobs to execute...

[Fri Mar 12 16:34:07 2021]
rule linguistic_complexity:
    input: /datater/wu/data/enterovirus/filtering/reverse7112-7616.fa
    output: /datater/wu/data/enterovirus/filtering/reverse7112-7616.nessieOut
    jobid: 200
    wildcards: sample=enterovirus, seg=7112-7616

[Fri Mar 12 16:34:07 2021]
Finished job 219.
7 of 67 steps (10%) done
Select jobs to execute...
[Fri Mar 12 16:34:07 2021]
Finished job 199.
8 of 67 steps (12%) done

[Fri Mar 12 16:34:07 2021]
rule add_LC:
    input: /datater/wu/data/enterovirus/filtering/reverse7366-7870.nessieOut, /datater/wu/data/enterovirus/filtering/reverse7366-7870.fa
    output: /datater/wu/data/enterovirus/filtering/reverse7366-7870.calculated2
    jobid: 252
    wildcards: sample=enterovirus, seg=7366-7870

Select jobs to execute...

[Fri Mar 12 16:34:07 2021]
rule add_LC:
    input: /datater/wu/data/enterovirus/filtering/reverse8890-9394.nessieOut, /datater/wu/data/enterovirus/filtering/reverse8890-9394.fa
    output: /datater/wu/data/enterovirus/filtering/reverse8890-9394.calculated2
    jobid: 267
    wildcards: sample=enterovirus, seg=8890-9394

[Fri Mar 12 16:34:07 2021]
Finished job 200.
9 of 67 steps (13%) done
Select jobs to execute...

[Fri Mar 12 16:34:07 2021]
rule add_LC:
    input: /datater/wu/data/enterovirus/filtering/reverse7112-7616.nessieOut, /datater/wu/data/enterovirus/filtering/reverse7112-7616.fa
    output: /datater/wu/data/enterovirus/filtering/reverse7112-7616.calculated2
    jobid: 237
    wildcards: sample=enterovirus, seg=7112-7616

[Fri Mar 12 16:34:08 2021]
Finished job 271.
10 of 67 steps (15%) done
Select jobs to execute...

[Fri Mar 12 16:34:08 2021]
rule add_LC:
    input: /datater/wu/data/enterovirus/filtering/reverse5334-5838.nessieOut, /datater/wu/data/enterovirus/filtering/reverse5334-5838.fa
    output: /datater/wu/data/enterovirus/filtering/reverse5334-5838.calculated2
    jobid: 238
    wildcards: sample=enterovirus, seg=5334-5838

[Fri Mar 12 16:34:08 2021]
Finished job 189.
11 of 67 steps (16%) done
Select jobs to execute...

[Fri Mar 12 16:34:08 2021]
rule add_LC:
    input: /datater/wu/data/enterovirus/filtering/reverse2286-2790.nessieOut, /datater/wu/data/enterovirus/filtering/reverse2286-2790.fa
    output: /datater/wu/data/enterovirus/filtering/reverse2286-2790.calculated2
    jobid: 253
    wildcards: sample=enterovirus, seg=2286-2790

[Fri Mar 12 16:34:08 2021]
Finished job 184.
12 of 67 steps (18%) done
Select jobs to execute...

[Fri Mar 12 16:34:08 2021]
rule add_LC:
    input: /datater/wu/data/enterovirus/filtering/reverse3048-3552.nessieOut, /datater/wu/data/enterovirus/filtering/reverse3048-3552.fa
    output: /datater/wu/data/enterovirus/filtering/reverse3048-3552.calculated2
    jobid: 254
    wildcards: sample=enterovirus, seg=3048-3552

[Fri Mar 12 16:34:08 2021]
Finished job 261.
13 of 67 steps (19%) done
Select jobs to execute...

[Fri Mar 12 16:34:08 2021]
rule add_LC:
    input: /datater/wu/data/enterovirus/filtering/reverse5080-5584.nessieOut, /datater/wu/data/enterovirus/filtering/reverse5080-5584.fa
    output: /datater/wu/data/enterovirus/filtering/reverse5080-5584.calculated2
    jobid: 247
    wildcards: sample=enterovirus, seg=5080-5584

[Fri Mar 12 16:34:08 2021]
Finished job 170.
14 of 67 steps (21%) done
Select jobs to execute...

[Fri Mar 12 16:34:08 2021]
rule linguistic_complexity:
    input: /datater/wu/data/enterovirus/filtering/reverse254-758.fa
    output: /datater/wu/data/enterovirus/filtering/reverse254-758.nessieOut
    jobid: 207
    wildcards: sample=enterovirus, seg=254-758

[Fri Mar 12 16:34:08 2021]
Finished job 267.
15 of 67 steps (22%) done
Select jobs to execute...
[Fri Mar 12 16:34:08 2021]
Finished job 207.
16 of 67 steps (24%) done

[Fri Mar 12 16:34:08 2021]
rule add_LC:
    input: /datater/wu/data/enterovirus/filtering/reverse3556-4060.nessieOut, /datater/wu/data/enterovirus/filtering/reverse3556-4060.fa
    output: /datater/wu/data/enterovirus/filtering/reverse3556-4060.calculated2
    jobid: 269
    wildcards: sample=enterovirus, seg=3556-4060

Select jobs to execute...

[Fri Mar 12 16:34:08 2021]
rule add_LC:
    input: /datater/wu/data/enterovirus/filtering/reverse1778-2282.nessieOut, /datater/wu/data/enterovirus/filtering/reverse1778-2282.fa
    output: /datater/wu/data/enterovirus/filtering/reverse1778-2282.calculated2
    jobid: 239
    wildcards: sample=enterovirus, seg=1778-2282

[Fri Mar 12 16:34:08 2021]
Finished job 132.
17 of 67 steps (25%) done
Select jobs to execute...

[Fri Mar 12 16:34:08 2021]
rule add_LC:
    input: /datater/wu/data/enterovirus/filtering/reverse4318-4822.nessieOut, /datater/wu/data/enterovirus/filtering/reverse4318-4822.fa
    output: /datater/wu/data/enterovirus/filtering/reverse4318-4822.calculated2
    jobid: 262
    wildcards: sample=enterovirus, seg=4318-4822

[Fri Mar 12 16:34:08 2021]
Finished job 137.
18 of 67 steps (27%) done
Select jobs to execute...

[Fri Mar 12 16:34:08 2021]
rule toFasta:
    input: /datater/wu/data/enterovirus/filtering/reverse3810-4314.calculated
    output: /datater/wu/data/enterovirus/filtering/reverse3810-4314.fa
    jobid: 194
    wildcards: sample=enterovirus, seg=3810-4314

[Fri Mar 12 16:34:09 2021]
Finished job 239.
19 of 67 steps (28%) done
Select jobs to execute...

[Fri Mar 12 16:34:09 2021]
rule linguistic_complexity:
    input: /datater/wu/data/enterovirus/filtering/reverse0-504.fa
    output: /datater/wu/data/enterovirus/filtering/reverse0-504.nessieOut
    jobid: 209
    wildcards: sample=enterovirus, seg=0-504

[Fri Mar 12 16:34:09 2021]
Finished job 209.
20 of 67 steps (30%) done
Select jobs to execute...

[Fri Mar 12 16:34:09 2021]
rule add_LC:
    input: /datater/wu/data/enterovirus/filtering/reverse0-504.nessieOut, /datater/wu/data/enterovirus/filtering/reverse0-504.fa
    output: /datater/wu/data/enterovirus/filtering/reverse0-504.calculated2
    jobid: 246
    wildcards: sample=enterovirus, seg=0-504

[Fri Mar 12 16:34:09 2021]
Finished job 194.
21 of 67 steps (31%) done
Select jobs to execute...
[Fri Mar 12 16:34:09 2021]
Finished job 238.
22 of 67 steps (33%) done

[Fri Mar 12 16:34:09 2021]
rule linguistic_complexity:
    input: /datater/wu/data/enterovirus/filtering/reverse3810-4314.fa
    output: /datater/wu/data/enterovirus/filtering/reverse3810-4314.nessieOut
    jobid: 231
    wildcards: sample=enterovirus, seg=3810-4314

Select jobs to execute...

[Fri Mar 12 16:34:09 2021]
rule linguistic_complexity:
    input: /datater/wu/data/enterovirus/filtering/reverse7874-8378.fa
    output: /datater/wu/data/enterovirus/filtering/reverse7874-8378.nessieOut
    jobid: 218
    wildcards: sample=enterovirus, seg=7874-8378

[Fri Mar 12 16:34:09 2021]
Finished job 231.
23 of 67 steps (34%) done
Select jobs to execute...

[Fri Mar 12 16:34:09 2021]
rule add_LC:
    input: /datater/wu/data/enterovirus/filtering/reverse3810-4314.nessieOut, /datater/wu/data/enterovirus/filtering/reverse3810-4314.fa
    output: /datater/wu/data/enterovirus/filtering/reverse3810-4314.calculated2
    jobid: 268
    wildcards: sample=enterovirus, seg=3810-4314

[Fri Mar 12 16:34:09 2021]
Finished job 218.
24 of 67 steps (36%) done
Select jobs to execute...

[Fri Mar 12 16:34:09 2021]
rule add_LC:
    input: /datater/wu/data/enterovirus/filtering/reverse7874-8378.nessieOut, /datater/wu/data/enterovirus/filtering/reverse7874-8378.fa
    output: /datater/wu/data/enterovirus/filtering/reverse7874-8378.calculated2
    jobid: 255
    wildcards: sample=enterovirus, seg=7874-8378

[Fri Mar 12 16:34:09 2021]
Finished job 269.
25 of 67 steps (37%) done
Select jobs to execute...

[Fri Mar 12 16:34:09 2021]
rule add_LC:
    input: /datater/wu/data/enterovirus/filtering/reverse5842-6346.nessieOut, /datater/wu/data/enterovirus/filtering/reverse5842-6346.fa
    output: /datater/wu/data/enterovirus/filtering/reverse5842-6346.calculated2
    jobid: 270
    wildcards: sample=enterovirus, seg=5842-6346

[Fri Mar 12 16:34:09 2021]
Finished job 252.
26 of 67 steps (39%) done
Select jobs to execute...

[Fri Mar 12 16:34:09 2021]
rule add_LC:
    input: /datater/wu/data/enterovirus/filtering/reverse4064-4568.nessieOut, /datater/wu/data/enterovirus/filtering/reverse4064-4568.fa
    output: /datater/wu/data/enterovirus/filtering/reverse4064-4568.calculated2
    jobid: 249
    wildcards: sample=enterovirus, seg=4064-4568

[Fri Mar 12 16:34:10 2021]
Finished job 251.
27 of 67 steps (40%) done
Select jobs to execute...

[Fri Mar 12 16:34:10 2021]
rule reverse_parameters:
    input: /datater/wu/data/enterovirus/dsk/reverse4572-5076.kCountSorted
    output: /datater/wu/data/enterovirus/filtering/reverse4572-5076.calculated
    jobid: 129
    wildcards: sample=enterovirus, seg=4572-5076

[Fri Mar 12 16:34:10 2021]
Finished job 237.
28 of 67 steps (42%) done
Select jobs to execute...

[Fri Mar 12 16:34:10 2021]
rule add_LC:
    input: /datater/wu/data/enterovirus/filtering/reverse3302-3806.nessieOut, /datater/wu/data/enterovirus/filtering/reverse3302-3806.fa
    output: /datater/wu/data/enterovirus/filtering/reverse3302-3806.calculated2
    jobid: 264
    wildcards: sample=enterovirus, seg=3302-3806

[Fri Mar 12 16:34:10 2021]
Finished job 246.
29 of 67 steps (43%) done
Select jobs to execute...

[Fri Mar 12 16:34:10 2021]
rule toFasta:
    input: /datater/wu/data/enterovirus/filtering/reverse6096-6600.calculated
    output: /datater/wu/data/enterovirus/filtering/reverse6096-6600.fa
    jobid: 174
    wildcards: sample=enterovirus, seg=6096-6600

[Fri Mar 12 16:34:10 2021]
Finished job 245.
30 of 67 steps (45%) done
Select jobs to execute...
[Fri Mar 12 16:34:10 2021]
Finished job 247.
31 of 67 steps (46%) done

[Fri Mar 12 16:34:10 2021]
rule add_LC:
    input: /datater/wu/data/enterovirus/filtering/reverse6604-7108.nessieOut, /datater/wu/data/enterovirus/filtering/reverse6604-7108.fa
    output: /datater/wu/data/enterovirus/filtering/reverse6604-7108.calculated2
    jobid: 257
    wildcards: sample=enterovirus, seg=6604-7108

Select jobs to execute...

[Fri Mar 12 16:34:10 2021]
rule add_LC:
    input: /datater/wu/data/enterovirus/filtering/reverse2794-3298.nessieOut, /datater/wu/data/enterovirus/filtering/reverse2794-3298.fa
    output: /datater/wu/data/enterovirus/filtering/reverse2794-3298.calculated2
    jobid: 250
    wildcards: sample=enterovirus, seg=2794-3298

[Fri Mar 12 16:34:10 2021]
Finished job 249.
32 of 67 steps (48%) done
Select jobs to execute...

[Fri Mar 12 16:34:10 2021]
rule linguistic_complexity:
    input: /datater/wu/data/enterovirus/filtering/reverse2032-2536.fa
    output: /datater/wu/data/enterovirus/filtering/reverse2032-2536.nessieOut
    jobid: 229
    wildcards: sample=enterovirus, seg=2032-2536

[Fri Mar 12 16:34:10 2021]
Finished job 254.
33 of 67 steps (49%) done
Select jobs to execute...

[Fri Mar 12 16:34:10 2021]
rule add_LC:
    input: /datater/wu/data/enterovirus/filtering/reverse5588-6092.nessieOut, /datater/wu/data/enterovirus/filtering/reverse5588-6092.fa
    output: /datater/wu/data/enterovirus/filtering/reverse5588-6092.calculated2
    jobid: 259
    wildcards: sample=enterovirus, seg=5588-6092

[Fri Mar 12 16:34:10 2021]
Finished job 229.
34 of 67 steps (51%) done
Select jobs to execute...

[Fri Mar 12 16:34:10 2021]
rule add_LC:
    input: /datater/wu/data/enterovirus/filtering/reverse1016-1520.nessieOut, /datater/wu/data/enterovirus/filtering/reverse1016-1520.fa
    output: /datater/wu/data/enterovirus/filtering/reverse1016-1520.calculated2
    jobid: 242
    wildcards: sample=enterovirus, seg=1016-1520

[Fri Mar 12 16:34:10 2021]
Finished job 253.
35 of 67 steps (52%) done
Select jobs to execute...

[Fri Mar 12 16:34:11 2021]
rule add_LC:
    input: /datater/wu/data/enterovirus/filtering/reverse254-758.nessieOut, /datater/wu/data/enterovirus/filtering/reverse254-758.fa
    output: /datater/wu/data/enterovirus/filtering/reverse254-758.calculated2
    jobid: 244
    wildcards: sample=enterovirus, seg=254-758

[Fri Mar 12 16:34:11 2021]
Finished job 129.
36 of 67 steps (54%) done
Select jobs to execute...
[Fri Mar 12 16:34:11 2021]
Finished job 262.
37 of 67 steps (55%) done

[Fri Mar 12 16:34:11 2021]
rule add_LC:
    input: /datater/wu/data/enterovirus/filtering/reverse9144-9382.nessieOut, /datater/wu/data/enterovirus/filtering/reverse9144-9382.fa
    output: /datater/wu/data/enterovirus/filtering/reverse9144-9382.calculated2
    jobid: 265
    wildcards: sample=enterovirus, seg=9144-9382

Select jobs to execute...
[Fri Mar 12 16:34:11 2021]
Finished job 174.
38 of 67 steps (57%) done

[Fri Mar 12 16:34:11 2021]
rule toFasta:
    input: /datater/wu/data/enterovirus/filtering/reverse1270-1774.calculated
    output: /datater/wu/data/enterovirus/filtering/reverse1270-1774.fa
    jobid: 169
    wildcards: sample=enterovirus, seg=1270-1774

Select jobs to execute...

[Fri Mar 12 16:34:11 2021]
rule add_LC:
    input: /datater/wu/data/enterovirus/filtering/reverse8382-8886.nessieOut, /datater/wu/data/enterovirus/filtering/reverse8382-8886.fa
    output: /datater/wu/data/enterovirus/filtering/reverse8382-8886.calculated2
    jobid: 235
    wildcards: sample=enterovirus, seg=8382-8886

[Fri Mar 12 16:34:11 2021]
Finished job 268.
39 of 67 steps (58%) done
Select jobs to execute...

[Fri Mar 12 16:34:11 2021]
rule add_LC:
    input: /datater/wu/data/enterovirus/filtering/reverse2032-2536.nessieOut, /datater/wu/data/enterovirus/filtering/reverse2032-2536.fa
    output: /datater/wu/data/enterovirus/filtering/reverse2032-2536.calculated2
    jobid: 266
    wildcards: sample=enterovirus, seg=2032-2536

[Fri Mar 12 16:34:11 2021]
Finished job 265.
40 of 67 steps (60%) done
Select jobs to execute...
[Fri Mar 12 16:34:11 2021]
Finished job 235.
41 of 67 steps (61%) done
[Fri Mar 12 16:34:11 2021]
Finished job 242.
42 of 67 steps (63%) done

[Fri Mar 12 16:34:11 2021]
rule linguistic_complexity:
    input: /datater/wu/data/enterovirus/filtering/reverse2540-3044.fa
    output: /datater/wu/data/enterovirus/filtering/reverse2540-3044.nessieOut
    jobid: 221
    wildcards: sample=enterovirus, seg=2540-3044

Select jobs to execute...

[Fri Mar 12 16:34:11 2021]
rule toFasta:
    input: /datater/wu/data/enterovirus/filtering/reverse4572-5076.calculated
    output: /datater/wu/data/enterovirus/filtering/reverse4572-5076.fa
    jobid: 166
    wildcards: sample=enterovirus, seg=4572-5076

[Fri Mar 12 16:34:11 2021]
rule linguistic_complexity:
    input: /datater/wu/data/enterovirus/filtering/reverse4826-5330.fa
    output: /datater/wu/data/enterovirus/filtering/reverse4826-5330.nessieOut
    jobid: 226
    wildcards: sample=enterovirus, seg=4826-5330

[Fri Mar 12 16:34:11 2021]
Finished job 169.
43 of 67 steps (64%) done
Select jobs to execute...

[Fri Mar 12 16:34:11 2021]
rule linguistic_complexity:
    input: /datater/wu/data/enterovirus/filtering/reverse1270-1774.fa
    output: /datater/wu/data/enterovirus/filtering/reverse1270-1774.nessieOut
    jobid: 206
    wildcards: sample=enterovirus, seg=1270-1774

Select jobs to execute...
[Fri Mar 12 16:34:12 2021]
Finished job 244.
44 of 67 steps (66%) done
[Fri Mar 12 16:34:12 2021]
Finished job 255.
45 of 67 steps (67%) done

[Fri Mar 12 16:34:12 2021]
rule add_LC:
    input: /datater/wu/data/enterovirus/filtering/reverse8128-8632.nessieOut, /datater/wu/data/enterovirus/filtering/reverse8128-8632.fa
    output: /datater/wu/data/enterovirus/filtering/reverse8128-8632.calculated2
    jobid: 241
    wildcards: sample=enterovirus, seg=8128-8632

Select jobs to execute...

[Fri Mar 12 16:34:12 2021]
rule add_LC:
    input: /datater/wu/data/enterovirus/filtering/reverse6350-6854.nessieOut, /datater/wu/data/enterovirus/filtering/reverse6350-6854.fa
    output: /datater/wu/data/enterovirus/filtering/reverse6350-6854.calculated2
    jobid: 256
    wildcards: sample=enterovirus, seg=6350-6854

Select jobs to execute...
[Fri Mar 12 16:34:12 2021]
Finished job 226.
46 of 67 steps (69%) done
[Fri Mar 12 16:34:12 2021]
Finished job 221.
47 of 67 steps (70%) done
Select jobs to execute...

[Fri Mar 12 16:34:12 2021]
rule add_LC:
    input: /datater/wu/data/enterovirus/filtering/reverse762-1266.nessieOut, /datater/wu/data/enterovirus/filtering/reverse762-1266.fa
    output: /datater/wu/data/enterovirus/filtering/reverse762-1266.calculated2
    jobid: 236
    wildcards: sample=enterovirus, seg=762-1266

[Fri Mar 12 16:34:12 2021]
rule add_LC:
    input: /datater/wu/data/enterovirus/filtering/reverse2540-3044.nessieOut, /datater/wu/data/enterovirus/filtering/reverse2540-3044.fa
    output: /datater/wu/data/enterovirus/filtering/reverse2540-3044.calculated2
    jobid: 258
    wildcards: sample=enterovirus, seg=2540-3044

Select jobs to execute...
[Fri Mar 12 16:34:12 2021]
Finished job 206.
48 of 67 steps (72%) done
Select jobs to execute...
[Fri Mar 12 16:34:12 2021]
Finished job 257.
49 of 67 steps (73%) done

[Fri Mar 12 16:34:12 2021]
rule linguistic_complexity:
    input: /datater/wu/data/enterovirus/filtering/reverse6096-6600.fa
    output: /datater/wu/data/enterovirus/filtering/reverse6096-6600.nessieOut
    jobid: 211
    wildcards: sample=enterovirus, seg=6096-6600

Select jobs to execute...

[Fri Mar 12 16:34:12 2021]
rule add_LC:
    input: /datater/wu/data/enterovirus/filtering/reverse1524-2028.nessieOut, /datater/wu/data/enterovirus/filtering/reverse1524-2028.fa
    output: /datater/wu/data/enterovirus/filtering/reverse1524-2028.calculated2
    jobid: 260
    wildcards: sample=enterovirus, seg=1524-2028

[Fri Mar 12 16:34:12 2021]
Finished job 270.
50 of 67 steps (75%) done
Select jobs to execute...

[Fri Mar 12 16:34:12 2021]
rule add_LC:
    input: /datater/wu/data/enterovirus/filtering/reverse1270-1774.nessieOut, /datater/wu/data/enterovirus/filtering/reverse1270-1774.fa
    output: /datater/wu/data/enterovirus/filtering/reverse1270-1774.calculated2
    jobid: 243
    wildcards: sample=enterovirus, seg=1270-1774

[Fri Mar 12 16:34:12 2021]
Finished job 211.
51 of 67 steps (76%) done
Select jobs to execute...

[Fri Mar 12 16:34:12 2021]
rule add_LC:
    input: /datater/wu/data/enterovirus/filtering/reverse6096-6600.nessieOut, /datater/wu/data/enterovirus/filtering/reverse6096-6600.fa
    output: /datater/wu/data/enterovirus/filtering/reverse6096-6600.calculated2
    jobid: 248
    wildcards: sample=enterovirus, seg=6096-6600

[Fri Mar 12 16:34:12 2021]
Finished job 266.
52 of 67 steps (78%) done
Select jobs to execute...

[Fri Mar 12 16:34:12 2021]
rule add_LC:
    input: /datater/wu/data/enterovirus/filtering/reverse4826-5330.nessieOut, /datater/wu/data/enterovirus/filtering/reverse4826-5330.fa
    output: /datater/wu/data/enterovirus/filtering/reverse4826-5330.calculated2
    jobid: 263
    wildcards: sample=enterovirus, seg=4826-5330

[Fri Mar 12 16:34:12 2021]
Finished job 259.
53 of 67 steps (79%) done
[Fri Mar 12 16:34:12 2021]
Finished job 166.
54 of 67 steps (81%) done
Select jobs to execute...

[Fri Mar 12 16:34:12 2021]
rule linguistic_complexity:
    input: /datater/wu/data/enterovirus/filtering/reverse4572-5076.fa
    output: /datater/wu/data/enterovirus/filtering/reverse4572-5076.nessieOut
    jobid: 203
    wildcards: sample=enterovirus, seg=4572-5076

[Fri Mar 12 16:34:12 2021]
Finished job 264.
55 of 67 steps (82%) done
[Fri Mar 12 16:34:12 2021]
Finished job 241.
56 of 67 steps (84%) done
[Fri Mar 12 16:34:12 2021]
Finished job 203.
57 of 67 steps (85%) done
Select jobs to execute...

[Fri Mar 12 16:34:12 2021]
rule add_LC:
    input: /datater/wu/data/enterovirus/filtering/reverse4572-5076.nessieOut, /datater/wu/data/enterovirus/filtering/reverse4572-5076.fa
    output: /datater/wu/data/enterovirus/filtering/reverse4572-5076.calculated2
    jobid: 240
    wildcards: sample=enterovirus, seg=4572-5076

[Fri Mar 12 16:34:13 2021]
Finished job 250.
58 of 67 steps (87%) done
[Fri Mar 12 16:34:13 2021]
Finished job 260.
59 of 67 steps (88%) done
[Fri Mar 12 16:34:13 2021]
Finished job 263.
60 of 67 steps (90%) done
[Fri Mar 12 16:34:14 2021]
Finished job 258.
61 of 67 steps (91%) done
[Fri Mar 12 16:34:14 2021]
Finished job 240.
62 of 67 steps (93%) done
[Fri Mar 12 16:34:14 2021]
Finished job 256.
63 of 67 steps (94%) done
[Fri Mar 12 16:34:14 2021]
Finished job 243.
64 of 67 steps (96%) done
[Fri Mar 12 16:34:14 2021]
Finished job 248.
65 of 67 steps (97%) done
[Fri Mar 12 16:34:14 2021]
Finished job 236.
66 of 67 steps (99%) done
Select jobs to execute...

[Fri Mar 12 16:34:14 2021]
localrule all:
    input: /datater/wu/data/duplicate_removed/enterovirus.uniq, /datater/wu/data/msa/enterovirus.msa, /datater/wu/data/enterovirus/splitFiles/reverse8382-8886.fasta, /datater/wu/data/enterovirus/splitFiles/reverse762-1266.fasta, /datater/wu/data/enterovirus/splitFiles/reverse7112-7616.fasta, /datater/wu/data/enterovirus/splitFiles/reverse5334-5838.fasta, /datater/wu/data/enterovirus/splitFiles/reverse1778-2282.fasta, /datater/wu/data/enterovirus/splitFiles/reverse4572-5076.fasta, /datater/wu/data/enterovirus/splitFiles/reverse8128-8632.fasta, /datater/wu/data/enterovirus/splitFiles/reverse1016-1520.fasta, /datater/wu/data/enterovirus/splitFiles/reverse1270-1774.fasta, /datater/wu/data/enterovirus/splitFiles/reverse254-758.fasta, /datater/wu/data/enterovirus/splitFiles/reverse7620-8124.fasta, /datater/wu/data/enterovirus/splitFiles/reverse0-504.fasta, /datater/wu/data/enterovirus/splitFiles/reverse5080-5584.fasta, /datater/wu/data/enterovirus/splitFiles/reverse6096-6600.fasta, /datater/wu/data/enterovirus/splitFiles/reverse4064-4568.fasta, /datater/wu/data/enterovirus/splitFiles/reverse2794-3298.fasta, /datater/wu/data/enterovirus/splitFiles/reverse6858-7362.fasta, /datater/wu/data/enterovirus/splitFiles/reverse7366-7870.fasta, /datater/wu/data/enterovirus/splitFiles/reverse2286-2790.fasta, /datater/wu/data/enterovirus/splitFiles/reverse3048-3552.fasta, /datater/wu/data/enterovirus/splitFiles/reverse7874-8378.fasta, /datater/wu/data/enterovirus/splitFiles/reverse6350-6854.fasta, /datater/wu/data/enterovirus/splitFiles/reverse6604-7108.fasta, /datater/wu/data/enterovirus/splitFiles/reverse2540-3044.fasta, /datater/wu/data/enterovirus/splitFiles/reverse5588-6092.fasta, /datater/wu/data/enterovirus/splitFiles/reverse1524-2028.fasta, /datater/wu/data/enterovirus/splitFiles/reverse8636-9140.fasta, /datater/wu/data/enterovirus/splitFiles/reverse4318-4822.fasta, /datater/wu/data/enterovirus/splitFiles/reverse4826-5330.fasta, /datater/wu/data/enterovirus/splitFiles/reverse3302-3806.fasta, /datater/wu/data/enterovirus/splitFiles/reverse9144-9382.fasta, /datater/wu/data/enterovirus/splitFiles/reverse2032-2536.fasta, /datater/wu/data/enterovirus/splitFiles/reverse8890-9394.fasta, /datater/wu/data/enterovirus/splitFiles/reverse3810-4314.fasta, /datater/wu/data/enterovirus/splitFiles/reverse3556-4060.fasta, /datater/wu/data/enterovirus/splitFiles/reverse5842-6346.fasta, /datater/wu/data/enterovirus/splitFiles/reverse508-1012.fasta, /datater/wu/data/enterovirus/dsk/reverse8382-8886.h5, /datater/wu/data/enterovirus/dsk/reverse762-1266.h5, /datater/wu/data/enterovirus/dsk/reverse7112-7616.h5, /datater/wu/data/enterovirus/dsk/reverse5334-5838.h5, /datater/wu/data/enterovirus/dsk/reverse1778-2282.h5, /datater/wu/data/enterovirus/dsk/reverse4572-5076.h5, /datater/wu/data/enterovirus/dsk/reverse8128-8632.h5, /datater/wu/data/enterovirus/dsk/reverse1016-1520.h5, /datater/wu/data/enterovirus/dsk/reverse1270-1774.h5, /datater/wu/data/enterovirus/dsk/reverse254-758.h5, /datater/wu/data/enterovirus/dsk/reverse7620-8124.h5, /datater/wu/data/enterovirus/dsk/reverse0-504.h5, /datater/wu/data/enterovirus/dsk/reverse5080-5584.h5, /datater/wu/data/enterovirus/dsk/reverse6096-6600.h5, /datater/wu/data/enterovirus/dsk/reverse4064-4568.h5, /datater/wu/data/enterovirus/dsk/reverse2794-3298.h5, /datater/wu/data/enterovirus/dsk/reverse6858-7362.h5, /datater/wu/data/enterovirus/dsk/reverse7366-7870.h5, /datater/wu/data/enterovirus/dsk/reverse2286-2790.h5, /datater/wu/data/enterovirus/dsk/reverse3048-3552.h5, /datater/wu/data/enterovirus/dsk/reverse7874-8378.h5, /datater/wu/data/enterovirus/dsk/reverse6350-6854.h5, /datater/wu/data/enterovirus/dsk/reverse6604-7108.h5, /datater/wu/data/enterovirus/dsk/reverse2540-3044.h5, /datater/wu/data/enterovirus/dsk/reverse5588-6092.h5, /datater/wu/data/enterovirus/dsk/reverse1524-2028.h5, /datater/wu/data/enterovirus/dsk/reverse8636-9140.h5, /datater/wu/data/enterovirus/dsk/reverse4318-4822.h5, /datater/wu/data/enterovirus/dsk/reverse4826-5330.h5, /datater/wu/data/enterovirus/dsk/reverse3302-3806.h5, /datater/wu/data/enterovirus/dsk/reverse9144-9382.h5, /datater/wu/data/enterovirus/dsk/reverse2032-2536.h5, /datater/wu/data/enterovirus/dsk/reverse8890-9394.h5, /datater/wu/data/enterovirus/dsk/reverse3810-4314.h5, /datater/wu/data/enterovirus/dsk/reverse3556-4060.h5, /datater/wu/data/enterovirus/dsk/reverse5842-6346.h5, /datater/wu/data/enterovirus/dsk/reverse508-1012.h5, /datater/wu/data/enterovirus/dsk/reverse8382-8886.kCount, /datater/wu/data/enterovirus/dsk/reverse762-1266.kCount, /datater/wu/data/enterovirus/dsk/reverse7112-7616.kCount, /datater/wu/data/enterovirus/dsk/reverse5334-5838.kCount, /datater/wu/data/enterovirus/dsk/reverse1778-2282.kCount, /datater/wu/data/enterovirus/dsk/reverse4572-5076.kCount, /datater/wu/data/enterovirus/dsk/reverse8128-8632.kCount, /datater/wu/data/enterovirus/dsk/reverse1016-1520.kCount, /datater/wu/data/enterovirus/dsk/reverse1270-1774.kCount, /datater/wu/data/enterovirus/dsk/reverse254-758.kCount, /datater/wu/data/enterovirus/dsk/reverse7620-8124.kCount, /datater/wu/data/enterovirus/dsk/reverse0-504.kCount, /datater/wu/data/enterovirus/dsk/reverse5080-5584.kCount, /datater/wu/data/enterovirus/dsk/reverse6096-6600.kCount, /datater/wu/data/enterovirus/dsk/reverse4064-4568.kCount, /datater/wu/data/enterovirus/dsk/reverse2794-3298.kCount, /datater/wu/data/enterovirus/dsk/reverse6858-7362.kCount, /datater/wu/data/enterovirus/dsk/reverse7366-7870.kCount, /datater/wu/data/enterovirus/dsk/reverse2286-2790.kCount, /datater/wu/data/enterovirus/dsk/reverse3048-3552.kCount, /datater/wu/data/enterovirus/dsk/reverse7874-8378.kCount, /datater/wu/data/enterovirus/dsk/reverse6350-6854.kCount, /datater/wu/data/enterovirus/dsk/reverse6604-7108.kCount, /datater/wu/data/enterovirus/dsk/reverse2540-3044.kCount, /datater/wu/data/enterovirus/dsk/reverse5588-6092.kCount, /datater/wu/data/enterovirus/dsk/reverse1524-2028.kCount, /datater/wu/data/enterovirus/dsk/reverse8636-9140.kCount, /datater/wu/data/enterovirus/dsk/reverse4318-4822.kCount, /datater/wu/data/enterovirus/dsk/reverse4826-5330.kCount, /datater/wu/data/enterovirus/dsk/reverse3302-3806.kCount, /datater/wu/data/enterovirus/dsk/reverse9144-9382.kCount, /datater/wu/data/enterovirus/dsk/reverse2032-2536.kCount, /datater/wu/data/enterovirus/dsk/reverse8890-9394.kCount, /datater/wu/data/enterovirus/dsk/reverse3810-4314.kCount, /datater/wu/data/enterovirus/dsk/reverse3556-4060.kCount, /datater/wu/data/enterovirus/dsk/reverse5842-6346.kCount, /datater/wu/data/enterovirus/dsk/reverse508-1012.kCount, /datater/wu/data/enterovirus/dsk/reverse8382-8886.kCountSorted, /datater/wu/data/enterovirus/dsk/reverse762-1266.kCountSorted, /datater/wu/data/enterovirus/dsk/reverse7112-7616.kCountSorted, /datater/wu/data/enterovirus/dsk/reverse5334-5838.kCountSorted, /datater/wu/data/enterovirus/dsk/reverse1778-2282.kCountSorted, /datater/wu/data/enterovirus/dsk/reverse4572-5076.kCountSorted, /datater/wu/data/enterovirus/dsk/reverse8128-8632.kCountSorted, /datater/wu/data/enterovirus/dsk/reverse1016-1520.kCountSorted, /datater/wu/data/enterovirus/dsk/reverse1270-1774.kCountSorted, /datater/wu/data/enterovirus/dsk/reverse254-758.kCountSorted, /datater/wu/data/enterovirus/dsk/reverse7620-8124.kCountSorted, /datater/wu/data/enterovirus/dsk/reverse0-504.kCountSorted, /datater/wu/data/enterovirus/dsk/reverse5080-5584.kCountSorted, /datater/wu/data/enterovirus/dsk/reverse6096-6600.kCountSorted, /datater/wu/data/enterovirus/dsk/reverse4064-4568.kCountSorted, /datater/wu/data/enterovirus/dsk/reverse2794-3298.kCountSorted, /datater/wu/data/enterovirus/dsk/reverse6858-7362.kCountSorted, /datater/wu/data/enterovirus/dsk/reverse7366-7870.kCountSorted, /datater/wu/data/enterovirus/dsk/reverse2286-2790.kCountSorted, /datater/wu/data/enterovirus/dsk/reverse3048-3552.kCountSorted, /datater/wu/data/enterovirus/dsk/reverse7874-8378.kCountSorted, /datater/wu/data/enterovirus/dsk/reverse6350-6854.kCountSorted, /datater/wu/data/enterovirus/dsk/reverse6604-7108.kCountSorted, /datater/wu/data/enterovirus/dsk/reverse2540-3044.kCountSorted, /datater/wu/data/enterovirus/dsk/reverse5588-6092.kCountSorted, /datater/wu/data/enterovirus/dsk/reverse1524-2028.kCountSorted, /datater/wu/data/enterovirus/dsk/reverse8636-9140.kCountSorted, /datater/wu/data/enterovirus/dsk/reverse4318-4822.kCountSorted, /datater/wu/data/enterovirus/dsk/reverse4826-5330.kCountSorted, /datater/wu/data/enterovirus/dsk/reverse3302-3806.kCountSorted, /datater/wu/data/enterovirus/dsk/reverse9144-9382.kCountSorted, /datater/wu/data/enterovirus/dsk/reverse2032-2536.kCountSorted, /datater/wu/data/enterovirus/dsk/reverse8890-9394.kCountSorted, /datater/wu/data/enterovirus/dsk/reverse3810-4314.kCountSorted, /datater/wu/data/enterovirus/dsk/reverse3556-4060.kCountSorted, /datater/wu/data/enterovirus/dsk/reverse5842-6346.kCountSorted, /datater/wu/data/enterovirus/dsk/reverse508-1012.kCountSorted, /datater/wu/data/enterovirus/filtering/reverse8382-8886.calculated, /datater/wu/data/enterovirus/filtering/reverse762-1266.calculated, /datater/wu/data/enterovirus/filtering/reverse7112-7616.calculated, /datater/wu/data/enterovirus/filtering/reverse5334-5838.calculated, /datater/wu/data/enterovirus/filtering/reverse1778-2282.calculated, /datater/wu/data/enterovirus/filtering/reverse4572-5076.calculated, /datater/wu/data/enterovirus/filtering/reverse8128-8632.calculated, /datater/wu/data/enterovirus/filtering/reverse1016-1520.calculated, /datater/wu/data/enterovirus/filtering/reverse1270-1774.calculated, /datater/wu/data/enterovirus/filtering/reverse254-758.calculated, /datater/wu/data/enterovirus/filtering/reverse7620-8124.calculated, /datater/wu/data/enterovirus/filtering/reverse0-504.calculated, /datater/wu/data/enterovirus/filtering/reverse5080-5584.calculated, /datater/wu/data/enterovirus/filtering/reverse6096-6600.calculated, /datater/wu/data/enterovirus/filtering/reverse4064-4568.calculated, /datater/wu/data/enterovirus/filtering/reverse2794-3298.calculated, /datater/wu/data/enterovirus/filtering/reverse6858-7362.calculated, /datater/wu/data/enterovirus/filtering/reverse7366-7870.calculated, /datater/wu/data/enterovirus/filtering/reverse2286-2790.calculated, /datater/wu/data/enterovirus/filtering/reverse3048-3552.calculated, /datater/wu/data/enterovirus/filtering/reverse7874-8378.calculated, /datater/wu/data/enterovirus/filtering/reverse6350-6854.calculated, /datater/wu/data/enterovirus/filtering/reverse6604-7108.calculated, /datater/wu/data/enterovirus/filtering/reverse2540-3044.calculated, /datater/wu/data/enterovirus/filtering/reverse5588-6092.calculated, /datater/wu/data/enterovirus/filtering/reverse1524-2028.calculated, /datater/wu/data/enterovirus/filtering/reverse8636-9140.calculated, /datater/wu/data/enterovirus/filtering/reverse4318-4822.calculated, /datater/wu/data/enterovirus/filtering/reverse4826-5330.calculated, /datater/wu/data/enterovirus/filtering/reverse3302-3806.calculated, /datater/wu/data/enterovirus/filtering/reverse9144-9382.calculated, /datater/wu/data/enterovirus/filtering/reverse2032-2536.calculated, /datater/wu/data/enterovirus/filtering/reverse8890-9394.calculated, /datater/wu/data/enterovirus/filtering/reverse3810-4314.calculated, /datater/wu/data/enterovirus/filtering/reverse3556-4060.calculated, /datater/wu/data/enterovirus/filtering/reverse5842-6346.calculated, /datater/wu/data/enterovirus/filtering/reverse508-1012.calculated, /datater/wu/data/enterovirus/filtering/reverse8382-8886.fa, /datater/wu/data/enterovirus/filtering/reverse762-1266.fa, /datater/wu/data/enterovirus/filtering/reverse7112-7616.fa, /datater/wu/data/enterovirus/filtering/reverse5334-5838.fa, /datater/wu/data/enterovirus/filtering/reverse1778-2282.fa, /datater/wu/data/enterovirus/filtering/reverse4572-5076.fa, /datater/wu/data/enterovirus/filtering/reverse8128-8632.fa, /datater/wu/data/enterovirus/filtering/reverse1016-1520.fa, /datater/wu/data/enterovirus/filtering/reverse1270-1774.fa, /datater/wu/data/enterovirus/filtering/reverse254-758.fa, /datater/wu/data/enterovirus/filtering/reverse7620-8124.fa, /datater/wu/data/enterovirus/filtering/reverse0-504.fa, /datater/wu/data/enterovirus/filtering/reverse5080-5584.fa, /datater/wu/data/enterovirus/filtering/reverse6096-6600.fa, /datater/wu/data/enterovirus/filtering/reverse4064-4568.fa, /datater/wu/data/enterovirus/filtering/reverse2794-3298.fa, /datater/wu/data/enterovirus/filtering/reverse6858-7362.fa, /datater/wu/data/enterovirus/filtering/reverse7366-7870.fa, /datater/wu/data/enterovirus/filtering/reverse2286-2790.fa, /datater/wu/data/enterovirus/filtering/reverse3048-3552.fa, /datater/wu/data/enterovirus/filtering/reverse7874-8378.fa, /datater/wu/data/enterovirus/filtering/reverse6350-6854.fa, /datater/wu/data/enterovirus/filtering/reverse6604-7108.fa, /datater/wu/data/enterovirus/filtering/reverse2540-3044.fa, /datater/wu/data/enterovirus/filtering/reverse5588-6092.fa, /datater/wu/data/enterovirus/filtering/reverse1524-2028.fa, /datater/wu/data/enterovirus/filtering/reverse8636-9140.fa, /datater/wu/data/enterovirus/filtering/reverse4318-4822.fa, /datater/wu/data/enterovirus/filtering/reverse4826-5330.fa, /datater/wu/data/enterovirus/filtering/reverse3302-3806.fa, /datater/wu/data/enterovirus/filtering/reverse9144-9382.fa, /datater/wu/data/enterovirus/filtering/reverse2032-2536.fa, /datater/wu/data/enterovirus/filtering/reverse8890-9394.fa, /datater/wu/data/enterovirus/filtering/reverse3810-4314.fa, /datater/wu/data/enterovirus/filtering/reverse3556-4060.fa, /datater/wu/data/enterovirus/filtering/reverse5842-6346.fa, /datater/wu/data/enterovirus/filtering/reverse508-1012.fa, /datater/wu/data/enterovirus/filtering/reverse8382-8886.nessieOut, /datater/wu/data/enterovirus/filtering/reverse762-1266.nessieOut, /datater/wu/data/enterovirus/filtering/reverse7112-7616.nessieOut, /datater/wu/data/enterovirus/filtering/reverse5334-5838.nessieOut, /datater/wu/data/enterovirus/filtering/reverse1778-2282.nessieOut, /datater/wu/data/enterovirus/filtering/reverse4572-5076.nessieOut, /datater/wu/data/enterovirus/filtering/reverse8128-8632.nessieOut, /datater/wu/data/enterovirus/filtering/reverse1016-1520.nessieOut, /datater/wu/data/enterovirus/filtering/reverse1270-1774.nessieOut, /datater/wu/data/enterovirus/filtering/reverse254-758.nessieOut, /datater/wu/data/enterovirus/filtering/reverse7620-8124.nessieOut, /datater/wu/data/enterovirus/filtering/reverse0-504.nessieOut, /datater/wu/data/enterovirus/filtering/reverse5080-5584.nessieOut, /datater/wu/data/enterovirus/filtering/reverse6096-6600.nessieOut, /datater/wu/data/enterovirus/filtering/reverse4064-4568.nessieOut, /datater/wu/data/enterovirus/filtering/reverse2794-3298.nessieOut, /datater/wu/data/enterovirus/filtering/reverse6858-7362.nessieOut, /datater/wu/data/enterovirus/filtering/reverse7366-7870.nessieOut, /datater/wu/data/enterovirus/filtering/reverse2286-2790.nessieOut, /datater/wu/data/enterovirus/filtering/reverse3048-3552.nessieOut, /datater/wu/data/enterovirus/filtering/reverse7874-8378.nessieOut, /datater/wu/data/enterovirus/filtering/reverse6350-6854.nessieOut, /datater/wu/data/enterovirus/filtering/reverse6604-7108.nessieOut, /datater/wu/data/enterovirus/filtering/reverse2540-3044.nessieOut, /datater/wu/data/enterovirus/filtering/reverse5588-6092.nessieOut, /datater/wu/data/enterovirus/filtering/reverse1524-2028.nessieOut, /datater/wu/data/enterovirus/filtering/reverse8636-9140.nessieOut, /datater/wu/data/enterovirus/filtering/reverse4318-4822.nessieOut, /datater/wu/data/enterovirus/filtering/reverse4826-5330.nessieOut, /datater/wu/data/enterovirus/filtering/reverse3302-3806.nessieOut, /datater/wu/data/enterovirus/filtering/reverse9144-9382.nessieOut, /datater/wu/data/enterovirus/filtering/reverse2032-2536.nessieOut, /datater/wu/data/enterovirus/filtering/reverse8890-9394.nessieOut, /datater/wu/data/enterovirus/filtering/reverse3810-4314.nessieOut, /datater/wu/data/enterovirus/filtering/reverse3556-4060.nessieOut, /datater/wu/data/enterovirus/filtering/reverse5842-6346.nessieOut, /datater/wu/data/enterovirus/filtering/reverse508-1012.nessieOut, /datater/wu/data/enterovirus/filtering/reverse8382-8886.calculated2, /datater/wu/data/enterovirus/filtering/reverse762-1266.calculated2, /datater/wu/data/enterovirus/filtering/reverse7112-7616.calculated2, /datater/wu/data/enterovirus/filtering/reverse5334-5838.calculated2, /datater/wu/data/enterovirus/filtering/reverse1778-2282.calculated2, /datater/wu/data/enterovirus/filtering/reverse4572-5076.calculated2, /datater/wu/data/enterovirus/filtering/reverse8128-8632.calculated2, /datater/wu/data/enterovirus/filtering/reverse1016-1520.calculated2, /datater/wu/data/enterovirus/filtering/reverse1270-1774.calculated2, /datater/wu/data/enterovirus/filtering/reverse254-758.calculated2, /datater/wu/data/enterovirus/filtering/reverse7620-8124.calculated2, /datater/wu/data/enterovirus/filtering/reverse0-504.calculated2, /datater/wu/data/enterovirus/filtering/reverse5080-5584.calculated2, /datater/wu/data/enterovirus/filtering/reverse6096-6600.calculated2, /datater/wu/data/enterovirus/filtering/reverse4064-4568.calculated2, /datater/wu/data/enterovirus/filtering/reverse2794-3298.calculated2, /datater/wu/data/enterovirus/filtering/reverse6858-7362.calculated2, /datater/wu/data/enterovirus/filtering/reverse7366-7870.calculated2, /datater/wu/data/enterovirus/filtering/reverse2286-2790.calculated2, /datater/wu/data/enterovirus/filtering/reverse3048-3552.calculated2, /datater/wu/data/enterovirus/filtering/reverse7874-8378.calculated2, /datater/wu/data/enterovirus/filtering/reverse6350-6854.calculated2, /datater/wu/data/enterovirus/filtering/reverse6604-7108.calculated2, /datater/wu/data/enterovirus/filtering/reverse2540-3044.calculated2, /datater/wu/data/enterovirus/filtering/reverse5588-6092.calculated2, /datater/wu/data/enterovirus/filtering/reverse1524-2028.calculated2, /datater/wu/data/enterovirus/filtering/reverse8636-9140.calculated2, /datater/wu/data/enterovirus/filtering/reverse4318-4822.calculated2, /datater/wu/data/enterovirus/filtering/reverse4826-5330.calculated2, /datater/wu/data/enterovirus/filtering/reverse3302-3806.calculated2, /datater/wu/data/enterovirus/filtering/reverse9144-9382.calculated2, /datater/wu/data/enterovirus/filtering/reverse2032-2536.calculated2, /datater/wu/data/enterovirus/filtering/reverse8890-9394.calculated2, /datater/wu/data/enterovirus/filtering/reverse3810-4314.calculated2, /datater/wu/data/enterovirus/filtering/reverse3556-4060.calculated2, /datater/wu/data/enterovirus/filtering/reverse5842-6346.calculated2, /datater/wu/data/enterovirus/filtering/reverse508-1012.calculated2
    jobid: 0

[Fri Mar 12 16:34:14 2021]
Finished job 0.
67 of 67 steps (100%) done
Complete log: /datater/wu/stage_m2/.snakemake/log/2021-03-12T163406.357445.snakemake.log
