Building DAG of jobs...
Using shell: /bin/bash
Provided cores: 12
Rules claiming more threads will be scaled down.
Conda environments: ignored
Job counts:
	count	jobs
	2	MSA
	1	all
	2	checkHeterodimer
	2	evaluation2
	2	filtering2
	2	filtering3
	2	specific1
	2	specific3
	2	specific4
	2	splitIntoOverlappingWindows
	19
Select jobs to execute...

[Fri Apr 23 17:50:15 2021]
rule MSA:
    input: /datater/wu/data/MSSPE-basic/enterovirus/enterovirus.uniq
    output: /datater/wu/data/MSSPE-basic/enterovirus/enterovirus.msa
    log: /datater/wu/data/MSSPE-basic/enterovirus/log/mafft.log
    jobid: 3
    wildcards: sample=enterovirus


[Fri Apr 23 17:50:15 2021]
rule MSA:
    input: /datater/wu/data/MSSPE-basic/zika/zika.uniq
    output: /datater/wu/data/MSSPE-basic/zika/zika.msa
    log: /datater/wu/data/MSSPE-basic/zika/log/mafft.log
    jobid: 4
    wildcards: sample=zika

[Fri Apr 23 17:50:26 2021]
Finished job 4.
1 of 19 steps (5%) done
Select jobs to execute...

[Fri Apr 23 17:50:26 2021]
checkpoint splitIntoOverlappingWindows:
    input: /datater/wu/data/MSSPE-basic/zika/zika.msa
    output: /datater/wu/data/MSSPE-basic/zika/splitFiles
    jobid: 8
    wildcards: sample=zika
Downstream jobs will be updated after completion.

Updating job filtering2.
[Fri Apr 23 17:50:28 2021]
Finished job 8.
2 of 191 steps (1%) done
Select jobs to execute...

[Fri Apr 23 17:50:28 2021]
rule countKmer1:
    input: /datater/wu/data/MSSPE-basic/zika/splitFiles/reverse10542-10780.fasta
    output: /datater/wu/data/MSSPE-basic/zika/kmer15/intermediate/reverse10542-10780.jf
    jobid: 32
    wildcards: sample=zika, seg=10542-10780


[Fri Apr 23 17:50:28 2021]
rule countKmer1:
    input: /datater/wu/data/MSSPE-basic/zika/splitFiles/reverse5271-5772.fasta
    output: /datater/wu/data/MSSPE-basic/zika/kmer15/intermediate/reverse5271-5772.jf
    jobid: 68
    wildcards: sample=zika, seg=5271-5772


[Fri Apr 23 17:50:28 2021]
rule countKmer1:
    input: /datater/wu/data/MSSPE-basic/zika/splitFiles/reverse0-501.fasta
    output: /datater/wu/data/MSSPE-basic/zika/kmer15/intermediate/reverse0-501.jf
    jobid: 128
    wildcards: sample=zika, seg=0-501


[Fri Apr 23 17:50:28 2021]
rule countKmer1:
    input: /datater/wu/data/MSSPE-basic/zika/splitFiles/reverse7279-7780.fasta
    output: /datater/wu/data/MSSPE-basic/zika/kmer15/intermediate/reverse7279-7780.jf
    jobid: 188
    wildcards: sample=zika, seg=7279-7780


[Fri Apr 23 17:50:28 2021]
rule countKmer1:
    input: /datater/wu/data/MSSPE-basic/zika/splitFiles/reverse10291-10780.fasta
    output: /datater/wu/data/MSSPE-basic/zika/kmer15/intermediate/reverse10291-10780.jf
    jobid: 76
    wildcards: sample=zika, seg=10291-10780


[Fri Apr 23 17:50:28 2021]
rule countKmer1:
    input: /datater/wu/data/MSSPE-basic/zika/splitFiles/reverse4518-5019.fasta
    output: /datater/wu/data/MSSPE-basic/zika/kmer15/intermediate/reverse4518-5019.jf
    jobid: 180
    wildcards: sample=zika, seg=4518-5019


[Fri Apr 23 17:50:28 2021]
rule countKmer1:
    input: /datater/wu/data/MSSPE-basic/zika/splitFiles/reverse7028-7529.fasta
    output: /datater/wu/data/MSSPE-basic/zika/kmer15/intermediate/reverse7028-7529.jf
    jobid: 60
    wildcards: sample=zika, seg=7028-7529


[Fri Apr 23 17:50:28 2021]
rule countKmer1:
    input: /datater/wu/data/MSSPE-basic/zika/splitFiles/reverse1004-1505.fasta
    output: /datater/wu/data/MSSPE-basic/zika/kmer15/intermediate/reverse1004-1505.jf
    jobid: 120
    wildcards: sample=zika, seg=1004-1505


[Fri Apr 23 17:50:28 2021]
rule countKmer1:
    input: /datater/wu/data/MSSPE-basic/zika/splitFiles/reverse1255-1756.fasta
    output: /datater/wu/data/MSSPE-basic/zika/kmer15/intermediate/reverse1255-1756.jf
    jobid: 52
    wildcards: sample=zika, seg=1255-1756


[Fri Apr 23 17:50:28 2021]
rule countKmer1:
    input: /datater/wu/data/MSSPE-basic/zika/splitFiles/reverse5522-6023.fasta
    output: /datater/wu/data/MSSPE-basic/zika/kmer15/intermediate/reverse5522-6023.jf
    jobid: 112
    wildcards: sample=zika, seg=5522-6023


[Fri Apr 23 17:50:28 2021]
rule countKmer1:
    input: /datater/wu/data/MSSPE-basic/zika/splitFiles/reverse7530-8031.fasta
    output: /datater/wu/data/MSSPE-basic/zika/kmer15/intermediate/reverse7530-8031.jf
    jobid: 172
    wildcards: sample=zika, seg=7530-8031

Terminating processes on user request, this might take some time.
[Fri Apr 23 17:50:39 2021]
Error in rule countKmer1:
    jobid: 32
    output: /datater/wu/data/MSSPE-basic/zika/kmer15/intermediate/reverse10542-10780.jf
    shell:
        
        jellyfish count         -m 15         -s 3G         -t 12         -o /datater/wu/data/MSSPE-basic/zika/kmer15/intermediate/reverse10542-10780.jf /datater/wu/data/MSSPE-basic/zika/splitFiles/reverse10542-10780.fasta
        
        (one of the commands exited with non-zero exit code; note that snakemake uses bash strict mode!)

Removing output files of failed job countKmer1 since they might be corrupted:
/datater/wu/data/MSSPE-basic/zika/kmer15/intermediate/reverse10542-10780.jf
[Fri Apr 23 17:50:39 2021]
Error in rule MSA:
    jobid: 3
    output: /datater/wu/data/MSSPE-basic/enterovirus/enterovirus.msa
    log: /datater/wu/data/MSSPE-basic/enterovirus/log/mafft.log (check log file(s) for error message)
    shell:
        mafft --auto         --thread -1         --op 1.53         --ep 0.123         --bl 62         --jtt 62         --tm 62                           --inputorder                                    /datater/wu/data/MSSPE-basic/enterovirus/enterovirus.uniq > /datater/wu/data/MSSPE-basic/enterovirus/enterovirus.msa         2> /datater/wu/data/MSSPE-basic/enterovirus/log/mafft.log
        (one of the commands exited with non-zero exit code; note that snakemake uses bash strict mode!)

Removing output files of failed job MSA since they might be corrupted:
/datater/wu/data/MSSPE-basic/enterovirus/enterovirus.msa
[Fri Apr 23 17:50:39 2021]
Error in rule countKmer1:
    jobid: 180
    output: /datater/wu/data/MSSPE-basic/zika/kmer15/intermediate/reverse4518-5019.jf
    shell:
        
        jellyfish count         -m 15         -s 3G         -t 12         -o /datater/wu/data/MSSPE-basic/zika/kmer15/intermediate/reverse4518-5019.jf /datater/wu/data/MSSPE-basic/zika/splitFiles/reverse4518-5019.fasta
        
        (one of the commands exited with non-zero exit code; note that snakemake uses bash strict mode!)

Removing output files of failed job countKmer1 since they might be corrupted:
/datater/wu/data/MSSPE-basic/zika/kmer15/intermediate/reverse4518-5019.jf
[Fri Apr 23 17:50:39 2021]
Error in rule countKmer1:
    jobid: 112
    output: /datater/wu/data/MSSPE-basic/zika/kmer15/intermediate/reverse5522-6023.jf
    shell:
        
        jellyfish count         -m 15         -s 3G         -t 12         -o /datater/wu/data/MSSPE-basic/zika/kmer15/intermediate/reverse5522-6023.jf /datater/wu/data/MSSPE-basic/zika/splitFiles/reverse5522-6023.fasta
        
        (one of the commands exited with non-zero exit code; note that snakemake uses bash strict mode!)

Removing output files of failed job countKmer1 since they might be corrupted:
/datater/wu/data/MSSPE-basic/zika/kmer15/intermediate/reverse5522-6023.jf
[Fri Apr 23 17:50:39 2021]
Error in rule countKmer1:
    jobid: 120
    output: /datater/wu/data/MSSPE-basic/zika/kmer15/intermediate/reverse1004-1505.jf
    shell:
        
        jellyfish count         -m 15         -s 3G         -t 12         -o /datater/wu/data/MSSPE-basic/zika/kmer15/intermediate/reverse1004-1505.jf /datater/wu/data/MSSPE-basic/zika/splitFiles/reverse1004-1505.fasta
        
        (one of the commands exited with non-zero exit code; note that snakemake uses bash strict mode!)

Removing output files of failed job countKmer1 since they might be corrupted:
/datater/wu/data/MSSPE-basic/zika/kmer15/intermediate/reverse1004-1505.jf
[Fri Apr 23 17:50:39 2021]
Error in rule countKmer1:
    jobid: 76
    output: /datater/wu/data/MSSPE-basic/zika/kmer15/intermediate/reverse10291-10780.jf
    shell:
        
        jellyfish count         -m 15         -s 3G         -t 12         -o /datater/wu/data/MSSPE-basic/zika/kmer15/intermediate/reverse10291-10780.jf /datater/wu/data/MSSPE-basic/zika/splitFiles/reverse10291-10780.fasta
        
        (one of the commands exited with non-zero exit code; note that snakemake uses bash strict mode!)

Removing output files of failed job countKmer1 since they might be corrupted:
/datater/wu/data/MSSPE-basic/zika/kmer15/intermediate/reverse10291-10780.jf
[Fri Apr 23 17:50:39 2021]
Error in rule countKmer1:
    jobid: 52
    output: /datater/wu/data/MSSPE-basic/zika/kmer15/intermediate/reverse1255-1756.jf
    shell:
        
        jellyfish count         -m 15         -s 3G         -t 12         -o /datater/wu/data/MSSPE-basic/zika/kmer15/intermediate/reverse1255-1756.jf /datater/wu/data/MSSPE-basic/zika/splitFiles/reverse1255-1756.fasta
        
        (one of the commands exited with non-zero exit code; note that snakemake uses bash strict mode!)

Removing output files of failed job countKmer1 since they might be corrupted:
/datater/wu/data/MSSPE-basic/zika/kmer15/intermediate/reverse1255-1756.jf
[Fri Apr 23 17:50:39 2021]
Error in rule countKmer1:
    jobid: 188
    output: /datater/wu/data/MSSPE-basic/zika/kmer15/intermediate/reverse7279-7780.jf
    shell:
        
        jellyfish count         -m 15         -s 3G         -t 12         -o /datater/wu/data/MSSPE-basic/zika/kmer15/intermediate/reverse7279-7780.jf /datater/wu/data/MSSPE-basic/zika/splitFiles/reverse7279-7780.fasta
        
        (one of the commands exited with non-zero exit code; note that snakemake uses bash strict mode!)

Removing output files of failed job countKmer1 since they might be corrupted:
/datater/wu/data/MSSPE-basic/zika/kmer15/intermediate/reverse7279-7780.jf
[Fri Apr 23 17:50:39 2021]
Error in rule countKmer1:
    jobid: 172
    output: /datater/wu/data/MSSPE-basic/zika/kmer15/intermediate/reverse7530-8031.jf
    shell:
        
        jellyfish count         -m 15         -s 3G         -t 12         -o /datater/wu/data/MSSPE-basic/zika/kmer15/intermediate/reverse7530-8031.jf /datater/wu/data/MSSPE-basic/zika/splitFiles/reverse7530-8031.fasta
        
        (one of the commands exited with non-zero exit code; note that snakemake uses bash strict mode!)

Removing output files of failed job countKmer1 since they might be corrupted:
/datater/wu/data/MSSPE-basic/zika/kmer15/intermediate/reverse7530-8031.jf
[Fri Apr 23 17:50:39 2021]
Error in rule countKmer1:
    jobid: 60
    output: /datater/wu/data/MSSPE-basic/zika/kmer15/intermediate/reverse7028-7529.jf
    shell:
        
        jellyfish count         -m 15         -s 3G         -t 12         -o /datater/wu/data/MSSPE-basic/zika/kmer15/intermediate/reverse7028-7529.jf /datater/wu/data/MSSPE-basic/zika/splitFiles/reverse7028-7529.fasta
        
        (one of the commands exited with non-zero exit code; note that snakemake uses bash strict mode!)

Removing output files of failed job countKmer1 since they might be corrupted:
/datater/wu/data/MSSPE-basic/zika/kmer15/intermediate/reverse7028-7529.jf
[Fri Apr 23 17:50:39 2021]
Error in rule countKmer1:
    jobid: 68
    output: /datater/wu/data/MSSPE-basic/zika/kmer15/intermediate/reverse5271-5772.jf
    shell:
        
        jellyfish count         -m 15         -s 3G         -t 12         -o /datater/wu/data/MSSPE-basic/zika/kmer15/intermediate/reverse5271-5772.jf /datater/wu/data/MSSPE-basic/zika/splitFiles/reverse5271-5772.fasta
        
        (one of the commands exited with non-zero exit code; note that snakemake uses bash strict mode!)

Removing output files of failed job countKmer1 since they might be corrupted:
/datater/wu/data/MSSPE-basic/zika/kmer15/intermediate/reverse5271-5772.jf
[Fri Apr 23 17:50:39 2021]
Error in rule countKmer1:
    jobid: 128
    output: /datater/wu/data/MSSPE-basic/zika/kmer15/intermediate/reverse0-501.jf
    shell:
        
        jellyfish count         -m 15         -s 3G         -t 12         -o /datater/wu/data/MSSPE-basic/zika/kmer15/intermediate/reverse0-501.jf /datater/wu/data/MSSPE-basic/zika/splitFiles/reverse0-501.fasta
        
        (one of the commands exited with non-zero exit code; note that snakemake uses bash strict mode!)

Removing output files of failed job countKmer1 since they might be corrupted:
/datater/wu/data/MSSPE-basic/zika/kmer15/intermediate/reverse0-501.jf
Complete log: /datater/wu/MSSPE/.snakemake/log/2021-04-23T175014.992503.snakemake.log
