Building DAG of jobs...
Using shell: /bin/bash
Provided cores: 32
Rules claiming more threads will be scaled down.
Conda environments: ignored
Job counts:
	count	jobs
	1	all
	1	evaluation2
	2
Select jobs to execute...

[Sun May  2 17:29:24 2021]
rule evaluation2:
    input: /datater/wu/data/MSSPE-variant/enterovirus/kmer15/allOligo.set, /datater/wu/data/MSSPE-variant/enterovirus/kmer15/intermediate/aceID-taxID-species.tsv
    output: /datater/wu/data/MSSPE-variant/enterovirus/kmer15/evaluation/allOligo.set.coverage
    jobid: 19
    wildcards: sample=enterovirus

Shutting down, this might take some time.
Exiting because a job execution failed. Look above for error message
Complete log: /datater/wu/MSSPE/.snakemake/log/2021-05-02T172923.658039.snakemake.log
