Building DAG of jobs...
Using shell: /bin/bash
Provided cores: 32
Rules claiming more threads will be scaled down.
Conda environments: ignored
Job counts:
	count	jobs
	1	all
	1	blastDB
	2
Select jobs to execute...

[Thu Mar 18 10:45:58 2021]
rule blastDB:
    input: /datater/wu/data/zika/zika.uniq
    output: /datater/wu/data/zika/zika.uniq.db.nhr, /datater/wu/data/zika/zika.uniq.db.nin, /datater/wu/data/zika/zika.uniq.db.nog, /datater/wu/data/zika/zika.uniq.db.nsd, /datater/wu/data/zika/zika.uniq.db.nsi, /datater/wu/data/zika/zika.uniq.db.nsq
    jobid: 1
    wildcards: sample=zika

[Thu Mar 18 10:45:58 2021]
Finished job 1.
1 of 2 steps (50%) done
Select jobs to execute...

[Thu Mar 18 10:45:58 2021]
localrule all:
    input: /datater/wu/data/zika/zika.uniq.db.nhr, /datater/wu/data/zika/zika.uniq.db.nin, /datater/wu/data/zika/zika.uniq.db.nog, /datater/wu/data/zika/zika.uniq.db.nsd, /datater/wu/data/zika/zika.uniq.db.nsi, /datater/wu/data/zika/zika.uniq.db.nsq
    jobid: 0

[Thu Mar 18 10:45:58 2021]
Finished job 0.
2 of 2 steps (100%) done
Complete log: /datater/wu/stage_m2/.snakemake/log/2021-03-18T104557.534351.snakemake.log
