Building DAG of jobs...
Using shell: /bin/bash
Provided cores: 1 (use --cores to define parallelism)
Rules claiming more threads will be scaled down.
Conda environments: ignored
Job counts:
	count	jobs
	1	all
	74	filterOut_Tm
	75
Select jobs to execute...

[Wed Mar  3 16:57:01 2021]
rule filterOut_Tm:
    input: /datater/wu/data/filter/kmc/enterovirus.reverse.2550-3055.txt
    output: /datater/wu/data/filter/kmc/enterovirus.reverse.2550-3055.table
    jobid: 617
    wildcards: prefix=enterovirus.reverse.2550-3055

Shutting down, this might take some time.
Exiting because a job execution failed. Look above for error message
Complete log: /datater/wu/stage_m2/.snakemake/log/2021-03-03T165659.592243.snakemake.log
