Building DAG of jobs...
Using shell: /bin/bash
Provided cores: 1 (use --cores to define parallelism)
Rules claiming more threads will be scaled down.
Conda environments: ignored
Job counts:
	count	jobs
	37	add_LC
	1	all
	38
Select jobs to execute...

[Fri Mar 12 11:27:33 2021]
rule add_LC:
    input: /datater/wu/data/enterovirus/filtering/forward_7366-7870.nessieOut, /datater/wu/data/enterovirus/filtering/forward_7366-7870.fasta
    output: /datater/wu/data/enterovirus/filtering/forward_7366-7870.calculated2
    jobid: 237
    wildcards: sample=enterovirus, seg=7366-7870

Shutting down, this might take some time.
Exiting because a job execution failed. Look above for error message
Complete log: /datater/wu/stage_m2/.snakemake/log/2021-03-12T112732.255488.snakemake.log
