Building DAG of jobs...
Using shell: /bin/bash
Provided cores: 12
Rules claiming more threads will be scaled down.
Conda environments: ignored
Job counts:
	count	jobs
	1	all
	43	filter_within_seg
	44
Select jobs to execute...

[Tue Mar  9 17:57:31 2021]
rule filter_within_seg:
    input: /datater/wu/data/zika/dsk/forward_1004-1505.kCountSorted
    output: /datater/wu/data/zika/primer3_Tm/forward_1004-1505.Tm
    jobid: 144
    wildcards: sample=zika, seg=1004-1505

[Tue Mar  9 17:57:31 2021]
rule filter_within_seg:
    input: /datater/wu/data/zika/dsk/forward_9287-9788.kCountSorted
    output: /datater/wu/data/zika/primer3_Tm/forward_9287-9788.Tm
    jobid: 143
    wildcards: sample=zika, seg=9287-9788

[Tue Mar  9 17:57:31 2021]
rule filter_within_seg:
    input: /datater/wu/data/zika/dsk/forward_251-752.kCountSorted
    output: /datater/wu/data/zika/primer3_Tm/forward_251-752.Tm
    jobid: 150
    wildcards: sample=zika, seg=251-752

[Tue Mar  9 17:57:31 2021]
rule filter_within_seg:
    input: /datater/wu/data/zika/dsk/forward_6526-7027.kCountSorted
    output: /datater/wu/data/zika/primer3_Tm/forward_6526-7027.Tm
    jobid: 158
    wildcards: sample=zika, seg=6526-7027

[Tue Mar  9 17:57:31 2021]
rule filter_within_seg:
    input: /datater/wu/data/zika/dsk/forward_3765-4266.kCountSorted
    output: /datater/wu/data/zika/primer3_Tm/forward_3765-4266.Tm
    jobid: 165
    wildcards: sample=zika, seg=3765-4266

[Tue Mar  9 17:57:31 2021]
rule filter_within_seg:
    input: /datater/wu/data/zika/dsk/forward_3012-3513.kCountSorted
    output: /datater/wu/data/zika/primer3_Tm/forward_3012-3513.Tm
    jobid: 173
    wildcards: sample=zika, seg=3012-3513

[Tue Mar  9 17:57:31 2021]
rule filter_within_seg:
    input: /datater/wu/data/zika/dsk/forward_3514-4015.kCountSorted
    output: /datater/wu/data/zika/primer3_Tm/forward_3514-4015.Tm
    jobid: 157
    wildcards: sample=zika, seg=3514-4015

[Tue Mar  9 17:57:31 2021]
rule filter_within_seg:
    input: /datater/wu/data/zika/dsk/forward_9036-9537.kCountSorted
    output: /datater/wu/data/zika/primer3_Tm/forward_9036-9537.Tm
    jobid: 142
    wildcards: sample=zika, seg=9036-9537

[Tue Mar  9 17:57:31 2021]
rule filter_within_seg:
    input: /datater/wu/data/zika/dsk/forward_2008-2509.kCountSorted
    output: /datater/wu/data/zika/primer3_Tm/forward_2008-2509.Tm
    jobid: 164
    wildcards: sample=zika, seg=2008-2509

[Tue Mar  9 17:57:31 2021]
rule filter_within_seg:
    input: /datater/wu/data/zika/dsk/forward_7279-7780.kCountSorted
    output: /datater/wu/data/zika/primer3_Tm/forward_7279-7780.Tm
    jobid: 149
    wildcards: sample=zika, seg=7279-7780

[Tue Mar  9 17:57:31 2021]
rule filter_within_seg:
    input: /datater/wu/data/zika/dsk/forward_8032-8533.kCountSorted
    output: /datater/wu/data/zika/primer3_Tm/forward_8032-8533.Tm
    jobid: 172
    wildcards: sample=zika, seg=8032-8533

[Tue Mar  9 17:57:31 2021]
rule filter_within_seg:
    input: /datater/wu/data/zika/dsk/forward_10040-10541.kCountSorted
    output: /datater/wu/data/zika/primer3_Tm/forward_10040-10541.Tm
    jobid: 179
    wildcards: sample=zika, seg=10040-10541

Shutting down, this might take some time.
Exiting because a job execution failed. Look above for error message
Complete log: /datater/wu/stage_m2/.snakemake/log/2021-03-09T175730.669046.snakemake.log
