Building DAG of jobs...
Updating job aggregate_allOligo.
Updating job aggregate_allOligo.
Updating job aggregate_allOligo.
Updating job aggregate_allOligo.
Updating job aggregate_allOligo.
Updating job aggregate_allOligo.
Updating job aggregate_allOligo.
Updating job aggregate_allOligo.
Updating job aggregate_allOligo.
Updating job aggregate_allOligo.
Updating job aggregate_allOligo.
Updating job aggregate_allOligo.
Updating job aggregate_allOligo.
Updating job aggregate_allOligo.
Updating job aggregate_allOligo.
Updating job aggregate_allOligo.
Updating job aggregate_allOligo.
Updating job aggregate_allOligo.
Updating job aggregate_allOligo.
Updating job aggregate_allOligo.
Updating job aggregate_allOligo.
Updating job aggregate_allOligo.
Updating job aggregate_allOligo.
Updating job aggregate_allOligo.
Updating job aggregate_allOligo.
Updating job aggregate_allOligo.
Updating job aggregate_allOligo.
Updating job aggregate_allOligo.
Updating job aggregate_allOligo.
Updating job aggregate_allOligo.
Updating job aggregate_allOligo.
Updating job aggregate_allOligo.
Updating job aggregate_allOligo.
Updating job aggregate_allOligo.
Updating job aggregate_allOligo.
Updating job aggregate_allOligo.
Updating job aggregate_allOligo.
Using shell: /bin/bash
Provided cores: 12
Rules claiming more threads will be scaled down.
Conda environments: ignored
Job counts:
	count	jobs
	1	aggregate_allOligo
	1	all
	2
Select jobs to execute...

[Fri Mar 12 15:45:17 2021]
rule aggregate_allOligo:
    input: /datater/wu/data/enterovirus/filtering/reverse7112-7616.calculated2, /datater/wu/data/enterovirus/filtering/reverse6604-7108.calculated2, /datater/wu/data/enterovirus/filtering/reverse2794-3298.calculated2, /datater/wu/data/enterovirus/filtering/reverse1778-2282.calculated2, /datater/wu/data/enterovirus/filtering/reverse4572-5076.calculated2, /datater/wu/data/enterovirus/filtering/reverse3556-4060.calculated2, /datater/wu/data/enterovirus/filtering/reverse8128-8632.calculated2, /datater/wu/data/enterovirus/filtering/reverse7620-8124.calculated2, /datater/wu/data/enterovirus/filtering/reverse8890-9394.calculated2, /datater/wu/data/enterovirus/filtering/reverse254-758.calculated2, /datater/wu/data/enterovirus/filtering/reverse5588-6092.calculated2, /datater/wu/data/enterovirus/filtering/reverse5842-6346.calculated2, /datater/wu/data/enterovirus/filtering/reverse2032-2536.calculated2, /datater/wu/data/enterovirus/filtering/reverse8382-8886.calculated2, /datater/wu/data/enterovirus/filtering/reverse7874-8378.calculated2, /datater/wu/data/enterovirus/filtering/reverse9144-9382.calculated2, /datater/wu/data/enterovirus/filtering/reverse508-1012.calculated2, /datater/wu/data/enterovirus/filtering/reverse1524-2028.calculated2, /datater/wu/data/enterovirus/filtering/reverse1270-1774.calculated2, /datater/wu/data/enterovirus/filtering/reverse6096-6600.calculated2, /datater/wu/data/enterovirus/filtering/reverse6858-7362.calculated2, /datater/wu/data/enterovirus/filtering/reverse3302-3806.calculated2, /datater/wu/data/enterovirus/filtering/reverse4826-5330.calculated2, /datater/wu/data/enterovirus/filtering/reverse5334-5838.calculated2, /datater/wu/data/enterovirus/filtering/reverse1016-1520.calculated2, /datater/wu/data/enterovirus/filtering/reverse2286-2790.calculated2, /datater/wu/data/enterovirus/filtering/reverse4318-4822.calculated2, /datater/wu/data/enterovirus/filtering/reverse5080-5584.calculated2, /datater/wu/data/enterovirus/filtering/reverse762-1266.calculated2, /datater/wu/data/enterovirus/filtering/reverse3048-3552.calculated2, /datater/wu/data/enterovirus/filtering/reverse7366-7870.calculated2, /datater/wu/data/enterovirus/filtering/reverse2540-3044.calculated2, /datater/wu/data/enterovirus/filtering/reverse3810-4314.calculated2, /datater/wu/data/enterovirus/filtering/reverse0-504.calculated2, /datater/wu/data/enterovirus/filtering/reverse6350-6854.calculated2, /datater/wu/data/enterovirus/filtering/reverse4064-4568.calculated2, /datater/wu/data/enterovirus/filtering/reverse8636-9140.calculated2
    output: /datater/wu/data/enterovirus/filtering/allOligos_reverse.calculated2
    jobid: 11
    wildcards: sample=enterovirus

Shutting down, this might take some time.
Exiting because a job execution failed. Look above for error message
Complete log: /datater/wu/stage_m2/.snakemake/log/2021-03-12T154512.919053.snakemake.log
