Building DAG of jobs...
Updating job filtering2.
Using shell: /bin/bash
Provided cores: 6
Rules claiming more threads will be scaled down.
Conda environments: ignored
Job counts:
	count	jobs
	1	all
	21	calculateKmer_sort
	1	checkHeterodimer
	11	countKmer1
	17	countKmer2
	1	evaluation2
	1	evaluation3
	25	filtering1
	1	filtering2
	1	filtering3
	1	specific1
	1	specific3
	1	specific4
	83
Select jobs to execute...

[Wed Apr 28 17:32:46 2021]
rule countKmer1:
    input: /datater/wu/data/MSSPE-basic/zika/splitFiles/reverse2761-3262.fasta
    output: /datater/wu/data/MSSPE-basic/zika/kmer15/intermediate/reverse2761-3262.jf
    jobid: 174
    wildcards: sample=zika, seg=2761-3262


[Wed Apr 28 17:32:46 2021]
rule calculateKmer_sort:
    input: /datater/wu/data/MSSPE-basic/zika/kmer15/intermediate/reverse2008-2509.Kmercount.txt
    output: /datater/wu/data/MSSPE-basic/zika/kmer15/intermediate/reverse2008-2509.Kmercount.sorted.txt
    jobid: 152
    wildcards: sample=zika, seg=2008-2509


[Wed Apr 28 17:32:46 2021]
rule countKmer1:
    input: /datater/wu/data/MSSPE-basic/zika/splitFiles/reverse1004-1505.fasta
    output: /datater/wu/data/MSSPE-basic/zika/kmer15/intermediate/reverse1004-1505.jf
    jobid: 110
    wildcards: sample=zika, seg=1004-1505


[Wed Apr 28 17:32:46 2021]
rule countKmer1:
    input: /datater/wu/data/MSSPE-basic/zika/splitFiles/reverse4267-4768.fasta
    output: /datater/wu/data/MSSPE-basic/zika/kmer15/intermediate/reverse4267-4768.jf
    jobid: 114
    wildcards: sample=zika, seg=4267-4768

[Wed Apr 28 17:32:46 2021]

Finished job 152.
[Wed Apr 28 17:32:46 2021]
1 of 83 steps (1%) done
rule countKmer1:
    input: /datater/wu/data/MSSPE-basic/zika/splitFiles/reverse4016-4517.fasta
    output: /datater/wu/data/MSSPE-basic/zika/kmer15/intermediate/reverse4016-4517.jf
    jobid: 182
    wildcards: sample=zika, seg=4016-4517


[Wed Apr 28 17:32:46 2021]
rule countKmer1:
    input: /datater/wu/data/MSSPE-basic/zika/splitFiles/reverse5522-6023.fasta
    output: /datater/wu/data/MSSPE-basic/zika/kmer15/intermediate/reverse5522-6023.jf
    jobid: 102
    wildcards: sample=zika, seg=5522-6023

Select jobs to execute...

[Wed Apr 28 17:32:46 2021]
rule countKmer1:
    input: /datater/wu/data/MSSPE-basic/zika/splitFiles/reverse3263-3764.fasta
    output: /datater/wu/data/MSSPE-basic/zika/kmer15/intermediate/reverse3263-3764.jf
    jobid: 18
    wildcards: sample=zika, seg=3263-3764

[Wed Apr 28 17:50:06 2021]
Finished job 18.
2 of 83 steps (2%) done
Select jobs to execute...

[Wed Apr 28 17:50:06 2021]
rule countKmer1:
    input: /datater/wu/data/MSSPE-basic/zika/splitFiles/reverse7028-7529.fasta
    output: /datater/wu/data/MSSPE-basic/zika/kmer15/intermediate/reverse7028-7529.jf
    jobid: 50
    wildcards: sample=zika, seg=7028-7529

[Wed Apr 28 17:50:10 2021]
Finished job 102.
3 of 83 steps (4%) done
Select jobs to execute...

[Wed Apr 28 17:50:10 2021]
rule countKmer2:
    input: /datater/wu/data/MSSPE-basic/zika/kmer15/intermediate/reverse7530-8031.jf
    output: /datater/wu/data/MSSPE-basic/zika/kmer15/intermediate/reverse7530-8031.Kmercount.txt
    jobid: 161
    wildcards: sample=zika, seg=7530-8031

[Wed Apr 28 17:50:10 2021]
Finished job 161.
4 of 83 steps (5%) done
Select jobs to execute...

[Wed Apr 28 17:50:10 2021]
rule filtering1:
    input: /datater/wu/data/MSSPE-basic/zika/kmer15/intermediate/reverse2008-2509.Kmercount.sorted.txt
    output: /datater/wu/data/MSSPE-basic/zika/kmer15/intermediate/reverse2008-2509.Kmercount.sorted.calculated.txt
    jobid: 151
    wildcards: sample=zika, seg=2008-2509

[Wed Apr 28 17:50:10 2021]
Finished job 182.
5 of 83 steps (6%) done
Select jobs to execute...

[Wed Apr 28 17:50:11 2021]
rule countKmer2:
    input: /datater/wu/data/MSSPE-basic/zika/kmer15/intermediate/reverse4016-4517.jf
    output: /datater/wu/data/MSSPE-basic/zika/kmer15/intermediate/reverse4016-4517.Kmercount.txt
    jobid: 181
    wildcards: sample=zika, seg=4016-4517

[Wed Apr 28 17:50:11 2021]
Finished job 181.
6 of 83 steps (7%) done
Select jobs to execute...

[Wed Apr 28 17:50:11 2021]
rule calculateKmer_sort:
    input: /datater/wu/data/MSSPE-basic/zika/kmer15/intermediate/reverse4016-4517.Kmercount.txt
    output: /datater/wu/data/MSSPE-basic/zika/kmer15/intermediate/reverse4016-4517.Kmercount.sorted.txt
    jobid: 180
    wildcards: sample=zika, seg=4016-4517

[Wed Apr 28 17:50:11 2021]
Finished job 180.
7 of 83 steps (8%) done
Select jobs to execute...

[Wed Apr 28 17:50:11 2021]
rule filtering1:
    input: /datater/wu/data/MSSPE-basic/zika/kmer15/intermediate/reverse4016-4517.Kmercount.sorted.txt
    output: /datater/wu/data/MSSPE-basic/zika/kmer15/intermediate/reverse4016-4517.Kmercount.sorted.calculated.txt
    jobid: 179
    wildcards: sample=zika, seg=4016-4517

[Wed Apr 28 17:50:11 2021]
Finished job 151.
8 of 83 steps (10%) done
Select jobs to execute...

[Wed Apr 28 17:50:11 2021]
rule countKmer1:
    input: /datater/wu/data/MSSPE-basic/zika/splitFiles/reverse3765-4266.fasta
    output: /datater/wu/data/MSSPE-basic/zika/kmer15/intermediate/reverse3765-4266.jf
    jobid: 122
    wildcards: sample=zika, seg=3765-4266

[Wed Apr 28 17:50:12 2021]
Finished job 179.
9 of 83 steps (11%) done
Select jobs to execute...

[Wed Apr 28 17:50:12 2021]
rule countKmer2:
    input: /datater/wu/data/MSSPE-basic/zika/kmer15/intermediate/reverse5020-5521.jf
    output: /datater/wu/data/MSSPE-basic/zika/kmer15/intermediate/reverse5020-5521.Kmercount.txt
    jobid: 137
    wildcards: sample=zika, seg=5020-5521

[Wed Apr 28 17:50:12 2021]
Finished job 137.
10 of 83 steps (12%) done
Select jobs to execute...

[Wed Apr 28 17:50:12 2021]
rule countKmer2:
    input: /datater/wu/data/MSSPE-basic/zika/kmer15/intermediate/reverse5522-6023.jf
    output: /datater/wu/data/MSSPE-basic/zika/kmer15/intermediate/reverse5522-6023.Kmercount.txt
    jobid: 101
    wildcards: sample=zika, seg=5522-6023

[Wed Apr 28 17:50:12 2021]
Finished job 101.
11 of 83 steps (13%) done
Select jobs to execute...

[Wed Apr 28 17:50:12 2021]
rule countKmer1:
    input: /datater/wu/data/MSSPE-basic/zika/splitFiles/reverse8785-9286.fasta
    output: /datater/wu/data/MSSPE-basic/zika/kmer15/intermediate/reverse8785-9286.jf
    jobid: 54
    wildcards: sample=zika, seg=8785-9286

[Wed Apr 28 17:53:24 2021]
Finished job 174.
12 of 83 steps (14%) done
Select jobs to execute...

[Wed Apr 28 17:53:24 2021]
rule countKmer2:
    input: /datater/wu/data/MSSPE-basic/zika/kmer15/intermediate/reverse502-1003.jf
    output: /datater/wu/data/MSSPE-basic/zika/kmer15/intermediate/reverse502-1003.Kmercount.txt
    jobid: 77
    wildcards: sample=zika, seg=502-1003

[Wed Apr 28 17:53:24 2021]
Finished job 77.
13 of 83 steps (16%) done
Select jobs to execute...

[Wed Apr 28 17:53:24 2021]
rule countKmer2:
    input: /datater/wu/data/MSSPE-basic/zika/kmer15/intermediate/reverse6275-6776.jf
    output: /datater/wu/data/MSSPE-basic/zika/kmer15/intermediate/reverse6275-6776.Kmercount.txt
    jobid: 145
    wildcards: sample=zika, seg=6275-6776

[Wed Apr 28 17:53:24 2021]
Finished job 145.
14 of 83 steps (17%) done
Select jobs to execute...

[Wed Apr 28 17:53:24 2021]
rule calculateKmer_sort:
    input: /datater/wu/data/MSSPE-basic/zika/kmer15/intermediate/reverse6275-6776.Kmercount.txt
    output: /datater/wu/data/MSSPE-basic/zika/kmer15/intermediate/reverse6275-6776.Kmercount.sorted.txt
    jobid: 144
    wildcards: sample=zika, seg=6275-6776

[Wed Apr 28 17:53:24 2021]
Finished job 144.
15 of 83 steps (18%) done
Select jobs to execute...

[Wed Apr 28 17:53:25 2021]
rule calculateKmer_sort:
    input: /datater/wu/data/MSSPE-basic/zika/kmer15/intermediate/reverse2259-2760.Kmercount.txt
    output: /datater/wu/data/MSSPE-basic/zika/kmer15/intermediate/reverse2259-2760.Kmercount.sorted.txt
    jobid: 32
    wildcards: sample=zika, seg=2259-2760

[Wed Apr 28 17:53:25 2021]
Finished job 32.
16 of 83 steps (19%) done
Select jobs to execute...

[Wed Apr 28 17:53:25 2021]
rule filtering1:
    input: /datater/wu/data/MSSPE-basic/zika/kmer15/intermediate/reverse4518-5019.Kmercount.sorted.txt
    output: /datater/wu/data/MSSPE-basic/zika/kmer15/intermediate/reverse4518-5019.Kmercount.sorted.calculated.txt
    jobid: 167
    wildcards: sample=zika, seg=4518-5019

[Wed Apr 28 17:53:26 2021]
Finished job 167.
17 of 83 steps (20%) done
Select jobs to execute...

[Wed Apr 28 17:53:26 2021]
rule calculateKmer_sort:
    input: /datater/wu/data/MSSPE-basic/zika/kmer15/intermediate/reverse9036-9537.Kmercount.txt
    output: /datater/wu/data/MSSPE-basic/zika/kmer15/intermediate/reverse9036-9537.Kmercount.sorted.txt
    jobid: 92
    wildcards: sample=zika, seg=9036-9537

[Wed Apr 28 17:53:26 2021]
Finished job 92.
18 of 83 steps (22%) done
Select jobs to execute...

[Wed Apr 28 17:53:26 2021]
rule countKmer2:
    input: /datater/wu/data/MSSPE-basic/zika/kmer15/intermediate/reverse3263-3764.jf
    output: /datater/wu/data/MSSPE-basic/zika/kmer15/intermediate/reverse3263-3764.Kmercount.txt
    jobid: 17
    wildcards: sample=zika, seg=3263-3764

[Wed Apr 28 17:53:26 2021]
Finished job 17.
19 of 83 steps (23%) done
Select jobs to execute...

[Wed Apr 28 17:53:26 2021]
rule filtering1:
    input: /datater/wu/data/MSSPE-basic/zika/kmer15/intermediate/reverse0-501.Kmercount.sorted.txt
    output: /datater/wu/data/MSSPE-basic/zika/kmer15/intermediate/reverse0-501.Kmercount.sorted.calculated.txt
    jobid: 115
    wildcards: sample=zika, seg=0-501

[Wed Apr 28 17:53:26 2021]
Finished job 114.
20 of 83 steps (24%) done
Select jobs to execute...

[Wed Apr 28 17:53:26 2021]
rule countKmer1:
    input: /datater/wu/data/MSSPE-basic/zika/splitFiles/reverse8032-8533.fasta
    output: /datater/wu/data/MSSPE-basic/zika/kmer15/intermediate/reverse8032-8533.jf
    jobid: 70
    wildcards: sample=zika, seg=8032-8533

[Wed Apr 28 17:53:27 2021]
Finished job 115.
21 of 83 steps (25%) done
Select jobs to execute...

[Wed Apr 28 17:53:27 2021]
rule countKmer1:
    input: /datater/wu/data/MSSPE-basic/zika/splitFiles/reverse9287-9788.fasta
    output: /datater/wu/data/MSSPE-basic/zika/kmer15/intermediate/reverse9287-9788.jf
    jobid: 130
    wildcards: sample=zika, seg=9287-9788

[Wed Apr 28 17:53:27 2021]
Finished job 110.
22 of 83 steps (27%) done
Select jobs to execute...

[Wed Apr 28 17:53:27 2021]
rule countKmer2:
    input: /datater/wu/data/MSSPE-basic/zika/kmer15/intermediate/reverse1506-2007.jf
    output: /datater/wu/data/MSSPE-basic/zika/kmer15/intermediate/reverse1506-2007.Kmercount.txt
    jobid: 25
    wildcards: sample=zika, seg=1506-2007

[Wed Apr 28 17:53:27 2021]
Finished job 25.
23 of 83 steps (28%) done
Select jobs to execute...

[Wed Apr 28 17:53:27 2021]
rule calculateKmer_sort:
    input: /datater/wu/data/MSSPE-basic/zika/kmer15/intermediate/reverse1506-2007.Kmercount.txt
    output: /datater/wu/data/MSSPE-basic/zika/kmer15/intermediate/reverse1506-2007.Kmercount.sorted.txt
    jobid: 24
    wildcards: sample=zika, seg=1506-2007

[Wed Apr 28 17:53:27 2021]
Finished job 24.
24 of 83 steps (29%) done
Select jobs to execute...

[Wed Apr 28 17:53:27 2021]
rule calculateKmer_sort:
    input: /datater/wu/data/MSSPE-basic/zika/kmer15/intermediate/reverse3263-3764.Kmercount.txt
    output: /datater/wu/data/MSSPE-basic/zika/kmer15/intermediate/reverse3263-3764.Kmercount.sorted.txt
    jobid: 16
    wildcards: sample=zika, seg=3263-3764

[Wed Apr 28 17:53:27 2021]
Finished job 16.
25 of 83 steps (30%) done
Select jobs to execute...

[Wed Apr 28 17:53:27 2021]
rule filtering1:
    input: /datater/wu/data/MSSPE-basic/zika/kmer15/intermediate/reverse3263-3764.Kmercount.sorted.txt
    output: /datater/wu/data/MSSPE-basic/zika/kmer15/intermediate/reverse3263-3764.Kmercount.sorted.calculated.txt
    jobid: 15
    wildcards: sample=zika, seg=3263-3764

[Wed Apr 28 17:53:29 2021]
Finished job 15.
26 of 83 steps (31%) done
Select jobs to execute...

[Wed Apr 28 17:53:29 2021]
rule filtering1:
    input: /datater/wu/data/MSSPE-basic/zika/kmer15/intermediate/reverse1506-2007.Kmercount.sorted.txt
    output: /datater/wu/data/MSSPE-basic/zika/kmer15/intermediate/reverse1506-2007.Kmercount.sorted.calculated.txt
    jobid: 23
    wildcards: sample=zika, seg=1506-2007

[Wed Apr 28 17:53:30 2021]
Finished job 23.
27 of 83 steps (33%) done
Select jobs to execute...

[Wed Apr 28 17:53:30 2021]
rule filtering1:
    input: /datater/wu/data/MSSPE-basic/zika/kmer15/intermediate/reverse6275-6776.Kmercount.sorted.txt
    output: /datater/wu/data/MSSPE-basic/zika/kmer15/intermediate/reverse6275-6776.Kmercount.sorted.calculated.txt
    jobid: 143
    wildcards: sample=zika, seg=6275-6776

[Wed Apr 28 17:53:31 2021]
Finished job 143.
28 of 83 steps (34%) done
Select jobs to execute...

[Wed Apr 28 17:53:31 2021]
rule filtering1:
    input: /datater/wu/data/MSSPE-basic/zika/kmer15/intermediate/reverse9036-9537.Kmercount.sorted.txt
    output: /datater/wu/data/MSSPE-basic/zika/kmer15/intermediate/reverse9036-9537.Kmercount.sorted.calculated.txt
    jobid: 91
    wildcards: sample=zika, seg=9036-9537

[Wed Apr 28 17:53:32 2021]
Finished job 91.
29 of 83 steps (35%) done
Select jobs to execute...

[Wed Apr 28 17:53:32 2021]
rule filtering1:
    input: /datater/wu/data/MSSPE-basic/zika/kmer15/intermediate/reverse7279-7780.Kmercount.sorted.txt
    output: /datater/wu/data/MSSPE-basic/zika/kmer15/intermediate/reverse7279-7780.Kmercount.sorted.calculated.txt
    jobid: 175
    wildcards: sample=zika, seg=7279-7780

[Wed Apr 28 17:53:33 2021]
Finished job 175.
30 of 83 steps (36%) done
Select jobs to execute...

[Wed Apr 28 17:53:34 2021]
rule filtering1:
    input: /datater/wu/data/MSSPE-basic/zika/kmer15/intermediate/reverse5271-5772.Kmercount.sorted.txt
    output: /datater/wu/data/MSSPE-basic/zika/kmer15/intermediate/reverse5271-5772.Kmercount.sorted.calculated.txt
    jobid: 55
    wildcards: sample=zika, seg=5271-5772

[Wed Apr 28 17:53:35 2021]
Finished job 55.
31 of 83 steps (37%) done
Select jobs to execute...

[Wed Apr 28 17:53:35 2021]
rule calculateKmer_sort:
    input: /datater/wu/data/MSSPE-basic/zika/kmer15/intermediate/reverse7530-8031.Kmercount.txt
    output: /datater/wu/data/MSSPE-basic/zika/kmer15/intermediate/reverse7530-8031.Kmercount.sorted.txt
    jobid: 160
    wildcards: sample=zika, seg=7530-8031

[Wed Apr 28 17:53:35 2021]
Finished job 160.
32 of 83 steps (39%) done
Select jobs to execute...

[Wed Apr 28 17:53:35 2021]
rule countKmer2:
    input: /datater/wu/data/MSSPE-basic/zika/kmer15/intermediate/reverse8534-9035.jf
    output: /datater/wu/data/MSSPE-basic/zika/kmer15/intermediate/reverse8534-9035.Kmercount.txt
    jobid: 85
    wildcards: sample=zika, seg=8534-9035

[Wed Apr 28 17:53:35 2021]
Finished job 85.
33 of 83 steps (40%) done
Select jobs to execute...

[Wed Apr 28 17:53:35 2021]
rule calculateKmer_sort:
    input: /datater/wu/data/MSSPE-basic/zika/kmer15/intermediate/reverse1255-1756.Kmercount.txt
    output: /datater/wu/data/MSSPE-basic/zika/kmer15/intermediate/reverse1255-1756.Kmercount.sorted.txt
    jobid: 40
    wildcards: sample=zika, seg=1255-1756

[Wed Apr 28 17:53:35 2021]
Finished job 40.
34 of 83 steps (41%) done
Select jobs to execute...

[Wed Apr 28 17:53:35 2021]
rule calculateKmer_sort:
    input: /datater/wu/data/MSSPE-basic/zika/kmer15/intermediate/reverse5522-6023.Kmercount.txt
    output: /datater/wu/data/MSSPE-basic/zika/kmer15/intermediate/reverse5522-6023.Kmercount.sorted.txt
    jobid: 100
    wildcards: sample=zika, seg=5522-6023

[Wed Apr 28 17:53:35 2021]
Finished job 100.
35 of 83 steps (42%) done
Select jobs to execute...

[Wed Apr 28 17:53:35 2021]
rule filtering1:
    input: /datater/wu/data/MSSPE-basic/zika/kmer15/intermediate/reverse2259-2760.Kmercount.sorted.txt
    output: /datater/wu/data/MSSPE-basic/zika/kmer15/intermediate/reverse2259-2760.Kmercount.sorted.calculated.txt
    jobid: 31
    wildcards: sample=zika, seg=2259-2760

[Wed Apr 28 17:53:36 2021]
Finished job 31.
36 of 83 steps (43%) done
Select jobs to execute...

[Wed Apr 28 17:53:36 2021]
rule countKmer2:
    input: /datater/wu/data/MSSPE-basic/zika/kmer15/intermediate/reverse4267-4768.jf
    output: /datater/wu/data/MSSPE-basic/zika/kmer15/intermediate/reverse4267-4768.Kmercount.txt
    jobid: 113
    wildcards: sample=zika, seg=4267-4768

[Wed Apr 28 17:53:36 2021]
Finished job 113.
37 of 83 steps (45%) done
Select jobs to execute...

[Wed Apr 28 17:53:36 2021]
rule countKmer2:
    input: /datater/wu/data/MSSPE-basic/zika/kmer15/intermediate/reverse2761-3262.jf
    output: /datater/wu/data/MSSPE-basic/zika/kmer15/intermediate/reverse2761-3262.Kmercount.txt
    jobid: 173
    wildcards: sample=zika, seg=2761-3262

[Wed Apr 28 17:53:36 2021]
Finished job 173.
38 of 83 steps (46%) done
Select jobs to execute...

[Wed Apr 28 17:53:36 2021]
rule countKmer2:
    input: /datater/wu/data/MSSPE-basic/zika/kmer15/intermediate/reverse1004-1505.jf
    output: /datater/wu/data/MSSPE-basic/zika/kmer15/intermediate/reverse1004-1505.Kmercount.txt
    jobid: 109
    wildcards: sample=zika, seg=1004-1505

[Wed Apr 28 17:53:36 2021]
Finished job 109.
39 of 83 steps (47%) done
Select jobs to execute...

[Wed Apr 28 17:53:36 2021]
rule calculateKmer_sort:
    input: /datater/wu/data/MSSPE-basic/zika/kmer15/intermediate/reverse5020-5521.Kmercount.txt
    output: /datater/wu/data/MSSPE-basic/zika/kmer15/intermediate/reverse5020-5521.Kmercount.sorted.txt
    jobid: 136
    wildcards: sample=zika, seg=5020-5521

[Wed Apr 28 17:53:36 2021]
Finished job 136.
40 of 83 steps (48%) done
Select jobs to execute...

[Wed Apr 28 17:53:36 2021]
rule calculateKmer_sort:
    input: /datater/wu/data/MSSPE-basic/zika/kmer15/intermediate/reverse502-1003.Kmercount.txt
    output: /datater/wu/data/MSSPE-basic/zika/kmer15/intermediate/reverse502-1003.Kmercount.sorted.txt
    jobid: 76
    wildcards: sample=zika, seg=502-1003

[Wed Apr 28 17:53:36 2021]
Finished job 76.
41 of 83 steps (49%) done
Select jobs to execute...

[Wed Apr 28 17:53:36 2021]
rule filtering1:
    input: /datater/wu/data/MSSPE-basic/zika/kmer15/intermediate/reverse5522-6023.Kmercount.sorted.txt
    output: /datater/wu/data/MSSPE-basic/zika/kmer15/intermediate/reverse5522-6023.Kmercount.sorted.calculated.txt
    jobid: 99
    wildcards: sample=zika, seg=5522-6023

[Wed Apr 28 17:53:37 2021]
Finished job 99.
42 of 83 steps (51%) done
Select jobs to execute...

[Wed Apr 28 17:53:37 2021]
rule filtering1:
    input: /datater/wu/data/MSSPE-basic/zika/kmer15/intermediate/reverse1255-1756.Kmercount.sorted.txt
    output: /datater/wu/data/MSSPE-basic/zika/kmer15/intermediate/reverse1255-1756.Kmercount.sorted.calculated.txt
    jobid: 39
    wildcards: sample=zika, seg=1255-1756

[Wed Apr 28 17:53:38 2021]
Finished job 39.
43 of 83 steps (52%) done
Select jobs to execute...

[Wed Apr 28 17:53:38 2021]
rule calculateKmer_sort:
    input: /datater/wu/data/MSSPE-basic/zika/kmer15/intermediate/reverse8534-9035.Kmercount.txt
    output: /datater/wu/data/MSSPE-basic/zika/kmer15/intermediate/reverse8534-9035.Kmercount.sorted.txt
    jobid: 84
    wildcards: sample=zika, seg=8534-9035

[Wed Apr 28 17:53:38 2021]
Finished job 84.
44 of 83 steps (53%) done
Select jobs to execute...

[Wed Apr 28 17:53:38 2021]
rule filtering1:
    input: /datater/wu/data/MSSPE-basic/zika/kmer15/intermediate/reverse8534-9035.Kmercount.sorted.txt
    output: /datater/wu/data/MSSPE-basic/zika/kmer15/intermediate/reverse8534-9035.Kmercount.sorted.calculated.txt
    jobid: 83
    wildcards: sample=zika, seg=8534-9035

[Wed Apr 28 17:53:40 2021]
Finished job 83.
45 of 83 steps (54%) done
Select jobs to execute...

[Wed Apr 28 17:53:40 2021]
rule filtering1:
    input: /datater/wu/data/MSSPE-basic/zika/kmer15/intermediate/reverse7530-8031.Kmercount.sorted.txt
    output: /datater/wu/data/MSSPE-basic/zika/kmer15/intermediate/reverse7530-8031.Kmercount.sorted.calculated.txt
    jobid: 159
    wildcards: sample=zika, seg=7530-8031

[Wed Apr 28 17:53:41 2021]
Finished job 159.
46 of 83 steps (55%) done
Select jobs to execute...

[Wed Apr 28 17:53:41 2021]
rule calculateKmer_sort:
    input: /datater/wu/data/MSSPE-basic/zika/kmer15/intermediate/reverse2761-3262.Kmercount.txt
    output: /datater/wu/data/MSSPE-basic/zika/kmer15/intermediate/reverse2761-3262.Kmercount.sorted.txt
    jobid: 172
    wildcards: sample=zika, seg=2761-3262

[Wed Apr 28 17:53:41 2021]
Finished job 172.
47 of 83 steps (57%) done
Select jobs to execute...

[Wed Apr 28 17:53:41 2021]
rule filtering1:
    input: /datater/wu/data/MSSPE-basic/zika/kmer15/intermediate/reverse2761-3262.Kmercount.sorted.txt
    output: /datater/wu/data/MSSPE-basic/zika/kmer15/intermediate/reverse2761-3262.Kmercount.sorted.calculated.txt
    jobid: 171
    wildcards: sample=zika, seg=2761-3262

[Wed Apr 28 17:53:42 2021]
Finished job 171.
48 of 83 steps (58%) done
Select jobs to execute...

[Wed Apr 28 17:53:42 2021]
rule calculateKmer_sort:
    input: /datater/wu/data/MSSPE-basic/zika/kmer15/intermediate/reverse1004-1505.Kmercount.txt
    output: /datater/wu/data/MSSPE-basic/zika/kmer15/intermediate/reverse1004-1505.Kmercount.sorted.txt
    jobid: 108
    wildcards: sample=zika, seg=1004-1505

[Wed Apr 28 17:53:42 2021]
Finished job 108.
49 of 83 steps (59%) done
Select jobs to execute...

[Wed Apr 28 17:53:42 2021]
rule calculateKmer_sort:
    input: /datater/wu/data/MSSPE-basic/zika/kmer15/intermediate/reverse4267-4768.Kmercount.txt
    output: /datater/wu/data/MSSPE-basic/zika/kmer15/intermediate/reverse4267-4768.Kmercount.sorted.txt
    jobid: 112
    wildcards: sample=zika, seg=4267-4768

[Wed Apr 28 17:53:42 2021]
Finished job 112.
50 of 83 steps (60%) done
Select jobs to execute...

[Wed Apr 28 17:53:42 2021]
rule filtering1:
    input: /datater/wu/data/MSSPE-basic/zika/kmer15/intermediate/reverse4267-4768.Kmercount.sorted.txt
    output: /datater/wu/data/MSSPE-basic/zika/kmer15/intermediate/reverse4267-4768.Kmercount.sorted.calculated.txt
    jobid: 111
    wildcards: sample=zika, seg=4267-4768

[Wed Apr 28 17:53:43 2021]
Finished job 111.
51 of 83 steps (61%) done
Select jobs to execute...

[Wed Apr 28 17:53:43 2021]
rule filtering1:
    input: /datater/wu/data/MSSPE-basic/zika/kmer15/intermediate/reverse5020-5521.Kmercount.sorted.txt
    output: /datater/wu/data/MSSPE-basic/zika/kmer15/intermediate/reverse5020-5521.Kmercount.sorted.calculated.txt
    jobid: 135
    wildcards: sample=zika, seg=5020-5521

[Wed Apr 28 17:53:44 2021]
Finished job 135.
52 of 83 steps (63%) done
Select jobs to execute...

[Wed Apr 28 17:53:44 2021]
rule filtering1:
    input: /datater/wu/data/MSSPE-basic/zika/kmer15/intermediate/reverse1004-1505.Kmercount.sorted.txt
    output: /datater/wu/data/MSSPE-basic/zika/kmer15/intermediate/reverse1004-1505.Kmercount.sorted.calculated.txt
    jobid: 107
    wildcards: sample=zika, seg=1004-1505

[Wed Apr 28 17:53:45 2021]
Finished job 107.
53 of 83 steps (64%) done
Select jobs to execute...

[Wed Apr 28 17:53:45 2021]
rule filtering1:
    input: /datater/wu/data/MSSPE-basic/zika/kmer15/intermediate/reverse502-1003.Kmercount.sorted.txt
    output: /datater/wu/data/MSSPE-basic/zika/kmer15/intermediate/reverse502-1003.Kmercount.sorted.calculated.txt
    jobid: 75
    wildcards: sample=zika, seg=502-1003

[Wed Apr 28 17:53:46 2021]
Finished job 75.
54 of 83 steps (65%) done
[Wed Apr 28 18:08:07 2021]
Finished job 54.
55 of 83 steps (66%) done
Select jobs to execute...

[Wed Apr 28 18:08:07 2021]
rule countKmer2:
    input: /datater/wu/data/MSSPE-basic/zika/kmer15/intermediate/reverse8785-9286.jf
    output: /datater/wu/data/MSSPE-basic/zika/kmer15/intermediate/reverse8785-9286.Kmercount.txt
    jobid: 53
    wildcards: sample=zika, seg=8785-9286

[Wed Apr 28 18:08:07 2021]
Finished job 53.
56 of 83 steps (67%) done
Select jobs to execute...

[Wed Apr 28 18:08:07 2021]
rule calculateKmer_sort:
    input: /datater/wu/data/MSSPE-basic/zika/kmer15/intermediate/reverse8785-9286.Kmercount.txt
    output: /datater/wu/data/MSSPE-basic/zika/kmer15/intermediate/reverse8785-9286.Kmercount.sorted.txt
    jobid: 52
    wildcards: sample=zika, seg=8785-9286

[Wed Apr 28 18:08:07 2021]
Finished job 52.
57 of 83 steps (69%) done
Select jobs to execute...

[Wed Apr 28 18:08:07 2021]
rule filtering1:
    input: /datater/wu/data/MSSPE-basic/zika/kmer15/intermediate/reverse8785-9286.Kmercount.sorted.txt
    output: /datater/wu/data/MSSPE-basic/zika/kmer15/intermediate/reverse8785-9286.Kmercount.sorted.calculated.txt
    jobid: 51
    wildcards: sample=zika, seg=8785-9286

[Wed Apr 28 18:08:08 2021]
Finished job 51.
58 of 83 steps (70%) done
[Wed Apr 28 18:08:11 2021]
Finished job 122.
59 of 83 steps (71%) done
Select jobs to execute...

[Wed Apr 28 18:08:11 2021]
rule countKmer2:
    input: /datater/wu/data/MSSPE-basic/zika/kmer15/intermediate/reverse3765-4266.jf
    output: /datater/wu/data/MSSPE-basic/zika/kmer15/intermediate/reverse3765-4266.Kmercount.txt
    jobid: 121
    wildcards: sample=zika, seg=3765-4266

[Wed Apr 28 18:08:11 2021]
Finished job 121.
60 of 83 steps (72%) done
Select jobs to execute...

[Wed Apr 28 18:08:11 2021]
rule calculateKmer_sort:
    input: /datater/wu/data/MSSPE-basic/zika/kmer15/intermediate/reverse3765-4266.Kmercount.txt
    output: /datater/wu/data/MSSPE-basic/zika/kmer15/intermediate/reverse3765-4266.Kmercount.sorted.txt
    jobid: 120
    wildcards: sample=zika, seg=3765-4266

[Wed Apr 28 18:08:11 2021]
Finished job 120.
61 of 83 steps (73%) done
Select jobs to execute...

[Wed Apr 28 18:08:11 2021]
rule filtering1:
    input: /datater/wu/data/MSSPE-basic/zika/kmer15/intermediate/reverse3765-4266.Kmercount.sorted.txt
    output: /datater/wu/data/MSSPE-basic/zika/kmer15/intermediate/reverse3765-4266.Kmercount.sorted.calculated.txt
    jobid: 119
    wildcards: sample=zika, seg=3765-4266

[Wed Apr 28 18:08:12 2021]
Finished job 119.
62 of 83 steps (75%) done
[Wed Apr 28 18:08:14 2021]
Finished job 50.
63 of 83 steps (76%) done
Select jobs to execute...

[Wed Apr 28 18:08:14 2021]
rule countKmer2:
    input: /datater/wu/data/MSSPE-basic/zika/kmer15/intermediate/reverse7028-7529.jf
    output: /datater/wu/data/MSSPE-basic/zika/kmer15/intermediate/reverse7028-7529.Kmercount.txt
    jobid: 49
    wildcards: sample=zika, seg=7028-7529

[Wed Apr 28 18:08:14 2021]
Finished job 49.
64 of 83 steps (77%) done
Select jobs to execute...

[Wed Apr 28 18:08:14 2021]
rule calculateKmer_sort:
    input: /datater/wu/data/MSSPE-basic/zika/kmer15/intermediate/reverse7028-7529.Kmercount.txt
    output: /datater/wu/data/MSSPE-basic/zika/kmer15/intermediate/reverse7028-7529.Kmercount.sorted.txt
    jobid: 48
    wildcards: sample=zika, seg=7028-7529

[Wed Apr 28 18:08:14 2021]
Finished job 48.
65 of 83 steps (78%) done
Select jobs to execute...

[Wed Apr 28 18:08:14 2021]
rule filtering1:
    input: /datater/wu/data/MSSPE-basic/zika/kmer15/intermediate/reverse7028-7529.Kmercount.sorted.txt
    output: /datater/wu/data/MSSPE-basic/zika/kmer15/intermediate/reverse7028-7529.Kmercount.sorted.calculated.txt
    jobid: 47
    wildcards: sample=zika, seg=7028-7529

[Wed Apr 28 18:08:15 2021]
Finished job 47.
66 of 83 steps (80%) done
[Wed Apr 28 18:08:44 2021]
Finished job 130.
67 of 83 steps (81%) done
Select jobs to execute...

[Wed Apr 28 18:08:44 2021]
rule countKmer2:
    input: /datater/wu/data/MSSPE-basic/zika/kmer15/intermediate/reverse9287-9788.jf
    output: /datater/wu/data/MSSPE-basic/zika/kmer15/intermediate/reverse9287-9788.Kmercount.txt
    jobid: 129
    wildcards: sample=zika, seg=9287-9788

[Wed Apr 28 18:08:44 2021]
Finished job 129.
68 of 83 steps (82%) done
Select jobs to execute...

[Wed Apr 28 18:08:44 2021]
rule calculateKmer_sort:
    input: /datater/wu/data/MSSPE-basic/zika/kmer15/intermediate/reverse9287-9788.Kmercount.txt
    output: /datater/wu/data/MSSPE-basic/zika/kmer15/intermediate/reverse9287-9788.Kmercount.sorted.txt
    jobid: 128
    wildcards: sample=zika, seg=9287-9788

[Wed Apr 28 18:08:44 2021]
Finished job 128.
69 of 83 steps (83%) done
Select jobs to execute...

[Wed Apr 28 18:08:44 2021]
rule filtering1:
    input: /datater/wu/data/MSSPE-basic/zika/kmer15/intermediate/reverse9287-9788.Kmercount.sorted.txt
    output: /datater/wu/data/MSSPE-basic/zika/kmer15/intermediate/reverse9287-9788.Kmercount.sorted.calculated.txt
    jobid: 127
    wildcards: sample=zika, seg=9287-9788

[Wed Apr 28 18:08:45 2021]
Finished job 127.
70 of 83 steps (84%) done
[Wed Apr 28 18:08:46 2021]
Finished job 70.
71 of 83 steps (86%) done
Select jobs to execute...

[Wed Apr 28 18:08:46 2021]
rule countKmer2:
    input: /datater/wu/data/MSSPE-basic/zika/kmer15/intermediate/reverse8032-8533.jf
    output: /datater/wu/data/MSSPE-basic/zika/kmer15/intermediate/reverse8032-8533.Kmercount.txt
    jobid: 69
    wildcards: sample=zika, seg=8032-8533

[Wed Apr 28 18:08:46 2021]
Finished job 69.
72 of 83 steps (87%) done
Select jobs to execute...

[Wed Apr 28 18:08:46 2021]
rule calculateKmer_sort:
    input: /datater/wu/data/MSSPE-basic/zika/kmer15/intermediate/reverse8032-8533.Kmercount.txt
    output: /datater/wu/data/MSSPE-basic/zika/kmer15/intermediate/reverse8032-8533.Kmercount.sorted.txt
    jobid: 68
    wildcards: sample=zika, seg=8032-8533

[Wed Apr 28 18:08:46 2021]
Finished job 68.
73 of 83 steps (88%) done
Select jobs to execute...

[Wed Apr 28 18:08:46 2021]
rule filtering1:
    input: /datater/wu/data/MSSPE-basic/zika/kmer15/intermediate/reverse8032-8533.Kmercount.sorted.txt
    output: /datater/wu/data/MSSPE-basic/zika/kmer15/intermediate/reverse8032-8533.Kmercount.sorted.calculated.txt
    jobid: 67
    wildcards: sample=zika, seg=8032-8533

[Wed Apr 28 18:08:47 2021]
Finished job 67.
74 of 83 steps (89%) done
Select jobs to execute...

[Wed Apr 28 18:08:47 2021]
rule filtering2:
    input: /datater/wu/data/MSSPE-basic/zika/kmer15/intermediate/reverse3263-3764.Kmercount.sorted.calculated.txt, /datater/wu/data/MSSPE-basic/zika/kmer15/intermediate/reverse10542-10780.Kmercount.sorted.calculated.txt, /datater/wu/data/MSSPE-basic/zika/kmer15/intermediate/reverse1506-2007.Kmercount.sorted.calculated.txt, /datater/wu/data/MSSPE-basic/zika/kmer15/intermediate/reverse10040-10541.Kmercount.sorted.calculated.txt, /datater/wu/data/MSSPE-basic/zika/kmer15/intermediate/reverse2259-2760.Kmercount.sorted.calculated.txt, /datater/wu/data/MSSPE-basic/zika/kmer15/intermediate/reverse3514-4015.Kmercount.sorted.calculated.txt, /datater/wu/data/MSSPE-basic/zika/kmer15/intermediate/reverse1255-1756.Kmercount.sorted.calculated.txt, /datater/wu/data/MSSPE-basic/zika/kmer15/intermediate/reverse3012-3513.Kmercount.sorted.calculated.txt, /datater/wu/data/MSSPE-basic/zika/kmer15/intermediate/reverse7028-7529.Kmercount.sorted.calculated.txt, /datater/wu/data/MSSPE-basic/zika/kmer15/intermediate/reverse8785-9286.Kmercount.sorted.calculated.txt, /datater/wu/data/MSSPE-basic/zika/kmer15/intermediate/reverse5271-5772.Kmercount.sorted.calculated.txt, /datater/wu/data/MSSPE-basic/zika/kmer15/intermediate/reverse4769-5270.Kmercount.sorted.calculated.txt, /datater/wu/data/MSSPE-basic/zika/kmer15/intermediate/reverse10291-10780.Kmercount.sorted.calculated.txt, /datater/wu/data/MSSPE-basic/zika/kmer15/intermediate/reverse8032-8533.Kmercount.sorted.calculated.txt, /datater/wu/data/MSSPE-basic/zika/kmer15/intermediate/reverse9789-10290.Kmercount.sorted.calculated.txt, /datater/wu/data/MSSPE-basic/zika/kmer15/intermediate/reverse502-1003.Kmercount.sorted.calculated.txt, /datater/wu/data/MSSPE-basic/zika/kmer15/intermediate/reverse9538-10039.Kmercount.sorted.calculated.txt, /datater/wu/data/MSSPE-basic/zika/kmer15/intermediate/reverse8534-9035.Kmercount.sorted.calculated.txt, /datater/wu/data/MSSPE-basic/zika/kmer15/intermediate/reverse1757-2258.Kmercount.sorted.calculated.txt, /datater/wu/data/MSSPE-basic/zika/kmer15/intermediate/reverse9036-9537.Kmercount.sorted.calculated.txt, /datater/wu/data/MSSPE-basic/zika/kmer15/intermediate/reverse6526-7027.Kmercount.sorted.calculated.txt, /datater/wu/data/MSSPE-basic/zika/kmer15/intermediate/reverse5522-6023.Kmercount.sorted.calculated.txt, /datater/wu/data/MSSPE-basic/zika/kmer15/intermediate/reverse5773-6274.Kmercount.sorted.calculated.txt, /datater/wu/data/MSSPE-basic/zika/kmer15/intermediate/reverse1004-1505.Kmercount.sorted.calculated.txt, /datater/wu/data/MSSPE-basic/zika/kmer15/intermediate/reverse4267-4768.Kmercount.sorted.calculated.txt, /datater/wu/data/MSSPE-basic/zika/kmer15/intermediate/reverse0-501.Kmercount.sorted.calculated.txt, /datater/wu/data/MSSPE-basic/zika/kmer15/intermediate/reverse3765-4266.Kmercount.sorted.calculated.txt, /datater/wu/data/MSSPE-basic/zika/kmer15/intermediate/reverse8283-8784.Kmercount.sorted.calculated.txt, /datater/wu/data/MSSPE-basic/zika/kmer15/intermediate/reverse9287-9788.Kmercount.sorted.calculated.txt, /datater/wu/data/MSSPE-basic/zika/kmer15/intermediate/reverse6777-7278.Kmercount.sorted.calculated.txt, /datater/wu/data/MSSPE-basic/zika/kmer15/intermediate/reverse5020-5521.Kmercount.sorted.calculated.txt, /datater/wu/data/MSSPE-basic/zika/kmer15/intermediate/reverse251-752.Kmercount.sorted.calculated.txt, /datater/wu/data/MSSPE-basic/zika/kmer15/intermediate/reverse6275-6776.Kmercount.sorted.calculated.txt, /datater/wu/data/MSSPE-basic/zika/kmer15/intermediate/reverse6024-6525.Kmercount.sorted.calculated.txt, /datater/wu/data/MSSPE-basic/zika/kmer15/intermediate/reverse2008-2509.Kmercount.sorted.calculated.txt, /datater/wu/data/MSSPE-basic/zika/kmer15/intermediate/reverse7781-8282.Kmercount.sorted.calculated.txt, /datater/wu/data/MSSPE-basic/zika/kmer15/intermediate/reverse7530-8031.Kmercount.sorted.calculated.txt, /datater/wu/data/MSSPE-basic/zika/kmer15/intermediate/reverse753-1254.Kmercount.sorted.calculated.txt, /datater/wu/data/MSSPE-basic/zika/kmer15/intermediate/reverse4518-5019.Kmercount.sorted.calculated.txt, /datater/wu/data/MSSPE-basic/zika/kmer15/intermediate/reverse2761-3262.Kmercount.sorted.calculated.txt, /datater/wu/data/MSSPE-basic/zika/kmer15/intermediate/reverse7279-7780.Kmercount.sorted.calculated.txt, /datater/wu/data/MSSPE-basic/zika/kmer15/intermediate/reverse4016-4517.Kmercount.sorted.calculated.txt, /datater/wu/data/MSSPE-basic/zika/kmer15/intermediate/reverse2510-3011.Kmercount.sorted.calculated.txt
    output: /datater/wu/data/MSSPE-basic/zika/kmer15/allKmercount.sorted.calculated.txt
    jobid: 3
    wildcards: sample=zika

[Wed Apr 28 18:08:47 2021]
Finished job 3.
75 of 83 steps (90%) done
Select jobs to execute...

[Wed Apr 28 18:08:47 2021]
rule filtering3:
    input: /datater/wu/data/MSSPE-basic/zika/kmer15/allKmercount.sorted.calculated.txt
    output: /datater/wu/data/MSSPE-basic/zika/kmer15/allKmerCount.sorted.calculated.filtered.txt
    jobid: 5
    wildcards: sample=zika

[Wed Apr 28 18:08:48 2021]
Finished job 5.
76 of 83 steps (92%) done
Select jobs to execute...

[Wed Apr 28 18:08:48 2021]
rule specific1:
    input: /datater/wu/data/MSSPE-basic/zika/kmer15/allKmerCount.sorted.calculated.filtered.txt
    output: /datater/wu/data/MSSPE-basic/zika/kmer15/intermediate/allKmerCount.sorted.calculated.filtered.fasta
    jobid: 6
    wildcards: sample=zika

[Wed Apr 28 18:08:49 2021]
Finished job 6.
77 of 83 steps (93%) done
Select jobs to execute...

[Wed Apr 28 18:08:49 2021]
rule specific3:
    input: /datater/wu/data/MSSPE-basic/zika/kmer15/intermediate/allKmerCount.sorted.calculated.filtered.fasta, /datater/wu/data/RefSeqProkaryota/RefSeqProkaryota.DB.1.ebwt, /datater/wu/data/RefSeqProkaryota/RefSeqProkaryota.DB.2.ebwt, /datater/wu/data/RefSeqProkaryota/RefSeqProkaryota.DB.3.ebwt, /datater/wu/data/RefSeqProkaryota/RefSeqProkaryota.DB.4.ebwt, /datater/wu/data/RefSeqProkaryota/RefSeqProkaryota.DB.rev.1.ebwt, /datater/wu/data/RefSeqProkaryota/RefSeqProkaryota.DB.rev.2.ebwt
    output: /datater/wu/data/MSSPE-basic/zika/kmer15/intermediate/allKmerCount.sorted.calculated.filtered.bowtie
    jobid: 8
    wildcards: sample=zika

[Wed Apr 28 18:08:49 2021]
Finished job 8.
78 of 83 steps (94%) done
Select jobs to execute...

[Wed Apr 28 18:08:49 2021]
rule specific4:
    input: /datater/wu/data/MSSPE-basic/zika/kmer15/intermediate/allKmerCount.sorted.calculated.filtered.bowtie, /datater/wu/data/MSSPE-basic/zika/kmer15/allKmerCount.sorted.calculated.filtered.txt
    output: /datater/wu/data/MSSPE-basic/zika/kmer15/allKmerCount.sorted.calculated.filtered.spec.txt
    jobid: 9
    wildcards: sample=zika

[Wed Apr 28 18:08:50 2021]
Finished job 9.
79 of 83 steps (95%) done
Select jobs to execute...

[Wed Apr 28 18:08:50 2021]
rule checkHeterodimer:
    input: /datater/wu/data/MSSPE-basic/zika/kmer15/allKmerCount.sorted.calculated.filtered.spec.txt
    output: /datater/wu/data/MSSPE-basic/zika/kmer15/allOligo.set
    jobid: 10
    wildcards: sample=zika

[Wed Apr 28 18:08:52 2021]
Finished job 10.
80 of 83 steps (96%) done
Select jobs to execute...

[Wed Apr 28 18:08:52 2021]
rule evaluation3:
    input: /datater/wu/data/MSSPE-basic/zika/kmer15/allKmercount.sorted.calculated.txt, /datater/wu/data/MSSPE-basic/zika/kmer15/allKmerCount.sorted.calculated.filtered.txt, /datater/wu/data/MSSPE-basic/zika/kmer15/allKmerCount.sorted.calculated.filtered.spec.txt, /datater/wu/data/MSSPE-basic/zika/kmer15/allOligo.set
    output: /datater/wu/data/MSSPE-basic/zika/kmer15/evaluation/allOligo_before.tsv, /datater/wu/data/MSSPE-basic/zika/kmer15/evaluation/allOligo_after1.tsv, /datater/wu/data/MSSPE-basic/zika/kmer15/evaluation/allOligo_after2.tsv, /datater/wu/data/MSSPE-basic/zika/kmer15/evaluation/allOligo_after3.tsv
    jobid: 13
    wildcards: sample=zika

[Wed Apr 28 18:08:52 2021]
rule evaluation2:
    input: /datater/wu/data/MSSPE-basic/zika/kmer15/allOligo.set, /datater/wu/data/MSSPE-basic/zika/kmer15/intermediate/aceID-taxID-species.tsv
    output: /datater/wu/data/MSSPE-basic/zika/kmer15/evaluation/allOligo.set.coverage
    jobid: 12
    wildcards: sample=zika

[Wed Apr 28 18:08:53 2021]
Finished job 12.
81 of 83 steps (98%) done
[Wed Apr 28 18:08:54 2021]
Finished job 13.
82 of 83 steps (99%) done
Select jobs to execute...

[Wed Apr 28 18:08:54 2021]
localrule all:
    input: /datater/wu/data/MSSPE-basic/zika/zika.uniq, /datater/wu/data/MSSPE-basic/zika/zika.msa, /datater/wu/data/MSSPE-basic/zika/kmer15/allKmercount.sorted.calculated.txt, /datater/wu/data/MSSPE-basic/zika/kmer15/allKmerCount.sorted.calculated.filtered.txt, /datater/wu/data/MSSPE-basic/zika/kmer15/intermediate/allKmerCount.sorted.calculated.filtered.fasta, /datater/wu/data/RefSeqProkaryota/RefSeqProkaryota.DB.1.ebwt, /datater/wu/data/RefSeqProkaryota/RefSeqProkaryota.DB.2.ebwt, /datater/wu/data/RefSeqProkaryota/RefSeqProkaryota.DB.3.ebwt, /datater/wu/data/RefSeqProkaryota/RefSeqProkaryota.DB.4.ebwt, /datater/wu/data/RefSeqProkaryota/RefSeqProkaryota.DB.rev.1.ebwt, /datater/wu/data/RefSeqProkaryota/RefSeqProkaryota.DB.rev.2.ebwt, /datater/wu/data/MSSPE-basic/zika/kmer15/intermediate/allKmerCount.sorted.calculated.filtered.bowtie, /datater/wu/data/MSSPE-basic/zika/kmer15/allKmerCount.sorted.calculated.filtered.spec.txt, /datater/wu/data/MSSPE-basic/zika/kmer15/allOligo.set, /datater/wu/data/MSSPE-basic/zika/kmer15/intermediate/aceID-taxID-species.tsv, /datater/wu/data/MSSPE-basic/zika/kmer15/evaluation/allOligo.set.coverage, /datater/wu/data/MSSPE-basic/zika/kmer15/evaluation/allOligo_before.tsv, /datater/wu/data/MSSPE-basic/zika/kmer15/evaluation/allOligo_after1.tsv, /datater/wu/data/MSSPE-basic/zika/kmer15/evaluation/allOligo_after2.tsv, /datater/wu/data/MSSPE-basic/zika/kmer15/evaluation/allOligo_after3.tsv
    jobid: 0

[Wed Apr 28 18:08:54 2021]
Finished job 0.
83 of 83 steps (100%) done
Complete log: /datater/wu/MSSPE/.snakemake/log/2021-04-28T173245.996473.snakemake.log
