Building DAG of jobs...
Using shell: /bin/bash
Provided cores: 12
Rules claiming more threads will be scaled down.
Conda environments: ignored
Job counts:
	count	jobs
	1	aggregate_allReverseOligo
	1	all
	37	dskReverse
	37	dskReverseOutput
	37	dskReverseOutputSort
	37	reverse_add_LC
	37	reverse_linguistic_complexity
	37	reverse_parameters
	37	reverse_toFasta
	37	splitFiles
	298
Select jobs to execute...

[Mon Mar 15 14:19:50 2021]
rule splitFiles:
    input: /datater/wu/data/msa/zika.msa
    output: /datater/wu/data/zika/splitFiles/forward2032-2536.fasta (dynamic), /datater/wu/data/zika/splitFiles/reverse2032-2536.fasta (dynamic)
    jobid: 107
    wildcards: sample=zika, seg=2032-2536

Subsequent jobs will be added dynamically depending on the output of this job

[Mon Mar 15 14:19:50 2021]
rule splitFiles:
    input: /datater/wu/data/msa/zika.msa
    output: /datater/wu/data/zika/splitFiles/forward254-758.fasta (dynamic), /datater/wu/data/zika/splitFiles/reverse254-758.fasta (dynamic)
    jobid: 83
    wildcards: sample=zika, seg=254-758

Subsequent jobs will be added dynamically depending on the output of this job

[Mon Mar 15 14:19:50 2021]
rule splitFiles:
    input: /datater/wu/data/msa/zika.msa
    output: /datater/wu/data/zika/splitFiles/forward1016-1520.fasta (dynamic), /datater/wu/data/zika/splitFiles/reverse1016-1520.fasta (dynamic)
    jobid: 203
    wildcards: sample=zika, seg=1016-1520

Subsequent jobs will be added dynamically depending on the output of this job

[Mon Mar 15 14:19:50 2021]
rule splitFiles:
    input: /datater/wu/data/msa/zika.msa
    output: /datater/wu/data/zika/splitFiles/forward5588-6092.fasta (dynamic), /datater/wu/data/zika/splitFiles/reverse5588-6092.fasta (dynamic)
    jobid: 91
    wildcards: sample=zika, seg=5588-6092

Subsequent jobs will be added dynamically depending on the output of this job

[Mon Mar 15 14:19:50 2021]
rule splitFiles:
    input: /datater/wu/data/msa/zika.msa
    output: /datater/wu/data/zika/splitFiles/forward2286-2790.fasta (dynamic), /datater/wu/data/zika/splitFiles/reverse2286-2790.fasta (dynamic)
    jobid: 211
    wildcards: sample=zika, seg=2286-2790

Subsequent jobs will be added dynamically depending on the output of this job

[Mon Mar 15 14:19:50 2021]
rule splitFiles:
    input: /datater/wu/data/msa/zika.msa
    output: /datater/wu/data/zika/splitFiles/forward4826-5330.fasta (dynamic), /datater/wu/data/zika/splitFiles/reverse4826-5330.fasta (dynamic)
    jobid: 187
    wildcards: sample=zika, seg=4826-5330

Subsequent jobs will be added dynamically depending on the output of this job

[Mon Mar 15 14:19:50 2021]
rule splitFiles:
    input: /datater/wu/data/msa/zika.msa
    output: /datater/wu/data/zika/splitFiles/forward8636-9140.fasta (dynamic), /datater/wu/data/zika/splitFiles/reverse8636-9140.fasta (dynamic)
    jobid: 299
    wildcards: sample=zika, seg=8636-9140

Subsequent jobs will be added dynamically depending on the output of this job

[Mon Mar 15 14:19:50 2021]
rule splitFiles:
    input: /datater/wu/data/msa/zika.msa
    output: /datater/wu/data/zika/splitFiles/forward4064-4568.fasta (dynamic), /datater/wu/data/zika/splitFiles/reverse4064-4568.fasta (dynamic)
    jobid: 291
    wildcards: sample=zika, seg=4064-4568

Subsequent jobs will be added dynamically depending on the output of this job

[Mon Mar 15 14:19:50 2021]
rule splitFiles:
    input: /datater/wu/data/msa/zika.msa
    output: /datater/wu/data/zika/splitFiles/forward7620-8124.fasta (dynamic), /datater/wu/data/zika/splitFiles/reverse7620-8124.fasta (dynamic)
    jobid: 67
    wildcards: sample=zika, seg=7620-8124

Subsequent jobs will be added dynamically depending on the output of this job

[Mon Mar 15 14:19:50 2021]
rule splitFiles:
    input: /datater/wu/data/msa/zika.msa
    output: /datater/wu/data/zika/splitFiles/forward5334-5838.fasta (dynamic), /datater/wu/data/zika/splitFiles/reverse5334-5838.fasta (dynamic)
    jobid: 195
    wildcards: sample=zika, seg=5334-5838

Subsequent jobs will be added dynamically depending on the output of this job

[Mon Mar 15 14:19:50 2021]
rule splitFiles:
    input: /datater/wu/data/msa/zika.msa
    output: /datater/wu/data/zika/splitFiles/forward7112-7616.fasta (dynamic), /datater/wu/data/zika/splitFiles/reverse7112-7616.fasta (dynamic)
    jobid: 9
    wildcards: sample=zika, seg=7112-7616

Subsequent jobs will be added dynamically depending on the output of this job

[Mon Mar 15 14:19:50 2021]
rule splitFiles:
    input: /datater/wu/data/msa/zika.msa
    output: /datater/wu/data/zika/splitFiles/forward5842-6346.fasta (dynamic), /datater/wu/data/zika/splitFiles/reverse5842-6346.fasta (dynamic)
    jobid: 99
    wildcards: sample=zika, seg=5842-6346

Subsequent jobs will be added dynamically depending on the output of this job
Shutting down, this might take some time.
Exiting because a job execution failed. Look above for error message
Complete log: /datater/wu/stage_m2/.snakemake/log/2021-03-15T141942.756770.snakemake.log
