Building DAG of jobs...
Using shell: /bin/bash
Provided cores: 24
Rules claiming more threads will be scaled down.
Conda environments: ignored
Job counts:
	count	jobs
	1	MSA
	1	all
	1	checkHeterodimer
	1	clustering
	1	countAllKmer1
	1	countAllKmer2
	1	evaluation1
	1	evaluation2
	1	evaluation3
	1	filtering1
	1	filtering2
	1	getKmerPosition1
	1	getKmerPosition2
	1	getKmerPosition3
	1	getKmerPosition4
	1	removeDuplicateSeq
	1	sortAllKmer
	1	specific1
	1	specific2
	1	specific3
	1	specific4
	21
Select jobs to execute...

[Tue Apr 27 14:50:53 2021]
rule specific2:
    input: /datater/wu/data/RefSeqProkaryota/RefSeqProkaryota.fna
    output: /datater/wu/data/RefSeqProkaryota/RefSeqProkaryota.DB.1.ebwt, /datater/wu/data/RefSeqProkaryota/RefSeqProkaryota.DB.2.ebwt, /datater/wu/data/RefSeqProkaryota/RefSeqProkaryota.DB.3.ebwt, /datater/wu/data/RefSeqProkaryota/RefSeqProkaryota.DB.4.ebwt, /datater/wu/data/RefSeqProkaryota/RefSeqProkaryota.DB.rev.1.ebwt, /datater/wu/data/RefSeqProkaryota/RefSeqProkaryota.DB.rev.2.ebwt
    jobid: 8


[Tue Apr 27 14:50:53 2021]
rule removeDuplicateSeq:
    input: /datater/wu/data/enterovirus.fasta
    output: /datater/wu/data/MSSPE-variant/enterovirus/enterovirus.uniq
    jobid: 1
    wildcards: sample=enterovirus

[Tue Apr 27 14:50:53 2021]
Finished job 1.
1 of 21 steps (5%) done
Select jobs to execute...

[Tue Apr 27 14:50:53 2021]
rule clustering:
    input: /datater/wu/data/MSSPE-variant/enterovirus/enterovirus.uniq
    output: /datater/wu/data/MSSPE-variant/enterovirus/enterovirus0.99.uniq
    jobid: 11
    wildcards: sample=enterovirus


[Tue Apr 27 14:50:53 2021]
rule evaluation1:
    input: /datater/wu/data/MSSPE-variant/enterovirus/enterovirus.uniq, /datater/wu/data/ncbiTaxonomy/nucl_gb.accession2taxid, /datater/wu/data/ncbiTaxonomy/ncbi_lineages_2021-04-23.csv
    output: /datater/wu/data/MSSPE-variant/enterovirus/kmer13/intermediate/aceID-taxID-species.tsv
    jobid: 18
    wildcards: sample=enterovirus

[Tue Apr 27 14:50:53 2021]
rule countAllKmer1:
    input: /datater/wu/data/MSSPE-variant/enterovirus/enterovirus.uniq
    output: /datater/wu/data/MSSPE-variant/enterovirus/kmer13/intermediate/allKmerCount.jf
    jobid: 2
    wildcards: sample=enterovirus

[Tue Apr 27 14:51:19 2021]
Finished job 11.
2 of 21 steps (10%) done
Select jobs to execute...

[Tue Apr 27 14:51:19 2021]
rule MSA:
    input: /datater/wu/data/MSSPE-variant/enterovirus/enterovirus0.99.uniq
    output: /datater/wu/data/MSSPE-variant/enterovirus/enterovirus0.99.msa
    log: /datater/wu/data/MSSPE-variant/enterovirus/log/mafft.log
    jobid: 12
    wildcards: sample=enterovirus

Terminating processes on user request, this might take some time.
[Tue Apr 27 14:51:35 2021]
Error in rule countAllKmer1:
    jobid: 2
    output: /datater/wu/data/MSSPE-variant/enterovirus/kmer13/intermediate/allKmerCount.jf
    shell:
        
        jellyfish count         -m 13         -s 3G         -t 12         -o /datater/wu/data/MSSPE-variant/enterovirus/kmer13/intermediate/allKmerCount.jf /datater/wu/data/MSSPE-variant/enterovirus/enterovirus.uniq
        
        (one of the commands exited with non-zero exit code; note that snakemake uses bash strict mode!)

Removing output files of failed job countAllKmer1 since they might be corrupted:
/datater/wu/data/MSSPE-variant/enterovirus/kmer13/intermediate/allKmerCount.jf
[Tue Apr 27 14:51:35 2021]
Error in rule MSA:
    jobid: 12
    output: /datater/wu/data/MSSPE-variant/enterovirus/enterovirus0.99.msa
    log: /datater/wu/data/MSSPE-variant/enterovirus/log/mafft.log (check log file(s) for error message)
    shell:
        mafft --auto         --thread 12         --op 1.53         --ep 0.123         --bl 62         --jtt 62         --tm 62                           --inputorder                                    /datater/wu/data/MSSPE-variant/enterovirus/enterovirus0.99.uniq > /datater/wu/data/MSSPE-variant/enterovirus/enterovirus0.99.msa         2> /datater/wu/data/MSSPE-variant/enterovirus/log/mafft.log
        (one of the commands exited with non-zero exit code; note that snakemake uses bash strict mode!)

Removing output files of failed job MSA since they might be corrupted:
/datater/wu/data/MSSPE-variant/enterovirus/enterovirus0.99.msa
[Tue Apr 27 14:51:35 2021]
Error in rule specific2:
    jobid: 8
    output: /datater/wu/data/RefSeqProkaryota/RefSeqProkaryota.DB.1.ebwt, /datater/wu/data/RefSeqProkaryota/RefSeqProkaryota.DB.2.ebwt, /datater/wu/data/RefSeqProkaryota/RefSeqProkaryota.DB.3.ebwt, /datater/wu/data/RefSeqProkaryota/RefSeqProkaryota.DB.4.ebwt, /datater/wu/data/RefSeqProkaryota/RefSeqProkaryota.DB.rev.1.ebwt, /datater/wu/data/RefSeqProkaryota/RefSeqProkaryota.DB.rev.2.ebwt
    shell:
        
        bowtie-build         --threads 12         /datater/wu/data/RefSeqProkaryota/RefSeqProkaryota.fna /datater/wu/data/RefSeqProkaryota/RefSeqProkaryota.DB
        
        (one of the commands exited with non-zero exit code; note that snakemake uses bash strict mode!)

Removing output files of failed job specific2 since they might be corrupted:
/datater/wu/data/RefSeqProkaryota/RefSeqProkaryota.DB.1.ebwt, /datater/wu/data/RefSeqProkaryota/RefSeqProkaryota.DB.2.ebwt, /datater/wu/data/RefSeqProkaryota/RefSeqProkaryota.DB.3.ebwt, /datater/wu/data/RefSeqProkaryota/RefSeqProkaryota.DB.4.ebwt, /datater/wu/data/RefSeqProkaryota/RefSeqProkaryota.DB.rev.1.ebwt, /datater/wu/data/RefSeqProkaryota/RefSeqProkaryota.DB.rev.2.ebwt
Removing output files of failed job evaluation1 since they might be corrupted:
/datater/wu/data/MSSPE-variant/enterovirus/kmer13/intermediate/aceID-taxID-species.tsv
Complete log: /datater/wu/MSSPE/.snakemake/log/2021-04-27T145052.217532.snakemake.log
