Building DAG of jobs...
Updating job dskReverse.
Updating job dskReverse.
Updating job dskReverse.
Updating job dskReverse.
Updating job dskReverse.
Updating job dskReverse.
Updating job dskReverse.
Updating job dskReverse.
Updating job dskReverse.
Updating job dskReverse.
Updating job dskReverse.
Updating job dskReverse.
Updating job dskReverse.
Updating job dskReverse.
Updating job dskReverse.
Updating job dskReverse.
Updating job dskReverse.
Updating job dskReverse.
Updating job dskReverse.
Updating job dskReverse.
Updating job dskReverse.
Updating job dskReverse.
Updating job dskReverse.
Updating job dskReverse.
Updating job dskReverse.
Updating job dskReverse.
Updating job dskReverse.
Updating job dskReverse.
Updating job dskReverse.
Updating job dskReverse.
Updating job dskReverse.
Updating job dskReverse.
Updating job dskReverse.
Updating job dskReverse.
Updating job dskReverse.
Updating job dskReverse.
Updating job dskReverse.
Updating job dskReverse.
Updating job dskReverse.
Updating job dskReverse.
Updating job dskReverse.
Updating job dskReverse.
Updating job dskReverse.
Updating job dskReverse.
Updating job dskReverse.
Updating job dskReverse.
Updating job dskReverse.
Updating job dskReverse.
Updating job dskReverse.
Updating job dskReverse.
Updating job dskReverse.
Updating job dskReverse.
Updating job dskReverse.
Updating job dskReverse.
Updating job dskReverse.
Updating job dskReverse.
Updating job dskReverse.
Updating job dskReverse.
Updating job dskReverse.
Updating job dskReverse.
Updating job dskReverse.
Updating job dskReverse.
Updating job dskReverse.
Updating job dskReverse.
Updating job dskReverse.
Updating job dskReverse.
Updating job dskReverse.
Updating job dskReverse.
Updating job dskReverse.
Updating job dskReverse.
Updating job dskReverse.
Updating job dskReverse.
Updating job dskReverse.
Updating job dskReverse.
Updating job dskReverse.
Updating job dskReverse.
Updating job dskReverse.
Updating job dskReverse.
Updating job dskReverse.
Updating job dskReverse.
Using shell: /bin/bash
Provided cores: 12
Rules claiming more threads will be scaled down.
Conda environments: ignored
Job counts:
	count	jobs
	1	aggregate_allReverseOligo
	1	all
	160	dskReverse
	160	dskReverseOutput
	160	dskReverseOutputSort
	160	reverse_add_LC
	160	reverse_linguistic_complexity
	160	reverse_parameters
	160	reverse_toFasta
	80	splitFiles
	1202
Select jobs to execute...

[Mon Mar 15 13:51:07 2021]
rule dskReverse:
    input: /datater/wu/data/enterovirus/splitFiles/reverse3556-4060.fasta
    output: /datater/wu/data/enterovirus/dsk/reverse3556-4060.h5
    jobid: 48
    wildcards: sample=enterovirus, seg=3556-4060


[Mon Mar 15 13:51:07 2021]
rule dskReverse:
    input: /datater/wu/data/zika/splitFiles/reverse8283-8784.fasta
    output: /datater/wu/data/zika/dsk/reverse8283-8784.h5
    jobid: 1050
    wildcards: sample=zika, seg=8283-8784


[Mon Mar 15 13:51:07 2021]
checkpoint splitFiles:
    input: /datater/wu/data/msa/zika.msa
    output: /datater/wu/data/zika/splitFiles/forward2032-2536.fasta (dynamic), /datater/wu/data/zika/splitFiles/reverse2032-2536.fasta (dynamic)
    jobid: 747
    wildcards: sample=zika, seg=2032-2536
Downstream jobs will be updated after completion.

Subsequent jobs will be added dynamically depending on the output of this job

[Mon Mar 15 13:51:07 2021]
checkpoint splitFiles:
    input: /datater/wu/data/msa/enterovirus.msa
    output: /datater/wu/data/enterovirus/splitFiles/forward2008-2509.fasta (dynamic), /datater/wu/data/enterovirus/splitFiles/reverse2008-2509.fasta (dynamic)
    jobid: 553
    wildcards: sample=enterovirus, seg=2008-2509
Downstream jobs will be updated after completion.

Subsequent jobs will be added dynamically depending on the output of this job

[Mon Mar 15 13:51:07 2021]
rule dskReverse:
    input: /datater/wu/data/enterovirus/splitFiles/reverse7620-8124.fasta
    output: /datater/wu/data/enterovirus/dsk/reverse7620-8124.h5
    jobid: 64
    wildcards: sample=enterovirus, seg=7620-8124


[Mon Mar 15 13:51:07 2021]
rule dskReverse:
    input: /datater/wu/data/zika/splitFiles/reverse9287-9788.fasta
    output: /datater/wu/data/zika/dsk/reverse9287-9788.h5
    jobid: 1066
    wildcards: sample=zika, seg=9287-9788


[Mon Mar 15 13:51:07 2021]
checkpoint splitFiles:
    input: /datater/wu/data/msa/zika.msa
    output: /datater/wu/data/zika/splitFiles/forward2286-2790.fasta (dynamic), /datater/wu/data/zika/splitFiles/reverse2286-2790.fasta (dynamic)
    jobid: 851
    wildcards: sample=zika, seg=2286-2790
Downstream jobs will be updated after completion.

Subsequent jobs will be added dynamically depending on the output of this job

[Mon Mar 15 13:51:07 2021]
rule dskReverse:
    input: /datater/wu/data/zika/splitFiles/reverse7781-8282.fasta
    output: /datater/wu/data/zika/dsk/reverse7781-8282.h5
    jobid: 1042
    wildcards: sample=zika, seg=7781-8282


[Mon Mar 15 13:51:07 2021]
rule dskReverse:
    input: /datater/wu/data/zika/splitFiles/reverse1255-1756.fasta
    output: /datater/wu/data/zika/dsk/reverse1255-1756.h5
    jobid: 962
    wildcards: sample=zika, seg=1255-1756


[Mon Mar 15 13:51:07 2021]
checkpoint splitFiles:
    input: /datater/wu/data/msa/enterovirus.msa
    output: /datater/wu/data/enterovirus/splitFiles/forward9538-10039.fasta (dynamic), /datater/wu/data/enterovirus/splitFiles/reverse9538-10039.fasta (dynamic)
    jobid: 417
    wildcards: sample=enterovirus, seg=9538-10039
Downstream jobs will be updated after completion.

Subsequent jobs will be added dynamically depending on the output of this job

[Mon Mar 15 13:51:07 2021]
rule dskReverse:
    input: /datater/wu/data/enterovirus/splitFiles/reverse8128-8632.fasta
    output: /datater/wu/data/enterovirus/dsk/reverse8128-8632.h5
    jobid: 56
    wildcards: sample=enterovirus, seg=8128-8632


[Mon Mar 15 13:51:07 2021]
rule dskReverse:
    input: /datater/wu/data/zika/splitFiles/reverse9538-10039.fasta
    output: /datater/wu/data/zika/dsk/reverse9538-10039.h5
    jobid: 1058
    wildcards: sample=zika, seg=9538-10039

[Mon Mar 15 13:51:09 2021]
Finished job 1050.
1 of 1202 steps (0.08%) done
Select jobs to execute...
[Mon Mar 15 13:51:09 2021]
Finished job 962.
2 of 1202 steps (0.17%) done

[Mon Mar 15 13:51:09 2021]
rule dskReverse:
    input: /datater/wu/data/enterovirus/splitFiles/reverse4826-5330.fasta
    output: /datater/wu/data/enterovirus/dsk/reverse4826-5330.h5
    jobid: 184
    wildcards: sample=enterovirus, seg=4826-5330

Select jobs to execute...
[Mon Mar 15 13:51:09 2021]
Finished job 1058.
3 of 1202 steps (0.25%) done
[Mon Mar 15 13:51:09 2021]
Finished job 1066.
4 of 1202 steps (0.33%) done
[Mon Mar 15 13:51:09 2021]
Finished job 48.
5 of 1202 steps (0.42%) done
[Mon Mar 15 13:51:09 2021]
Finished job 1042.
6 of 1202 steps (0.50%) done

[Mon Mar 15 13:51:09 2021]
checkpoint splitFiles:
    input: /datater/wu/data/msa/zika.msa
    output: /datater/wu/data/zika/splitFiles/forward6604-7108.fasta (dynamic), /datater/wu/data/zika/splitFiles/reverse6604-7108.fasta (dynamic)
    jobid: 659
    wildcards: sample=zika, seg=6604-7108
Downstream jobs will be updated after completion.

Subsequent jobs will be added dynamically depending on the output of this job
Select jobs to execute...
[Mon Mar 15 13:51:09 2021]
Finished job 64.
7 of 1202 steps (0.58%) done

[Mon Mar 15 13:51:09 2021]
checkpoint splitFiles:
    input: /datater/wu/data/msa/enterovirus.msa
    output: /datater/wu/data/enterovirus/splitFiles/forward3765-4266.fasta (dynamic), /datater/wu/data/enterovirus/splitFiles/reverse3765-4266.fasta (dynamic)
    jobid: 465
    wildcards: sample=enterovirus, seg=3765-4266
Downstream jobs will be updated after completion.

Subsequent jobs will be added dynamically depending on the output of this job

[Mon Mar 15 13:51:09 2021]
rule dskReverse:
    input: /datater/wu/data/enterovirus/splitFiles/reverse5334-5838.fasta
    output: /datater/wu/data/enterovirus/dsk/reverse5334-5838.h5
    jobid: 192
    wildcards: sample=enterovirus, seg=5334-5838


[Mon Mar 15 13:51:09 2021]
checkpoint splitFiles:
    input: /datater/wu/data/msa/enterovirus.msa
    output: /datater/wu/data/enterovirus/splitFiles/forward1757-2258.fasta (dynamic), /datater/wu/data/enterovirus/splitFiles/reverse1757-2258.fasta (dynamic)
    jobid: 585
    wildcards: sample=enterovirus, seg=1757-2258
Downstream jobs will be updated after completion.

Subsequent jobs will be added dynamically depending on the output of this job

[Mon Mar 15 13:51:09 2021]
rule dskReverse:
    input: /datater/wu/data/enterovirus/splitFiles/reverse8890-9394.fasta
    output: /datater/wu/data/enterovirus/dsk/reverse8890-9394.h5
    jobid: 72
    wildcards: sample=enterovirus, seg=8890-9394

Select jobs to execute...

[Mon Mar 15 13:51:09 2021]
rule dskReverse:
    input: /datater/wu/data/zika/splitFiles/reverse4769-5270.fasta
    output: /datater/wu/data/zika/dsk/reverse4769-5270.h5
    jobid: 1186
    wildcards: sample=zika, seg=4769-5270

Select jobs to execute...
Select jobs to execute...
Select jobs to execute...
[Mon Mar 15 13:51:09 2021]
Finished job 56.
8 of 1202 steps (0.67%) done
Select jobs to execute...

[Mon Mar 15 13:51:10 2021]
checkpoint splitFiles:
    input: /datater/wu/data/msa/zika.msa
    output: /datater/wu/data/zika/splitFiles/forward508-1012.fasta (dynamic), /datater/wu/data/zika/splitFiles/reverse508-1012.fasta (dynamic)
    jobid: 779
    wildcards: sample=zika, seg=508-1012
Downstream jobs will be updated after completion.

Subsequent jobs will be added dynamically depending on the output of this job
[Mon Mar 15 13:51:11 2021]
Finished job 72.
9 of 1202 steps (0.75%) done
Select jobs to execute...
[Mon Mar 15 13:51:11 2021]
Finished job 192.
10 of 1202 steps (0.83%) done

[Mon Mar 15 13:51:11 2021]
rule dskReverse:
    input: /datater/wu/data/zika/splitFiles/reverse10291-10792.fasta
    output: /datater/wu/data/zika/dsk/reverse10291-10792.h5
    jobid: 946
    wildcards: sample=zika, seg=10291-10792

Select jobs to execute...

[Mon Mar 15 13:51:12 2021]
rule dskReverseOutput:
    input: /datater/wu/data/zika/dsk/reverse8283-8784.h5
    output: /datater/wu/data/zika/dsk/reverse8283-8784.kCount
    jobid: 1049
    wildcards: sample=zika, seg=8283-8784

[Mon Mar 15 13:51:12 2021]
Finished job 1186.
11 of 1202 steps (0.92%) done
Select jobs to execute...
[Mon Mar 15 13:51:12 2021]
Finished job 184.
12 of 1202 steps (1.00%) done
[Mon Mar 15 13:51:12 2021]
Finished job 1049.
13 of 1202 steps (1%) done

[Mon Mar 15 13:51:12 2021]
rule dskReverseOutput:
    input: /datater/wu/data/zika/dsk/reverse4769-5270.h5
    output: /datater/wu/data/zika/dsk/reverse4769-5270.kCount
    jobid: 1185
    wildcards: sample=zika, seg=4769-5270

Select jobs to execute...
[Mon Mar 15 13:51:12 2021]
Finished job 1185.
14 of 1202 steps (1%) done

[Mon Mar 15 13:51:12 2021]
checkpoint splitFiles:
    input: /datater/wu/data/msa/zika.msa
    output: /datater/wu/data/zika/splitFiles/forward3556-4060.fasta (dynamic), /datater/wu/data/zika/splitFiles/reverse3556-4060.fasta (dynamic)
    jobid: 691
    wildcards: sample=zika, seg=3556-4060
Downstream jobs will be updated after completion.

Subsequent jobs will be added dynamically depending on the output of this job

[Mon Mar 15 13:51:12 2021]
checkpoint splitFiles:
    input: /datater/wu/data/msa/zika.msa
    output: /datater/wu/data/zika/splitFiles/forward4064-4568.fasta (dynamic), /datater/wu/data/zika/splitFiles/reverse4064-4568.fasta (dynamic)
    jobid: 931
    wildcards: sample=zika, seg=4064-4568
Downstream jobs will be updated after completion.

Subsequent jobs will be added dynamically depending on the output of this job
Select jobs to execute...

[Mon Mar 15 13:51:12 2021]
checkpoint splitFiles:
    input: /datater/wu/data/msa/enterovirus.msa
    output: /datater/wu/data/enterovirus/splitFiles/forward753-1254.fasta (dynamic), /datater/wu/data/enterovirus/splitFiles/reverse753-1254.fasta (dynamic)
    jobid: 537
    wildcards: sample=enterovirus, seg=753-1254
Downstream jobs will be updated after completion.

Subsequent jobs will be added dynamically depending on the output of this job
Select jobs to execute...
[Mon Mar 15 13:51:14 2021]
Finished job 946.
15 of 1202 steps (1%) done
Shutting down, this might take some time.
Exiting because a job execution failed. Look above for error message
Complete log: /datater/wu/stage_m2/.snakemake/log/2021-03-15T135045.906616.snakemake.log
