Building DAG of jobs...
Updating job filtering2.
Using shell: /bin/bash
Provided cores: 6
Rules claiming more threads will be scaled down.
Conda environments: ignored
Job counts:
	count	jobs
	1	all
	29	calculateKmer_sort
	1	checkHeterodimer
	25	countKmer1
	25	countKmer2
	1	evaluation2
	1	evaluation3
	31	filtering1
	1	filtering2
	1	filtering3
	1	specific1
	1	specific3
	1	specific4
	119
Select jobs to execute...

[Thu Apr 29 14:59:42 2021]
rule countKmer1:
    input: /datater/wu/data/MSSPE-clustering/zika/splitFiles/reverse10040-10541.fasta
    output: /datater/wu/data/MSSPE-clustering/zika/kmer15/intermediate/reverse10040-10541.int.kmc_pre, /datater/wu/data/MSSPE-clustering/zika/kmer15/intermediate/reverse10040-10541.int.kmc_suf
    jobid: 27
    wildcards: sample=zika, seg=10040-10541


[Thu Apr 29 14:59:42 2021]
rule countKmer1:
    input: /datater/wu/data/MSSPE-clustering/zika/splitFiles/reverse8534-9035.fasta
    output: /datater/wu/data/MSSPE-clustering/zika/kmer15/intermediate/reverse8534-9035.int.kmc_pre, /datater/wu/data/MSSPE-clustering/zika/kmer15/intermediate/reverse8534-9035.int.kmc_suf
    jobid: 87
    wildcards: sample=zika, seg=8534-9035


[Thu Apr 29 14:59:42 2021]
rule countKmer1:
    input: /datater/wu/data/MSSPE-clustering/zika/splitFiles/reverse5020-5521.fasta
    output: /datater/wu/data/MSSPE-clustering/zika/kmer15/intermediate/reverse5020-5521.int.kmc_pre, /datater/wu/data/MSSPE-clustering/zika/kmer15/intermediate/reverse5020-5521.int.kmc_suf
    jobid: 139
    wildcards: sample=zika, seg=5020-5521


[Thu Apr 29 14:59:42 2021]
rule countKmer1:
    input: /datater/wu/data/MSSPE-clustering/zika/splitFiles/reverse502-1003.fasta
    output: /datater/wu/data/MSSPE-clustering/zika/kmer15/intermediate/reverse502-1003.int.kmc_pre, /datater/wu/data/MSSPE-clustering/zika/kmer15/intermediate/reverse502-1003.int.kmc_suf
    jobid: 79
    wildcards: sample=zika, seg=502-1003


[Thu Apr 29 14:59:42 2021]
rule countKmer1:
    input: /datater/wu/data/MSSPE-clustering/zika/splitFiles/reverse3263-3764.fasta
    output: /datater/wu/data/MSSPE-clustering/zika/kmer15/intermediate/reverse3263-3764.int.kmc_pre, /datater/wu/data/MSSPE-clustering/zika/kmer15/intermediate/reverse3263-3764.int.kmc_suf
    jobid: 19
    wildcards: sample=zika, seg=3263-3764


[Thu Apr 29 14:59:42 2021]
rule countKmer1:
    input: /datater/wu/data/MSSPE-clustering/zika/splitFiles/reverse7028-7529.fasta
    output: /datater/wu/data/MSSPE-clustering/zika/kmer15/intermediate/reverse7028-7529.int.kmc_pre, /datater/wu/data/MSSPE-clustering/zika/kmer15/intermediate/reverse7028-7529.int.kmc_suf
    jobid: 51
    wildcards: sample=zika, seg=7028-7529

[Thu Apr 29 14:59:45 2021]
Finished job 79.
1 of 119 steps (0.84%) done
Select jobs to execute...

[Thu Apr 29 14:59:45 2021]
rule countKmer1:
    input: /datater/wu/data/MSSPE-clustering/zika/splitFiles/reverse3765-4266.fasta
    output: /datater/wu/data/MSSPE-clustering/zika/kmer15/intermediate/reverse3765-4266.int.kmc_pre, /datater/wu/data/MSSPE-clustering/zika/kmer15/intermediate/reverse3765-4266.int.kmc_suf
    jobid: 123
    wildcards: sample=zika, seg=3765-4266

[Thu Apr 29 14:59:45 2021]
Finished job 139.
2 of 119 steps (2%) done
Select jobs to execute...

[Thu Apr 29 14:59:45 2021]
rule countKmer2:
    input: /datater/wu/data/MSSPE-clustering/zika/kmer15/intermediate/reverse502-1003.int.kmc_pre, /datater/wu/data/MSSPE-clustering/zika/kmer15/intermediate/reverse502-1003.int.kmc_suf
    output: /datater/wu/data/MSSPE-clustering/zika/kmer15/intermediate/reverse502-1003.Kmercount.txt
    jobid: 78
    wildcards: sample=zika, seg=502-1003

[Thu Apr 29 14:59:45 2021]
Finished job 27.
3 of 119 steps (3%) done
Select jobs to execute...

[Thu Apr 29 14:59:45 2021]
rule filtering1:
    input: /datater/wu/data/MSSPE-clustering/zika/kmer15/intermediate/reverse7279-7780.Kmercount.sorted.txt
    output: /datater/wu/data/MSSPE-clustering/zika/kmer15/intermediate/reverse7279-7780.Kmercount.sorted.calculated.txt
    jobid: 176
    wildcards: sample=zika, seg=7279-7780

[Thu Apr 29 14:59:45 2021]
Finished job 87.
4 of 119 steps (3%) done
Select jobs to execute...
[Thu Apr 29 14:59:45 2021]
Finished job 19.
5 of 119 steps (4%) done

[Thu Apr 29 14:59:45 2021]
rule countKmer1:
    input: /datater/wu/data/MSSPE-clustering/zika/splitFiles/reverse8032-8533.fasta
    output: /datater/wu/data/MSSPE-clustering/zika/kmer15/intermediate/reverse8032-8533.int.kmc_pre, /datater/wu/data/MSSPE-clustering/zika/kmer15/intermediate/reverse8032-8533.int.kmc_suf
    jobid: 71
    wildcards: sample=zika, seg=8032-8533

Select jobs to execute...
[Thu Apr 29 14:59:45 2021]
Finished job 51.
6 of 119 steps (5%) done

[Thu Apr 29 14:59:45 2021]
rule countKmer2:
    input: /datater/wu/data/MSSPE-clustering/zika/kmer15/intermediate/reverse10040-10541.int.kmc_pre, /datater/wu/data/MSSPE-clustering/zika/kmer15/intermediate/reverse10040-10541.int.kmc_suf
    output: /datater/wu/data/MSSPE-clustering/zika/kmer15/intermediate/reverse10040-10541.Kmercount.txt
    jobid: 26
    wildcards: sample=zika, seg=10040-10541

Select jobs to execute...

[Thu Apr 29 14:59:45 2021]
rule countKmer2:
    input: /datater/wu/data/MSSPE-clustering/zika/kmer15/intermediate/reverse8534-9035.int.kmc_pre, /datater/wu/data/MSSPE-clustering/zika/kmer15/intermediate/reverse8534-9035.int.kmc_suf
    output: /datater/wu/data/MSSPE-clustering/zika/kmer15/intermediate/reverse8534-9035.Kmercount.txt
    jobid: 86
    wildcards: sample=zika, seg=8534-9035

[Thu Apr 29 14:59:45 2021]
Finished job 78.
7 of 119 steps (6%) done
Select jobs to execute...

[Thu Apr 29 14:59:45 2021]
rule countKmer1:
    input: /datater/wu/data/MSSPE-clustering/zika/splitFiles/reverse9287-9788.fasta
    output: /datater/wu/data/MSSPE-clustering/zika/kmer15/intermediate/reverse9287-9788.int.kmc_pre, /datater/wu/data/MSSPE-clustering/zika/kmer15/intermediate/reverse9287-9788.int.kmc_suf
    jobid: 131
    wildcards: sample=zika, seg=9287-9788

[Thu Apr 29 14:59:46 2021]
Finished job 26.
8 of 119 steps (7%) done
Select jobs to execute...

[Thu Apr 29 14:59:46 2021]
rule countKmer2:
    input: /datater/wu/data/MSSPE-clustering/zika/kmer15/intermediate/reverse5020-5521.int.kmc_pre, /datater/wu/data/MSSPE-clustering/zika/kmer15/intermediate/reverse5020-5521.int.kmc_suf
    output: /datater/wu/data/MSSPE-clustering/zika/kmer15/intermediate/reverse5020-5521.Kmercount.txt
    jobid: 138
    wildcards: sample=zika, seg=5020-5521

[Thu Apr 29 14:59:46 2021]
Finished job 86.
9 of 119 steps (8%) done
Select jobs to execute...

[Thu Apr 29 14:59:46 2021]
rule countKmer2:
    input: /datater/wu/data/MSSPE-clustering/zika/kmer15/intermediate/reverse3263-3764.int.kmc_pre, /datater/wu/data/MSSPE-clustering/zika/kmer15/intermediate/reverse3263-3764.int.kmc_suf
    output: /datater/wu/data/MSSPE-clustering/zika/kmer15/intermediate/reverse3263-3764.Kmercount.txt
    jobid: 18
    wildcards: sample=zika, seg=3263-3764

[Thu Apr 29 14:59:46 2021]
Finished job 176.
10 of 119 steps (8%) done
Select jobs to execute...

[Thu Apr 29 14:59:46 2021]
rule countKmer1:
    input: /datater/wu/data/MSSPE-clustering/zika/splitFiles/reverse6275-6776.fasta
    output: /datater/wu/data/MSSPE-clustering/zika/kmer15/intermediate/reverse6275-6776.int.kmc_pre, /datater/wu/data/MSSPE-clustering/zika/kmer15/intermediate/reverse6275-6776.int.kmc_suf
    jobid: 147
    wildcards: sample=zika, seg=6275-6776

[Thu Apr 29 14:59:46 2021]
Finished job 138.
11 of 119 steps (9%) done
Select jobs to execute...

[Thu Apr 29 14:59:46 2021]
rule calculateKmer_sort:
    input: /datater/wu/data/MSSPE-clustering/zika/kmer15/intermediate/reverse4518-5019.Kmercount.txt
    output: /datater/wu/data/MSSPE-clustering/zika/kmer15/intermediate/reverse4518-5019.Kmercount.sorted.txt
    jobid: 169
    wildcards: sample=zika, seg=4518-5019

[Thu Apr 29 14:59:46 2021]
Finished job 169.
12 of 119 steps (10%) done
Select jobs to execute...
[Thu Apr 29 14:59:46 2021]
Finished job 18.
13 of 119 steps (11%) done

[Thu Apr 29 14:59:46 2021]
rule filtering1:
    input: /datater/wu/data/MSSPE-clustering/zika/kmer15/intermediate/reverse4518-5019.Kmercount.sorted.txt
    output: /datater/wu/data/MSSPE-clustering/zika/kmer15/intermediate/reverse4518-5019.Kmercount.sorted.calculated.txt
    jobid: 168
    wildcards: sample=zika, seg=4518-5019

Select jobs to execute...

[Thu Apr 29 14:59:46 2021]
rule countKmer1:
    input: /datater/wu/data/MSSPE-clustering/zika/splitFiles/reverse9036-9537.fasta
    output: /datater/wu/data/MSSPE-clustering/zika/kmer15/intermediate/reverse9036-9537.int.kmc_pre, /datater/wu/data/MSSPE-clustering/zika/kmer15/intermediate/reverse9036-9537.int.kmc_suf
    jobid: 95
    wildcards: sample=zika, seg=9036-9537

[Thu Apr 29 14:59:47 2021]
Finished job 123.
14 of 119 steps (12%) done
Select jobs to execute...

[Thu Apr 29 14:59:47 2021]
rule countKmer1:
    input: /datater/wu/data/MSSPE-clustering/zika/splitFiles/reverse2008-2509.fasta
    output: /datater/wu/data/MSSPE-clustering/zika/kmer15/intermediate/reverse2008-2509.int.kmc_pre, /datater/wu/data/MSSPE-clustering/zika/kmer15/intermediate/reverse2008-2509.int.kmc_suf
    jobid: 155
    wildcards: sample=zika, seg=2008-2509

[Thu Apr 29 14:59:47 2021]
Finished job 168.
15 of 119 steps (13%) done
Select jobs to execute...

[Thu Apr 29 14:59:47 2021]
rule countKmer1:
    input: /datater/wu/data/MSSPE-clustering/zika/splitFiles/reverse5522-6023.fasta
    output: /datater/wu/data/MSSPE-clustering/zika/kmer15/intermediate/reverse5522-6023.int.kmc_pre, /datater/wu/data/MSSPE-clustering/zika/kmer15/intermediate/reverse5522-6023.int.kmc_suf
    jobid: 103
    wildcards: sample=zika, seg=5522-6023

[Thu Apr 29 14:59:48 2021]
Finished job 71.
16 of 119 steps (13%) done
Select jobs to execute...
[Thu Apr 29 14:59:48 2021]
Finished job 131.
17 of 119 steps (14%) done

[Thu Apr 29 14:59:48 2021]
rule countKmer1:
    input: /datater/wu/data/MSSPE-clustering/zika/splitFiles/reverse7530-8031.fasta
    output: /datater/wu/data/MSSPE-clustering/zika/kmer15/intermediate/reverse7530-8031.int.kmc_pre, /datater/wu/data/MSSPE-clustering/zika/kmer15/intermediate/reverse7530-8031.int.kmc_suf
    jobid: 163
    wildcards: sample=zika, seg=7530-8031

Select jobs to execute...

[Thu Apr 29 14:59:48 2021]
rule calculateKmer_sort:
    input: /datater/wu/data/MSSPE-clustering/zika/kmer15/intermediate/reverse8283-8784.Kmercount.txt
    output: /datater/wu/data/MSSPE-clustering/zika/kmer15/intermediate/reverse8283-8784.Kmercount.sorted.txt
    jobid: 125
    wildcards: sample=zika, seg=8283-8784

[Thu Apr 29 14:59:48 2021]
Finished job 125.
18 of 119 steps (15%) done
Select jobs to execute...

[Thu Apr 29 14:59:48 2021]
rule filtering1:
    input: /datater/wu/data/MSSPE-clustering/zika/kmer15/intermediate/reverse8283-8784.Kmercount.sorted.txt
    output: /datater/wu/data/MSSPE-clustering/zika/kmer15/intermediate/reverse8283-8784.Kmercount.sorted.calculated.txt
    jobid: 124
    wildcards: sample=zika, seg=8283-8784

[Thu Apr 29 14:59:48 2021]
Finished job 147.
19 of 119 steps (16%) done
Select jobs to execute...

[Thu Apr 29 14:59:49 2021]
rule countKmer2:
    input: /datater/wu/data/MSSPE-clustering/zika/kmer15/intermediate/reverse6275-6776.int.kmc_pre, /datater/wu/data/MSSPE-clustering/zika/kmer15/intermediate/reverse6275-6776.int.kmc_suf
    output: /datater/wu/data/MSSPE-clustering/zika/kmer15/intermediate/reverse6275-6776.Kmercount.txt
    jobid: 146
    wildcards: sample=zika, seg=6275-6776

[Thu Apr 29 14:59:49 2021]
Finished job 95.
20 of 119 steps (17%) done
Select jobs to execute...
[Thu Apr 29 14:59:49 2021]
Finished job 124.
21 of 119 steps (18%) done

[Thu Apr 29 14:59:49 2021]
rule countKmer2:
    input: /datater/wu/data/MSSPE-clustering/zika/kmer15/intermediate/reverse9036-9537.int.kmc_pre, /datater/wu/data/MSSPE-clustering/zika/kmer15/intermediate/reverse9036-9537.int.kmc_suf
    output: /datater/wu/data/MSSPE-clustering/zika/kmer15/intermediate/reverse9036-9537.Kmercount.txt
    jobid: 94
    wildcards: sample=zika, seg=9036-9537

Select jobs to execute...

[Thu Apr 29 14:59:49 2021]
rule calculateKmer_sort:
    input: /datater/wu/data/MSSPE-clustering/zika/kmer15/intermediate/reverse2510-3011.Kmercount.txt
    output: /datater/wu/data/MSSPE-clustering/zika/kmer15/intermediate/reverse2510-3011.Kmercount.sorted.txt
    jobid: 185
    wildcards: sample=zika, seg=2510-3011

[Thu Apr 29 14:59:49 2021]
Finished job 185.
22 of 119 steps (18%) done
Select jobs to execute...

[Thu Apr 29 14:59:49 2021]
rule filtering1:
    input: /datater/wu/data/MSSPE-clustering/zika/kmer15/intermediate/reverse2510-3011.Kmercount.sorted.txt
    output: /datater/wu/data/MSSPE-clustering/zika/kmer15/intermediate/reverse2510-3011.Kmercount.sorted.calculated.txt
    jobid: 184
    wildcards: sample=zika, seg=2510-3011

[Thu Apr 29 14:59:49 2021]
Finished job 146.
23 of 119 steps (19%) done
Select jobs to execute...

[Thu Apr 29 14:59:49 2021]
rule countKmer1:
    input: /datater/wu/data/MSSPE-clustering/zika/splitFiles/reverse3514-4015.fasta
    output: /datater/wu/data/MSSPE-clustering/zika/kmer15/intermediate/reverse3514-4015.int.kmc_pre, /datater/wu/data/MSSPE-clustering/zika/kmer15/intermediate/reverse3514-4015.int.kmc_suf
    jobid: 35
    wildcards: sample=zika, seg=3514-4015

[Thu Apr 29 14:59:49 2021]
Finished job 94.
24 of 119 steps (20%) done
Select jobs to execute...

[Thu Apr 29 14:59:49 2021]
rule calculateKmer_sort:
    input: /datater/wu/data/MSSPE-clustering/zika/kmer15/intermediate/reverse9036-9537.Kmercount.txt
    output: /datater/wu/data/MSSPE-clustering/zika/kmer15/intermediate/reverse9036-9537.Kmercount.sorted.txt
    jobid: 93
    wildcards: sample=zika, seg=9036-9537

[Thu Apr 29 14:59:49 2021]
Finished job 93.
25 of 119 steps (21%) done
Select jobs to execute...

[Thu Apr 29 14:59:49 2021]
rule countKmer1:
    input: /datater/wu/data/MSSPE-clustering/zika/splitFiles/reverse10542-10778.fasta
    output: /datater/wu/data/MSSPE-clustering/zika/kmer15/intermediate/reverse10542-10778.int.kmc_pre, /datater/wu/data/MSSPE-clustering/zika/kmer15/intermediate/reverse10542-10778.int.kmc_suf
    jobid: 43
    wildcards: sample=zika, seg=10542-10778

[Thu Apr 29 14:59:49 2021]
Finished job 103.
26 of 119 steps (22%) done
Select jobs to execute...

[Thu Apr 29 14:59:49 2021]
rule countKmer2:
    input: /datater/wu/data/MSSPE-clustering/zika/kmer15/intermediate/reverse5522-6023.int.kmc_pre, /datater/wu/data/MSSPE-clustering/zika/kmer15/intermediate/reverse5522-6023.int.kmc_suf
    output: /datater/wu/data/MSSPE-clustering/zika/kmer15/intermediate/reverse5522-6023.Kmercount.txt
    jobid: 102
    wildcards: sample=zika, seg=5522-6023

[Thu Apr 29 14:59:50 2021]
Finished job 155.
27 of 119 steps (23%) done
Select jobs to execute...

[Thu Apr 29 14:59:50 2021]
rule countKmer2:
    input: /datater/wu/data/MSSPE-clustering/zika/kmer15/intermediate/reverse2008-2509.int.kmc_pre, /datater/wu/data/MSSPE-clustering/zika/kmer15/intermediate/reverse2008-2509.int.kmc_suf
    output: /datater/wu/data/MSSPE-clustering/zika/kmer15/intermediate/reverse2008-2509.Kmercount.txt
    jobid: 154
    wildcards: sample=zika, seg=2008-2509

[Thu Apr 29 14:59:50 2021]
Finished job 184.
28 of 119 steps (24%) done
Select jobs to execute...

[Thu Apr 29 14:59:50 2021]
rule filtering1:
    input: /datater/wu/data/MSSPE-clustering/zika/kmer15/intermediate/reverse251-752.Kmercount.sorted.txt
    output: /datater/wu/data/MSSPE-clustering/zika/kmer15/intermediate/reverse251-752.Kmercount.sorted.calculated.txt
    jobid: 140
    wildcards: sample=zika, seg=251-752

[Thu Apr 29 14:59:50 2021]
Finished job 102.
29 of 119 steps (24%) done
Select jobs to execute...

[Thu Apr 29 14:59:50 2021]
rule countKmer1:
    input: /datater/wu/data/MSSPE-clustering/zika/splitFiles/reverse4016-4517.fasta
    output: /datater/wu/data/MSSPE-clustering/zika/kmer15/intermediate/reverse4016-4517.int.kmc_pre, /datater/wu/data/MSSPE-clustering/zika/kmer15/intermediate/reverse4016-4517.int.kmc_suf
    jobid: 183
    wildcards: sample=zika, seg=4016-4517

[Thu Apr 29 14:59:50 2021]
Finished job 154.
30 of 119 steps (25%) done
Select jobs to execute...
[Thu Apr 29 14:59:50 2021]
Finished job 163.
31 of 119 steps (26%) done

[Thu Apr 29 14:59:50 2021]
rule calculateKmer_sort:
    input: /datater/wu/data/MSSPE-clustering/zika/kmer15/intermediate/reverse2008-2509.Kmercount.txt
    output: /datater/wu/data/MSSPE-clustering/zika/kmer15/intermediate/reverse2008-2509.Kmercount.sorted.txt
    jobid: 153
    wildcards: sample=zika, seg=2008-2509

Select jobs to execute...
[Thu Apr 29 14:59:50 2021]
Finished job 153.
32 of 119 steps (27%) done

[Thu Apr 29 14:59:50 2021]
rule countKmer2:
    input: /datater/wu/data/MSSPE-clustering/zika/kmer15/intermediate/reverse7530-8031.int.kmc_pre, /datater/wu/data/MSSPE-clustering/zika/kmer15/intermediate/reverse7530-8031.int.kmc_suf
    output: /datater/wu/data/MSSPE-clustering/zika/kmer15/intermediate/reverse7530-8031.Kmercount.txt
    jobid: 162
    wildcards: sample=zika, seg=7530-8031

Select jobs to execute...

[Thu Apr 29 14:59:50 2021]
rule calculateKmer_sort:
    input: /datater/wu/data/MSSPE-clustering/zika/kmer15/intermediate/reverse5020-5521.Kmercount.txt
    output: /datater/wu/data/MSSPE-clustering/zika/kmer15/intermediate/reverse5020-5521.Kmercount.sorted.txt
    jobid: 137
    wildcards: sample=zika, seg=5020-5521

[Thu Apr 29 14:59:50 2021]
Finished job 137.
33 of 119 steps (28%) done
Select jobs to execute...

[Thu Apr 29 14:59:50 2021]
rule countKmer2:
    input: /datater/wu/data/MSSPE-clustering/zika/kmer15/intermediate/reverse7028-7529.int.kmc_pre, /datater/wu/data/MSSPE-clustering/zika/kmer15/intermediate/reverse7028-7529.int.kmc_suf
    output: /datater/wu/data/MSSPE-clustering/zika/kmer15/intermediate/reverse7028-7529.Kmercount.txt
    jobid: 50
    wildcards: sample=zika, seg=7028-7529

[Thu Apr 29 14:59:50 2021]
Finished job 162.
34 of 119 steps (29%) done
Select jobs to execute...

[Thu Apr 29 14:59:51 2021]
rule calculateKmer_sort:
    input: /datater/wu/data/MSSPE-clustering/zika/kmer15/intermediate/reverse5522-6023.Kmercount.txt
    output: /datater/wu/data/MSSPE-clustering/zika/kmer15/intermediate/reverse5522-6023.Kmercount.sorted.txt
    jobid: 101
    wildcards: sample=zika, seg=5522-6023

[Thu Apr 29 14:59:51 2021]
Finished job 101.
35 of 119 steps (29%) done
Select jobs to execute...

[Thu Apr 29 14:59:51 2021]
rule calculateKmer_sort:
    input: /datater/wu/data/MSSPE-clustering/zika/kmer15/intermediate/reverse4769-5270.Kmercount.txt
    output: /datater/wu/data/MSSPE-clustering/zika/kmer15/intermediate/reverse4769-5270.Kmercount.sorted.txt
    jobid: 65
    wildcards: sample=zika, seg=4769-5270

[Thu Apr 29 14:59:51 2021]
Finished job 65.
36 of 119 steps (30%) done
Select jobs to execute...
[Thu Apr 29 14:59:51 2021]
Finished job 50.
37 of 119 steps (31%) done

[Thu Apr 29 14:59:51 2021]
rule filtering1:
    input: /datater/wu/data/MSSPE-clustering/zika/kmer15/intermediate/reverse4769-5270.Kmercount.sorted.txt
    output: /datater/wu/data/MSSPE-clustering/zika/kmer15/intermediate/reverse4769-5270.Kmercount.sorted.calculated.txt
    jobid: 64
    wildcards: sample=zika, seg=4769-5270

Select jobs to execute...

[Thu Apr 29 14:59:51 2021]
rule calculateKmer_sort:
    input: /datater/wu/data/MSSPE-clustering/zika/kmer15/intermediate/reverse7028-7529.Kmercount.txt
    output: /datater/wu/data/MSSPE-clustering/zika/kmer15/intermediate/reverse7028-7529.Kmercount.sorted.txt
    jobid: 49
    wildcards: sample=zika, seg=7028-7529

[Thu Apr 29 14:59:51 2021]
Finished job 49.
38 of 119 steps (32%) done
Select jobs to execute...
[Thu Apr 29 14:59:51 2021]
Finished job 140.
39 of 119 steps (33%) done

[Thu Apr 29 14:59:51 2021]
rule filtering1:
    input: /datater/wu/data/MSSPE-clustering/zika/kmer15/intermediate/reverse7028-7529.Kmercount.sorted.txt
    output: /datater/wu/data/MSSPE-clustering/zika/kmer15/intermediate/reverse7028-7529.Kmercount.sorted.calculated.txt
    jobid: 48
    wildcards: sample=zika, seg=7028-7529

Select jobs to execute...

[Thu Apr 29 14:59:51 2021]
rule filtering1:
    input: /datater/wu/data/MSSPE-clustering/zika/kmer15/intermediate/reverse5020-5521.Kmercount.sorted.txt
    output: /datater/wu/data/MSSPE-clustering/zika/kmer15/intermediate/reverse5020-5521.Kmercount.sorted.calculated.txt
    jobid: 136
    wildcards: sample=zika, seg=5020-5521

[Thu Apr 29 14:59:51 2021]
Error in rule countKmer1:
    jobid: 35
    output: /datater/wu/data/MSSPE-clustering/zika/kmer15/intermediate/reverse3514-4015.int.kmc_pre, /datater/wu/data/MSSPE-clustering/zika/kmer15/intermediate/reverse3514-4015.int.kmc_suf
    shell:
        
        kmc         -k15         -b         -cs9999999999         -t12         -fa         /datater/wu/data/MSSPE-clustering/zika/splitFiles/reverse3514-4015.fasta /datater/wu/data/MSSPE-clustering/zika/kmer15/intermediate/reverse3514-4015.int /datater/wu/data/MSSPE-clustering/zika/kmer15/intermediate/
        
        (one of the commands exited with non-zero exit code; note that snakemake uses bash strict mode!)

[Thu Apr 29 14:59:51 2021]
Finished job 64.
40 of 119 steps (34%) done
[Thu Apr 29 14:59:52 2021]
Finished job 48.
41 of 119 steps (34%) done
[Thu Apr 29 14:59:52 2021]
Finished job 136.
42 of 119 steps (35%) done
[Thu Apr 29 14:59:52 2021]
Finished job 43.
43 of 119 steps (36%) done
[Thu Apr 29 14:59:53 2021]
Finished job 183.
44 of 119 steps (37%) done
Shutting down, this might take some time.
Exiting because a job execution failed. Look above for error message
Complete log: /datater/wu/MSSPE/.snakemake/log/2021-04-29T145941.964590.snakemake.log
