The flag 'directory' used in rule count_kmers is only valid for outputs, not inputs.
Building DAG of jobs...
Using shell: /bin/bash
Provided cores: 1 (use --cores to define parallelism)
Rules claiming more threads will be scaled down.
Conda environments: ignored
Job counts:
	count	jobs
	1	count_kmers
	1
Select jobs to execute...

[Thu Feb 25 09:38:30 2021]
rule count_kmers:
    input: test/splitFiles
    output: test/kmerCounting/dsk
    log: test/dsk_output
    jobid: 0

Shutting down, this might take some time.
Exiting because a job execution failed. Look above for error message
Complete log: /databis/wu/stage_m2/.snakemake/log/2021-02-25T093829.940358.snakemake.log
