Building DAG of jobs...
Using shell: /bin/bash
Provided cores: 12
Rules claiming more threads will be scaled down.
Conda environments: ignored
Job counts:
	count	jobs
	1	all
	1	splitFiles
	2
Select jobs to execute...

[Wed Mar 10 09:53:16 2021]
rule splitFiles:
    input: /datater/wu/data/msa/zika.msa
    output: /datater/wu/data/zika/split_forward/position_{*}.fasta (dynamic)
    jobid: 3
    wildcards: sample=zika

Subsequent jobs will be added dynamically depending on the output of this job
Dynamically updating jobs
[Wed Mar 10 09:53:17 2021]
Finished job 3.
1 of 1 steps (100%) done
Complete log: /datater/wu/stage_m2/.snakemake/log/2021-03-10T095316.284531.snakemake.log
