Building DAG of jobs...
Updating job filtering2.
Updating job filtering2.
Using shell: /bin/bash
Provided cores: 12
Rules claiming more threads will be scaled down.
Conda environments: ignored
Job counts:
	count	jobs
	1	all
	2	evaluation2
	3
Select jobs to execute...

[Tue Apr 27 12:08:41 2021]
rule evaluation2:
    input: /datater/wu/data/MSSPE-basic/zika/kmer13/allOligo.set, /datater/wu/data/MSSPE-basic/zika/kmer13/intermediate/aceID-taxID-species.tsv
    output: /datater/wu/data/MSSPE-basic/zika/kmer13/evaluation/allOligo.set.coverage
    jobid: 23
    wildcards: sample=zika

[Tue Apr 27 12:08:41 2021]
rule evaluation2:
    input: /datater/wu/data/MSSPE-basic/enterovirus/kmer13/allOligo.set, /datater/wu/data/MSSPE-basic/enterovirus/kmer13/intermediate/aceID-taxID-species.tsv
    output: /datater/wu/data/MSSPE-basic/enterovirus/kmer13/evaluation/allOligo.set.coverage
    jobid: 22
    wildcards: sample=enterovirus

[Tue Apr 27 12:08:42 2021]
Finished job 23.
1 of 3 steps (33%) done
[Tue Apr 27 12:08:44 2021]
Finished job 22.
2 of 3 steps (67%) done
Select jobs to execute...

[Tue Apr 27 12:08:44 2021]
localrule all:
    input: /datater/wu/data/MSSPE-basic/enterovirus/enterovirus.uniq, /datater/wu/data/MSSPE-basic/zika/zika.uniq, /datater/wu/data/MSSPE-basic/enterovirus/enterovirus.msa, /datater/wu/data/MSSPE-basic/zika/zika.msa, /datater/wu/data/MSSPE-basic/enterovirus/kmer13/allKmercount.sorted.calculated.txt, /datater/wu/data/MSSPE-basic/zika/kmer13/allKmercount.sorted.calculated.txt, /datater/wu/data/MSSPE-basic/enterovirus/kmer13/allKmerCount.sorted.calculated.filtered.txt, /datater/wu/data/MSSPE-basic/zika/kmer13/allKmerCount.sorted.calculated.filtered.txt, /datater/wu/data/MSSPE-basic/enterovirus/kmer13/intermediate/allKmerCount.sorted.calculated.filtered.fasta, /datater/wu/data/MSSPE-basic/zika/kmer13/intermediate/allKmerCount.sorted.calculated.filtered.fasta, /datater/wu/data/RefSeqProkaryota/RefSeqProkaryota.DB.1.ebwt, /datater/wu/data/RefSeqProkaryota/RefSeqProkaryota.DB.2.ebwt, /datater/wu/data/RefSeqProkaryota/RefSeqProkaryota.DB.3.ebwt, /datater/wu/data/RefSeqProkaryota/RefSeqProkaryota.DB.4.ebwt, /datater/wu/data/RefSeqProkaryota/RefSeqProkaryota.DB.rev.1.ebwt, /datater/wu/data/RefSeqProkaryota/RefSeqProkaryota.DB.rev.2.ebwt, /datater/wu/data/MSSPE-basic/enterovirus/kmer13/intermediate/allKmerCount.sorted.calculated.filtered.bowtie, /datater/wu/data/MSSPE-basic/zika/kmer13/intermediate/allKmerCount.sorted.calculated.filtered.bowtie, /datater/wu/data/MSSPE-basic/enterovirus/kmer13/allKmerCount.sorted.calculated.filtered.spec.txt, /datater/wu/data/MSSPE-basic/zika/kmer13/allKmerCount.sorted.calculated.filtered.spec.txt, /datater/wu/data/MSSPE-basic/enterovirus/kmer13/allOligo.set, /datater/wu/data/MSSPE-basic/zika/kmer13/allOligo.set, /datater/wu/data/MSSPE-basic/enterovirus/kmer13/intermediate/aceID-taxID-species.tsv, /datater/wu/data/MSSPE-basic/zika/kmer13/intermediate/aceID-taxID-species.tsv, /datater/wu/data/MSSPE-basic/enterovirus/kmer13/evaluation/allOligo.set.coverage, /datater/wu/data/MSSPE-basic/zika/kmer13/evaluation/allOligo.set.coverage, /datater/wu/data/MSSPE-basic/enterovirus/kmer13/evaluation/allOligo_before.tsv, /datater/wu/data/MSSPE-basic/zika/kmer13/evaluation/allOligo_before.tsv, /datater/wu/data/MSSPE-basic/enterovirus/kmer13/evaluation/allOligo_after1.tsv, /datater/wu/data/MSSPE-basic/zika/kmer13/evaluation/allOligo_after1.tsv, /datater/wu/data/MSSPE-basic/enterovirus/kmer13/evaluation/allOligo_after2.tsv, /datater/wu/data/MSSPE-basic/zika/kmer13/evaluation/allOligo_after2.tsv, /datater/wu/data/MSSPE-basic/enterovirus/kmer13/evaluation/allOligo_after3.tsv, /datater/wu/data/MSSPE-basic/zika/kmer13/evaluation/allOligo_after3.tsv
    jobid: 0

[Tue Apr 27 12:08:44 2021]
Finished job 0.
3 of 3 steps (100%) done
Complete log: /datater/wu/MSSPE/.snakemake/log/2021-04-27T120841.028331.snakemake.log
