Building DAG of jobs...
Updating job dskReverse.
Updating job all.
Using shell: /bin/bash
Provided cores: 12
Rules claiming more threads will be scaled down.
Conda environments: ignored
Job counts:
	count	jobs
	1	aggregate_allReverseOligo
	1	all
	1	allToFasta
	80	dskReverse
	80	dskReverseOutput
	80	dskReverseOutputSort
	80	reverse_add_LC
	1	reverse_filtering
	80	reverse_linguistic_complexity
	80	reverse_parameters
	80	reverse_toFasta
	37	splitFiles
	601
Select jobs to execute...

[Mon Mar 15 11:27:13 2021]
rule dskReverse:
    input: /datater/wu/data/zika/splitFiles/reverse0-501.fasta
    output: /datater/wu/data/zika/dsk/reverse0-501.h5
    jobid: 343
    wildcards: sample=zika, seg=0-501


[Mon Mar 15 11:27:13 2021]
rule dskReverse:
    input: /datater/wu/data/zika/splitFiles/reverse5773-6274.fasta
    output: /datater/wu/data/zika/dsk/reverse5773-6274.h5
    jobid: 354
    wildcards: sample=zika, seg=5773-6274


[Mon Mar 15 11:27:13 2021]
rule dskReverse:
    input: /datater/wu/data/zika/splitFiles/reverse6526-7027.fasta
    output: /datater/wu/data/zika/dsk/reverse6526-7027.h5
    jobid: 315
    wildcards: sample=zika, seg=6526-7027


[Mon Mar 15 11:27:13 2021]
checkpoint splitFiles:
    input: /datater/wu/data/msa/zika.msa
    output: /datater/wu/data/zika/splitFiles/reverse3048-3552.fasta (dynamic)
    jobid: 251
    wildcards: sample=zika, seg=3048-3552
Downstream jobs will be updated after completion.

Subsequent jobs will be added dynamically depending on the output of this job

[Mon Mar 15 11:27:13 2021]
checkpoint splitFiles:
    input: /datater/wu/data/msa/zika.msa
    output: /datater/wu/data/zika/splitFiles/reverse7874-8378.fasta (dynamic)
    jobid: 131
    wildcards: sample=zika, seg=7874-8378
Downstream jobs will be updated after completion.

Subsequent jobs will be added dynamically depending on the output of this job

[Mon Mar 15 11:27:13 2021]
rule dskReverse:
    input: /datater/wu/data/zika/splitFiles/reverse251-752.fasta
    output: /datater/wu/data/zika/dsk/reverse251-752.h5
    jobid: 330
    wildcards: sample=zika, seg=251-752


[Mon Mar 15 11:27:13 2021]
rule dskReverse:
    input: /datater/wu/data/zika/splitFiles/reverse5271-5772.fasta
    output: /datater/wu/data/zika/dsk/reverse5271-5772.h5
    jobid: 345
    wildcards: sample=zika, seg=5271-5772


[Mon Mar 15 11:27:13 2021]
checkpoint splitFiles:
    input: /datater/wu/data/msa/zika.msa
    output: /datater/wu/data/zika/splitFiles/reverse5080-5584.fasta (dynamic)
    jobid: 235
    wildcards: sample=zika, seg=5080-5584
Downstream jobs will be updated after completion.

Subsequent jobs will be added dynamically depending on the output of this job

[Mon Mar 15 11:27:13 2021]
rule dskReverse:
    input: /datater/wu/data/zika/splitFiles/reverse7530-8031.fasta
    output: /datater/wu/data/zika/dsk/reverse7530-8031.h5
    jobid: 314
    wildcards: sample=zika, seg=7530-8031


[Mon Mar 15 11:27:13 2021]
rule dskReverse:
    input: /datater/wu/data/zika/splitFiles/reverse753-1254.fasta
    output: /datater/wu/data/zika/dsk/reverse753-1254.h5
    jobid: 329
    wildcards: sample=zika, seg=753-1254


[Mon Mar 15 11:27:13 2021]
rule dskReverse:
    input: /datater/wu/data/zika/splitFiles/reverse1004-1505.fasta
    output: /datater/wu/data/zika/dsk/reverse1004-1505.h5
    jobid: 344
    wildcards: sample=zika, seg=1004-1505


[Mon Mar 15 11:27:13 2021]
rule dskReverse:
    input: /datater/wu/data/zika/splitFiles/reverse3263-3764.fasta
    output: /datater/wu/data/zika/dsk/reverse3263-3764.h5
    jobid: 316
    wildcards: sample=zika, seg=3263-3764

[Mon Mar 15 11:27:15 2021]
Finished job 329.
1 of 601 steps (0.17%) done
[Mon Mar 15 11:27:15 2021]
Finished job 330.
2 of 601 steps (0.33%) done
Select jobs to execute...
[Mon Mar 15 11:27:15 2021]
Finished job 354.
3 of 601 steps (0.50%) done

[Mon Mar 15 11:27:15 2021]
Finished job 345.
4 of 601 steps (0.67%) done
[Mon Mar 15 11:27:15 2021]
checkpoint splitFiles:
    input: /datater/wu/data/msa/zika.msa
    output: /datater/wu/data/zika/splitFiles/reverse4826-5330.fasta (dynamic)
    jobid: 195
    wildcards: sample=zika, seg=4826-5330
Downstream jobs will be updated after completion.

Subsequent jobs will be added dynamically depending on the output of this job
[Mon Mar 15 11:27:15 2021]
Finished job 314.

5 of 601 steps (0.83%) done
[Mon Mar 15 11:27:15 2021]
rule dskReverse:
    input: /datater/wu/data/zika/splitFiles/reverse9789-10290.fasta
    output: /datater/wu/data/zika/dsk/reverse9789-10290.h5
    jobid: 348
    wildcards: sample=zika, seg=9789-10290

[Mon Mar 15 11:27:15 2021]
Finished job 344.
6 of 601 steps (1.00%) done
[Mon Mar 15 11:27:15 2021]
Finished job 315.
7 of 601 steps (1%) done
[Mon Mar 15 11:27:15 2021]
Finished job 343.
8 of 601 steps (1%) done
Select jobs to execute...

[Mon Mar 15 11:27:16 2021]
checkpoint splitFiles:
    input: /datater/wu/data/msa/zika.msa
    output: /datater/wu/data/zika/splitFiles/reverse8128-8632.fasta (dynamic)
    jobid: 67
    wildcards: sample=zika, seg=8128-8632
Downstream jobs will be updated after completion.

Subsequent jobs will be added dynamically depending on the output of this job

[Mon Mar 15 11:27:16 2021]
checkpoint splitFiles:
    input: /datater/wu/data/msa/zika.msa
    output: /datater/wu/data/zika/splitFiles/reverse6350-6854.fasta (dynamic)
    jobid: 291
    wildcards: sample=zika, seg=6350-6854
Downstream jobs will be updated after completion.

Subsequent jobs will be added dynamically depending on the output of this job

[Mon Mar 15 11:27:16 2021]
rule dskReverseOutput:
    input: /datater/wu/data/zika/dsk/reverse0-501.h5
    output: /datater/wu/data/zika/dsk/reverse0-501.kCount
    jobid: 386
    wildcards: sample=zika, seg=0-501

[Mon Mar 15 11:27:16 2021]
Finished job 316.
9 of 601 steps (1%) done

[Mon Mar 15 11:27:16 2021]
checkpoint splitFiles:
    input: /datater/wu/data/msa/zika.msa
    output: /datater/wu/data/zika/splitFiles/reverse3302-3806.fasta (dynamic)
    jobid: 187
    wildcards: sample=zika, seg=3302-3806
Downstream jobs will be updated after completion.

Subsequent jobs will be added dynamically depending on the output of this job
[Mon Mar 15 11:27:16 2021]
Finished job 386.
10 of 601 steps (2%) done

[Mon Mar 15 11:27:16 2021]
checkpoint splitFiles:
    input: /datater/wu/data/msa/zika.msa
    output: /datater/wu/data/zika/splitFiles/reverse7620-8124.fasta (dynamic)
    jobid: 75
    wildcards: sample=zika, seg=7620-8124
Downstream jobs will be updated after completion.

Subsequent jobs will be added dynamically depending on the output of this job

[Mon Mar 15 11:27:16 2021]
rule dskReverse:
    input: /datater/wu/data/zika/splitFiles/reverse502-1003.fasta
    output: /datater/wu/data/zika/dsk/reverse502-1003.h5
    jobid: 340
    wildcards: sample=zika, seg=502-1003

Select jobs to execute...

[Mon Mar 15 11:27:16 2021]
checkpoint splitFiles:
    input: /datater/wu/data/msa/zika.msa
    output: /datater/wu/data/zika/splitFiles/reverse0-504.fasta (dynamic)
    jobid: 283
    wildcards: sample=zika, seg=0-504
Downstream jobs will be updated after completion.

Subsequent jobs will be added dynamically depending on the output of this job

[Mon Mar 15 11:27:16 2021]
checkpoint splitFiles:
    input: /datater/wu/data/msa/zika.msa
    output: /datater/wu/data/zika/splitFiles/reverse4064-4568.fasta (dynamic)
    jobid: 299
    wildcards: sample=zika, seg=4064-4568
Downstream jobs will be updated after completion.

Subsequent jobs will be added dynamically depending on the output of this job
Select jobs to execute...
Select jobs to execute...
Select jobs to execute...
Select jobs to execute...
Select jobs to execute...
Select jobs to execute...
Select jobs to execute...
[Mon Mar 15 11:27:18 2021]
Finished job 348.
11 of 601 steps (2%) done
Select jobs to execute...

[Mon Mar 15 11:27:18 2021]
rule dskReverse:
    input: /datater/wu/data/zika/splitFiles/reverse9036-9537.fasta
    output: /datater/wu/data/zika/dsk/reverse9036-9537.h5
    jobid: 323
    wildcards: sample=zika, seg=9036-9537

[Mon Mar 15 11:27:18 2021]
Finished job 340.
12 of 601 steps (2%) done
Select jobs to execute...

[Mon Mar 15 11:27:18 2021]
checkpoint splitFiles:
    input: /datater/wu/data/msa/zika.msa
    output: /datater/wu/data/zika/splitFiles/reverse9144-9382.fasta (dynamic)
    jobid: 139
    wildcards: sample=zika, seg=9144-9382
Downstream jobs will be updated after completion.

Subsequent jobs will be added dynamically depending on the output of this job
[Mon Mar 15 11:27:21 2021]
Finished job 323.
13 of 601 steps (2%) done
Shutting down, this might take some time.
Exiting because a job execution failed. Look above for error message
Complete log: /datater/wu/stage_m2/.snakemake/log/2021-03-15T112709.998731.snakemake.log
