Building DAG of jobs...
Using shell: /bin/bash
Provided cores: 32
Rules claiming more threads will be scaled down.
Conda environments: ignored
Job counts:
	count	jobs
	1	all
	1	blastDB
	2
Select jobs to execute...

[Thu Mar 18 10:44:48 2021]
rule blastDB:
    input: /datater/wu/data/zika/zika.uniq
    output: /datater/wu/data/zika/zika.uniq.db.nhr, /datater/wu/data/zika/zika.uniq.db.nin, /datater/wu/data/zika/zika.uniq.db.nog, /datater/wu/data/zika/zika.uniq.db.nsd, /datater/wu/data/zika/zika.uniq.db.nsi, /datater/wu/data/zika/zika.uniq.db.nsq
    jobid: 1
    wildcards: sample=zika

[Thu Mar 18 10:44:48 2021]
Error in rule blastDB:
    jobid: 1
    output: /datater/wu/data/zika/zika.uniq.db.nhr, /datater/wu/data/zika/zika.uniq.db.nin, /datater/wu/data/zika/zika.uniq.db.nog, /datater/wu/data/zika/zika.uniq.db.nsd, /datater/wu/data/zika/zika.uniq.db.nsi, /datater/wu/data/zika/zika.uniq.db.nsq
    shell:
        makeblastdb -in /datater/wu/data/zika/zika.uniq -out /datater/wu/data/zika/zika.uniq.db         -parse_seqids         -title Making {zika} blastDB         -dbtype nucl
        (one of the commands exited with non-zero exit code; note that snakemake uses bash strict mode!)

Shutting down, this might take some time.
Exiting because a job execution failed. Look above for error message
Complete log: /datater/wu/stage_m2/.snakemake/log/2021-03-18T104447.730461.snakemake.log
