The flag 'directory' used in rule dsk is only valid for outputs, not inputs.
Building DAG of jobs...
Using shell: /bin/bash
Provided cores: 1 (use --cores to define parallelism)
Rules claiming more threads will be scaled down.
Conda environments: ignored
Job counts:
	count	jobs
	1	dsk
	1
Select jobs to execute...

[Thu Feb 25 15:13:38 2021]
rule dsk:
    input: test/splitFiles
    output: test/kmerCounting/dsk
    log: test/kmerCounting/dsk/log.txt
    jobid: 0

Removing output files of failed job dsk since they might be corrupted:
test/kmerCounting/dsk
Shutting down, this might take some time.
Exiting because a job execution failed. Look above for error message
Complete log: /databis/wu/stage_m2/.snakemake/log/2021-02-25T151338.120324.snakemake.log
