Building DAG of jobs...
Using shell: /bin/bash
Provided cores: 12
Rules claiming more threads will be scaled down.
Conda environments: ignored
Job counts:
	count	jobs
	1	all
	43	filter_within_seg
	44
Select jobs to execute...

[Tue Mar  9 17:50:14 2021]
rule filter_within_seg:
    input: /datater/wu/data/zika/dsk/forward_2510-3011.kCountSorted
    output: /datater/wu/data/zika/primer3_Tm/forward_2510-3011.Tm
    jobid: 144
    wildcards: sample=zika, seg=2510-3011

[Tue Mar  9 17:50:14 2021]
rule filter_within_seg:
    input: /datater/wu/data/zika/dsk/forward_9287-9788.kCountSorted
    output: /datater/wu/data/zika/primer3_Tm/forward_9287-9788.Tm
    jobid: 143
    wildcards: sample=zika, seg=9287-9788

[Tue Mar  9 17:50:14 2021]
rule filter_within_seg:
    input: /datater/wu/data/zika/dsk/forward_5271-5772.kCountSorted
    output: /datater/wu/data/zika/primer3_Tm/forward_5271-5772.Tm
    jobid: 150
    wildcards: sample=zika, seg=5271-5772

[Tue Mar  9 17:50:14 2021]
rule filter_within_seg:
    input: /datater/wu/data/zika/dsk/forward_5522-6023.kCountSorted
    output: /datater/wu/data/zika/primer3_Tm/forward_5522-6023.Tm
    jobid: 158
    wildcards: sample=zika, seg=5522-6023

[Tue Mar  9 17:50:14 2021]
rule filter_within_seg:
    input: /datater/wu/data/zika/dsk/forward_6275-6776.kCountSorted
    output: /datater/wu/data/zika/primer3_Tm/forward_6275-6776.Tm
    jobid: 165
    wildcards: sample=zika, seg=6275-6776

[Tue Mar  9 17:50:14 2021]
rule filter_within_seg:
    input: /datater/wu/data/zika/dsk/forward_1255-1756.kCountSorted
    output: /datater/wu/data/zika/primer3_Tm/forward_1255-1756.Tm
    jobid: 173
    wildcards: sample=zika, seg=1255-1756

[Tue Mar  9 17:50:14 2021]
rule filter_within_seg:
    input: /datater/wu/data/zika/dsk/forward_753-1254.kCountSorted
    output: /datater/wu/data/zika/primer3_Tm/forward_753-1254.Tm
    jobid: 157
    wildcards: sample=zika, seg=753-1254

[Tue Mar  9 17:50:14 2021]
rule filter_within_seg:
    input: /datater/wu/data/zika/dsk/forward_9036-9537.kCountSorted
    output: /datater/wu/data/zika/primer3_Tm/forward_9036-9537.Tm
    jobid: 142
    wildcards: sample=zika, seg=9036-9537

[Tue Mar  9 17:50:14 2021]
rule filter_within_seg:
    input: /datater/wu/data/zika/dsk/forward_9538-10039.kCountSorted
    output: /datater/wu/data/zika/primer3_Tm/forward_9538-10039.Tm
    jobid: 164
    wildcards: sample=zika, seg=9538-10039

[Tue Mar  9 17:50:14 2021]
rule filter_within_seg:
    input: /datater/wu/data/zika/dsk/forward_9789-10290.kCountSorted
    output: /datater/wu/data/zika/primer3_Tm/forward_9789-10290.Tm
    jobid: 149
    wildcards: sample=zika, seg=9789-10290

[Tue Mar  9 17:50:14 2021]
rule filter_within_seg:
    input: /datater/wu/data/zika/dsk/forward_4016-4517.kCountSorted
    output: /datater/wu/data/zika/primer3_Tm/forward_4016-4517.Tm
    jobid: 172
    wildcards: sample=zika, seg=4016-4517

[Tue Mar  9 17:50:14 2021]
rule filter_within_seg:
    input: /datater/wu/data/zika/dsk/forward_1757-2258.kCountSorted
    output: /datater/wu/data/zika/primer3_Tm/forward_1757-2258.Tm
    jobid: 179
    wildcards: sample=zika, seg=1757-2258

Shutting down, this might take some time.
Exiting because a job execution failed. Look above for error message
Complete log: /datater/wu/stage_m2/.snakemake/log/2021-03-09T175014.142365.snakemake.log
