Building DAG of jobs...
Using shell: /bin/bash
Provided cores: 12
Rules claiming more threads will be scaled down.
Conda environments: ignored
Job counts:
	count	jobs
	37	add_LC
	1	all
	38
Select jobs to execute...

[Fri Mar 12 10:47:09 2021]
rule add_LC:
    input: /datater/wu/data/enterovirus/filtering/forward_1524-2028.nessieOut, /datater/wu/data/enterovirus/filtering/forward_1524-2028.fasta
    output: /datater/wu/data/enterovirus/filtering/forward_1524-2028.calculated2
    jobid: 269
    wildcards: sample=enterovirus, seg=1524-2028

[Fri Mar 12 10:47:09 2021]
rule add_LC:
    input: /datater/wu/data/enterovirus/filtering/forward_508-1012.nessieOut, /datater/wu/data/enterovirus/filtering/forward_508-1012.fasta
    output: /datater/wu/data/enterovirus/filtering/forward_508-1012.calculated2
    jobid: 238
    wildcards: sample=enterovirus, seg=508-1012

[Fri Mar 12 10:47:09 2021]
rule add_LC:
    input: /datater/wu/data/enterovirus/filtering/forward_1016-1520.nessieOut, /datater/wu/data/enterovirus/filtering/forward_1016-1520.fasta
    output: /datater/wu/data/enterovirus/filtering/forward_1016-1520.calculated2
    jobid: 245
    wildcards: sample=enterovirus, seg=1016-1520

[Fri Mar 12 10:47:09 2021]
rule add_LC:
    input: /datater/wu/data/enterovirus/filtering/forward_2794-3298.nessieOut, /datater/wu/data/enterovirus/filtering/forward_2794-3298.fasta
    output: /datater/wu/data/enterovirus/filtering/forward_2794-3298.calculated2
    jobid: 253
    wildcards: sample=enterovirus, seg=2794-3298

[Fri Mar 12 10:47:09 2021]
rule add_LC:
    input: /datater/wu/data/enterovirus/filtering/forward_2540-3044.nessieOut, /datater/wu/data/enterovirus/filtering/forward_2540-3044.fasta
    output: /datater/wu/data/enterovirus/filtering/forward_2540-3044.calculated2
    jobid: 260
    wildcards: sample=enterovirus, seg=2540-3044

[Fri Mar 12 10:47:09 2021]
rule add_LC:
    input: /datater/wu/data/enterovirus/filtering/forward_4064-4568.nessieOut, /datater/wu/data/enterovirus/filtering/forward_4064-4568.fasta
    output: /datater/wu/data/enterovirus/filtering/forward_4064-4568.calculated2
    jobid: 268
    wildcards: sample=enterovirus, seg=4064-4568

[Fri Mar 12 10:47:09 2021]
rule add_LC:
    input: /datater/wu/data/enterovirus/filtering/forward_2032-2536.nessieOut, /datater/wu/data/enterovirus/filtering/forward_2032-2536.fasta
    output: /datater/wu/data/enterovirus/filtering/forward_2032-2536.calculated2
    jobid: 237
    wildcards: sample=enterovirus, seg=2032-2536

[Fri Mar 12 10:47:09 2021]
rule add_LC:
    input: /datater/wu/data/enterovirus/filtering/forward_2286-2790.nessieOut, /datater/wu/data/enterovirus/filtering/forward_2286-2790.fasta
    output: /datater/wu/data/enterovirus/filtering/forward_2286-2790.calculated2
    jobid: 252
    wildcards: sample=enterovirus, seg=2286-2790

[Fri Mar 12 10:47:09 2021]
rule add_LC:
    input: /datater/wu/data/enterovirus/filtering/forward_6858-7362.nessieOut, /datater/wu/data/enterovirus/filtering/forward_6858-7362.fasta
    output: /datater/wu/data/enterovirus/filtering/forward_6858-7362.calculated2
    jobid: 259
    wildcards: sample=enterovirus, seg=6858-7362

[Fri Mar 12 10:47:09 2021]
rule add_LC:
    input: /datater/wu/data/enterovirus/filtering/forward_9144-9382.nessieOut, /datater/wu/data/enterovirus/filtering/forward_9144-9382.fasta
    output: /datater/wu/data/enterovirus/filtering/forward_9144-9382.calculated2
    jobid: 244
    wildcards: sample=enterovirus, seg=9144-9382

[Fri Mar 12 10:47:09 2021]
rule add_LC:
    input: /datater/wu/data/enterovirus/filtering/forward_1778-2282.nessieOut, /datater/wu/data/enterovirus/filtering/forward_1778-2282.fasta
    output: /datater/wu/data/enterovirus/filtering/forward_1778-2282.calculated2
    jobid: 267
    wildcards: sample=enterovirus, seg=1778-2282

[Fri Mar 12 10:47:09 2021]
rule add_LC:
    input: /datater/wu/data/enterovirus/filtering/forward_5334-5838.nessieOut, /datater/wu/data/enterovirus/filtering/forward_5334-5838.fasta
    output: /datater/wu/data/enterovirus/filtering/forward_5334-5838.calculated2
    jobid: 246
    wildcards: sample=enterovirus, seg=5334-5838

Shutting down, this might take some time.
Exiting because a job execution failed. Look above for error message
Complete log: /datater/wu/stage_m2/.snakemake/log/2021-03-12T104709.239003.snakemake.log
