Building DAG of jobs...
Updating job aggregate_allReverseOligo.
Using shell: /bin/bash
Provided cores: 12
Rules claiming more threads will be scaled down.
Conda environments: ignored
Job counts:
	count	jobs
	1	all
	1	blastn_short
	1	splitFilteredTable
	1	splitTableToFasta
	4
Select jobs to execute...

[Sat Mar 27 22:54:24 2021]
rule splitFilteredTable:
    input: /datater/wu/data/enterovirus/filtering/allOligos_reverse.filtered
    output: /datater/wu/data/enterovirus/checkSpecifity/reverse{*}_filtered.tsv (dynamic)
    jobid: 3
    wildcards: sample=enterovirus

Subsequent jobs will be added dynamically depending on the output of this job
Shutting down, this might take some time.
Exiting because a job execution failed. Look above for error message
Complete log: /datater/wu/stage_m2/.snakemake/log/2021-03-27T225423.682809.snakemake.log
