Building DAG of jobs...
Using shell: /bin/bash
Provided cores: 12
Rules claiming more threads will be scaled down.
Conda environments: ignored
Job counts:
	count	jobs
	2	MSA
	1	all
	2	checkHeterodimer
	2	evaluation1
	2	evaluation2
	2	evaluation3
	2	filtering2
	2	filtering3
	2	removeDuplicateSeq
	2	specific1
	1	specific2
	2	specific3
	2	specific4
	2	splitIntoOverlappingWindows
	26
Select jobs to execute...

[Tue Apr 27 12:40:18 2021]
rule removeDuplicateSeq:
    input: /datater/wu/data/ZIKV-96seqs.fasta
    output: /datater/wu/data/MSSPE-basic/zika/zika.uniq
    jobid: 2
    wildcards: sample=zika


[Tue Apr 27 12:40:18 2021]
rule removeDuplicateSeq:
    input: /datater/wu/data/enterovirus.fasta
    output: /datater/wu/data/MSSPE-basic/enterovirus/enterovirus.uniq
    jobid: 1
    wildcards: sample=enterovirus


[Tue Apr 27 12:40:18 2021]
rule specific2:
    input: /datater/wu/data/RefSeqProkaryota/RefSeqProkaryota.fna
    output: /datater/wu/data/RefSeqProkaryota/RefSeqProkaryota.DB.1.ebwt, /datater/wu/data/RefSeqProkaryota/RefSeqProkaryota.DB.2.ebwt, /datater/wu/data/RefSeqProkaryota/RefSeqProkaryota.DB.3.ebwt, /datater/wu/data/RefSeqProkaryota/RefSeqProkaryota.DB.4.ebwt, /datater/wu/data/RefSeqProkaryota/RefSeqProkaryota.DB.rev.1.ebwt, /datater/wu/data/RefSeqProkaryota/RefSeqProkaryota.DB.rev.2.ebwt
    jobid: 13

[Tue Apr 27 12:40:18 2021]
Finished job 2.
1 of 26 steps (4%) done
Select jobs to execute...

[Tue Apr 27 12:40:18 2021]
rule MSA:
    input: /datater/wu/data/MSSPE-basic/zika/zika.uniq
    output: /datater/wu/data/MSSPE-basic/zika/zika.msa
    log: /datater/wu/data/MSSPE-basic/zika/mafft.log
    jobid: 4
    wildcards: sample=zika


[Tue Apr 27 12:40:18 2021]
rule evaluation1:
    input: /datater/wu/data/MSSPE-basic/zika/zika.uniq, /datater/wu/data/ncbiTaxonomy/nucl_gb.accession2taxid, /datater/wu/data/ncbiTaxonomy/ncbi_lineages_2021-04-23.csv
    output: /datater/wu/data/MSSPE-basic/zika/kmer15/intermediate/aceID-taxID-species.tsv
    jobid: 21
    wildcards: sample=zika

[Tue Apr 27 12:40:18 2021]
Finished job 1.
2 of 26 steps (8%) done
Select jobs to execute...

[Tue Apr 27 12:40:18 2021]
rule MSA:
    input: /datater/wu/data/MSSPE-basic/enterovirus/enterovirus.uniq
    output: /datater/wu/data/MSSPE-basic/enterovirus/enterovirus.msa
    log: /datater/wu/data/MSSPE-basic/enterovirus/mafft.log
    jobid: 3
    wildcards: sample=enterovirus


[Tue Apr 27 12:40:18 2021]
rule evaluation1:
    input: /datater/wu/data/MSSPE-basic/enterovirus/enterovirus.uniq, /datater/wu/data/ncbiTaxonomy/nucl_gb.accession2taxid, /datater/wu/data/ncbiTaxonomy/ncbi_lineages_2021-04-23.csv
    output: /datater/wu/data/MSSPE-basic/enterovirus/kmer15/intermediate/aceID-taxID-species.tsv
    jobid: 20
    wildcards: sample=enterovirus

[Tue Apr 27 12:40:41 2021]
Finished job 4.
3 of 26 steps (12%) done
Select jobs to execute...

[Tue Apr 27 12:40:41 2021]
checkpoint splitIntoOverlappingWindows:
    input: /datater/wu/data/MSSPE-basic/zika/zika.msa
    output: /datater/wu/data/MSSPE-basic/zika/splitFiles
    jobid: 8
    wildcards: sample=zika
Downstream jobs will be updated after completion.

Updating job filtering2.
[Tue Apr 27 12:40:44 2021]
Finished job 8.
4 of 198 steps (2%) done
Select jobs to execute...

[Tue Apr 27 12:40:45 2021]
rule countKmer1:
    input: /datater/wu/data/MSSPE-basic/zika/splitFiles/reverse4016-4517.fasta
    output: /datater/wu/data/MSSPE-basic/zika/kmer15/intermediate/reverse4016-4517.jf
    jobid: 194
    wildcards: sample=zika, seg=4016-4517


[Tue Apr 27 12:40:45 2021]
rule countKmer1:
    input: /datater/wu/data/MSSPE-basic/zika/splitFiles/reverse3514-4015.fasta
    output: /datater/wu/data/MSSPE-basic/zika/kmer15/intermediate/reverse3514-4015.jf
    jobid: 50
    wildcards: sample=zika, seg=3514-4015


[Tue Apr 27 12:40:45 2021]
rule countKmer1:
    input: /datater/wu/data/MSSPE-basic/zika/splitFiles/reverse5773-6274.fasta
    output: /datater/wu/data/MSSPE-basic/zika/kmer15/intermediate/reverse5773-6274.jf
    jobid: 118
    wildcards: sample=zika, seg=5773-6274


[Tue Apr 27 12:40:45 2021]
rule countKmer1:
    input: /datater/wu/data/MSSPE-basic/zika/splitFiles/reverse9538-10039.fasta
    output: /datater/wu/data/MSSPE-basic/zika/kmer15/intermediate/reverse9538-10039.jf
    jobid: 94
    wildcards: sample=zika, seg=9538-10039


[Tue Apr 27 12:40:45 2021]
rule countKmer1:
    input: /datater/wu/data/MSSPE-basic/zika/splitFiles/reverse10040-10541.fasta
    output: /datater/wu/data/MSSPE-basic/zika/kmer15/intermediate/reverse10040-10541.jf
    jobid: 42
    wildcards: sample=zika, seg=10040-10541


[Tue Apr 27 12:40:45 2021]
rule countKmer1:
    input: /datater/wu/data/MSSPE-basic/zika/splitFiles/reverse6024-6525.fasta
    output: /datater/wu/data/MSSPE-basic/zika/kmer15/intermediate/reverse6024-6525.jf
    jobid: 162
    wildcards: sample=zika, seg=6024-6525


[Tue Apr 27 12:40:45 2021]
rule countKmer1:
    input: /datater/wu/data/MSSPE-basic/zika/splitFiles/reverse251-752.fasta
    output: /datater/wu/data/MSSPE-basic/zika/kmer15/intermediate/reverse251-752.jf
    jobid: 154
    wildcards: sample=zika, seg=251-752


[Tue Apr 27 12:40:45 2021]
rule countKmer1:
    input: /datater/wu/data/MSSPE-basic/zika/splitFiles/reverse1757-2258.fasta
    output: /datater/wu/data/MSSPE-basic/zika/kmer15/intermediate/reverse1757-2258.jf
    jobid: 102
    wildcards: sample=zika, seg=1757-2258

[Tue Apr 27 12:41:41 2021]
Finished job 13.
5 of 198 steps (3%) done
Select jobs to execute...

[Tue Apr 27 12:41:41 2021]
rule countKmer1:
    input: /datater/wu/data/MSSPE-basic/zika/splitFiles/reverse6777-7278.fasta
    output: /datater/wu/data/MSSPE-basic/zika/kmer15/intermediate/reverse6777-7278.jf
    jobid: 146
    wildcards: sample=zika, seg=6777-7278

[Tue Apr 27 12:46:42 2021]
Finished job 3.
6 of 198 steps (3%) done
Select jobs to execute...

[Tue Apr 27 12:46:42 2021]
rule countKmer1:
    input: /datater/wu/data/MSSPE-basic/zika/splitFiles/reverse2510-3011.fasta
    output: /datater/wu/data/MSSPE-basic/zika/kmer15/intermediate/reverse2510-3011.jf
    jobid: 198
    wildcards: sample=zika, seg=2510-3011

[Tue Apr 27 12:46:46 2021]
Finished job 20.
7 of 198 steps (4%) done
Select jobs to execute...

[Tue Apr 27 12:46:46 2021]
rule countKmer1:
    input: /datater/wu/data/MSSPE-basic/zika/splitFiles/reverse8283-8784.fasta
    output: /datater/wu/data/MSSPE-basic/zika/kmer15/intermediate/reverse8283-8784.jf
    jobid: 138
    wildcards: sample=zika, seg=8283-8784

[Tue Apr 27 12:47:09 2021]
Finished job 21.
8 of 198 steps (4%) done
Select jobs to execute...

[Tue Apr 27 12:47:09 2021]
rule countKmer1:
    input: /datater/wu/data/MSSPE-basic/zika/splitFiles/reverse10291-10780.fasta
    output: /datater/wu/data/MSSPE-basic/zika/kmer15/intermediate/reverse10291-10780.jf
    jobid: 78
    wildcards: sample=zika, seg=10291-10780

[Tue Apr 27 13:01:11 2021]
Finished job 94.
9 of 198 steps (5%) done
Select jobs to execute...

[Tue Apr 27 13:01:11 2021]
rule countKmer1:
    input: /datater/wu/data/MSSPE-basic/zika/splitFiles/reverse9789-10290.fasta
    output: /datater/wu/data/MSSPE-basic/zika/kmer15/intermediate/reverse9789-10290.jf
    jobid: 86
    wildcards: sample=zika, seg=9789-10290

[Tue Apr 27 13:01:26 2021]
Finished job 154.
10 of 198 steps (5%) done
Select jobs to execute...

[Tue Apr 27 13:01:26 2021]
rule countKmer2:
    input: /datater/wu/data/MSSPE-basic/zika/kmer15/intermediate/reverse9538-10039.jf
    output: /datater/wu/data/MSSPE-basic/zika/kmer15/intermediate/reverse9538-10039.Kmercount.txt
    jobid: 93
    wildcards: sample=zika, seg=9538-10039

[Tue Apr 27 13:01:26 2021]
Finished job 93.
11 of 198 steps (6%) done
Select jobs to execute...

[Tue Apr 27 13:01:26 2021]
rule calculateKmer_sort:
    input: /datater/wu/data/MSSPE-basic/zika/kmer15/intermediate/reverse9538-10039.Kmercount.txt
    output: /datater/wu/data/MSSPE-basic/zika/kmer15/intermediate/reverse9538-10039.Kmercount.sorted.txt
    jobid: 92
    wildcards: sample=zika, seg=9538-10039

[Tue Apr 27 13:01:26 2021]
Finished job 92.
12 of 198 steps (6%) done
Select jobs to execute...

[Tue Apr 27 13:01:26 2021]
checkpoint splitIntoOverlappingWindows:
    input: /datater/wu/data/MSSPE-basic/enterovirus/enterovirus.msa
    output: /datater/wu/data/MSSPE-basic/enterovirus/splitFiles
    jobid: 6
    wildcards: sample=enterovirus
Downstream jobs will be updated after completion.

[Tue Apr 27 13:01:26 2021]
Finished job 102.
13 of 198 steps (7%) done
Select jobs to execute...

[Tue Apr 27 13:01:26 2021]
rule countKmer2:
    input: /datater/wu/data/MSSPE-basic/zika/kmer15/intermediate/reverse251-752.jf
    output: /datater/wu/data/MSSPE-basic/zika/kmer15/intermediate/reverse251-752.Kmercount.txt
    jobid: 153
    wildcards: sample=zika, seg=251-752

[Tue Apr 27 13:01:26 2021]
Finished job 153.
14 of 198 steps (7%) done
Select jobs to execute...

[Tue Apr 27 13:01:26 2021]
rule calculateKmer_sort:
    input: /datater/wu/data/MSSPE-basic/zika/kmer15/intermediate/reverse251-752.Kmercount.txt
    output: /datater/wu/data/MSSPE-basic/zika/kmer15/intermediate/reverse251-752.Kmercount.sorted.txt
    jobid: 152
    wildcards: sample=zika, seg=251-752

[Tue Apr 27 13:01:26 2021]
Finished job 152.
15 of 198 steps (8%) done
Select jobs to execute...

[Tue Apr 27 13:01:26 2021]
rule countKmer1:
    input: /datater/wu/data/MSSPE-basic/zika/splitFiles/reverse5271-5772.fasta
    output: /datater/wu/data/MSSPE-basic/zika/kmer15/intermediate/reverse5271-5772.jf
    jobid: 70
    wildcards: sample=zika, seg=5271-5772

[Tue Apr 27 13:01:29 2021]
Finished job 194.
16 of 198 steps (8%) done
Select jobs to execute...

[Tue Apr 27 13:01:29 2021]
rule countKmer2:
    input: /datater/wu/data/MSSPE-basic/zika/kmer15/intermediate/reverse1757-2258.jf
    output: /datater/wu/data/MSSPE-basic/zika/kmer15/intermediate/reverse1757-2258.Kmercount.txt
    jobid: 101
    wildcards: sample=zika, seg=1757-2258

[Tue Apr 27 13:01:29 2021]
Finished job 101.
17 of 198 steps (9%) done
Select jobs to execute...

[Tue Apr 27 13:01:29 2021]
rule calculateKmer_sort:
    input: /datater/wu/data/MSSPE-basic/zika/kmer15/intermediate/reverse1757-2258.Kmercount.txt
    output: /datater/wu/data/MSSPE-basic/zika/kmer15/intermediate/reverse1757-2258.Kmercount.sorted.txt
    jobid: 100
    wildcards: sample=zika, seg=1757-2258

[Tue Apr 27 13:01:29 2021]
Finished job 100.
18 of 198 steps (9%) done
Select jobs to execute...

[Tue Apr 27 13:01:29 2021]
rule countKmer1:
    input: /datater/wu/data/MSSPE-basic/zika/splitFiles/reverse7028-7529.fasta
    output: /datater/wu/data/MSSPE-basic/zika/kmer15/intermediate/reverse7028-7529.jf
    jobid: 62
    wildcards: sample=zika, seg=7028-7529

Updating job filtering2.
[Tue Apr 27 13:01:33 2021]
Finished job 6.
19 of 346 steps (5%) done
Select jobs to execute...

[Tue Apr 27 13:01:33 2021]
rule countKmer1:
    input: /datater/wu/data/MSSPE-basic/enterovirus/splitFiles/reverse7874-8378.fasta
    output: /datater/wu/data/MSSPE-basic/enterovirus/kmer15/intermediate/reverse7874-8378.jf
    jobid: 271
    wildcards: sample=enterovirus, seg=7874-8378

[Tue Apr 27 13:04:50 2021]
Finished job 42.
20 of 346 steps (6%) done
Select jobs to execute...

[Tue Apr 27 13:04:50 2021]
rule countKmer1:
    input: /datater/wu/data/MSSPE-basic/enterovirus/splitFiles/reverse1270-1774.fasta
    output: /datater/wu/data/MSSPE-basic/enterovirus/kmer15/intermediate/reverse1270-1774.jf
    jobid: 279
    wildcards: sample=enterovirus, seg=1270-1774

[Tue Apr 27 13:05:05 2021]
Finished job 162.
21 of 346 steps (6%) done
Select jobs to execute...

[Tue Apr 27 13:05:05 2021]
rule countKmer1:
    input: /datater/wu/data/MSSPE-basic/zika/splitFiles/reverse2259-2760.fasta
    output: /datater/wu/data/MSSPE-basic/zika/kmer15/intermediate/reverse2259-2760.jf
    jobid: 46
    wildcards: sample=zika, seg=2259-2760

[Tue Apr 27 13:05:11 2021]
Finished job 118.
22 of 346 steps (6%) done
Select jobs to execute...

[Tue Apr 27 13:05:11 2021]
rule countKmer1:
    input: /datater/wu/data/MSSPE-basic/zika/splitFiles/reverse9036-9537.fasta
    output: /datater/wu/data/MSSPE-basic/zika/kmer15/intermediate/reverse9036-9537.jf
    jobid: 106
    wildcards: sample=zika, seg=9036-9537

[Tue Apr 27 13:05:24 2021]
Finished job 50.
23 of 346 steps (7%) done
Select jobs to execute...

[Tue Apr 27 13:05:24 2021]
rule countKmer1:
    input: /datater/wu/data/MSSPE-basic/zika/splitFiles/reverse1255-1756.fasta
    output: /datater/wu/data/MSSPE-basic/zika/kmer15/intermediate/reverse1255-1756.jf
    jobid: 54
    wildcards: sample=zika, seg=1255-1756

[Tue Apr 27 13:06:35 2021]
Finished job 146.
24 of 346 steps (7%) done
Select jobs to execute...

[Tue Apr 27 13:06:35 2021]
rule countKmer1:
    input: /datater/wu/data/MSSPE-basic/zika/splitFiles/reverse5522-6023.fasta
    output: /datater/wu/data/MSSPE-basic/zika/kmer15/intermediate/reverse5522-6023.jf
    jobid: 114
    wildcards: sample=zika, seg=5522-6023

[Tue Apr 27 13:07:26 2021]
Finished job 271.
25 of 346 steps (7%) done
Select jobs to execute...

[Tue Apr 27 13:07:26 2021]
rule countKmer1:
    input: /datater/wu/data/MSSPE-basic/enterovirus/splitFiles/reverse8636-9140.fasta
    output: /datater/wu/data/MSSPE-basic/enterovirus/kmer15/intermediate/reverse8636-9140.jf
    jobid: 227
    wildcards: sample=enterovirus, seg=8636-9140

[Tue Apr 27 13:08:17 2021]
Finished job 198.
26 of 346 steps (8%) done
Select jobs to execute...

[Tue Apr 27 13:08:17 2021]
rule countKmer1:
    input: /datater/wu/data/MSSPE-basic/enterovirus/splitFiles/reverse8128-8632.fasta
    output: /datater/wu/data/MSSPE-basic/enterovirus/kmer15/intermediate/reverse8128-8632.jf
    jobid: 347
    wildcards: sample=enterovirus, seg=8128-8632

[Tue Apr 27 13:10:53 2021]
Finished job 279.
27 of 346 steps (8%) done
Select jobs to execute...

[Tue Apr 27 13:10:53 2021]
rule countKmer1:
    input: /datater/wu/data/MSSPE-basic/zika/splitFiles/reverse1004-1505.fasta
    output: /datater/wu/data/MSSPE-basic/zika/kmer15/intermediate/reverse1004-1505.jf
    jobid: 122
    wildcards: sample=zika, seg=1004-1505

[Tue Apr 27 13:13:55 2021]
Finished job 78.
28 of 346 steps (8%) done
Select jobs to execute...

[Tue Apr 27 13:13:55 2021]
rule countKmer1:
    input: /datater/wu/data/MSSPE-basic/enterovirus/splitFiles/reverse3810-4314.fasta
    output: /datater/wu/data/MSSPE-basic/enterovirus/kmer15/intermediate/reverse3810-4314.jf
    jobid: 287
    wildcards: sample=enterovirus, seg=3810-4314

[Tue Apr 27 13:13:58 2021]
Finished job 138.
29 of 346 steps (8%) done
Select jobs to execute...

[Tue Apr 27 13:13:58 2021]
rule countKmer1:
    input: /datater/wu/data/MSSPE-basic/zika/splitFiles/reverse4518-5019.fasta
    output: /datater/wu/data/MSSPE-basic/zika/kmer15/intermediate/reverse4518-5019.jf
    jobid: 182
    wildcards: sample=zika, seg=4518-5019

[Tue Apr 27 13:19:18 2021]
Finished job 347.
30 of 346 steps (9%) done
Select jobs to execute...

[Tue Apr 27 13:19:18 2021]
rule countKmer1:
    input: /datater/wu/data/MSSPE-basic/enterovirus/splitFiles/reverse2286-2790.fasta
    output: /datater/wu/data/MSSPE-basic/enterovirus/kmer15/intermediate/reverse2286-2790.jf
    jobid: 339
    wildcards: sample=enterovirus, seg=2286-2790

[Tue Apr 27 13:20:45 2021]
Finished job 287.
31 of 346 steps (9%) done
Select jobs to execute...

[Tue Apr 27 13:20:45 2021]
rule filtering1:
    input: /datater/wu/data/MSSPE-basic/zika/kmer15/intermediate/reverse1757-2258.Kmercount.sorted.txt
    output: /datater/wu/data/MSSPE-basic/zika/kmer15/intermediate/reverse1757-2258.Kmercount.sorted.calculated.txt
    jobid: 99
    wildcards: sample=zika, seg=1757-2258

[Tue Apr 27 13:20:46 2021]
Finished job 99.
32 of 346 steps (9%) done
Select jobs to execute...

[Tue Apr 27 13:20:46 2021]
rule countKmer2:
    input: /datater/wu/data/MSSPE-basic/enterovirus/kmer15/intermediate/reverse8128-8632.jf
    output: /datater/wu/data/MSSPE-basic/enterovirus/kmer15/intermediate/reverse8128-8632.Kmercount.txt
    jobid: 346
    wildcards: sample=enterovirus, seg=8128-8632

[Tue Apr 27 13:20:46 2021]
Finished job 346.
33 of 346 steps (10%) done
Select jobs to execute...

[Tue Apr 27 13:20:46 2021]
rule calculateKmer_sort:
    input: /datater/wu/data/MSSPE-basic/enterovirus/kmer15/intermediate/reverse8128-8632.Kmercount.txt
    output: /datater/wu/data/MSSPE-basic/enterovirus/kmer15/intermediate/reverse8128-8632.Kmercount.sorted.txt
    jobid: 345
    wildcards: sample=enterovirus, seg=8128-8632

[Tue Apr 27 13:20:46 2021]
Finished job 345.
34 of 346 steps (10%) done
Select jobs to execute...

[Tue Apr 27 13:20:46 2021]
rule countKmer1:
    input: /datater/wu/data/MSSPE-basic/enterovirus/splitFiles/reverse4318-4822.fasta
    output: /datater/wu/data/MSSPE-basic/enterovirus/kmer15/intermediate/reverse4318-4822.jf
    jobid: 331
    wildcards: sample=enterovirus, seg=4318-4822

[Tue Apr 27 13:24:45 2021]
Finished job 86.
35 of 346 steps (10%) done
Select jobs to execute...

[Tue Apr 27 13:24:45 2021]
rule countKmer2:
    input: /datater/wu/data/MSSPE-basic/zika/kmer15/intermediate/reverse2510-3011.jf
    output: /datater/wu/data/MSSPE-basic/zika/kmer15/intermediate/reverse2510-3011.Kmercount.txt
    jobid: 197
    wildcards: sample=zika, seg=2510-3011

[Tue Apr 27 13:24:45 2021]
Finished job 197.
36 of 346 steps (10%) done
Select jobs to execute...

[Tue Apr 27 13:24:45 2021]
rule filtering1:
    input: /datater/wu/data/MSSPE-basic/zika/kmer15/intermediate/reverse9538-10039.Kmercount.sorted.txt
    output: /datater/wu/data/MSSPE-basic/zika/kmer15/intermediate/reverse9538-10039.Kmercount.sorted.calculated.txt
    jobid: 91
    wildcards: sample=zika, seg=9538-10039

[Tue Apr 27 13:24:46 2021]
Finished job 91.
37 of 346 steps (11%) done
Select jobs to execute...

[Tue Apr 27 13:24:47 2021]
rule countKmer2:
    input: /datater/wu/data/MSSPE-basic/zika/kmer15/intermediate/reverse8283-8784.jf
    output: /datater/wu/data/MSSPE-basic/zika/kmer15/intermediate/reverse8283-8784.Kmercount.txt
    jobid: 137
    wildcards: sample=zika, seg=8283-8784

[Tue Apr 27 13:24:47 2021]
Finished job 137.
38 of 346 steps (11%) done
Select jobs to execute...

[Tue Apr 27 13:24:47 2021]
rule countKmer1:
    input: /datater/wu/data/MSSPE-basic/zika/splitFiles/reverse7530-8031.fasta
    output: /datater/wu/data/MSSPE-basic/zika/kmer15/intermediate/reverse7530-8031.jf
    jobid: 174
    wildcards: sample=zika, seg=7530-8031

[Tue Apr 27 13:25:02 2021]
Finished job 62.
39 of 346 steps (11%) done
Select jobs to execute...

[Tue Apr 27 13:25:02 2021]
rule countKmer2:
    input: /datater/wu/data/MSSPE-basic/zika/kmer15/intermediate/reverse7028-7529.jf
    output: /datater/wu/data/MSSPE-basic/zika/kmer15/intermediate/reverse7028-7529.Kmercount.txt
    jobid: 61
    wildcards: sample=zika, seg=7028-7529

[Tue Apr 27 13:25:02 2021]
Finished job 61.
40 of 346 steps (12%) done
Select jobs to execute...

[Tue Apr 27 13:25:02 2021]
rule countKmer1:
    input: /datater/wu/data/MSSPE-basic/zika/splitFiles/reverse0-501.fasta
    output: /datater/wu/data/MSSPE-basic/zika/kmer15/intermediate/reverse0-501.jf
    jobid: 130
    wildcards: sample=zika, seg=0-501

[Tue Apr 27 13:25:32 2021]
Finished job 339.
41 of 346 steps (12%) done
Select jobs to execute...

[Tue Apr 27 13:25:32 2021]
rule calculateKmer_sort:
    input: /datater/wu/data/MSSPE-basic/zika/kmer15/intermediate/reverse8283-8784.Kmercount.txt
    output: /datater/wu/data/MSSPE-basic/zika/kmer15/intermediate/reverse8283-8784.Kmercount.sorted.txt
    jobid: 136
    wildcards: sample=zika, seg=8283-8784

[Tue Apr 27 13:25:32 2021]
Finished job 136.
42 of 346 steps (12%) done
Select jobs to execute...

[Tue Apr 27 13:25:32 2021]
rule countKmer1:
    input: /datater/wu/data/MSSPE-basic/enterovirus/splitFiles/reverse3302-3806.fasta
    output: /datater/wu/data/MSSPE-basic/enterovirus/kmer15/intermediate/reverse3302-3806.jf
    jobid: 295
    wildcards: sample=enterovirus, seg=3302-3806

[Tue Apr 27 13:26:51 2021]
Finished job 70.
43 of 346 steps (12%) done
Select jobs to execute...

[Tue Apr 27 13:26:51 2021]
rule countKmer2:
    input: /datater/wu/data/MSSPE-basic/zika/kmer15/intermediate/reverse5271-5772.jf
    output: /datater/wu/data/MSSPE-basic/zika/kmer15/intermediate/reverse5271-5772.Kmercount.txt
    jobid: 69
    wildcards: sample=zika, seg=5271-5772

[Tue Apr 27 13:26:51 2021]
Finished job 69.
44 of 346 steps (13%) done
Select jobs to execute...

[Tue Apr 27 13:26:51 2021]
rule countKmer1:
    input: /datater/wu/data/MSSPE-basic/zika/splitFiles/reverse7279-7780.fasta
    output: /datater/wu/data/MSSPE-basic/zika/kmer15/intermediate/reverse7279-7780.jf
    jobid: 190
    wildcards: sample=zika, seg=7279-7780

[Tue Apr 27 13:27:25 2021]
Finished job 331.
45 of 346 steps (13%) done
Select jobs to execute...

[Tue Apr 27 13:27:25 2021]
rule countKmer2:
    input: /datater/wu/data/MSSPE-basic/zika/kmer15/intermediate/reverse6777-7278.jf
    output: /datater/wu/data/MSSPE-basic/zika/kmer15/intermediate/reverse6777-7278.Kmercount.txt
    jobid: 145
    wildcards: sample=zika, seg=6777-7278

[Tue Apr 27 13:27:25 2021]
Finished job 145.
46 of 346 steps (13%) done
Select jobs to execute...

[Tue Apr 27 13:27:25 2021]
rule calculateKmer_sort:
    input: /datater/wu/data/MSSPE-basic/zika/kmer15/intermediate/reverse6777-7278.Kmercount.txt
    output: /datater/wu/data/MSSPE-basic/zika/kmer15/intermediate/reverse6777-7278.Kmercount.sorted.txt
    jobid: 144
    wildcards: sample=zika, seg=6777-7278

[Tue Apr 27 13:27:25 2021]
Finished job 144.
47 of 346 steps (14%) done
Select jobs to execute...

[Tue Apr 27 13:27:25 2021]
rule countKmer2:
    input: /datater/wu/data/MSSPE-basic/zika/kmer15/intermediate/reverse10291-10780.jf
    output: /datater/wu/data/MSSPE-basic/zika/kmer15/intermediate/reverse10291-10780.Kmercount.txt
    jobid: 77
    wildcards: sample=zika, seg=10291-10780

[Tue Apr 27 13:27:25 2021]
Finished job 77.
48 of 346 steps (14%) done
Select jobs to execute...

[Tue Apr 27 13:27:25 2021]
rule calculateKmer_sort:
    input: /datater/wu/data/MSSPE-basic/zika/kmer15/intermediate/reverse10291-10780.Kmercount.txt
    output: /datater/wu/data/MSSPE-basic/zika/kmer15/intermediate/reverse10291-10780.Kmercount.sorted.txt
    jobid: 76
    wildcards: sample=zika, seg=10291-10780

[Tue Apr 27 13:27:25 2021]
Finished job 76.
49 of 346 steps (14%) done
Select jobs to execute...

[Tue Apr 27 13:27:25 2021]
rule countKmer1:
    input: /datater/wu/data/MSSPE-basic/enterovirus/splitFiles/reverse8890-9374.fasta
    output: /datater/wu/data/MSSPE-basic/enterovirus/kmer15/intermediate/reverse8890-9374.jf
    jobid: 235
    wildcards: sample=enterovirus, seg=8890-9374

[Tue Apr 27 13:29:08 2021]
Finished job 106.
50 of 346 steps (14%) done
Select jobs to execute...

[Tue Apr 27 13:29:08 2021]
rule countKmer2:
    input: /datater/wu/data/MSSPE-basic/zika/kmer15/intermediate/reverse9789-10290.jf
    output: /datater/wu/data/MSSPE-basic/zika/kmer15/intermediate/reverse9789-10290.Kmercount.txt
    jobid: 85
    wildcards: sample=zika, seg=9789-10290

[Tue Apr 27 13:29:08 2021]
Finished job 85.
51 of 346 steps (15%) done
Select jobs to execute...

[Tue Apr 27 13:29:08 2021]
rule calculateKmer_sort:
    input: /datater/wu/data/MSSPE-basic/zika/kmer15/intermediate/reverse9789-10290.Kmercount.txt
    output: /datater/wu/data/MSSPE-basic/zika/kmer15/intermediate/reverse9789-10290.Kmercount.sorted.txt
    jobid: 84
    wildcards: sample=zika, seg=9789-10290

[Tue Apr 27 13:29:08 2021]
Finished job 84.
52 of 346 steps (15%) done
Select jobs to execute...

[Tue Apr 27 13:29:08 2021]
rule calculateKmer_sort:
    input: /datater/wu/data/MSSPE-basic/zika/kmer15/intermediate/reverse2510-3011.Kmercount.txt
    output: /datater/wu/data/MSSPE-basic/zika/kmer15/intermediate/reverse2510-3011.Kmercount.sorted.txt
    jobid: 196
    wildcards: sample=zika, seg=2510-3011

[Tue Apr 27 13:29:08 2021]
Finished job 196.
53 of 346 steps (15%) done
Select jobs to execute...

[Tue Apr 27 13:29:08 2021]
rule countKmer1:
    input: /datater/wu/data/MSSPE-basic/zika/splitFiles/reverse502-1003.fasta
    output: /datater/wu/data/MSSPE-basic/zika/kmer15/intermediate/reverse502-1003.jf
    jobid: 90
    wildcards: sample=zika, seg=502-1003

[Tue Apr 27 13:31:27 2021]
Finished job 46.
54 of 346 steps (16%) done
Select jobs to execute...

[Tue Apr 27 13:31:27 2021]
rule countKmer2:
    input: /datater/wu/data/MSSPE-basic/enterovirus/kmer15/intermediate/reverse3810-4314.jf
    output: /datater/wu/data/MSSPE-basic/enterovirus/kmer15/intermediate/reverse3810-4314.Kmercount.txt
    jobid: 286
    wildcards: sample=enterovirus, seg=3810-4314

[Tue Apr 27 13:31:27 2021]
Finished job 286.
55 of 346 steps (16%) done
Select jobs to execute...

[Tue Apr 27 13:31:27 2021]
rule countKmer1:
    input: /datater/wu/data/MSSPE-basic/zika/splitFiles/reverse6275-6776.fasta
    output: /datater/wu/data/MSSPE-basic/zika/kmer15/intermediate/reverse6275-6776.jf
    jobid: 158
    wildcards: sample=zika, seg=6275-6776

[Tue Apr 27 13:31:27 2021]
Finished job 227.
56 of 346 steps (16%) done
Select jobs to execute...

[Tue Apr 27 13:31:27 2021]
rule countKmer2:
    input: /datater/wu/data/MSSPE-basic/enterovirus/kmer15/intermediate/reverse8636-9140.jf
    output: /datater/wu/data/MSSPE-basic/enterovirus/kmer15/intermediate/reverse8636-9140.Kmercount.txt
    jobid: 226
    wildcards: sample=enterovirus, seg=8636-9140

[Tue Apr 27 13:31:27 2021]
Finished job 226.
57 of 346 steps (16%) done
Select jobs to execute...

[Tue Apr 27 13:31:27 2021]
rule countKmer1:
    input: /datater/wu/data/MSSPE-basic/zika/splitFiles/reverse8032-8533.fasta
    output: /datater/wu/data/MSSPE-basic/zika/kmer15/intermediate/reverse8032-8533.jf
    jobid: 82
    wildcards: sample=zika, seg=8032-8533

[Tue Apr 27 13:31:44 2021]
Finished job 54.
58 of 346 steps (17%) done
Select jobs to execute...

[Tue Apr 27 13:31:44 2021]
rule filtering1:
    input: /datater/wu/data/MSSPE-basic/zika/kmer15/intermediate/reverse251-752.Kmercount.sorted.txt
    output: /datater/wu/data/MSSPE-basic/zika/kmer15/intermediate/reverse251-752.Kmercount.sorted.calculated.txt
    jobid: 151
    wildcards: sample=zika, seg=251-752

[Tue Apr 27 13:31:45 2021]
Finished job 151.
59 of 346 steps (17%) done
Select jobs to execute...

[Tue Apr 27 13:31:45 2021]
rule countKmer1:
    input: /datater/wu/data/MSSPE-basic/enterovirus/splitFiles/reverse4572-5076.fasta
    output: /datater/wu/data/MSSPE-basic/enterovirus/kmer15/intermediate/reverse4572-5076.jf
    jobid: 259
    wildcards: sample=enterovirus, seg=4572-5076

[Tue Apr 27 13:31:52 2021]
Finished job 295.
60 of 346 steps (17%) done
Select jobs to execute...

[Tue Apr 27 13:31:52 2021]
rule countKmer2:
    input: /datater/wu/data/MSSPE-basic/zika/kmer15/intermediate/reverse3514-4015.jf
    output: /datater/wu/data/MSSPE-basic/zika/kmer15/intermediate/reverse3514-4015.Kmercount.txt
    jobid: 49
    wildcards: sample=zika, seg=3514-4015

[Tue Apr 27 13:31:52 2021]
Finished job 49.
61 of 346 steps (18%) done
Select jobs to execute...

[Tue Apr 27 13:31:52 2021]
rule countKmer1:
    input: /datater/wu/data/MSSPE-basic/zika/splitFiles/reverse10542-10780.fasta
    output: /datater/wu/data/MSSPE-basic/zika/kmer15/intermediate/reverse10542-10780.jf
    jobid: 34
    wildcards: sample=zika, seg=10542-10780

[Tue Apr 27 13:32:26 2021]
Finished job 114.
62 of 346 steps (18%) done
Select jobs to execute...

[Tue Apr 27 13:32:26 2021]
rule countKmer1:
    input: /datater/wu/data/MSSPE-basic/enterovirus/splitFiles/reverse7112-7616.fasta
    output: /datater/wu/data/MSSPE-basic/enterovirus/kmer15/intermediate/reverse7112-7616.jf
    jobid: 267
    wildcards: sample=enterovirus, seg=7112-7616

[Tue Apr 27 13:34:25 2021]
Finished job 122.
63 of 346 steps (18%) done
Select jobs to execute...

[Tue Apr 27 13:34:25 2021]
rule countKmer2:
    input: /datater/wu/data/MSSPE-basic/enterovirus/kmer15/intermediate/reverse1270-1774.jf
    output: /datater/wu/data/MSSPE-basic/enterovirus/kmer15/intermediate/reverse1270-1774.Kmercount.txt
    jobid: 278
    wildcards: sample=enterovirus, seg=1270-1774

[Tue Apr 27 13:34:25 2021]
Finished job 278.
64 of 346 steps (18%) done
Select jobs to execute...

[Tue Apr 27 13:34:25 2021]
rule countKmer1:
    input: /datater/wu/data/MSSPE-basic/enterovirus/splitFiles/reverse6350-6854.fasta
    output: /datater/wu/data/MSSPE-basic/enterovirus/kmer15/intermediate/reverse6350-6854.jf
    jobid: 219
    wildcards: sample=enterovirus, seg=6350-6854

[Tue Apr 27 13:36:24 2021]
Finished job 259.
65 of 346 steps (19%) done
Select jobs to execute...

[Tue Apr 27 13:36:24 2021]
rule countKmer2:
    input: /datater/wu/data/MSSPE-basic/enterovirus/kmer15/intermediate/reverse7874-8378.jf
    output: /datater/wu/data/MSSPE-basic/enterovirus/kmer15/intermediate/reverse7874-8378.Kmercount.txt
    jobid: 270
    wildcards: sample=enterovirus, seg=7874-8378

[Tue Apr 27 13:36:24 2021]
Finished job 270.
66 of 346 steps (19%) done
Select jobs to execute...

[Tue Apr 27 13:36:24 2021]
rule countKmer1:
    input: /datater/wu/data/MSSPE-basic/enterovirus/splitFiles/reverse762-1266.fasta
    output: /datater/wu/data/MSSPE-basic/enterovirus/kmer15/intermediate/reverse762-1266.jf
    jobid: 211
    wildcards: sample=enterovirus, seg=762-1266

[Tue Apr 27 13:37:09 2021]
Finished job 267.
67 of 346 steps (19%) done
Select jobs to execute...

[Tue Apr 27 13:37:10 2021]
rule countKmer1:
    input: /datater/wu/data/MSSPE-basic/enterovirus/splitFiles/reverse1778-2282.fasta
    output: /datater/wu/data/MSSPE-basic/enterovirus/kmer15/intermediate/reverse1778-2282.jf
    jobid: 251
    wildcards: sample=enterovirus, seg=1778-2282

[Tue Apr 27 13:37:14 2021]
Finished job 182.
68 of 346 steps (20%) done
Select jobs to execute...

[Tue Apr 27 13:37:14 2021]
rule countKmer1:
    input: /datater/wu/data/MSSPE-basic/enterovirus/splitFiles/reverse508-1012.fasta
    output: /datater/wu/data/MSSPE-basic/enterovirus/kmer15/intermediate/reverse508-1012.jf
    jobid: 243
    wildcards: sample=enterovirus, seg=508-1012

[Tue Apr 27 13:41:34 2021]
Finished job 211.
69 of 346 steps (20%) done
Select jobs to execute...

[Tue Apr 27 13:41:35 2021]
rule countKmer2:
    input: /datater/wu/data/MSSPE-basic/enterovirus/kmer15/intermediate/reverse7112-7616.jf
    output: /datater/wu/data/MSSPE-basic/enterovirus/kmer15/intermediate/reverse7112-7616.Kmercount.txt
    jobid: 266
    wildcards: sample=enterovirus, seg=7112-7616

[Tue Apr 27 13:41:35 2021]
Finished job 266.
70 of 346 steps (20%) done
Select jobs to execute...

[Tue Apr 27 13:41:35 2021]
rule countKmer2:
    input: /datater/wu/data/MSSPE-basic/zika/kmer15/intermediate/reverse6024-6525.jf
    output: /datater/wu/data/MSSPE-basic/zika/kmer15/intermediate/reverse6024-6525.Kmercount.txt
    jobid: 161
    wildcards: sample=zika, seg=6024-6525

[Tue Apr 27 13:41:35 2021]
Finished job 161.
71 of 346 steps (21%) done
Select jobs to execute...

[Tue Apr 27 13:41:35 2021]
rule countKmer2:
    input: /datater/wu/data/MSSPE-basic/zika/kmer15/intermediate/reverse10040-10541.jf
    output: /datater/wu/data/MSSPE-basic/zika/kmer15/intermediate/reverse10040-10541.Kmercount.txt
    jobid: 41
    wildcards: sample=zika, seg=10040-10541

[Tue Apr 27 13:41:35 2021]
Finished job 41.
72 of 346 steps (21%) done
Select jobs to execute...

[Tue Apr 27 13:41:35 2021]
rule countKmer1:
    input: /datater/wu/data/MSSPE-basic/enterovirus/splitFiles/reverse5842-6346.fasta
    output: /datater/wu/data/MSSPE-basic/enterovirus/kmer15/intermediate/reverse5842-6346.jf
    jobid: 207
    wildcards: sample=enterovirus, seg=5842-6346

[Tue Apr 27 13:42:22 2021]
Finished job 251.
73 of 346 steps (21%) done
Select jobs to execute...

[Tue Apr 27 13:42:22 2021]
rule countKmer1:
    input: /datater/wu/data/MSSPE-basic/enterovirus/splitFiles/reverse6096-6600.fasta
    output: /datater/wu/data/MSSPE-basic/enterovirus/kmer15/intermediate/reverse6096-6600.jf
    jobid: 311
    wildcards: sample=enterovirus, seg=6096-6600

[Tue Apr 27 13:43:12 2021]
Finished job 219.
74 of 346 steps (21%) done
Select jobs to execute...

[Tue Apr 27 13:43:12 2021]
rule countKmer2:
    input: /datater/wu/data/MSSPE-basic/enterovirus/kmer15/intermediate/reverse4572-5076.jf
    output: /datater/wu/data/MSSPE-basic/enterovirus/kmer15/intermediate/reverse4572-5076.Kmercount.txt
    jobid: 258
    wildcards: sample=enterovirus, seg=4572-5076

[Tue Apr 27 13:43:12 2021]
Finished job 258.
75 of 346 steps (22%) done
Select jobs to execute...

[Tue Apr 27 13:43:12 2021]
rule calculateKmer_sort:
    input: /datater/wu/data/MSSPE-basic/zika/kmer15/intermediate/reverse3514-4015.Kmercount.txt
    output: /datater/wu/data/MSSPE-basic/zika/kmer15/intermediate/reverse3514-4015.Kmercount.sorted.txt
    jobid: 48
    wildcards: sample=zika, seg=3514-4015

[Tue Apr 27 13:43:12 2021]
Finished job 48.
76 of 346 steps (22%) done
Select jobs to execute...

[Tue Apr 27 13:43:12 2021]
rule countKmer1:
    input: /datater/wu/data/MSSPE-basic/enterovirus/splitFiles/reverse8382-8886.fasta
    output: /datater/wu/data/MSSPE-basic/enterovirus/kmer15/intermediate/reverse8382-8886.jf
    jobid: 303
    wildcards: sample=enterovirus, seg=8382-8886

Terminating processes on user request, this might take some time.
[Tue Apr 27 13:44:53 2021]
Error in rule countKmer1:
    jobid: 243
    output: /datater/wu/data/MSSPE-basic/enterovirus/kmer15/intermediate/reverse508-1012.jf
    shell:
        
        jellyfish count         -m 15         -s 3G         -t 12         -o /datater/wu/data/MSSPE-basic/enterovirus/kmer15/intermediate/reverse508-1012.jf /datater/wu/data/MSSPE-basic/enterovirus/splitFiles/reverse508-1012.fasta         
        (one of the commands exited with non-zero exit code; note that snakemake uses bash strict mode!)

Removing output files of failed job countKmer1 since they might be corrupted:
/datater/wu/data/MSSPE-basic/enterovirus/kmer15/intermediate/reverse508-1012.jf
[Tue Apr 27 13:44:53 2021]
Error in rule countKmer1:
    jobid: 235
    output: /datater/wu/data/MSSPE-basic/enterovirus/kmer15/intermediate/reverse8890-9374.jf
    shell:
        
        jellyfish count         -m 15         -s 3G         -t 12         -o /datater/wu/data/MSSPE-basic/enterovirus/kmer15/intermediate/reverse8890-9374.jf /datater/wu/data/MSSPE-basic/enterovirus/splitFiles/reverse8890-9374.fasta         
        (one of the commands exited with non-zero exit code; note that snakemake uses bash strict mode!)

Removing output files of failed job countKmer1 since they might be corrupted:
/datater/wu/data/MSSPE-basic/enterovirus/kmer15/intermediate/reverse8890-9374.jf
[Tue Apr 27 13:44:53 2021]
Error in rule countKmer1:
    jobid: 158
    output: /datater/wu/data/MSSPE-basic/zika/kmer15/intermediate/reverse6275-6776.jf
    shell:
        
        jellyfish count         -m 15         -s 3G         -t 12         -o /datater/wu/data/MSSPE-basic/zika/kmer15/intermediate/reverse6275-6776.jf /datater/wu/data/MSSPE-basic/zika/splitFiles/reverse6275-6776.fasta         
        (one of the commands exited with non-zero exit code; note that snakemake uses bash strict mode!)

Removing output files of failed job countKmer1 since they might be corrupted:
/datater/wu/data/MSSPE-basic/zika/kmer15/intermediate/reverse6275-6776.jf
[Tue Apr 27 13:44:53 2021]
Error in rule countKmer1:
    jobid: 190
    output: /datater/wu/data/MSSPE-basic/zika/kmer15/intermediate/reverse7279-7780.jf
    shell:
        
        jellyfish count         -m 15         -s 3G         -t 12         -o /datater/wu/data/MSSPE-basic/zika/kmer15/intermediate/reverse7279-7780.jf /datater/wu/data/MSSPE-basic/zika/splitFiles/reverse7279-7780.fasta         
        (one of the commands exited with non-zero exit code; note that snakemake uses bash strict mode!)

Removing output files of failed job countKmer1 since they might be corrupted:
/datater/wu/data/MSSPE-basic/zika/kmer15/intermediate/reverse7279-7780.jf
[Tue Apr 27 13:44:53 2021]
Error in rule countKmer1:
    jobid: 90
    output: /datater/wu/data/MSSPE-basic/zika/kmer15/intermediate/reverse502-1003.jf
    shell:
        
        jellyfish count         -m 15         -s 3G         -t 12         -o /datater/wu/data/MSSPE-basic/zika/kmer15/intermediate/reverse502-1003.jf /datater/wu/data/MSSPE-basic/zika/splitFiles/reverse502-1003.fasta         
        (one of the commands exited with non-zero exit code; note that snakemake uses bash strict mode!)

Removing output files of failed job countKmer1 since they might be corrupted:
/datater/wu/data/MSSPE-basic/zika/kmer15/intermediate/reverse502-1003.jf
[Tue Apr 27 13:44:53 2021]
Error in rule countKmer1:
    jobid: 130
    output: /datater/wu/data/MSSPE-basic/zika/kmer15/intermediate/reverse0-501.jf
    shell:
        
        jellyfish count         -m 15         -s 3G         -t 12         -o /datater/wu/data/MSSPE-basic/zika/kmer15/intermediate/reverse0-501.jf /datater/wu/data/MSSPE-basic/zika/splitFiles/reverse0-501.fasta         
        (one of the commands exited with non-zero exit code; note that snakemake uses bash strict mode!)

Removing output files of failed job countKmer1 since they might be corrupted:
/datater/wu/data/MSSPE-basic/zika/kmer15/intermediate/reverse0-501.jf
[Tue Apr 27 13:44:54 2021]
Error in rule countKmer1:
    jobid: 174
    output: /datater/wu/data/MSSPE-basic/zika/kmer15/intermediate/reverse7530-8031.jf
    shell:
        
        jellyfish count         -m 15         -s 3G         -t 12         -o /datater/wu/data/MSSPE-basic/zika/kmer15/intermediate/reverse7530-8031.jf /datater/wu/data/MSSPE-basic/zika/splitFiles/reverse7530-8031.fasta         
        (one of the commands exited with non-zero exit code; note that snakemake uses bash strict mode!)

Removing output files of failed job countKmer1 since they might be corrupted:
/datater/wu/data/MSSPE-basic/zika/kmer15/intermediate/reverse7530-8031.jf
[Tue Apr 27 13:44:54 2021]
Error in rule countKmer1:
    jobid: 34
    output: /datater/wu/data/MSSPE-basic/zika/kmer15/intermediate/reverse10542-10780.jf
    shell:
        
        jellyfish count         -m 15         -s 3G         -t 12         -o /datater/wu/data/MSSPE-basic/zika/kmer15/intermediate/reverse10542-10780.jf /datater/wu/data/MSSPE-basic/zika/splitFiles/reverse10542-10780.fasta         
        (one of the commands exited with non-zero exit code; note that snakemake uses bash strict mode!)

Removing output files of failed job countKmer1 since they might be corrupted:
/datater/wu/data/MSSPE-basic/zika/kmer15/intermediate/reverse10542-10780.jf
[Tue Apr 27 13:44:54 2021]
Error in rule countKmer1:
    jobid: 82
    output: /datater/wu/data/MSSPE-basic/zika/kmer15/intermediate/reverse8032-8533.jf
    shell:
        
        jellyfish count         -m 15         -s 3G         -t 12         -o /datater/wu/data/MSSPE-basic/zika/kmer15/intermediate/reverse8032-8533.jf /datater/wu/data/MSSPE-basic/zika/splitFiles/reverse8032-8533.fasta         
        (one of the commands exited with non-zero exit code; note that snakemake uses bash strict mode!)

Removing output files of failed job countKmer1 since they might be corrupted:
/datater/wu/data/MSSPE-basic/zika/kmer15/intermediate/reverse8032-8533.jf
[Tue Apr 27 13:44:54 2021]
Error in rule countKmer1:
    jobid: 303
    output: /datater/wu/data/MSSPE-basic/enterovirus/kmer15/intermediate/reverse8382-8886.jf
    shell:
        
        jellyfish count         -m 15         -s 3G         -t 12         -o /datater/wu/data/MSSPE-basic/enterovirus/kmer15/intermediate/reverse8382-8886.jf /datater/wu/data/MSSPE-basic/enterovirus/splitFiles/reverse8382-8886.fasta         
        (one of the commands exited with non-zero exit code; note that snakemake uses bash strict mode!)

Removing output files of failed job countKmer1 since they might be corrupted:
/datater/wu/data/MSSPE-basic/enterovirus/kmer15/intermediate/reverse8382-8886.jf
[Tue Apr 27 13:44:54 2021]
Error in rule countKmer1:
    jobid: 311
    output: /datater/wu/data/MSSPE-basic/enterovirus/kmer15/intermediate/reverse6096-6600.jf
    shell:
        
        jellyfish count         -m 15         -s 3G         -t 12         -o /datater/wu/data/MSSPE-basic/enterovirus/kmer15/intermediate/reverse6096-6600.jf /datater/wu/data/MSSPE-basic/enterovirus/splitFiles/reverse6096-6600.fasta         
        (one of the commands exited with non-zero exit code; note that snakemake uses bash strict mode!)

Removing output files of failed job countKmer1 since they might be corrupted:
/datater/wu/data/MSSPE-basic/enterovirus/kmer15/intermediate/reverse6096-6600.jf
[Tue Apr 27 13:44:54 2021]
Error in rule countKmer1:
    jobid: 207
    output: /datater/wu/data/MSSPE-basic/enterovirus/kmer15/intermediate/reverse5842-6346.jf
    shell:
        
        jellyfish count         -m 15         -s 3G         -t 12         -o /datater/wu/data/MSSPE-basic/enterovirus/kmer15/intermediate/reverse5842-6346.jf /datater/wu/data/MSSPE-basic/enterovirus/splitFiles/reverse5842-6346.fasta         
        (one of the commands exited with non-zero exit code; note that snakemake uses bash strict mode!)

Removing output files of failed job countKmer1 since they might be corrupted:
/datater/wu/data/MSSPE-basic/enterovirus/kmer15/intermediate/reverse5842-6346.jf
Complete log: /datater/wu/MSSPE/.snakemake/log/2021-04-27T124017.139021.snakemake.log
