The flag 'directory' used in rule dsk is only valid for outputs, not inputs.
Building DAG of jobs...
Using shell: /bin/bash
Provided cores: 1 (use --cores to define parallelism)
Rules claiming more threads will be scaled down.
Conda environments: ignored
Job counts:
	count	jobs
	1	mafft
	1
Select jobs to execute...

[Thu Feb 25 12:03:58 2021]
rule mafft:
    input: test/sequences.fasta
    output: test/mafft/sequences_aligned.fasta
    log: test/mafft/mafft.log
    jobid: 0

RuleException in line 61 of /databis/wu/stage_m2/Snakefile:
'Params' object has no attribute 'opvous'
  File "/databis/wu/miniconda3/envs/snakemake/lib/python3.9/site-packages/snakemake/executors/__init__.py", line 136, in run_jobs
  File "/databis/wu/miniconda3/envs/snakemake/lib/python3.9/site-packages/snakemake/executors/__init__.py", line 441, in run
  File "/databis/wu/miniconda3/envs/snakemake/lib/python3.9/site-packages/snakemake/executors/__init__.py", line 230, in _run
  File "/databis/wu/miniconda3/envs/snakemake/lib/python3.9/site-packages/snakemake/executors/__init__.py", line 156, in _run
  File "/databis/wu/miniconda3/envs/snakemake/lib/python3.9/site-packages/snakemake/executors/__init__.py", line 162, in printjob
