Building DAG of jobs...
Using shell: /bin/bash
Provided cores: 12
Rules claiming more threads will be scaled down.
Conda environments: ignored
Job counts:
	count	jobs
	1	all
	35	dskReverse
	36
Select jobs to execute...

[Mon Mar 15 10:55:51 2021]
rule dskReverse:
    input: /datater/wu/data/zika/splitFiles/reverse7781-8282.fasta
    output: /datater/wu/data/zika/dsk/reverse7781-8282.h5
    jobid: 36
    wildcards: sample=zika, seg=7781-8282


[Mon Mar 15 10:55:51 2021]
rule dskReverse:
    input: /datater/wu/data/zika/splitFiles/reverse9538-10039.fasta
    output: /datater/wu/data/zika/dsk/reverse9538-10039.h5
    jobid: 27
    wildcards: sample=zika, seg=9538-10039


[Mon Mar 15 10:55:51 2021]
rule dskReverse:
    input: /datater/wu/data/zika/splitFiles/reverse3514-4015.fasta
    output: /datater/wu/data/zika/dsk/reverse3514-4015.h5
    jobid: 12
    wildcards: sample=zika, seg=3514-4015


[Mon Mar 15 10:55:51 2021]
rule dskReverse:
    input: /datater/wu/data/zika/splitFiles/reverse8534-9035.fasta
    output: /datater/wu/data/zika/dsk/reverse8534-9035.h5
    jobid: 20
    wildcards: sample=zika, seg=8534-9035


[Mon Mar 15 10:55:51 2021]
rule dskReverse:
    input: /datater/wu/data/zika/splitFiles/reverse2259-2760.fasta
    output: /datater/wu/data/zika/dsk/reverse2259-2760.h5
    jobid: 35
    wildcards: sample=zika, seg=2259-2760


[Mon Mar 15 10:55:51 2021]
rule dskReverse:
    input: /datater/wu/data/zika/splitFiles/reverse5522-6023.fasta
    output: /datater/wu/data/zika/dsk/reverse5522-6023.h5
    jobid: 49
    wildcards: sample=zika, seg=5522-6023


[Mon Mar 15 10:55:51 2021]
rule dskReverse:
    input: /datater/wu/data/zika/splitFiles/reverse7028-7529.fasta
    output: /datater/wu/data/zika/dsk/reverse7028-7529.h5
    jobid: 34
    wildcards: sample=zika, seg=7028-7529


[Mon Mar 15 10:55:51 2021]
rule dskReverse:
    input: /datater/wu/data/zika/splitFiles/reverse9287-9788.fasta
    output: /datater/wu/data/zika/dsk/reverse9287-9788.h5
    jobid: 41
    wildcards: sample=zika, seg=9287-9788


[Mon Mar 15 10:55:51 2021]
rule dskReverse:
    input: /datater/wu/data/zika/splitFiles/reverse8283-8784.fasta
    output: /datater/wu/data/zika/dsk/reverse8283-8784.h5
    jobid: 11
    wildcards: sample=zika, seg=8283-8784


[Mon Mar 15 10:55:51 2021]
rule dskReverse:
    input: /datater/wu/data/zika/splitFiles/reverse10040-10541.fasta
    output: /datater/wu/data/zika/dsk/reverse10040-10541.h5
    jobid: 43
    wildcards: sample=zika, seg=10040-10541


[Mon Mar 15 10:55:51 2021]
rule dskReverse:
    input: /datater/wu/data/zika/splitFiles/reverse8785-9286.fasta
    output: /datater/wu/data/zika/dsk/reverse8785-9286.h5
    jobid: 28
    wildcards: sample=zika, seg=8785-9286


[Mon Mar 15 10:55:51 2021]
rule dskReverse:
    input: /datater/wu/data/zika/splitFiles/reverse4518-5019.fasta
    output: /datater/wu/data/zika/dsk/reverse4518-5019.h5
    jobid: 13
    wildcards: sample=zika, seg=4518-5019

[Mon Mar 15 10:55:53 2021]
Finished job 27.
1 of 36 steps (3%) done
Select jobs to execute...
[Mon Mar 15 10:55:53 2021]
Finished job 41.
2 of 36 steps (6%) done
[Mon Mar 15 10:55:53 2021]
Finished job 35.
3 of 36 steps (8%) done
[Mon Mar 15 10:55:53 2021]
Finished job 20.
4 of 36 steps (11%) done

[Mon Mar 15 10:55:53 2021]
rule dskReverse:
    input: /datater/wu/data/zika/splitFiles/reverse1255-1756.fasta
    output: /datater/wu/data/zika/dsk/reverse1255-1756.h5
    jobid: 29
    wildcards: sample=zika, seg=1255-1756

Select jobs to execute...
[Mon Mar 15 10:55:53 2021]
Finished job 34.
5 of 36 steps (14%) done

[Mon Mar 15 10:55:53 2021]
rule dskReverse:
    input: /datater/wu/data/zika/splitFiles/reverse0-501.fasta
    output: /datater/wu/data/zika/dsk/reverse0-501.h5
    jobid: 8
    wildcards: sample=zika, seg=0-501

[Mon Mar 15 10:55:53 2021]
Finished job 36.
6 of 36 steps (17%) done

[Mon Mar 15 10:55:53 2021]
rule dskReverse:
    input: /datater/wu/data/zika/splitFiles/reverse2510-3011.fasta
    output: /datater/wu/data/zika/dsk/reverse2510-3011.h5
    jobid: 38
    wildcards: sample=zika, seg=2510-3011


[Mon Mar 15 10:55:53 2021]
rule dskReverse:
    input: /datater/wu/data/zika/splitFiles/reverse5271-5772.fasta
    output: /datater/wu/data/zika/dsk/reverse5271-5772.h5
    jobid: 10
    wildcards: sample=zika, seg=5271-5772

Select jobs to execute...
[Mon Mar 15 10:55:53 2021]
Error in rule dskReverse:
    jobid: 8
    output: /datater/wu/data/zika/dsk/reverse0-501.h5
    shell:
        
        lib/dsk/build/bin/dsk         -nb-cores 0         -max-memory 5000         -max-disk 0         -out-compress 0         -storage-type hdf5         -kmer-size 13         -abundance-min 2         -abundance-max 2147483647         -solidity-kind sum         -file /datater/wu/data/zika/splitFiles/reverse0-501.fasta         -out /datater/wu/data/zika/dsk/reverse0-501.h5
        
        (one of the commands exited with non-zero exit code; note that snakemake uses bash strict mode!)

Removing output files of failed job dskReverse since they might be corrupted:
/datater/wu/data/zika/dsk/reverse0-501.h5
[Mon Mar 15 10:55:53 2021]
Finished job 28.
7 of 36 steps (19%) done

[Mon Mar 15 10:55:53 2021]
rule dskReverse:
    input: /datater/wu/data/zika/splitFiles/reverse251-752.fasta
    output: /datater/wu/data/zika/dsk/reverse251-752.h5
    jobid: 31
    wildcards: sample=zika, seg=251-752


[Mon Mar 15 10:55:53 2021]
rule dskReverse:
    input: /datater/wu/data/zika/splitFiles/reverse10542-10780.fasta
    output: /datater/wu/data/zika/dsk/reverse10542-10780.h5
    jobid: 25
    wildcards: sample=zika, seg=10542-10780

[Mon Mar 15 10:55:53 2021]
Finished job 12.
8 of 36 steps (22%) done
[Mon Mar 15 10:55:53 2021]
Finished job 49.
9 of 36 steps (25%) done
[Mon Mar 15 10:55:53 2021]
Finished job 43.
10 of 36 steps (28%) done
[Mon Mar 15 10:55:53 2021]
Finished job 11.
11 of 36 steps (31%) done
[Mon Mar 15 10:55:53 2021]
Finished job 13.
12 of 36 steps (33%) done
[Mon Mar 15 10:55:55 2021]
Finished job 29.
13 of 36 steps (36%) done
[Mon Mar 15 10:55:55 2021]
Finished job 25.
14 of 36 steps (39%) done
[Mon Mar 15 10:55:55 2021]
Finished job 10.
15 of 36 steps (42%) done
[Mon Mar 15 10:55:55 2021]
Finished job 31.
16 of 36 steps (44%) done
[Mon Mar 15 10:55:55 2021]
Finished job 38.
17 of 36 steps (47%) done
Shutting down, this might take some time.
Exiting because a job execution failed. Look above for error message
Complete log: /datater/wu/stage_m2/.snakemake/log/2021-03-15T105550.521978.snakemake.log
