Building DAG of jobs...
Updating job aggregate_allReverseOligo.
Using shell: /bin/bash
Provided cores: 12
Rules claiming more threads will be scaled down.
Conda environments: ignored
Job counts:
	count	jobs
	1	all
	33	blastn_short
	5	splitTableToFasta
	39
Select jobs to execute...

[Sat Mar 27 22:59:55 2021]
rule splitTableToFasta:
    input: /datater/wu/data/enterovirus/checkSpecifity/reverse4314_filtered.tsv
    output: /datater/wu/data/enterovirus/checkSpecifity/reverse4314_filtered.fasta
    jobid: 272
    wildcards: sample=enterovirus, seg=4314

[Sat Mar 27 22:59:55 2021]
rule splitTableToFasta:
    input: /datater/wu/data/enterovirus/checkSpecifity/reverse6346_filtered.tsv
    output: /datater/wu/data/enterovirus/checkSpecifity/reverse6346_filtered.fasta
    jobid: 332
    wildcards: sample=enterovirus, seg=6346

[Sat Mar 27 22:59:55 2021]
rule splitTableToFasta:
    input: /datater/wu/data/enterovirus/checkSpecifity/reverse5076_filtered.tsv
    output: /datater/wu/data/enterovirus/checkSpecifity/reverse5076_filtered.fasta
    jobid: 336
    wildcards: sample=enterovirus, seg=5076

[Sat Mar 27 22:59:55 2021]
rule blastn_short:
    input: /datater/wu/data/enterovirus/checkSpecifity/reverse2790_filtered.fasta
    output: /datater/wu/data/enterovirus/checkSpecifity/reverse2790_filtered.blastn.out
    jobid: 321
    wildcards: sample=enterovirus, seg=2790


[Sat Mar 27 22:59:55 2021]
rule blastn_short:
    input: /datater/wu/data/enterovirus/checkSpecifity/reverse6854_filtered.fasta
    output: /datater/wu/data/enterovirus/checkSpecifity/reverse6854_filtered.blastn.out
    jobid: 293
    wildcards: sample=enterovirus, seg=6854


[Sat Mar 27 22:59:55 2021]
rule blastn_short:
    input: /datater/wu/data/enterovirus/checkSpecifity/reverse8124_filtered.fasta
    output: /datater/wu/data/enterovirus/checkSpecifity/reverse8124_filtered.blastn.out
    jobid: 303
    wildcards: sample=enterovirus, seg=8124


[Sat Mar 27 22:59:55 2021]
rule splitTableToFasta:
    input: /datater/wu/data/enterovirus/checkSpecifity/reverse7362_filtered.tsv
    output: /datater/wu/data/enterovirus/checkSpecifity/reverse7362_filtered.fasta
    jobid: 296
    wildcards: sample=enterovirus, seg=7362

[Sat Mar 27 22:59:55 2021]
rule blastn_short:
    input: /datater/wu/data/enterovirus/checkSpecifity/reverse7870_filtered.fasta
    output: /datater/wu/data/enterovirus/checkSpecifity/reverse7870_filtered.blastn.out
    jobid: 277
    wildcards: sample=enterovirus, seg=7870


[Sat Mar 27 22:59:55 2021]
rule blastn_short:
    input: /datater/wu/data/enterovirus/checkSpecifity/reverse1266_filtered.fasta
    output: /datater/wu/data/enterovirus/checkSpecifity/reverse1266_filtered.blastn.out
    jobid: 287
    wildcards: sample=enterovirus, seg=1266


[Sat Mar 27 22:59:55 2021]
rule blastn_short:
    input: /datater/wu/data/enterovirus/checkSpecifity/reverse504_filtered.fasta
    output: /datater/wu/data/enterovirus/checkSpecifity/reverse504_filtered.blastn.out
    jobid: 297
    wildcards: sample=enterovirus, seg=504


[Sat Mar 27 22:59:55 2021]
rule blastn_short:
    input: /datater/wu/data/enterovirus/checkSpecifity/reverse5330_filtered.fasta
    output: /datater/wu/data/enterovirus/checkSpecifity/reverse5330_filtered.blastn.out
    jobid: 307
    wildcards: sample=enterovirus, seg=5330


[Sat Mar 27 22:59:55 2021]
rule blastn_short:
    input: /datater/wu/data/enterovirus/checkSpecifity/reverse5838_filtered.fasta
    output: /datater/wu/data/enterovirus/checkSpecifity/reverse5838_filtered.blastn.out
    jobid: 327
    wildcards: sample=enterovirus, seg=5838

[Sat Mar 27 22:59:55 2021]
Finished job 332.
1 of 39 steps (3%) done
Select jobs to execute...

[Sat Mar 27 22:59:55 2021]
rule blastn_short:
    input: /datater/wu/data/enterovirus/checkSpecifity/reverse4822_filtered.fasta
    output: /datater/wu/data/enterovirus/checkSpecifity/reverse4822_filtered.blastn.out
    jobid: 273
    wildcards: sample=enterovirus, seg=4822

[Sat Mar 27 22:59:55 2021]
Finished job 336.
2 of 39 steps (5%) done
[Sat Mar 27 22:59:55 2021]
Finished job 272.
3 of 39 steps (8%) done
Select jobs to execute...
[Sat Mar 27 22:59:55 2021]
Finished job 296.
4 of 39 steps (10%) done

[Sat Mar 27 22:59:55 2021]
rule blastn_short:
    input: /datater/wu/data/enterovirus/checkSpecifity/reverse3806_filtered.fasta
    output: /datater/wu/data/enterovirus/checkSpecifity/reverse3806_filtered.blastn.out
    jobid: 301
    wildcards: sample=enterovirus, seg=3806


[Sat Mar 27 22:59:55 2021]
rule blastn_short:
    input: /datater/wu/data/enterovirus/checkSpecifity/reverse8378_filtered.fasta
    output: /datater/wu/data/enterovirus/checkSpecifity/reverse8378_filtered.blastn.out
    jobid: 319
    wildcards: sample=enterovirus, seg=8378

Select jobs to execute...

[Sat Mar 27 22:59:56 2021]
rule blastn_short:
    input: /datater/wu/data/enterovirus/checkSpecifity/reverse3044_filtered.fasta
    output: /datater/wu/data/enterovirus/checkSpecifity/reverse3044_filtered.blastn.out
    jobid: 323
    wildcards: sample=enterovirus, seg=3044

Select jobs to execute...
Terminating processes on user request, this might take some time.
[Sat Mar 27 23:00:03 2021]
Error in rule blastn_short:
    jobid: 297
    output: /datater/wu/data/enterovirus/checkSpecifity/reverse504_filtered.blastn.out
[Sat Mar 27 23:00:03 2021]
    shell:
        blastn -task blastn-short         -db refseq_genomes -remote         -query /datater/wu/data/enterovirus/checkSpecifity/reverse504_filtered.fasta         -out /datater/wu/data/enterovirus/checkSpecifity/reverse504_filtered.blastn.out         -outfmt '6 qacc sacc stitle pident length mismatch gapopen sstart send evalue'
        (one of the commands exited with non-zero exit code; note that snakemake uses bash strict mode!)
Error in rule blastn_short:

[Sat Mar 27 23:00:03 2021]
[Sat Mar 27 23:00:03 2021]
[Sat Mar 27 23:00:03 2021]
    jobid: 319
Removing output files of failed job blastn_short since they might be corrupted:
/datater/wu/data/enterovirus/checkSpecifity/reverse504_filtered.blastn.out
[Sat Mar 27 23:00:03 2021]
[Sat Mar 27 23:00:03 2021]
[Sat Mar 27 23:00:03 2021]
Error in rule blastn_short:
Error in rule blastn_short:
Error in rule blastn_short:
[Sat Mar 27 23:00:03 2021]
[Sat Mar 27 23:00:03 2021]
    output: /datater/wu/data/enterovirus/checkSpecifity/reverse8378_filtered.blastn.out
[Sat Mar 27 23:00:03 2021]
Error in rule blastn_short:
Error in rule blastn_short:
Error in rule blastn_short:
    jobid: 303
    jobid: 307
    jobid: 327
Error in rule blastn_short:
Error in rule blastn_short:
[Sat Mar 27 23:00:03 2021]
    shell:
        blastn -task blastn-short         -db refseq_genomes -remote         -query /datater/wu/data/enterovirus/checkSpecifity/reverse8378_filtered.fasta         -out /datater/wu/data/enterovirus/checkSpecifity/reverse8378_filtered.blastn.out         -outfmt '6 qacc sacc stitle pident length mismatch gapopen sstart send evalue'
        (one of the commands exited with non-zero exit code; note that snakemake uses bash strict mode!)
Error in rule blastn_short:
    jobid: 293
    jobid: 277
    jobid: 301
    output: /datater/wu/data/enterovirus/checkSpecifity/reverse8124_filtered.blastn.out
    output: /datater/wu/data/enterovirus/checkSpecifity/reverse5330_filtered.blastn.out
    output: /datater/wu/data/enterovirus/checkSpecifity/reverse5838_filtered.blastn.out
    jobid: 323
    jobid: 273
Error in rule blastn_short:

    jobid: 287
    output: /datater/wu/data/enterovirus/checkSpecifity/reverse6854_filtered.blastn.out
    output: /datater/wu/data/enterovirus/checkSpecifity/reverse7870_filtered.blastn.out
    output: /datater/wu/data/enterovirus/checkSpecifity/reverse3806_filtered.blastn.out
    shell:
        blastn -task blastn-short         -db refseq_genomes -remote         -query /datater/wu/data/enterovirus/checkSpecifity/reverse8124_filtered.fasta         -out /datater/wu/data/enterovirus/checkSpecifity/reverse8124_filtered.blastn.out         -outfmt '6 qacc sacc stitle pident length mismatch gapopen sstart send evalue'
        (one of the commands exited with non-zero exit code; note that snakemake uses bash strict mode!)
    shell:
        blastn -task blastn-short         -db refseq_genomes -remote         -query /datater/wu/data/enterovirus/checkSpecifity/reverse5330_filtered.fasta         -out /datater/wu/data/enterovirus/checkSpecifity/reverse5330_filtered.blastn.out         -outfmt '6 qacc sacc stitle pident length mismatch gapopen sstart send evalue'
        (one of the commands exited with non-zero exit code; note that snakemake uses bash strict mode!)
    shell:
        blastn -task blastn-short         -db refseq_genomes -remote         -query /datater/wu/data/enterovirus/checkSpecifity/reverse5838_filtered.fasta         -out /datater/wu/data/enterovirus/checkSpecifity/reverse5838_filtered.blastn.out         -outfmt '6 qacc sacc stitle pident length mismatch gapopen sstart send evalue'
        (one of the commands exited with non-zero exit code; note that snakemake uses bash strict mode!)
    output: /datater/wu/data/enterovirus/checkSpecifity/reverse3044_filtered.blastn.out
    output: /datater/wu/data/enterovirus/checkSpecifity/reverse4822_filtered.blastn.out
    jobid: 321
Removing output files of failed job blastn_short since they might be corrupted:
/datater/wu/data/enterovirus/checkSpecifity/reverse8378_filtered.blastn.out
    output: /datater/wu/data/enterovirus/checkSpecifity/reverse1266_filtered.blastn.out
    shell:
        blastn -task blastn-short         -db refseq_genomes -remote         -query /datater/wu/data/enterovirus/checkSpecifity/reverse6854_filtered.fasta         -out /datater/wu/data/enterovirus/checkSpecifity/reverse6854_filtered.blastn.out         -outfmt '6 qacc sacc stitle pident length mismatch gapopen sstart send evalue'
        (one of the commands exited with non-zero exit code; note that snakemake uses bash strict mode!)
    shell:
        blastn -task blastn-short         -db refseq_genomes -remote         -query /datater/wu/data/enterovirus/checkSpecifity/reverse7870_filtered.fasta         -out /datater/wu/data/enterovirus/checkSpecifity/reverse7870_filtered.blastn.out         -outfmt '6 qacc sacc stitle pident length mismatch gapopen sstart send evalue'
        (one of the commands exited with non-zero exit code; note that snakemake uses bash strict mode!)
    shell:
        blastn -task blastn-short         -db refseq_genomes -remote         -query /datater/wu/data/enterovirus/checkSpecifity/reverse3806_filtered.fasta         -out /datater/wu/data/enterovirus/checkSpecifity/reverse3806_filtered.blastn.out         -outfmt '6 qacc sacc stitle pident length mismatch gapopen sstart send evalue'
        (one of the commands exited with non-zero exit code; note that snakemake uses bash strict mode!)



    shell:
        blastn -task blastn-short         -db refseq_genomes -remote         -query /datater/wu/data/enterovirus/checkSpecifity/reverse3044_filtered.fasta         -out /datater/wu/data/enterovirus/checkSpecifity/reverse3044_filtered.blastn.out         -outfmt '6 qacc sacc stitle pident length mismatch gapopen sstart send evalue'
        (one of the commands exited with non-zero exit code; note that snakemake uses bash strict mode!)
    shell:
        blastn -task blastn-short         -db refseq_genomes -remote         -query /datater/wu/data/enterovirus/checkSpecifity/reverse4822_filtered.fasta         -out /datater/wu/data/enterovirus/checkSpecifity/reverse4822_filtered.blastn.out         -outfmt '6 qacc sacc stitle pident length mismatch gapopen sstart send evalue'
        (one of the commands exited with non-zero exit code; note that snakemake uses bash strict mode!)
    output: /datater/wu/data/enterovirus/checkSpecifity/reverse2790_filtered.blastn.out
    shell:
        blastn -task blastn-short         -db refseq_genomes -remote         -query /datater/wu/data/enterovirus/checkSpecifity/reverse1266_filtered.fasta         -out /datater/wu/data/enterovirus/checkSpecifity/reverse1266_filtered.blastn.out         -outfmt '6 qacc sacc stitle pident length mismatch gapopen sstart send evalue'
        (one of the commands exited with non-zero exit code; note that snakemake uses bash strict mode!)



Removing output files of failed job blastn_short since they might be corrupted:
/datater/wu/data/enterovirus/checkSpecifity/reverse8124_filtered.blastn.out


    shell:
        blastn -task blastn-short         -db refseq_genomes -remote         -query /datater/wu/data/enterovirus/checkSpecifity/reverse2790_filtered.fasta         -out /datater/wu/data/enterovirus/checkSpecifity/reverse2790_filtered.blastn.out         -outfmt '6 qacc sacc stitle pident length mismatch gapopen sstart send evalue'
        (one of the commands exited with non-zero exit code; note that snakemake uses bash strict mode!)

Removing output files of failed job blastn_short since they might be corrupted:
/datater/wu/data/enterovirus/checkSpecifity/reverse5330_filtered.blastn.out

Removing output files of failed job blastn_short since they might be corrupted:
/datater/wu/data/enterovirus/checkSpecifity/reverse5838_filtered.blastn.out
Removing output files of failed job blastn_short since they might be corrupted:
/datater/wu/data/enterovirus/checkSpecifity/reverse6854_filtered.blastn.out
Removing output files of failed job blastn_short since they might be corrupted:
/datater/wu/data/enterovirus/checkSpecifity/reverse7870_filtered.blastn.out
Removing output files of failed job blastn_short since they might be corrupted:
/datater/wu/data/enterovirus/checkSpecifity/reverse3806_filtered.blastn.out
Removing output files of failed job blastn_short since they might be corrupted:
/datater/wu/data/enterovirus/checkSpecifity/reverse3044_filtered.blastn.out
Removing output files of failed job blastn_short since they might be corrupted:
/datater/wu/data/enterovirus/checkSpecifity/reverse4822_filtered.blastn.out
Removing output files of failed job blastn_short since they might be corrupted:
/datater/wu/data/enterovirus/checkSpecifity/reverse1266_filtered.blastn.out
Removing output files of failed job blastn_short since they might be corrupted:
/datater/wu/data/enterovirus/checkSpecifity/reverse2790_filtered.blastn.out
Complete log: /datater/wu/stage_m2/.snakemake/log/2021-03-27T225954.346157.snakemake.log
