Building DAG of jobs...
Using shell: /bin/bash
Provided cores: 12
Rules claiming more threads will be scaled down.
Conda environments: ignored
Job counts:
	count	jobs
	1	all
	74	dskForward
	74	dskForwardOutput
	74	dskForwardOutputSort
	74	filter_within_seg
	37	splitFiles
	334
Select jobs to execute...

[Wed Mar 10 09:38:14 2021]
rule dskForward:
    input: /datater/wu/data/enterovirus/split_forward/position_254-758.fasta
    output: /datater/wu/data/enterovirus/dsk/forward_254-758.h5
    jobid: 71
    wildcards: sample=enterovirus, seg=254-758


[Wed Mar 10 09:38:14 2021]
rule splitFiles:
    input: /datater/wu/data/msa/zika.msa
    output: /datater/wu/data/zika/split_forward/position_1778-2282.fasta (dynamic)
    jobid: 18
    wildcards: sample=zika, seg=1778-2282

Subsequent jobs will be added dynamically depending on the output of this job

[Wed Mar 10 09:38:14 2021]
rule splitFiles:
    input: /datater/wu/data/msa/zika.msa
    output: /datater/wu/data/zika/split_forward/position_6096-6600.fasta (dynamic)
    jobid: 53
    wildcards: sample=zika, seg=6096-6600

Subsequent jobs will be added dynamically depending on the output of this job

[Wed Mar 10 09:38:14 2021]
rule dskForward:
    input: /datater/wu/data/enterovirus/split_forward/position_7874-8378.fasta
    output: /datater/wu/data/enterovirus/dsk/forward_7874-8378.h5
    jobid: 61
    wildcards: sample=enterovirus, seg=7874-8378


[Wed Mar 10 09:38:14 2021]
rule dskForward:
    input: /datater/wu/data/enterovirus/split_forward/position_3302-3806.fasta
    output: /datater/wu/data/enterovirus/dsk/forward_3302-3806.h5
    jobid: 83
    wildcards: sample=enterovirus, seg=3302-3806


[Wed Mar 10 09:38:14 2021]
rule dskForward:
    input: /datater/wu/data/enterovirus/split_forward/position_4826-5330.fasta
    output: /datater/wu/data/enterovirus/dsk/forward_4826-5330.h5
    jobid: 91
    wildcards: sample=enterovirus, seg=4826-5330


[Wed Mar 10 09:38:14 2021]
rule dskForward:
    input: /datater/wu/data/enterovirus/split_forward/position_4064-4568.fasta
    output: /datater/wu/data/enterovirus/dsk/forward_4064-4568.h5
    jobid: 68
    wildcards: sample=enterovirus, seg=4064-4568


[Wed Mar 10 09:38:14 2021]
rule splitFiles:
    input: /datater/wu/data/msa/zika.msa
    output: /datater/wu/data/zika/split_forward/position_8128-8632.fasta (dynamic)
    jobid: 23
    wildcards: sample=zika, seg=8128-8632

Subsequent jobs will be added dynamically depending on the output of this job

[Wed Mar 10 09:38:14 2021]
rule dskForward:
    input: /datater/wu/data/enterovirus/split_forward/position_4318-4822.fasta
    output: /datater/wu/data/enterovirus/dsk/forward_4318-4822.h5
    jobid: 76
    wildcards: sample=enterovirus, seg=4318-4822


[Wed Mar 10 09:38:14 2021]
rule splitFiles:
    input: /datater/wu/data/msa/zika.msa
    output: /datater/wu/data/zika/split_forward/position_4064-4568.fasta (dynamic)
    jobid: 31
    wildcards: sample=zika, seg=4064-4568

Subsequent jobs will be added dynamically depending on the output of this job

[Wed Mar 10 09:38:14 2021]
rule splitFiles:
    input: /datater/wu/data/msa/zika.msa
    output: /datater/wu/data/zika/split_forward/position_4572-5076.fasta (dynamic)
    jobid: 38
    wildcards: sample=zika, seg=4572-5076

Subsequent jobs will be added dynamically depending on the output of this job

[Wed Mar 10 09:38:14 2021]
rule splitFiles:
    input: /datater/wu/data/msa/zika.msa
    output: /datater/wu/data/zika/split_forward/position_3302-3806.fasta (dynamic)
    jobid: 46
    wildcards: sample=zika, seg=3302-3806

Subsequent jobs will be added dynamically depending on the output of this job
[Wed Mar 10 09:38:16 2021]
Finished job 71.
1 of 334 steps (0.30%) done
Select jobs to execute...

[Wed Mar 10 09:38:16 2021]
rule splitFiles:
    input: /datater/wu/data/msa/zika.msa
    output: /datater/wu/data/zika/split_forward/position_7366-7870.fasta (dynamic)
    jobid: 36
    wildcards: sample=zika, seg=7366-7870

Subsequent jobs will be added dynamically depending on the output of this job
[Wed Mar 10 09:38:16 2021]
Finished job 68.
2 of 334 steps (0.60%) done
Select jobs to execute...
[Wed Mar 10 09:38:16 2021]
Finished job 91.
3 of 334 steps (0.90%) done
[Wed Mar 10 09:38:16 2021]
Finished job 76.
4 of 334 steps (1%) done
[Wed Mar 10 09:38:16 2021]
Finished job 61.
5 of 334 steps (1%) done

[Wed Mar 10 09:38:16 2021]
rule splitFiles:
    input: /datater/wu/data/msa/zika.msa
    output: /datater/wu/data/zika/split_forward/position_8382-8886.fasta (dynamic)
    jobid: 44
    wildcards: sample=zika, seg=8382-8886

Subsequent jobs will be added dynamically depending on the output of this job
Select jobs to execute...

[Wed Mar 10 09:38:16 2021]
rule dskForward:
    input: /datater/wu/data/enterovirus/split_forward/position_762-1266.fasta
    output: /datater/wu/data/enterovirus/dsk/forward_762-1266.h5
    jobid: 84
    wildcards: sample=enterovirus, seg=762-1266


[Wed Mar 10 09:38:16 2021]
rule splitFiles:
    input: /datater/wu/data/msa/zika.msa
    output: /datater/wu/data/zika/split_forward/position_4826-5330.fasta (dynamic)
    jobid: 54
    wildcards: sample=zika, seg=4826-5330

Subsequent jobs will be added dynamically depending on the output of this job

[Wed Mar 10 09:38:16 2021]
rule splitFiles:
    input: /datater/wu/data/msa/zika.msa
    output: /datater/wu/data/zika/split_forward/position_6350-6854.fasta (dynamic)
    jobid: 30
    wildcards: sample=zika, seg=6350-6854

Subsequent jobs will be added dynamically depending on the output of this job
Select jobs to execute...
Select jobs to execute...
[Wed Mar 10 09:38:16 2021]
Finished job 83.
6 of 334 steps (2%) done
Select jobs to execute...

[Wed Mar 10 09:38:16 2021]
rule dskForward:
    input: /datater/wu/data/enterovirus/split_forward/position_3556-4060.fasta
    output: /datater/wu/data/enterovirus/dsk/forward_3556-4060.h5
    jobid: 82
    wildcards: sample=enterovirus, seg=3556-4060

[Wed Mar 10 09:38:19 2021]
Finished job 84.
7 of 334 steps (2%) done
Select jobs to execute...

[Wed Mar 10 09:38:19 2021]
rule splitFiles:
    input: /datater/wu/data/msa/zika.msa
    output: /datater/wu/data/zika/split_forward/position_9144-9382.fasta (dynamic)
    jobid: 52
    wildcards: sample=zika, seg=9144-9382

Subsequent jobs will be added dynamically depending on the output of this job
[Wed Mar 10 09:38:19 2021]
Finished job 82.
8 of 334 steps (2%) done
Select jobs to execute...

[Wed Mar 10 09:38:19 2021]
rule dskForward:
    input: /datater/wu/data/enterovirus/split_forward/position_6350-6854.fasta
    output: /datater/wu/data/enterovirus/dsk/forward_6350-6854.h5
    jobid: 67
    wildcards: sample=enterovirus, seg=6350-6854

[Wed Mar 10 09:38:21 2021]
Finished job 67.
9 of 334 steps (3%) done
Shutting down, this might take some time.
Exiting because a job execution failed. Look above for error message
Complete log: /datater/wu/stage_m2/.snakemake/log/2021-03-10T093813.360247.snakemake.log
