Building DAG of jobs...
Updating job aggregateAllReverseOligo.
Using shell: /bin/bash
Provided cores: 12
Rules claiming more threads will be scaled down.
Conda environments: ignored
Job counts:
	count	jobs
	1	all
	1	species_coverage
	2
Select jobs to execute...

[Mon Apr 12 15:41:11 2021]
rule species_coverage:
    input: /datater/wu/data/enterovirus/dimer13/allOligos_reverse.set.fasta, /datater/wu/data/enterovirus/evaluation13/aceID-taxID-species.tsv
    output: /datater/wu/data/enterovirus/evaluation13/allOligos_reverse.set.coverage
    jobid: 13
    wildcards: sample=enterovirus

[Mon Apr 12 15:41:14 2021]
Finished job 13.
1 of 2 steps (50%) done
Select jobs to execute...

[Mon Apr 12 15:41:14 2021]
localrule all:
    input: /datater/wu/data/enterovirus/enterovirus.uniq, /datater/wu/data/enterovirus/enterovirus.msa, /datater/wu/data/enterovirus/filtering13/allOligos_reverse.filtered, /datater/wu/data/enterovirus/checkSpecifity13/allOligos_reverse.filtered.fasta, /datater/wu/data/enterovirus/checkSpecifity13/references.DB.nhr, /datater/wu/data/enterovirus/checkSpecifity13/references.DB.nin, /datater/wu/data/enterovirus/checkSpecifity13/references.DB.nog, /datater/wu/data/enterovirus/checkSpecifity13/references.DB.nsd, /datater/wu/data/enterovirus/checkSpecifity13/references.DB.nsi, /datater/wu/data/enterovirus/checkSpecifity13/references.DB.nsq, /datater/wu/data/enterovirus/checkSpecifity13/allOligos_reverse.filtered.blastn.out, /datater/wu/data/enterovirus/checkSpecifity13/allOligos_reverse.filtered.spec.fasta, /datater/wu/data/enterovirus/dimer13/allOligos_reverse.filtered.spec.heterodimer, /datater/wu/data/enterovirus/dimer13/allOligos_reverse.set, /datater/wu/data/enterovirus/dimer13/allOligos_reverse.set.fasta, /datater/wu/data/enterovirus/evaluation13/aceID-taxID-species.tsv, /datater/wu/data/enterovirus/evaluation13/allOligos_reverse.set.coverage, /datater/wu/data/enterovirus/evaluation13/allOligo_before.tsv, /datater/wu/data/enterovirus/evaluation13/allOligo_after1.tsv, /datater/wu/data/enterovirus/evaluation13/allOligo_after2.tsv, /datater/wu/data/enterovirus/evaluation13/allOligo_after3.tsv
    jobid: 0

[Mon Apr 12 15:41:14 2021]
Finished job 0.
2 of 2 steps (100%) done
Complete log: /datater/wu/stage_m2/.snakemake/log/2021-04-12T154111.335354.snakemake.log
