Building DAG of jobs...
Using shell: /bin/bash
Provided cores: 6
Rules claiming more threads will be scaled down.
Conda environments: ignored
Job counts:
	count	jobs
	1	all
	1	filtering1
	2
Select jobs to execute...

[Thu Apr 29 12:52:51 2021]
rule filtering1:
    input: /datater/wu/data/MSSPE-variant/zika/kmer15/intermediate/allKmerCount.sorted.txt
    output: /datater/wu/data/MSSPE-variant/zika/kmer15/allKmerCount.sorted.calculated.txt
    jobid: 5
    wildcards: sample=zika

[Thu Apr 29 12:53:13 2021]
Finished job 5.
1 of 2 steps (50%) done
Select jobs to execute...

[Thu Apr 29 12:53:13 2021]
localrule all:
    input: /datater/wu/data/MSSPE-variant/zika/zika.uniq, /datater/wu/data/MSSPE-variant/zika/kmer15/intermediate/allKmerCount.jf, /datater/wu/data/MSSPE-variant/zika/kmer15/intermediate/allKmerCount.txt, /datater/wu/data/MSSPE-variant/zika/kmer15/intermediate/allKmerCount.sorted.txt, /datater/wu/data/MSSPE-variant/zika/kmer15/allKmerCount.sorted.calculated.txt
    jobid: 0

[Thu Apr 29 12:53:13 2021]
Finished job 0.
2 of 2 steps (100%) done
Complete log: /datater/wu/MSSPE/.snakemake/log/2021-04-29T125250.687966.snakemake.log
