Building DAG of jobs...
Using shell: /bin/bash
Provided cores: 12
Rules claiming more threads will be scaled down.
Job counts:
	count	jobs
	1	all
	1	variant
	2
Select jobs to execute...

[Tue May  4 11:30:34 2021]
rule variant:
    input: /datater/wu/data/MSSPE-variant/coronavirusCurated/kmer13/evaluation/allOligo_after2.tsv, /datater/wu/data/MSSPE-variant/coronavirusCurated/kmer13/intermediate/aceID-taxID-species.tsv, /datater/wu/data/MSSPE-variant/coronavirusCurated/kmer13/intermediate/allKmerCount.sorted.calculated.bowtie
    output: /datater/wu/data/MSSPE-variant/coronavirusCurated/kmer13/evaluation/allKmerCount.sorted.calculated.filtered.allOligo.set.coverage
    jobid: 1
    wildcards: sample=coronavirusCurated

[Tue May  4 11:30:38 2021]
Finished job 1.
1 of 2 steps (50%) done
Select jobs to execute...

[Tue May  4 11:30:38 2021]
localrule all:
    input: /datater/wu/data/MSSPE-variant/coronavirusCurated/kmer13/evaluation/allKmerCount.sorted.calculated.filtered.allOligo.set.coverage
    jobid: 0

[Tue May  4 11:30:38 2021]
Finished job 0.
2 of 2 steps (100%) done
Complete log: /datater/wu/MSSPE/.snakemake/log/2021-05-04T113033.773196.snakemake.log
