Building DAG of jobs...
Using shell: /bin/bash
Provided cores: 12
Rules claiming more threads will be scaled down.
Conda environments: ignored
Job counts:
	count	jobs
	1	all
	43	filter_within_seg
	44
Select jobs to execute...

[Tue Mar  9 17:23:54 2021]
rule filter_within_seg:
    input: /datater/wu/data/zika/dsk/forward_1757-2258.kCountSorted
    output: /datater/wu/data/zika/primer3_Tm/forward_1757-2258.Tm
    jobid: 143
    wildcards: sample=zika, seg=1757-2258

[Tue Mar  9 17:23:54 2021]
rule filter_within_seg:
    input: /datater/wu/data/zika/dsk/forward_10040-10541.kCountSorted
    output: /datater/wu/data/zika/primer3_Tm/forward_10040-10541.Tm
    jobid: 142
    wildcards: sample=zika, seg=10040-10541

[Tue Mar  9 17:23:54 2021]
rule filter_within_seg:
    input: /datater/wu/data/zika/dsk/forward_3765-4266.kCountSorted
    output: /datater/wu/data/zika/primer3_Tm/forward_3765-4266.Tm
    jobid: 149
    wildcards: sample=zika, seg=3765-4266

[Tue Mar  9 17:23:54 2021]
rule filter_within_seg:
    input: /datater/wu/data/zika/dsk/forward_8283-8784.kCountSorted
    output: /datater/wu/data/zika/primer3_Tm/forward_8283-8784.Tm
    jobid: 157
    wildcards: sample=zika, seg=8283-8784

[Tue Mar  9 17:23:54 2021]
rule filter_within_seg:
    input: /datater/wu/data/zika/dsk/forward_8534-9035.kCountSorted
    output: /datater/wu/data/zika/primer3_Tm/forward_8534-9035.Tm
    jobid: 164
    wildcards: sample=zika, seg=8534-9035

[Tue Mar  9 17:23:54 2021]
rule filter_within_seg:
    input: /datater/wu/data/zika/dsk/forward_2259-2760.kCountSorted
    output: /datater/wu/data/zika/primer3_Tm/forward_2259-2760.Tm
    jobid: 172
    wildcards: sample=zika, seg=2259-2760

[Tue Mar  9 17:23:54 2021]
rule filter_within_seg:
    input: /datater/wu/data/zika/dsk/forward_9789-10290.kCountSorted
    output: /datater/wu/data/zika/primer3_Tm/forward_9789-10290.Tm
    jobid: 163
    wildcards: sample=zika, seg=9789-10290

[Tue Mar  9 17:23:54 2021]
rule filter_within_seg:
    input: /datater/wu/data/zika/dsk/forward_2510-3011.kCountSorted
    output: /datater/wu/data/zika/primer3_Tm/forward_2510-3011.Tm
    jobid: 156
    wildcards: sample=zika, seg=2510-3011

[Tue Mar  9 17:23:54 2021]
rule filter_within_seg:
    input: /datater/wu/data/zika/dsk/forward_5773-6274.kCountSorted
    output: /datater/wu/data/zika/primer3_Tm/forward_5773-6274.Tm
    jobid: 141
    wildcards: sample=zika, seg=5773-6274

[Tue Mar  9 17:23:54 2021]
rule filter_within_seg:
    input: /datater/wu/data/zika/dsk/forward_6777-7278.kCountSorted
    output: /datater/wu/data/zika/primer3_Tm/forward_6777-7278.Tm
    jobid: 148
    wildcards: sample=zika, seg=6777-7278

[Tue Mar  9 17:23:54 2021]
rule filter_within_seg:
    input: /datater/wu/data/zika/dsk/forward_9287-9788.kCountSorted
    output: /datater/wu/data/zika/primer3_Tm/forward_9287-9788.Tm
    jobid: 171
    wildcards: sample=zika, seg=9287-9788

[Tue Mar  9 17:23:54 2021]
rule filter_within_seg:
    input: /datater/wu/data/zika/dsk/forward_3012-3513.kCountSorted
    output: /datater/wu/data/zika/primer3_Tm/forward_3012-3513.Tm
    jobid: 178
    wildcards: sample=zika, seg=3012-3513

Shutting down, this might take some time.
Exiting because a job execution failed. Look above for error message
Complete log: /datater/wu/stage_m2/.snakemake/log/2021-03-09T172353.715673.snakemake.log
