Building DAG of jobs...
Using shell: /bin/bash
Provided cores: 12
Rules claiming more threads will be scaled down.
Conda environments: ignored
Job counts:
	count	jobs
	1	aggregate_allReverseOligo
	1	all
	1	reverse_filtering
	1	splitFiles
	4
Select jobs to execute...

[Thu Mar 25 14:42:57 2021]
checkpoint splitFiles:
    input: /datater/wu/data/zika/zika.msa
    output: /datater/wu/data/zika/splitFiles
    jobid: 3
    wildcards: sample=zika
Downstream jobs will be updated after completion.

Updating job aggregate_allReverseOligo.
[Thu Mar 25 14:42:58 2021]
Finished job 3.
1 of 305 steps (0.33%) done
Select jobs to execute...

[Thu Mar 25 14:42:58 2021]
rule dskReverse:
    input: /datater/wu/data/zika/splitFiles/reverse10291-10792.fasta
    output: /datater/wu/data/zika/dsk/reverse10291-10792.h5
    jobid: 195
    wildcards: sample=zika, seg=10291-10792


[Thu Mar 25 14:42:58 2021]
rule dskReverse:
    input: /datater/wu/data/zika/splitFiles/reverse3012-3513.fasta
    output: /datater/wu/data/zika/dsk/reverse3012-3513.h5
    jobid: 62
    wildcards: sample=zika, seg=3012-3513


[Thu Mar 25 14:42:58 2021]
rule dskReverse:
    input: /datater/wu/data/zika/splitFiles/reverse4518-5019.fasta
    output: /datater/wu/data/zika/dsk/reverse4518-5019.h5
    jobid: 279
    wildcards: sample=zika, seg=4518-5019


[Thu Mar 25 14:42:58 2021]
rule dskReverse:
    input: /datater/wu/data/zika/splitFiles/reverse5773-6274.fasta
    output: /datater/wu/data/zika/dsk/reverse5773-6274.h5
    jobid: 160
    wildcards: sample=zika, seg=5773-6274


[Thu Mar 25 14:42:58 2021]
rule dskReverse:
    input: /datater/wu/data/zika/splitFiles/reverse6024-6525.fasta
    output: /datater/wu/data/zika/dsk/reverse6024-6525.h5
    jobid: 244
    wildcards: sample=zika, seg=6024-6525


[Thu Mar 25 14:42:58 2021]
rule dskReverse:
    input: /datater/wu/data/zika/splitFiles/reverse9538-10039.fasta
    output: /datater/wu/data/zika/dsk/reverse9538-10039.h5
    jobid: 118
    wildcards: sample=zika, seg=9538-10039


[Thu Mar 25 14:42:58 2021]
rule dskReverse:
    input: /datater/wu/data/zika/splitFiles/reverse3765-4266.fasta
    output: /datater/wu/data/zika/dsk/reverse3765-4266.h5
    jobid: 188
    wildcards: sample=zika, seg=3765-4266


[Thu Mar 25 14:42:58 2021]
rule dskReverse:
    input: /datater/wu/data/zika/splitFiles/reverse8283-8784.fasta
    output: /datater/wu/data/zika/dsk/reverse8283-8784.h5
    jobid: 202
    wildcards: sample=zika, seg=8283-8784


[Thu Mar 25 14:42:58 2021]
rule dskReverse:
    input: /datater/wu/data/zika/splitFiles/reverse8534-9035.fasta
    output: /datater/wu/data/zika/dsk/reverse8534-9035.h5
    jobid: 125
    wildcards: sample=zika, seg=8534-9035


[Thu Mar 25 14:42:58 2021]
rule dskReverse:
    input: /datater/wu/data/zika/splitFiles/reverse2761-3262.fasta
    output: /datater/wu/data/zika/dsk/reverse2761-3262.h5
    jobid: 286
    wildcards: sample=zika, seg=2761-3262


[Thu Mar 25 14:42:58 2021]
rule dskReverse:
    input: /datater/wu/data/zika/splitFiles/reverse2008-2509.fasta
    output: /datater/wu/data/zika/dsk/reverse2008-2509.h5
    jobid: 251
    wildcards: sample=zika, seg=2008-2509


[Thu Mar 25 14:42:58 2021]
rule dskReverse:
    input: /datater/wu/data/zika/splitFiles/reverse7028-7529.fasta
    output: /datater/wu/data/zika/dsk/reverse7028-7529.h5
    jobid: 69
    wildcards: sample=zika, seg=7028-7529

[Thu Mar 25 14:43:01 2021]
Finished job 118.
2 of 305 steps (0.66%) done
Select jobs to execute...
[Thu Mar 25 14:43:01 2021]
Finished job 195.
3 of 305 steps (0.98%) done
[Thu Mar 25 14:43:01 2021]
Finished job 125.
4 of 305 steps (1%) done

[Thu Mar 25 14:43:01 2021]
rule dskReverse:
    input: /datater/wu/data/zika/splitFiles/reverse6526-7027.fasta
    output: /datater/wu/data/zika/dsk/reverse6526-7027.h5
    jobid: 146
    wildcards: sample=zika, seg=6526-7027

Select jobs to execute...
[Thu Mar 25 14:43:01 2021]
Finished job 286.
5 of 305 steps (2%) done
[Thu Mar 25 14:43:01 2021]
Finished job 244.
6 of 305 steps (2%) done
[Thu Mar 25 14:43:01 2021]
Finished job 62.
7 of 305 steps (2%) done
[Thu Mar 25 14:43:01 2021]
Finished job 188.
8 of 305 steps (3%) done
[Thu Mar 25 14:43:01 2021]
Finished job 279.
9 of 305 steps (3%) done

[Thu Mar 25 14:43:01 2021]
rule dskReverse:
    input: /datater/wu/data/zika/splitFiles/reverse5522-6023.fasta
    output: /datater/wu/data/zika/dsk/reverse5522-6023.h5
    jobid: 153
    wildcards: sample=zika, seg=5522-6023


[Thu Mar 25 14:43:01 2021]
rule dskReverse:
    input: /datater/wu/data/zika/splitFiles/reverse6777-7278.fasta
    output: /datater/wu/data/zika/dsk/reverse6777-7278.h5
    jobid: 216
    wildcards: sample=zika, seg=6777-7278

Select jobs to execute...
[Thu Mar 25 14:43:01 2021]
Finished job 160.
10 of 305 steps (3%) done
[Thu Mar 25 14:43:01 2021]
Finished job 202.
11 of 305 steps (4%) done
[Thu Mar 25 14:43:01 2021]
Finished job 251.
12 of 305 steps (4%) done

[Thu Mar 25 14:43:01 2021]
rule dskReverseOutput:
    input: /datater/wu/data/zika/dsk/reverse3012-3513.h5
    output: /datater/wu/data/zika/dsk/reverse3012-3513.kCount
    jobid: 61
    wildcards: sample=zika, seg=3012-3513


[Thu Mar 25 14:43:01 2021]
rule dskReverseOutput:
    input: /datater/wu/data/zika/dsk/reverse9538-10039.h5
    output: /datater/wu/data/zika/dsk/reverse9538-10039.kCount
    jobid: 117
    wildcards: sample=zika, seg=9538-10039


[Thu Mar 25 14:43:01 2021]
rule dskReverseOutput:
    input: /datater/wu/data/zika/dsk/reverse4518-5019.h5
    output: /datater/wu/data/zika/dsk/reverse4518-5019.kCount
    jobid: 278
    wildcards: sample=zika, seg=4518-5019


[Thu Mar 25 14:43:01 2021]
rule dskReverse:
    input: /datater/wu/data/zika/splitFiles/reverse753-1254.fasta
    output: /datater/wu/data/zika/dsk/reverse753-1254.h5
    jobid: 272
    wildcards: sample=zika, seg=753-1254


[Thu Mar 25 14:43:01 2021]
rule dskReverseOutput:
    input: /datater/wu/data/zika/dsk/reverse6024-6525.h5
    output: /datater/wu/data/zika/dsk/reverse6024-6525.kCount
    jobid: 243
    wildcards: sample=zika, seg=6024-6525

[Thu Mar 25 14:43:01 2021]
Finished job 61.
13 of 305 steps (4%) done
[Thu Mar 25 14:43:01 2021]
Finished job 117.
14 of 305 steps (5%) done
[Thu Mar 25 14:43:01 2021]
Finished job 278.
15 of 305 steps (5%) done
Select jobs to execute...
[Thu Mar 25 14:43:01 2021]
Finished job 243.
16 of 305 steps (5%) done

[Thu Mar 25 14:43:01 2021]
rule dskReverse:
    input: /datater/wu/data/zika/splitFiles/reverse3263-3764.fasta
    output: /datater/wu/data/zika/dsk/reverse3263-3764.h5
    jobid: 13
    wildcards: sample=zika, seg=3263-3764


[Thu Mar 25 14:43:01 2021]
rule dskReverse:
    input: /datater/wu/data/zika/splitFiles/reverse3514-4015.fasta
    output: /datater/wu/data/zika/dsk/reverse3514-4015.h5
    jobid: 48
    wildcards: sample=zika, seg=3514-4015


[Thu Mar 25 14:43:01 2021]
rule dskReverse:
    input: /datater/wu/data/zika/splitFiles/reverse8785-9286.fasta
    output: /datater/wu/data/zika/dsk/reverse8785-9286.h5
    jobid: 76
    wildcards: sample=zika, seg=8785-9286


[Thu Mar 25 14:43:01 2021]
rule dskReverse:
    input: /datater/wu/data/zika/splitFiles/reverse4267-4768.fasta
    output: /datater/wu/data/zika/dsk/reverse4267-4768.h5
    jobid: 174
    wildcards: sample=zika, seg=4267-4768


[Thu Mar 25 14:43:01 2021]
rule dskReverse:
    input: /datater/wu/data/zika/splitFiles/reverse9036-9537.fasta
    output: /datater/wu/data/zika/dsk/reverse9036-9537.h5
    jobid: 139
    wildcards: sample=zika, seg=9036-9537


[Thu Mar 25 14:43:01 2021]
rule dskReverseOutput:
    input: /datater/wu/data/zika/dsk/reverse10291-10792.h5
    output: /datater/wu/data/zika/dsk/reverse10291-10792.kCount
    jobid: 194
    wildcards: sample=zika, seg=10291-10792

Select jobs to execute...
[Thu Mar 25 14:43:01 2021]
Finished job 194.
17 of 305 steps (6%) done

[Thu Mar 25 14:43:01 2021]
rule dskReverse:
    input: /datater/wu/data/zika/splitFiles/reverse9789-10290.fasta
    output: /datater/wu/data/zika/dsk/reverse9789-10290.h5
    jobid: 104
    wildcards: sample=zika, seg=9789-10290

[Thu Mar 25 14:43:01 2021]
Finished job 69.
18 of 305 steps (6%) done
Select jobs to execute...

[Thu Mar 25 14:43:01 2021]
rule dskReverse:
    input: /datater/wu/data/zika/splitFiles/reverse502-1003.fasta
    output: /datater/wu/data/zika/dsk/reverse502-1003.h5
    jobid: 111
    wildcards: sample=zika, seg=502-1003


[Thu Mar 25 14:43:01 2021]
rule dskReverseOutput:
    input: /datater/wu/data/zika/dsk/reverse2008-2509.h5
    output: /datater/wu/data/zika/dsk/reverse2008-2509.kCount
    jobid: 250
    wildcards: sample=zika, seg=2008-2509

Select jobs to execute...
Select jobs to execute...
Select jobs to execute...
Select jobs to execute...
Select jobs to execute...
Select jobs to execute...
Select jobs to execute...
Select jobs to execute...
Select jobs to execute...
Select jobs to execute...
Select jobs to execute...
[Thu Mar 25 14:43:01 2021]
Finished job 250.
19 of 305 steps (6%) done
Select jobs to execute...

[Thu Mar 25 14:43:01 2021]
rule dskReverse:
    input: /datater/wu/data/zika/splitFiles/reverse2259-2760.fasta
    output: /datater/wu/data/zika/dsk/reverse2259-2760.h5
    jobid: 41
    wildcards: sample=zika, seg=2259-2760

[Thu Mar 25 14:43:03 2021]
Finished job 146.
20 of 305 steps (7%) done
Select jobs to execute...
[Thu Mar 25 14:43:03 2021]
Finished job 216.
21 of 305 steps (7%) done
[Thu Mar 25 14:43:03 2021]
Finished job 153.
22 of 305 steps (7%) done

[Thu Mar 25 14:43:03 2021]
rule dskReverse:
    input: /datater/wu/data/zika/splitFiles/reverse1255-1756.fasta
    output: /datater/wu/data/zika/dsk/reverse1255-1756.h5
    jobid: 55
    wildcards: sample=zika, seg=1255-1756

Select jobs to execute...

[Thu Mar 25 14:43:03 2021]
rule dskReverseOutput:
    input: /datater/wu/data/zika/dsk/reverse6526-7027.h5
    output: /datater/wu/data/zika/dsk/reverse6526-7027.kCount
    jobid: 145
    wildcards: sample=zika, seg=6526-7027


[Thu Mar 25 14:43:03 2021]
rule dskReverseOutputSort:
    input: /datater/wu/data/zika/dsk/reverse10291-10792.kCount
    output: /datater/wu/data/zika/dsk/reverse10291-10792.kCountSorted
    jobid: 193
    wildcards: sample=zika, seg=10291-10792

Select jobs to execute...
[Thu Mar 25 14:43:03 2021]
Finished job 145.
23 of 305 steps (8%) done
Select jobs to execute...

[Thu Mar 25 14:43:03 2021]
rule dskReverse:
    input: /datater/wu/data/zika/splitFiles/reverse4016-4517.fasta
    output: /datater/wu/data/zika/dsk/reverse4016-4517.h5
    jobid: 300
    wildcards: sample=zika, seg=4016-4517

[Thu Mar 25 14:43:03 2021]
Finished job 272.
24 of 305 steps (8%) done
Select jobs to execute...

[Thu Mar 25 14:43:03 2021]
rule dskReverseOutputSort:
    input: /datater/wu/data/zika/dsk/reverse2008-2509.kCount
    output: /datater/wu/data/zika/dsk/reverse2008-2509.kCountSorted
    jobid: 249
    wildcards: sample=zika, seg=2008-2509

[Thu Mar 25 14:43:03 2021]
Finished job 76.
25 of 305 steps (8%) done
Select jobs to execute...
[Thu Mar 25 14:43:03 2021]
Finished job 13.
26 of 305 steps (9%) done
[Thu Mar 25 14:43:03 2021]
Finished job 174.
27 of 305 steps (9%) done
[Thu Mar 25 14:43:03 2021]
Finished job 111.
28 of 305 steps (9%) done

[Thu Mar 25 14:43:03 2021]
rule dskReverse:
    input: /datater/wu/data/zika/splitFiles/reverse8032-8533.fasta
    output: /datater/wu/data/zika/dsk/reverse8032-8533.h5
    jobid: 97
    wildcards: sample=zika, seg=8032-8533

Select jobs to execute...
[Thu Mar 25 14:43:03 2021]
Finished job 41.
29 of 305 steps (10%) done

[Thu Mar 25 14:43:03 2021]
rule dskReverseOutput:
    input: /datater/wu/data/zika/dsk/reverse3263-3764.h5
    output: /datater/wu/data/zika/dsk/reverse3263-3764.kCount
    jobid: 12
    wildcards: sample=zika, seg=3263-3764


[Thu Mar 25 14:43:03 2021]
rule dskReverseOutput:
    input: /datater/wu/data/zika/dsk/reverse753-1254.h5
    output: /datater/wu/data/zika/dsk/reverse753-1254.kCount
    jobid: 271
    wildcards: sample=zika, seg=753-1254


[Thu Mar 25 14:43:03 2021]
rule dskReverseOutput:
    input: /datater/wu/data/zika/dsk/reverse8785-9286.h5
    output: /datater/wu/data/zika/dsk/reverse8785-9286.kCount
    jobid: 75
    wildcards: sample=zika, seg=8785-9286

Select jobs to execute...
[Thu Mar 25 14:43:03 2021]
Finished job 104.
30 of 305 steps (10%) done
[Thu Mar 25 14:43:03 2021]
Finished job 12.
31 of 305 steps (10%) done
[Thu Mar 25 14:43:03 2021]
Finished job 271.
32 of 305 steps (10%) done
[Thu Mar 25 14:43:03 2021]
Finished job 48.
33 of 305 steps (11%) done
[Thu Mar 25 14:43:03 2021]
Finished job 75.
34 of 305 steps (11%) done

[Thu Mar 25 14:43:03 2021]
rule dskReverse:
    input: /datater/wu/data/zika/splitFiles/reverse0-501.fasta
    output: /datater/wu/data/zika/dsk/reverse0-501.h5
    jobid: 181
    wildcards: sample=zika, seg=0-501

Select jobs to execute...
[Thu Mar 25 14:43:03 2021]
Finished job 139.
35 of 305 steps (11%) done

[Thu Mar 25 14:43:03 2021]
rule dskReverseOutputSort:
    input: /datater/wu/data/zika/dsk/reverse753-1254.kCount
    output: /datater/wu/data/zika/dsk/reverse753-1254.kCountSorted
    jobid: 270
    wildcards: sample=zika, seg=753-1254

[Thu Mar 25 14:43:03 2021]
rule dskReverseOutput:
    input: /datater/wu/data/zika/dsk/reverse5522-6023.h5
    output: /datater/wu/data/zika/dsk/reverse5522-6023.kCount
    jobid: 152
    wildcards: sample=zika, seg=5522-6023


[Thu Mar 25 14:43:03 2021]
rule dskReverse:
    input: /datater/wu/data/zika/splitFiles/reverse9287-9788.fasta
    output: /datater/wu/data/zika/dsk/reverse9287-9788.h5
    jobid: 209
    wildcards: sample=zika, seg=9287-9788


[Thu Mar 25 14:43:03 2021]
rule dskReverseOutput:
    input: /datater/wu/data/zika/dsk/reverse2259-2760.h5
    output: /datater/wu/data/zika/dsk/reverse2259-2760.kCount
    jobid: 40
    wildcards: sample=zika, seg=2259-2760


[Thu Mar 25 14:43:03 2021]
rule dskReverse:
    input: /datater/wu/data/zika/splitFiles/reverse1004-1505.fasta
    output: /datater/wu/data/zika/dsk/reverse1004-1505.h5
    jobid: 167
    wildcards: sample=zika, seg=1004-1505

Select jobs to execute...
[Thu Mar 25 14:43:03 2021]
Finished job 152.
36 of 305 steps (12%) done
[Thu Mar 25 14:43:03 2021]
Finished job 40.
37 of 305 steps (12%) done

[Thu Mar 25 14:43:03 2021]
rule dskReverse:
    input: /datater/wu/data/zika/splitFiles/reverse2510-3011.fasta
    output: /datater/wu/data/zika/dsk/reverse2510-3011.h5
    jobid: 307
    wildcards: sample=zika, seg=2510-3011

Select jobs to execute...

[Thu Mar 25 14:43:03 2021]
rule dskReverseOutput:
    input: /datater/wu/data/zika/dsk/reverse9036-9537.h5
    output: /datater/wu/data/zika/dsk/reverse9036-9537.kCount
    jobid: 138
    wildcards: sample=zika, seg=9036-9537


[Thu Mar 25 14:43:03 2021]
rule dskReverseOutput:
    input: /datater/wu/data/zika/dsk/reverse5773-6274.h5
    output: /datater/wu/data/zika/dsk/reverse5773-6274.kCount
    jobid: 159
    wildcards: sample=zika, seg=5773-6274

Select jobs to execute...
Select jobs to execute...
Select jobs to execute...
Select jobs to execute...
Select jobs to execute...
Select jobs to execute...
Select jobs to execute...
[Thu Mar 25 14:43:03 2021]
Finished job 138.
38 of 305 steps (12%) done
Select jobs to execute...
[Thu Mar 25 14:43:04 2021]
Finished job 159.
39 of 305 steps (13%) done

[Thu Mar 25 14:43:04 2021]
rule dskReverseOutputSort:
    input: /datater/wu/data/zika/dsk/reverse8785-9286.kCount
    output: /datater/wu/data/zika/dsk/reverse8785-9286.kCountSorted
    jobid: 74
    wildcards: sample=zika, seg=8785-9286

Select jobs to execute...

[Thu Mar 25 14:43:04 2021]
rule dskReverse:
    input: /datater/wu/data/zika/splitFiles/reverse7530-8031.fasta
    output: /datater/wu/data/zika/dsk/reverse7530-8031.h5
    jobid: 265
    wildcards: sample=zika, seg=7530-8031

[Thu Mar 25 14:43:04 2021]
Finished job 193.
40 of 305 steps (13%) done
Select jobs to execute...

[Thu Mar 25 14:43:04 2021]
rule dskReverse:
    input: /datater/wu/data/zika/splitFiles/reverse1757-2258.fasta
    output: /datater/wu/data/zika/dsk/reverse1757-2258.h5
    jobid: 132
    wildcards: sample=zika, seg=1757-2258

[Thu Mar 25 14:43:04 2021]
Finished job 249.
41 of 305 steps (13%) done
Select jobs to execute...

[Thu Mar 25 14:43:04 2021]
rule reverse_parameters:
    input: /datater/wu/data/zika/dsk/reverse2008-2509.kCountSorted
    output: /datater/wu/data/zika/filtering/reverse2008-2509.calculated
    jobid: 248
    wildcards: sample=zika, seg=2008-2509

[Thu Mar 25 14:43:04 2021]
Finished job 270.
42 of 305 steps (14%) done
Select jobs to execute...

[Thu Mar 25 14:43:04 2021]
rule reverse_parameters:
    input: /datater/wu/data/zika/dsk/reverse753-1254.kCountSorted
    output: /datater/wu/data/zika/filtering/reverse753-1254.calculated
    jobid: 269
    wildcards: sample=zika, seg=753-1254

[Thu Mar 25 14:43:04 2021]
Finished job 74.
43 of 305 steps (14%) done
Select jobs to execute...

[Thu Mar 25 14:43:04 2021]
rule dskReverse:
    input: /datater/wu/data/zika/splitFiles/reverse7279-7780.fasta
    output: /datater/wu/data/zika/dsk/reverse7279-7780.h5
    jobid: 293
    wildcards: sample=zika, seg=7279-7780

[Thu Mar 25 14:43:05 2021]
Finished job 248.
44 of 305 steps (14%) done
Select jobs to execute...

[Thu Mar 25 14:43:05 2021]
rule dskReverseOutput:
    input: /datater/wu/data/zika/dsk/reverse6777-7278.h5
    output: /datater/wu/data/zika/dsk/reverse6777-7278.kCount
    jobid: 215
    wildcards: sample=zika, seg=6777-7278

[Thu Mar 25 14:43:05 2021]
Finished job 215.
45 of 305 steps (15%) done
Select jobs to execute...

[Thu Mar 25 14:43:05 2021]
rule dskReverseOutputSort:
    input: /datater/wu/data/zika/dsk/reverse3263-3764.kCount
    output: /datater/wu/data/zika/dsk/reverse3263-3764.kCountSorted
    jobid: 11
    wildcards: sample=zika, seg=3263-3764

[Thu Mar 25 14:43:05 2021]
Finished job 269.
46 of 305 steps (15%) done
Select jobs to execute...

[Thu Mar 25 14:43:05 2021]
rule dskReverseOutputSort:
    input: /datater/wu/data/zika/dsk/reverse6777-7278.kCount
    output: /datater/wu/data/zika/dsk/reverse6777-7278.kCountSorted
    jobid: 214
    wildcards: sample=zika, seg=6777-7278

[Thu Mar 25 14:43:05 2021]
Finished job 55.
47 of 305 steps (15%) done
Select jobs to execute...

[Thu Mar 25 14:43:05 2021]
rule dskReverse:
    input: /datater/wu/data/zika/splitFiles/reverse1506-2007.fasta
    output: /datater/wu/data/zika/dsk/reverse1506-2007.h5
    jobid: 27
    wildcards: sample=zika, seg=1506-2007

[Thu Mar 25 14:43:06 2021]
Finished job 300.
48 of 305 steps (16%) done
Select jobs to execute...

[Thu Mar 25 14:43:06 2021]
rule dskReverse:
    input: /datater/wu/data/zika/splitFiles/reverse251-752.fasta
    output: /datater/wu/data/zika/dsk/reverse251-752.h5
    jobid: 230
    wildcards: sample=zika, seg=251-752

[Thu Mar 25 14:43:06 2021]
Finished job 167.
49 of 305 steps (16%) done
Select jobs to execute...

[Thu Mar 25 14:43:06 2021]
rule dskReverseOutputSort:
    input: /datater/wu/data/zika/dsk/reverse3012-3513.kCount
    output: /datater/wu/data/zika/dsk/reverse3012-3513.kCountSorted
    jobid: 60
    wildcards: sample=zika, seg=3012-3513

[Thu Mar 25 14:43:06 2021]
Finished job 11.
50 of 305 steps (16%) done
Select jobs to execute...

[Thu Mar 25 14:43:06 2021]
rule dskReverse:
    input: /datater/wu/data/zika/splitFiles/reverse7781-8282.fasta
    output: /datater/wu/data/zika/dsk/reverse7781-8282.h5
    jobid: 258
    wildcards: sample=zika, seg=7781-8282

[Thu Mar 25 14:43:06 2021]
Finished job 181.
51 of 305 steps (17%) done
Select jobs to execute...

[Thu Mar 25 14:43:06 2021]
rule dskReverseOutputSort:
    input: /datater/wu/data/zika/dsk/reverse4518-5019.kCount
    output: /datater/wu/data/zika/dsk/reverse4518-5019.kCountSorted
    jobid: 277
    wildcards: sample=zika, seg=4518-5019

[Thu Mar 25 14:43:06 2021]
Finished job 209.
52 of 305 steps (17%) done
Select jobs to execute...

[Thu Mar 25 14:43:06 2021]
rule dskReverseOutput:
    input: /datater/wu/data/zika/dsk/reverse7028-7529.h5
    output: /datater/wu/data/zika/dsk/reverse7028-7529.kCount
    jobid: 68
    wildcards: sample=zika, seg=7028-7529

[Thu Mar 25 14:43:06 2021]
Finished job 307.
53 of 305 steps (17%) done
Select jobs to execute...
[Thu Mar 25 14:43:06 2021]
Finished job 68.
54 of 305 steps (18%) done

[Thu Mar 25 14:43:06 2021]
rule dskReverseOutputSort:
    input: /datater/wu/data/zika/dsk/reverse9538-10039.kCount
    output: /datater/wu/data/zika/dsk/reverse9538-10039.kCountSorted
    jobid: 116
    wildcards: sample=zika, seg=9538-10039

Select jobs to execute...

[Thu Mar 25 14:43:06 2021]
rule dskReverseOutputSort:
    input: /datater/wu/data/zika/dsk/reverse7028-7529.kCount
    output: /datater/wu/data/zika/dsk/reverse7028-7529.kCountSorted
    jobid: 67
    wildcards: sample=zika, seg=7028-7529

[Thu Mar 25 14:43:06 2021]
Finished job 265.
55 of 305 steps (18%) done
Select jobs to execute...

[Thu Mar 25 14:43:06 2021]
rule dskReverseOutputSort:
    input: /datater/wu/data/zika/dsk/reverse5773-6274.kCount
    output: /datater/wu/data/zika/dsk/reverse5773-6274.kCountSorted
    jobid: 158
    wildcards: sample=zika, seg=5773-6274

[Thu Mar 25 14:43:06 2021]
Finished job 214.
56 of 305 steps (18%) done
Select jobs to execute...
[Thu Mar 25 14:43:06 2021]
Finished job 97.
57 of 305 steps (19%) done

[Thu Mar 25 14:43:06 2021]
rule dskReverseOutput:
    input: /datater/wu/data/zika/dsk/reverse4267-4768.h5
    output: /datater/wu/data/zika/dsk/reverse4267-4768.kCount
    jobid: 173
    wildcards: sample=zika, seg=4267-4768

Select jobs to execute...
[Thu Mar 25 14:43:06 2021]
Finished job 173.
58 of 305 steps (19%) done

[Thu Mar 25 14:43:06 2021]
rule dskReverseOutput:
    input: /datater/wu/data/zika/dsk/reverse3514-4015.h5
    output: /datater/wu/data/zika/dsk/reverse3514-4015.kCount
    jobid: 47
    wildcards: sample=zika, seg=3514-4015

Select jobs to execute...
[Thu Mar 25 14:43:06 2021]
Finished job 47.
59 of 305 steps (19%) done

[Thu Mar 25 14:43:06 2021]
rule dskReverseOutputSort:
    input: /datater/wu/data/zika/dsk/reverse4267-4768.kCount
    output: /datater/wu/data/zika/dsk/reverse4267-4768.kCountSorted
    jobid: 172
    wildcards: sample=zika, seg=4267-4768

Select jobs to execute...

[Thu Mar 25 14:43:06 2021]
rule reverse_toFasta:
    input: /datater/wu/data/zika/filtering/reverse753-1254.calculated
    output: /datater/wu/data/zika/filtering/reverse753-1254.fasta
    jobid: 268
    wildcards: sample=zika, seg=753-1254

[Thu Mar 25 14:43:06 2021]
Finished job 132.
60 of 305 steps (20%) done
Select jobs to execute...

[Thu Mar 25 14:43:06 2021]
rule dskReverseOutputSort:
    input: /datater/wu/data/zika/dsk/reverse3514-4015.kCount
    output: /datater/wu/data/zika/dsk/reverse3514-4015.kCountSorted
    jobid: 46
    wildcards: sample=zika, seg=3514-4015

[Thu Mar 25 14:43:06 2021]
Finished job 60.
61 of 305 steps (20%) done
Select jobs to execute...

[Thu Mar 25 14:43:06 2021]
rule reverse_parameters:
    input: /datater/wu/data/zika/dsk/reverse3012-3513.kCountSorted
    output: /datater/wu/data/zika/filtering/reverse3012-3513.calculated
    jobid: 59
    wildcards: sample=zika, seg=3012-3513

[Thu Mar 25 14:43:07 2021]
Finished job 277.
62 of 305 steps (20%) done
Select jobs to execute...

[Thu Mar 25 14:43:07 2021]
rule dskReverseOutput:
    input: /datater/wu/data/zika/dsk/reverse1757-2258.h5
    output: /datater/wu/data/zika/dsk/reverse1757-2258.kCount
    jobid: 131
    wildcards: sample=zika, seg=1757-2258

[Thu Mar 25 14:43:07 2021]
Finished job 131.
63 of 305 steps (21%) done
Select jobs to execute...
[Thu Mar 25 14:43:07 2021]
Finished job 67.
64 of 305 steps (21%) done

[Thu Mar 25 14:43:07 2021]
rule reverse_parameters:
    input: /datater/wu/data/zika/dsk/reverse10291-10792.kCountSorted
    output: /datater/wu/data/zika/filtering/reverse10291-10792.calculated
    jobid: 192
    wildcards: sample=zika, seg=10291-10792

Select jobs to execute...

[Thu Mar 25 14:43:07 2021]
rule reverse_parameters:
    input: /datater/wu/data/zika/dsk/reverse7028-7529.kCountSorted
    output: /datater/wu/data/zika/filtering/reverse7028-7529.calculated
    jobid: 66
    wildcards: sample=zika, seg=7028-7529

[Thu Mar 25 14:43:07 2021]
Finished job 158.
65 of 305 steps (21%) done
Select jobs to execute...
[Thu Mar 25 14:43:07 2021]
Finished job 116.
66 of 305 steps (22%) done

[Thu Mar 25 14:43:07 2021]
rule reverse_parameters:
    input: /datater/wu/data/zika/dsk/reverse5773-6274.kCountSorted
    output: /datater/wu/data/zika/filtering/reverse5773-6274.calculated
    jobid: 157
    wildcards: sample=zika, seg=5773-6274

Select jobs to execute...
[Thu Mar 25 14:43:07 2021]
Finished job 293.
67 of 305 steps (22%) done

[Thu Mar 25 14:43:07 2021]
rule reverse_parameters:
    input: /datater/wu/data/zika/dsk/reverse9538-10039.kCountSorted
    output: /datater/wu/data/zika/filtering/reverse9538-10039.calculated
    jobid: 115
    wildcards: sample=zika, seg=9538-10039

Select jobs to execute...

[Thu Mar 25 14:43:07 2021]
rule reverse_parameters:
    input: /datater/wu/data/zika/dsk/reverse4518-5019.kCountSorted
    output: /datater/wu/data/zika/filtering/reverse4518-5019.calculated
    jobid: 276
    wildcards: sample=zika, seg=4518-5019

[Thu Mar 25 14:43:07 2021]
Finished job 172.
68 of 305 steps (22%) done
Select jobs to execute...

[Thu Mar 25 14:43:07 2021]
rule dskReverse:
    input: /datater/wu/data/zika/splitFiles/reverse4769-5270.fasta
    output: /datater/wu/data/zika/dsk/reverse4769-5270.h5
    jobid: 90
    wildcards: sample=zika, seg=4769-5270

[Thu Mar 25 14:43:07 2021]
Finished job 268.
69 of 305 steps (23%) done
Select jobs to execute...

[Thu Mar 25 14:43:07 2021]
rule dskReverseOutputSort:
    input: /datater/wu/data/zika/dsk/reverse6024-6525.kCount
    output: /datater/wu/data/zika/dsk/reverse6024-6525.kCountSorted
    jobid: 242
    wildcards: sample=zika, seg=6024-6525

[Thu Mar 25 14:43:07 2021]
Finished job 46.
70 of 305 steps (23%) done
Select jobs to execute...

[Thu Mar 25 14:43:07 2021]
rule dskReverseOutput:
    input: /datater/wu/data/zika/dsk/reverse9287-9788.h5
    output: /datater/wu/data/zika/dsk/reverse9287-9788.kCount
    jobid: 208
    wildcards: sample=zika, seg=9287-9788

[Thu Mar 25 14:43:07 2021]
Finished job 208.
71 of 305 steps (23%) done
Select jobs to execute...

[Thu Mar 25 14:43:07 2021]
rule dskReverseOutputSort:
    input: /datater/wu/data/zika/dsk/reverse9287-9788.kCount
    output: /datater/wu/data/zika/dsk/reverse9287-9788.kCountSorted
    jobid: 207
    wildcards: sample=zika, seg=9287-9788

[Thu Mar 25 14:43:07 2021]
Finished job 59.
72 of 305 steps (24%) done
Select jobs to execute...

[Thu Mar 25 14:43:07 2021]
rule reverse_toFasta:
    input: /datater/wu/data/zika/filtering/reverse3012-3513.calculated
    output: /datater/wu/data/zika/filtering/reverse3012-3513.fasta
    jobid: 58
    wildcards: sample=zika, seg=3012-3513

[Thu Mar 25 14:43:07 2021]
Finished job 192.
73 of 305 steps (24%) done
Select jobs to execute...

[Thu Mar 25 14:43:08 2021]
rule reverse_toFasta:
    input: /datater/wu/data/zika/filtering/reverse10291-10792.calculated
    output: /datater/wu/data/zika/filtering/reverse10291-10792.fasta
    jobid: 191
    wildcards: sample=zika, seg=10291-10792

[Thu Mar 25 14:43:08 2021]
Finished job 66.
74 of 305 steps (24%) done
Select jobs to execute...

[Thu Mar 25 14:43:08 2021]
rule dskReverse:
    input: /datater/wu/data/zika/splitFiles/reverse5271-5772.fasta
    output: /datater/wu/data/zika/dsk/reverse5271-5772.h5
    jobid: 83
    wildcards: sample=zika, seg=5271-5772

[Thu Mar 25 14:43:08 2021]
Finished job 157.
75 of 305 steps (25%) done
Select jobs to execute...

[Thu Mar 25 14:43:08 2021]
rule reverse_toFasta:
    input: /datater/wu/data/zika/filtering/reverse5773-6274.calculated
    output: /datater/wu/data/zika/filtering/reverse5773-6274.fasta
    jobid: 156
    wildcards: sample=zika, seg=5773-6274

[Thu Mar 25 14:43:08 2021]
Finished job 115.
76 of 305 steps (25%) done
Select jobs to execute...
[Thu Mar 25 14:43:08 2021]
Finished job 276.
77 of 305 steps (25%) done

[Thu Mar 25 14:43:08 2021]
rule reverse_toFasta:
    input: /datater/wu/data/zika/filtering/reverse9538-10039.calculated
    output: /datater/wu/data/zika/filtering/reverse9538-10039.fasta
    jobid: 114
    wildcards: sample=zika, seg=9538-10039

Select jobs to execute...

[Thu Mar 25 14:43:08 2021]
rule dskReverse:
    input: /datater/wu/data/zika/splitFiles/reverse5020-5521.fasta
    output: /datater/wu/data/zika/dsk/reverse5020-5521.h5
    jobid: 223
    wildcards: sample=zika, seg=5020-5521

[Thu Mar 25 14:43:08 2021]
Finished job 242.
78 of 305 steps (26%) done
Select jobs to execute...

[Thu Mar 25 14:43:08 2021]
rule reverse_parameters:
    input: /datater/wu/data/zika/dsk/reverse6024-6525.kCountSorted
    output: /datater/wu/data/zika/filtering/reverse6024-6525.calculated
    jobid: 241
    wildcards: sample=zika, seg=6024-6525

[Thu Mar 25 14:43:08 2021]
Finished job 207.
79 of 305 steps (26%) done
[Thu Mar 25 14:43:08 2021]
Finished job 27.
80 of 305 steps (26%) done
Select jobs to execute...

[Thu Mar 25 14:43:08 2021]
rule reverse_parameters:
    input: /datater/wu/data/zika/dsk/reverse3514-4015.kCountSorted
    output: /datater/wu/data/zika/filtering/reverse3514-4015.calculated
    jobid: 45
    wildcards: sample=zika, seg=3514-4015

[Thu Mar 25 14:43:08 2021]
rule reverse_linguistic_complexity:
    input: /datater/wu/data/zika/filtering/reverse753-1254.fasta
    output: /datater/wu/data/zika/filtering/reverse753-1254.LC.fasta
    jobid: 267
    wildcards: sample=zika, seg=753-1254

Select jobs to execute...
[Thu Mar 25 14:43:08 2021]
Finished job 258.
81 of 305 steps (27%) done
Select jobs to execute...
[Thu Mar 25 14:43:08 2021]
Finished job 230.
82 of 305 steps (27%) done

[Thu Mar 25 14:43:08 2021]
rule dskReverseOutput:
    input: /datater/wu/data/zika/dsk/reverse7279-7780.h5
    output: /datater/wu/data/zika/dsk/reverse7279-7780.kCount
    jobid: 292
    wildcards: sample=zika, seg=7279-7780

Select jobs to execute...
[Thu Mar 25 14:43:08 2021]
Finished job 292.
83 of 305 steps (27%) done

[Thu Mar 25 14:43:08 2021]
rule dskReverseOutput:
    input: /datater/wu/data/zika/dsk/reverse251-752.h5
    output: /datater/wu/data/zika/dsk/reverse251-752.kCount
    jobid: 229
    wildcards: sample=zika, seg=251-752

Select jobs to execute...
[Thu Mar 25 14:43:08 2021]
Finished job 229.
84 of 305 steps (28%) done

[Thu Mar 25 14:43:08 2021]
rule dskReverseOutput:
    input: /datater/wu/data/zika/dsk/reverse1506-2007.h5
    output: /datater/wu/data/zika/dsk/reverse1506-2007.kCount
    jobid: 26
    wildcards: sample=zika, seg=1506-2007

Select jobs to execute...
[Thu Mar 25 14:43:08 2021]
Finished job 58.
85 of 305 steps (28%) done
[Thu Mar 25 14:43:08 2021]
Finished job 26.
86 of 305 steps (28%) done

[Thu Mar 25 14:43:08 2021]
rule dskReverseOutput:
    input: /datater/wu/data/zika/dsk/reverse8534-9035.h5
    output: /datater/wu/data/zika/dsk/reverse8534-9035.kCount
    jobid: 124
    wildcards: sample=zika, seg=8534-9035

Select jobs to execute...
[Thu Mar 25 14:43:08 2021]
Finished job 124.
87 of 305 steps (29%) done

[Thu Mar 25 14:43:08 2021]
rule dskReverseOutput:
    input: /datater/wu/data/zika/dsk/reverse7781-8282.h5
    output: /datater/wu/data/zika/dsk/reverse7781-8282.kCount
    jobid: 257
    wildcards: sample=zika, seg=7781-8282


[Thu Mar 25 14:43:08 2021]
rule reverse_toFasta:
    input: /datater/wu/data/zika/filtering/reverse7028-7529.calculated
    output: /datater/wu/data/zika/filtering/reverse7028-7529.fasta
    jobid: 65
    wildcards: sample=zika, seg=7028-7529

Select jobs to execute...
[Thu Mar 25 14:43:08 2021]
Finished job 257.
88 of 305 steps (29%) done

[Thu Mar 25 14:43:08 2021]
rule dskReverseOutputSort:
    input: /datater/wu/data/zika/dsk/reverse8534-9035.kCount
    output: /datater/wu/data/zika/dsk/reverse8534-9035.kCountSorted
    jobid: 123
    wildcards: sample=zika, seg=8534-9035

Select jobs to execute...

[Thu Mar 25 14:43:08 2021]
rule reverse_parameters:
    input: /datater/wu/data/zika/dsk/reverse9287-9788.kCountSorted
    output: /datater/wu/data/zika/filtering/reverse9287-9788.calculated
    jobid: 206
    wildcards: sample=zika, seg=9287-9788

Select jobs to execute...
[Thu Mar 25 14:43:08 2021]
Finished job 191.
89 of 305 steps (29%) done
Select jobs to execute...

[Thu Mar 25 14:43:08 2021]
rule dskReverseOutputSort:
    input: /datater/wu/data/zika/dsk/reverse5522-6023.kCount
    output: /datater/wu/data/zika/dsk/reverse5522-6023.kCountSorted
    jobid: 151
    wildcards: sample=zika, seg=5522-6023

[Thu Mar 25 14:43:08 2021]
Finished job 156.
90 of 305 steps (30%) done
Select jobs to execute...

[Thu Mar 25 14:43:08 2021]
rule dskReverse:
    input: /datater/wu/data/zika/splitFiles/reverse10040-10541.fasta
    output: /datater/wu/data/zika/dsk/reverse10040-10541.h5
    jobid: 34
    wildcards: sample=zika, seg=10040-10541

[Thu Mar 25 14:43:08 2021]
Finished job 114.
91 of 305 steps (30%) done
Select jobs to execute...

[Thu Mar 25 14:43:09 2021]
rule reverse_linguistic_complexity:
    input: /datater/wu/data/zika/filtering/reverse9538-10039.fasta
    output: /datater/wu/data/zika/filtering/reverse9538-10039.LC.fasta
    jobid: 113
    wildcards: sample=zika, seg=9538-10039

[Thu Mar 25 14:43:09 2021]
Finished job 241.
92 of 305 steps (30%) done
Select jobs to execute...

[Thu Mar 25 14:43:09 2021]
rule reverse_toFasta:
    input: /datater/wu/data/zika/filtering/reverse6024-6525.calculated
    output: /datater/wu/data/zika/filtering/reverse6024-6525.fasta
    jobid: 240
    wildcards: sample=zika, seg=6024-6525

[Thu Mar 25 14:43:09 2021]
Finished job 45.
93 of 305 steps (30%) done
Select jobs to execute...

[Thu Mar 25 14:43:09 2021]
rule dskReverseOutput:
    input: /datater/wu/data/zika/dsk/reverse8032-8533.h5
    output: /datater/wu/data/zika/dsk/reverse8032-8533.kCount
    jobid: 96
    wildcards: sample=zika, seg=8032-8533

[Thu Mar 25 14:43:09 2021]
Finished job 96.
94 of 305 steps (31%) done
Select jobs to execute...

[Thu Mar 25 14:43:09 2021]
rule dskReverseOutput:
    input: /datater/wu/data/zika/dsk/reverse1004-1505.h5
    output: /datater/wu/data/zika/dsk/reverse1004-1505.kCount
    jobid: 166
    wildcards: sample=zika, seg=1004-1505

[Thu Mar 25 14:43:09 2021]
Finished job 166.
95 of 305 steps (31%) done
Select jobs to execute...

[Thu Mar 25 14:43:09 2021]
rule dskReverseOutputSort:
    input: /datater/wu/data/zika/dsk/reverse1004-1505.kCount
    output: /datater/wu/data/zika/dsk/reverse1004-1505.kCountSorted
    jobid: 165
    wildcards: sample=zika, seg=1004-1505

[Thu Mar 25 14:43:09 2021]
Finished job 65.
96 of 305 steps (31%) done
Select jobs to execute...

[Thu Mar 25 14:43:09 2021]
rule dskReverse:
    input: /datater/wu/data/zika/splitFiles/reverse10542-10780.fasta
    output: /datater/wu/data/zika/dsk/reverse10542-10780.h5
    jobid: 20
    wildcards: sample=zika, seg=10542-10780

[Thu Mar 25 14:43:09 2021]
Finished job 123.
97 of 305 steps (32%) done
Select jobs to execute...

[Thu Mar 25 14:43:09 2021]
rule dskReverseOutputSort:
    input: /datater/wu/data/zika/dsk/reverse7781-8282.kCount
    output: /datater/wu/data/zika/dsk/reverse7781-8282.kCountSorted
    jobid: 256
    wildcards: sample=zika, seg=7781-8282

[Thu Mar 25 14:43:09 2021]
Finished job 151.
98 of 305 steps (32%) done
Select jobs to execute...
[Thu Mar 25 14:43:09 2021]
Finished job 206.
99 of 305 steps (32%) done

[Thu Mar 25 14:43:09 2021]
rule reverse_parameters:
    input: /datater/wu/data/zika/dsk/reverse5522-6023.kCountSorted
    output: /datater/wu/data/zika/filtering/reverse5522-6023.calculated
    jobid: 150
    wildcards: sample=zika, seg=5522-6023

Select jobs to execute...

[Thu Mar 25 14:43:09 2021]
rule dskReverseOutput:
    input: /datater/wu/data/zika/dsk/reverse2761-3262.h5
    output: /datater/wu/data/zika/dsk/reverse2761-3262.kCount
    jobid: 285
    wildcards: sample=zika, seg=2761-3262

[Thu Mar 25 14:43:09 2021]
Finished job 90.
100 of 305 steps (33%) done
Select jobs to execute...
[Thu Mar 25 14:43:09 2021]
Finished job 285.
101 of 305 steps (33%) done

[Thu Mar 25 14:43:09 2021]
rule reverse_parameters:
    input: /datater/wu/data/zika/dsk/reverse8534-9035.kCountSorted
    output: /datater/wu/data/zika/filtering/reverse8534-9035.calculated
    jobid: 122
    wildcards: sample=zika, seg=8534-9035

Select jobs to execute...

[Thu Mar 25 14:43:09 2021]
rule dskReverseOutputSort:
    input: /datater/wu/data/zika/dsk/reverse2761-3262.kCount
    output: /datater/wu/data/zika/dsk/reverse2761-3262.kCountSorted
    jobid: 284
    wildcards: sample=zika, seg=2761-3262

[Thu Mar 25 14:43:09 2021]
Finished job 240.
102 of 305 steps (33%) done
Select jobs to execute...

[Thu Mar 25 14:43:09 2021]
rule dskReverseOutput:
    input: /datater/wu/data/zika/dsk/reverse3765-4266.h5
    output: /datater/wu/data/zika/dsk/reverse3765-4266.kCount
    jobid: 187
    wildcards: sample=zika, seg=3765-4266

[Thu Mar 25 14:43:09 2021]
Finished job 187.
103 of 305 steps (34%) done
Select jobs to execute...

[Thu Mar 25 14:43:10 2021]
rule dskReverseOutputSort:
    input: /datater/wu/data/zika/dsk/reverse3765-4266.kCount
    output: /datater/wu/data/zika/dsk/reverse3765-4266.kCountSorted
    jobid: 186
    wildcards: sample=zika, seg=3765-4266

[Thu Mar 25 14:43:10 2021]
Finished job 165.
104 of 305 steps (34%) done
Select jobs to execute...

[Thu Mar 25 14:43:10 2021]
rule reverse_parameters:
    input: /datater/wu/data/zika/dsk/reverse1004-1505.kCountSorted
    output: /datater/wu/data/zika/filtering/reverse1004-1505.calculated
    jobid: 164
    wildcards: sample=zika, seg=1004-1505

[Thu Mar 25 14:43:10 2021]
Finished job 83.
105 of 305 steps (34%) done
[Thu Mar 25 14:43:10 2021]
Finished job 256.
106 of 305 steps (35%) done
Select jobs to execute...

[Thu Mar 25 14:43:10 2021]
rule reverse_toFasta:
    input: /datater/wu/data/zika/filtering/reverse9287-9788.calculated
    output: /datater/wu/data/zika/filtering/reverse9287-9788.fasta
    jobid: 205
    wildcards: sample=zika, seg=9287-9788

[Thu Mar 25 14:43:10 2021]
rule dskReverse:
    input: /datater/wu/data/zika/splitFiles/reverse6275-6776.fasta
    output: /datater/wu/data/zika/dsk/reverse6275-6776.h5
    jobid: 237
    wildcards: sample=zika, seg=6275-6776

Select jobs to execute...
[Thu Mar 25 14:43:10 2021]
Finished job 150.
107 of 305 steps (35%) done
Select jobs to execute...
[Thu Mar 25 14:43:10 2021]
Finished job 122.
108 of 305 steps (35%) done

[Thu Mar 25 14:43:10 2021]
rule reverse_toFasta:
    input: /datater/wu/data/zika/filtering/reverse5522-6023.calculated
    output: /datater/wu/data/zika/filtering/reverse5522-6023.fasta
    jobid: 149
    wildcards: sample=zika, seg=5522-6023

Select jobs to execute...

[Thu Mar 25 14:43:10 2021]
rule dskReverseOutput:
    input: /datater/wu/data/zika/dsk/reverse5271-5772.h5
    output: /datater/wu/data/zika/dsk/reverse5271-5772.kCount
    jobid: 82
    wildcards: sample=zika, seg=5271-5772

[Thu Mar 25 14:43:10 2021]
Finished job 223.
109 of 305 steps (36%) done
[Thu Mar 25 14:43:10 2021]
Finished job 284.
110 of 305 steps (36%) done
Select jobs to execute...
[Thu Mar 25 14:43:10 2021]
Finished job 82.
111 of 305 steps (36%) done

[Thu Mar 25 14:43:10 2021]
rule reverse_toFasta:
    input: /datater/wu/data/zika/filtering/reverse8534-9035.calculated
    output: /datater/wu/data/zika/filtering/reverse8534-9035.fasta
    jobid: 121
    wildcards: sample=zika, seg=8534-9035

[Thu Mar 25 14:43:10 2021]
rule dskReverseOutput:
    input: /datater/wu/data/zika/dsk/reverse0-501.h5
    output: /datater/wu/data/zika/dsk/reverse0-501.kCount
    jobid: 180
    wildcards: sample=zika, seg=0-501

Select jobs to execute...
[Thu Mar 25 14:43:10 2021]
Finished job 180.
112 of 305 steps (37%) done

[Thu Mar 25 14:43:10 2021]
rule dskReverseOutput:
    input: /datater/wu/data/zika/dsk/reverse4769-5270.h5
    output: /datater/wu/data/zika/dsk/reverse4769-5270.kCount
    jobid: 89
    wildcards: sample=zika, seg=4769-5270

Select jobs to execute...
[Thu Mar 25 14:43:10 2021]
Finished job 89.
113 of 305 steps (37%) done

[Thu Mar 25 14:43:10 2021]
rule dskReverseOutputSort:
    input: /datater/wu/data/zika/dsk/reverse5271-5772.kCount
    output: /datater/wu/data/zika/dsk/reverse5271-5772.kCountSorted
    jobid: 81
    wildcards: sample=zika, seg=5271-5772

Select jobs to execute...
[Thu Mar 25 14:43:10 2021]
Finished job 186.
114 of 305 steps (37%) done

[Thu Mar 25 14:43:10 2021]
rule dskReverseOutput:
    input: /datater/wu/data/zika/dsk/reverse5020-5521.h5
    output: /datater/wu/data/zika/dsk/reverse5020-5521.kCount
    jobid: 222
    wildcards: sample=zika, seg=5020-5521

Select jobs to execute...
[Thu Mar 25 14:43:10 2021]
Finished job 222.
115 of 305 steps (38%) done

[Thu Mar 25 14:43:10 2021]
rule reverse_parameters:
    input: /datater/wu/data/zika/dsk/reverse7781-8282.kCountSorted
    output: /datater/wu/data/zika/filtering/reverse7781-8282.calculated
    jobid: 255
    wildcards: sample=zika, seg=7781-8282

Select jobs to execute...

[Thu Mar 25 14:43:10 2021]
rule dskReverseOutputSort:
    input: /datater/wu/data/zika/dsk/reverse2259-2760.kCount
    output: /datater/wu/data/zika/dsk/reverse2259-2760.kCountSorted
    jobid: 39
    wildcards: sample=zika, seg=2259-2760

Select jobs to execute...
[Thu Mar 25 14:43:11 2021]
Finished job 205.
116 of 305 steps (38%) done
Select jobs to execute...
[Thu Mar 25 14:43:11 2021]
Finished job 164.
117 of 305 steps (38%) done

[Thu Mar 25 14:43:11 2021]
rule reverse_parameters:
    input: /datater/wu/data/zika/dsk/reverse3765-4266.kCountSorted
    output: /datater/wu/data/zika/filtering/reverse3765-4266.calculated
    jobid: 185
    wildcards: sample=zika, seg=3765-4266

Select jobs to execute...

[Thu Mar 25 14:43:11 2021]
rule dskReverseOutputSort:
    input: /datater/wu/data/zika/dsk/reverse6526-7027.kCount
    output: /datater/wu/data/zika/dsk/reverse6526-7027.kCountSorted
    jobid: 144
    wildcards: sample=zika, seg=6526-7027

[Thu Mar 25 14:43:11 2021]
Finished job 34.
118 of 305 steps (39%) done
Select jobs to execute...
[Thu Mar 25 14:43:11 2021]
Finished job 149.
119 of 305 steps (39%) done
[Thu Mar 25 14:43:11 2021]
Finished job 267.
120 of 305 steps (39%) done

[Thu Mar 25 14:43:11 2021]
rule dskReverseOutput:
    input: /datater/wu/data/zika/dsk/reverse10040-10541.h5
    output: /datater/wu/data/zika/dsk/reverse10040-10541.kCount
    jobid: 33
    wildcards: sample=zika, seg=10040-10541

Select jobs to execute...
[Thu Mar 25 14:43:11 2021]
Finished job 33.
121 of 305 steps (40%) done
[Thu Mar 25 14:43:11 2021]
Finished job 121.
122 of 305 steps (40%) done

[Thu Mar 25 14:43:11 2021]
rule dskReverseOutputSort:
    input: /datater/wu/data/zika/dsk/reverse5020-5521.kCount
    output: /datater/wu/data/zika/dsk/reverse5020-5521.kCountSorted
    jobid: 221
    wildcards: sample=zika, seg=5020-5521

[Thu Mar 25 14:43:11 2021]
rule reverse_parameters:
    input: /datater/wu/data/zika/dsk/reverse4267-4768.kCountSorted
    output: /datater/wu/data/zika/filtering/reverse4267-4768.calculated
    jobid: 171
    wildcards: sample=zika, seg=4267-4768

Select jobs to execute...

[Thu Mar 25 14:43:11 2021]
rule reverse_toFasta:
    input: /datater/wu/data/zika/filtering/reverse4518-5019.calculated
    output: /datater/wu/data/zika/filtering/reverse4518-5019.fasta
    jobid: 275
    wildcards: sample=zika, seg=4518-5019

[Thu Mar 25 14:43:11 2021]
rule reverse_parameters:
    input: /datater/wu/data/zika/dsk/reverse8785-9286.kCountSorted
    output: /datater/wu/data/zika/filtering/reverse8785-9286.calculated
    jobid: 73
    wildcards: sample=zika, seg=8785-9286

Select jobs to execute...
Select jobs to execute...
[Thu Mar 25 14:43:11 2021]
Finished job 81.
123 of 305 steps (40%) done
Select jobs to execute...

[Thu Mar 25 14:43:11 2021]
rule dskReverseOutputSort:
    input: /datater/wu/data/zika/dsk/reverse10040-10541.kCount
    output: /datater/wu/data/zika/dsk/reverse10040-10541.kCountSorted
    jobid: 32
    wildcards: sample=zika, seg=10040-10541

[Thu Mar 25 14:43:11 2021]
Finished job 255.
124 of 305 steps (41%) done
Select jobs to execute...

[Thu Mar 25 14:43:11 2021]
rule reverse_toFasta:
    input: /datater/wu/data/zika/filtering/reverse7781-8282.calculated
    output: /datater/wu/data/zika/filtering/reverse7781-8282.fasta
    jobid: 254
    wildcards: sample=zika, seg=7781-8282

[Thu Mar 25 14:43:11 2021]
Finished job 39.
125 of 305 steps (41%) done
Select jobs to execute...

[Thu Mar 25 14:43:11 2021]
rule reverse_parameters:
    input: /datater/wu/data/zika/dsk/reverse2259-2760.kCountSorted
    output: /datater/wu/data/zika/filtering/reverse2259-2760.calculated
    jobid: 38
    wildcards: sample=zika, seg=2259-2760

[Thu Mar 25 14:43:11 2021]
Finished job 20.
126 of 305 steps (41%) done
Select jobs to execute...

[Thu Mar 25 14:43:11 2021]
rule dskReverseOutput:
    input: /datater/wu/data/zika/dsk/reverse10542-10780.h5
    output: /datater/wu/data/zika/dsk/reverse10542-10780.kCount
    jobid: 19
    wildcards: sample=zika, seg=10542-10780

[Thu Mar 25 14:43:11 2021]
Finished job 113.
127 of 305 steps (42%) done
Select jobs to execute...
[Thu Mar 25 14:43:11 2021]
Finished job 19.
128 of 305 steps (42%) done
[Thu Mar 25 14:43:11 2021]
Finished job 144.
129 of 305 steps (42%) done

[Thu Mar 25 14:43:12 2021]
rule after_LCfiltering:
    input: /datater/wu/data/zika/filtering/reverse9538-10039.LC.fasta
    output: /datater/wu/data/zika/filtering/reverse9538-10039.LC.calculated2
    jobid: 112
    wildcards: sample=zika, seg=9538-10039

Select jobs to execute...

[Thu Mar 25 14:43:12 2021]
rule reverse_parameters:
    input: /datater/wu/data/zika/dsk/reverse3263-3764.kCountSorted
    output: /datater/wu/data/zika/filtering/reverse3263-3764.calculated
    jobid: 10
    wildcards: sample=zika, seg=3263-3764

[Thu Mar 25 14:43:12 2021]
rule reverse_toFasta:
    input: /datater/wu/data/zika/filtering/reverse2008-2509.calculated
    output: /datater/wu/data/zika/filtering/reverse2008-2509.fasta
    jobid: 247
    wildcards: sample=zika, seg=2008-2509

Select jobs to execute...
[Thu Mar 25 14:43:12 2021]
Finished job 185.
130 of 305 steps (43%) done
Select jobs to execute...

[Thu Mar 25 14:43:12 2021]
rule reverse_toFasta:
    input: /datater/wu/data/zika/filtering/reverse3765-4266.calculated
    output: /datater/wu/data/zika/filtering/reverse3765-4266.fasta
    jobid: 184
    wildcards: sample=zika, seg=3765-4266

[Thu Mar 25 14:43:12 2021]
Finished job 221.
131 of 305 steps (43%) done
Select jobs to execute...

[Thu Mar 25 14:43:12 2021]
rule reverse_parameters:
    input: /datater/wu/data/zika/dsk/reverse6526-7027.kCountSorted
    output: /datater/wu/data/zika/filtering/reverse6526-7027.calculated
    jobid: 143
    wildcards: sample=zika, seg=6526-7027

[Thu Mar 25 14:43:12 2021]
Finished job 275.
132 of 305 steps (43%) done
Select jobs to execute...

[Thu Mar 25 14:43:12 2021]
rule reverse_parameters:
    input: /datater/wu/data/zika/dsk/reverse5271-5772.kCountSorted
    output: /datater/wu/data/zika/filtering/reverse5271-5772.calculated
    jobid: 80
    wildcards: sample=zika, seg=5271-5772

[Thu Mar 25 14:43:12 2021]
Finished job 73.
133 of 305 steps (44%) done
Select jobs to execute...

[Thu Mar 25 14:43:12 2021]
rule reverse_toFasta:
    input: /datater/wu/data/zika/filtering/reverse8785-9286.calculated
    output: /datater/wu/data/zika/filtering/reverse8785-9286.fasta
    jobid: 72
    wildcards: sample=zika, seg=8785-9286

[Thu Mar 25 14:43:12 2021]
Finished job 171.
134 of 305 steps (44%) done
Select jobs to execute...

[Thu Mar 25 14:43:12 2021]
rule reverse_toFasta:
    input: /datater/wu/data/zika/filtering/reverse4267-4768.calculated
    output: /datater/wu/data/zika/filtering/reverse4267-4768.fasta
    jobid: 170
    wildcards: sample=zika, seg=4267-4768

[Thu Mar 25 14:43:12 2021]
Finished job 32.
135 of 305 steps (44%) done
Select jobs to execute...

[Thu Mar 25 14:43:12 2021]
rule reverse_parameters:
    input: /datater/wu/data/zika/dsk/reverse2761-3262.kCountSorted
    output: /datater/wu/data/zika/filtering/reverse2761-3262.calculated
    jobid: 283
    wildcards: sample=zika, seg=2761-3262

[Thu Mar 25 14:43:12 2021]
Finished job 254.
136 of 305 steps (45%) done
Select jobs to execute...

[Thu Mar 25 14:43:12 2021]
rule reverse_linguistic_complexity:
    input: /datater/wu/data/zika/filtering/reverse7781-8282.fasta
    output: /datater/wu/data/zika/filtering/reverse7781-8282.LC.fasta
    jobid: 253
    wildcards: sample=zika, seg=7781-8282

[Thu Mar 25 14:43:12 2021]
Finished job 38.
137 of 305 steps (45%) done
Select jobs to execute...

[Thu Mar 25 14:43:12 2021]
rule dskReverseOutput:
    input: /datater/wu/data/zika/dsk/reverse7530-8031.h5
    output: /datater/wu/data/zika/dsk/reverse7530-8031.kCount
    jobid: 264
    wildcards: sample=zika, seg=7530-8031

[Thu Mar 25 14:43:12 2021]
Finished job 264.
138 of 305 steps (45%) done
Select jobs to execute...

[Thu Mar 25 14:43:12 2021]
rule dskReverseOutputSort:
    input: /datater/wu/data/zika/dsk/reverse7530-8031.kCount
    output: /datater/wu/data/zika/dsk/reverse7530-8031.kCountSorted
    jobid: 263
    wildcards: sample=zika, seg=7530-8031

[Thu Mar 25 14:43:12 2021]
Finished job 247.
139 of 305 steps (46%) done
[Thu Mar 25 14:43:12 2021]
Finished job 237.
140 of 305 steps (46%) done
[Thu Mar 25 14:43:12 2021]
Finished job 10.
141 of 305 steps (46%) done
[Thu Mar 25 14:43:12 2021]
Finished job 184.
142 of 305 steps (47%) done
[Thu Mar 25 14:43:13 2021]
Finished job 143.
143 of 305 steps (47%) done
[Thu Mar 25 14:43:13 2021]
Finished job 80.
144 of 305 steps (47%) done
[Thu Mar 25 14:43:13 2021]
Finished job 72.
145 of 305 steps (48%) done
[Thu Mar 25 14:43:13 2021]
Finished job 170.
146 of 305 steps (48%) done
[Thu Mar 25 14:43:13 2021]
Finished job 283.
147 of 305 steps (48%) done
[Thu Mar 25 14:43:13 2021]
Finished job 263.
148 of 305 steps (49%) done
[Thu Mar 25 14:43:15 2021]
Finished job 253.
149 of 305 steps (49%) done
Shutting down, this might take some time.
Exiting because a job execution failed. Look above for error message
Complete log: /datater/wu/stage_m2/.snakemake/log/2021-03-25T144256.837375.snakemake.log
