Building DAG of jobs...
Updating job aggregate_allReverseOligo.
Using shell: /bin/bash
Provided cores: 12
Rules claiming more threads will be scaled down.
Conda environments: ignored
Job counts:
	count	jobs
	1	all
	1	reverse_filtering
	1	toFasta
	3
Select jobs to execute...

[Sun Mar 28 16:53:47 2021]
rule reverse_filtering:
    input: /datater/wu/data/enterovirus/filtering/allOligos_reverse.calculated2
    output: /datater/wu/data/enterovirus/filtering/allOligos_reverse.filtered
    jobid: 2
    wildcards: sample=enterovirus

[Sun Mar 28 16:53:48 2021]
Finished job 2.
1 of 3 steps (33%) done
Select jobs to execute...

[Sun Mar 28 16:53:48 2021]
rule toFasta:
    input: /datater/wu/data/enterovirus/filtering/allOligos_reverse.filtered
    output: /datater/wu/data/enterovirus/filtering/allOligos_reverse.filtered.fasta
    jobid: 1
    wildcards: sample=enterovirus

[Sun Mar 28 16:53:49 2021]
Finished job 1.
2 of 3 steps (67%) done
Select jobs to execute...

[Sun Mar 28 16:53:49 2021]
localrule all:
    input: /datater/wu/data/enterovirus/filtering/allOligos_reverse.filtered.fasta
    jobid: 0

[Sun Mar 28 16:53:49 2021]
Finished job 0.
3 of 3 steps (100%) done
Complete log: /datater/wu/stage_m2/.snakemake/log/2021-03-28T165346.658472.snakemake.log
