Building DAG of jobs...
Updating job merge_all_kmers.
Updating job merge_all_kmers.
Updating job merge_all_kmers.
Updating job merge_all_kmers.
Updating job merge_all_kmers.
Updating job merge_all_kmers.
Updating job merge_all_kmers.
Updating job merge_all_kmers.
Updating job merge_all_kmers.
Updating job merge_all_kmers.
Updating job merge_all_kmers.
Updating job merge_all_kmers.
Updating job merge_all_kmers.
Updating job merge_all_kmers.
Updating job merge_all_kmers.
Updating job merge_all_kmers.
Updating job merge_all_kmers.
Updating job merge_all_kmers.
Updating job merge_all_kmers.
Updating job merge_all_kmers.
Updating job merge_all_kmers.
Updating job merge_all_kmers.
Updating job merge_all_kmers.
Updating job merge_all_kmers.
Updating job merge_all_kmers.
Updating job merge_all_kmers.
Updating job merge_all_kmers.
Updating job merge_all_kmers.
Updating job merge_all_kmers.
Updating job merge_all_kmers.
Updating job merge_all_kmers.
Updating job merge_all_kmers.
Updating job merge_all_kmers.
Updating job merge_all_kmers.
Updating job merge_all_kmers.
Updating job merge_all_kmers.
Updating job merge_all_kmers.
Updating job merge_all_kmers.
Updating job merge_all_kmers.
Updating job merge_all_kmers.
Updating job merge_all_kmers.
Updating job merge_all_kmers.
Updating job merge_all_kmers.
Using shell: /bin/bash
Provided cores: 12
Rules claiming more threads will be scaled down.
Conda environments: ignored
Job counts:
	count	jobs
	1	all
	1	index_fasta
	2
Select jobs to execute...

[Mon Mar  8 13:13:17 2021]
rule index_fasta:
    input: /datater/wu/data/zika/primer3_Tm/all_oligo.fasta
    output: /datater/wu/data/zika/primer3_Tm/all_oligo.fasta.fai, /datater/wu/data/zika/primer3_Tm/all_oligo.fasta.json, /datater/wu/data/zika/primer3_Tm/all_oligo.fasta.log, /datater/wu/data/zika/primer3_Tm/all_oligo.fasta.primerqc, /datater/wu/data/zika/primer3_Tm/all_oligo.fasta.mfeprimer.fai
    jobid: 269
    wildcards: sample=zika

Waiting at most 5 seconds for missing files.
MissingOutputException in line 81 of /datater/wu/stage_m2/rules/dsk_oligo_filter.smk:
Job Missing files after 5 seconds:
/datater/wu/data/zika/primer3_Tm/all_oligo.fasta.mfeprimer.fai
This might be due to filesystem latency. If that is the case, consider to increase the wait time with --latency-wait.
Job id: 269 completed successfully, but some output files are missing. 269
  File "/datater/wu/miniconda3/envs/snakemake/lib/python3.9/site-packages/snakemake/executors/__init__.py", line 583, in handle_job_success
  File "/datater/wu/miniconda3/envs/snakemake/lib/python3.9/site-packages/snakemake/executors/__init__.py", line 252, in handle_job_success
Removing output files of failed job index_fasta since they might be corrupted:
/datater/wu/data/zika/primer3_Tm/all_oligo.fasta.fai, /datater/wu/data/zika/primer3_Tm/all_oligo.fasta.json, /datater/wu/data/zika/primer3_Tm/all_oligo.fasta.log, /datater/wu/data/zika/primer3_Tm/all_oligo.fasta.primerqc
Shutting down, this might take some time.
Exiting because a job execution failed. Look above for error message
Complete log: /datater/wu/stage_m2/.snakemake/log/2021-03-08T131315.728342.snakemake.log
