Building DAG of jobs...
Updating job aggregate_allReverseOligo.
Using shell: /bin/bash
Provided cores: 12
Rules claiming more threads will be scaled down.
Conda environments: ignored
Job counts:
	count	jobs
	1	all
	1	reverse_filtering
	2
Select jobs to execute...

[Sun Mar 28 16:25:55 2021]
rule reverse_filtering:
    input: /datater/wu/data/zika/filtering/allOligos_reverse.calculated2
    output: /datater/wu/data/zika/filtering/allOligos_reverse.filtered
    jobid: 1
    wildcards: sample=zika

[Sun Mar 28 16:25:56 2021]
Finished job 1.
1 of 2 steps (50%) done
Select jobs to execute...

[Sun Mar 28 16:25:56 2021]
localrule all:
    input: /datater/wu/data/zika/filtering/allOligos_reverse.filtered
    jobid: 0

[Sun Mar 28 16:25:56 2021]
Finished job 0.
2 of 2 steps (100%) done
Complete log: /datater/wu/stage_m2/.snakemake/log/2021-03-28T162554.266773.snakemake.log
