Building DAG of jobs...
Updating job filtering2.
Using shell: /bin/bash
Provided cores: 6
Rules claiming more threads will be scaled down.
Conda environments: ignored
Job counts:
	count	jobs
	1	all
	31	calculateKmer_sort
	1	checkHeterodimer
	25	countKmer1
	25	countKmer2
	1	evaluation2
	1	evaluation3
	33	filtering1
	1	filtering2
	1	filtering3
	1	specific1
	1	specific3
	1	specific4
	123
Select jobs to execute...

[Thu Apr 29 14:53:50 2021]
rule countKmer1:
    input: /datater/wu/data/MSSPE-clustering/zika/splitFiles/reverse6526-7027.fasta
    output: /datater/wu/data/MSSPE-clustering/zika/kmer15/intermediate/reverse6526-7027.int.kmc_pre, /datater/wu/data/MSSPE-clustering/zika/kmer15/intermediate/reverse6526-7027.int.kmc_suf
    jobid: 99
    wildcards: sample=zika, seg=6526-7027

RuleException in line 35 of /datater/wu/MSSPE/rules-clustering/reverse_kmer_kmerCount.smk:
'Params' object has no attribute 'kmerSize'
  File "/datater/wu/miniconda3/envs/snakemake/lib/python3.9/site-packages/snakemake/executors/__init__.py", line 136, in run_jobs
  File "/datater/wu/miniconda3/envs/snakemake/lib/python3.9/site-packages/snakemake/executors/__init__.py", line 441, in run
  File "/datater/wu/miniconda3/envs/snakemake/lib/python3.9/site-packages/snakemake/executors/__init__.py", line 230, in _run
  File "/datater/wu/miniconda3/envs/snakemake/lib/python3.9/site-packages/snakemake/executors/__init__.py", line 156, in _run
  File "/datater/wu/miniconda3/envs/snakemake/lib/python3.9/site-packages/snakemake/executors/__init__.py", line 162, in printjob
