Building DAG of jobs...
Updating job aggregate_allReverseOligo.
Updating job aggregate_allReverseOligo.
Updating job aggregate_allReverseOligo.
Updating job aggregate_allReverseOligo.
Updating job aggregate_allReverseOligo.
Updating job aggregate_allReverseOligo.
Updating job aggregate_allReverseOligo.
Updating job aggregate_allReverseOligo.
Updating job aggregate_allReverseOligo.
Updating job aggregate_allReverseOligo.
Updating job aggregate_allReverseOligo.
Updating job aggregate_allReverseOligo.
Updating job aggregate_allReverseOligo.
Updating job aggregate_allReverseOligo.
Updating job aggregate_allReverseOligo.
Updating job aggregate_allReverseOligo.
Updating job aggregate_allReverseOligo.
Updating job aggregate_allReverseOligo.
Updating job aggregate_allReverseOligo.
Updating job aggregate_allReverseOligo.
Updating job aggregate_allReverseOligo.
Updating job aggregate_allReverseOligo.
Updating job aggregate_allReverseOligo.
Updating job aggregate_allReverseOligo.
Updating job aggregate_allReverseOligo.
Updating job aggregate_allReverseOligo.
Updating job aggregate_allReverseOligo.
Updating job aggregate_allReverseOligo.
Updating job aggregate_allReverseOligo.
Updating job aggregate_allReverseOligo.
Updating job aggregate_allReverseOligo.
Updating job aggregate_allReverseOligo.
Updating job aggregate_allReverseOligo.
Updating job aggregate_allReverseOligo.
Updating job aggregate_allReverseOligo.
Updating job aggregate_allReverseOligo.
Updating job aggregate_allReverseOligo.
Using shell: /bin/bash
Provided cores: 12
Rules claiming more threads will be scaled down.
Conda environments: ignored
Job counts:
	count	jobs
	1	all
	1	filtering
	2
Select jobs to execute...

[Fri Mar 12 16:09:51 2021]
rule filtering:
    input: /datater/wu/data/enterovirus/filtering/allOligos_reverse.calculated2
    output: /datater/wu/data/enterovirus/filtering/allOligos_reverse.filtered
    jobid: 308
    wildcards: sample=enterovirus

Shutting down, this might take some time.
Exiting because a job execution failed. Look above for error message
Complete log: /datater/wu/stage_m2/.snakemake/log/2021-03-12T160946.434148.snakemake.log
