Building DAG of jobs...
Using shell: /bin/bash
Provided cores: 12
Rules claiming more threads will be scaled down.
Conda environments: ignored
Job counts:
	count	jobs
	1	aggregate_allReverseOligo
	1	all
	80	dskReverse
	80	dskReverseOutput
	80	dskReverseOutputSort
	80	reverse_add_LC
	80	reverse_linguistic_complexity
	80	reverse_parameters
	80	reverse_toFasta
	37	splitFiles
	599
Select jobs to execute...

[Mon Mar 15 13:29:20 2021]
rule dskReverse:
    input: /datater/wu/data/zika/splitFiles/reverse0-501.fasta
    output: /datater/wu/data/zika/dsk/reverse0-501.h5
    jobid: 458
    wildcards: sample=zika, seg=0-501


[Mon Mar 15 13:29:20 2021]
rule dskReverse:
    input: /datater/wu/data/zika/splitFiles/reverse2510-3011.fasta
    output: /datater/wu/data/zika/dsk/reverse2510-3011.h5
    jobid: 338
    wildcards: sample=zika, seg=2510-3011


[Mon Mar 15 13:29:20 2021]
rule splitFiles:
    input: /datater/wu/data/msa/zika.msa
    output: /datater/wu/data/zika/splitFiles/forward4318-4822.fasta (dynamic), /datater/wu/data/zika/splitFiles/reverse4318-4822.fasta (dynamic)
    jobid: 219
    wildcards: sample=zika, seg=4318-4822

Subsequent jobs will be added dynamically depending on the output of this job

[Mon Mar 15 13:29:20 2021]
rule splitFiles:
    input: /datater/wu/data/msa/zika.msa
    output: /datater/wu/data/zika/splitFiles/forward5842-6346.fasta (dynamic), /datater/wu/data/zika/splitFiles/reverse5842-6346.fasta (dynamic)
    jobid: 99
    wildcards: sample=zika, seg=5842-6346

Subsequent jobs will be added dynamically depending on the output of this job

[Mon Mar 15 13:29:20 2021]
rule dskReverse:
    input: /datater/wu/data/zika/splitFiles/reverse1004-1505.fasta
    output: /datater/wu/data/zika/dsk/reverse1004-1505.h5
    jobid: 370
    wildcards: sample=zika, seg=1004-1505


[Mon Mar 15 13:29:20 2021]
rule splitFiles:
    input: /datater/wu/data/msa/zika.msa
    output: /datater/wu/data/zika/splitFiles/forward7366-7870.fasta (dynamic), /datater/wu/data/zika/splitFiles/reverse7366-7870.fasta (dynamic)
    jobid: 251
    wildcards: sample=zika, seg=7366-7870

Subsequent jobs will be added dynamically depending on the output of this job

[Mon Mar 15 13:29:20 2021]
rule dskReverse:
    input: /datater/wu/data/zika/splitFiles/reverse8534-9035.fasta
    output: /datater/wu/data/zika/dsk/reverse8534-9035.h5
    jobid: 610
    wildcards: sample=zika, seg=8534-9035


[Mon Mar 15 13:29:20 2021]
rule dskReverse:
    input: /datater/wu/data/zika/splitFiles/reverse1255-1756.fasta
    output: /datater/wu/data/zika/dsk/reverse1255-1756.h5
    jobid: 322
    wildcards: sample=zika, seg=1255-1756


[Mon Mar 15 13:29:20 2021]
rule dskReverse:
    input: /datater/wu/data/zika/splitFiles/reverse7279-7780.fasta
    output: /datater/wu/data/zika/dsk/reverse7279-7780.h5
    jobid: 618
    wildcards: sample=zika, seg=7279-7780


[Mon Mar 15 13:29:20 2021]
rule splitFiles:
    input: /datater/wu/data/msa/zika.msa
    output: /datater/wu/data/zika/splitFiles/forward254-758.fasta (dynamic), /datater/wu/data/zika/splitFiles/reverse254-758.fasta (dynamic)
    jobid: 83
    wildcards: sample=zika, seg=254-758

Subsequent jobs will be added dynamically depending on the output of this job

[Mon Mar 15 13:29:20 2021]
rule splitFiles:
    input: /datater/wu/data/msa/zika.msa
    output: /datater/wu/data/zika/splitFiles/forward762-1266.fasta (dynamic), /datater/wu/data/zika/splitFiles/reverse762-1266.fasta (dynamic)
    jobid: 235
    wildcards: sample=zika, seg=762-1266

Subsequent jobs will be added dynamically depending on the output of this job

[Mon Mar 15 13:29:20 2021]
rule dskReverse:
    input: /datater/wu/data/zika/splitFiles/reverse3514-4015.fasta
    output: /datater/wu/data/zika/dsk/reverse3514-4015.h5
    jobid: 474
    wildcards: sample=zika, seg=3514-4015

[Mon Mar 15 13:29:22 2021]
Finished job 338.
1 of 599 steps (0.17%) done
Select jobs to execute...

[Mon Mar 15 13:29:22 2021]
rule dskReverse:
    input: /datater/wu/data/zika/splitFiles/reverse5773-6274.fasta
    output: /datater/wu/data/zika/dsk/reverse5773-6274.h5
    jobid: 314
    wildcards: sample=zika, seg=5773-6274

[Mon Mar 15 13:29:22 2021]
Finished job 458.
2 of 599 steps (0.33%) done
Select jobs to execute...
[Mon Mar 15 13:29:22 2021]
Finished job 370.
3 of 599 steps (0.50%) done
[Mon Mar 15 13:29:22 2021]
Finished job 322.
4 of 599 steps (0.67%) done
[Mon Mar 15 13:29:22 2021]
Finished job 618.
5 of 599 steps (0.83%) done

[Mon Mar 15 13:29:22 2021]
rule splitFiles:
    input: /datater/wu/data/msa/zika.msa
    output: /datater/wu/data/zika/splitFiles/forward8636-9140.fasta (dynamic), /datater/wu/data/zika/splitFiles/reverse8636-9140.fasta (dynamic)
    jobid: 299
    wildcards: sample=zika, seg=8636-9140

Subsequent jobs will be added dynamically depending on the output of this job
[Mon Mar 15 13:29:22 2021]
Finished job 610.
6 of 599 steps (1%) done

[Mon Mar 15 13:29:22 2021]
rule dskReverse:
    input: /datater/wu/data/zika/splitFiles/reverse753-1254.fasta
    output: /datater/wu/data/zika/dsk/reverse753-1254.h5
    jobid: 538
    wildcards: sample=zika, seg=753-1254

Select jobs to execute...

[Mon Mar 15 13:29:22 2021]
rule splitFiles:
    input: /datater/wu/data/msa/zika.msa
    output: /datater/wu/data/zika/splitFiles/forward3302-3806.fasta (dynamic), /datater/wu/data/zika/splitFiles/reverse3302-3806.fasta (dynamic)
    jobid: 179
    wildcards: sample=zika, seg=3302-3806

Subsequent jobs will be added dynamically depending on the output of this job

[Mon Mar 15 13:29:22 2021]
rule dskReverse:
    input: /datater/wu/data/zika/splitFiles/reverse9538-10039.fasta
    output: /datater/wu/data/zika/dsk/reverse9538-10039.h5
    jobid: 418
    wildcards: sample=zika, seg=9538-10039


[Mon Mar 15 13:29:22 2021]
rule dskReverse:
    input: /datater/wu/data/zika/splitFiles/reverse251-752.fasta
    output: /datater/wu/data/zika/dsk/reverse251-752.h5
    jobid: 530
    wildcards: sample=zika, seg=251-752

Select jobs to execute...
Select jobs to execute...
Select jobs to execute...
[Mon Mar 15 13:29:22 2021]
Finished job 474.
7 of 599 steps (1%) done
Select jobs to execute...

[Mon Mar 15 13:29:23 2021]
rule dskReverse:
    input: /datater/wu/data/zika/splitFiles/reverse6275-6776.fasta
    output: /datater/wu/data/zika/dsk/reverse6275-6776.h5
    jobid: 362
    wildcards: sample=zika, seg=6275-6776

[Mon Mar 15 13:29:24 2021]
Finished job 314.
8 of 599 steps (1%) done
Select jobs to execute...

[Mon Mar 15 13:29:24 2021]
rule dskReverse:
    input: /datater/wu/data/zika/splitFiles/reverse8785-9286.fasta
    output: /datater/wu/data/zika/dsk/reverse8785-9286.h5
    jobid: 602
    wildcards: sample=zika, seg=8785-9286

[Mon Mar 15 13:29:25 2021]
Finished job 530.
9 of 599 steps (2%) done
Select jobs to execute...

[Mon Mar 15 13:29:25 2021]
rule splitFiles:
    input: /datater/wu/data/msa/zika.msa
    output: /datater/wu/data/zika/splitFiles/forward5334-5838.fasta (dynamic), /datater/wu/data/zika/splitFiles/reverse5334-5838.fasta (dynamic)
    jobid: 195
    wildcards: sample=zika, seg=5334-5838

Subsequent jobs will be added dynamically depending on the output of this job
[Mon Mar 15 13:29:25 2021]
Finished job 538.
10 of 599 steps (2%) done
Select jobs to execute...

[Mon Mar 15 13:29:25 2021]
rule dskReverseOutput:
    input: /datater/wu/data/zika/dsk/reverse251-752.h5
    output: /datater/wu/data/zika/dsk/reverse251-752.kCount
    jobid: 529
    wildcards: sample=zika, seg=251-752

[Mon Mar 15 13:29:25 2021]
Finished job 418.
11 of 599 steps (2%) done
Select jobs to execute...
[Mon Mar 15 13:29:25 2021]
Finished job 529.
12 of 599 steps (2%) done

[Mon Mar 15 13:29:25 2021]
rule splitFiles:
    input: /datater/wu/data/msa/zika.msa
    output: /datater/wu/data/zika/splitFiles/forward3048-3552.fasta (dynamic), /datater/wu/data/zika/splitFiles/reverse3048-3552.fasta (dynamic)
    jobid: 243
    wildcards: sample=zika, seg=3048-3552

Subsequent jobs will be added dynamically depending on the output of this job
Select jobs to execute...

[Mon Mar 15 13:29:25 2021]
rule dskReverse:
    input: /datater/wu/data/zika/splitFiles/reverse4518-5019.fasta
    output: /datater/wu/data/zika/dsk/reverse4518-5019.h5
    jobid: 490
    wildcards: sample=zika, seg=4518-5019

[Mon Mar 15 13:29:25 2021]
Finished job 362.
13 of 599 steps (2%) done
Select jobs to execute...

[Mon Mar 15 13:29:25 2021]
rule splitFiles:
    input: /datater/wu/data/msa/zika.msa
    output: /datater/wu/data/zika/splitFiles/forward9144-9382.fasta (dynamic), /datater/wu/data/zika/splitFiles/reverse9144-9382.fasta (dynamic)
    jobid: 131
    wildcards: sample=zika, seg=9144-9382

Subsequent jobs will be added dynamically depending on the output of this job
[Mon Mar 15 13:29:27 2021]
Finished job 602.
14 of 599 steps (2%) done
[Mon Mar 15 13:29:27 2021]
Finished job 490.
15 of 599 steps (3%) done
Shutting down, this might take some time.
Exiting because a job execution failed. Look above for error message
Complete log: /datater/wu/stage_m2/.snakemake/log/2021-03-15T132912.509011.snakemake.log
