Building DAG of jobs...
Updating job aggregateAllReverseOligo.
Using shell: /bin/bash
Provided cores: 12
Rules claiming more threads will be scaled down.
Conda environments: ignored
Job counts:
	count	jobs
	1	all
	1	oligoSet
	2
Select jobs to execute...

[Wed Mar 31 15:13:20 2021]
rule oligoSet:
    input: /datater/wu/data/enterovirus/checkSpecifity/allOligos_reverse.filtered.spec.heterodimer
    output: /datater/wu/data/enterovirus/checkSpecifity/allOligos_reverse.set
    jobid: 1
    wildcards: sample=enterovirus

[Wed Mar 31 15:13:26 2021]
Finished job 1.
1 of 2 steps (50%) done
Select jobs to execute...

[Wed Mar 31 15:13:26 2021]
localrule all:
    input: /datater/wu/data/enterovirus/checkSpecifity/allOligos_reverse.set
    jobid: 0

[Wed Mar 31 15:13:26 2021]
Finished job 0.
2 of 2 steps (100%) done
Complete log: /datater/wu/stage_m2/.snakemake/log/2021-03-31T151319.758405.snakemake.log
