Building DAG of jobs...
Updating job aggregateAllReverseOligo.
Using shell: /bin/bash
Provided cores: 12
Rules claiming more threads will be scaled down.
Conda environments: ignored
Job counts:
	count	jobs
	1	all
	1	allToFasta
	1	blastn_short_prok
	1	filterOutUnSpecifickmer
	4
Select jobs to execute...

[Mon Mar 29 18:01:33 2021]
rule allToFasta:
    input: /datater/wu/data/enterovirus/filtering/allOligos_reverse.filtered
    output: /datater/wu/data/enterovirus/checkSpecifity/allOligos_reverse.filtered.fasta
    jobid: 3
    wildcards: sample=enterovirus

[Mon Mar 29 18:01:35 2021]
Finished job 3.
1 of 4 steps (25%) done
Select jobs to execute...

[Mon Mar 29 18:01:35 2021]
rule blastn_short_prok:
    input: /datater/wu/data/enterovirus/checkSpecifity/allOligos_reverse.filtered.fasta
    output: /datater/wu/data/enterovirus/checkSpecifity/allOligos_reverse.filtered.blastn.out
    jobid: 2
    wildcards: sample=enterovirus

[Mon Mar 29 18:07:28 2021]
Finished job 2.
2 of 4 steps (50%) done
Select jobs to execute...

[Mon Mar 29 18:07:28 2021]
rule filterOutUnSpecifickmer:
    input: /datater/wu/data/enterovirus/checkSpecifity/allOligos_reverse.filtered.blastn.out, /datater/wu/data/enterovirus/checkSpecifity/allOligos_reverse.filtered.fasta
    output: /datater/wu/data/enterovirus/checkSpecifity/allOligos_reverse.filtered.spec.fasta
    jobid: 1
    wildcards: sample=enterovirus

Shutting down, this might take some time.
Exiting because a job execution failed. Look above for error message
Complete log: /datater/wu/stage_m2/.snakemake/log/2021-03-29T180133.460011.snakemake.log
