Building DAG of jobs...
Updating job filtering2.
Updating job filtering2.
Using shell: /bin/bash
Provided cores: 12
Rules claiming more threads will be scaled down.
Conda environments: ignored
Job counts:
	count	jobs
	1	all
	2	allHeterodimerCheck
	3
Select jobs to execute...

[Fri Apr 23 10:06:00 2021]
rule allHeterodimerCheck:
    input: /datater/wu/data/MSSPE-basic/zika/kmer15/allKmerCount.sorted.calculated.filtered.spec.txt
    output: /datater/wu/data/MSSPE-basic/zika/kmer15/allOligo.set
    jobid: 19
    wildcards: sample=zika

[Fri Apr 23 10:06:00 2021]
rule allHeterodimerCheck:
    input: /datater/wu/data/MSSPE-basic/enterovirus/kmer15/allKmerCount.sorted.calculated.filtered.spec.txt
    output: /datater/wu/data/MSSPE-basic/enterovirus/kmer15/allOligo.set
    jobid: 18
    wildcards: sample=enterovirus

[Fri Apr 23 10:06:03 2021]
Finished job 18.
1 of 3 steps (33%) done
[Fri Apr 23 10:06:03 2021]
Finished job 19.
2 of 3 steps (67%) done
Select jobs to execute...

[Fri Apr 23 10:06:03 2021]
localrule all:
    input: /datater/wu/data/MSSPE-basic/enterovirus/enterovirus.uniq, /datater/wu/data/MSSPE-basic/zika/zika.uniq, /datater/wu/data/MSSPE-basic/enterovirus/enterovirus.msa, /datater/wu/data/MSSPE-basic/zika/zika.msa, /datater/wu/data/MSSPE-basic/enterovirus/kmer15/allKmercount.sorted.calculated.txt, /datater/wu/data/MSSPE-basic/zika/kmer15/allKmercount.sorted.calculated.txt, /datater/wu/data/MSSPE-basic/enterovirus/kmer15/allKmerCount.sorted.calculated.filtered.txt, /datater/wu/data/MSSPE-basic/zika/kmer15/allKmerCount.sorted.calculated.filtered.txt, /datater/wu/data/MSSPE-basic/enterovirus/kmer15/intermediate/allKmerCount.sorted.calculated.filtered.fasta, /datater/wu/data/MSSPE-basic/zika/kmer15/intermediate/allKmerCount.sorted.calculated.filtered.fasta, /datater/wu/data/RefSeqProkaryota/RefSeqProkaryota.DB.1.ebwt, /datater/wu/data/RefSeqProkaryota/RefSeqProkaryota.DB.2.ebwt, /datater/wu/data/RefSeqProkaryota/RefSeqProkaryota.DB.3.ebwt, /datater/wu/data/RefSeqProkaryota/RefSeqProkaryota.DB.4.ebwt, /datater/wu/data/RefSeqProkaryota/RefSeqProkaryota.DB.rev.1.ebwt, /datater/wu/data/RefSeqProkaryota/RefSeqProkaryota.DB.rev.2.ebwt, /datater/wu/data/MSSPE-basic/enterovirus/kmer15/intermediate/allKmerCount.sorted.calculated.filtered.bowtie, /datater/wu/data/MSSPE-basic/zika/kmer15/intermediate/allKmerCount.sorted.calculated.filtered.bowtie, /datater/wu/data/MSSPE-basic/enterovirus/kmer15/allKmerCount.sorted.calculated.filtered.spec.txt, /datater/wu/data/MSSPE-basic/zika/kmer15/allKmerCount.sorted.calculated.filtered.spec.txt, /datater/wu/data/MSSPE-basic/enterovirus/kmer15/allOligo.set, /datater/wu/data/MSSPE-basic/zika/kmer15/allOligo.set
    jobid: 0

[Fri Apr 23 10:06:03 2021]
Finished job 0.
3 of 3 steps (100%) done
Complete log: /datater/wu/MSSPE/.snakemake/log/2021-04-23T100559.791941.snakemake.log
