Building DAG of jobs...
Using shell: /bin/bash
Provided cores: 12
Rules claiming more threads will be scaled down.
Conda environments: ignored
Job counts:
	count	jobs
	1	all
	37	linguistic_complexity
	38
Select jobs to execute...

[Thu Mar 11 19:15:38 2021]
rule linguistic_complexity:
    input: /datater/wu/data/enterovirus/filtering/forward_1778-2282.fasta
    output: /datater/wu/data/enterovirus/filtering/forward_1778-2282.nessieOut
    jobid: 202
    wildcards: sample=enterovirus, seg=1778-2282


[Thu Mar 11 19:15:38 2021]
rule linguistic_complexity:
    input: /datater/wu/data/enterovirus/filtering/forward_5588-6092.fasta
    output: /datater/wu/data/enterovirus/filtering/forward_5588-6092.nessieOut
    jobid: 200
    wildcards: sample=enterovirus, seg=5588-6092


[Thu Mar 11 19:15:38 2021]
rule linguistic_complexity:
    input: /datater/wu/data/enterovirus/filtering/forward_3556-4060.fasta
    output: /datater/wu/data/enterovirus/filtering/forward_3556-4060.nessieOut
    jobid: 208
    wildcards: sample=enterovirus, seg=3556-4060


[Thu Mar 11 19:15:38 2021]
rule linguistic_complexity:
    input: /datater/wu/data/enterovirus/filtering/forward_0-504.fasta
    output: /datater/wu/data/enterovirus/filtering/forward_0-504.nessieOut
    jobid: 215
    wildcards: sample=enterovirus, seg=0-504


[Thu Mar 11 19:15:38 2021]
rule linguistic_complexity:
    input: /datater/wu/data/enterovirus/filtering/forward_5080-5584.fasta
    output: /datater/wu/data/enterovirus/filtering/forward_5080-5584.nessieOut
    jobid: 223
    wildcards: sample=enterovirus, seg=5080-5584


[Thu Mar 11 19:15:38 2021]
rule linguistic_complexity:
    input: /datater/wu/data/enterovirus/filtering/forward_4064-4568.fasta
    output: /datater/wu/data/enterovirus/filtering/forward_4064-4568.nessieOut
    jobid: 230
    wildcards: sample=enterovirus, seg=4064-4568


[Thu Mar 11 19:15:38 2021]
rule linguistic_complexity:
    input: /datater/wu/data/enterovirus/filtering/forward_9144-9382.fasta
    output: /datater/wu/data/enterovirus/filtering/forward_9144-9382.nessieOut
    jobid: 222
    wildcards: sample=enterovirus, seg=9144-9382
[Thu Mar 11 19:15:38 2021]

Error in rule linguistic_complexity:
    jobid: 202
    output: /datater/wu/data/enterovirus/filtering/forward_1778-2282.nessieOut
    shell:
        lib/nessie/nessie -I /datater/wu/data/enterovirus/filtering/forward_1778-2282.fasta -I /datater/wu/data/enterovirus/filtering/forward_1778-2282.nessieOut -L -k 1 -K 3
        (one of the commands exited with non-zero exit code; note that snakemake uses bash strict mode!)
[Thu Mar 11 19:15:38 2021]

[Thu Mar 11 19:15:38 2021]
Error in rule linguistic_complexity:

Error in rule linguistic_complexity:
    jobid: 200
[Thu Mar 11 19:15:38 2021]
    jobid: 208
    output: /datater/wu/data/enterovirus/filtering/forward_5588-6092.nessieOut
rule linguistic_complexity:
    input: /datater/wu/data/enterovirus/filtering/forward_8890-9394.fasta
    output: /datater/wu/data/enterovirus/filtering/forward_8890-9394.nessieOut
    jobid: 229
    wildcards: sample=enterovirus, seg=8890-9394
    output: /datater/wu/data/enterovirus/filtering/forward_3556-4060.nessieOut
    shell:
        lib/nessie/nessie -I /datater/wu/data/enterovirus/filtering/forward_5588-6092.fasta -I /datater/wu/data/enterovirus/filtering/forward_5588-6092.nessieOut -L -k 1 -K 3
        (one of the commands exited with non-zero exit code; note that snakemake uses bash strict mode!)
[Thu Mar 11 19:15:38 2021]

    shell:
        lib/nessie/nessie -I /datater/wu/data/enterovirus/filtering/forward_3556-4060.fasta -I /datater/wu/data/enterovirus/filtering/forward_3556-4060.nessieOut -L -k 1 -K 3
        (one of the commands exited with non-zero exit code; note that snakemake uses bash strict mode!)

Error in rule linguistic_complexity:

    jobid: 215
    output: /datater/wu/data/enterovirus/filtering/forward_0-504.nessieOut
[Thu Mar 11 19:15:38 2021]
    shell:
        lib/nessie/nessie -I /datater/wu/data/enterovirus/filtering/forward_0-504.fasta -I /datater/wu/data/enterovirus/filtering/forward_0-504.nessieOut -L -k 1 -K 3
        (one of the commands exited with non-zero exit code; note that snakemake uses bash strict mode!)
Error in rule linguistic_complexity:


    jobid: 223
[Thu Mar 11 19:15:38 2021]
    output: /datater/wu/data/enterovirus/filtering/forward_5080-5584.nessieOut
rule linguistic_complexity:
    input: /datater/wu/data/enterovirus/filtering/forward_762-1266.fasta
    output: /datater/wu/data/enterovirus/filtering/forward_762-1266.nessieOut
    jobid: 207
    wildcards: sample=enterovirus, seg=762-1266
    shell:
        lib/nessie/nessie -I /datater/wu/data/enterovirus/filtering/forward_5080-5584.fasta -I /datater/wu/data/enterovirus/filtering/forward_5080-5584.nessieOut -L -k 1 -K 3
        (one of the commands exited with non-zero exit code; note that snakemake uses bash strict mode!)

[Thu Mar 11 19:15:38 2021]

Error in rule linguistic_complexity:
    jobid: 230
    output: /datater/wu/data/enterovirus/filtering/forward_4064-4568.nessieOut
    shell:
        lib/nessie/nessie -I /datater/wu/data/enterovirus/filtering/forward_4064-4568.fasta -I /datater/wu/data/enterovirus/filtering/forward_4064-4568.nessieOut -L -k 1 -K 3
        (one of the commands exited with non-zero exit code; note that snakemake uses bash strict mode!)


[Thu Mar 11 19:15:38 2021]
rule linguistic_complexity:
    input: /datater/wu/data/enterovirus/filtering/forward_4572-5076.fasta
    output: /datater/wu/data/enterovirus/filtering/forward_4572-5076.nessieOut
    jobid: 214
    wildcards: sample=enterovirus, seg=4572-5076

[Thu Mar 11 19:15:38 2021]

Error in rule linguistic_complexity:
[Thu Mar 11 19:15:38 2021]
    jobid: 222
rule linguistic_complexity:
    input: /datater/wu/data/enterovirus/filtering/forward_7620-8124.fasta
    output: /datater/wu/data/enterovirus/filtering/forward_7620-8124.nessieOut
    jobid: 201
    wildcards: sample=enterovirus, seg=7620-8124
    output: /datater/wu/data/enterovirus/filtering/forward_9144-9382.nessieOut

    shell:
        lib/nessie/nessie -I /datater/wu/data/enterovirus/filtering/forward_9144-9382.fasta -I /datater/wu/data/enterovirus/filtering/forward_9144-9382.nessieOut -L -k 1 -K 3
        (one of the commands exited with non-zero exit code; note that snakemake uses bash strict mode!)


[Thu Mar 11 19:15:38 2021]
rule linguistic_complexity:
    input: /datater/wu/data/enterovirus/filtering/forward_8128-8632.fasta
    output: /datater/wu/data/enterovirus/filtering/forward_8128-8632.nessieOut
    jobid: 216
    wildcards: sample=enterovirus, seg=8128-8632

[Thu Mar 11 19:15:38 2021]
Error in rule linguistic_complexity:
    jobid: 229
    output: /datater/wu/data/enterovirus/filtering/forward_8890-9394.nessieOut
    shell:
        lib/nessie/nessie -I /datater/wu/data/enterovirus/filtering/forward_8890-9394.fasta -I /datater/wu/data/enterovirus/filtering/forward_8890-9394.nessieOut -L -k 1 -K 3
        (one of the commands exited with non-zero exit code; note that snakemake uses bash strict mode!)

[Thu Mar 11 19:15:38 2021]
Error in rule linguistic_complexity:
    jobid: 207
    output: /datater/wu/data/enterovirus/filtering/forward_762-1266.nessieOut
    shell:
        lib/nessie/nessie -I /datater/wu/data/enterovirus/filtering/forward_762-1266.fasta -I /datater/wu/data/enterovirus/filtering/forward_762-1266.nessieOut -L -k 1 -K 3
        (one of the commands exited with non-zero exit code; note that snakemake uses bash strict mode!)

[Thu Mar 11 19:15:38 2021]
Error in rule linguistic_complexity:
    jobid: 214
    output: /datater/wu/data/enterovirus/filtering/forward_4572-5076.nessieOut
    shell:
        lib/nessie/nessie -I /datater/wu/data/enterovirus/filtering/forward_4572-5076.fasta -I /datater/wu/data/enterovirus/filtering/forward_4572-5076.nessieOut -L -k 1 -K 3
        (one of the commands exited with non-zero exit code; note that snakemake uses bash strict mode!)

[Thu Mar 11 19:15:38 2021]
Error in rule linguistic_complexity:
    jobid: 201
    output: /datater/wu/data/enterovirus/filtering/forward_7620-8124.nessieOut
    shell:
        lib/nessie/nessie -I /datater/wu/data/enterovirus/filtering/forward_7620-8124.fasta -I /datater/wu/data/enterovirus/filtering/forward_7620-8124.nessieOut -L -k 1 -K 3
        (one of the commands exited with non-zero exit code; note that snakemake uses bash strict mode!)

[Thu Mar 11 19:15:38 2021]
Error in rule linguistic_complexity:
    jobid: 216
    output: /datater/wu/data/enterovirus/filtering/forward_8128-8632.nessieOut
    shell:
        lib/nessie/nessie -I /datater/wu/data/enterovirus/filtering/forward_8128-8632.fasta -I /datater/wu/data/enterovirus/filtering/forward_8128-8632.nessieOut -L -k 1 -K 3
        (one of the commands exited with non-zero exit code; note that snakemake uses bash strict mode!)

Shutting down, this might take some time.
Exiting because a job execution failed. Look above for error message
Complete log: /datater/wu/stage_m2/.snakemake/log/2021-03-11T191538.202389.snakemake.log
