Building DAG of jobs...
Updating job merge_all_kmers.
Updating job merge_all_kmers.
Updating job merge_all_kmers.
Updating job merge_all_kmers.
Updating job merge_all_kmers.
Updating job merge_all_kmers.
Updating job merge_all_kmers.
Updating job merge_all_kmers.
Updating job merge_all_kmers.
Updating job merge_all_kmers.
Updating job merge_all_kmers.
Updating job merge_all_kmers.
Updating job merge_all_kmers.
Updating job merge_all_kmers.
Updating job merge_all_kmers.
Updating job merge_all_kmers.
Updating job merge_all_kmers.
Updating job merge_all_kmers.
Updating job merge_all_kmers.
Updating job merge_all_kmers.
Updating job merge_all_kmers.
Updating job merge_all_kmers.
Updating job merge_all_kmers.
Updating job merge_all_kmers.
Updating job merge_all_kmers.
Updating job merge_all_kmers.
Updating job merge_all_kmers.
Updating job merge_all_kmers.
Updating job merge_all_kmers.
Updating job merge_all_kmers.
Updating job merge_all_kmers.
Updating job merge_all_kmers.
Updating job merge_all_kmers.
Updating job merge_all_kmers.
Updating job merge_all_kmers.
Updating job merge_all_kmers.
Updating job merge_all_kmers.
Updating job merge_all_kmers.
Updating job merge_all_kmers.
Updating job merge_all_kmers.
Updating job merge_all_kmers.
Updating job merge_all_kmers.
Updating job merge_all_kmers.
Using shell: /bin/bash
Provided cores: 12
Rules claiming more threads will be scaled down.
Conda environments: ignored
Job counts:
	count	jobs
	1	all
	1	dimer_ntthal
	2
Select jobs to execute...

[Tue Mar  9 15:50:52 2021]
rule dimer_ntthal:
    input: /datater/wu/data/zika/primer3_ntthal/allOligo_hairpin
    output: /datater/wu/datazika/ptrimer3_ntthal/allOligo_hairpin_dimer
    jobid: 272
    wildcards: sample=zika

[Tue Mar  9 15:50:53 2021]
Finished job 272.
1 of 2 steps (50%) done
Select jobs to execute...

[Tue Mar  9 15:50:53 2021]
localrule all:
    input: /datater/wu/data/duplicate_removed/zika.uniq, /datater/wu/data/msa/zika.msa, /datater/wu/data/zika/split_forward/position_2510-3011.fasta, /datater/wu/data/zika/split_forward/position_753-1254.fasta, /datater/wu/data/zika/split_forward/position_3765-4266.fasta, /datater/wu/data/zika/split_forward/position_5522-6023.fasta, /datater/wu/data/zika/split_forward/position_10291-10792.fasta, /datater/wu/data/zika/split_forward/position_6275-6776.fasta, /datater/wu/data/zika/split_forward/position_1506-2007.fasta, /datater/wu/data/zika/split_forward/position_2008-2509.fasta, /datater/wu/data/zika/split_forward/position_10040-10541.fasta, /datater/wu/data/zika/split_forward/position_4518-5019.fasta, /datater/wu/data/zika/split_forward/position_502-1003.fasta, /datater/wu/data/zika/split_forward/position_9789-10290.fasta, /datater/wu/data/zika/split_forward/position_7530-8031.fasta, /datater/wu/data/zika/split_forward/position_7028-7529.fasta, /datater/wu/data/zika/split_forward/position_1255-1756.fasta, /datater/wu/data/zika/split_forward/position_5271-5772.fasta, /datater/wu/data/zika/split_forward/position_4016-4517.fasta, /datater/wu/data/zika/split_forward/position_4769-5270.fasta, /datater/wu/data/zika/split_forward/position_8283-8784.fasta, /datater/wu/data/zika/split_forward/position_3012-3513.fasta, /datater/wu/data/zika/split_forward/position_8534-9035.fasta, /datater/wu/data/zika/split_forward/position_0-501.fasta, /datater/wu/data/zika/split_forward/position_8032-8533.fasta, /datater/wu/data/zika/split_forward/position_251-752.fasta, /datater/wu/data/zika/split_forward/position_7781-8282.fasta, /datater/wu/data/zika/split_forward/position_4267-4768.fasta, /datater/wu/data/zika/split_forward/position_8785-9286.fasta, /datater/wu/data/zika/split_forward/position_2259-2760.fasta, /datater/wu/data/zika/split_forward/position_1004-1505.fasta, /datater/wu/data/zika/split_forward/position_5773-6274.fasta, /datater/wu/data/zika/split_forward/position_6526-7027.fasta, /datater/wu/data/zika/split_forward/position_1757-2258.fasta, /datater/wu/data/zika/split_forward/position_7279-7780.fasta, /datater/wu/data/zika/split_forward/position_3263-3764.fasta, /datater/wu/data/zika/split_forward/position_3514-4015.fasta, /datater/wu/data/zika/split_forward/position_5020-5521.fasta, /datater/wu/data/zika/split_forward/position_10542-10780.fasta, /datater/wu/data/zika/split_forward/position_2761-3262.fasta, /datater/wu/data/zika/split_forward/position_6777-7278.fasta, /datater/wu/data/zika/split_forward/position_6024-6525.fasta, /datater/wu/data/zika/split_forward/position_9538-10039.fasta, /datater/wu/data/zika/split_forward/position_9287-9788.fasta, /datater/wu/data/zika/split_forward/position_9036-9537.fasta, /datater/wu/data/zika/dsk/forward_2510-3011.h5, /datater/wu/data/zika/dsk/forward_753-1254.h5, /datater/wu/data/zika/dsk/forward_3765-4266.h5, /datater/wu/data/zika/dsk/forward_5522-6023.h5, /datater/wu/data/zika/dsk/forward_10291-10792.h5, /datater/wu/data/zika/dsk/forward_6275-6776.h5, /datater/wu/data/zika/dsk/forward_1506-2007.h5, /datater/wu/data/zika/dsk/forward_2008-2509.h5, /datater/wu/data/zika/dsk/forward_10040-10541.h5, /datater/wu/data/zika/dsk/forward_4518-5019.h5, /datater/wu/data/zika/dsk/forward_502-1003.h5, /datater/wu/data/zika/dsk/forward_9789-10290.h5, /datater/wu/data/zika/dsk/forward_7530-8031.h5, /datater/wu/data/zika/dsk/forward_7028-7529.h5, /datater/wu/data/zika/dsk/forward_1255-1756.h5, /datater/wu/data/zika/dsk/forward_5271-5772.h5, /datater/wu/data/zika/dsk/forward_4016-4517.h5, /datater/wu/data/zika/dsk/forward_4769-5270.h5, /datater/wu/data/zika/dsk/forward_8283-8784.h5, /datater/wu/data/zika/dsk/forward_3012-3513.h5, /datater/wu/data/zika/dsk/forward_8534-9035.h5, /datater/wu/data/zika/dsk/forward_0-501.h5, /datater/wu/data/zika/dsk/forward_8032-8533.h5, /datater/wu/data/zika/dsk/forward_251-752.h5, /datater/wu/data/zika/dsk/forward_7781-8282.h5, /datater/wu/data/zika/dsk/forward_4267-4768.h5, /datater/wu/data/zika/dsk/forward_8785-9286.h5, /datater/wu/data/zika/dsk/forward_2259-2760.h5, /datater/wu/data/zika/dsk/forward_1004-1505.h5, /datater/wu/data/zika/dsk/forward_5773-6274.h5, /datater/wu/data/zika/dsk/forward_6526-7027.h5, /datater/wu/data/zika/dsk/forward_1757-2258.h5, /datater/wu/data/zika/dsk/forward_7279-7780.h5, /datater/wu/data/zika/dsk/forward_3263-3764.h5, /datater/wu/data/zika/dsk/forward_3514-4015.h5, /datater/wu/data/zika/dsk/forward_5020-5521.h5, /datater/wu/data/zika/dsk/forward_10542-10780.h5, /datater/wu/data/zika/dsk/forward_2761-3262.h5, /datater/wu/data/zika/dsk/forward_6777-7278.h5, /datater/wu/data/zika/dsk/forward_6024-6525.h5, /datater/wu/data/zika/dsk/forward_9538-10039.h5, /datater/wu/data/zika/dsk/forward_9287-9788.h5, /datater/wu/data/zika/dsk/forward_9036-9537.h5, /datater/wu/data/zika/dsk/forward_2510-3011.kCount, /datater/wu/data/zika/dsk/forward_753-1254.kCount, /datater/wu/data/zika/dsk/forward_3765-4266.kCount, /datater/wu/data/zika/dsk/forward_5522-6023.kCount, /datater/wu/data/zika/dsk/forward_10291-10792.kCount, /datater/wu/data/zika/dsk/forward_6275-6776.kCount, /datater/wu/data/zika/dsk/forward_1506-2007.kCount, /datater/wu/data/zika/dsk/forward_2008-2509.kCount, /datater/wu/data/zika/dsk/forward_10040-10541.kCount, /datater/wu/data/zika/dsk/forward_4518-5019.kCount, /datater/wu/data/zika/dsk/forward_502-1003.kCount, /datater/wu/data/zika/dsk/forward_9789-10290.kCount, /datater/wu/data/zika/dsk/forward_7530-8031.kCount, /datater/wu/data/zika/dsk/forward_7028-7529.kCount, /datater/wu/data/zika/dsk/forward_1255-1756.kCount, /datater/wu/data/zika/dsk/forward_5271-5772.kCount, /datater/wu/data/zika/dsk/forward_4016-4517.kCount, /datater/wu/data/zika/dsk/forward_4769-5270.kCount, /datater/wu/data/zika/dsk/forward_8283-8784.kCount, /datater/wu/data/zika/dsk/forward_3012-3513.kCount, /datater/wu/data/zika/dsk/forward_8534-9035.kCount, /datater/wu/data/zika/dsk/forward_0-501.kCount, /datater/wu/data/zika/dsk/forward_8032-8533.kCount, /datater/wu/data/zika/dsk/forward_251-752.kCount, /datater/wu/data/zika/dsk/forward_7781-8282.kCount, /datater/wu/data/zika/dsk/forward_4267-4768.kCount, /datater/wu/data/zika/dsk/forward_8785-9286.kCount, /datater/wu/data/zika/dsk/forward_2259-2760.kCount, /datater/wu/data/zika/dsk/forward_1004-1505.kCount, /datater/wu/data/zika/dsk/forward_5773-6274.kCount, /datater/wu/data/zika/dsk/forward_6526-7027.kCount, /datater/wu/data/zika/dsk/forward_1757-2258.kCount, /datater/wu/data/zika/dsk/forward_7279-7780.kCount, /datater/wu/data/zika/dsk/forward_3263-3764.kCount, /datater/wu/data/zika/dsk/forward_3514-4015.kCount, /datater/wu/data/zika/dsk/forward_5020-5521.kCount, /datater/wu/data/zika/dsk/forward_10542-10780.kCount, /datater/wu/data/zika/dsk/forward_2761-3262.kCount, /datater/wu/data/zika/dsk/forward_6777-7278.kCount, /datater/wu/data/zika/dsk/forward_6024-6525.kCount, /datater/wu/data/zika/dsk/forward_9538-10039.kCount, /datater/wu/data/zika/dsk/forward_9287-9788.kCount, /datater/wu/data/zika/dsk/forward_9036-9537.kCount, /datater/wu/data/zika/dsk/forward_2510-3011.kCountSorted, /datater/wu/data/zika/dsk/forward_753-1254.kCountSorted, /datater/wu/data/zika/dsk/forward_3765-4266.kCountSorted, /datater/wu/data/zika/dsk/forward_5522-6023.kCountSorted, /datater/wu/data/zika/dsk/forward_10291-10792.kCountSorted, /datater/wu/data/zika/dsk/forward_6275-6776.kCountSorted, /datater/wu/data/zika/dsk/forward_1506-2007.kCountSorted, /datater/wu/data/zika/dsk/forward_2008-2509.kCountSorted, /datater/wu/data/zika/dsk/forward_10040-10541.kCountSorted, /datater/wu/data/zika/dsk/forward_4518-5019.kCountSorted, /datater/wu/data/zika/dsk/forward_502-1003.kCountSorted, /datater/wu/data/zika/dsk/forward_9789-10290.kCountSorted, /datater/wu/data/zika/dsk/forward_7530-8031.kCountSorted, /datater/wu/data/zika/dsk/forward_7028-7529.kCountSorted, /datater/wu/data/zika/dsk/forward_1255-1756.kCountSorted, /datater/wu/data/zika/dsk/forward_5271-5772.kCountSorted, /datater/wu/data/zika/dsk/forward_4016-4517.kCountSorted, /datater/wu/data/zika/dsk/forward_4769-5270.kCountSorted, /datater/wu/data/zika/dsk/forward_8283-8784.kCountSorted, /datater/wu/data/zika/dsk/forward_3012-3513.kCountSorted, /datater/wu/data/zika/dsk/forward_8534-9035.kCountSorted, /datater/wu/data/zika/dsk/forward_0-501.kCountSorted, /datater/wu/data/zika/dsk/forward_8032-8533.kCountSorted, /datater/wu/data/zika/dsk/forward_251-752.kCountSorted, /datater/wu/data/zika/dsk/forward_7781-8282.kCountSorted, /datater/wu/data/zika/dsk/forward_4267-4768.kCountSorted, /datater/wu/data/zika/dsk/forward_8785-9286.kCountSorted, /datater/wu/data/zika/dsk/forward_2259-2760.kCountSorted, /datater/wu/data/zika/dsk/forward_1004-1505.kCountSorted, /datater/wu/data/zika/dsk/forward_5773-6274.kCountSorted, /datater/wu/data/zika/dsk/forward_6526-7027.kCountSorted, /datater/wu/data/zika/dsk/forward_1757-2258.kCountSorted, /datater/wu/data/zika/dsk/forward_7279-7780.kCountSorted, /datater/wu/data/zika/dsk/forward_3263-3764.kCountSorted, /datater/wu/data/zika/dsk/forward_3514-4015.kCountSorted, /datater/wu/data/zika/dsk/forward_5020-5521.kCountSorted, /datater/wu/data/zika/dsk/forward_10542-10780.kCountSorted, /datater/wu/data/zika/dsk/forward_2761-3262.kCountSorted, /datater/wu/data/zika/dsk/forward_6777-7278.kCountSorted, /datater/wu/data/zika/dsk/forward_6024-6525.kCountSorted, /datater/wu/data/zika/dsk/forward_9538-10039.kCountSorted, /datater/wu/data/zika/dsk/forward_9287-9788.kCountSorted, /datater/wu/data/zika/dsk/forward_9036-9537.kCountSorted, /datater/wu/data/zika/primer3_Tm/forward_2510-3011.Tm, /datater/wu/data/zika/primer3_Tm/forward_753-1254.Tm, /datater/wu/data/zika/primer3_Tm/forward_3765-4266.Tm, /datater/wu/data/zika/primer3_Tm/forward_5522-6023.Tm, /datater/wu/data/zika/primer3_Tm/forward_10291-10792.Tm, /datater/wu/data/zika/primer3_Tm/forward_6275-6776.Tm, /datater/wu/data/zika/primer3_Tm/forward_1506-2007.Tm, /datater/wu/data/zika/primer3_Tm/forward_2008-2509.Tm, /datater/wu/data/zika/primer3_Tm/forward_10040-10541.Tm, /datater/wu/data/zika/primer3_Tm/forward_4518-5019.Tm, /datater/wu/data/zika/primer3_Tm/forward_502-1003.Tm, /datater/wu/data/zika/primer3_Tm/forward_9789-10290.Tm, /datater/wu/data/zika/primer3_Tm/forward_7530-8031.Tm, /datater/wu/data/zika/primer3_Tm/forward_7028-7529.Tm, /datater/wu/data/zika/primer3_Tm/forward_1255-1756.Tm, /datater/wu/data/zika/primer3_Tm/forward_5271-5772.Tm, /datater/wu/data/zika/primer3_Tm/forward_4016-4517.Tm, /datater/wu/data/zika/primer3_Tm/forward_4769-5270.Tm, /datater/wu/data/zika/primer3_Tm/forward_8283-8784.Tm, /datater/wu/data/zika/primer3_Tm/forward_3012-3513.Tm, /datater/wu/data/zika/primer3_Tm/forward_8534-9035.Tm, /datater/wu/data/zika/primer3_Tm/forward_0-501.Tm, /datater/wu/data/zika/primer3_Tm/forward_8032-8533.Tm, /datater/wu/data/zika/primer3_Tm/forward_251-752.Tm, /datater/wu/data/zika/primer3_Tm/forward_7781-8282.Tm, /datater/wu/data/zika/primer3_Tm/forward_4267-4768.Tm, /datater/wu/data/zika/primer3_Tm/forward_8785-9286.Tm, /datater/wu/data/zika/primer3_Tm/forward_2259-2760.Tm, /datater/wu/data/zika/primer3_Tm/forward_1004-1505.Tm, /datater/wu/data/zika/primer3_Tm/forward_5773-6274.Tm, /datater/wu/data/zika/primer3_Tm/forward_6526-7027.Tm, /datater/wu/data/zika/primer3_Tm/forward_1757-2258.Tm, /datater/wu/data/zika/primer3_Tm/forward_7279-7780.Tm, /datater/wu/data/zika/primer3_Tm/forward_3263-3764.Tm, /datater/wu/data/zika/primer3_Tm/forward_3514-4015.Tm, /datater/wu/data/zika/primer3_Tm/forward_5020-5521.Tm, /datater/wu/data/zika/primer3_Tm/forward_10542-10780.Tm, /datater/wu/data/zika/primer3_Tm/forward_2761-3262.Tm, /datater/wu/data/zika/primer3_Tm/forward_6777-7278.Tm, /datater/wu/data/zika/primer3_Tm/forward_6024-6525.Tm, /datater/wu/data/zika/primer3_Tm/forward_9538-10039.Tm, /datater/wu/data/zika/primer3_Tm/forward_9287-9788.Tm, /datater/wu/data/zika/primer3_Tm/forward_9036-9537.Tm, /datater/wu/data/zika/primer3_Tm/forward_2510-3011.TmFilterered, /datater/wu/data/zika/primer3_Tm/forward_753-1254.TmFilterered, /datater/wu/data/zika/primer3_Tm/forward_3765-4266.TmFilterered, /datater/wu/data/zika/primer3_Tm/forward_5522-6023.TmFilterered, /datater/wu/data/zika/primer3_Tm/forward_10291-10792.TmFilterered, /datater/wu/data/zika/primer3_Tm/forward_6275-6776.TmFilterered, /datater/wu/data/zika/primer3_Tm/forward_1506-2007.TmFilterered, /datater/wu/data/zika/primer3_Tm/forward_2008-2509.TmFilterered, /datater/wu/data/zika/primer3_Tm/forward_10040-10541.TmFilterered, /datater/wu/data/zika/primer3_Tm/forward_4518-5019.TmFilterered, /datater/wu/data/zika/primer3_Tm/forward_502-1003.TmFilterered, /datater/wu/data/zika/primer3_Tm/forward_9789-10290.TmFilterered, /datater/wu/data/zika/primer3_Tm/forward_7530-8031.TmFilterered, /datater/wu/data/zika/primer3_Tm/forward_7028-7529.TmFilterered, /datater/wu/data/zika/primer3_Tm/forward_1255-1756.TmFilterered, /datater/wu/data/zika/primer3_Tm/forward_5271-5772.TmFilterered, /datater/wu/data/zika/primer3_Tm/forward_4016-4517.TmFilterered, /datater/wu/data/zika/primer3_Tm/forward_4769-5270.TmFilterered, /datater/wu/data/zika/primer3_Tm/forward_8283-8784.TmFilterered, /datater/wu/data/zika/primer3_Tm/forward_3012-3513.TmFilterered, /datater/wu/data/zika/primer3_Tm/forward_8534-9035.TmFilterered, /datater/wu/data/zika/primer3_Tm/forward_0-501.TmFilterered, /datater/wu/data/zika/primer3_Tm/forward_8032-8533.TmFilterered, /datater/wu/data/zika/primer3_Tm/forward_251-752.TmFilterered, /datater/wu/data/zika/primer3_Tm/forward_7781-8282.TmFilterered, /datater/wu/data/zika/primer3_Tm/forward_4267-4768.TmFilterered, /datater/wu/data/zika/primer3_Tm/forward_8785-9286.TmFilterered, /datater/wu/data/zika/primer3_Tm/forward_2259-2760.TmFilterered, /datater/wu/data/zika/primer3_Tm/forward_1004-1505.TmFilterered, /datater/wu/data/zika/primer3_Tm/forward_5773-6274.TmFilterered, /datater/wu/data/zika/primer3_Tm/forward_6526-7027.TmFilterered, /datater/wu/data/zika/primer3_Tm/forward_1757-2258.TmFilterered, /datater/wu/data/zika/primer3_Tm/forward_7279-7780.TmFilterered, /datater/wu/data/zika/primer3_Tm/forward_3263-3764.TmFilterered, /datater/wu/data/zika/primer3_Tm/forward_3514-4015.TmFilterered, /datater/wu/data/zika/primer3_Tm/forward_5020-5521.TmFilterered, /datater/wu/data/zika/primer3_Tm/forward_10542-10780.TmFilterered, /datater/wu/data/zika/primer3_Tm/forward_2761-3262.TmFilterered, /datater/wu/data/zika/primer3_Tm/forward_6777-7278.TmFilterered, /datater/wu/data/zika/primer3_Tm/forward_6024-6525.TmFilterered, /datater/wu/data/zika/primer3_Tm/forward_9538-10039.TmFilterered, /datater/wu/data/zika/primer3_Tm/forward_9287-9788.TmFilterered, /datater/wu/data/zika/primer3_Tm/forward_9036-9537.TmFilterered, /datater/wu/data/zika/primer3_Tm/all_oligo, /datater/wu/data/zika/primer3_Tm/all_oligo.fasta, /datater/wu/data/zika/MFEprimer/all_oligo_hairpin, /datater/wu/data/zika/MFEprimer/all_oligo_hairpin_dimer, /datater/wu/data/zika/primer3_ntthal/allOligo_hairpin, /datater/wu/datazika/ptrimer3_ntthal/allOligo_hairpin_dimer
    jobid: 0

[Tue Mar  9 15:50:53 2021]
Finished job 0.
2 of 2 steps (100%) done
Complete log: /datater/wu/stage_m2/.snakemake/log/2021-03-09T155049.957014.snakemake.log
