Building DAG of jobs...
Updating job filtering2.
Updating job filtering2.
Using shell: /bin/bash
Provided cores: 12
Rules claiming more threads will be scaled down.
Conda environments: ignored
Job counts:
	count	jobs
	1	all
	2	oligoCount
	3
Select jobs to execute...

[Mon Apr 26 18:35:45 2021]
rule oligoCount:
    input: /datater/wu/data/MSSPE-basic/enterovirus/kmer15/allKmercount.sorted.calculated.txt, /datater/wu/data/MSSPE-basic/enterovirus/kmer15/allKmerCount.sorted.calculated.filtered.txt, /datater/wu/data/MSSPE-basic/enterovirus/kmer15/allKmerCount.sorted.calculated.filtered.spec.txt, /datater/wu/data/MSSPE-basic/enterovirus/kmer15/allOligo.set
    output: /datater/wu/data/MSSPE-basic/enterovirus/kmer15/evaluation/allOligo_before.tsv, /datater/wu/data/MSSPE-basic/enterovirus/kmer15/evaluation/allOligo_after1.tsv, /datater/wu/data/MSSPE-basic/enterovirus/kmer15/evaluation/allOligo_after2.tsv, /datater/wu/data/MSSPE-basic/enterovirus/kmer15/evaluation/allOligo_after3.tsv
    jobid: 24
    wildcards: sample=enterovirus

[Mon Apr 26 18:35:45 2021]
rule oligoCount:
    input: /datater/wu/data/MSSPE-basic/zika/kmer15/allKmercount.sorted.calculated.txt, /datater/wu/data/MSSPE-basic/zika/kmer15/allKmerCount.sorted.calculated.filtered.txt, /datater/wu/data/MSSPE-basic/zika/kmer15/allKmerCount.sorted.calculated.filtered.spec.txt, /datater/wu/data/MSSPE-basic/zika/kmer15/allOligo.set
    output: /datater/wu/data/MSSPE-basic/zika/kmer15/evaluation/allOligo_before.tsv, /datater/wu/data/MSSPE-basic/zika/kmer15/evaluation/allOligo_after1.tsv, /datater/wu/data/MSSPE-basic/zika/kmer15/evaluation/allOligo_after2.tsv, /datater/wu/data/MSSPE-basic/zika/kmer15/evaluation/allOligo_after3.tsv
    jobid: 25
    wildcards: sample=zika

Shutting down, this might take some time.
Exiting because a job execution failed. Look above for error message
Complete log: /datater/wu/MSSPE/.snakemake/log/2021-04-26T183545.315092.snakemake.log
