Building DAG of jobs...
Using shell: /bin/bash
Provided cores: 1 (use --cores to define parallelism)
Rules claiming more threads will be scaled down.
Conda environments: ignored
Job counts:
	count	jobs
	1	all
	1	split_overlap_chunks
	2
Select jobs to execute...

[Sun Feb 28 21:29:17 2021]
rule split_overlap_chunks:
    input: /home/wu/Documents/data/msa/enterovirus.msa.fasta
    output: /home/wu/Documents/data/splitFiles/enterovirus.split.fasta
    jobid: 3
    wildcards: sample=enterovirus

[Sun Feb 28 21:29:27 2021]
Finished job 3.
1 of 2 steps (50%) done
Select jobs to execute...

[Sun Feb 28 21:29:27 2021]
localrule all:
    input: /home/wu/Documents/data/duplicate_removed/enterovirus.uniq.fasta, /home/wu/Documents/data/msa/enterovirus.msa.fasta, /home/wu/Documents/data/splitFiles/enterovirus.split.fasta
    jobid: 0

[Sun Feb 28 21:29:27 2021]
Finished job 0.
2 of 2 steps (100%) done
Complete log: /home/wu/Documents/stage_m2/.snakemake/log/2021-02-28T212917.638018.snakemake.log
