Building DAG of jobs...
MissingInputException in line 44 of /datater/wu/stage_m2/Snakefile:
Missing input files for rule all:
/datater/wu/data/kmerCounting/dsk/enterovirus.forward.1020-1525.sort
/datater/wu/data/kmerCounting/dsk/enterovirus.forward.7395-7900.sort
/datater/wu/data/kmerCounting/dsk/enterovirus.reverse.1020-1525.sort
/datater/wu/data/kmerCounting/dsk/enterovirus.reverse.9180-9398.sort
/datater/wu/data/kmerCounting/dsk/enterovirus.reverse.2295-2800.sort
/datater/wu/data/kmerCounting/dsk/enterovirus.forward.9180-9398.sort
/datater/wu/data/kmerCounting/dsk/enterovirus.reverse.4335-4840.sort
/datater/wu/data/kmerCounting/dsk/enterovirus.forward.4590-5095.sort
/datater/wu/data/kmerCounting/dsk/enterovirus.forward.2040-2545.sort
/datater/wu/data/kmerCounting/dsk/enterovirus.forward.6375-6880.sort
/datater/wu/data/kmerCounting/dsk/enterovirus.forward.2550-3055.sort
/datater/wu/data/kmerCounting/dsk/enterovirus.reverse.2550-3055.sort
/datater/wu/data/kmerCounting/dsk/enterovirus.reverse.2805-3310.sort
/datater/wu/data/kmerCounting/dsk/enterovirus.forward.6120-6625.sort
/datater/wu/data/kmerCounting/dsk/enterovirus.forward.8415-8920.sort
/datater/wu/data/kmerCounting/dsk/enterovirus.reverse.1275-1780.sort
/datater/wu/data/kmerCounting/dsk/enterovirus.forward.4335-4840.sort
/datater/wu/data/kmerCounting/dsk/enterovirus.forward.5865-6370.sort
/datater/wu/data/kmerCounting/dsk/enterovirus.reverse.3570-4075.sort
/datater/wu/data/kmerCounting/dsk/enterovirus.reverse.8415-8920.sort
/datater/wu/data/kmerCounting/dsk/enterovirus.forward.3825-4330.sort
/datater/wu/data/kmerCounting/dsk/enterovirus.reverse.3825-4330.sort
/datater/wu/data/kmerCounting/dsk/enterovirus.forward.8160-8665.sort
/datater/wu/data/kmerCounting/dsk/enterovirus.reverse.5355-5860.sort
/datater/wu/data/kmerCounting/dsk/enterovirus.forward.3060-3565.sort
/datater/wu/data/kmerCounting/dsk/enterovirus.reverse.0-505.sort
/datater/wu/data/kmerCounting/dsk/enterovirus.reverse.8670-9175.sort
/datater/wu/data/kmerCounting/dsk/enterovirus.forward.6630-7135.sort
/datater/wu/data/kmerCounting/dsk/enterovirus.reverse.6375-6880.sort
/datater/wu/data/kmerCounting/dsk/enterovirus.reverse.5610-6115.sort
/datater/wu/data/kmerCounting/dsk/enterovirus.reverse.6120-6625.sort
/datater/wu/data/kmerCounting/dsk/enterovirus.forward.510-1015.sort
/datater/wu/data/kmerCounting/dsk/enterovirus.forward.5100-5605.sort
/datater/wu/data/kmerCounting/dsk/enterovirus.reverse.4590-5095.sort
/datater/wu/data/kmerCounting/dsk/enterovirus.forward.7905-8410.sort
/datater/wu/data/kmerCounting/dsk/enterovirus.reverse.7650-8155.sort
/datater/wu/data/kmerCounting/dsk/enterovirus.reverse.4845-5350.sort
/datater/wu/data/kmerCounting/dsk/enterovirus.forward.4080-4585.sort
/datater/wu/data/kmerCounting/dsk/enterovirus.forward.1530-2035.sort
/datater/wu/data/kmerCounting/dsk/enterovirus.forward.7650-8155.sort
/datater/wu/data/kmerCounting/dsk/enterovirus.reverse.3060-3565.sort
/datater/wu/data/kmerCounting/dsk/enterovirus.reverse.5100-5605.sort
/datater/wu/data/kmerCounting/dsk/enterovirus.forward.0-505.sort
/datater/wu/data/kmerCounting/dsk/enterovirus.forward.1275-1780.sort
/datater/wu/data/kmerCounting/dsk/enterovirus.reverse.6885-7390.sort
/datater/wu/data/kmerCounting/dsk/enterovirus.forward.6885-7390.sort
/datater/wu/data/kmerCounting/dsk/enterovirus.forward.765-1270.sort
/datater/wu/data/kmerCounting/dsk/enterovirus.reverse.255-760.sort
/datater/wu/data/kmerCounting/dsk/enterovirus.reverse.7395-7900.sort
/datater/wu/data/kmerCounting/dsk/enterovirus.forward.4845-5350.sort
/datater/wu/data/kmerCounting/dsk/enterovirus.reverse.510-1015.sort
/datater/wu/data/kmerCounting/dsk/enterovirus.forward.3570-4075.sort
/datater/wu/data/kmerCounting/dsk/enterovirus.forward.7140-7645.sort
/datater/wu/data/kmerCounting/dsk/enterovirus.reverse.5865-6370.sort
/datater/wu/data/kmerCounting/dsk/enterovirus.forward.2295-2800.sort
/datater/wu/data/kmerCounting/dsk/enterovirus.forward.8925-9430.sort
/datater/wu/data/kmerCounting/dsk/enterovirus.reverse.765-1270.sort
/datater/wu/data/kmerCounting/dsk/enterovirus.reverse.8160-8665.sort
/datater/wu/data/kmerCounting/dsk/enterovirus.reverse.1530-2035.sort
/datater/wu/data/kmerCounting/dsk/enterovirus.forward.5355-5860.sort
/datater/wu/data/kmerCounting/dsk/enterovirus.reverse.3315-3820.sort
/datater/wu/data/kmerCounting/dsk/enterovirus.forward.8670-9175.sort
/datater/wu/data/kmerCounting/dsk/enterovirus.reverse.7905-8410.sort
/datater/wu/data/kmerCounting/dsk/enterovirus.reverse.1785-2290.sort
/datater/wu/data/kmerCounting/dsk/enterovirus.forward.3315-3820.sort
/datater/wu/data/kmerCounting/dsk/enterovirus.reverse.7140-7645.sort
/datater/wu/data/kmerCounting/dsk/enterovirus.reverse.8925-9430.sort
/datater/wu/data/kmerCounting/dsk/enterovirus.forward.5610-6115.sort
/datater/wu/data/kmerCounting/dsk/enterovirus.forward.2805-3310.sort
/datater/wu/data/kmerCounting/dsk/enterovirus.forward.1785-2290.sort
/datater/wu/data/kmerCounting/dsk/enterovirus.reverse.4080-4585.sort
/datater/wu/data/kmerCounting/dsk/enterovirus.reverse.6630-7135.sort
/datater/wu/data/kmerCounting/dsk/enterovirus.reverse.2040-2545.sort
/datater/wu/data/kmerCounting/dsk/enterovirus.forward.255-760.sort
