Building DAG of jobs...
Using shell: /bin/bash
Provided cores: 12
Rules claiming more threads will be scaled down.
Conda environments: ignored
Job counts:
	count	jobs
	1	all
	74	kmcOutput
	75
Select jobs to execute...

[Tue Mar  2 11:11:12 2021]
rule kmcOutput:
    input: /datater/wu/data/kmerCounting/enterovirus.forward.8160-8665.kmc_pre, /datater/wu/data/kmerCounting/enterovirus.forward.8160-8665.kmc_suf
    output: /datater/wu/data/kmerCounting/enterovirus.forward.8160-8665.txt
    jobid: 162
    wildcards: prefix=enterovirus.forward.8160-8665


[Tue Mar  2 11:11:12 2021]
rule kmcOutput:
    input: /datater/wu/data/kmerCounting/enterovirus.forward.5610-6115.kmc_pre, /datater/wu/data/kmerCounting/enterovirus.forward.5610-6115.kmc_suf
    output: /datater/wu/data/kmerCounting/enterovirus.forward.5610-6115.txt
    jobid: 169
    wildcards: prefix=enterovirus.forward.5610-6115

Waiting at most 5 seconds for missing files.

[Tue Mar  2 11:11:12 2021]
rule kmcOutput:
    input: /datater/wu/data/kmerCounting/enterovirus.reverse.2040-2545.kmc_pre, /datater/wu/data/kmerCounting/enterovirus.reverse.2040-2545.kmc_suf
    output: /datater/wu/data/kmerCounting/enterovirus.reverse.2040-2545.txt
    jobid: 183
    wildcards: prefix=enterovirus.reverse.2040-2545


[Tue Mar  2 11:11:12 2021]
rule kmcOutput:
    input: /datater/wu/data/kmerCounting/enterovirus.reverse.5610-6115.kmc_pre, /datater/wu/data/kmerCounting/enterovirus.reverse.5610-6115.kmc_suf
    output: /datater/wu/data/kmerCounting/enterovirus.reverse.5610-6115.txt
    jobid: 139
    wildcards: prefix=enterovirus.reverse.5610-6115


[Tue Mar  2 11:11:12 2021]
rule kmcOutput:
    input: /datater/wu/data/kmerCounting/enterovirus.forward.0-505.kmc_pre, /datater/wu/data/kmerCounting/enterovirus.forward.0-505.kmc_suf
    output: /datater/wu/data/kmerCounting/enterovirus.forward.0-505.txt
    jobid: 124
    wildcards: prefix=enterovirus.forward.0-505


[Tue Mar  2 11:11:12 2021]
rule kmcOutput:
    input: /datater/wu/data/kmerCounting/enterovirus.forward.8670-9175.kmc_pre, /datater/wu/data/kmerCounting/enterovirus.forward.8670-9175.kmc_suf
    output: /datater/wu/data/kmerCounting/enterovirus.forward.8670-9175.txt
    jobid: 131
    wildcards: prefix=enterovirus.forward.8670-9175


[Tue Mar  2 11:11:12 2021]
rule kmcOutput:
    input: /datater/wu/data/kmerCounting/enterovirus.reverse.2295-2800.kmc_pre, /datater/wu/data/kmerCounting/enterovirus.reverse.2295-2800.kmc_suf
    output: /datater/wu/data/kmerCounting/enterovirus.reverse.2295-2800.txt
    jobid: 145
    wildcards: prefix=enterovirus.reverse.2295-2800


[Tue Mar  2 11:11:12 2021]
rule kmcOutput:
    input: /datater/wu/data/kmerCounting/enterovirus.forward.6120-6625.kmc_pre, /datater/wu/data/kmerCounting/enterovirus.forward.6120-6625.kmc_suf
    output: /datater/wu/data/kmerCounting/enterovirus.forward.6120-6625.txt
    jobid: 153
    wildcards: prefix=enterovirus.forward.6120-6625


[Tue Mar  2 11:11:12 2021]
rule kmcOutput:
    input: /datater/wu/data/kmerCounting/enterovirus.forward.1530-2035.kmc_pre, /datater/wu/data/kmerCounting/enterovirus.forward.1530-2035.kmc_suf
    output: /datater/wu/data/kmerCounting/enterovirus.forward.1530-2035.txt
    jobid: 159
    wildcards: prefix=enterovirus.forward.1530-2035


[Tue Mar  2 11:11:12 2021]
rule kmcOutput:
    input: /datater/wu/data/kmerCounting/enterovirus.reverse.4590-5095.kmc_pre, /datater/wu/data/kmerCounting/enterovirus.reverse.4590-5095.kmc_suf
    output: /datater/wu/data/kmerCounting/enterovirus.reverse.4590-5095.txt
    jobid: 167
    wildcards: prefix=enterovirus.reverse.4590-5095


[Tue Mar  2 11:11:12 2021]
rule kmcOutput:
    input: /datater/wu/data/kmerCounting/enterovirus.forward.7905-8410.kmc_pre, /datater/wu/data/kmerCounting/enterovirus.forward.7905-8410.kmc_suf
    output: /datater/wu/data/kmerCounting/enterovirus.forward.7905-8410.txt
    jobid: 174
    wildcards: prefix=enterovirus.forward.7905-8410


[Tue Mar  2 11:11:12 2021]
rule kmcOutput:
    input: /datater/wu/data/kmerCounting/enterovirus.forward.4845-5350.kmc_pre, /datater/wu/data/kmerCounting/enterovirus.forward.4845-5350.kmc_suf
    output: /datater/wu/data/kmerCounting/enterovirus.forward.4845-5350.txt
    jobid: 182
    wildcards: prefix=enterovirus.forward.4845-5350

MissingOutputException in line 248 of /datater/wu/stage_m2/Snakefile:
Job Missing files after 5 seconds:
/datater/wu/data/kmerCounting/enterovirus.forward.8160-8665.txt
This might be due to filesystem latency. If that is the case, consider to increase the wait time with --latency-wait.
Job id: 162 completed successfully, but some output files are missing. 162
  File "/datater/wu/miniconda3/envs/snakemake/lib/python3.9/site-packages/snakemake/executors/__init__.py", line 583, in handle_job_success
  File "/datater/wu/miniconda3/envs/snakemake/lib/python3.9/site-packages/snakemake/executors/__init__.py", line 252, in handle_job_success
Waiting at most 5 seconds for missing files.
MissingOutputException in line 248 of /datater/wu/stage_m2/Snakefile:
Job Missing files after 5 seconds:
/datater/wu/data/kmerCounting/enterovirus.forward.5610-6115.txt
This might be due to filesystem latency. If that is the case, consider to increase the wait time with --latency-wait.
Job id: 169 completed successfully, but some output files are missing. 169
  File "/datater/wu/miniconda3/envs/snakemake/lib/python3.9/site-packages/snakemake/executors/__init__.py", line 583, in handle_job_success
  File "/datater/wu/miniconda3/envs/snakemake/lib/python3.9/site-packages/snakemake/executors/__init__.py", line 252, in handle_job_success
Waiting at most 5 seconds for missing files.
MissingOutputException in line 248 of /datater/wu/stage_m2/Snakefile:
Job Missing files after 5 seconds:
/datater/wu/data/kmerCounting/enterovirus.reverse.2040-2545.txt
This might be due to filesystem latency. If that is the case, consider to increase the wait time with --latency-wait.
Job id: 183 completed successfully, but some output files are missing. 183
  File "/datater/wu/miniconda3/envs/snakemake/lib/python3.9/site-packages/snakemake/executors/__init__.py", line 583, in handle_job_success
  File "/datater/wu/miniconda3/envs/snakemake/lib/python3.9/site-packages/snakemake/executors/__init__.py", line 252, in handle_job_success
Waiting at most 5 seconds for missing files.
Terminating processes on user request, this might take some time.
Cancelling snakemake on user request.
