Building DAG of jobs...
Using shell: /bin/bash
Provided cores: 12
Rules claiming more threads will be scaled down.
Conda environments: ignored
Job counts:
	count	jobs
	1	all
	37	filterOut_within_segments
	37	within_segments
	75
Select jobs to execute...

[Wed Mar 10 15:27:49 2021]
rule within_segments:
    input: /datater/wu/data/enterovirus/dsk/forward_2540-3044.kCountSorted
    output: /datater/wu/data/enterovirus/primer3/forward_2540-3044.calculated
    jobid: 135
    wildcards: sample=enterovirus, seg=2540-3044

[Wed Mar 10 15:27:49 2021]
rule within_segments:
    input: /datater/wu/data/enterovirus/dsk/forward_2286-2790.kCountSorted
    output: /datater/wu/data/enterovirus/primer3/forward_2286-2790.calculated
    jobid: 126
    wildcards: sample=enterovirus, seg=2286-2790

[Wed Mar 10 15:27:49 2021]
rule within_segments:
    input: /datater/wu/data/enterovirus/dsk/forward_8636-9140.kCountSorted
    output: /datater/wu/data/enterovirus/primer3/forward_8636-9140.calculated
    jobid: 134
    wildcards: sample=enterovirus, seg=8636-9140

[Wed Mar 10 15:27:49 2021]
rule within_segments:
    input: /datater/wu/data/enterovirus/dsk/forward_2032-2536.kCountSorted
    output: /datater/wu/data/enterovirus/primer3/forward_2032-2536.calculated
    jobid: 141
    wildcards: sample=enterovirus, seg=2032-2536

[Wed Mar 10 15:27:49 2021]
rule within_segments:
    input: /datater/wu/data/enterovirus/dsk/forward_6858-7362.kCountSorted
    output: /datater/wu/data/enterovirus/primer3/forward_6858-7362.calculated
    jobid: 149
    wildcards: sample=enterovirus, seg=6858-7362

[Wed Mar 10 15:27:49 2021]
rule within_segments:
    input: /datater/wu/data/enterovirus/dsk/forward_8890-9394.kCountSorted
    output: /datater/wu/data/enterovirus/primer3/forward_8890-9394.calculated
    jobid: 156
    wildcards: sample=enterovirus, seg=8890-9394

[Wed Mar 10 15:27:49 2021]
rule within_segments:
    input: /datater/wu/data/enterovirus/dsk/forward_2794-3298.kCountSorted
    output: /datater/wu/data/enterovirus/primer3/forward_2794-3298.calculated
    jobid: 155
    wildcards: sample=enterovirus, seg=2794-3298

[Wed Mar 10 15:27:49 2021]
rule within_segments:
    input: /datater/wu/data/enterovirus/dsk/forward_8382-8886.kCountSorted
    output: /datater/wu/data/enterovirus/primer3/forward_8382-8886.calculated
    jobid: 133
    wildcards: sample=enterovirus, seg=8382-8886

[Wed Mar 10 15:27:49 2021]
rule within_segments:
    input: /datater/wu/data/enterovirus/dsk/forward_4064-4568.kCountSorted
    output: /datater/wu/data/enterovirus/primer3/forward_4064-4568.calculated
    jobid: 148
    wildcards: sample=enterovirus, seg=4064-4568

[Wed Mar 10 15:27:49 2021]
rule within_segments:
    input: /datater/wu/data/enterovirus/dsk/forward_1270-1774.kCountSorted
    output: /datater/wu/data/enterovirus/primer3/forward_1270-1774.calculated
    jobid: 140
    wildcards: sample=enterovirus, seg=1270-1774

[Wed Mar 10 15:27:49 2021]
rule within_segments:
    input: /datater/wu/data/enterovirus/dsk/forward_508-1012.kCountSorted
    output: /datater/wu/data/enterovirus/primer3/forward_508-1012.calculated
    jobid: 127
    wildcards: sample=enterovirus, seg=508-1012

[Wed Mar 10 15:27:49 2021]
rule within_segments:
    input: /datater/wu/data/enterovirus/dsk/forward_7874-8378.kCountSorted
    output: /datater/wu/data/enterovirus/primer3/forward_7874-8378.calculated
    jobid: 142
    wildcards: sample=enterovirus, seg=7874-8378

Shutting down, this might take some time.
Exiting because a job execution failed. Look above for error message
Complete log: /datater/wu/stage_m2/.snakemake/log/2021-03-10T152749.033534.snakemake.log
