Building DAG of jobs...
Using shell: /bin/bash
Provided cores: 12
Rules claiming more threads will be scaled down.
Conda environments: ignored
Job counts:
	count	jobs
	1	all
	43	reverse_add_LC
	44
Select jobs to execute...

[Mon Mar 15 14:44:54 2021]
rule reverse_add_LC:
    input: /datater/wu/data/zika/filtering/reverse2510-3011.nessieOut, /datater/wu/data/zika/filtering/reverse2510-3011.fa
    output: /datater/wu/data/zika/filtering/reverse2510-3011.calculated2
    jobid: 307
    wildcards: sample=zika, seg=2510-3011

[Mon Mar 15 14:44:54 2021]
rule reverse_add_LC:
    input: /datater/wu/data/zika/filtering/reverse0-501.nessieOut, /datater/wu/data/zika/filtering/reverse0-501.fa
    output: /datater/wu/data/zika/filtering/reverse0-501.calculated2
    jobid: 244
    wildcards: sample=zika, seg=0-501

[Mon Mar 15 14:44:54 2021]
rule reverse_add_LC:
    input: /datater/wu/data/zika/filtering/reverse7781-8282.nessieOut, /datater/wu/data/zika/filtering/reverse7781-8282.fa
    output: /datater/wu/data/zika/filtering/reverse7781-8282.calculated2
    jobid: 300
    wildcards: sample=zika, seg=7781-8282

[Mon Mar 15 14:44:54 2021]
rule reverse_add_LC:
    input: /datater/wu/data/zika/filtering/reverse6777-7278.nessieOut, /datater/wu/data/zika/filtering/reverse6777-7278.fa
    output: /datater/wu/data/zika/filtering/reverse6777-7278.calculated2
    jobid: 27
    wildcards: sample=zika, seg=6777-7278

[Mon Mar 15 14:44:54 2021]
rule reverse_add_LC:
    input: /datater/wu/data/zika/filtering/reverse9287-9788.nessieOut, /datater/wu/data/zika/filtering/reverse9287-9788.fa
    output: /datater/wu/data/zika/filtering/reverse9287-9788.calculated2
    jobid: 34
    wildcards: sample=zika, seg=9287-9788

[Mon Mar 15 14:44:54 2021]
rule reverse_add_LC:
    input: /datater/wu/data/zika/filtering/reverse3012-3513.nessieOut, /datater/wu/data/zika/filtering/reverse3012-3513.fa
    output: /datater/wu/data/zika/filtering/reverse3012-3513.calculated2
    jobid: 132
    wildcards: sample=zika, seg=3012-3513

[Mon Mar 15 14:44:54 2021]
rule reverse_add_LC:
    input: /datater/wu/data/zika/filtering/reverse753-1254.nessieOut, /datater/wu/data/zika/filtering/reverse753-1254.fa
    output: /datater/wu/data/zika/filtering/reverse753-1254.calculated2
    jobid: 13
    wildcards: sample=zika, seg=753-1254

[Mon Mar 15 14:44:54 2021]
rule reverse_add_LC:
    input: /datater/wu/data/zika/filtering/reverse502-1003.nessieOut, /datater/wu/data/zika/filtering/reverse502-1003.fa
    output: /datater/wu/data/zika/filtering/reverse502-1003.calculated2
    jobid: 20
    wildcards: sample=zika, seg=502-1003

[Mon Mar 15 14:44:54 2021]
rule reverse_add_LC:
    input: /datater/wu/data/zika/filtering/reverse8785-9286.nessieOut, /datater/wu/data/zika/filtering/reverse8785-9286.fa
    output: /datater/wu/data/zika/filtering/reverse8785-9286.calculated2
    jobid: 118
    wildcards: sample=zika, seg=8785-9286

[Mon Mar 15 14:44:54 2021]
rule reverse_add_LC:
    input: /datater/wu/data/zika/filtering/reverse1506-2007.nessieOut, /datater/wu/data/zika/filtering/reverse1506-2007.fa
    output: /datater/wu/data/zika/filtering/reverse1506-2007.calculated2
    jobid: 125
    wildcards: sample=zika, seg=1506-2007

[Mon Mar 15 14:44:54 2021]
rule reverse_add_LC:
    input: /datater/wu/data/zika/filtering/reverse1757-2258.nessieOut, /datater/wu/data/zika/filtering/reverse1757-2258.fa
    output: /datater/wu/data/zika/filtering/reverse1757-2258.calculated2
    jobid: 223
    wildcards: sample=zika, seg=1757-2258

[Mon Mar 15 14:44:54 2021]
rule reverse_add_LC:
    input: /datater/wu/data/zika/filtering/reverse8032-8533.nessieOut, /datater/wu/data/zika/filtering/reverse8032-8533.fa
    output: /datater/wu/data/zika/filtering/reverse8032-8533.calculated2
    jobid: 230
    wildcards: sample=zika, seg=8032-8533

[Mon Mar 15 14:44:55 2021]
Finished job 223.
1 of 44 steps (2%) done
[Mon Mar 15 14:44:55 2021]
Finished job 132.
2 of 44 steps (5%) done
[Mon Mar 15 14:44:55 2021]
Finished job 230.
3 of 44 steps (7%) done
Shutting down, this might take some time.
Exiting because a job execution failed. Look above for error message
Complete log: /datater/wu/stage_m2/.snakemake/log/2021-03-15T144453.994458.snakemake.log
