Building DAG of jobs...
Updating job filtering2.
Using shell: /bin/bash
Provided cores: 4
Rules claiming more threads will be scaled down.
Conda environments: ignored
Job counts:
	count	jobs
	1	all
	1	filtering2
	1	filtering3
	3
Select jobs to execute...

[Thu Apr 29 11:47:42 2021]
rule filtering2:
    input: /datater/wu/data/MSSPE-basic/zika/kmer15/intermediate/reverse3263-3764.Kmercount.sorted.calculated.txt, /datater/wu/data/MSSPE-basic/zika/kmer15/intermediate/reverse10542-10780.Kmercount.sorted.calculated.txt, /datater/wu/data/MSSPE-basic/zika/kmer15/intermediate/reverse1506-2007.Kmercount.sorted.calculated.txt, /datater/wu/data/MSSPE-basic/zika/kmer15/intermediate/reverse10040-10541.Kmercount.sorted.calculated.txt, /datater/wu/data/MSSPE-basic/zika/kmer15/intermediate/reverse2259-2760.Kmercount.sorted.calculated.txt, /datater/wu/data/MSSPE-basic/zika/kmer15/intermediate/reverse3514-4015.Kmercount.sorted.calculated.txt, /datater/wu/data/MSSPE-basic/zika/kmer15/intermediate/reverse1255-1756.Kmercount.sorted.calculated.txt, /datater/wu/data/MSSPE-basic/zika/kmer15/intermediate/reverse3012-3513.Kmercount.sorted.calculated.txt, /datater/wu/data/MSSPE-basic/zika/kmer15/intermediate/reverse7028-7529.Kmercount.sorted.calculated.txt, /datater/wu/data/MSSPE-basic/zika/kmer15/intermediate/reverse8785-9286.Kmercount.sorted.calculated.txt, /datater/wu/data/MSSPE-basic/zika/kmer15/intermediate/reverse5271-5772.Kmercount.sorted.calculated.txt, /datater/wu/data/MSSPE-basic/zika/kmer15/intermediate/reverse4769-5270.Kmercount.sorted.calculated.txt, /datater/wu/data/MSSPE-basic/zika/kmer15/intermediate/reverse10291-10780.Kmercount.sorted.calculated.txt, /datater/wu/data/MSSPE-basic/zika/kmer15/intermediate/reverse8032-8533.Kmercount.sorted.calculated.txt, /datater/wu/data/MSSPE-basic/zika/kmer15/intermediate/reverse9789-10290.Kmercount.sorted.calculated.txt, /datater/wu/data/MSSPE-basic/zika/kmer15/intermediate/reverse502-1003.Kmercount.sorted.calculated.txt, /datater/wu/data/MSSPE-basic/zika/kmer15/intermediate/reverse9538-10039.Kmercount.sorted.calculated.txt, /datater/wu/data/MSSPE-basic/zika/kmer15/intermediate/reverse8534-9035.Kmercount.sorted.calculated.txt, /datater/wu/data/MSSPE-basic/zika/kmer15/intermediate/reverse1757-2258.Kmercount.sorted.calculated.txt, /datater/wu/data/MSSPE-basic/zika/kmer15/intermediate/reverse9036-9537.Kmercount.sorted.calculated.txt, /datater/wu/data/MSSPE-basic/zika/kmer15/intermediate/reverse6526-7027.Kmercount.sorted.calculated.txt, /datater/wu/data/MSSPE-basic/zika/kmer15/intermediate/reverse5522-6023.Kmercount.sorted.calculated.txt, /datater/wu/data/MSSPE-basic/zika/kmer15/intermediate/reverse5773-6274.Kmercount.sorted.calculated.txt, /datater/wu/data/MSSPE-basic/zika/kmer15/intermediate/reverse1004-1505.Kmercount.sorted.calculated.txt, /datater/wu/data/MSSPE-basic/zika/kmer15/intermediate/reverse4267-4768.Kmercount.sorted.calculated.txt, /datater/wu/data/MSSPE-basic/zika/kmer15/intermediate/reverse0-501.Kmercount.sorted.calculated.txt, /datater/wu/data/MSSPE-basic/zika/kmer15/intermediate/reverse3765-4266.Kmercount.sorted.calculated.txt, /datater/wu/data/MSSPE-basic/zika/kmer15/intermediate/reverse8283-8784.Kmercount.sorted.calculated.txt, /datater/wu/data/MSSPE-basic/zika/kmer15/intermediate/reverse9287-9788.Kmercount.sorted.calculated.txt, /datater/wu/data/MSSPE-basic/zika/kmer15/intermediate/reverse6777-7278.Kmercount.sorted.calculated.txt, /datater/wu/data/MSSPE-basic/zika/kmer15/intermediate/reverse5020-5521.Kmercount.sorted.calculated.txt, /datater/wu/data/MSSPE-basic/zika/kmer15/intermediate/reverse251-752.Kmercount.sorted.calculated.txt, /datater/wu/data/MSSPE-basic/zika/kmer15/intermediate/reverse6275-6776.Kmercount.sorted.calculated.txt, /datater/wu/data/MSSPE-basic/zika/kmer15/intermediate/reverse6024-6525.Kmercount.sorted.calculated.txt, /datater/wu/data/MSSPE-basic/zika/kmer15/intermediate/reverse2008-2509.Kmercount.sorted.calculated.txt, /datater/wu/data/MSSPE-basic/zika/kmer15/intermediate/reverse7781-8282.Kmercount.sorted.calculated.txt, /datater/wu/data/MSSPE-basic/zika/kmer15/intermediate/reverse7530-8031.Kmercount.sorted.calculated.txt, /datater/wu/data/MSSPE-basic/zika/kmer15/intermediate/reverse753-1254.Kmercount.sorted.calculated.txt, /datater/wu/data/MSSPE-basic/zika/kmer15/intermediate/reverse4518-5019.Kmercount.sorted.calculated.txt, /datater/wu/data/MSSPE-basic/zika/kmer15/intermediate/reverse2761-3262.Kmercount.sorted.calculated.txt, /datater/wu/data/MSSPE-basic/zika/kmer15/intermediate/reverse7279-7780.Kmercount.sorted.calculated.txt, /datater/wu/data/MSSPE-basic/zika/kmer15/intermediate/reverse4016-4517.Kmercount.sorted.calculated.txt, /datater/wu/data/MSSPE-basic/zika/kmer15/intermediate/reverse2510-3011.Kmercount.sorted.calculated.txt
    output: /datater/wu/data/MSSPE-basic/zika/kmer15/allKmercount.sorted.calculated.txt
    jobid: 3
    wildcards: sample=zika

Shutting down, this might take some time.
Exiting because a job execution failed. Look above for error message
Complete log: /datater/wu/MSSPE/.snakemake/log/2021-04-29T114741.293791.snakemake.log
