Building DAG of jobs...
Using shell: /bin/bash
Provided cores: 12
Rules claiming more threads will be scaled down.
Conda environments: ignored
Job counts:
	count	jobs
	37	add_LC
	1	all
	38
Select jobs to execute...

[Fri Mar 12 15:40:58 2021]
checkpoint add_LC:
    input: /datater/wu/data/enterovirus/filtering/reverse2032-2536.nessieOut, /datater/wu/data/enterovirus/filtering/reverse2032-2536.fasta
    output: /datater/wu/data/enterovirus/filtering/reverse2032-2536.calculated2
    jobid: 238
    wildcards: sample=enterovirus, seg=2032-2536
Downstream jobs will be updated after completion.

[Fri Mar 12 15:40:58 2021]
checkpoint add_LC:
    input: /datater/wu/data/enterovirus/filtering/reverse5080-5584.nessieOut, /datater/wu/data/enterovirus/filtering/reverse5080-5584.fasta
    output: /datater/wu/data/enterovirus/filtering/reverse5080-5584.calculated2
    jobid: 237
    wildcards: sample=enterovirus, seg=5080-5584
Downstream jobs will be updated after completion.

[Fri Mar 12 15:40:58 2021]
checkpoint add_LC:
    input: /datater/wu/data/enterovirus/filtering/reverse254-758.nessieOut, /datater/wu/data/enterovirus/filtering/reverse254-758.fasta
    output: /datater/wu/data/enterovirus/filtering/reverse254-758.calculated2
    jobid: 244
    wildcards: sample=enterovirus, seg=254-758
Downstream jobs will be updated after completion.

[Fri Mar 12 15:40:58 2021]
checkpoint add_LC:
    input: /datater/wu/data/enterovirus/filtering/reverse6604-7108.nessieOut, /datater/wu/data/enterovirus/filtering/reverse6604-7108.fasta
    output: /datater/wu/data/enterovirus/filtering/reverse6604-7108.calculated2
    jobid: 252
    wildcards: sample=enterovirus, seg=6604-7108
Downstream jobs will be updated after completion.

[Fri Mar 12 15:40:58 2021]
checkpoint add_LC:
    input: /datater/wu/data/enterovirus/filtering/reverse4064-4568.nessieOut, /datater/wu/data/enterovirus/filtering/reverse4064-4568.fasta
    output: /datater/wu/data/enterovirus/filtering/reverse4064-4568.calculated2
    jobid: 259
    wildcards: sample=enterovirus, seg=4064-4568
Downstream jobs will be updated after completion.

[Fri Mar 12 15:40:58 2021]
checkpoint add_LC:
    input: /datater/wu/data/enterovirus/filtering/reverse8636-9140.nessieOut, /datater/wu/data/enterovirus/filtering/reverse8636-9140.fasta
    output: /datater/wu/data/enterovirus/filtering/reverse8636-9140.calculated2
    jobid: 267
    wildcards: sample=enterovirus, seg=8636-9140
Downstream jobs will be updated after completion.

[Fri Mar 12 15:40:58 2021]
checkpoint add_LC:
    input: /datater/wu/data/enterovirus/filtering/reverse2286-2790.nessieOut, /datater/wu/data/enterovirus/filtering/reverse2286-2790.fasta
    output: /datater/wu/data/enterovirus/filtering/reverse2286-2790.calculated2
    jobid: 251
    wildcards: sample=enterovirus, seg=2286-2790
Downstream jobs will be updated after completion.

[Fri Mar 12 15:40:58 2021]
checkpoint add_LC:
    input: /datater/wu/data/enterovirus/filtering/reverse2794-3298.nessieOut, /datater/wu/data/enterovirus/filtering/reverse2794-3298.fasta
    output: /datater/wu/data/enterovirus/filtering/reverse2794-3298.calculated2
    jobid: 258
    wildcards: sample=enterovirus, seg=2794-3298
Downstream jobs will be updated after completion.

[Fri Mar 12 15:40:58 2021]
checkpoint add_LC:
    input: /datater/wu/data/enterovirus/filtering/reverse4826-5330.nessieOut, /datater/wu/data/enterovirus/filtering/reverse4826-5330.fasta
    output: /datater/wu/data/enterovirus/filtering/reverse4826-5330.calculated2
    jobid: 236
    wildcards: sample=enterovirus, seg=4826-5330
Downstream jobs will be updated after completion.

[Fri Mar 12 15:40:58 2021]
checkpoint add_LC:
    input: /datater/wu/data/enterovirus/filtering/reverse8382-8886.nessieOut, /datater/wu/data/enterovirus/filtering/reverse8382-8886.fasta
    output: /datater/wu/data/enterovirus/filtering/reverse8382-8886.calculated2
    jobid: 243
    wildcards: sample=enterovirus, seg=8382-8886
Downstream jobs will be updated after completion.

[Fri Mar 12 15:40:58 2021]
checkpoint add_LC:
    input: /datater/wu/data/enterovirus/filtering/reverse5842-6346.nessieOut, /datater/wu/data/enterovirus/filtering/reverse5842-6346.fasta
    output: /datater/wu/data/enterovirus/filtering/reverse5842-6346.calculated2
    jobid: 266
    wildcards: sample=enterovirus, seg=5842-6346
Downstream jobs will be updated after completion.

[Fri Mar 12 15:40:58 2021]
checkpoint add_LC:
    input: /datater/wu/data/enterovirus/filtering/reverse6096-6600.nessieOut, /datater/wu/data/enterovirus/filtering/reverse6096-6600.fasta
    output: /datater/wu/data/enterovirus/filtering/reverse6096-6600.calculated2
    jobid: 245
    wildcards: sample=enterovirus, seg=6096-6600
Downstream jobs will be updated after completion.

Updating job all.
[Fri Mar 12 15:40:59 2021]
Finished job 259.
1 of 38 steps (3%) done
Updating job all.
[Fri Mar 12 15:40:59 2021]
Finished job 238.
2 of 38 steps (5%) done
Updating job all.
[Fri Mar 12 15:40:59 2021]
Finished job 243.
3 of 38 steps (8%) done
Select jobs to execute...
Updating job all.
[Fri Mar 12 15:41:00 2021]
Finished job 267.
4 of 38 steps (11%) done
Updating job all.
[Fri Mar 12 15:41:00 2021]
Finished job 244.
5 of 38 steps (13%) done

[Fri Mar 12 15:41:00 2021]
checkpoint add_LC:
    input: /datater/wu/data/enterovirus/filtering/reverse3810-4314.nessieOut, /datater/wu/data/enterovirus/filtering/reverse3810-4314.fasta
    output: /datater/wu/data/enterovirus/filtering/reverse3810-4314.calculated2
    jobid: 268
    wildcards: sample=enterovirus, seg=3810-4314
Downstream jobs will be updated after completion.

[Fri Mar 12 15:41:00 2021]
checkpoint add_LC:
    input: /datater/wu/data/enterovirus/filtering/reverse8128-8632.nessieOut, /datater/wu/data/enterovirus/filtering/reverse8128-8632.fasta
    output: /datater/wu/data/enterovirus/filtering/reverse8128-8632.calculated2
    jobid: 240
    wildcards: sample=enterovirus, seg=8128-8632
Downstream jobs will be updated after completion.

[Fri Mar 12 15:41:00 2021]
checkpoint add_LC:
    input: /datater/wu/data/enterovirus/filtering/reverse3302-3806.nessieOut, /datater/wu/data/enterovirus/filtering/reverse3302-3806.fasta
    output: /datater/wu/data/enterovirus/filtering/reverse3302-3806.calculated2
    jobid: 262
    wildcards: sample=enterovirus, seg=3302-3806
Downstream jobs will be updated after completion.

[Fri Mar 12 15:41:00 2021]
checkpoint add_LC:
    input: /datater/wu/data/enterovirus/filtering/reverse1778-2282.nessieOut, /datater/wu/data/enterovirus/filtering/reverse1778-2282.fasta
    output: /datater/wu/data/enterovirus/filtering/reverse1778-2282.calculated2
    jobid: 269
    wildcards: sample=enterovirus, seg=1778-2282
Downstream jobs will be updated after completion.

[Fri Mar 12 15:41:00 2021]
checkpoint add_LC:
    input: /datater/wu/data/enterovirus/filtering/reverse6858-7362.nessieOut, /datater/wu/data/enterovirus/filtering/reverse6858-7362.fasta
    output: /datater/wu/data/enterovirus/filtering/reverse6858-7362.calculated2
    jobid: 254
    wildcards: sample=enterovirus, seg=6858-7362
Downstream jobs will be updated after completion.

Select jobs to execute...
Select jobs to execute...
Select jobs to execute...
Select jobs to execute...
Updating job all.
[Fri Mar 12 15:41:00 2021]
Finished job 236.
6 of 38 steps (16%) done
Select jobs to execute...

[Fri Mar 12 15:41:00 2021]
checkpoint add_LC:
    input: /datater/wu/data/enterovirus/filtering/reverse1524-2028.nessieOut, /datater/wu/data/enterovirus/filtering/reverse1524-2028.fasta
    output: /datater/wu/data/enterovirus/filtering/reverse1524-2028.calculated2
    jobid: 261
    wildcards: sample=enterovirus, seg=1524-2028
Downstream jobs will be updated after completion.

Updating job all.
[Fri Mar 12 15:41:00 2021]
Finished job 252.
7 of 38 steps (18%) done
Select jobs to execute...

[Fri Mar 12 15:41:00 2021]
checkpoint add_LC:
    input: /datater/wu/data/enterovirus/filtering/reverse1270-1774.nessieOut, /datater/wu/data/enterovirus/filtering/reverse1270-1774.fasta
    output: /datater/wu/data/enterovirus/filtering/reverse1270-1774.calculated2
    jobid: 253
    wildcards: sample=enterovirus, seg=1270-1774
Downstream jobs will be updated after completion.

Updating job all.
[Fri Mar 12 15:41:00 2021]
Finished job 240.
8 of 38 steps (21%) done
Select jobs to execute...

[Fri Mar 12 15:41:00 2021]
checkpoint add_LC:
    input: /datater/wu/data/enterovirus/filtering/reverse3048-3552.nessieOut, /datater/wu/data/enterovirus/filtering/reverse3048-3552.fasta
    output: /datater/wu/data/enterovirus/filtering/reverse3048-3552.calculated2
    jobid: 263
    wildcards: sample=enterovirus, seg=3048-3552
Downstream jobs will be updated after completion.

Updating job all.
[Fri Mar 12 15:41:00 2021]
Finished job 269.
9 of 38 steps (24%) done
Select jobs to execute...

[Fri Mar 12 15:41:01 2021]
checkpoint add_LC:
    input: /datater/wu/data/enterovirus/filtering/reverse508-1012.nessieOut, /datater/wu/data/enterovirus/filtering/reverse508-1012.fasta
    output: /datater/wu/data/enterovirus/filtering/reverse508-1012.calculated2
    jobid: 235
    wildcards: sample=enterovirus, seg=508-1012
Downstream jobs will be updated after completion.

Updating job all.
[Fri Mar 12 15:41:01 2021]
Finished job 237.
10 of 38 steps (26%) done
Select jobs to execute...

[Fri Mar 12 15:41:01 2021]
checkpoint add_LC:
    input: /datater/wu/data/enterovirus/filtering/reverse6350-6854.nessieOut, /datater/wu/data/enterovirus/filtering/reverse6350-6854.fasta
    output: /datater/wu/data/enterovirus/filtering/reverse6350-6854.calculated2
    jobid: 246
    wildcards: sample=enterovirus, seg=6350-6854
Downstream jobs will be updated after completion.

Updating job all.
[Fri Mar 12 15:41:01 2021]
Finished job 245.
11 of 38 steps (29%) done
Select jobs to execute...
Updating job all.
[Fri Mar 12 15:41:01 2021]
Finished job 266.
12 of 38 steps (32%) done

[Fri Mar 12 15:41:01 2021]
checkpoint add_LC:
    input: /datater/wu/data/enterovirus/filtering/reverse4572-5076.nessieOut, /datater/wu/data/enterovirus/filtering/reverse4572-5076.fasta
    output: /datater/wu/data/enterovirus/filtering/reverse4572-5076.calculated2
    jobid: 241
    wildcards: sample=enterovirus, seg=4572-5076
Downstream jobs will be updated after completion.

Select jobs to execute...

[Fri Mar 12 15:41:01 2021]
checkpoint add_LC:
    input: /datater/wu/data/enterovirus/filtering/reverse9144-9382.nessieOut, /datater/wu/data/enterovirus/filtering/reverse9144-9382.fasta
    output: /datater/wu/data/enterovirus/filtering/reverse9144-9382.calculated2
    jobid: 249
    wildcards: sample=enterovirus, seg=9144-9382
Downstream jobs will be updated after completion.

Updating job all.
[Fri Mar 12 15:41:01 2021]
Finished job 251.
13 of 38 steps (34%) done
Updating job all.
[Fri Mar 12 15:41:01 2021]
Finished job 235.
14 of 38 steps (37%) done
Select jobs to execute...
Updating job all.
[Fri Mar 12 15:41:01 2021]
Finished job 261.
15 of 38 steps (39%) done

[Fri Mar 12 15:41:01 2021]
checkpoint add_LC:
    input: /datater/wu/data/enterovirus/filtering/reverse8890-9394.nessieOut, /datater/wu/data/enterovirus/filtering/reverse8890-9394.fasta
    output: /datater/wu/data/enterovirus/filtering/reverse8890-9394.calculated2
    jobid: 264
    wildcards: sample=enterovirus, seg=8890-9394
Downstream jobs will be updated after completion.

[Fri Mar 12 15:41:01 2021]
checkpoint add_LC:
    input: /datater/wu/data/enterovirus/filtering/reverse7620-8124.nessieOut, /datater/wu/data/enterovirus/filtering/reverse7620-8124.fasta
    output: /datater/wu/data/enterovirus/filtering/reverse7620-8124.calculated2
    jobid: 250
    wildcards: sample=enterovirus, seg=7620-8124
Downstream jobs will be updated after completion.

[Fri Mar 12 15:41:01 2021]
checkpoint add_LC:
    input: /datater/wu/data/enterovirus/filtering/reverse7366-7870.nessieOut, /datater/wu/data/enterovirus/filtering/reverse7366-7870.fasta
    output: /datater/wu/data/enterovirus/filtering/reverse7366-7870.calculated2
    jobid: 242
    wildcards: sample=enterovirus, seg=7366-7870
Downstream jobs will be updated after completion.

Select jobs to execute...
Select jobs to execute...
Updating job all.
[Fri Mar 12 15:41:02 2021]
Finished job 268.
16 of 38 steps (42%) done
Updating job all.
[Fri Mar 12 15:41:02 2021]
Finished job 258.
17 of 38 steps (45%) done
Select jobs to execute...

[Fri Mar 12 15:41:02 2021]
checkpoint add_LC:
    input: /datater/wu/data/enterovirus/filtering/reverse762-1266.nessieOut, /datater/wu/data/enterovirus/filtering/reverse762-1266.fasta
    output: /datater/wu/data/enterovirus/filtering/reverse762-1266.calculated2
    jobid: 265
    wildcards: sample=enterovirus, seg=762-1266
Downstream jobs will be updated after completion.

[Fri Mar 12 15:41:02 2021]
checkpoint add_LC:
    input: /datater/wu/data/enterovirus/filtering/reverse0-504.nessieOut, /datater/wu/data/enterovirus/filtering/reverse0-504.fasta
    output: /datater/wu/data/enterovirus/filtering/reverse0-504.calculated2
    jobid: 257
    wildcards: sample=enterovirus, seg=0-504
Downstream jobs will be updated after completion.

Select jobs to execute...
Updating job all.
[Fri Mar 12 15:41:02 2021]
Finished job 249.
18 of 38 steps (47%) done
Select jobs to execute...

[Fri Mar 12 15:41:02 2021]
checkpoint add_LC:
    input: /datater/wu/data/enterovirus/filtering/reverse3556-4060.nessieOut, /datater/wu/data/enterovirus/filtering/reverse3556-4060.fasta
    output: /datater/wu/data/enterovirus/filtering/reverse3556-4060.calculated2
    jobid: 260
    wildcards: sample=enterovirus, seg=3556-4060
Downstream jobs will be updated after completion.

Updating job all.
[Fri Mar 12 15:41:02 2021]
Finished job 253.
19 of 38 steps (50%) done
Updating job all.
[Fri Mar 12 15:41:02 2021]
Finished job 264.
20 of 38 steps (53%) done
Updating job all.
[Fri Mar 12 15:41:02 2021]
Finished job 262.
21 of 38 steps (55%) done
Updating job all.
[Fri Mar 12 15:41:02 2021]
Finished job 254.
22 of 38 steps (58%) done
Select jobs to execute...
Updating job all.
[Fri Mar 12 15:41:02 2021]
Finished job 241.
23 of 38 steps (61%) done

[Fri Mar 12 15:41:03 2021]
checkpoint add_LC:
    input: /datater/wu/data/enterovirus/filtering/reverse7874-8378.nessieOut, /datater/wu/data/enterovirus/filtering/reverse7874-8378.fasta
    output: /datater/wu/data/enterovirus/filtering/reverse7874-8378.calculated2
    jobid: 248
    wildcards: sample=enterovirus, seg=7874-8378
Downstream jobs will be updated after completion.

[Fri Mar 12 15:41:03 2021]
checkpoint add_LC:
    input: /datater/wu/data/enterovirus/filtering/reverse5588-6092.nessieOut, /datater/wu/data/enterovirus/filtering/reverse5588-6092.fasta
    output: /datater/wu/data/enterovirus/filtering/reverse5588-6092.calculated2
    jobid: 255
    wildcards: sample=enterovirus, seg=5588-6092
Downstream jobs will be updated after completion.

[Fri Mar 12 15:41:03 2021]
checkpoint add_LC:
    input: /datater/wu/data/enterovirus/filtering/reverse1016-1520.nessieOut, /datater/wu/data/enterovirus/filtering/reverse1016-1520.fasta
    output: /datater/wu/data/enterovirus/filtering/reverse1016-1520.calculated2
    jobid: 270
    wildcards: sample=enterovirus, seg=1016-1520
Downstream jobs will be updated after completion.

[Fri Mar 12 15:41:03 2021]
checkpoint add_LC:
    input: /datater/wu/data/enterovirus/filtering/reverse2540-3044.nessieOut, /datater/wu/data/enterovirus/filtering/reverse2540-3044.fasta
    output: /datater/wu/data/enterovirus/filtering/reverse2540-3044.calculated2
    jobid: 247
    wildcards: sample=enterovirus, seg=2540-3044
Downstream jobs will be updated after completion.

[Fri Mar 12 15:41:03 2021]
checkpoint add_LC:
    input: /datater/wu/data/enterovirus/filtering/reverse4318-4822.nessieOut, /datater/wu/data/enterovirus/filtering/reverse4318-4822.fasta
    output: /datater/wu/data/enterovirus/filtering/reverse4318-4822.calculated2
    jobid: 239
    wildcards: sample=enterovirus, seg=4318-4822
Downstream jobs will be updated after completion.

Select jobs to execute...
Select jobs to execute...
Select jobs to execute...
Select jobs to execute...
Updating job all.
[Fri Mar 12 15:41:03 2021]
Finished job 246.
24 of 38 steps (63%) done
Updating job all.
[Fri Mar 12 15:41:03 2021]
Finished job 257.
25 of 38 steps (66%) done
Select jobs to execute...

[Fri Mar 12 15:41:03 2021]
checkpoint add_LC:
    input: /datater/wu/data/enterovirus/filtering/reverse5334-5838.nessieOut, /datater/wu/data/enterovirus/filtering/reverse5334-5838.fasta
    output: /datater/wu/data/enterovirus/filtering/reverse5334-5838.calculated2
    jobid: 256
    wildcards: sample=enterovirus, seg=5334-5838
Downstream jobs will be updated after completion.

[Fri Mar 12 15:41:03 2021]
checkpoint add_LC:
    input: /datater/wu/data/enterovirus/filtering/reverse7112-7616.nessieOut, /datater/wu/data/enterovirus/filtering/reverse7112-7616.fasta
    output: /datater/wu/data/enterovirus/filtering/reverse7112-7616.calculated2
    jobid: 271
    wildcards: sample=enterovirus, seg=7112-7616
Downstream jobs will be updated after completion.

Updating job all.
[Fri Mar 12 15:41:03 2021]
Finished job 263.
26 of 38 steps (68%) done
Updating job all.
[Fri Mar 12 15:41:03 2021]
Finished job 260.
27 of 38 steps (71%) done
Updating job all.
[Fri Mar 12 15:41:04 2021]
Finished job 270.
28 of 38 steps (74%) done
Updating job all.
[Fri Mar 12 15:41:04 2021]
Finished job 242.
29 of 38 steps (76%) done
Updating job all.
[Fri Mar 12 15:41:04 2021]
Finished job 256.
30 of 38 steps (79%) done
Updating job all.
[Fri Mar 12 15:41:04 2021]
Finished job 250.
31 of 38 steps (82%) done
Updating job all.
[Fri Mar 12 15:41:04 2021]
Finished job 255.
32 of 38 steps (84%) done
Updating job all.
[Fri Mar 12 15:41:04 2021]
Finished job 265.
33 of 38 steps (87%) done
Updating job all.
[Fri Mar 12 15:41:05 2021]
Finished job 247.
34 of 38 steps (89%) done
Updating job all.
[Fri Mar 12 15:41:05 2021]
Finished job 248.
35 of 38 steps (92%) done
Updating job all.
[Fri Mar 12 15:41:05 2021]
Finished job 271.
36 of 38 steps (95%) done
Updating job all.
[Fri Mar 12 15:41:05 2021]
Finished job 239.
37 of 37 steps (100%) done
Complete log: /datater/wu/stage_m2/.snakemake/log/2021-03-12T154058.272717.snakemake.log
