Building DAG of jobs...
Using shell: /bin/bash
Provided cores: 12
Rules claiming more threads will be scaled down.
Conda environments: ignored
Job counts:
	count	jobs
	1	all
	43	dskForwardOutputSort
	44
Select jobs to execute...

[Tue Mar  9 16:48:48 2021]
rule dskForwardOutputSort:
    input: /datater/wu/data/zika/dsk/forward_4518-5019.kCount
    output: /datater/wu/data/zika/dsk/forward_4518-5019.kCountSorted
    jobid: 117
    wildcards: sample=zika, seg=4518-5019

[Tue Mar  9 16:48:48 2021]
rule dskForwardOutputSort:
    input: /datater/wu/data/zika/dsk/forward_5271-5772.kCount
    output: /datater/wu/data/zika/dsk/forward_5271-5772.kCountSorted
    jobid: 18
    wildcards: sample=zika, seg=5271-5772

[Tue Mar  9 16:48:48 2021]
rule dskForwardOutputSort:
    input: /datater/wu/data/zika/dsk/forward_9789-10290.kCount
    output: /datater/wu/data/zika/dsk/forward_9789-10290.kCountSorted
    jobid: 45
    wildcards: sample=zika, seg=9789-10290

[Tue Mar  9 16:48:48 2021]
rule dskForwardOutputSort:
    input: /datater/wu/data/zika/dsk/forward_6526-7027.kCount
    output: /datater/wu/data/zika/dsk/forward_6526-7027.kCountSorted
    jobid: 51
    wildcards: sample=zika, seg=6526-7027

[Tue Mar  9 16:48:48 2021]
rule dskForwardOutputSort:
    input: /datater/wu/data/zika/dsk/forward_5020-5521.kCount
    output: /datater/wu/data/zika/dsk/forward_5020-5521.kCountSorted
    jobid: 90
    wildcards: sample=zika, seg=5020-5521

[Tue Mar  9 16:48:48 2021]
rule dskForwardOutputSort:
    input: /datater/wu/data/zika/dsk/forward_3765-4266.kCount
    output: /datater/wu/data/zika/dsk/forward_3765-4266.kCountSorted
    jobid: 96
    wildcards: sample=zika, seg=3765-4266

[Tue Mar  9 16:48:48 2021]
rule dskForwardOutputSort:
    input: /datater/wu/data/zika/dsk/forward_2008-2509.kCount
    output: /datater/wu/data/zika/dsk/forward_2008-2509.kCountSorted
    jobid: 78
    wildcards: sample=zika, seg=2008-2509

[Tue Mar  9 16:48:48 2021]
rule dskForwardOutputSort:
    input: /datater/wu/data/zika/dsk/forward_7279-7780.kCount
    output: /datater/wu/data/zika/dsk/forward_7279-7780.kCountSorted
    jobid: 39
    wildcards: sample=zika, seg=7279-7780

[Tue Mar  9 16:48:48 2021]
rule dskForwardOutputSort:
    input: /datater/wu/data/zika/dsk/forward_2259-2760.kCount
    output: /datater/wu/data/zika/dsk/forward_2259-2760.kCountSorted
    jobid: 33
    wildcards: sample=zika, seg=2259-2760

[Tue Mar  9 16:48:48 2021]
rule dskForwardOutputSort:
    input: /datater/wu/data/zika/dsk/forward_8785-9286.kCount
    output: /datater/wu/data/zika/dsk/forward_8785-9286.kCountSorted
    jobid: 84
    wildcards: sample=zika, seg=8785-9286

[Tue Mar  9 16:48:48 2021]
rule dskForwardOutputSort:
    input: /datater/wu/data/zika/dsk/forward_3514-4015.kCount
    output: /datater/wu/data/zika/dsk/forward_3514-4015.kCountSorted
    jobid: 123
    wildcards: sample=zika, seg=3514-4015

[Tue Mar  9 16:48:48 2021]
rule dskForwardOutputSort:
    input: /datater/wu/data/zika/dsk/forward_753-1254.kCount
    output: /datater/wu/data/zika/dsk/forward_753-1254.kCountSorted
    jobid: 129
    wildcards: sample=zika, seg=753-1254

[Tue Mar  9 16:48:49 2021]
Finished job 18.
1 of 44 steps (2%) done
[Tue Mar  9 16:48:49 2021]
Finished job 117.
2 of 44 steps (5%) done
Select jobs to execute...
[Tue Mar  9 16:48:49 2021]
Finished job 51.
3 of 44 steps (7%) done

[Tue Mar  9 16:48:49 2021]
rule dskForwardOutputSort:
    input: /datater/wu/data/zika/dsk/forward_5773-6274.kCount
    output: /datater/wu/data/zika/dsk/forward_5773-6274.kCountSorted
    jobid: 120
    wildcards: sample=zika, seg=5773-6274

[Tue Mar  9 16:48:49 2021]
rule dskForwardOutputSort:
    input: /datater/wu/data/zika/dsk/forward_5522-6023.kCount
    output: /datater/wu/data/zika/dsk/forward_5522-6023.kCountSorted
    jobid: 21
    wildcards: sample=zika, seg=5522-6023

Select jobs to execute...
[Tue Mar  9 16:48:49 2021]
Finished job 45.
4 of 44 steps (9%) done
[Tue Mar  9 16:48:49 2021]
Finished job 78.
5 of 44 steps (11%) done
[Tue Mar  9 16:48:49 2021]
Finished job 84.
6 of 44 steps (14%) done
[Tue Mar  9 16:48:49 2021]
Finished job 129.
7 of 44 steps (16%) done
[Tue Mar  9 16:48:49 2021]
Finished job 39.
8 of 44 steps (18%) done

[Tue Mar  9 16:48:49 2021]
rule dskForwardOutputSort:
    input: /datater/wu/data/zika/dsk/forward_6024-6525.kCount
    output: /datater/wu/data/zika/dsk/forward_6024-6525.kCountSorted
    jobid: 108
    wildcards: sample=zika, seg=6024-6525

Select jobs to execute...
[Tue Mar  9 16:48:49 2021]
Finished job 96.
9 of 44 steps (20%) done
[Tue Mar  9 16:48:49 2021]
Finished job 90.
10 of 44 steps (23%) done
[Tue Mar  9 16:48:49 2021]
Finished job 123.
11 of 44 steps (25%) done

[Tue Mar  9 16:48:49 2021]
rule dskForwardOutputSort:
    input: /datater/wu/data/zika/dsk/forward_9538-10039.kCount
    output: /datater/wu/data/zika/dsk/forward_9538-10039.kCountSorted
    jobid: 66
    wildcards: sample=zika, seg=9538-10039

[Tue Mar  9 16:48:49 2021]
rule dskForwardOutputSort:
    input: /datater/wu/data/zika/dsk/forward_251-752.kCount
    output: /datater/wu/data/zika/dsk/forward_251-752.kCountSorted
    jobid: 42
    wildcards: sample=zika, seg=251-752

[Tue Mar  9 16:48:49 2021]
rule dskForwardOutputSort:
    input: /datater/wu/data/zika/dsk/forward_2761-3262.kCount
    output: /datater/wu/data/zika/dsk/forward_2761-3262.kCountSorted
    jobid: 81
    wildcards: sample=zika, seg=2761-3262

[Tue Mar  9 16:48:49 2021]
rule dskForwardOutputSort:
    input: /datater/wu/data/zika/dsk/forward_1757-2258.kCount
    output: /datater/wu/data/zika/dsk/forward_1757-2258.kCountSorted
    jobid: 75
    wildcards: sample=zika, seg=1757-2258

[Tue Mar  9 16:48:49 2021]
rule dskForwardOutputSort:
    input: /datater/wu/data/zika/dsk/forward_1004-1505.kCount
    output: /datater/wu/data/zika/dsk/forward_1004-1505.kCountSorted
    jobid: 126
    wildcards: sample=zika, seg=1004-1505

Select jobs to execute...
[Tue Mar  9 16:48:49 2021]
Finished job 33.
12 of 44 steps (27%) done

[Tue Mar  9 16:48:49 2021]
rule dskForwardOutputSort:
    input: /datater/wu/data/zika/dsk/forward_10040-10541.kCount
    output: /datater/wu/data/zika/dsk/forward_10040-10541.kCountSorted
    jobid: 135
    wildcards: sample=zika, seg=10040-10541

[Tue Mar  9 16:48:49 2021]
rule dskForwardOutputSort:
    input: /datater/wu/data/zika/dsk/forward_9287-9788.kCount
    output: /datater/wu/data/zika/dsk/forward_9287-9788.kCountSorted
    jobid: 93
    wildcards: sample=zika, seg=9287-9788

[Tue Mar  9 16:48:49 2021]
rule dskForwardOutputSort:
    input: /datater/wu/data/zika/dsk/forward_3263-3764.kCount
    output: /datater/wu/data/zika/dsk/forward_3263-3764.kCountSorted
    jobid: 132
    wildcards: sample=zika, seg=3263-3764

Select jobs to execute...

[Tue Mar  9 16:48:49 2021]
rule dskForwardOutputSort:
    input: /datater/wu/data/zika/dsk/forward_7781-8282.kCount
    output: /datater/wu/data/zika/dsk/forward_7781-8282.kCountSorted
    jobid: 24
    wildcards: sample=zika, seg=7781-8282

Select jobs to execute...
Select jobs to execute...
Select jobs to execute...
Select jobs to execute...
Select jobs to execute...
Select jobs to execute...
Select jobs to execute...
[Tue Mar  9 16:48:50 2021]
Finished job 108.
13 of 44 steps (30%) done
Select jobs to execute...

[Tue Mar  9 16:48:50 2021]
rule dskForwardOutputSort:
    input: /datater/wu/data/zika/dsk/forward_9036-9537.kCount
    output: /datater/wu/data/zika/dsk/forward_9036-9537.kCountSorted
    jobid: 69
    wildcards: sample=zika, seg=9036-9537

[Tue Mar  9 16:48:50 2021]
Finished job 66.
14 of 44 steps (32%) done
Select jobs to execute...
[Tue Mar  9 16:48:50 2021]
Finished job 126.
15 of 44 steps (34%) done
[Tue Mar  9 16:48:50 2021]
Finished job 42.
16 of 44 steps (36%) done

[Tue Mar  9 16:48:50 2021]
rule dskForwardOutputSort:
    input: /datater/wu/data/zika/dsk/forward_1255-1756.kCount
    output: /datater/wu/data/zika/dsk/forward_1255-1756.kCountSorted
    jobid: 114
    wildcards: sample=zika, seg=1255-1756

Select jobs to execute...
[Tue Mar  9 16:48:50 2021]
Finished job 93.
17 of 44 steps (39%) done
[Tue Mar  9 16:48:50 2021]
Finished job 135.
18 of 44 steps (41%) done

[Tue Mar  9 16:48:50 2021]
rule dskForwardOutputSort:
    input: /datater/wu/data/zika/dsk/forward_0-501.kCount
    output: /datater/wu/data/zika/dsk/forward_0-501.kCountSorted
    jobid: 57
    wildcards: sample=zika, seg=0-501

[Tue Mar  9 16:48:50 2021]
rule dskForwardOutputSort:
    input: /datater/wu/data/zika/dsk/forward_6275-6776.kCount
    output: /datater/wu/data/zika/dsk/forward_6275-6776.kCountSorted
    jobid: 15
    wildcards: sample=zika, seg=6275-6776

Select jobs to execute...
[Tue Mar  9 16:48:50 2021]
Finished job 24.
19 of 44 steps (43%) done

[Tue Mar  9 16:48:50 2021]
rule dskForwardOutputSort:
    input: /datater/wu/data/zika/dsk/forward_8534-9035.kCount
    output: /datater/wu/data/zika/dsk/forward_8534-9035.kCountSorted
    jobid: 48
    wildcards: sample=zika, seg=8534-9035

[Tue Mar  9 16:48:50 2021]
rule dskForwardOutputSort:
    input: /datater/wu/data/zika/dsk/forward_1506-2007.kCount
    output: /datater/wu/data/zika/dsk/forward_1506-2007.kCountSorted
    jobid: 63
    wildcards: sample=zika, seg=1506-2007

Select jobs to execute...
[Tue Mar  9 16:48:50 2021]
Finished job 120.
20 of 44 steps (45%) done
[Tue Mar  9 16:48:50 2021]
Finished job 21.
21 of 44 steps (48%) done

[Tue Mar  9 16:48:50 2021]
rule dskForwardOutputSort:
    input: /datater/wu/data/zika/dsk/forward_502-1003.kCount
    output: /datater/wu/data/zika/dsk/forward_502-1003.kCountSorted
    jobid: 99
    wildcards: sample=zika, seg=502-1003

Select jobs to execute...

[Tue Mar  9 16:48:50 2021]
rule dskForwardOutputSort:
    input: /datater/wu/data/zika/dsk/forward_6777-7278.kCount
    output: /datater/wu/data/zika/dsk/forward_6777-7278.kCountSorted
    jobid: 27
    wildcards: sample=zika, seg=6777-7278

[Tue Mar  9 16:48:50 2021]
rule dskForwardOutputSort:
    input: /datater/wu/data/zika/dsk/forward_4769-5270.kCount
    output: /datater/wu/data/zika/dsk/forward_4769-5270.kCountSorted
    jobid: 87
    wildcards: sample=zika, seg=4769-5270

Select jobs to execute...
Select jobs to execute...
Select jobs to execute...
[Tue Mar  9 16:48:50 2021]
Finished job 81.
22 of 44 steps (50%) done
Select jobs to execute...
[Tue Mar  9 16:48:50 2021]
Finished job 75.
23 of 44 steps (52%) done

[Tue Mar  9 16:48:50 2021]
rule dskForwardOutputSort:
    input: /datater/wu/data/zika/dsk/forward_8032-8533.kCount
    output: /datater/wu/data/zika/dsk/forward_8032-8533.kCountSorted
    jobid: 102
    wildcards: sample=zika, seg=8032-8533

Select jobs to execute...

[Tue Mar  9 16:48:50 2021]
rule dskForwardOutputSort:
    input: /datater/wu/data/zika/dsk/forward_8283-8784.kCount
    output: /datater/wu/data/zika/dsk/forward_8283-8784.kCountSorted
    jobid: 12
    wildcards: sample=zika, seg=8283-8784

[Tue Mar  9 16:48:50 2021]
Finished job 132.
24 of 44 steps (55%) done
Select jobs to execute...

[Tue Mar  9 16:48:50 2021]
rule dskForwardOutputSort:
    input: /datater/wu/data/zika/dsk/forward_10291-10792.kCount
    output: /datater/wu/data/zika/dsk/forward_10291-10792.kCountSorted
    jobid: 105
    wildcards: sample=zika, seg=10291-10792

[Tue Mar  9 16:48:50 2021]
Finished job 114.
25 of 44 steps (57%) done
Select jobs to execute...

[Tue Mar  9 16:48:50 2021]
rule dskForwardOutputSort:
    input: /datater/wu/data/zika/dsk/forward_7028-7529.kCount
    output: /datater/wu/data/zika/dsk/forward_7028-7529.kCountSorted
    jobid: 60
    wildcards: sample=zika, seg=7028-7529

[Tue Mar  9 16:48:50 2021]
Finished job 57.
26 of 44 steps (59%) done
[Tue Mar  9 16:48:50 2021]
Finished job 15.
27 of 44 steps (61%) done
Select jobs to execute...
[Tue Mar  9 16:48:50 2021]
Finished job 69.
28 of 44 steps (64%) done

[Tue Mar  9 16:48:50 2021]
rule dskForwardOutputSort:
    input: /datater/wu/data/zika/dsk/forward_4267-4768.kCount
    output: /datater/wu/data/zika/dsk/forward_4267-4768.kCountSorted
    jobid: 72
    wildcards: sample=zika, seg=4267-4768

[Tue Mar  9 16:48:50 2021]
rule dskForwardOutputSort:
    input: /datater/wu/data/zika/dsk/forward_7530-8031.kCount
    output: /datater/wu/data/zika/dsk/forward_7530-8031.kCountSorted
    jobid: 111
    wildcards: sample=zika, seg=7530-8031

Select jobs to execute...
[Tue Mar  9 16:48:50 2021]
Finished job 63.
29 of 44 steps (66%) done
[Tue Mar  9 16:48:50 2021]
Finished job 48.
30 of 44 steps (68%) done

[Tue Mar  9 16:48:51 2021]
rule dskForwardOutputSort:
    input: /datater/wu/data/zika/dsk/forward_10542-10780.kCount
    output: /datater/wu/data/zika/dsk/forward_10542-10780.kCountSorted
    jobid: 9
    wildcards: sample=zika, seg=10542-10780

Select jobs to execute...
[Tue Mar  9 16:48:51 2021]
Finished job 99.
31 of 44 steps (70%) done

[Tue Mar  9 16:48:51 2021]
rule dskForwardOutputSort:
    input: /datater/wu/data/zika/dsk/forward_2510-3011.kCount
    output: /datater/wu/data/zika/dsk/forward_2510-3011.kCountSorted
    jobid: 36
    wildcards: sample=zika, seg=2510-3011

[Tue Mar  9 16:48:51 2021]
rule dskForwardOutputSort:
    input: /datater/wu/data/zika/dsk/forward_4016-4517.kCount
    output: /datater/wu/data/zika/dsk/forward_4016-4517.kCountSorted
    jobid: 30
    wildcards: sample=zika, seg=4016-4517

Select jobs to execute...

[Tue Mar  9 16:48:51 2021]
rule dskForwardOutputSort:
    input: /datater/wu/data/zika/dsk/forward_3012-3513.kCount
    output: /datater/wu/data/zika/dsk/forward_3012-3513.kCountSorted
    jobid: 54
    wildcards: sample=zika, seg=3012-3513

[Tue Mar  9 16:48:51 2021]
Finished job 87.
32 of 44 steps (73%) done
[Tue Mar  9 16:48:51 2021]
Finished job 27.
33 of 44 steps (75%) done
[Tue Mar  9 16:48:51 2021]
Finished job 102.
34 of 44 steps (77%) done
[Tue Mar  9 16:48:51 2021]
Finished job 105.
35 of 44 steps (80%) done
[Tue Mar  9 16:48:51 2021]
Finished job 12.
36 of 44 steps (82%) done
[Tue Mar  9 16:48:51 2021]
Finished job 60.
37 of 44 steps (84%) done
[Tue Mar  9 16:48:51 2021]
Finished job 72.
38 of 44 steps (86%) done
[Tue Mar  9 16:48:51 2021]
Finished job 111.
39 of 44 steps (89%) done
[Tue Mar  9 16:48:51 2021]
Finished job 9.
40 of 44 steps (91%) done
[Tue Mar  9 16:48:51 2021]
Finished job 30.
41 of 44 steps (93%) done
[Tue Mar  9 16:48:51 2021]
Finished job 36.
42 of 44 steps (95%) done
[Tue Mar  9 16:48:51 2021]
Finished job 54.
43 of 44 steps (98%) done
Select jobs to execute...

[Tue Mar  9 16:48:51 2021]
localrule all:
    input: /datater/wu/data/zika/dsk/forward_10542-10780.kCountSorted, /datater/wu/data/zika/dsk/forward_8283-8784.kCountSorted, /datater/wu/data/zika/dsk/forward_6275-6776.kCountSorted, /datater/wu/data/zika/dsk/forward_5271-5772.kCountSorted, /datater/wu/data/zika/dsk/forward_5522-6023.kCountSorted, /datater/wu/data/zika/dsk/forward_7781-8282.kCountSorted, /datater/wu/data/zika/dsk/forward_6777-7278.kCountSorted, /datater/wu/data/zika/dsk/forward_4016-4517.kCountSorted, /datater/wu/data/zika/dsk/forward_2259-2760.kCountSorted, /datater/wu/data/zika/dsk/forward_2510-3011.kCountSorted, /datater/wu/data/zika/dsk/forward_7279-7780.kCountSorted, /datater/wu/data/zika/dsk/forward_251-752.kCountSorted, /datater/wu/data/zika/dsk/forward_9789-10290.kCountSorted, /datater/wu/data/zika/dsk/forward_8534-9035.kCountSorted, /datater/wu/data/zika/dsk/forward_6526-7027.kCountSorted, /datater/wu/data/zika/dsk/forward_3012-3513.kCountSorted, /datater/wu/data/zika/dsk/forward_0-501.kCountSorted, /datater/wu/data/zika/dsk/forward_7028-7529.kCountSorted, /datater/wu/data/zika/dsk/forward_1506-2007.kCountSorted, /datater/wu/data/zika/dsk/forward_9538-10039.kCountSorted, /datater/wu/data/zika/dsk/forward_9036-9537.kCountSorted, /datater/wu/data/zika/dsk/forward_4267-4768.kCountSorted, /datater/wu/data/zika/dsk/forward_1757-2258.kCountSorted, /datater/wu/data/zika/dsk/forward_2008-2509.kCountSorted, /datater/wu/data/zika/dsk/forward_2761-3262.kCountSorted, /datater/wu/data/zika/dsk/forward_8785-9286.kCountSorted, /datater/wu/data/zika/dsk/forward_4769-5270.kCountSorted, /datater/wu/data/zika/dsk/forward_5020-5521.kCountSorted, /datater/wu/data/zika/dsk/forward_9287-9788.kCountSorted, /datater/wu/data/zika/dsk/forward_3765-4266.kCountSorted, /datater/wu/data/zika/dsk/forward_502-1003.kCountSorted, /datater/wu/data/zika/dsk/forward_8032-8533.kCountSorted, /datater/wu/data/zika/dsk/forward_10291-10792.kCountSorted, /datater/wu/data/zika/dsk/forward_6024-6525.kCountSorted, /datater/wu/data/zika/dsk/forward_7530-8031.kCountSorted, /datater/wu/data/zika/dsk/forward_1255-1756.kCountSorted, /datater/wu/data/zika/dsk/forward_4518-5019.kCountSorted, /datater/wu/data/zika/dsk/forward_5773-6274.kCountSorted, /datater/wu/data/zika/dsk/forward_3514-4015.kCountSorted, /datater/wu/data/zika/dsk/forward_1004-1505.kCountSorted, /datater/wu/data/zika/dsk/forward_753-1254.kCountSorted, /datater/wu/data/zika/dsk/forward_3263-3764.kCountSorted, /datater/wu/data/zika/dsk/forward_10040-10541.kCountSorted
    jobid: 0

[Tue Mar  9 16:48:51 2021]
Finished job 0.
44 of 44 steps (100%) done
Complete log: /datater/wu/stage_m2/.snakemake/log/2021-03-09T164847.749391.snakemake.log
