Building DAG of jobs...
Using shell: /bin/bash
Provided cores: 12
Rules claiming more threads will be scaled down.
Conda environments: ignored
Job counts:
	count	jobs
	1	all
	43	filter_within_seg
	44
Select jobs to execute...

[Tue Mar  9 17:22:18 2021]
rule filter_within_seg:
    input: /datater/wu/data/zika/dsk/forward_1255-1756.kCountSorted
    output: /datater/wu/data/zika/primer3_Tm/forward_1255-1756.Tm
    jobid: 144
    wildcards: sample=zika, seg=1255-1756

[Tue Mar  9 17:22:18 2021]
rule filter_within_seg:
    input: /datater/wu/data/zika/dsk/forward_6024-6525.kCountSorted
    output: /datater/wu/data/zika/primer3_Tm/forward_6024-6525.Tm
    jobid: 143
    wildcards: sample=zika, seg=6024-6525

[Tue Mar  9 17:22:18 2021]
rule filter_within_seg:
    input: /datater/wu/data/zika/dsk/forward_6777-7278.kCountSorted
    output: /datater/wu/data/zika/primer3_Tm/forward_6777-7278.Tm
    jobid: 150
    wildcards: sample=zika, seg=6777-7278

[Tue Mar  9 17:22:18 2021]
rule filter_within_seg:
    input: /datater/wu/data/zika/dsk/forward_9287-9788.kCountSorted
    output: /datater/wu/data/zika/primer3_Tm/forward_9287-9788.Tm
    jobid: 158
    wildcards: sample=zika, seg=9287-9788

[Tue Mar  9 17:22:18 2021]
rule filter_within_seg:
    input: /datater/wu/data/zika/dsk/forward_5271-5772.kCountSorted
    output: /datater/wu/data/zika/primer3_Tm/forward_5271-5772.Tm
    jobid: 165
    wildcards: sample=zika, seg=5271-5772

[Tue Mar  9 17:22:18 2021]
rule filter_within_seg:
    input: /datater/wu/data/zika/dsk/forward_4267-4768.kCountSorted
    output: /datater/wu/data/zika/primer3_Tm/forward_4267-4768.Tm
    jobid: 173
    wildcards: sample=zika, seg=4267-4768

[Tue Mar  9 17:22:18 2021]
rule filter_within_seg:
    input: /datater/wu/data/zika/dsk/forward_4016-4517.kCountSorted
    output: /datater/wu/data/zika/primer3_Tm/forward_4016-4517.Tm
    jobid: 157
    wildcards: sample=zika, seg=4016-4517

[Tue Mar  9 17:22:18 2021]
rule filter_within_seg:
    input: /datater/wu/data/zika/dsk/forward_1004-1505.kCountSorted
    output: /datater/wu/data/zika/primer3_Tm/forward_1004-1505.Tm
    jobid: 142
    wildcards: sample=zika, seg=1004-1505

[Tue Mar  9 17:22:18 2021]
rule filter_within_seg:
    input: /datater/wu/data/zika/dsk/forward_251-752.kCountSorted
    output: /datater/wu/data/zika/primer3_Tm/forward_251-752.Tm
    jobid: 164
    wildcards: sample=zika, seg=251-752

[Tue Mar  9 17:22:18 2021]
rule filter_within_seg:
    input: /datater/wu/data/zika/dsk/forward_8283-8784.kCountSorted
    output: /datater/wu/data/zika/primer3_Tm/forward_8283-8784.Tm
    jobid: 149
    wildcards: sample=zika, seg=8283-8784

[Tue Mar  9 17:22:18 2021]
rule filter_within_seg:
    input: /datater/wu/data/zika/dsk/forward_10040-10541.kCountSorted
    output: /datater/wu/data/zika/primer3_Tm/forward_10040-10541.Tm
    jobid: 172
    wildcards: sample=zika, seg=10040-10541

[Tue Mar  9 17:22:18 2021]
rule filter_within_seg:
    input: /datater/wu/data/zika/dsk/forward_7279-7780.kCountSorted
    output: /datater/wu/data/zika/primer3_Tm/forward_7279-7780.Tm
    jobid: 179
    wildcards: sample=zika, seg=7279-7780

Shutting down, this might take some time.
Exiting because a job execution failed. Look above for error message
Complete log: /datater/wu/stage_m2/.snakemake/log/2021-03-09T172217.910789.snakemake.log
