Building DAG of jobs...
Using shell: /bin/bash
Provided cores: 12
Rules claiming more threads will be scaled down.
Conda environments: ignored
Job counts:
	count	jobs
	1	MSA
	1	all
	1	checkHeterodimer
	1	evaluation2
	1	getKmerPosition1
	1	getKmerPosition2
	1	getKmerPosition3
	1	getKmerPosition4
	1	specific1
	1	specific3
	1	specific4
	11
Select jobs to execute...

[Mon Apr 26 13:15:58 2021]
rule MSA:
    input: /datater/wu/data/MSSPE-variant/coronavirus/coronavirus0.99.uniq
    output: /datater/wu/data/MSSPE-variant/coronavirus/coronavirus0.99.msa
    log: /datater/wu/data/MSSPE-variant/coronavirus/log/mafft.log
    jobid: 12
    wildcards: sample=coronavirus


[Mon Apr 26 13:15:58 2021]
rule specific1:
    input: /datater/wu/data/MSSPE-variant/coronavirus/kmer13/allKmerCount.sorted.calculated.filtered.txt
    output: /datater/wu/data/MSSPE-variant/coronavirus/kmer13/intermediate/allKmerCount.sorted.calculated.filtered.fasta
    jobid: 7
    wildcards: sample=coronavirus

[Mon Apr 26 13:15:59 2021]
Finished job 7.
1 of 11 steps (9%) done
Select jobs to execute...

[Mon Apr 26 13:15:59 2021]
rule specific3:
    input: /datater/wu/data/MSSPE-variant/coronavirus/kmer13/intermediate/allKmerCount.sorted.calculated.filtered.fasta, /datater/wu/data/RefSeqProkaryota/RefSeqProkaryota.DB.1.ebwt, /datater/wu/data/RefSeqProkaryota/RefSeqProkaryota.DB.2.ebwt, /datater/wu/data/RefSeqProkaryota/RefSeqProkaryota.DB.3.ebwt, /datater/wu/data/RefSeqProkaryota/RefSeqProkaryota.DB.4.ebwt, /datater/wu/data/RefSeqProkaryota/RefSeqProkaryota.DB.rev.1.ebwt, /datater/wu/data/RefSeqProkaryota/RefSeqProkaryota.DB.rev.2.ebwt
    output: /datater/wu/data/MSSPE-variant/coronavirus/kmer13/intermediate/allKmerCount.sorted.calculated.filtered.bowtie
    jobid: 9
    wildcards: sample=coronavirus

[Mon Apr 26 13:15:59 2021]
Error in rule specific3:
    jobid: 9
    output: /datater/wu/data/MSSPE-variant/coronavirus/kmer13/intermediate/allKmerCount.sorted.calculated.filtered.bowtie
    shell:
        
        bowtie         -x /datater/wu/data/RefSeqProkaryota/RefSeqProkaryota.DB -f /datater/wu/data/MSSPE-variant/coronavirus/kmer13/intermediate/allKmerCount.sorted.calculated.filtered.fasta /datater/wu/data/RefSeqProkaryota/RefSeqProkaryota.DB.1.ebwt /datater/wu/data/RefSeqProkaryota/RefSeqProkaryota.DB.2.ebwt /datater/wu/data/RefSeqProkaryota/RefSeqProkaryota.DB.3.ebwt /datater/wu/data/RefSeqProkaryota/RefSeqProkaryota.DB.4.ebwt /datater/wu/data/RefSeqProkaryota/RefSeqProkaryota.DB.rev.1.ebwt /datater/wu/data/RefSeqProkaryota/RefSeqProkaryota.DB.rev.2.ebwt         -v 0 -l 7 -a         --sam         -p 12         /datater/wu/data/MSSPE-variant/coronavirus/kmer13/intermediate/allKmerCount.sorted.calculated.filtered.bowtie
        
        (one of the commands exited with non-zero exit code; note that snakemake uses bash strict mode!)

Terminating processes on user request, this might take some time.
[Mon Apr 26 13:16:56 2021]
Error in rule MSA:
    jobid: 12
    output: /datater/wu/data/MSSPE-variant/coronavirus/coronavirus0.99.msa
    log: /datater/wu/data/MSSPE-variant/coronavirus/log/mafft.log (check log file(s) for error message)
    shell:
        mafft --auto         --thread -1         --op 1.53         --ep 0.123         --bl 62         --jtt 62         --tm 62                           --inputorder                                    /datater/wu/data/MSSPE-variant/coronavirus/coronavirus0.99.uniq > /datater/wu/data/MSSPE-variant/coronavirus/coronavirus0.99.msa         2> /datater/wu/data/MSSPE-variant/coronavirus/log/mafft.log
        (one of the commands exited with non-zero exit code; note that snakemake uses bash strict mode!)

Removing output files of failed job MSA since they might be corrupted:
/datater/wu/data/MSSPE-variant/coronavirus/coronavirus0.99.msa
Complete log: /datater/wu/MSSPE/.snakemake/log/2021-04-26T131557.917995.snakemake.log
