Building DAG of jobs...
Using shell: /bin/bash
Provided cores: 12
Rules claiming more threads will be scaled down.
Conda environments: ignored
Job counts:
	count	jobs
	1	taxID_and_specieName
	1
Select jobs to execute...

[Wed Apr 14 10:43:42 2021]
rule taxID_and_specieName:
    input: /datater/wu/data/coronavirus/coronavirus0.99.uniq
    output: /datater/wu/data/coronavirus/evaluation13/aceID-taxID-species.tsv
    jobid: 0
    wildcards: sample=coronavirus

[Wed Apr 14 10:56:16 2021]
Finished job 0.
1 of 1 steps (100%) done
Complete log: /datater/wu/stage_m2/.snakemake/log/2021-04-14T104341.750478.snakemake.log
