Building DAG of jobs...
Using shell: /bin/bash
Provided cores: 12
Rules claiming more threads will be scaled down.
Conda environments: ignored
Job counts:
	count	jobs
	43	TmCalculate_CG
	1	all
	44
Select jobs to execute...

[Tue Mar  9 17:13:03 2021]
rule TmCalculate_CG:
    input: /datater/wu/data/zika/dsk/forward_5773-6274.kCountSorted
    output: /datater/wu/data/zika/primer3_Tm/forward_5773-6274.Tm
    jobid: 143
    wildcards: sample=zika, seg=5773-6274

[Tue Mar  9 17:13:03 2021]
rule TmCalculate_CG:
    input: /datater/wu/data/zika/dsk/forward_2510-3011.kCountSorted
    output: /datater/wu/data/zika/primer3_Tm/forward_2510-3011.Tm
    jobid: 142
    wildcards: sample=zika, seg=2510-3011

[Tue Mar  9 17:13:03 2021]
rule TmCalculate_CG:
    input: /datater/wu/data/zika/dsk/forward_2259-2760.kCountSorted
    output: /datater/wu/data/zika/primer3_Tm/forward_2259-2760.Tm
    jobid: 149
    wildcards: sample=zika, seg=2259-2760

[Tue Mar  9 17:13:03 2021]
rule TmCalculate_CG:
    input: /datater/wu/data/zika/dsk/forward_10291-10792.kCountSorted
    output: /datater/wu/data/zika/primer3_Tm/forward_10291-10792.Tm
    jobid: 157
    wildcards: sample=zika, seg=10291-10792

[Tue Mar  9 17:13:03 2021]
rule TmCalculate_CG:
    input: /datater/wu/data/zika/dsk/forward_7028-7529.kCountSorted
    output: /datater/wu/data/zika/primer3_Tm/forward_7028-7529.Tm
    jobid: 164
    wildcards: sample=zika, seg=7028-7529

[Tue Mar  9 17:13:03 2021]
rule TmCalculate_CG:
    input: /datater/wu/data/zika/dsk/forward_9538-10039.kCountSorted
    output: /datater/wu/data/zika/primer3_Tm/forward_9538-10039.Tm
    jobid: 172
    wildcards: sample=zika, seg=9538-10039

[Tue Mar  9 17:13:03 2021]
rule TmCalculate_CG:
    input: /datater/wu/data/zika/dsk/forward_7530-8031.kCountSorted
    output: /datater/wu/data/zika/primer3_Tm/forward_7530-8031.Tm
    jobid: 163
    wildcards: sample=zika, seg=7530-8031

[Tue Mar  9 17:13:03 2021]
rule TmCalculate_CG:
    input: /datater/wu/data/zika/dsk/forward_7781-8282.kCountSorted
    output: /datater/wu/data/zika/primer3_Tm/forward_7781-8282.Tm
    jobid: 156
    wildcards: sample=zika, seg=7781-8282

[Tue Mar  9 17:13:03 2021]
rule TmCalculate_CG:
    input: /datater/wu/data/zika/dsk/forward_0-501.kCountSorted
    output: /datater/wu/data/zika/primer3_Tm/forward_0-501.Tm
    jobid: 141
    wildcards: sample=zika, seg=0-501

[Tue Mar  9 17:13:03 2021]
rule TmCalculate_CG:
    input: /datater/wu/data/zika/dsk/forward_7279-7780.kCountSorted
    output: /datater/wu/data/zika/primer3_Tm/forward_7279-7780.Tm
    jobid: 148
    wildcards: sample=zika, seg=7279-7780

[Tue Mar  9 17:13:03 2021]
rule TmCalculate_CG:
    input: /datater/wu/data/zika/dsk/forward_4518-5019.kCountSorted
    output: /datater/wu/data/zika/primer3_Tm/forward_4518-5019.Tm
    jobid: 171
    wildcards: sample=zika, seg=4518-5019

[Tue Mar  9 17:13:03 2021]
rule TmCalculate_CG:
    input: /datater/wu/data/zika/dsk/forward_1757-2258.kCountSorted
    output: /datater/wu/data/zika/primer3_Tm/forward_1757-2258.Tm
    jobid: 178
    wildcards: sample=zika, seg=1757-2258

Shutting down, this might take some time.
Exiting because a job execution failed. Look above for error message
Complete log: /datater/wu/stage_m2/.snakemake/log/2021-03-09T171303.184500.snakemake.log
