Building DAG of jobs...
Updating job aggregateAllReverseOligo.
Using shell: /bin/bash
Provided cores: 12
Rules claiming more threads will be scaled down.
Conda environments: ignored
Job counts:
	count	jobs
	1	all
	1	get_TaxID
	2
Select jobs to execute...

[Wed Apr  7 13:00:28 2021]
rule get_TaxID:
    input: /datater/wu/data/enterovirus/evaluation/allOligos_reverse.set.blastn
    output: /datater/wu/data/enterovirus/evaluation/allOligos_reverse.set.blastn.taxid
    jobid: 1
    wildcards: sample=enterovirus

[Wed Apr  7 13:00:42 2021]
Finished job 1.
1 of 2 steps (50%) done
Select jobs to execute...

[Wed Apr  7 13:00:42 2021]
localrule all:
    input: /datater/wu/data/enterovirus/evaluation/allOligos_reverse.set.blastn.taxid
    jobid: 0

[Wed Apr  7 13:00:42 2021]
Finished job 0.
2 of 2 steps (100%) done
Complete log: /datater/wu/stage_m2/.snakemake/log/2021-04-07T130027.837559.snakemake.log
