Building DAG of jobs...
Updating job filtering2.
Using shell: /bin/bash
Provided cores: 6
Rules claiming more threads will be scaled down.
Conda environments: ignored
Job counts:
	count	jobs
	1	all
	32	calculateKmer_sort
	1	checkHeterodimer
	23	countKmer1
	26	countKmer2
	1	evaluation2
	1	evaluation3
	37	filtering1
	1	filtering2
	1	filtering3
	1	specific1
	1	specific3
	1	specific4
	127
Select jobs to execute...

[Thu Apr 29 14:17:56 2021]
rule countKmer1:
    input: /datater/wu/data/MSSPE-clustering/zika/splitFiles/reverse6526-7027.fasta
    output: /datater/wu/data/MSSPE-clustering/zika/kmer15/intermediate/reverse6526-7027.jf
    jobid: 99
    wildcards: sample=zika, seg=6526-7027


[Thu Apr 29 14:17:56 2021]
rule filtering1:
    input: /datater/wu/data/MSSPE-clustering/zika/kmer15/intermediate/reverse0-501.Kmercount.sorted.txt
    output: /datater/wu/data/MSSPE-clustering/zika/kmer15/intermediate/reverse0-501.Kmercount.sorted.calculated.txt
    jobid: 116
    wildcards: sample=zika, seg=0-501

[Thu Apr 29 14:17:56 2021]
rule countKmer1:
    input: /datater/wu/data/MSSPE-clustering/zika/splitFiles/reverse7781-8282.fasta
    output: /datater/wu/data/MSSPE-clustering/zika/kmer15/intermediate/reverse7781-8282.jf
    jobid: 159
    wildcards: sample=zika, seg=7781-8282


[Thu Apr 29 14:17:56 2021]
rule countKmer1:
    input: /datater/wu/data/MSSPE-clustering/zika/splitFiles/reverse10040-10541.fasta
    output: /datater/wu/data/MSSPE-clustering/zika/kmer15/intermediate/reverse10040-10541.jf
    jobid: 27
    wildcards: sample=zika, seg=10040-10541


[Thu Apr 29 14:17:56 2021]
rule calculateKmer_sort:
    input: /datater/wu/data/MSSPE-clustering/zika/kmer15/intermediate/reverse1004-1505.Kmercount.txt
    output: /datater/wu/data/MSSPE-clustering/zika/kmer15/intermediate/reverse1004-1505.Kmercount.sorted.txt
    jobid: 109
    wildcards: sample=zika, seg=1004-1505


[Thu Apr 29 14:17:56 2021]
rule countKmer1:
    input: /datater/wu/data/MSSPE-clustering/zika/splitFiles/reverse8785-9286.fasta
    output: /datater/wu/data/MSSPE-clustering/zika/kmer15/intermediate/reverse8785-9286.jf
    jobid: 55
    wildcards: sample=zika, seg=8785-9286

[Thu Apr 29 14:17:56 2021]
Finished job 109.
1 of 127 steps (0.79%) done
Select jobs to execute...

[Thu Apr 29 14:17:56 2021]
rule countKmer1:
    input: /datater/wu/data/MSSPE-clustering/zika/splitFiles/reverse4016-4517.fasta
    output: /datater/wu/data/MSSPE-clustering/zika/kmer15/intermediate/reverse4016-4517.jf
    jobid: 183
    wildcards: sample=zika, seg=4016-4517

[Thu Apr 29 14:17:57 2021]
Finished job 116.
2 of 127 steps (2%) done
Select jobs to execute...

[Thu Apr 29 14:17:57 2021]
rule countKmer1:
    input: /datater/wu/data/MSSPE-clustering/zika/splitFiles/reverse9287-9788.fasta
    output: /datater/wu/data/MSSPE-clustering/zika/kmer15/intermediate/reverse9287-9788.jf
    jobid: 131
    wildcards: sample=zika, seg=9287-9788

Terminating processes on user request, this might take some time.
[Thu Apr 29 14:23:29 2021]
[Thu Apr 29 14:23:29 2021]
[Thu Apr 29 14:23:29 2021]
Error in rule countKmer1:
Error in rule countKmer1:
Error in rule countKmer1:
    jobid: 183
    jobid: 55
    jobid: 131
    output: /datater/wu/data/MSSPE-clustering/zika/kmer15/intermediate/reverse4016-4517.jf
    output: /datater/wu/data/MSSPE-clustering/zika/kmer15/intermediate/reverse8785-9286.jf
    output: /datater/wu/data/MSSPE-clustering/zika/kmer15/intermediate/reverse9287-9788.jf
    shell:
        
        jellyfish count         -m 15         -s 3G         -t 12         -o /datater/wu/data/MSSPE-clustering/zika/kmer15/intermediate/reverse4016-4517.jf /datater/wu/data/MSSPE-clustering/zika/splitFiles/reverse4016-4517.fasta
        
        (one of the commands exited with non-zero exit code; note that snakemake uses bash strict mode!)
    shell:
        
        jellyfish count         -m 15         -s 3G         -t 12         -o /datater/wu/data/MSSPE-clustering/zika/kmer15/intermediate/reverse8785-9286.jf /datater/wu/data/MSSPE-clustering/zika/splitFiles/reverse8785-9286.fasta
        
        (one of the commands exited with non-zero exit code; note that snakemake uses bash strict mode!)
    shell:
        
        jellyfish count         -m 15         -s 3G         -t 12         -o /datater/wu/data/MSSPE-clustering/zika/kmer15/intermediate/reverse9287-9788.jf /datater/wu/data/MSSPE-clustering/zika/splitFiles/reverse9287-9788.fasta
        
        (one of the commands exited with non-zero exit code; note that snakemake uses bash strict mode!)



Removing output files of failed job countKmer1 since they might be corrupted:
/datater/wu/data/MSSPE-clustering/zika/kmer15/intermediate/reverse4016-4517.jf
Removing output files of failed job countKmer1 since they might be corrupted:
/datater/wu/data/MSSPE-clustering/zika/kmer15/intermediate/reverse8785-9286.jf
Removing output files of failed job countKmer1 since they might be corrupted:
/datater/wu/data/MSSPE-clustering/zika/kmer15/intermediate/reverse9287-9788.jf
[Thu Apr 29 14:23:29 2021]
Error in rule countKmer1:
    jobid: 27
    output: /datater/wu/data/MSSPE-clustering/zika/kmer15/intermediate/reverse10040-10541.jf
    shell:
        
        jellyfish count         -m 15         -s 3G         -t 12         -o /datater/wu/data/MSSPE-clustering/zika/kmer15/intermediate/reverse10040-10541.jf /datater/wu/data/MSSPE-clustering/zika/splitFiles/reverse10040-10541.fasta
        
        (one of the commands exited with non-zero exit code; note that snakemake uses bash strict mode!)

Removing output files of failed job countKmer1 since they might be corrupted:
/datater/wu/data/MSSPE-clustering/zika/kmer15/intermediate/reverse10040-10541.jf
[Thu Apr 29 14:23:29 2021]
Error in rule countKmer1:
    jobid: 159
    output: /datater/wu/data/MSSPE-clustering/zika/kmer15/intermediate/reverse7781-8282.jf
    shell:
        
        jellyfish count         -m 15         -s 3G         -t 12         -o /datater/wu/data/MSSPE-clustering/zika/kmer15/intermediate/reverse7781-8282.jf /datater/wu/data/MSSPE-clustering/zika/splitFiles/reverse7781-8282.fasta
        
        (one of the commands exited with non-zero exit code; note that snakemake uses bash strict mode!)

Removing output files of failed job countKmer1 since they might be corrupted:
/datater/wu/data/MSSPE-clustering/zika/kmer15/intermediate/reverse7781-8282.jf
[Thu Apr 29 14:23:29 2021]
Error in rule countKmer1:
    jobid: 99
    output: /datater/wu/data/MSSPE-clustering/zika/kmer15/intermediate/reverse6526-7027.jf
    shell:
        
        jellyfish count         -m 15         -s 3G         -t 12         -o /datater/wu/data/MSSPE-clustering/zika/kmer15/intermediate/reverse6526-7027.jf /datater/wu/data/MSSPE-clustering/zika/splitFiles/reverse6526-7027.fasta
        
        (one of the commands exited with non-zero exit code; note that snakemake uses bash strict mode!)

Removing output files of failed job countKmer1 since they might be corrupted:
/datater/wu/data/MSSPE-clustering/zika/kmer15/intermediate/reverse6526-7027.jf
Complete log: /datater/wu/MSSPE/.snakemake/log/2021-04-29T141755.955675.snakemake.log
