Building DAG of jobs...
MissingInputException in line 42 of /datater/wu/stage_m2/Snakefile:
Missing input files for rule all:
/datater/wu/data/kmerCounting/enterovirus.forward.9180-9398.h5
/datater/wu/data/kmerCounting/enterovirus.reverse.1275-1780.h5
/datater/wu/data/kmerCounting/enterovirus.forward.5610-6115.h5
/datater/wu/data/kmerCounting/enterovirus.forward.8160-8665.h5
/datater/wu/data/kmerCounting/enterovirus.forward.4590-5095.h5
/datater/wu/data/kmerCounting/enterovirus.forward.6885-7390.h5
/datater/wu/data/kmerCounting/enterovirus.forward.7905-8410.h5
/datater/wu/data/kmerCounting/enterovirus.reverse.1020-1525.h5
/datater/wu/data/kmerCounting/enterovirus.reverse.3060-3565.h5
/datater/wu/data/kmerCounting/enterovirus.reverse.8925-9430.h5
/datater/wu/data/kmerCounting/enterovirus.reverse.5865-6370.h5
/datater/wu/data/kmerCounting/enterovirus.reverse.0-505.h5
/datater/wu/data/kmerCounting/enterovirus.forward.8925-9430.h5
/datater/wu/data/kmerCounting/enterovirus.reverse.1785-2290.h5
/datater/wu/data/kmerCounting/enterovirus.forward.510-1015.h5
/datater/wu/data/kmerCounting/enterovirus.reverse.8670-9175.h5
/datater/wu/data/kmerCounting/enterovirus.forward.4335-4840.h5
/datater/wu/data/kmerCounting/enterovirus.reverse.6120-6625.h5
/datater/wu/data/kmerCounting/enterovirus.reverse.4845-5350.h5
/datater/wu/data/kmerCounting/enterovirus.forward.3060-3565.h5
/datater/wu/data/kmerCounting/enterovirus.forward.5355-5860.h5
/datater/wu/data/kmerCounting/enterovirus.reverse.5100-5605.h5
/datater/wu/data/kmerCounting/enterovirus.forward.5100-5605.h5
/datater/wu/data/kmerCounting/enterovirus.forward.5865-6370.h5
/datater/wu/data/kmerCounting/enterovirus.forward.255-760.h5
/datater/wu/data/kmerCounting/enterovirus.forward.2550-3055.h5
/datater/wu/data/kmerCounting/enterovirus.forward.6375-6880.h5
/datater/wu/data/kmerCounting/enterovirus.reverse.2040-2545.h5
/datater/wu/data/kmerCounting/enterovirus.reverse.5355-5860.h5
/datater/wu/data/kmerCounting/enterovirus.reverse.510-1015.h5
/datater/wu/data/kmerCounting/enterovirus.forward.7140-7645.h5
/datater/wu/data/kmerCounting/enterovirus.forward.0-505.h5
/datater/wu/data/kmerCounting/enterovirus.forward.3825-4330.h5
/datater/wu/data/kmerCounting/enterovirus.forward.2805-3310.h5
/datater/wu/data/kmerCounting/enterovirus.reverse.6885-7390.h5
/datater/wu/data/kmerCounting/enterovirus.forward.765-1270.h5
/datater/wu/data/kmerCounting/enterovirus.reverse.4335-4840.h5
/datater/wu/data/kmerCounting/enterovirus.reverse.3825-4330.h5
/datater/wu/data/kmerCounting/enterovirus.reverse.255-760.h5
/datater/wu/data/kmerCounting/enterovirus.reverse.3570-4075.h5
/datater/wu/data/kmerCounting/enterovirus.forward.6630-7135.h5
/datater/wu/data/kmerCounting/enterovirus.reverse.6630-7135.h5
/datater/wu/data/kmerCounting/enterovirus.forward.7395-7900.h5
/datater/wu/data/kmerCounting/enterovirus.forward.8670-9175.h5
/datater/wu/data/kmerCounting/enterovirus.reverse.7650-8155.h5
/datater/wu/data/kmerCounting/enterovirus.forward.2295-2800.h5
/datater/wu/data/kmerCounting/enterovirus.reverse.2550-3055.h5
/datater/wu/data/kmerCounting/enterovirus.reverse.9180-9398.h5
/datater/wu/data/kmerCounting/enterovirus.reverse.7905-8410.h5
/datater/wu/data/kmerCounting/enterovirus.reverse.765-1270.h5
/datater/wu/data/kmerCounting/enterovirus.forward.1275-1780.h5
/datater/wu/data/kmerCounting/enterovirus.reverse.4590-5095.h5
/datater/wu/data/kmerCounting/enterovirus.forward.6120-6625.h5
/datater/wu/data/kmerCounting/enterovirus.forward.1785-2290.h5
/datater/wu/data/kmerCounting/enterovirus.reverse.2295-2800.h5
/datater/wu/data/kmerCounting/enterovirus.reverse.6375-6880.h5
/datater/wu/data/kmerCounting/enterovirus.forward.1020-1525.h5
/datater/wu/data/kmerCounting/enterovirus.reverse.3315-3820.h5
/datater/wu/data/kmerCounting/enterovirus.forward.4845-5350.h5
/datater/wu/data/kmerCounting/enterovirus.forward.3315-3820.h5
/datater/wu/data/kmerCounting/enterovirus.reverse.1530-2035.h5
/datater/wu/data/kmerCounting/enterovirus.forward.4080-4585.h5
/datater/wu/data/kmerCounting/enterovirus.reverse.4080-4585.h5
/datater/wu/data/kmerCounting/enterovirus.forward.8415-8920.h5
/datater/wu/data/kmerCounting/enterovirus.reverse.2805-3310.h5
/datater/wu/data/kmerCounting/enterovirus.reverse.7140-7645.h5
/datater/wu/data/kmerCounting/enterovirus.forward.1530-2035.h5
/datater/wu/data/kmerCounting/enterovirus.forward.2040-2545.h5
/datater/wu/data/kmerCounting/enterovirus.reverse.8415-8920.h5
/datater/wu/data/kmerCounting/enterovirus.reverse.8160-8665.h5
/datater/wu/data/kmerCounting/enterovirus.forward.3570-4075.h5
/datater/wu/data/kmerCounting/enterovirus.forward.7650-8155.h5
/datater/wu/data/kmerCounting/enterovirus.reverse.7395-7900.h5
/datater/wu/data/kmerCounting/enterovirus.reverse.5610-6115.h5
