Building DAG of jobs...
Using shell: /bin/bash
Provided cores: 12
Rules claiming more threads will be scaled down.
Conda environments: ignored
Job counts:
	count	jobs
	1	MSA
	1	all
	1	checkHeterodimer
	1	clustering
	1	countAllKmer1
	1	countAllKmer2
	1	evaluation1
	1	evaluation2
	1	evaluation3
	1	filtering1
	1	filtering2
	1	getKmerPosition1
	1	getKmerPosition2
	1	getKmerPosition3
	1	getKmerPosition4
	1	removeDuplicateSeq
	1	sortAllKmer
	1	specific1
	1	specific2
	1	specific3
	1	specific4
	21
Select jobs to execute...

[Fri Apr 30 10:17:32 2021]
rule specific2:
    input: /datater/wu/data/RefSeqProkaryota/RefSeqProkaryota.fna
    output: /datater/wu/data/RefSeqProkaryota/RefSeqProkaryota.DB.1.ebwt, /datater/wu/data/RefSeqProkaryota/RefSeqProkaryota.DB.2.ebwt, /datater/wu/data/RefSeqProkaryota/RefSeqProkaryota.DB.3.ebwt, /datater/wu/data/RefSeqProkaryota/RefSeqProkaryota.DB.4.ebwt, /datater/wu/data/RefSeqProkaryota/RefSeqProkaryota.DB.rev.1.ebwt, /datater/wu/data/RefSeqProkaryota/RefSeqProkaryota.DB.rev.2.ebwt
    jobid: 8


[Fri Apr 30 10:17:32 2021]
rule removeDuplicateSeq:
    input: /datater/wu/data/enterovirusCurated.fasta
    output: /datater/wu/data/MSSPE-variant/enterovirusCurated/enterovirusCurated.uniq
    jobid: 1
    wildcards: sample=enterovirusCurated

[Fri Apr 30 10:17:32 2021]
Finished job 1.
1 of 21 steps (5%) done
Select jobs to execute...

[Fri Apr 30 10:17:32 2021]
rule clustering:
    input: /datater/wu/data/MSSPE-variant/enterovirusCurated/enterovirusCurated.uniq
    output: /datater/wu/data/MSSPE-variant/enterovirusCurated/enterovirusCurated0.99.uniq
    jobid: 11
    wildcards: sample=enterovirusCurated


[Fri Apr 30 10:17:32 2021]
rule evaluation1:
    input: /datater/wu/data/MSSPE-variant/enterovirusCurated/enterovirusCurated.uniq, /datater/wu/data/ncbiTaxonomy/nucl_gb.accession2taxid, /datater/wu/data/ncbiTaxonomy/ncbi_lineages_2021-04-23.csv
    output: /datater/wu/data/MSSPE-variant/enterovirusCurated/kmer15/intermediate/aceID-taxID-species.tsv
    jobid: 18
    wildcards: sample=enterovirusCurated

[Fri Apr 30 10:17:32 2021]
rule countAllKmer1:
    input: /datater/wu/data/MSSPE-variant/enterovirusCurated/enterovirusCurated.uniq
    output: /datater/wu/data/MSSPE-variant/enterovirusCurated/kmer15/intermediate/allKmerCount.int.kmc_pre, /datater/wu/data/MSSPE-variant/enterovirusCurated/kmer15/intermediate/allKmerCount.int.kmc_suf
    jobid: 2
    wildcards: sample=enterovirusCurated

[Fri Apr 30 10:17:33 2021]
Finished job 11.
2 of 21 steps (10%) done
Select jobs to execute...

[Fri Apr 30 10:17:33 2021]
rule MSA:
    input: /datater/wu/data/MSSPE-variant/enterovirusCurated/enterovirusCurated0.99.uniq
    output: /datater/wu/data/MSSPE-variant/enterovirusCurated/enterovirusCurated0.99.msa
    log: /datater/wu/data/MSSPE-variant/enterovirusCurated/log/mafft.log
    jobid: 12
    wildcards: sample=enterovirusCurated

[Fri Apr 30 10:17:35 2021]
Finished job 2.
3 of 21 steps (14%) done
Select jobs to execute...

[Fri Apr 30 10:17:35 2021]
rule countAllKmer2:
    input: /datater/wu/data/MSSPE-variant/enterovirusCurated/kmer15/intermediate/allKmerCount.int.kmc_pre, /datater/wu/data/MSSPE-variant/enterovirusCurated/kmer15/intermediate/allKmerCount.int.kmc_suf
    output: /datater/wu/data/MSSPE-variant/enterovirusCurated/kmer15/intermediate/allKmerCount.txt
    jobid: 3
    wildcards: sample=enterovirusCurated

[Fri Apr 30 10:17:36 2021]
Finished job 3.
4 of 21 steps (19%) done
Select jobs to execute...

[Fri Apr 30 10:17:36 2021]
rule sortAllKmer:
    input: /datater/wu/data/MSSPE-variant/enterovirusCurated/kmer15/intermediate/allKmerCount.txt
    output: /datater/wu/data/MSSPE-variant/enterovirusCurated/kmer15/intermediate/allKmerCount.sorted.txt
    jobid: 4
    wildcards: sample=enterovirusCurated

[Fri Apr 30 10:17:37 2021]
Finished job 4.
5 of 21 steps (24%) done
Select jobs to execute...

[Fri Apr 30 10:17:37 2021]
rule filtering1:
    input: /datater/wu/data/MSSPE-variant/enterovirusCurated/kmer15/intermediate/allKmerCount.sorted.txt
    output: /datater/wu/data/MSSPE-variant/enterovirusCurated/kmer15/allKmerCount.sorted.calculated.txt
    jobid: 5
    wildcards: sample=enterovirusCurated

[Fri Apr 30 10:18:04 2021]
Finished job 8.
6 of 21 steps (29%) done
[Fri Apr 30 10:18:40 2021]
Finished job 5.
7 of 21 steps (33%) done
Select jobs to execute...

[Fri Apr 30 10:18:40 2021]
rule filtering2:
    input: /datater/wu/data/MSSPE-variant/enterovirusCurated/kmer15/allKmerCount.sorted.calculated.txt
    output: /datater/wu/data/MSSPE-variant/enterovirusCurated/kmer15/allKmerCount.sorted.calculated.filtered.txt
    jobid: 6
    wildcards: sample=enterovirusCurated

[Fri Apr 30 10:18:42 2021]
Finished job 6.
8 of 21 steps (38%) done
Select jobs to execute...

[Fri Apr 30 10:18:42 2021]
rule specific1:
    input: /datater/wu/data/MSSPE-variant/enterovirusCurated/kmer15/allKmerCount.sorted.calculated.filtered.txt
    output: /datater/wu/data/MSSPE-variant/enterovirusCurated/kmer15/intermediate/allKmerCount.sorted.calculated.filtered.fasta
    jobid: 7
    wildcards: sample=enterovirusCurated

[Fri Apr 30 10:18:43 2021]
Finished job 7.
9 of 21 steps (43%) done
Select jobs to execute...

[Fri Apr 30 10:18:43 2021]
rule specific3:
    input: /datater/wu/data/MSSPE-variant/enterovirusCurated/kmer15/intermediate/allKmerCount.sorted.calculated.filtered.fasta, /datater/wu/data/RefSeqProkaryota/RefSeqProkaryota.DB.1.ebwt, /datater/wu/data/RefSeqProkaryota/RefSeqProkaryota.DB.2.ebwt, /datater/wu/data/RefSeqProkaryota/RefSeqProkaryota.DB.3.ebwt, /datater/wu/data/RefSeqProkaryota/RefSeqProkaryota.DB.4.ebwt, /datater/wu/data/RefSeqProkaryota/RefSeqProkaryota.DB.rev.1.ebwt, /datater/wu/data/RefSeqProkaryota/RefSeqProkaryota.DB.rev.2.ebwt
    output: /datater/wu/data/MSSPE-variant/enterovirusCurated/kmer15/intermediate/allKmerCount.sorted.calculated.filtered.bowtie
    jobid: 9
    wildcards: sample=enterovirusCurated

[Fri Apr 30 10:18:44 2021]
Finished job 9.
10 of 21 steps (48%) done
Select jobs to execute...

[Fri Apr 30 10:18:44 2021]
rule specific4:
    input: /datater/wu/data/MSSPE-variant/enterovirusCurated/kmer15/intermediate/allKmerCount.sorted.calculated.filtered.bowtie, /datater/wu/data/MSSPE-variant/enterovirusCurated/kmer15/allKmerCount.sorted.calculated.filtered.txt
    output: /datater/wu/data/MSSPE-variant/enterovirusCurated/kmer15/allKmerCount.sorted.calculated.filtered.spec.txt
    jobid: 10
    wildcards: sample=enterovirusCurated

[Fri Apr 30 10:18:46 2021]
Finished job 10.
11 of 21 steps (52%) done
Select jobs to execute...

[Fri Apr 30 10:18:46 2021]
rule getKmerPosition1:
    input: /datater/wu/data/MSSPE-variant/enterovirusCurated/kmer15/allKmerCount.sorted.calculated.filtered.spec.txt
    output: /datater/wu/data/MSSPE-variant/enterovirusCurated/kmer15/intermediate/allKmerCount.sorted.calculated.filtered.spec.fasta
    jobid: 13
    wildcards: sample=enterovirusCurated

[Fri Apr 30 10:18:48 2021]
Finished job 13.
12 of 21 steps (57%) done
[Fri Apr 30 10:21:21 2021]
Finished job 18.
13 of 21 steps (62%) done
[Fri Apr 30 10:22:46 2021]
Finished job 12.
14 of 21 steps (67%) done
Select jobs to execute...

[Fri Apr 30 10:22:46 2021]
rule getKmerPosition2:
    input: /datater/wu/data/MSSPE-variant/enterovirusCurated/enterovirusCurated0.99.msa
    output: /datater/wu/data/MSSPE-variant/enterovirusCurated/enterovirusCurated0.99.msa.DB.1.ebwt, /datater/wu/data/MSSPE-variant/enterovirusCurated/enterovirusCurated0.99.msa.DB.2.ebwt, /datater/wu/data/MSSPE-variant/enterovirusCurated/enterovirusCurated0.99.msa.DB.3.ebwt, /datater/wu/data/MSSPE-variant/enterovirusCurated/enterovirusCurated0.99.msa.DB.4.ebwt, /datater/wu/data/MSSPE-variant/enterovirusCurated/enterovirusCurated0.99.msa.DB.rev.1.ebwt, /datater/wu/data/MSSPE-variant/enterovirusCurated/enterovirusCurated0.99.msa.DB.rev.2.ebwt
    jobid: 14
    wildcards: sample=enterovirusCurated

[Fri Apr 30 10:22:48 2021]
Finished job 14.
15 of 21 steps (71%) done
Select jobs to execute...

[Fri Apr 30 10:22:48 2021]
rule getKmerPosition3:
    input: /datater/wu/data/MSSPE-variant/enterovirusCurated/kmer15/intermediate/allKmerCount.sorted.calculated.filtered.spec.fasta, /datater/wu/data/MSSPE-variant/enterovirusCurated/enterovirusCurated0.99.msa.DB.1.ebwt, /datater/wu/data/MSSPE-variant/enterovirusCurated/enterovirusCurated0.99.msa.DB.2.ebwt, /datater/wu/data/MSSPE-variant/enterovirusCurated/enterovirusCurated0.99.msa.DB.3.ebwt, /datater/wu/data/MSSPE-variant/enterovirusCurated/enterovirusCurated0.99.msa.DB.4.ebwt, /datater/wu/data/MSSPE-variant/enterovirusCurated/enterovirusCurated0.99.msa.DB.rev.1.ebwt, /datater/wu/data/MSSPE-variant/enterovirusCurated/enterovirusCurated0.99.msa.DB.rev.2.ebwt
    output: /datater/wu/data/MSSPE-variant/enterovirusCurated/kmer15/intermediate/allKmerCount.sorted.calculated.filtered.spec.bowtie
    jobid: 15
    wildcards: sample=enterovirusCurated

[Fri Apr 30 10:22:48 2021]
Finished job 15.
16 of 21 steps (76%) done
Select jobs to execute...

[Fri Apr 30 10:22:48 2021]
rule getKmerPosition4:
    input: /datater/wu/data/MSSPE-variant/enterovirusCurated/kmer15/intermediate/allKmerCount.sorted.calculated.filtered.spec.bowtie, /datater/wu/data/MSSPE-variant/enterovirusCurated/kmer15/allKmerCount.sorted.calculated.filtered.spec.txt
    output: /datater/wu/data/MSSPE-variant/enterovirusCurated/kmer15/intermediate/allKmerCount.sorted.calculated.filtered.spec.position
    jobid: 16
    wildcards: sample=enterovirusCurated

[Fri Apr 30 10:22:51 2021]
Finished job 16.
17 of 21 steps (81%) done
Select jobs to execute...

[Fri Apr 30 10:22:52 2021]
rule checkHeterodimer:
    input: /datater/wu/data/MSSPE-variant/enterovirusCurated/enterovirusCurated0.99.msa, /datater/wu/data/MSSPE-variant/enterovirusCurated/kmer15/intermediate/allKmerCount.sorted.calculated.filtered.spec.position
    output: /datater/wu/data/MSSPE-variant/enterovirusCurated/kmer15/allOligo.set
    jobid: 17
    wildcards: sample=enterovirusCurated

[Fri Apr 30 10:22:53 2021]
Finished job 17.
18 of 21 steps (86%) done
Select jobs to execute...

[Fri Apr 30 10:22:53 2021]
rule evaluation2:
    input: /datater/wu/data/MSSPE-variant/enterovirusCurated/kmer15/allOligo.set, /datater/wu/data/MSSPE-variant/enterovirusCurated/kmer15/intermediate/aceID-taxID-species.tsv, /datater/wu/data/MSSPE-variant/enterovirusCurated/kmer15/intermediate/allKmerCount.sorted.calculated.filtered.spec.bowtie
    output: /datater/wu/data/MSSPE-variant/enterovirusCurated/kmer15/evaluation/allOligo.set.coverage
    jobid: 19
    wildcards: sample=enterovirusCurated

[Fri Apr 30 10:22:53 2021]
rule evaluation3:
    input: /datater/wu/data/MSSPE-variant/enterovirusCurated/kmer15/allOligo.set
    output: /datater/wu/data/MSSPE-variant/enterovirusCurated/kmer15/evaluation/allOligo_after3.tsv
    jobid: 20
    wildcards: sample=enterovirusCurated

[Fri Apr 30 10:22:53 2021]
Finished job 20.
19 of 21 steps (90%) done
[Fri Apr 30 10:22:56 2021]
Finished job 19.
20 of 21 steps (95%) done
Select jobs to execute...

[Fri Apr 30 10:22:56 2021]
localrule all:
    input: /datater/wu/data/MSSPE-variant/enterovirusCurated/enterovirusCurated.uniq, /datater/wu/data/MSSPE-variant/enterovirusCurated/kmer15/intermediate/allKmerCount.int.kmc_pre, /datater/wu/data/MSSPE-variant/enterovirusCurated/kmer15/intermediate/allKmerCount.int.kmc_suf, /datater/wu/data/MSSPE-variant/enterovirusCurated/kmer15/intermediate/allKmerCount.txt, /datater/wu/data/MSSPE-variant/enterovirusCurated/kmer15/intermediate/allKmerCount.sorted.txt, /datater/wu/data/MSSPE-variant/enterovirusCurated/kmer15/allKmerCount.sorted.calculated.txt, /datater/wu/data/MSSPE-variant/enterovirusCurated/kmer15/allKmerCount.sorted.calculated.filtered.txt, /datater/wu/data/MSSPE-variant/enterovirusCurated/kmer15/intermediate/allKmerCount.sorted.calculated.filtered.fasta, /datater/wu/data/RefSeqProkaryota/RefSeqProkaryota.DB.1.ebwt, /datater/wu/data/RefSeqProkaryota/RefSeqProkaryota.DB.2.ebwt, /datater/wu/data/RefSeqProkaryota/RefSeqProkaryota.DB.3.ebwt, /datater/wu/data/RefSeqProkaryota/RefSeqProkaryota.DB.4.ebwt, /datater/wu/data/RefSeqProkaryota/RefSeqProkaryota.DB.rev.1.ebwt, /datater/wu/data/RefSeqProkaryota/RefSeqProkaryota.DB.rev.2.ebwt, /datater/wu/data/MSSPE-variant/enterovirusCurated/kmer15/intermediate/allKmerCount.sorted.calculated.filtered.bowtie, /datater/wu/data/MSSPE-variant/enterovirusCurated/kmer15/allKmerCount.sorted.calculated.filtered.spec.txt, /datater/wu/data/MSSPE-variant/enterovirusCurated/enterovirusCurated0.99.uniq, /datater/wu/data/MSSPE-variant/enterovirusCurated/enterovirusCurated0.99.msa, /datater/wu/data/MSSPE-variant/enterovirusCurated/kmer15/intermediate/allKmerCount.sorted.calculated.filtered.spec.fasta, /datater/wu/data/MSSPE-variant/enterovirusCurated/enterovirusCurated0.99.msa.DB.1.ebwt, /datater/wu/data/MSSPE-variant/enterovirusCurated/enterovirusCurated0.99.msa.DB.2.ebwt, /datater/wu/data/MSSPE-variant/enterovirusCurated/enterovirusCurated0.99.msa.DB.3.ebwt, /datater/wu/data/MSSPE-variant/enterovirusCurated/enterovirusCurated0.99.msa.DB.4.ebwt, /datater/wu/data/MSSPE-variant/enterovirusCurated/enterovirusCurated0.99.msa.DB.rev.1.ebwt, /datater/wu/data/MSSPE-variant/enterovirusCurated/enterovirusCurated0.99.msa.DB.rev.2.ebwt, /datater/wu/data/MSSPE-variant/enterovirusCurated/kmer15/intermediate/allKmerCount.sorted.calculated.filtered.spec.bowtie, /datater/wu/data/MSSPE-variant/enterovirusCurated/kmer15/intermediate/allKmerCount.sorted.calculated.filtered.spec.position, /datater/wu/data/MSSPE-variant/enterovirusCurated/kmer15/allOligo.set, /datater/wu/data/MSSPE-variant/enterovirusCurated/kmer15/intermediate/aceID-taxID-species.tsv, /datater/wu/data/MSSPE-variant/enterovirusCurated/kmer15/evaluation/allOligo.set.coverage, /datater/wu/data/MSSPE-variant/enterovirusCurated/kmer15/evaluation/allOligo_after3.tsv
    jobid: 0

[Fri Apr 30 10:22:56 2021]
Finished job 0.
21 of 21 steps (100%) done
Complete log: /datater/wu/MSSPE/.snakemake/log/2021-04-30T101731.786343.snakemake.log
