Building DAG of jobs...
Using shell: /bin/bash
Provided cores: 12
Rules claiming more threads will be scaled down.
Conda environments: ignored
Job counts:
	count	jobs
	1	all
	43	filter_within_seg
	44
Select jobs to execute...

[Tue Mar  9 17:44:17 2021]
rule filter_within_seg:
    input: /datater/wu/data/zika/dsk/forward_10542-10780.kCountSorted
    output: /datater/wu/data/zika/primer3_Tm/forward_10542-10780.Tm
    jobid: 143
    wildcards: sample=zika, seg=10542-10780

[Tue Mar  9 17:44:17 2021]
rule filter_within_seg:
    input: /datater/wu/data/zika/dsk/forward_3263-3764.kCountSorted
    output: /datater/wu/data/zika/primer3_Tm/forward_3263-3764.Tm
    jobid: 142
    wildcards: sample=zika, seg=3263-3764

[Tue Mar  9 17:44:17 2021]
rule filter_within_seg:
    input: /datater/wu/data/zika/dsk/forward_4518-5019.kCountSorted
    output: /datater/wu/data/zika/primer3_Tm/forward_4518-5019.Tm
    jobid: 149
    wildcards: sample=zika, seg=4518-5019

[Tue Mar  9 17:44:17 2021]
rule filter_within_seg:
    input: /datater/wu/data/zika/dsk/forward_6526-7027.kCountSorted
    output: /datater/wu/data/zika/primer3_Tm/forward_6526-7027.Tm
    jobid: 157
    wildcards: sample=zika, seg=6526-7027

[Tue Mar  9 17:44:17 2021]
rule filter_within_seg:
    input: /datater/wu/data/zika/dsk/forward_8785-9286.kCountSorted
    output: /datater/wu/data/zika/primer3_Tm/forward_8785-9286.Tm
    jobid: 164
    wildcards: sample=zika, seg=8785-9286

[Tue Mar  9 17:44:17 2021]
rule filter_within_seg:
    input: /datater/wu/data/zika/dsk/forward_1757-2258.kCountSorted
    output: /datater/wu/data/zika/primer3_Tm/forward_1757-2258.Tm
    jobid: 172
    wildcards: sample=zika, seg=1757-2258

[Tue Mar  9 17:44:17 2021]
rule filter_within_seg:
    input: /datater/wu/data/zika/dsk/forward_1004-1505.kCountSorted
    output: /datater/wu/data/zika/primer3_Tm/forward_1004-1505.Tm
    jobid: 156
    wildcards: sample=zika, seg=1004-1505

[Tue Mar  9 17:44:17 2021]
rule filter_within_seg:
    input: /datater/wu/data/zika/dsk/forward_8283-8784.kCountSorted
    output: /datater/wu/data/zika/primer3_Tm/forward_8283-8784.Tm
    jobid: 141
    wildcards: sample=zika, seg=8283-8784

[Tue Mar  9 17:44:17 2021]
rule filter_within_seg:
    input: /datater/wu/data/zika/dsk/forward_753-1254.kCountSorted
    output: /datater/wu/data/zika/primer3_Tm/forward_753-1254.Tm
    jobid: 163
    wildcards: sample=zika, seg=753-1254

[Tue Mar  9 17:44:17 2021]
rule filter_within_seg:
    input: /datater/wu/data/zika/dsk/forward_8534-9035.kCountSorted
    output: /datater/wu/data/zika/primer3_Tm/forward_8534-9035.Tm
    jobid: 148
    wildcards: sample=zika, seg=8534-9035

[Tue Mar  9 17:44:17 2021]
rule filter_within_seg:
    input: /datater/wu/data/zika/dsk/forward_10291-10792.kCountSorted
    output: /datater/wu/data/zika/primer3_Tm/forward_10291-10792.Tm
    jobid: 171
    wildcards: sample=zika, seg=10291-10792

[Tue Mar  9 17:44:17 2021]
rule filter_within_seg:
    input: /datater/wu/data/zika/dsk/forward_4769-5270.kCountSorted
    output: /datater/wu/data/zika/primer3_Tm/forward_4769-5270.Tm
    jobid: 178
    wildcards: sample=zika, seg=4769-5270

Shutting down, this might take some time.
Exiting because a job execution failed. Look above for error message
Complete log: /datater/wu/stage_m2/.snakemake/log/2021-03-09T174416.279501.snakemake.log
