Building DAG of jobs...
Updating job aggregate_allReverseOligo.
Using shell: /bin/bash
Provided cores: 12
Rules claiming more threads will be scaled down.
Conda environments: ignored
Job counts:
	count	jobs
	1	all
	33	blastn_short
	33	splitTableToFasta
	67
Select jobs to execute...

[Fri Mar 26 22:03:58 2021]
rule splitTableToFasta:
    input: /datater/wu/data/enterovirus/checkSpecifity/reverse7870_filtered.tsv
    output: /datater/wu/data/enterovirus/checkSpecifity/reverse7870_filtered.fasta
    jobid: 318
    wildcards: sample=enterovirus, seg=7870

[Fri Mar 26 22:03:58 2021]
rule splitTableToFasta:
    input: /datater/wu/data/enterovirus/checkSpecifity/reverse3806_filtered.tsv
    output: /datater/wu/data/enterovirus/checkSpecifity/reverse3806_filtered.fasta
    jobid: 278
    wildcards: sample=enterovirus, seg=3806

[Fri Mar 26 22:03:58 2021]
rule splitTableToFasta:
    input: /datater/wu/data/enterovirus/checkSpecifity/reverse4822_filtered.tsv
    output: /datater/wu/data/enterovirus/checkSpecifity/reverse4822_filtered.fasta
    jobid: 272
    wildcards: sample=enterovirus, seg=4822

[Fri Mar 26 22:03:58 2021]
rule splitTableToFasta:
    input: /datater/wu/data/enterovirus/checkSpecifity/reverse3044_filtered.tsv
    output: /datater/wu/data/enterovirus/checkSpecifity/reverse3044_filtered.fasta
    jobid: 282
    wildcards: sample=enterovirus, seg=3044

[Fri Mar 26 22:03:58 2021]
rule splitTableToFasta:
    input: /datater/wu/data/enterovirus/checkSpecifity/reverse504_filtered.tsv
    output: /datater/wu/data/enterovirus/checkSpecifity/reverse504_filtered.fasta
    jobid: 292
    wildcards: sample=enterovirus, seg=504

[Fri Mar 26 22:03:58 2021]
rule splitTableToFasta:
    input: /datater/wu/data/enterovirus/checkSpecifity/reverse6600_filtered.tsv
    output: /datater/wu/data/enterovirus/checkSpecifity/reverse6600_filtered.fasta
    jobid: 302
    wildcards: sample=enterovirus, seg=6600

[Fri Mar 26 22:03:58 2021]
rule splitTableToFasta:
    input: /datater/wu/data/enterovirus/checkSpecifity/reverse6854_filtered.tsv
    output: /datater/wu/data/enterovirus/checkSpecifity/reverse6854_filtered.fasta
    jobid: 312
    wildcards: sample=enterovirus, seg=6854

[Fri Mar 26 22:03:58 2021]
rule splitTableToFasta:
    input: /datater/wu/data/enterovirus/checkSpecifity/reverse8632_filtered.tsv
    output: /datater/wu/data/enterovirus/checkSpecifity/reverse8632_filtered.fasta
    jobid: 322
    wildcards: sample=enterovirus, seg=8632

[Fri Mar 26 22:03:58 2021]
rule splitTableToFasta:
    input: /datater/wu/data/enterovirus/checkSpecifity/reverse2536_filtered.tsv
    output: /datater/wu/data/enterovirus/checkSpecifity/reverse2536_filtered.fasta
    jobid: 332
    wildcards: sample=enterovirus, seg=2536

[Fri Mar 26 22:03:58 2021]
rule splitTableToFasta:
    input: /datater/wu/data/enterovirus/checkSpecifity/reverse758_filtered.tsv
    output: /datater/wu/data/enterovirus/checkSpecifity/reverse758_filtered.fasta
    jobid: 326
    wildcards: sample=enterovirus, seg=758

[Fri Mar 26 22:03:58 2021]
rule splitTableToFasta:
    input: /datater/wu/data/enterovirus/checkSpecifity/reverse7362_filtered.tsv
    output: /datater/wu/data/enterovirus/checkSpecifity/reverse7362_filtered.fasta
    jobid: 336
    wildcards: sample=enterovirus, seg=7362

[Fri Mar 26 22:03:58 2021]
rule splitTableToFasta:
    input: /datater/wu/data/enterovirus/checkSpecifity/reverse3298_filtered.tsv
    output: /datater/wu/data/enterovirus/checkSpecifity/reverse3298_filtered.fasta
    jobid: 316
    wildcards: sample=enterovirus, seg=3298

[Fri Mar 26 22:03:59 2021]
Finished job 282.
1 of 67 steps (1%) done
[Fri Mar 26 22:03:59 2021]
Finished job 292.
2 of 67 steps (3%) done
Select jobs to execute...
[Fri Mar 26 22:03:59 2021]
Finished job 278.
3 of 67 steps (4%) done
[Fri Mar 26 22:03:59 2021]
Finished job 318.
4 of 67 steps (6%) done
[Fri Mar 26 22:03:59 2021]
Finished job 272.
5 of 67 steps (7%) done

[Fri Mar 26 22:03:59 2021]
rule splitTableToFasta:
    input: /datater/wu/data/enterovirus/checkSpecifity/reverse1774_filtered.tsv
    output: /datater/wu/data/enterovirus/checkSpecifity/reverse1774_filtered.fasta
    jobid: 324
    wildcards: sample=enterovirus, seg=1774

[Fri Mar 26 22:03:59 2021]
rule splitTableToFasta:
    input: /datater/wu/data/enterovirus/checkSpecifity/reverse4060_filtered.tsv
    output: /datater/wu/data/enterovirus/checkSpecifity/reverse4060_filtered.fasta
    jobid: 334
    wildcards: sample=enterovirus, seg=4060

[Fri Mar 26 22:03:59 2021]
rule splitTableToFasta:
    input: /datater/wu/data/enterovirus/checkSpecifity/reverse3552_filtered.tsv
    output: /datater/wu/data/enterovirus/checkSpecifity/reverse3552_filtered.fasta
    jobid: 296
    wildcards: sample=enterovirus, seg=3552

Select jobs to execute...
[Fri Mar 26 22:03:59 2021]
Finished job 302.
6 of 67 steps (9%) done
[Fri Mar 26 22:03:59 2021]
Finished job 326.
7 of 67 steps (10%) done
[Fri Mar 26 22:03:59 2021]
Finished job 332.
8 of 67 steps (12%) done
[Fri Mar 26 22:03:59 2021]
Finished job 322.
9 of 67 steps (13%) done
[Fri Mar 26 22:03:59 2021]
Finished job 312.
10 of 67 steps (15%) done
[Fri Mar 26 22:03:59 2021]
Finished job 316.
11 of 67 steps (16%) done

[Fri Mar 26 22:03:59 2021]
rule blastn_short:
    input: /datater/wu/data/enterovirus/checkSpecifity/reverse504_filtered.fasta
    output: /datater/wu/data/enterovirus/checkSpecifity/reverse504_filtered.blatn.out
    jobid: 291
    wildcards: sample=enterovirus, seg=504


[Fri Mar 26 22:03:59 2021]
rule splitTableToFasta:
    input: /datater/wu/data/enterovirus/checkSpecifity/reverse6346_filtered.tsv
    output: /datater/wu/data/enterovirus/checkSpecifity/reverse6346_filtered.fasta
    jobid: 280
    wildcards: sample=enterovirus, seg=6346

Select jobs to execute...
[Fri Mar 26 22:03:59 2021]
Finished job 336.
12 of 67 steps (18%) done

[Fri Mar 26 22:03:59 2021]
rule splitTableToFasta:
    input: /datater/wu/data/enterovirus/checkSpecifity/reverse7108_filtered.tsv
    output: /datater/wu/data/enterovirus/checkSpecifity/reverse7108_filtered.fasta
    jobid: 304
    wildcards: sample=enterovirus, seg=7108

[Fri Mar 26 22:03:59 2021]
rule splitTableToFasta:
    input: /datater/wu/data/enterovirus/checkSpecifity/reverse5838_filtered.tsv
    output: /datater/wu/data/enterovirus/checkSpecifity/reverse5838_filtered.fasta
    jobid: 284
    wildcards: sample=enterovirus, seg=5838

[Fri Mar 26 22:03:59 2021]
rule splitTableToFasta:
    input: /datater/wu/data/enterovirus/checkSpecifity/reverse2028_filtered.tsv
    output: /datater/wu/data/enterovirus/checkSpecifity/reverse2028_filtered.fasta
    jobid: 314
    wildcards: sample=enterovirus, seg=2028

[Fri Mar 26 22:03:59 2021]
rule splitTableToFasta:
    input: /datater/wu/data/enterovirus/checkSpecifity/reverse8124_filtered.tsv
    output: /datater/wu/data/enterovirus/checkSpecifity/reverse8124_filtered.fasta
    jobid: 294
    wildcards: sample=enterovirus, seg=8124

[Fri Mar 26 22:03:59 2021]
rule splitTableToFasta:
    input: /datater/wu/data/enterovirus/checkSpecifity/reverse1012_filtered.tsv
    output: /datater/wu/data/enterovirus/checkSpecifity/reverse1012_filtered.fasta
    jobid: 290
    wildcards: sample=enterovirus, seg=1012

[Fri Mar 26 22:03:59 2021]
rule splitTableToFasta:
    input: /datater/wu/data/enterovirus/checkSpecifity/reverse5584_filtered.tsv
    output: /datater/wu/data/enterovirus/checkSpecifity/reverse5584_filtered.fasta
    jobid: 286
    wildcards: sample=enterovirus, seg=5584

Select jobs to execute...

[Fri Mar 26 22:03:59 2021]
rule splitTableToFasta:
    input: /datater/wu/data/enterovirus/checkSpecifity/reverse4568_filtered.tsv
    output: /datater/wu/data/enterovirus/checkSpecifity/reverse4568_filtered.fasta
    jobid: 308
    wildcards: sample=enterovirus, seg=4568

Select jobs to execute...
Select jobs to execute...
Select jobs to execute...
Select jobs to execute...
Select jobs to execute...
Select jobs to execute...
Select jobs to execute...
Select jobs to execute...
[Fri Mar 26 22:03:59 2021]
Finished job 334.
13 of 67 steps (19%) done
[Fri Mar 26 22:03:59 2021]
Finished job 324.
14 of 67 steps (21%) done
Select jobs to execute...

[Fri Mar 26 22:03:59 2021]
rule blastn_short:
    input: /datater/wu/data/enterovirus/checkSpecifity/reverse4822_filtered.fasta
    output: /datater/wu/data/enterovirus/checkSpecifity/reverse4822_filtered.blatn.out
    jobid: 271
    wildcards: sample=enterovirus, seg=4822


[Fri Mar 26 22:03:59 2021]
rule splitTableToFasta:
    input: /datater/wu/data/enterovirus/checkSpecifity/reverse7616_filtered.tsv
    output: /datater/wu/data/enterovirus/checkSpecifity/reverse7616_filtered.fasta
    jobid: 330
    wildcards: sample=enterovirus, seg=7616

Select jobs to execute...
[Fri Mar 26 22:04:00 2021]
Finished job 280.
15 of 67 steps (22%) done
Select jobs to execute...
[Fri Mar 26 22:04:00 2021]
Finished job 296.
16 of 67 steps (24%) done
[Fri Mar 26 22:04:00 2021]
Finished job 284.
17 of 67 steps (25%) done

[Fri Mar 26 22:04:00 2021]
rule splitTableToFasta:
    input: /datater/wu/data/enterovirus/checkSpecifity/reverse5330_filtered.tsv
    output: /datater/wu/data/enterovirus/checkSpecifity/reverse5330_filtered.fasta
    jobid: 298
    wildcards: sample=enterovirus, seg=5330

Select jobs to execute...
[Fri Mar 26 22:04:00 2021]
Finished job 304.
18 of 67 steps (27%) done
[Fri Mar 26 22:04:00 2021]
Finished job 286.
19 of 67 steps (28%) done
[Fri Mar 26 22:04:00 2021]
Finished job 294.
20 of 67 steps (30%) done

[Fri Mar 26 22:04:00 2021]
rule blastn_short:
    input: /datater/wu/data/enterovirus/checkSpecifity/reverse3044_filtered.fasta
    output: /datater/wu/data/enterovirus/checkSpecifity/reverse3044_filtered.blatn.out
    jobid: 281
    wildcards: sample=enterovirus, seg=3044


[Fri Mar 26 22:04:00 2021]
rule splitTableToFasta:
    input: /datater/wu/data/enterovirus/checkSpecifity/reverse1266_filtered.tsv
    output: /datater/wu/data/enterovirus/checkSpecifity/reverse1266_filtered.fasta
    jobid: 320
    wildcards: sample=enterovirus, seg=1266

[Fri Mar 26 22:04:00 2021]
Finished job 314.
21 of 67 steps (31%) done
Select jobs to execute...

[Fri Mar 26 22:04:00 2021]
rule blastn_short:
    input: /datater/wu/data/enterovirus/checkSpecifity/reverse6346_filtered.fasta
    output: /datater/wu/data/enterovirus/checkSpecifity/reverse6346_filtered.blatn.out
    jobid: 279
    wildcards: sample=enterovirus, seg=6346


[Fri Mar 26 22:04:00 2021]
rule blastn_short:
    input: /datater/wu/data/enterovirus/checkSpecifity/reverse5838_filtered.fasta
    output: /datater/wu/data/enterovirus/checkSpecifity/reverse5838_filtered.blatn.out
    jobid: 283
    wildcards: sample=enterovirus, seg=5838

[Fri Mar 26 22:04:00 2021]
Finished job 308.
22 of 67 steps (33%) done

[Fri Mar 26 22:04:00 2021]
rule blastn_short:
    input: /datater/wu/data/enterovirus/checkSpecifity/reverse2028_filtered.fasta
    output: /datater/wu/data/enterovirus/checkSpecifity/reverse2028_filtered.blatn.out
    jobid: 313
    wildcards: sample=enterovirus, seg=2028

[Fri Mar 26 22:04:00 2021]
Finished job 290.
23 of 67 steps (34%) done

[Fri Mar 26 22:04:00 2021]
rule splitTableToFasta:
    input: /datater/wu/data/enterovirus/checkSpecifity/reverse1520_filtered.tsv
    output: /datater/wu/data/enterovirus/checkSpecifity/reverse1520_filtered.fasta
    jobid: 274
    wildcards: sample=enterovirus, seg=1520

Select jobs to execute...

[Fri Mar 26 22:04:00 2021]
rule blastn_short:
    input: /datater/wu/data/enterovirus/checkSpecifity/reverse8632_filtered.fasta
    output: /datater/wu/data/enterovirus/checkSpecifity/reverse8632_filtered.blatn.out
    jobid: 321
    wildcards: sample=enterovirus, seg=8632


[Fri Mar 26 22:04:00 2021]
rule blastn_short:
    input: /datater/wu/data/enterovirus/checkSpecifity/reverse758_filtered.fasta
    output: /datater/wu/data/enterovirus/checkSpecifity/reverse758_filtered.blatn.out
    jobid: 325
    wildcards: sample=enterovirus, seg=758

Select jobs to execute...
Select jobs to execute...
Select jobs to execute...
Select jobs to execute...
Select jobs to execute...
[Fri Mar 26 22:04:00 2021]
Finished job 330.
24 of 67 steps (36%) done
Select jobs to execute...

[Fri Mar 26 22:04:01 2021]
rule splitTableToFasta:
    input: /datater/wu/data/enterovirus/checkSpecifity/reverse6092_filtered.tsv
    output: /datater/wu/data/enterovirus/checkSpecifity/reverse6092_filtered.fasta
    jobid: 288
    wildcards: sample=enterovirus, seg=6092

[Fri Mar 26 22:04:01 2021]
Finished job 298.
25 of 67 steps (37%) done
Select jobs to execute...

[Fri Mar 26 22:04:01 2021]
rule blastn_short:
    input: /datater/wu/data/enterovirus/checkSpecifity/reverse8124_filtered.fasta
    output: /datater/wu/data/enterovirus/checkSpecifity/reverse8124_filtered.blatn.out
    jobid: 293
    wildcards: sample=enterovirus, seg=8124

[Fri Mar 26 22:04:01 2021]
Finished job 320.
26 of 67 steps (39%) done
Select jobs to execute...

[Fri Mar 26 22:04:01 2021]
rule blastn_short:
    input: /datater/wu/data/enterovirus/checkSpecifity/reverse1774_filtered.fasta
    output: /datater/wu/data/enterovirus/checkSpecifity/reverse1774_filtered.blatn.out
    jobid: 323
    wildcards: sample=enterovirus, seg=1774

[Fri Mar 26 22:04:01 2021]
Finished job 274.
27 of 67 steps (40%) done
Select jobs to execute...

[Fri Mar 26 22:04:01 2021]
rule blastn_short:
    input: /datater/wu/data/enterovirus/checkSpecifity/reverse1520_filtered.fasta
    output: /datater/wu/data/enterovirus/checkSpecifity/reverse1520_filtered.blatn.out
    jobid: 273
    wildcards: sample=enterovirus, seg=1520

[Fri Mar 26 22:04:02 2021]
Finished job 288.
28 of 67 steps (42%) done
Select jobs to execute...

[Fri Mar 26 22:04:02 2021]
rule blastn_short:
    input: /datater/wu/data/enterovirus/checkSpecifity/reverse4060_filtered.fasta
    output: /datater/wu/data/enterovirus/checkSpecifity/reverse4060_filtered.blatn.out
    jobid: 333
    wildcards: sample=enterovirus, seg=4060

[Sat Mar 27 00:55:55 2021]
Finished job 313.
29 of 67 steps (43%) done
[Sat Mar 27 00:55:55 2021]
Finished job 293.
30 of 67 steps (45%) done
Select jobs to execute...
[Sat Mar 27 00:55:55 2021]
Finished job 281.
31 of 67 steps (46%) done
[Sat Mar 27 00:55:55 2021]
Finished job 333.
32 of 67 steps (48%) done

[Sat Mar 27 00:55:55 2021]
rule blastn_short:
    input: /datater/wu/data/enterovirus/checkSpecifity/reverse7870_filtered.fasta
    output: /datater/wu/data/enterovirus/checkSpecifity/reverse7870_filtered.blatn.out
    jobid: 317
    wildcards: sample=enterovirus, seg=7870


[Sat Mar 27 00:55:55 2021]
rule blastn_short:
    input: /datater/wu/data/enterovirus/checkSpecifity/reverse7362_filtered.fasta
    output: /datater/wu/data/enterovirus/checkSpecifity/reverse7362_filtered.blatn.out
    jobid: 335
    wildcards: sample=enterovirus, seg=7362


[Sat Mar 27 00:55:55 2021]
rule blastn_short:
    input: /datater/wu/data/enterovirus/checkSpecifity/reverse3552_filtered.fasta
    output: /datater/wu/data/enterovirus/checkSpecifity/reverse3552_filtered.blatn.out
    jobid: 295
    wildcards: sample=enterovirus, seg=3552

Select jobs to execute...

[Sat Mar 27 00:55:55 2021]
rule blastn_short:
    input: /datater/wu/data/enterovirus/checkSpecifity/reverse6092_filtered.fasta
    output: /datater/wu/data/enterovirus/checkSpecifity/reverse6092_filtered.blatn.out
    jobid: 287
    wildcards: sample=enterovirus, seg=6092

Select jobs to execute...
Select jobs to execute...
[Sat Mar 27 01:21:00 2021]
Finished job 273.
33 of 67 steps (49%) done
[Sat Mar 27 01:21:00 2021]
Finished job 271.
34 of 67 steps (51%) done
Select jobs to execute...

[Sat Mar 27 01:21:00 2021]
rule blastn_short:
    input: /datater/wu/data/enterovirus/checkSpecifity/reverse4568_filtered.fasta
    output: /datater/wu/data/enterovirus/checkSpecifity/reverse4568_filtered.blatn.out
    jobid: 307
    wildcards: sample=enterovirus, seg=4568


[Sat Mar 27 01:21:00 2021]
rule splitTableToFasta:
    input: /datater/wu/data/enterovirus/checkSpecifity/reverse4314_filtered.tsv
    output: /datater/wu/data/enterovirus/checkSpecifity/reverse4314_filtered.fasta
    jobid: 310
    wildcards: sample=enterovirus, seg=4314

Select jobs to execute...
[Sat Mar 27 01:21:01 2021]
Finished job 310.
35 of 67 steps (52%) done
Select jobs to execute...

[Sat Mar 27 01:21:01 2021]
rule blastn_short:
    input: /datater/wu/data/enterovirus/checkSpecifity/reverse1266_filtered.fasta
    output: /datater/wu/data/enterovirus/checkSpecifity/reverse1266_filtered.blatn.out
    jobid: 319
    wildcards: sample=enterovirus, seg=1266

[Sat Mar 27 01:26:01 2021]
Finished job 325.
36 of 67 steps (54%) done
Select jobs to execute...
[Sat Mar 27 01:26:01 2021]
Finished job 279.
37 of 67 steps (55%) done

[Sat Mar 27 01:26:01 2021]
rule blastn_short:
    input: /datater/wu/data/enterovirus/checkSpecifity/reverse4314_filtered.fasta
    output: /datater/wu/data/enterovirus/checkSpecifity/reverse4314_filtered.blatn.out
    jobid: 309
    wildcards: sample=enterovirus, seg=4314


[Sat Mar 27 01:26:01 2021]
rule blastn_short:
    input: /datater/wu/data/enterovirus/checkSpecifity/reverse7616_filtered.fasta
    output: /datater/wu/data/enterovirus/checkSpecifity/reverse7616_filtered.blatn.out
    jobid: 329
    wildcards: sample=enterovirus, seg=7616

Select jobs to execute...
[Sat Mar 27 01:26:02 2021]
Finished job 283.
38 of 67 steps (57%) done
Select jobs to execute...

[Sat Mar 27 01:26:02 2021]
rule splitTableToFasta:
    input: /datater/wu/data/enterovirus/checkSpecifity/reverse2282_filtered.tsv
    output: /datater/wu/data/enterovirus/checkSpecifity/reverse2282_filtered.fasta
    jobid: 276
    wildcards: sample=enterovirus, seg=2282

[Sat Mar 27 01:26:03 2021]
Finished job 276.
39 of 67 steps (58%) done
Select jobs to execute...

[Sat Mar 27 01:26:03 2021]
rule blastn_short:
    input: /datater/wu/data/enterovirus/checkSpecifity/reverse6854_filtered.fasta
    output: /datater/wu/data/enterovirus/checkSpecifity/reverse6854_filtered.blatn.out
    jobid: 311
    wildcards: sample=enterovirus, seg=6854

[Sat Mar 27 01:27:25 2021]
Finished job 295.
40 of 67 steps (60%) done
Select jobs to execute...

[Sat Mar 27 01:27:25 2021]
rule splitTableToFasta:
    input: /datater/wu/data/enterovirus/checkSpecifity/reverse5076_filtered.tsv
    output: /datater/wu/data/enterovirus/checkSpecifity/reverse5076_filtered.fasta
    jobid: 306
    wildcards: sample=enterovirus, seg=5076

[Sat Mar 27 01:27:26 2021]
Finished job 306.
41 of 67 steps (61%) done
Select jobs to execute...

[Sat Mar 27 01:27:26 2021]
rule blastn_short:
    input: /datater/wu/data/enterovirus/checkSpecifity/reverse6600_filtered.fasta
    output: /datater/wu/data/enterovirus/checkSpecifity/reverse6600_filtered.blatn.out
    jobid: 301
    wildcards: sample=enterovirus, seg=6600

[Sat Mar 27 01:28:18 2021]
Finished job 319.
42 of 67 steps (63%) done
Select jobs to execute...

[Sat Mar 27 01:28:18 2021]
rule blastn_short:
    input: /datater/wu/data/enterovirus/checkSpecifity/reverse3806_filtered.fasta
    output: /datater/wu/data/enterovirus/checkSpecifity/reverse3806_filtered.blatn.out
    jobid: 277
    wildcards: sample=enterovirus, seg=3806

[Sat Mar 27 02:36:17 2021]
Finished job 321.
43 of 67 steps (64%) done
[Sat Mar 27 02:36:17 2021]
Finished job 291.
44 of 67 steps (66%) done
Select jobs to execute...

[Sat Mar 27 02:36:17 2021]
rule splitTableToFasta:
    input: /datater/wu/data/enterovirus/checkSpecifity/reverse2790_filtered.tsv
    output: /datater/wu/data/enterovirus/checkSpecifity/reverse2790_filtered.fasta
    jobid: 328
    wildcards: sample=enterovirus, seg=2790

[Sat Mar 27 02:36:17 2021]
rule blastn_short:
    input: /datater/wu/data/enterovirus/checkSpecifity/reverse1012_filtered.fasta
    output: /datater/wu/data/enterovirus/checkSpecifity/reverse1012_filtered.blatn.out
    jobid: 289
    wildcards: sample=enterovirus, seg=1012

Select jobs to execute...
[Sat Mar 27 02:36:18 2021]
Finished job 328.
45 of 67 steps (67%) done
Select jobs to execute...

[Sat Mar 27 02:36:18 2021]
rule blastn_short:
    input: /datater/wu/data/enterovirus/checkSpecifity/reverse2790_filtered.fasta
    output: /datater/wu/data/enterovirus/checkSpecifity/reverse2790_filtered.blatn.out
    jobid: 327
    wildcards: sample=enterovirus, seg=2790

[Sat Mar 27 02:41:18 2021]
Finished job 323.
46 of 67 steps (69%) done
Select jobs to execute...

[Sat Mar 27 02:41:18 2021]
rule blastn_short:
    input: /datater/wu/data/enterovirus/checkSpecifity/reverse5330_filtered.fasta
    output: /datater/wu/data/enterovirus/checkSpecifity/reverse5330_filtered.blatn.out
    jobid: 297
    wildcards: sample=enterovirus, seg=5330

[Sat Mar 27 02:43:33 2021]
Finished job 327.
47 of 67 steps (70%) done
Select jobs to execute...

[Sat Mar 27 02:43:33 2021]
rule blastn_short:
    input: /datater/wu/data/enterovirus/checkSpecifity/reverse2536_filtered.fasta
    output: /datater/wu/data/enterovirus/checkSpecifity/reverse2536_filtered.blatn.out
    jobid: 331
    wildcards: sample=enterovirus, seg=2536

[Sat Mar 27 02:57:45 2021]
Finished job 289.
48 of 67 steps (72%) done
Select jobs to execute...

[Sat Mar 27 02:57:45 2021]
rule blastn_short:
    input: /datater/wu/data/enterovirus/checkSpecifity/reverse7108_filtered.fasta
    output: /datater/wu/data/enterovirus/checkSpecifity/reverse7108_filtered.blatn.out
    jobid: 303
    wildcards: sample=enterovirus, seg=7108

[Sat Mar 27 03:57:52 2021]
Finished job 287.
49 of 67 steps (73%) done
[Sat Mar 27 03:57:52 2021]
Finished job 335.
50 of 67 steps (75%) done
Select jobs to execute...

[Sat Mar 27 03:57:52 2021]
rule blastn_short:
    input: /datater/wu/data/enterovirus/checkSpecifity/reverse5076_filtered.fasta
    output: /datater/wu/data/enterovirus/checkSpecifity/reverse5076_filtered.blatn.out
    jobid: 305
    wildcards: sample=enterovirus, seg=5076


[Sat Mar 27 03:57:52 2021]
rule blastn_short:
    input: /datater/wu/data/enterovirus/checkSpecifity/reverse2282_filtered.fasta
    output: /datater/wu/data/enterovirus/checkSpecifity/reverse2282_filtered.blatn.out
    jobid: 275
    wildcards: sample=enterovirus, seg=2282

Select jobs to execute...
[Sat Mar 27 03:57:53 2021]
Finished job 317.
51 of 67 steps (76%) done
Select jobs to execute...

[Sat Mar 27 03:57:53 2021]
rule blastn_short:
    input: /datater/wu/data/enterovirus/checkSpecifity/reverse3298_filtered.fasta
    output: /datater/wu/data/enterovirus/checkSpecifity/reverse3298_filtered.blatn.out
    jobid: 315
    wildcards: sample=enterovirus, seg=3298

[Sat Mar 27 04:07:55 2021]
Finished job 311.
52 of 67 steps (78%) done
Select jobs to execute...

[Sat Mar 27 04:07:55 2021]
rule splitTableToFasta:
    input: /datater/wu/data/enterovirus/checkSpecifity/reverse8378_filtered.tsv
    output: /datater/wu/data/enterovirus/checkSpecifity/reverse8378_filtered.fasta
    jobid: 300
    wildcards: sample=enterovirus, seg=8378

[Sat Mar 27 04:07:56 2021]
Finished job 300.
53 of 67 steps (79%) done
Select jobs to execute...

[Sat Mar 27 04:07:56 2021]
rule blastn_short:
    input: /datater/wu/data/enterovirus/checkSpecifity/reverse8378_filtered.fasta
    output: /datater/wu/data/enterovirus/checkSpecifity/reverse8378_filtered.blatn.out
    jobid: 299
    wildcards: sample=enterovirus, seg=8378

[Sat Mar 27 04:10:26 2021]
Finished job 305.
54 of 67 steps (81%) done
Select jobs to execute...

[Sat Mar 27 04:10:26 2021]
rule blastn_short:
    input: /datater/wu/data/enterovirus/checkSpecifity/reverse5584_filtered.fasta
    output: /datater/wu/data/enterovirus/checkSpecifity/reverse5584_filtered.blatn.out
    jobid: 285
    wildcards: sample=enterovirus, seg=5584

[Sat Mar 27 04:53:57 2021]
Finished job 307.
55 of 67 steps (82%) done
[Sat Mar 27 04:55:17 2021]
Finished job 277.
56 of 67 steps (84%) done
[Sat Mar 27 04:56:47 2021]
Finished job 329.
57 of 67 steps (85%) done
[Sat Mar 27 04:56:47 2021]
Finished job 309.
58 of 67 steps (87%) done
[Sat Mar 27 05:44:42 2021]
Finished job 301.
59 of 67 steps (88%) done
[Sat Mar 27 05:45:32 2021]
Finished job 331.
60 of 67 steps (90%) done
[Sat Mar 27 07:07:25 2021]
Finished job 285.
61 of 67 steps (91%) done
[Sat Mar 27 07:08:36 2021]
Finished job 297.
62 of 67 steps (93%) done
[Sat Mar 27 07:09:53 2021]
Finished job 275.
63 of 67 steps (94%) done
[Sat Mar 27 07:09:53 2021]
Finished job 315.
64 of 67 steps (96%) done
[Sat Mar 27 07:40:08 2021]
Finished job 303.
65 of 67 steps (97%) done
[Sat Mar 27 07:51:12 2021]
Finished job 299.
66 of 67 steps (99%) done
Select jobs to execute...

[Sat Mar 27 07:51:12 2021]
localrule all:
    input: /datater/wu/data/enterovirus/checkSpecifity/reverse4822_filtered.blatn.out, /datater/wu/data/enterovirus/checkSpecifity/reverse1520_filtered.blatn.out, /datater/wu/data/enterovirus/checkSpecifity/reverse2282_filtered.blatn.out, /datater/wu/data/enterovirus/checkSpecifity/reverse3806_filtered.blatn.out, /datater/wu/data/enterovirus/checkSpecifity/reverse6346_filtered.blatn.out, /datater/wu/data/enterovirus/checkSpecifity/reverse3044_filtered.blatn.out, /datater/wu/data/enterovirus/checkSpecifity/reverse5838_filtered.blatn.out, /datater/wu/data/enterovirus/checkSpecifity/reverse5584_filtered.blatn.out, /datater/wu/data/enterovirus/checkSpecifity/reverse6092_filtered.blatn.out, /datater/wu/data/enterovirus/checkSpecifity/reverse1012_filtered.blatn.out, /datater/wu/data/enterovirus/checkSpecifity/reverse504_filtered.blatn.out, /datater/wu/data/enterovirus/checkSpecifity/reverse8124_filtered.blatn.out, /datater/wu/data/enterovirus/checkSpecifity/reverse3552_filtered.blatn.out, /datater/wu/data/enterovirus/checkSpecifity/reverse5330_filtered.blatn.out, /datater/wu/data/enterovirus/checkSpecifity/reverse8378_filtered.blatn.out, /datater/wu/data/enterovirus/checkSpecifity/reverse6600_filtered.blatn.out, /datater/wu/data/enterovirus/checkSpecifity/reverse7108_filtered.blatn.out, /datater/wu/data/enterovirus/checkSpecifity/reverse5076_filtered.blatn.out, /datater/wu/data/enterovirus/checkSpecifity/reverse4568_filtered.blatn.out, /datater/wu/data/enterovirus/checkSpecifity/reverse4314_filtered.blatn.out, /datater/wu/data/enterovirus/checkSpecifity/reverse6854_filtered.blatn.out, /datater/wu/data/enterovirus/checkSpecifity/reverse2028_filtered.blatn.out, /datater/wu/data/enterovirus/checkSpecifity/reverse3298_filtered.blatn.out, /datater/wu/data/enterovirus/checkSpecifity/reverse7870_filtered.blatn.out, /datater/wu/data/enterovirus/checkSpecifity/reverse1266_filtered.blatn.out, /datater/wu/data/enterovirus/checkSpecifity/reverse8632_filtered.blatn.out, /datater/wu/data/enterovirus/checkSpecifity/reverse1774_filtered.blatn.out, /datater/wu/data/enterovirus/checkSpecifity/reverse758_filtered.blatn.out, /datater/wu/data/enterovirus/checkSpecifity/reverse2790_filtered.blatn.out, /datater/wu/data/enterovirus/checkSpecifity/reverse7616_filtered.blatn.out, /datater/wu/data/enterovirus/checkSpecifity/reverse2536_filtered.blatn.out, /datater/wu/data/enterovirus/checkSpecifity/reverse4060_filtered.blatn.out, /datater/wu/data/enterovirus/checkSpecifity/reverse7362_filtered.blatn.out
    jobid: 0

[Sat Mar 27 07:51:12 2021]
Finished job 0.
67 of 67 steps (100%) done
Complete log: /datater/wu/stage_m2/.snakemake/log/2021-03-26T220357.711100.snakemake.log
