Building DAG of jobs...
Using shell: /bin/bash
Provided cores: 12
Rules claiming more threads will be scaled down.
Conda environments: ignored
Job counts:
	count	jobs
	1	all
	1	dskReverse
	1	dskReverseOutput
	1	dskReverseOutputSort
	1	splitFiles
	5
Select jobs to execute...

[Mon Mar 15 11:24:00 2021]
rule splitFiles:
    input: /datater/wu/data/msa/zika.msa
    output: /datater/wu/data/zika/splitFiles/reverse{*}.fasta (dynamic)
    jobid: 3
    wildcards: sample=zika

Subsequent jobs will be added dynamically depending on the output of this job
Dynamically updating jobs
[Mon Mar 15 11:24:01 2021]
Finished job 3.
1 of 131 steps (0.76%) done
Select jobs to execute...

[Mon Mar 15 11:24:01 2021]
rule dskReverse:
    input: /datater/wu/data/zika/splitFiles/reverse3263-3764.fasta
    output: /datater/wu/data/zika/dsk/reverse3263-3764.h5
    jobid: 21
    wildcards: sample=zika, seg=3263-3764


[Mon Mar 15 11:24:01 2021]
rule dskReverse:
    input: /datater/wu/data/zika/splitFiles/reverse4518-5019.fasta
    output: /datater/wu/data/zika/dsk/reverse4518-5019.h5
    jobid: 12
    wildcards: sample=zika, seg=4518-5019


[Mon Mar 15 11:24:01 2021]
rule dskReverse:
    input: /datater/wu/data/zika/splitFiles/reverse9538-10039.fasta
    output: /datater/wu/data/zika/dsk/reverse9538-10039.h5
    jobid: 42
    wildcards: sample=zika, seg=9538-10039


[Mon Mar 15 11:24:01 2021]
rule dskReverse:
    input: /datater/wu/data/zika/splitFiles/reverse3514-4015.fasta
    output: /datater/wu/data/zika/dsk/reverse3514-4015.h5
    jobid: 20
    wildcards: sample=zika, seg=3514-4015


[Mon Mar 15 11:24:01 2021]
rule dskReverse:
    input: /datater/wu/data/zika/splitFiles/reverse10040-10541.fasta
    output: /datater/wu/data/zika/dsk/reverse10040-10541.h5
    jobid: 50
    wildcards: sample=zika, seg=10040-10541


[Mon Mar 15 11:24:01 2021]
rule dskReverse:
    input: /datater/wu/data/zika/splitFiles/reverse1004-1505.fasta
    output: /datater/wu/data/zika/dsk/reverse1004-1505.h5
    jobid: 27
    wildcards: sample=zika, seg=1004-1505


[Mon Mar 15 11:24:01 2021]
rule dskReverse:
    input: /datater/wu/data/zika/splitFiles/reverse5522-6023.fasta
    output: /datater/wu/data/zika/dsk/reverse5522-6023.h5
    jobid: 41
    wildcards: sample=zika, seg=5522-6023


[Mon Mar 15 11:24:01 2021]
rule dskReverse:
    input: /datater/wu/data/zika/splitFiles/reverse8785-9286.fasta
    output: /datater/wu/data/zika/dsk/reverse8785-9286.h5
    jobid: 19
    wildcards: sample=zika, seg=8785-9286


[Mon Mar 15 11:24:02 2021]
rule dskReverse:
    input: /datater/wu/data/zika/splitFiles/reverse502-1003.fasta
    output: /datater/wu/data/zika/dsk/reverse502-1003.h5
    jobid: 49
    wildcards: sample=zika, seg=502-1003


[Mon Mar 15 11:24:02 2021]
rule dskReverse:
    input: /datater/wu/data/zika/splitFiles/reverse2259-2760.fasta
    output: /datater/wu/data/zika/dsk/reverse2259-2760.h5
    jobid: 11
    wildcards: sample=zika, seg=2259-2760


[Mon Mar 15 11:24:02 2021]
rule dskReverse:
    input: /datater/wu/data/zika/splitFiles/reverse8534-9035.fasta
    output: /datater/wu/data/zika/dsk/reverse8534-9035.h5
    jobid: 26
    wildcards: sample=zika, seg=8534-9035


[Mon Mar 15 11:24:02 2021]
rule dskReverse:
    input: /datater/wu/data/zika/splitFiles/reverse6526-7027.fasta
    output: /datater/wu/data/zika/dsk/reverse6526-7027.h5
    jobid: 34
    wildcards: sample=zika, seg=6526-7027

[Mon Mar 15 11:24:04 2021]
Finished job 34.
2 of 131 steps (2%) done
[Mon Mar 15 11:24:04 2021]
Finished job 11.
3 of 131 steps (2%) done
Select jobs to execute...
[Mon Mar 15 11:24:04 2021]
Finished job 49.
4 of 131 steps (3%) done
[Mon Mar 15 11:24:04 2021]
Finished job 42.
5 of 131 steps (4%) done
[Mon Mar 15 11:24:04 2021]
Finished job 26.
6 of 131 steps (5%) done

[Mon Mar 15 11:24:04 2021]
rule dskReverse:
    input: /datater/wu/data/zika/splitFiles/reverse1757-2258.fasta
    output: /datater/wu/data/zika/dsk/reverse1757-2258.h5
    jobid: 43
    wildcards: sample=zika, seg=1757-2258

[Mon Mar 15 11:24:04 2021]
Finished job 41.
7 of 131 steps (5%) done

[Mon Mar 15 11:24:04 2021]
rule dskReverse:
    input: /datater/wu/data/zika/splitFiles/reverse6024-6525.fasta
    output: /datater/wu/data/zika/dsk/reverse6024-6525.h5
    jobid: 40
    wildcards: sample=zika, seg=6024-6525

Select jobs to execute...
[Mon Mar 15 11:24:04 2021]
Finished job 19.
8 of 131 steps (6%) done
[Mon Mar 15 11:24:04 2021]
Finished job 50.
9 of 131 steps (7%) done
[Mon Mar 15 11:24:04 2021]
Finished job 12.
10 of 131 steps (8%) done
[Mon Mar 15 11:24:04 2021]
Finished job 27.
11 of 131 steps (8%) done

[Mon Mar 15 11:24:04 2021]
rule dskReverse:
    input: /datater/wu/data/zika/splitFiles/reverse7781-8282.fasta
    output: /datater/wu/data/zika/dsk/reverse7781-8282.h5
    jobid: 13
    wildcards: sample=zika, seg=7781-8282


[Mon Mar 15 11:24:04 2021]
rule dskReverse:
    input: /datater/wu/data/zika/splitFiles/reverse251-752.fasta
    output: /datater/wu/data/zika/dsk/reverse251-752.h5
    jobid: 18
    wildcards: sample=zika, seg=251-752


[Mon Mar 15 11:24:04 2021]
rule dskReverse:
    input: /datater/wu/data/zika/splitFiles/reverse8032-8533.fasta
    output: /datater/wu/data/zika/dsk/reverse8032-8533.h5
    jobid: 10
    wildcards: sample=zika, seg=8032-8533


[Mon Mar 15 11:24:04 2021]
rule dskReverse:
    input: /datater/wu/data/zika/splitFiles/reverse3765-4266.fasta
    output: /datater/wu/data/zika/dsk/reverse3765-4266.h5
    jobid: 48
    wildcards: sample=zika, seg=3765-4266

Select jobs to execute...
[Mon Mar 15 11:24:04 2021]
Finished job 21.
12 of 131 steps (9%) done
[Mon Mar 15 11:24:04 2021]
Finished job 20.
13 of 131 steps (10%) done

[Mon Mar 15 11:24:04 2021]
rule dskReverse:
    input: /datater/wu/data/zika/splitFiles/reverse6777-7278.fasta
    output: /datater/wu/data/zika/dsk/reverse6777-7278.h5
    jobid: 35
    wildcards: sample=zika, seg=6777-7278


[Mon Mar 15 11:24:04 2021]
rule dskReverse:
    input: /datater/wu/data/zika/splitFiles/reverse753-1254.fasta
    output: /datater/wu/data/zika/dsk/reverse753-1254.h5
    jobid: 33
    wildcards: sample=zika, seg=753-1254


[Mon Mar 15 11:24:04 2021]
rule dskReverseOutput:
    input: /datater/wu/data/zika/dsk/reverse8785-9286.h5
    output: /datater/wu/data/zika/dsk/reverse8785-9286.kCount
    jobid: 62
    wildcards: sample=zika, seg=8785-9286


[Mon Mar 15 11:24:04 2021]
rule dskReverse:
    input: /datater/wu/data/zika/splitFiles/reverse0-501.fasta
    output: /datater/wu/data/zika/dsk/reverse0-501.h5
    jobid: 25
    wildcards: sample=zika, seg=0-501

Select jobs to execute...
[Mon Mar 15 11:24:04 2021]
Finished job 62.
14 of 131 steps (11%) done

[Mon Mar 15 11:24:04 2021]
rule dskReverse:
    input: /datater/wu/data/zika/splitFiles/reverse9789-10290.fasta
    output: /datater/wu/data/zika/dsk/reverse9789-10290.h5
    jobid: 28
    wildcards: sample=zika, seg=9789-10290


[Mon Mar 15 11:24:04 2021]
rule dskReverseOutput:
    input: /datater/wu/data/zika/dsk/reverse8534-9035.h5
    output: /datater/wu/data/zika/dsk/reverse8534-9035.kCount
    jobid: 69
    wildcards: sample=zika, seg=8534-9035

Select jobs to execute...
[Mon Mar 15 11:24:04 2021]
Finished job 69.
15 of 131 steps (11%) done

[Mon Mar 15 11:24:04 2021]
rule dskReverse:
    input: /datater/wu/data/zika/splitFiles/reverse6275-6776.fasta
    output: /datater/wu/data/zika/dsk/reverse6275-6776.h5
    jobid: 29
    wildcards: sample=zika, seg=6275-6776

Select jobs to execute...

[Mon Mar 15 11:24:04 2021]
rule dskReverse:
    input: /datater/wu/data/zika/splitFiles/reverse5020-5521.fasta
    output: /datater/wu/data/zika/dsk/reverse5020-5521.h5
    jobid: 44
    wildcards: sample=zika, seg=5020-5521

Select jobs to execute...
Select jobs to execute...
Select jobs to execute...
Select jobs to execute...
Select jobs to execute...
Select jobs to execute...
Select jobs to execute...
Select jobs to execute...
[Mon Mar 15 11:24:06 2021]
Finished job 48.
16 of 131 steps (12%) done
Select jobs to execute...
[Mon Mar 15 11:24:06 2021]
Finished job 35.
17 of 131 steps (13%) done
[Mon Mar 15 11:24:06 2021]
Finished job 33.
18 of 131 steps (14%) done
[Mon Mar 15 11:24:06 2021]
Finished job 28.
19 of 131 steps (15%) done
[Mon Mar 15 11:24:06 2021]
Finished job 40.
20 of 131 steps (15%) done

[Mon Mar 15 11:24:06 2021]
rule dskReverse:
    input: /datater/wu/data/zika/splitFiles/reverse4267-4768.fasta
    output: /datater/wu/data/zika/dsk/reverse4267-4768.h5
    jobid: 36
    wildcards: sample=zika, seg=4267-4768

Select jobs to execute...

[Mon Mar 15 11:24:06 2021]
rule dskReverseOutput:
    input: /datater/wu/data/zika/dsk/reverse3514-4015.h5
    output: /datater/wu/data/zika/dsk/reverse3514-4015.kCount
    jobid: 63
    wildcards: sample=zika, seg=3514-4015


[Mon Mar 15 11:24:06 2021]
rule dskReverseOutput:
    input: /datater/wu/data/zika/dsk/reverse502-1003.h5
    output: /datater/wu/data/zika/dsk/reverse502-1003.kCount
    jobid: 92
    wildcards: sample=zika, seg=502-1003


[Mon Mar 15 11:24:06 2021]
rule dskReverseOutput:
    input: /datater/wu/data/zika/dsk/reverse5522-6023.h5
    output: /datater/wu/data/zika/dsk/reverse5522-6023.kCount
    jobid: 84
    wildcards: sample=zika, seg=5522-6023


[Mon Mar 15 11:24:07 2021]
rule dskReverseOutput:
    input: /datater/wu/data/zika/dsk/reverse1004-1505.h5
    output: /datater/wu/data/zika/dsk/reverse1004-1505.kCount
    jobid: 70
    wildcards: sample=zika, seg=1004-1505
[Mon Mar 15 11:24:07 2021]

Finished job 18.
21 of 131 steps (16%) done
Select jobs to execute...
[Mon Mar 15 11:24:07 2021]
Finished job 63.
22 of 131 steps (17%) done
[Mon Mar 15 11:24:07 2021]
Finished job 92.
23 of 131 steps (18%) done
[Mon Mar 15 11:24:07 2021]
Finished job 43.
24 of 131 steps (18%) done
[Mon Mar 15 11:24:07 2021]
Finished job 84.
25 of 131 steps (19%) done
[Mon Mar 15 11:24:07 2021]
Finished job 70.
26 of 131 steps (20%) done
[Mon Mar 15 11:24:07 2021]
Finished job 29.
27 of 131 steps (21%) done
[Mon Mar 15 11:24:07 2021]
Finished job 13.
28 of 131 steps (21%) done

[Mon Mar 15 11:24:07 2021]
rule dskReverse:
    input: /datater/wu/data/zika/splitFiles/reverse5271-5772.fasta
    output: /datater/wu/data/zika/dsk/reverse5271-5772.h5
    jobid: 51
    wildcards: sample=zika, seg=5271-5772

Select jobs to execute...

[Mon Mar 15 11:24:07 2021]
rule dskReverseOutput:
    input: /datater/wu/data/zika/dsk/reverse10040-10541.h5
    output: /datater/wu/data/zika/dsk/reverse10040-10541.kCount
    jobid: 93
    wildcards: sample=zika, seg=10040-10541


[Mon Mar 15 11:24:07 2021]
rule dskReverseOutput:
    input: /datater/wu/data/zika/dsk/reverse4518-5019.h5
    output: /datater/wu/data/zika/dsk/reverse4518-5019.kCount
    jobid: 55
    wildcards: sample=zika, seg=4518-5019


[Mon Mar 15 11:24:07 2021]
rule dskReverseOutput:
    input: /datater/wu/data/zika/dsk/reverse6777-7278.h5
    output: /datater/wu/data/zika/dsk/reverse6777-7278.kCount
    jobid: 78
    wildcards: sample=zika, seg=6777-7278


[Mon Mar 15 11:24:07 2021]
rule dskReverseOutput:
    input: /datater/wu/data/zika/dsk/reverse9538-10039.h5
    output: /datater/wu/data/zika/dsk/reverse9538-10039.kCount
    jobid: 85
    wildcards: sample=zika, seg=9538-10039


[Mon Mar 15 11:24:07 2021]
rule dskReverseOutputSort:
    input: /datater/wu/data/zika/dsk/reverse3514-4015.kCount
    output: /datater/wu/data/zika/dsk/reverse3514-4015.kCountSorted
    jobid: 106
    wildcards: sample=zika, seg=3514-4015

[Mon Mar 15 11:24:07 2021]
[Mon Mar 15 11:24:07 2021]
rule dskReverse:
    input: /datater/wu/data/zika/splitFiles/reverse1506-2007.fasta
    output: /datater/wu/data/zika/dsk/reverse1506-2007.h5
    jobid: 22
    wildcards: sample=zika, seg=1506-2007
Finished job 93.

29 of 131 steps (22%) done

[Mon Mar 15 11:24:07 2021]
rule dskReverseOutput:
    input: /datater/wu/data/zika/dsk/reverse9789-10290.h5
    output: /datater/wu/data/zika/dsk/reverse9789-10290.kCount
    jobid: 71
    wildcards: sample=zika, seg=9789-10290

[Mon Mar 15 11:24:07 2021]
Finished job 10.
30 of 131 steps (23%) done
[Mon Mar 15 11:24:07 2021]
Finished job 55.
31 of 131 steps (24%) done
[Mon Mar 15 11:24:07 2021]
Finished job 25.
32 of 131 steps (24%) done
[Mon Mar 15 11:24:07 2021]
Finished job 78.
33 of 131 steps (25%) done
[Mon Mar 15 11:24:07 2021]
Finished job 85.
34 of 131 steps (26%) done
Select jobs to execute...
[Mon Mar 15 11:24:07 2021]
Finished job 71.
35 of 131 steps (27%) done
[Mon Mar 15 11:24:07 2021]
Finished job 44.
36 of 131 steps (27%) done

[Mon Mar 15 11:24:07 2021]
rule dskReverse:
    input: /datater/wu/data/zika/splitFiles/reverse2761-3262.fasta
    output: /datater/wu/data/zika/dsk/reverse2761-3262.h5
    jobid: 31
    wildcards: sample=zika, seg=2761-3262


[Mon Mar 15 11:24:07 2021]
rule dskReverseOutput:
    input: /datater/wu/data/zika/dsk/reverse6275-6776.h5
    output: /datater/wu/data/zika/dsk/reverse6275-6776.kCount
    jobid: 72
    wildcards: sample=zika, seg=6275-6776


[Mon Mar 15 11:24:07 2021]
rule dskReverseOutputSort:
    input: /datater/wu/data/zika/dsk/reverse6777-7278.kCount
    output: /datater/wu/data/zika/dsk/reverse6777-7278.kCountSorted
    jobid: 121
    wildcards: sample=zika, seg=6777-7278

[Mon Mar 15 11:24:07 2021]
rule dskReverseOutput:
    input: /datater/wu/data/zika/dsk/reverse6526-7027.h5
    output: /datater/wu/data/zika/dsk/reverse6526-7027.kCount
    jobid: 77
    wildcards: sample=zika, seg=6526-7027


[Mon Mar 15 11:24:07 2021]
rule dskReverse:
    input: /datater/wu/data/zika/splitFiles/reverse5773-6274.fasta
    output: /datater/wu/data/zika/dsk/reverse5773-6274.h5
    jobid: 32
    wildcards: sample=zika, seg=5773-6274


[Mon Mar 15 11:24:07 2021]
rule dskReverse:
    input: /datater/wu/data/zika/splitFiles/reverse4769-5270.fasta
    output: /datater/wu/data/zika/dsk/reverse4769-5270.h5
    jobid: 15
    wildcards: sample=zika, seg=4769-5270

[Mon Mar 15 11:24:07 2021]
Finished job 72.
37 of 131 steps (28%) done
Select jobs to execute...
[Mon Mar 15 11:24:07 2021]
Finished job 77.
38 of 131 steps (29%) done

[Mon Mar 15 11:24:07 2021]
rule dskReverseOutput:
    input: /datater/wu/data/zika/dsk/reverse5020-5521.h5
    output: /datater/wu/data/zika/dsk/reverse5020-5521.kCount
    jobid: 87
    wildcards: sample=zika, seg=5020-5521


[Mon Mar 15 11:24:07 2021]
rule dskReverseOutput:
    input: /datater/wu/data/zika/dsk/reverse1757-2258.h5
    output: /datater/wu/data/zika/dsk/reverse1757-2258.kCount
    jobid: 86
    wildcards: sample=zika, seg=1757-2258


[Mon Mar 15 11:24:07 2021]
rule dskReverseOutputSort:
    input: /datater/wu/data/zika/dsk/reverse10040-10541.kCount
    output: /datater/wu/data/zika/dsk/reverse10040-10541.kCountSorted
    jobid: 136
    wildcards: sample=zika, seg=10040-10541

[Mon Mar 15 11:24:07 2021]
rule dskReverseOutputSort:
    input: /datater/wu/data/zika/dsk/reverse9789-10290.kCount
    output: /datater/wu/data/zika/dsk/reverse9789-10290.kCountSorted
    jobid: 114
    wildcards: sample=zika, seg=9789-10290

Select jobs to execute...
[Mon Mar 15 11:24:07 2021]
Finished job 87.
39 of 131 steps (30%) done
[Mon Mar 15 11:24:07 2021]
Finished job 86.
40 of 131 steps (31%) done

[Mon Mar 15 11:24:07 2021]
rule dskReverseOutput:
    input: /datater/wu/data/zika/dsk/reverse753-1254.h5
    output: /datater/wu/data/zika/dsk/reverse753-1254.kCount
    jobid: 76
    wildcards: sample=zika, seg=753-1254

Select jobs to execute...
[Mon Mar 15 11:24:07 2021]
Finished job 76.
41 of 131 steps (31%) done

[Mon Mar 15 11:24:07 2021]
rule dskReverse:
    input: /datater/wu/data/zika/splitFiles/reverse1255-1756.fasta
    output: /datater/wu/data/zika/dsk/reverse1255-1756.h5
    jobid: 37
    wildcards: sample=zika, seg=1255-1756

Select jobs to execute...

[Mon Mar 15 11:24:07 2021]
rule dskReverse:
    input: /datater/wu/data/zika/splitFiles/reverse8283-8784.fasta
    output: /datater/wu/data/zika/dsk/reverse8283-8784.h5
    jobid: 45
    wildcards: sample=zika, seg=8283-8784

Select jobs to execute...
Select jobs to execute...
Select jobs to execute...
Select jobs to execute...
Select jobs to execute...
Select jobs to execute...
Select jobs to execute...
Select jobs to execute...
Select jobs to execute...
Select jobs to execute...
Select jobs to execute...
Select jobs to execute...
Select jobs to execute...
Select jobs to execute...
Select jobs to execute...
Select jobs to execute...
Select jobs to execute...
[Mon Mar 15 11:24:07 2021]
Finished job 106.
42 of 131 steps (32%) done
Select jobs to execute...

[Mon Mar 15 11:24:07 2021]
rule dskReverse:
    input: /datater/wu/data/zika/splitFiles/reverse4016-4517.fasta
    output: /datater/wu/data/zika/dsk/reverse4016-4517.h5
    jobid: 30
    wildcards: sample=zika, seg=4016-4517

[Mon Mar 15 11:24:07 2021]
Finished job 121.
43 of 131 steps (33%) done
Select jobs to execute...

[Mon Mar 15 11:24:07 2021]
rule dskReverseOutputSort:
    input: /datater/wu/data/zika/dsk/reverse8785-9286.kCount
    output: /datater/wu/data/zika/dsk/reverse8785-9286.kCountSorted
    jobid: 105
    wildcards: sample=zika, seg=8785-9286

[Mon Mar 15 11:24:07 2021]
Finished job 114.
44 of 131 steps (34%) done
Select jobs to execute...
[Mon Mar 15 11:24:07 2021]
Finished job 136.
45 of 131 steps (34%) done

[Mon Mar 15 11:24:07 2021]
rule dskReverseOutputSort:
    input: /datater/wu/data/zika/dsk/reverse753-1254.kCount
    output: /datater/wu/data/zika/dsk/reverse753-1254.kCountSorted
    jobid: 119
    wildcards: sample=zika, seg=753-1254

Select jobs to execute...

[Mon Mar 15 11:24:08 2021]
rule dskReverseOutputSort:
    input: /datater/wu/data/zika/dsk/reverse8534-9035.kCount
    output: /datater/wu/data/zika/dsk/reverse8534-9035.kCountSorted
    jobid: 112
    wildcards: sample=zika, seg=8534-9035

[Mon Mar 15 11:24:08 2021]
Finished job 105.
46 of 131 steps (35%) done
Select jobs to execute...

[Mon Mar 15 11:24:08 2021]
rule dskReverseOutput:
    input: /datater/wu/data/zika/dsk/reverse8032-8533.h5
    output: /datater/wu/data/zika/dsk/reverse8032-8533.kCount
    jobid: 53
    wildcards: sample=zika, seg=8032-8533

[Mon Mar 15 11:24:08 2021]
Finished job 53.
47 of 131 steps (36%) done
[Mon Mar 15 11:24:08 2021]
Finished job 119.
48 of 131 steps (37%) done
Select jobs to execute...

[Mon Mar 15 11:24:08 2021]
rule dskReverse:
    input: /datater/wu/data/zika/splitFiles/reverse7279-7780.fasta
    output: /datater/wu/data/zika/dsk/reverse7279-7780.h5
    jobid: 16
    wildcards: sample=zika, seg=7279-7780


[Mon Mar 15 11:24:08 2021]
rule dskReverseOutputSort:
    input: /datater/wu/data/zika/dsk/reverse1757-2258.kCount
    output: /datater/wu/data/zika/dsk/reverse1757-2258.kCountSorted
    jobid: 129
    wildcards: sample=zika, seg=1757-2258

Select jobs to execute...
[Mon Mar 15 11:24:08 2021]
Finished job 112.
49 of 131 steps (37%) done
Select jobs to execute...

[Mon Mar 15 11:24:08 2021]
rule dskReverse:
    input: /datater/wu/data/zika/splitFiles/reverse10542-10780.fasta
    output: /datater/wu/data/zika/dsk/reverse10542-10780.h5
    jobid: 14
    wildcards: sample=zika, seg=10542-10780

[Mon Mar 15 11:24:09 2021]
Finished job 36.
50 of 131 steps (38%) done
Select jobs to execute...

[Mon Mar 15 11:24:09 2021]
rule dskReverse:
    input: /datater/wu/data/zika/splitFiles/reverse9036-9537.fasta
    output: /datater/wu/data/zika/dsk/reverse9036-9537.h5
    jobid: 38
    wildcards: sample=zika, seg=9036-9537

[Mon Mar 15 11:24:09 2021]
Finished job 51.
51 of 131 steps (39%) done
Select jobs to execute...
[Mon Mar 15 11:24:09 2021]
Finished job 22.
52 of 131 steps (40%) done

[Mon Mar 15 11:24:09 2021]
rule dskReverseOutputSort:
    input: /datater/wu/data/zika/dsk/reverse4518-5019.kCount
    output: /datater/wu/data/zika/dsk/reverse4518-5019.kCountSorted
    jobid: 98
    wildcards: sample=zika, seg=4518-5019

Select jobs to execute...
[Mon Mar 15 11:24:09 2021]
Finished job 31.
53 of 131 steps (40%) done

[Mon Mar 15 11:24:09 2021]
rule dskReverseOutput:
    input: /datater/wu/data/zika/dsk/reverse6024-6525.h5
    output: /datater/wu/data/zika/dsk/reverse6024-6525.kCount
    jobid: 83
    wildcards: sample=zika, seg=6024-6525

Select jobs to execute...
[Mon Mar 15 11:24:09 2021]
Finished job 83.
54 of 131 steps (41%) done

[Mon Mar 15 11:24:09 2021]
rule dskReverseOutput:
    input: /datater/wu/data/zika/dsk/reverse2761-3262.h5
    output: /datater/wu/data/zika/dsk/reverse2761-3262.kCount
    jobid: 74
    wildcards: sample=zika, seg=2761-3262

Select jobs to execute...
[Mon Mar 15 11:24:09 2021]
Finished job 32.
55 of 131 steps (42%) done
[Mon Mar 15 11:24:09 2021]
Finished job 74.
56 of 131 steps (43%) done

[Mon Mar 15 11:24:09 2021]
rule dskReverseOutputSort:
    input: /datater/wu/data/zika/dsk/reverse6526-7027.kCount
    output: /datater/wu/data/zika/dsk/reverse6526-7027.kCountSorted
    jobid: 120
    wildcards: sample=zika, seg=6526-7027

[Mon Mar 15 11:24:09 2021]
rule dskReverse:
    input: /datater/wu/data/zika/splitFiles/reverse10291-10792.fasta
    output: /datater/wu/data/zika/dsk/reverse10291-10792.h5
    jobid: 23
    wildcards: sample=zika, seg=10291-10792

Select jobs to execute...

[Mon Mar 15 11:24:09 2021]
rule dskReverseOutput:
    input: /datater/wu/data/zika/dsk/reverse5773-6274.h5
    output: /datater/wu/data/zika/dsk/reverse5773-6274.kCount
    jobid: 75
    wildcards: sample=zika, seg=5773-6274

Select jobs to execute...
[Mon Mar 15 11:24:09 2021]
Finished job 75.
57 of 131 steps (44%) done
Select jobs to execute...
[Mon Mar 15 11:24:09 2021]
Finished job 37.
58 of 131 steps (44%) done

[Mon Mar 15 11:24:09 2021]
rule dskReverseOutputSort:
    input: /datater/wu/data/zika/dsk/reverse5773-6274.kCount
    output: /datater/wu/data/zika/dsk/reverse5773-6274.kCountSorted
    jobid: 118
    wildcards: sample=zika, seg=5773-6274

Select jobs to execute...
[Mon Mar 15 11:24:09 2021]
Finished job 15.
59 of 131 steps (45%) done

[Mon Mar 15 11:24:09 2021]
rule dskReverseOutputSort:
    input: /datater/wu/data/zika/dsk/reverse6024-6525.kCount
    output: /datater/wu/data/zika/dsk/reverse6024-6525.kCountSorted
    jobid: 126
    wildcards: sample=zika, seg=6024-6525

Select jobs to execute...

[Mon Mar 15 11:24:09 2021]
rule dskReverseOutput:
    input: /datater/wu/data/zika/dsk/reverse0-501.h5
    output: /datater/wu/data/zika/dsk/reverse0-501.kCount
    jobid: 68
    wildcards: sample=zika, seg=0-501

[Mon Mar 15 11:24:09 2021]
Finished job 68.
60 of 131 steps (46%) done
Select jobs to execute...
[Mon Mar 15 11:24:09 2021]
Finished job 129.
61 of 131 steps (47%) done

[Mon Mar 15 11:24:09 2021]
rule dskReverseOutputSort:
    input: /datater/wu/data/zika/dsk/reverse0-501.kCount
    output: /datater/wu/data/zika/dsk/reverse0-501.kCountSorted
    jobid: 111
    wildcards: sample=zika, seg=0-501

Select jobs to execute...

[Mon Mar 15 11:24:09 2021]
rule dskReverseOutputSort:
    input: /datater/wu/data/zika/dsk/reverse5522-6023.kCount
    output: /datater/wu/data/zika/dsk/reverse5522-6023.kCountSorted
    jobid: 127
    wildcards: sample=zika, seg=5522-6023

[Mon Mar 15 11:24:09 2021]
Finished job 45.
62 of 131 steps (47%) done
Select jobs to execute...

[Mon Mar 15 11:24:09 2021]
rule dskReverseOutputSort:
    input: /datater/wu/data/zika/dsk/reverse502-1003.kCount
    output: /datater/wu/data/zika/dsk/reverse502-1003.kCountSorted
    jobid: 135
    wildcards: sample=zika, seg=502-1003

[Mon Mar 15 11:24:10 2021]
Finished job 98.
63 of 131 steps (48%) done
Select jobs to execute...

[Mon Mar 15 11:24:10 2021]
rule dskReverse:
    input: /datater/wu/data/zika/splitFiles/reverse3012-3513.fasta
    output: /datater/wu/data/zika/dsk/reverse3012-3513.h5
    jobid: 46
    wildcards: sample=zika, seg=3012-3513

[Mon Mar 15 11:24:10 2021]
Finished job 118.
64 of 131 steps (49%) done
Select jobs to execute...
[Mon Mar 15 11:24:10 2021]
Finished job 126.
65 of 131 steps (50%) done

[Mon Mar 15 11:24:10 2021]
rule dskReverseOutput:
    input: /datater/wu/data/zika/dsk/reverse3765-4266.h5
    output: /datater/wu/data/zika/dsk/reverse3765-4266.kCount
    jobid: 91
    wildcards: sample=zika, seg=3765-4266

Select jobs to execute...
[Mon Mar 15 11:24:10 2021]
Finished job 120.
66 of 131 steps (50%) done
[Mon Mar 15 11:24:10 2021]
Finished job 91.
67 of 131 steps (51%) done

[Mon Mar 15 11:24:10 2021]
rule dskReverseOutput:
    input: /datater/wu/data/zika/dsk/reverse251-752.h5
    output: /datater/wu/data/zika/dsk/reverse251-752.kCount
    jobid: 61
    wildcards: sample=zika, seg=251-752

Select jobs to execute...
[Mon Mar 15 11:24:10 2021]
Finished job 61.
68 of 131 steps (52%) done

[Mon Mar 15 11:24:10 2021]
rule dskReverseOutput:
    input: /datater/wu/data/zika/dsk/reverse4769-5270.h5
    output: /datater/wu/data/zika/dsk/reverse4769-5270.kCount
    jobid: 58
    wildcards: sample=zika, seg=4769-5270


[Mon Mar 15 11:24:10 2021]
rule dskReverseOutputSort:
    input: /datater/wu/data/zika/dsk/reverse9538-10039.kCount
    output: /datater/wu/data/zika/dsk/reverse9538-10039.kCountSorted
    jobid: 128
    wildcards: sample=zika, seg=9538-10039

[Mon Mar 15 11:24:10 2021]
Finished job 30.
69 of 131 steps (53%) done
Select jobs to execute...
[Mon Mar 15 11:24:10 2021]
Finished job 58.
70 of 131 steps (53%) done

[Mon Mar 15 11:24:10 2021]
rule dskReverseOutput:
    input: /datater/wu/data/zika/dsk/reverse4016-4517.h5
    output: /datater/wu/data/zika/dsk/reverse4016-4517.kCount
    jobid: 73
    wildcards: sample=zika, seg=4016-4517


[Mon Mar 15 11:24:10 2021]
rule dskReverseOutputSort:
    input: /datater/wu/data/zika/dsk/reverse1004-1505.kCount
    output: /datater/wu/data/zika/dsk/reverse1004-1505.kCountSorted
    jobid: 113
    wildcards: sample=zika, seg=1004-1505

Select jobs to execute...
[Mon Mar 15 11:24:10 2021]
Finished job 73.
71 of 131 steps (54%) done

[Mon Mar 15 11:24:10 2021]
rule dskReverseOutputSort:
    input: /datater/wu/data/zika/dsk/reverse251-752.kCount
    output: /datater/wu/data/zika/dsk/reverse251-752.kCountSorted
    jobid: 104
    wildcards: sample=zika, seg=251-752

Select jobs to execute...

[Mon Mar 15 11:24:10 2021]
rule dskReverseOutputSort:
    input: /datater/wu/data/zika/dsk/reverse3765-4266.kCount
    output: /datater/wu/data/zika/dsk/reverse3765-4266.kCountSorted
    jobid: 134
    wildcards: sample=zika, seg=3765-4266

Select jobs to execute...
Select jobs to execute...
[Mon Mar 15 11:24:10 2021]
Finished job 111.
72 of 131 steps (55%) done
[Mon Mar 15 11:24:10 2021]
Finished job 127.
73 of 131 steps (56%) done
Select jobs to execute...

[Mon Mar 15 11:24:10 2021]
rule dskReverseOutputSort:
    input: /datater/wu/data/zika/dsk/reverse2761-3262.kCount
    output: /datater/wu/data/zika/dsk/reverse2761-3262.kCountSorted
    jobid: 117
    wildcards: sample=zika, seg=2761-3262

[Mon Mar 15 11:24:10 2021]
rule dskReverseOutput:
    input: /datater/wu/data/zika/dsk/reverse5271-5772.h5
    output: /datater/wu/data/zika/dsk/reverse5271-5772.kCount
    jobid: 94
    wildcards: sample=zika, seg=5271-5772

Select jobs to execute...
[Mon Mar 15 11:24:10 2021]
Finished job 94.
74 of 131 steps (56%) done
Select jobs to execute...

[Mon Mar 15 11:24:10 2021]
rule dskReverseOutputSort:
    input: /datater/wu/data/zika/dsk/reverse8032-8533.kCount
    output: /datater/wu/data/zika/dsk/reverse8032-8533.kCountSorted
    jobid: 96
    wildcards: sample=zika, seg=8032-8533

[Mon Mar 15 11:24:10 2021]
Finished job 135.
75 of 131 steps (57%) done
Select jobs to execute...

[Mon Mar 15 11:24:10 2021]
rule dskReverseOutputSort:
    input: /datater/wu/data/zika/dsk/reverse4016-4517.kCount
    output: /datater/wu/data/zika/dsk/reverse4016-4517.kCountSorted
    jobid: 116
    wildcards: sample=zika, seg=4016-4517

[Mon Mar 15 11:24:11 2021]
Finished job 14.
76 of 131 steps (58%) done
Select jobs to execute...

[Mon Mar 15 11:24:11 2021]
rule dskReverseOutput:
    input: /datater/wu/data/zika/dsk/reverse10542-10780.h5
    output: /datater/wu/data/zika/dsk/reverse10542-10780.kCount
    jobid: 57
    wildcards: sample=zika, seg=10542-10780

[Mon Mar 15 11:24:11 2021]
Finished job 57.
77 of 131 steps (59%) done
Select jobs to execute...
[Mon Mar 15 11:24:11 2021]
Finished job 128.
78 of 131 steps (60%) done

[Mon Mar 15 11:24:11 2021]
rule dskReverseOutputSort:
    input: /datater/wu/data/zika/dsk/reverse10542-10780.kCount
    output: /datater/wu/data/zika/dsk/reverse10542-10780.kCountSorted
    jobid: 100
    wildcards: sample=zika, seg=10542-10780

Select jobs to execute...

[Mon Mar 15 11:24:11 2021]
rule dskReverseOutputSort:
    input: /datater/wu/data/zika/dsk/reverse5271-5772.kCount
    output: /datater/wu/data/zika/dsk/reverse5271-5772.kCountSorted
    jobid: 137
    wildcards: sample=zika, seg=5271-5772

[Mon Mar 15 11:24:11 2021]
Finished job 113.
79 of 131 steps (60%) done
[Mon Mar 15 11:24:11 2021]
Finished job 16.
80 of 131 steps (61%) done
Select jobs to execute...

[Mon Mar 15 11:24:11 2021]
rule dskReverseOutput:
    input: /datater/wu/data/zika/dsk/reverse7279-7780.h5
    output: /datater/wu/data/zika/dsk/reverse7279-7780.kCount
    jobid: 59
    wildcards: sample=zika, seg=7279-7780


[Mon Mar 15 11:24:11 2021]
rule dskReverseOutput:
    input: /datater/wu/data/zika/dsk/reverse3263-3764.h5
    output: /datater/wu/data/zika/dsk/reverse3263-3764.kCount
    jobid: 64
    wildcards: sample=zika, seg=3263-3764

Select jobs to execute...
[Mon Mar 15 11:24:11 2021]
Finished job 134.
81 of 131 steps (62%) done
Select jobs to execute...
[Mon Mar 15 11:24:11 2021]
Finished job 59.
82 of 131 steps (63%) done
[Mon Mar 15 11:24:11 2021]
Finished job 64.
83 of 131 steps (63%) done

[Mon Mar 15 11:24:11 2021]
rule dskReverseOutputSort:
    input: /datater/wu/data/zika/dsk/reverse6275-6776.kCount
    output: /datater/wu/data/zika/dsk/reverse6275-6776.kCountSorted
    jobid: 115
    wildcards: sample=zika, seg=6275-6776

Select jobs to execute...

[Mon Mar 15 11:24:11 2021]
rule dskReverseOutputSort:
    input: /datater/wu/data/zika/dsk/reverse7279-7780.kCount
    output: /datater/wu/data/zika/dsk/reverse7279-7780.kCountSorted
    jobid: 102
    wildcards: sample=zika, seg=7279-7780

[Mon Mar 15 11:24:11 2021]
rule dskReverseOutput:
    input: /datater/wu/data/zika/dsk/reverse4267-4768.h5
    output: /datater/wu/data/zika/dsk/reverse4267-4768.kCount
    jobid: 79
    wildcards: sample=zika, seg=4267-4768

Select jobs to execute...
[Mon Mar 15 11:24:11 2021]
Finished job 96.
84 of 131 steps (64%) done
Select jobs to execute...
[Mon Mar 15 11:24:11 2021]
Finished job 79.
85 of 131 steps (65%) done
[Mon Mar 15 11:24:11 2021]
Finished job 117.
86 of 131 steps (66%) done

[Mon Mar 15 11:24:11 2021]
rule dskReverseOutputSort:
    input: /datater/wu/data/zika/dsk/reverse4769-5270.kCount
    output: /datater/wu/data/zika/dsk/reverse4769-5270.kCountSorted
    jobid: 101
    wildcards: sample=zika, seg=4769-5270

Select jobs to execute...
[Mon Mar 15 11:24:11 2021]
Finished job 104.
87 of 131 steps (66%) done

[Mon Mar 15 11:24:11 2021]
rule dskReverseOutput:
    input: /datater/wu/data/zika/dsk/reverse1506-2007.h5
    output: /datater/wu/data/zika/dsk/reverse1506-2007.kCount
    jobid: 65
    wildcards: sample=zika, seg=1506-2007


[Mon Mar 15 11:24:11 2021]
rule dskReverseOutputSort:
    input: /datater/wu/data/zika/dsk/reverse4267-4768.kCount
    output: /datater/wu/data/zika/dsk/reverse4267-4768.kCountSorted
    jobid: 122
    wildcards: sample=zika, seg=4267-4768

Select jobs to execute...
[Mon Mar 15 11:24:11 2021]
Finished job 65.
88 of 131 steps (67%) done

[Mon Mar 15 11:24:11 2021]
rule dskReverse:
    input: /datater/wu/data/zika/splitFiles/reverse2510-3011.fasta
    output: /datater/wu/data/zika/dsk/reverse2510-3011.h5
    jobid: 47
    wildcards: sample=zika, seg=2510-3011

Select jobs to execute...

[Mon Mar 15 11:24:11 2021]
rule dskReverse:
    input: /datater/wu/data/zika/splitFiles/reverse7530-8031.fasta
    output: /datater/wu/data/zika/dsk/reverse7530-8031.h5
    jobid: 17
    wildcards: sample=zika, seg=7530-8031

Select jobs to execute...
[Mon Mar 15 11:24:11 2021]
Finished job 116.
89 of 131 steps (68%) done

[Mon Mar 15 11:24:11 2021]
rule dskReverseOutputSort:
    input: /datater/wu/data/zika/dsk/reverse3263-3764.kCount
    output: /datater/wu/data/zika/dsk/reverse3263-3764.kCountSorted
    jobid: 107
    wildcards: sample=zika, seg=3263-3764

Select jobs to execute...
[Mon Mar 15 11:24:11 2021]
Finished job 38.
90 of 131 steps (69%) done
Select jobs to execute...

[Mon Mar 15 11:24:11 2021]
rule dskReverseOutput:
    input: /datater/wu/data/zika/dsk/reverse8283-8784.h5
    output: /datater/wu/data/zika/dsk/reverse8283-8784.kCount
    jobid: 88
    wildcards: sample=zika, seg=8283-8784

[Mon Mar 15 11:24:11 2021]
Finished job 88.
91 of 131 steps (69%) done
Select jobs to execute...

[Mon Mar 15 11:24:11 2021]
rule dskReverseOutput:
    input: /datater/wu/data/zika/dsk/reverse2259-2760.h5
    output: /datater/wu/data/zika/dsk/reverse2259-2760.kCount
    jobid: 54
    wildcards: sample=zika, seg=2259-2760

[Mon Mar 15 11:24:11 2021]
Finished job 54.
92 of 131 steps (70%) done
Select jobs to execute...

[Mon Mar 15 11:24:11 2021]
rule dskReverse:
    input: /datater/wu/data/zika/splitFiles/reverse9287-9788.fasta
    output: /datater/wu/data/zika/dsk/reverse9287-9788.h5
    jobid: 24
    wildcards: sample=zika, seg=9287-9788

[Mon Mar 15 11:24:11 2021]
Finished job 100.
93 of 131 steps (71%) done
Select jobs to execute...

[Mon Mar 15 11:24:11 2021]
rule dskReverse:
    input: /datater/wu/data/zika/splitFiles/reverse7028-7529.fasta
    output: /datater/wu/data/zika/dsk/reverse7028-7529.h5
    jobid: 9
    wildcards: sample=zika, seg=7028-7529

[Mon Mar 15 11:24:12 2021]
Finished job 23.
94 of 131 steps (72%) done
Select jobs to execute...
[Mon Mar 15 11:24:12 2021]
Finished job 115.
95 of 131 steps (73%) done

[Mon Mar 15 11:24:12 2021]
rule dskReverse:
    input: /datater/wu/data/zika/splitFiles/reverse2008-2509.fasta
    output: /datater/wu/data/zika/dsk/reverse2008-2509.h5
    jobid: 39
    wildcards: sample=zika, seg=2008-2509

Select jobs to execute...
[Mon Mar 15 11:24:12 2021]
Finished job 137.
96 of 131 steps (73%) done

[Mon Mar 15 11:24:12 2021]
rule dskReverseOutputSort:
    input: /datater/wu/data/zika/dsk/reverse2259-2760.kCount
    output: /datater/wu/data/zika/dsk/reverse2259-2760.kCountSorted
    jobid: 97
    wildcards: sample=zika, seg=2259-2760

Select jobs to execute...

[Mon Mar 15 11:24:12 2021]
rule dskReverseOutput:
    input: /datater/wu/data/zika/dsk/reverse7781-8282.h5
    output: /datater/wu/data/zika/dsk/reverse7781-8282.kCount
    jobid: 56
    wildcards: sample=zika, seg=7781-8282

[Mon Mar 15 11:24:12 2021]
Finished job 56.
97 of 131 steps (74%) done
Select jobs to execute...

[Mon Mar 15 11:24:12 2021]
rule dskReverseOutputSort:
    input: /datater/wu/data/zika/dsk/reverse7781-8282.kCount
    output: /datater/wu/data/zika/dsk/reverse7781-8282.kCountSorted
    jobid: 99
    wildcards: sample=zika, seg=7781-8282

[Mon Mar 15 11:24:12 2021]
Finished job 102.
98 of 131 steps (75%) done
Select jobs to execute...

[Mon Mar 15 11:24:12 2021]
rule dskReverseOutputSort:
    input: /datater/wu/data/zika/dsk/reverse5020-5521.kCount
    output: /datater/wu/data/zika/dsk/reverse5020-5521.kCountSorted
    jobid: 130
    wildcards: sample=zika, seg=5020-5521

[Mon Mar 15 11:24:12 2021]
Finished job 101.
99 of 131 steps (76%) done
Select jobs to execute...

[Mon Mar 15 11:24:12 2021]
rule dskReverseOutput:
    input: /datater/wu/data/zika/dsk/reverse9036-9537.h5
    output: /datater/wu/data/zika/dsk/reverse9036-9537.kCount
    jobid: 81
    wildcards: sample=zika, seg=9036-9537

[Mon Mar 15 11:24:12 2021]
Finished job 81.
100 of 131 steps (76%) done
Select jobs to execute...

[Mon Mar 15 11:24:12 2021]
rule dskReverseOutputSort:
    input: /datater/wu/data/zika/dsk/reverse9036-9537.kCount
    output: /datater/wu/data/zika/dsk/reverse9036-9537.kCountSorted
    jobid: 124
    wildcards: sample=zika, seg=9036-9537

[Mon Mar 15 11:24:12 2021]
Finished job 122.
101 of 131 steps (77%) done
Select jobs to execute...
[Mon Mar 15 11:24:12 2021]
Finished job 107.
102 of 131 steps (78%) done

[Mon Mar 15 11:24:12 2021]
rule dskReverseOutput:
    input: /datater/wu/data/zika/dsk/reverse10291-10792.h5
    output: /datater/wu/data/zika/dsk/reverse10291-10792.kCount
    jobid: 66
    wildcards: sample=zika, seg=10291-10792

Select jobs to execute...
[Mon Mar 15 11:24:12 2021]
Finished job 66.
103 of 131 steps (79%) done

[Mon Mar 15 11:24:12 2021]
rule dskReverseOutputSort:
    input: /datater/wu/data/zika/dsk/reverse1506-2007.kCount
    output: /datater/wu/data/zika/dsk/reverse1506-2007.kCountSorted
    jobid: 108
    wildcards: sample=zika, seg=1506-2007

Select jobs to execute...

[Mon Mar 15 11:24:12 2021]
rule dskReverseOutputSort:
    input: /datater/wu/data/zika/dsk/reverse10291-10792.kCount
    output: /datater/wu/data/zika/dsk/reverse10291-10792.kCountSorted
    jobid: 109
    wildcards: sample=zika, seg=10291-10792

[Mon Mar 15 11:24:12 2021]
Finished job 46.
104 of 131 steps (79%) done
Select jobs to execute...

[Mon Mar 15 11:24:12 2021]
rule dskReverseOutput:
    input: /datater/wu/data/zika/dsk/reverse1255-1756.h5
    output: /datater/wu/data/zika/dsk/reverse1255-1756.kCount
    jobid: 80
    wildcards: sample=zika, seg=1255-1756

[Mon Mar 15 11:24:12 2021]
Finished job 80.
105 of 131 steps (80%) done
Select jobs to execute...

[Mon Mar 15 11:24:12 2021]
rule dskReverseOutputSort:
    input: /datater/wu/data/zika/dsk/reverse8283-8784.kCount
    output: /datater/wu/data/zika/dsk/reverse8283-8784.kCountSorted
    jobid: 131
    wildcards: sample=zika, seg=8283-8784

[Mon Mar 15 11:24:12 2021]
Finished job 97.
106 of 131 steps (81%) done
Select jobs to execute...

[Mon Mar 15 11:24:12 2021]
rule dskReverseOutputSort:
    input: /datater/wu/data/zika/dsk/reverse1255-1756.kCount
    output: /datater/wu/data/zika/dsk/reverse1255-1756.kCountSorted
    jobid: 123
    wildcards: sample=zika, seg=1255-1756

[Mon Mar 15 11:24:12 2021]
Finished job 99.
107 of 131 steps (82%) done
Select jobs to execute...

[Mon Mar 15 11:24:12 2021]
rule dskReverseOutput:
    input: /datater/wu/data/zika/dsk/reverse3012-3513.h5
    output: /datater/wu/data/zika/dsk/reverse3012-3513.kCount
    jobid: 89
    wildcards: sample=zika, seg=3012-3513

[Mon Mar 15 11:24:12 2021]
Finished job 89.
108 of 131 steps (82%) done
Select jobs to execute...

[Mon Mar 15 11:24:13 2021]
rule dskReverseOutputSort:
    input: /datater/wu/data/zika/dsk/reverse3012-3513.kCount
    output: /datater/wu/data/zika/dsk/reverse3012-3513.kCountSorted
    jobid: 132
    wildcards: sample=zika, seg=3012-3513

[Mon Mar 15 11:24:13 2021]
Finished job 130.
109 of 131 steps (83%) done
[Mon Mar 15 11:24:13 2021]
Finished job 124.
110 of 131 steps (84%) done
[Mon Mar 15 11:24:13 2021]
Finished job 108.
111 of 131 steps (85%) done
[Mon Mar 15 11:24:13 2021]
Finished job 109.
112 of 131 steps (85%) done
[Mon Mar 15 11:24:13 2021]
Finished job 131.
113 of 131 steps (86%) done
[Mon Mar 15 11:24:13 2021]
Finished job 123.
114 of 131 steps (87%) done
[Mon Mar 15 11:24:13 2021]
Finished job 132.
115 of 131 steps (88%) done
[Mon Mar 15 11:24:13 2021]
Finished job 47.
116 of 131 steps (89%) done
Select jobs to execute...
[Mon Mar 15 11:24:13 2021]
Finished job 17.
117 of 131 steps (89%) done

[Mon Mar 15 11:24:13 2021]
rule dskReverseOutput:
    input: /datater/wu/data/zika/dsk/reverse2510-3011.h5
    output: /datater/wu/data/zika/dsk/reverse2510-3011.kCount
    jobid: 90
    wildcards: sample=zika, seg=2510-3011

Select jobs to execute...
[Mon Mar 15 11:24:13 2021]
Finished job 90.
118 of 131 steps (90%) done

[Mon Mar 15 11:24:13 2021]
rule dskReverseOutput:
    input: /datater/wu/data/zika/dsk/reverse7530-8031.h5
    output: /datater/wu/data/zika/dsk/reverse7530-8031.kCount
    jobid: 60
    wildcards: sample=zika, seg=7530-8031

Select jobs to execute...
[Mon Mar 15 11:24:13 2021]
Finished job 60.
119 of 131 steps (91%) done

[Mon Mar 15 11:24:13 2021]
rule dskReverseOutputSort:
    input: /datater/wu/data/zika/dsk/reverse2510-3011.kCount
    output: /datater/wu/data/zika/dsk/reverse2510-3011.kCountSorted
    jobid: 133
    wildcards: sample=zika, seg=2510-3011

Select jobs to execute...

[Mon Mar 15 11:24:13 2021]
rule dskReverseOutputSort:
    input: /datater/wu/data/zika/dsk/reverse7530-8031.kCount
    output: /datater/wu/data/zika/dsk/reverse7530-8031.kCountSorted
    jobid: 103
    wildcards: sample=zika, seg=7530-8031

[Mon Mar 15 11:24:13 2021]
Finished job 24.
120 of 131 steps (92%) done
Select jobs to execute...

[Mon Mar 15 11:24:14 2021]
rule dskReverseOutput:
    input: /datater/wu/data/zika/dsk/reverse9287-9788.h5
    output: /datater/wu/data/zika/dsk/reverse9287-9788.kCount
    jobid: 67
    wildcards: sample=zika, seg=9287-9788

[Mon Mar 15 11:24:14 2021]
Finished job 67.
121 of 131 steps (92%) done
Select jobs to execute...

[Mon Mar 15 11:24:14 2021]
rule dskReverseOutputSort:
    input: /datater/wu/data/zika/dsk/reverse9287-9788.kCount
    output: /datater/wu/data/zika/dsk/reverse9287-9788.kCountSorted
    jobid: 110
    wildcards: sample=zika, seg=9287-9788

[Mon Mar 15 11:24:14 2021]
Finished job 9.
122 of 131 steps (93%) done
Select jobs to execute...

[Mon Mar 15 11:24:14 2021]
rule dskReverseOutput:
    input: /datater/wu/data/zika/dsk/reverse7028-7529.h5
    output: /datater/wu/data/zika/dsk/reverse7028-7529.kCount
    jobid: 52
    wildcards: sample=zika, seg=7028-7529

[Mon Mar 15 11:24:14 2021]
Finished job 52.
123 of 131 steps (94%) done
Select jobs to execute...

[Mon Mar 15 11:24:14 2021]
rule dskReverseOutputSort:
    input: /datater/wu/data/zika/dsk/reverse7028-7529.kCount
    output: /datater/wu/data/zika/dsk/reverse7028-7529.kCountSorted
    jobid: 95
    wildcards: sample=zika, seg=7028-7529

[Mon Mar 15 11:24:14 2021]
Finished job 39.
124 of 131 steps (95%) done
Select jobs to execute...

[Mon Mar 15 11:24:14 2021]
rule dskReverseOutput:
    input: /datater/wu/data/zika/dsk/reverse2008-2509.h5
    output: /datater/wu/data/zika/dsk/reverse2008-2509.kCount
    jobid: 82
    wildcards: sample=zika, seg=2008-2509

[Mon Mar 15 11:24:14 2021]
Finished job 82.
125 of 131 steps (95%) done
Select jobs to execute...

[Mon Mar 15 11:24:14 2021]
rule dskReverseOutputSort:
    input: /datater/wu/data/zika/dsk/reverse2008-2509.kCount
    output: /datater/wu/data/zika/dsk/reverse2008-2509.kCountSorted
    jobid: 125
    wildcards: sample=zika, seg=2008-2509

[Mon Mar 15 11:24:14 2021]
Finished job 103.
126 of 131 steps (96%) done
[Mon Mar 15 11:24:14 2021]
Finished job 133.
127 of 131 steps (97%) done
[Mon Mar 15 11:24:14 2021]
Finished job 110.
128 of 131 steps (98%) done
[Mon Mar 15 11:24:14 2021]
Finished job 95.
129 of 131 steps (98%) done
[Mon Mar 15 11:24:15 2021]
Finished job 125.
130 of 131 steps (99%) done
Select jobs to execute...

[Mon Mar 15 11:24:15 2021]
localrule all:
    input: /datater/wu/data/duplicate_removed/zika.uniq, /datater/wu/data/msa/zika.msa, /datater/wu/data/zika/splitFiles/reverse7028-7529.fasta, /datater/wu/data/zika/splitFiles/reverse8032-8533.fasta, /datater/wu/data/zika/splitFiles/reverse2259-2760.fasta, /datater/wu/data/zika/splitFiles/reverse4518-5019.fasta, /datater/wu/data/zika/splitFiles/reverse7781-8282.fasta, /datater/wu/data/zika/splitFiles/reverse10542-10780.fasta, /datater/wu/data/zika/splitFiles/reverse4769-5270.fasta, /datater/wu/data/zika/splitFiles/reverse7279-7780.fasta, /datater/wu/data/zika/splitFiles/reverse7530-8031.fasta, /datater/wu/data/zika/splitFiles/reverse251-752.fasta, /datater/wu/data/zika/splitFiles/reverse8785-9286.fasta, /datater/wu/data/zika/splitFiles/reverse3514-4015.fasta, /datater/wu/data/zika/splitFiles/reverse3263-3764.fasta, /datater/wu/data/zika/splitFiles/reverse1506-2007.fasta, /datater/wu/data/zika/splitFiles/reverse10291-10792.fasta, /datater/wu/data/zika/splitFiles/reverse9287-9788.fasta, /datater/wu/data/zika/splitFiles/reverse0-501.fasta, /datater/wu/data/zika/splitFiles/reverse8534-9035.fasta, /datater/wu/data/zika/splitFiles/reverse1004-1505.fasta, /datater/wu/data/zika/splitFiles/reverse9789-10290.fasta, /datater/wu/data/zika/splitFiles/reverse6275-6776.fasta, /datater/wu/data/zika/splitFiles/reverse4016-4517.fasta, /datater/wu/data/zika/splitFiles/reverse2761-3262.fasta, /datater/wu/data/zika/splitFiles/reverse5773-6274.fasta, /datater/wu/data/zika/splitFiles/reverse753-1254.fasta, /datater/wu/data/zika/splitFiles/reverse6526-7027.fasta, /datater/wu/data/zika/splitFiles/reverse6777-7278.fasta, /datater/wu/data/zika/splitFiles/reverse4267-4768.fasta, /datater/wu/data/zika/splitFiles/reverse1255-1756.fasta, /datater/wu/data/zika/splitFiles/reverse9036-9537.fasta, /datater/wu/data/zika/splitFiles/reverse2008-2509.fasta, /datater/wu/data/zika/splitFiles/reverse6024-6525.fasta, /datater/wu/data/zika/splitFiles/reverse5522-6023.fasta, /datater/wu/data/zika/splitFiles/reverse9538-10039.fasta, /datater/wu/data/zika/splitFiles/reverse1757-2258.fasta, /datater/wu/data/zika/splitFiles/reverse5020-5521.fasta, /datater/wu/data/zika/splitFiles/reverse8283-8784.fasta, /datater/wu/data/zika/splitFiles/reverse3012-3513.fasta, /datater/wu/data/zika/splitFiles/reverse2510-3011.fasta, /datater/wu/data/zika/splitFiles/reverse3765-4266.fasta, /datater/wu/data/zika/splitFiles/reverse502-1003.fasta, /datater/wu/data/zika/splitFiles/reverse10040-10541.fasta, /datater/wu/data/zika/splitFiles/reverse5271-5772.fasta, /datater/wu/data/zika/dsk/reverse7028-7529.h5, /datater/wu/data/zika/dsk/reverse8032-8533.h5, /datater/wu/data/zika/dsk/reverse2259-2760.h5, /datater/wu/data/zika/dsk/reverse4518-5019.h5, /datater/wu/data/zika/dsk/reverse7781-8282.h5, /datater/wu/data/zika/dsk/reverse10542-10780.h5, /datater/wu/data/zika/dsk/reverse4769-5270.h5, /datater/wu/data/zika/dsk/reverse7279-7780.h5, /datater/wu/data/zika/dsk/reverse7530-8031.h5, /datater/wu/data/zika/dsk/reverse251-752.h5, /datater/wu/data/zika/dsk/reverse8785-9286.h5, /datater/wu/data/zika/dsk/reverse3514-4015.h5, /datater/wu/data/zika/dsk/reverse3263-3764.h5, /datater/wu/data/zika/dsk/reverse1506-2007.h5, /datater/wu/data/zika/dsk/reverse10291-10792.h5, /datater/wu/data/zika/dsk/reverse9287-9788.h5, /datater/wu/data/zika/dsk/reverse0-501.h5, /datater/wu/data/zika/dsk/reverse8534-9035.h5, /datater/wu/data/zika/dsk/reverse1004-1505.h5, /datater/wu/data/zika/dsk/reverse9789-10290.h5, /datater/wu/data/zika/dsk/reverse6275-6776.h5, /datater/wu/data/zika/dsk/reverse4016-4517.h5, /datater/wu/data/zika/dsk/reverse2761-3262.h5, /datater/wu/data/zika/dsk/reverse5773-6274.h5, /datater/wu/data/zika/dsk/reverse753-1254.h5, /datater/wu/data/zika/dsk/reverse6526-7027.h5, /datater/wu/data/zika/dsk/reverse6777-7278.h5, /datater/wu/data/zika/dsk/reverse4267-4768.h5, /datater/wu/data/zika/dsk/reverse1255-1756.h5, /datater/wu/data/zika/dsk/reverse9036-9537.h5, /datater/wu/data/zika/dsk/reverse2008-2509.h5, /datater/wu/data/zika/dsk/reverse6024-6525.h5, /datater/wu/data/zika/dsk/reverse5522-6023.h5, /datater/wu/data/zika/dsk/reverse9538-10039.h5, /datater/wu/data/zika/dsk/reverse1757-2258.h5, /datater/wu/data/zika/dsk/reverse5020-5521.h5, /datater/wu/data/zika/dsk/reverse8283-8784.h5, /datater/wu/data/zika/dsk/reverse3012-3513.h5, /datater/wu/data/zika/dsk/reverse2510-3011.h5, /datater/wu/data/zika/dsk/reverse3765-4266.h5, /datater/wu/data/zika/dsk/reverse502-1003.h5, /datater/wu/data/zika/dsk/reverse10040-10541.h5, /datater/wu/data/zika/dsk/reverse5271-5772.h5, /datater/wu/data/zika/dsk/reverse7028-7529.kCount, /datater/wu/data/zika/dsk/reverse8032-8533.kCount, /datater/wu/data/zika/dsk/reverse2259-2760.kCount, /datater/wu/data/zika/dsk/reverse4518-5019.kCount, /datater/wu/data/zika/dsk/reverse7781-8282.kCount, /datater/wu/data/zika/dsk/reverse10542-10780.kCount, /datater/wu/data/zika/dsk/reverse4769-5270.kCount, /datater/wu/data/zika/dsk/reverse7279-7780.kCount, /datater/wu/data/zika/dsk/reverse7530-8031.kCount, /datater/wu/data/zika/dsk/reverse251-752.kCount, /datater/wu/data/zika/dsk/reverse8785-9286.kCount, /datater/wu/data/zika/dsk/reverse3514-4015.kCount, /datater/wu/data/zika/dsk/reverse3263-3764.kCount, /datater/wu/data/zika/dsk/reverse1506-2007.kCount, /datater/wu/data/zika/dsk/reverse10291-10792.kCount, /datater/wu/data/zika/dsk/reverse9287-9788.kCount, /datater/wu/data/zika/dsk/reverse0-501.kCount, /datater/wu/data/zika/dsk/reverse8534-9035.kCount, /datater/wu/data/zika/dsk/reverse1004-1505.kCount, /datater/wu/data/zika/dsk/reverse9789-10290.kCount, /datater/wu/data/zika/dsk/reverse6275-6776.kCount, /datater/wu/data/zika/dsk/reverse4016-4517.kCount, /datater/wu/data/zika/dsk/reverse2761-3262.kCount, /datater/wu/data/zika/dsk/reverse5773-6274.kCount, /datater/wu/data/zika/dsk/reverse753-1254.kCount, /datater/wu/data/zika/dsk/reverse6526-7027.kCount, /datater/wu/data/zika/dsk/reverse6777-7278.kCount, /datater/wu/data/zika/dsk/reverse4267-4768.kCount, /datater/wu/data/zika/dsk/reverse1255-1756.kCount, /datater/wu/data/zika/dsk/reverse9036-9537.kCount, /datater/wu/data/zika/dsk/reverse2008-2509.kCount, /datater/wu/data/zika/dsk/reverse6024-6525.kCount, /datater/wu/data/zika/dsk/reverse5522-6023.kCount, /datater/wu/data/zika/dsk/reverse9538-10039.kCount, /datater/wu/data/zika/dsk/reverse1757-2258.kCount, /datater/wu/data/zika/dsk/reverse5020-5521.kCount, /datater/wu/data/zika/dsk/reverse8283-8784.kCount, /datater/wu/data/zika/dsk/reverse3012-3513.kCount, /datater/wu/data/zika/dsk/reverse2510-3011.kCount, /datater/wu/data/zika/dsk/reverse3765-4266.kCount, /datater/wu/data/zika/dsk/reverse502-1003.kCount, /datater/wu/data/zika/dsk/reverse10040-10541.kCount, /datater/wu/data/zika/dsk/reverse5271-5772.kCount, /datater/wu/data/zika/dsk/reverse7028-7529.kCountSorted, /datater/wu/data/zika/dsk/reverse8032-8533.kCountSorted, /datater/wu/data/zika/dsk/reverse2259-2760.kCountSorted, /datater/wu/data/zika/dsk/reverse4518-5019.kCountSorted, /datater/wu/data/zika/dsk/reverse7781-8282.kCountSorted, /datater/wu/data/zika/dsk/reverse10542-10780.kCountSorted, /datater/wu/data/zika/dsk/reverse4769-5270.kCountSorted, /datater/wu/data/zika/dsk/reverse7279-7780.kCountSorted, /datater/wu/data/zika/dsk/reverse7530-8031.kCountSorted, /datater/wu/data/zika/dsk/reverse251-752.kCountSorted, /datater/wu/data/zika/dsk/reverse8785-9286.kCountSorted, /datater/wu/data/zika/dsk/reverse3514-4015.kCountSorted, /datater/wu/data/zika/dsk/reverse3263-3764.kCountSorted, /datater/wu/data/zika/dsk/reverse1506-2007.kCountSorted, /datater/wu/data/zika/dsk/reverse10291-10792.kCountSorted, /datater/wu/data/zika/dsk/reverse9287-9788.kCountSorted, /datater/wu/data/zika/dsk/reverse0-501.kCountSorted, /datater/wu/data/zika/dsk/reverse8534-9035.kCountSorted, /datater/wu/data/zika/dsk/reverse1004-1505.kCountSorted, /datater/wu/data/zika/dsk/reverse9789-10290.kCountSorted, /datater/wu/data/zika/dsk/reverse6275-6776.kCountSorted, /datater/wu/data/zika/dsk/reverse4016-4517.kCountSorted, /datater/wu/data/zika/dsk/reverse2761-3262.kCountSorted, /datater/wu/data/zika/dsk/reverse5773-6274.kCountSorted, /datater/wu/data/zika/dsk/reverse753-1254.kCountSorted, /datater/wu/data/zika/dsk/reverse6526-7027.kCountSorted, /datater/wu/data/zika/dsk/reverse6777-7278.kCountSorted, /datater/wu/data/zika/dsk/reverse4267-4768.kCountSorted, /datater/wu/data/zika/dsk/reverse1255-1756.kCountSorted, /datater/wu/data/zika/dsk/reverse9036-9537.kCountSorted, /datater/wu/data/zika/dsk/reverse2008-2509.kCountSorted, /datater/wu/data/zika/dsk/reverse6024-6525.kCountSorted, /datater/wu/data/zika/dsk/reverse5522-6023.kCountSorted, /datater/wu/data/zika/dsk/reverse9538-10039.kCountSorted, /datater/wu/data/zika/dsk/reverse1757-2258.kCountSorted, /datater/wu/data/zika/dsk/reverse5020-5521.kCountSorted, /datater/wu/data/zika/dsk/reverse8283-8784.kCountSorted, /datater/wu/data/zika/dsk/reverse3012-3513.kCountSorted, /datater/wu/data/zika/dsk/reverse2510-3011.kCountSorted, /datater/wu/data/zika/dsk/reverse3765-4266.kCountSorted, /datater/wu/data/zika/dsk/reverse502-1003.kCountSorted, /datater/wu/data/zika/dsk/reverse10040-10541.kCountSorted, /datater/wu/data/zika/dsk/reverse5271-5772.kCountSorted
    jobid: 0

[Mon Mar 15 11:24:15 2021]
Finished job 0.
131 of 131 steps (100%) done
Complete log: /datater/wu/stage_m2/.snakemake/log/2021-03-15T112359.707714.snakemake.log
